status file for recon-all
Wed Mar 11 14:43:51 CET 2026
#@# Tessellate lh Wed Mar 11 14:43:51 CET 2026
#@# Smooth1 lh Wed Mar 11 14:43:54 CET 2026
#@# Inflation1 lh Wed Mar 11 14:43:57 CET 2026
#@# QSphere lh Wed Mar 11 14:44:09 CET 2026
#@# Fix Topology lh Wed Mar 11 14:45:19 CET 2026
#@# Smooth2 lh Wed Mar 11 14:59:45 CET 2026
#@# Inflation2 lh Wed Mar 11 14:59:47 CET 2026
#@# Curv .H and .K lh Wed Mar 11 15:00:01 CET 2026
#@# Sphere lh Wed Mar 11 15:00:41 CET 2026
#@# Surf Reg lh Wed Mar 11 15:06:01 CET 2026
#@# Jacobian white lh Wed Mar 11 15:11:48 CET 2026
#@# AvgCurv lh Wed Mar 11 15:11:49 CET 2026
#@# Cortical Parc lh Wed Mar 11 15:11:50 CET 2026
#@# white curv lh Wed Mar 11 15:23:29 CET 2026
#@# white area lh Wed Mar 11 15:23:30 CET 2026
#@# pial curv lh Wed Mar 11 15:23:31 CET 2026
#@# pial area lh Wed Mar 11 15:23:33 CET 2026
#@# thickness lh Wed Mar 11 15:23:33 CET 2026
#@# area and vertex vol lh Wed Mar 11 15:23:59 CET 2026
#@# Curvature Stats lh Wed Mar 11 15:24:00 CET 2026
#@# Cortical Parc 2 lh Wed Mar 11 15:24:03 CET 2026
#@# Cortical Parc 3 lh Wed Mar 11 15:24:15 CET 2026
#@# WM/GM Contrast lh Wed Mar 11 15:24:24 CET 2026
recon-all -s sub-v2s17x50027_ses-1 finished without error at Wed Mar 11 15:24:27 CET 2026



#New# invocation of recon-all 



status file for recon-all
Wed Mar 11 15:58:45 CET 2026
#@# white curv lh Wed Mar 11 15:58:45 CET 2026
#@# white area lh Wed Mar 11 15:58:45 CET 2026
#@# pial curv lh Wed Mar 11 15:58:45 CET 2026
#@# pial area lh Wed Mar 11 15:58:45 CET 2026
#@# thickness lh Wed Mar 11 15:58:45 CET 2026
#@# area and vertex vol lh Wed Mar 11 15:58:45 CET 2026
#@# Parcellation Stats lh Wed Mar 11 15:58:45 CET 2026
#@# Parcellation Stats 2 lh Wed Mar 11 15:59:01 CET 2026
#@# Parcellation Stats 3 lh Wed Mar 11 15:59:08 CET 2026
#@# BA_exvivo Labels lh Wed Mar 11 15:59:17 CET 2026
recon-all -s sub-v2s17x50027_ses-1 finished without error at Wed Mar 11 16:01:48 CET 2026
