status file for recon-all
Wed Mar 11 13:00:58 CET 2026
#@# MotionCor Wed Mar 11 13:01:01 CET 2026
#@# Talairach Wed Mar 11 13:01:09 CET 2026
#@# Talairach Failure Detection Wed Mar 11 13:05:39 CET 2026
#@# Nu Intensity Correction Wed Mar 11 13:05:39 CET 2026
#@# Intensity Normalization Wed Mar 11 13:08:56 CET 2026
recon-all -s sub-v2s17x50027_ses-1 finished without error at Wed Mar 11 13:10:20 CET 2026



#New# invocation of recon-all 



status file for recon-all
Wed Mar 11 13:17:05 CET 2026
#@# EM Registration Wed Mar 11 13:17:05 CET 2026
recon-all -s sub-v2s17x50027_ses-1 finished without error at Wed Mar 11 13:18:57 CET 2026



#New# invocation of recon-all 



status file for recon-all
Wed Mar 11 13:18:58 CET 2026
#@# CA Normalize Wed Mar 11 13:18:58 CET 2026
#@# CA Reg Wed Mar 11 13:20:20 CET 2026
#@# SubCort Seg Wed Mar 11 14:12:28 CET 2026
#@# CC Seg Wed Mar 11 14:37:47 CET 2026
#@# Merge ASeg Wed Mar 11 14:38:28 CET 2026
#@# Intensity Normalization2 Wed Mar 11 14:38:28 CET 2026
#@# Mask BFS Wed Mar 11 14:40:45 CET 2026
#@# WM Segmentation Wed Mar 11 14:40:46 CET 2026
#@# Fill Wed Mar 11 14:42:42 CET 2026
recon-all -s sub-v2s17x50027_ses-1 finished without error at Wed Mar 11 14:43:46 CET 2026



#New# invocation of recon-all 



status file for recon-all
Wed Mar 11 15:54:39 CET 2026
#@# white curv lh Wed Mar 11 15:54:39 CET 2026
#@# white area lh Wed Mar 11 15:54:39 CET 2026
#@# pial curv lh Wed Mar 11 15:54:39 CET 2026
#@# pial area lh Wed Mar 11 15:54:39 CET 2026
#@# thickness lh Wed Mar 11 15:54:39 CET 2026
#@# area and vertex vol lh Wed Mar 11 15:54:39 CET 2026
#@# white curv rh Wed Mar 11 15:54:39 CET 2026
#@# white area rh Wed Mar 11 15:54:39 CET 2026
#@# pial curv rh Wed Mar 11 15:54:39 CET 2026
#@# pial area rh Wed Mar 11 15:54:39 CET 2026
#@# thickness rh Wed Mar 11 15:54:39 CET 2026
#@# area and vertex vol rh Wed Mar 11 15:54:39 CET 2026
#@# Cortical ribbon mask Wed Mar 11 15:54:39 CET 2026
recon-all -s sub-v2s17x50027_ses-1 finished without error at Wed Mar 11 15:58:42 CET 2026



#New# invocation of recon-all 



status file for recon-all
Wed Mar 11 16:04:57 CET 2026
#@# white curv lh Wed Mar 11 16:04:57 CET 2026
#@# white area lh Wed Mar 11 16:04:57 CET 2026
#@# pial curv lh Wed Mar 11 16:04:57 CET 2026
#@# pial area lh Wed Mar 11 16:04:57 CET 2026
#@# thickness lh Wed Mar 11 16:04:57 CET 2026
#@# area and vertex vol lh Wed Mar 11 16:04:57 CET 2026
#@# white curv rh Wed Mar 11 16:04:57 CET 2026
#@# white area rh Wed Mar 11 16:04:57 CET 2026
#@# pial curv rh Wed Mar 11 16:04:57 CET 2026
#@# pial area rh Wed Mar 11 16:04:57 CET 2026
#@# thickness rh Wed Mar 11 16:04:57 CET 2026
#@# area and vertex vol rh Wed Mar 11 16:04:57 CET 2026
#@# Curvature Stats lh Wed Mar 11 16:04:57 CET 2026
#@# Curvature Stats rh Wed Mar 11 16:05:00 CET 2026
#@# Relabel Hypointensities Wed Mar 11 16:05:02 CET 2026
#@# APas-to-ASeg Wed Mar 11 16:05:17 CET 2026
#@# AParc-to-ASeg aparc Wed Mar 11 16:05:24 CET 2026
#@# AParc-to-ASeg aparc.a2009s Wed Mar 11 16:05:57 CET 2026
#@# AParc-to-ASeg aparc.DKTatlas Wed Mar 11 16:06:28 CET 2026
#@# WMParc Wed Mar 11 16:07:02 CET 2026
#@# ASeg Stats Wed Mar 11 16:11:37 CET 2026
recon-all -s sub-v2s17x50027_ses-1 finished without error at Wed Mar 11 16:12:17 CET 2026
