status file for recon-all
Wed Mar 11 15:08:17 CET 2026
#@# Tessellate rh Wed Mar 11 15:08:17 CET 2026
#@# Smooth1 rh Wed Mar 11 15:08:20 CET 2026
#@# Inflation1 rh Wed Mar 11 15:08:22 CET 2026
#@# QSphere rh Wed Mar 11 15:08:37 CET 2026
#@# Fix Topology rh Wed Mar 11 15:09:28 CET 2026
#@# Smooth2 rh Wed Mar 11 15:31:44 CET 2026
#@# Inflation2 rh Wed Mar 11 15:31:47 CET 2026
#@# Curv .H and .K rh Wed Mar 11 15:32:03 CET 2026
#@# Sphere rh Wed Mar 11 15:32:48 CET 2026
#@# Surf Reg rh Wed Mar 11 15:34:57 CET 2026
#@# Jacobian white rh Wed Mar 11 15:39:19 CET 2026
#@# AvgCurv rh Wed Mar 11 15:39:20 CET 2026
#@# Cortical Parc rh Wed Mar 11 15:39:21 CET 2026
#@# white curv rh Wed Mar 11 15:46:07 CET 2026
#@# white area rh Wed Mar 11 15:46:09 CET 2026
#@# pial curv rh Wed Mar 11 15:46:10 CET 2026
#@# pial area rh Wed Mar 11 15:46:12 CET 2026
#@# thickness rh Wed Mar 11 15:46:13 CET 2026
#@# area and vertex vol rh Wed Mar 11 15:46:37 CET 2026
#@# Curvature Stats rh Wed Mar 11 15:46:38 CET 2026
#@# Cortical Parc 2 rh Wed Mar 11 15:46:40 CET 2026
#@# Cortical Parc 3 rh Wed Mar 11 15:46:53 CET 2026
#@# WM/GM Contrast rh Wed Mar 11 15:47:02 CET 2026
recon-all -s sub-v2s17x50050_ses-1 finished without error at Wed Mar 11 15:47:05 CET 2026



#New# invocation of recon-all 



status file for recon-all
Wed Mar 11 15:54:39 CET 2026
#@# white curv rh Wed Mar 11 15:54:39 CET 2026
#@# white area rh Wed Mar 11 15:54:39 CET 2026
#@# pial curv rh Wed Mar 11 15:54:39 CET 2026
#@# pial area rh Wed Mar 11 15:54:39 CET 2026
#@# thickness rh Wed Mar 11 15:54:39 CET 2026
#@# area and vertex vol rh Wed Mar 11 15:54:39 CET 2026
#@# Parcellation Stats rh Wed Mar 11 15:54:39 CET 2026
#@# Parcellation Stats 2 rh Wed Mar 11 15:55:00 CET 2026
#@# Parcellation Stats 3 rh Wed Mar 11 15:55:10 CET 2026
#@# BA_exvivo Labels rh Wed Mar 11 15:55:20 CET 2026
recon-all -s sub-v2s17x50050_ses-1 finished without error at Wed Mar 11 15:57:52 CET 2026
