status file for recon-all
Wed Mar 11 14:45:04 CET 2026
#@# Tessellate lh Wed Mar 11 14:45:04 CET 2026
#@# Smooth1 lh Wed Mar 11 14:45:07 CET 2026
#@# Inflation1 lh Wed Mar 11 14:45:10 CET 2026
#@# QSphere lh Wed Mar 11 14:45:22 CET 2026
#@# Fix Topology lh Wed Mar 11 14:46:14 CET 2026
#@# Smooth2 lh Wed Mar 11 14:53:07 CET 2026
#@# Inflation2 lh Wed Mar 11 14:53:10 CET 2026
#@# Curv .H and .K lh Wed Mar 11 14:53:23 CET 2026
#@# Sphere lh Wed Mar 11 14:54:08 CET 2026
#@# Surf Reg lh Wed Mar 11 14:56:34 CET 2026
#@# Jacobian white lh Wed Mar 11 15:00:45 CET 2026
#@# AvgCurv lh Wed Mar 11 15:00:45 CET 2026
#@# Cortical Parc lh Wed Mar 11 15:00:46 CET 2026
#@# white curv lh Wed Mar 11 15:07:17 CET 2026
#@# white area lh Wed Mar 11 15:07:18 CET 2026
#@# pial curv lh Wed Mar 11 15:07:19 CET 2026
#@# pial area lh Wed Mar 11 15:07:21 CET 2026
#@# thickness lh Wed Mar 11 15:07:21 CET 2026
#@# area and vertex vol lh Wed Mar 11 15:07:46 CET 2026
#@# Curvature Stats lh Wed Mar 11 15:07:48 CET 2026
#@# Cortical Parc 2 lh Wed Mar 11 15:07:51 CET 2026
#@# Cortical Parc 3 lh Wed Mar 11 15:08:03 CET 2026
#@# WM/GM Contrast lh Wed Mar 11 15:08:13 CET 2026
recon-all -s sub-v2s17x50050_ses-1 finished without error at Wed Mar 11 15:08:15 CET 2026



#New# invocation of recon-all 



status file for recon-all
Wed Mar 11 15:51:25 CET 2026
#@# white curv lh Wed Mar 11 15:51:25 CET 2026
#@# white area lh Wed Mar 11 15:51:25 CET 2026
#@# pial curv lh Wed Mar 11 15:51:25 CET 2026
#@# pial area lh Wed Mar 11 15:51:25 CET 2026
#@# thickness lh Wed Mar 11 15:51:25 CET 2026
#@# area and vertex vol lh Wed Mar 11 15:51:25 CET 2026
#@# Parcellation Stats lh Wed Mar 11 15:51:25 CET 2026
#@# Parcellation Stats 2 lh Wed Mar 11 15:51:46 CET 2026
#@# Parcellation Stats 3 lh Wed Mar 11 15:51:56 CET 2026
#@# BA_exvivo Labels lh Wed Mar 11 15:52:07 CET 2026
recon-all -s sub-v2s17x50050_ses-1 finished without error at Wed Mar 11 15:54:36 CET 2026
