status file for recon-all
Wed Mar 11 13:18:29 CET 2026
#@# MotionCor Wed Mar 11 13:18:32 CET 2026
#@# Talairach Wed Mar 11 13:18:38 CET 2026
#@# Talairach Failure Detection Wed Mar 11 13:21:30 CET 2026
#@# Nu Intensity Correction Wed Mar 11 13:21:30 CET 2026
#@# Intensity Normalization Wed Mar 11 13:24:18 CET 2026
recon-all -s sub-v2s17x50050_ses-1 finished without error at Wed Mar 11 13:25:20 CET 2026



#New# invocation of recon-all 



status file for recon-all
Wed Mar 11 13:31:10 CET 2026
#@# EM Registration Wed Mar 11 13:31:10 CET 2026
recon-all -s sub-v2s17x50050_ses-1 finished without error at Wed Mar 11 13:32:48 CET 2026



#New# invocation of recon-all 



status file for recon-all
Wed Mar 11 13:32:50 CET 2026
#@# CA Normalize Wed Mar 11 13:32:50 CET 2026
#@# CA Reg Wed Mar 11 13:33:44 CET 2026
#@# SubCort Seg Wed Mar 11 14:17:53 CET 2026
#@# CC Seg Wed Mar 11 14:40:56 CET 2026
#@# Merge ASeg Wed Mar 11 14:41:14 CET 2026
#@# Intensity Normalization2 Wed Mar 11 14:41:14 CET 2026
#@# Mask BFS Wed Mar 11 14:42:41 CET 2026
#@# WM Segmentation Wed Mar 11 14:42:41 CET 2026
#@# Fill Wed Mar 11 14:44:20 CET 2026
recon-all -s sub-v2s17x50050_ses-1 finished without error at Wed Mar 11 14:45:00 CET 2026



#New# invocation of recon-all 



status file for recon-all
Wed Mar 11 15:47:10 CET 2026
#@# white curv lh Wed Mar 11 15:47:10 CET 2026
#@# white area lh Wed Mar 11 15:47:10 CET 2026
#@# pial curv lh Wed Mar 11 15:47:10 CET 2026
#@# pial area lh Wed Mar 11 15:47:10 CET 2026
#@# thickness lh Wed Mar 11 15:47:10 CET 2026
#@# area and vertex vol lh Wed Mar 11 15:47:10 CET 2026
#@# white curv rh Wed Mar 11 15:47:10 CET 2026
#@# white area rh Wed Mar 11 15:47:10 CET 2026
#@# pial curv rh Wed Mar 11 15:47:10 CET 2026
#@# pial area rh Wed Mar 11 15:47:10 CET 2026
#@# thickness rh Wed Mar 11 15:47:10 CET 2026
#@# area and vertex vol rh Wed Mar 11 15:47:10 CET 2026
#@# Cortical ribbon mask Wed Mar 11 15:47:10 CET 2026
recon-all -s sub-v2s17x50050_ses-1 finished without error at Wed Mar 11 15:51:21 CET 2026



#New# invocation of recon-all 



status file for recon-all
Wed Mar 11 15:57:57 CET 2026
#@# white curv lh Wed Mar 11 15:57:57 CET 2026
#@# white area lh Wed Mar 11 15:57:57 CET 2026
#@# pial curv lh Wed Mar 11 15:57:57 CET 2026
#@# pial area lh Wed Mar 11 15:57:57 CET 2026
#@# thickness lh Wed Mar 11 15:57:57 CET 2026
#@# area and vertex vol lh Wed Mar 11 15:57:57 CET 2026
#@# white curv rh Wed Mar 11 15:57:57 CET 2026
#@# white area rh Wed Mar 11 15:57:57 CET 2026
#@# pial curv rh Wed Mar 11 15:57:57 CET 2026
#@# pial area rh Wed Mar 11 15:57:57 CET 2026
#@# thickness rh Wed Mar 11 15:57:57 CET 2026
#@# area and vertex vol rh Wed Mar 11 15:57:57 CET 2026
#@# Curvature Stats lh Wed Mar 11 15:57:57 CET 2026
#@# Curvature Stats rh Wed Mar 11 15:57:59 CET 2026
#@# Relabel Hypointensities Wed Mar 11 15:58:02 CET 2026
#@# APas-to-ASeg Wed Mar 11 15:58:14 CET 2026
#@# AParc-to-ASeg aparc Wed Mar 11 15:58:21 CET 2026
#@# AParc-to-ASeg aparc.a2009s Wed Mar 11 15:58:57 CET 2026
#@# AParc-to-ASeg aparc.DKTatlas Wed Mar 11 15:59:33 CET 2026
#@# WMParc Wed Mar 11 16:00:12 CET 2026
#@# ASeg Stats Wed Mar 11 16:02:08 CET 2026
recon-all -s sub-v2s17x50050_ses-1 finished without error at Wed Mar 11 16:02:32 CET 2026
