status file for recon-all
Wed Mar 11 15:29:15 CET 2026
#@# Tessellate rh Wed Mar 11 15:29:15 CET 2026
#@# Smooth1 rh Wed Mar 11 15:29:19 CET 2026
#@# Inflation1 rh Wed Mar 11 15:29:22 CET 2026
#@# QSphere rh Wed Mar 11 15:29:35 CET 2026
#@# Fix Topology rh Wed Mar 11 15:31:05 CET 2026
#@# Smooth2 rh Wed Mar 11 15:37:31 CET 2026
#@# Inflation2 rh Wed Mar 11 15:37:34 CET 2026
#@# Curv .H and .K rh Wed Mar 11 15:37:48 CET 2026
#@# Sphere rh Wed Mar 11 15:38:35 CET 2026
#@# Surf Reg rh Wed Mar 11 15:42:07 CET 2026
#@# Jacobian white rh Wed Mar 11 15:47:13 CET 2026
#@# AvgCurv rh Wed Mar 11 15:47:14 CET 2026
#@# Cortical Parc rh Wed Mar 11 15:47:15 CET 2026
#@# white curv rh Wed Mar 11 15:53:53 CET 2026
#@# white area rh Wed Mar 11 15:53:55 CET 2026
#@# pial curv rh Wed Mar 11 15:53:55 CET 2026
#@# pial area rh Wed Mar 11 15:53:57 CET 2026
#@# thickness rh Wed Mar 11 15:53:58 CET 2026
#@# area and vertex vol rh Wed Mar 11 15:54:28 CET 2026
#@# Curvature Stats rh Wed Mar 11 15:54:30 CET 2026
#@# Cortical Parc 2 rh Wed Mar 11 15:54:32 CET 2026
#@# Cortical Parc 3 rh Wed Mar 11 15:54:46 CET 2026
#@# WM/GM Contrast rh Wed Mar 11 15:54:56 CET 2026
recon-all -s sub-v2s17x50035_ses-1 finished without error at Wed Mar 11 15:55:00 CET 2026



#New# invocation of recon-all 



status file for recon-all
Wed Mar 11 16:03:52 CET 2026
#@# white curv rh Wed Mar 11 16:03:52 CET 2026
#@# white area rh Wed Mar 11 16:03:52 CET 2026
#@# pial curv rh Wed Mar 11 16:03:52 CET 2026
#@# pial area rh Wed Mar 11 16:03:52 CET 2026
#@# thickness rh Wed Mar 11 16:03:52 CET 2026
#@# area and vertex vol rh Wed Mar 11 16:03:52 CET 2026
#@# Parcellation Stats rh Wed Mar 11 16:03:52 CET 2026
#@# Parcellation Stats 2 rh Wed Mar 11 16:04:11 CET 2026
#@# Parcellation Stats 3 rh Wed Mar 11 16:04:21 CET 2026
#@# BA_exvivo Labels rh Wed Mar 11 16:04:30 CET 2026
recon-all -s sub-v2s17x50035_ses-1 finished without error at Wed Mar 11 16:07:21 CET 2026
