status file for recon-all
Wed Mar 11 13:14:59 CET 2026
#@# MotionCor Wed Mar 11 13:15:03 CET 2026
#@# Talairach Wed Mar 11 13:15:11 CET 2026
#@# Talairach Failure Detection Wed Mar 11 13:19:38 CET 2026
#@# Nu Intensity Correction Wed Mar 11 13:19:38 CET 2026
#@# Intensity Normalization Wed Mar 11 13:22:57 CET 2026
recon-all -s sub-v2s17x50035_ses-1 finished without error at Wed Mar 11 13:24:26 CET 2026



#New# invocation of recon-all 



status file for recon-all
Wed Mar 11 13:31:43 CET 2026
#@# EM Registration Wed Mar 11 13:31:43 CET 2026
recon-all -s sub-v2s17x50035_ses-1 finished without error at Wed Mar 11 13:34:09 CET 2026



#New# invocation of recon-all 



status file for recon-all
Wed Mar 11 13:34:11 CET 2026
#@# CA Normalize Wed Mar 11 13:34:11 CET 2026
#@# CA Reg Wed Mar 11 13:35:29 CET 2026
#@# SubCort Seg Wed Mar 11 14:26:04 CET 2026
#@# CC Seg Wed Mar 11 14:57:07 CET 2026
#@# Merge ASeg Wed Mar 11 14:57:41 CET 2026
#@# Intensity Normalization2 Wed Mar 11 14:57:41 CET 2026
#@# Mask BFS Wed Mar 11 15:00:02 CET 2026
#@# WM Segmentation Wed Mar 11 15:00:03 CET 2026
#@# Fill Wed Mar 11 15:02:04 CET 2026
recon-all -s sub-v2s17x50035_ses-1 finished without error at Wed Mar 11 15:03:08 CET 2026



#New# invocation of recon-all 



status file for recon-all
Wed Mar 11 15:55:03 CET 2026
#@# white curv lh Wed Mar 11 15:55:03 CET 2026
#@# white area lh Wed Mar 11 15:55:03 CET 2026
#@# pial curv lh Wed Mar 11 15:55:04 CET 2026
#@# pial area lh Wed Mar 11 15:55:04 CET 2026
#@# thickness lh Wed Mar 11 15:55:04 CET 2026
#@# area and vertex vol lh Wed Mar 11 15:55:04 CET 2026
#@# white curv rh Wed Mar 11 15:55:04 CET 2026
#@# white area rh Wed Mar 11 15:55:04 CET 2026
#@# pial curv rh Wed Mar 11 15:55:04 CET 2026
#@# pial area rh Wed Mar 11 15:55:04 CET 2026
#@# thickness rh Wed Mar 11 15:55:04 CET 2026
#@# area and vertex vol rh Wed Mar 11 15:55:04 CET 2026
#@# Cortical ribbon mask Wed Mar 11 15:55:04 CET 2026
recon-all -s sub-v2s17x50035_ses-1 finished without error at Wed Mar 11 16:00:17 CET 2026



#New# invocation of recon-all 



status file for recon-all
Wed Mar 11 16:07:26 CET 2026
#@# white curv lh Wed Mar 11 16:07:26 CET 2026
#@# white area lh Wed Mar 11 16:07:26 CET 2026
#@# pial curv lh Wed Mar 11 16:07:26 CET 2026
#@# pial area lh Wed Mar 11 16:07:26 CET 2026
#@# thickness lh Wed Mar 11 16:07:26 CET 2026
#@# area and vertex vol lh Wed Mar 11 16:07:26 CET 2026
#@# white curv rh Wed Mar 11 16:07:26 CET 2026
#@# white area rh Wed Mar 11 16:07:26 CET 2026
#@# pial curv rh Wed Mar 11 16:07:26 CET 2026
#@# pial area rh Wed Mar 11 16:07:26 CET 2026
#@# thickness rh Wed Mar 11 16:07:26 CET 2026
#@# area and vertex vol rh Wed Mar 11 16:07:26 CET 2026
#@# Curvature Stats lh Wed Mar 11 16:07:26 CET 2026
#@# Curvature Stats rh Wed Mar 11 16:07:29 CET 2026
#@# Relabel Hypointensities Wed Mar 11 16:07:31 CET 2026
#@# APas-to-ASeg Wed Mar 11 16:07:47 CET 2026
#@# AParc-to-ASeg aparc Wed Mar 11 16:07:56 CET 2026
#@# AParc-to-ASeg aparc.a2009s Wed Mar 11 16:08:41 CET 2026
#@# AParc-to-ASeg aparc.DKTatlas Wed Mar 11 16:09:27 CET 2026
#@# WMParc Wed Mar 11 16:10:07 CET 2026
#@# ASeg Stats Wed Mar 11 16:13:49 CET 2026
recon-all -s sub-v2s17x50035_ses-1 finished without error at Wed Mar 11 16:14:29 CET 2026
