status file for recon-all
Wed Mar 11 15:03:11 CET 2026
#@# Tessellate lh Wed Mar 11 15:03:11 CET 2026
#@# Smooth1 lh Wed Mar 11 15:03:15 CET 2026
#@# Inflation1 lh Wed Mar 11 15:03:18 CET 2026
#@# QSphere lh Wed Mar 11 15:03:36 CET 2026
#@# Fix Topology lh Wed Mar 11 15:05:17 CET 2026
#@# Smooth2 lh Wed Mar 11 15:12:22 CET 2026
#@# Inflation2 lh Wed Mar 11 15:12:25 CET 2026
#@# Curv .H and .K lh Wed Mar 11 15:12:43 CET 2026
#@# Sphere lh Wed Mar 11 15:13:30 CET 2026
#@# Surf Reg lh Wed Mar 11 15:17:38 CET 2026
#@# Jacobian white lh Wed Mar 11 15:21:47 CET 2026
#@# AvgCurv lh Wed Mar 11 15:21:48 CET 2026
#@# Cortical Parc lh Wed Mar 11 15:21:49 CET 2026
#@# white curv lh Wed Mar 11 15:28:04 CET 2026
#@# white area lh Wed Mar 11 15:28:05 CET 2026
#@# pial curv lh Wed Mar 11 15:28:06 CET 2026
#@# pial area lh Wed Mar 11 15:28:08 CET 2026
#@# thickness lh Wed Mar 11 15:28:09 CET 2026
#@# area and vertex vol lh Wed Mar 11 15:28:40 CET 2026
#@# Curvature Stats lh Wed Mar 11 15:28:42 CET 2026
#@# Cortical Parc 2 lh Wed Mar 11 15:28:44 CET 2026
#@# Cortical Parc 3 lh Wed Mar 11 15:28:59 CET 2026
#@# WM/GM Contrast lh Wed Mar 11 15:29:09 CET 2026
recon-all -s sub-v2s17x50035_ses-1 finished without error at Wed Mar 11 15:29:12 CET 2026



#New# invocation of recon-all 



status file for recon-all
Wed Mar 11 16:00:22 CET 2026
#@# white curv lh Wed Mar 11 16:00:22 CET 2026
#@# white area lh Wed Mar 11 16:00:22 CET 2026
#@# pial curv lh Wed Mar 11 16:00:22 CET 2026
#@# pial area lh Wed Mar 11 16:00:22 CET 2026
#@# thickness lh Wed Mar 11 16:00:22 CET 2026
#@# area and vertex vol lh Wed Mar 11 16:00:22 CET 2026
#@# Parcellation Stats lh Wed Mar 11 16:00:22 CET 2026
#@# Parcellation Stats 2 lh Wed Mar 11 16:00:40 CET 2026
#@# Parcellation Stats 3 lh Wed Mar 11 16:00:50 CET 2026
#@# BA_exvivo Labels lh Wed Mar 11 16:00:59 CET 2026
recon-all -s sub-v2s17x50035_ses-1 finished without error at Wed Mar 11 16:03:50 CET 2026
