/out/sourcedata/freesurfer/sub-v2s17x50026_ses-1/mri
/opt/freesurfer/bin/talairach_avi
--i orig_nu.mgz --xfm transforms/talairach.auto.xfm
talairach_avi 7.3.2
Linux dna052 5.14.0-427.37.1.el9_4.x86_64 #1 SMP PREEMPT_DYNAMIC Fri Sep 13 12:41:50 EDT 2024 x86_64 x86_64 x86_64 GNU/Linux
Wed Mar 11 12:53:41 CET 2026
mri_convert orig_nu.mgz talsrcimg.img 
reading from orig_nu.mgz...
TR=0.00, TE=0.00, TI=0.00, flip angle=0.00
i_ras = (-1, 0, 0)
j_ras = (0, 0, -1)
k_ras = (0, 1, 0)
writing to talsrcimg.img...
Analyze Output Matrix
-1.00000   0.00000   0.00000   128.07220;
 0.00000   0.00000   1.00000  -127.94919;
 0.00000  -1.00000   0.00000   128.59798;
 0.00000   0.00000   0.00000   1.00000;
--------------------
INFO: set hdr.hist.orient to -1
mpr2mni305 talsrcimg
Wed Mar 11 12:53:42 CET 2026
/opt/freesurfer/bin/mpr2mni305 talsrcimg
mpr2mni305 7.3.2
target=711-2C_as_mni_average_305

---------------------------------------------------------------------
analyzeto4dfp talsrcimg -O0 -y
---------------------------------------------------------------------

freesurfer ifh2hdr.c
Wed Mar 11 12:53:42 2026
Writing: talsrcimg.4dfp.hdr
freesurfer analyzeto4dfp.c
Reading: talsrcimg.hdr
header size 348 bytes
hdr.dime.datatype	offset=70	value=2
hdr.dime.bitpix		offset=72	value=8
hdr.hist.orient		offset=252	value=-1
dimensionality     4
dimensions       256       256       256         1
Reading: talsrcimg.img
Writing: talsrcimg.4dfp.img
Writing: talsrcimg.4dfp.ifh
ifh2hdr talsrcimg -r0to201
ori=2

---------------------------------------------------------------------
gauss_4dfp talsrcimg 1.1
---------------------------------------------------------------------

freesurfer gauss_4dfp.c
Reading: talsrcimg.4dfp.img
Writing: talsrcimg_g11.4dfp.img
image dimensions 256 256 256 padded to 288 288 288
processing volume 1freesurfer ifh2hdr.c
Wed Mar 11 12:53:43 2026
Writing: talsrcimg_g11.4dfp.hdr

Writing: talsrcimg_g11.4dfp.ifh
including: talsrcimg.4dfp.img.rec in talsrcimg_g11.4dfp.img.rec

---------------------------------------------------------------------
imgreg_4dfp /opt/freesurfer/average/711-2C_as_mni_average_305 none talsrcimg_g11 none talsrcimg_to_711-2C_as_mni_average_305_t4 4355
---------------------------------------------------------------------

freesurfer imgreg_4dfp.c
/opt/freesurfer/average/711-2C_as_mni_average_305.4dfp.img
       256       256       256         1
  1.000000  1.000000  1.000000
orientation T byte_order littleendian
Reading image: /opt/freesurfer/average/711-2C_as_mni_average_305.4dfp.img
dimensions:      256       256       256
mmppix:       1.0000   -1.0000   -1.0000
center:     128.0000 -129.0000 -129.0000
talsrcimg_g11.4dfp.img
       256       256       256         1
  1.000000  1.000000  1.000000
orientation T byte_order littleendian
Reading image: talsrcimg_g11.4dfp.img
dimensions:      256       256       256
mmppix:       1.0000   -1.0000   -1.0000
center:     128.0000 -129.0000 -129.0000
t4_read: open error in t4_sub.f l:  41 t4_file(1:l)talsrcimg_to_711-2C_as_mni_average_305_t4 
t4_read: transform initialized to I4
rotation matrix determinant  1.000000
image alignment mode   4355 decimal     1103 hex
   -7.5000  -45.0000  -45.0000 9980.2207   13.1284
    0.0000  -45.0000  -45.000010449.6436   13.1152
    7.5000  -45.0000  -45.000010046.7266   13.0977
   -7.5000  -37.5000  -45.000010443.5225   13.1261
    0.0000  -37.5000  -45.000010943.9053   13.1134
    7.5000  -37.5000  -45.000010510.2695   13.0977
   -7.5000  -30.0000  -45.000011216.6338   13.0486
    0.0000  -30.0000  -45.000011776.0977   13.0361
    7.5000  -30.0000  -45.000011289.9160   13.0206
   -7.5000  -22.5000  -45.000011903.2080   12.9573
    0.0000  -22.5000  -45.000012489.2969   12.9446
    7.5000  -22.5000  -45.000011963.1084   12.9273
   -7.5000  -15.0000  -45.000012474.2627   12.8712
    0.0000  -15.0000  -45.000013088.3477   12.8578
    7.5000  -15.0000  -45.000012526.9541   12.8387
   -7.5000   -7.5000  -45.000012979.2109   12.8155
    0.0000   -7.5000  -45.000013585.4678   12.8014
    7.5000   -7.5000  -45.000013024.7803   12.7828
   -7.5000    0.0000  -45.000013349.2607   12.7915
    0.0000    0.0000  -45.000013968.2783   12.7775
    7.5000    0.0000  -45.000013387.6328   12.7609
   -7.5000    7.5000  -45.000012663.4053   12.8541
    0.0000    7.5000  -45.000013253.1670   12.8408
    7.5000    7.5000  -45.000012691.5566   12.8256
   -7.5000   15.0000  -45.000011914.5039   12.9604
    0.0000   15.0000  -45.000012497.8496   12.9480
    7.5000   15.0000  -45.000011946.9277   12.9329
   -7.5000   22.5000  -45.000011130.6943   13.0966
    0.0000   22.5000  -45.000011671.6650   13.0835
    7.5000   22.5000  -45.000011130.8789   13.0683
   -7.5000   30.0000  -45.000010336.6719   13.1184
    0.0000   30.0000  -45.000010825.4844   13.1047
    7.5000   30.0000  -45.000010299.3340   13.0881
   -7.5000   37.5000  -45.0000 9918.9443   13.3518
    0.0000   37.5000  -45.000010379.5879   13.3362
    7.5000   37.5000  -45.0000 9865.3672   13.3175
   -7.5000   45.0000  -45.0000 9183.1924   13.3449
    0.0000   45.0000  -45.0000 9613.5107   13.3306
    7.5000   45.0000  -45.0000 9111.3809   13.3156
   -7.5000  -45.0000  -37.500010558.2510   13.1511
    0.0000  -45.0000  -37.500011053.0371   13.1385
    7.5000  -45.0000  -37.500010619.9219   13.1216
   -7.5000  -37.5000  -37.500011050.8965   13.1484
    0.0000  -37.5000  -37.500011577.6982   13.1359
    7.5000  -37.5000  -37.500011118.0283   13.1204
   -7.5000  -30.0000  -37.500011870.7998   13.0701
    0.0000  -30.0000  -37.500012444.9521   13.0575
    7.5000  -30.0000  -37.500011944.3672   13.0418
   -7.5000  -22.5000  -37.500012591.4824   12.9787
    0.0000  -22.5000  -37.500013188.1484   12.9656
    7.5000  -22.5000  -37.500012645.0732   12.9480
   -7.5000  -15.0000  -37.500013181.1006   12.8929
    0.0000  -15.0000  -37.500013781.9844   12.8795
    7.5000  -15.0000  -37.500013221.2646   12.8601
   -7.5000   -7.5000  -37.500013682.2734   12.8351
    0.0000   -7.5000  -37.500014280.0967   12.8217
    7.5000   -7.5000  -37.500013697.8301   12.8033
   -7.5000    0.0000  -37.500014048.6504   12.8090
    0.0000    0.0000  -37.500014670.8340   12.7957
    7.5000    0.0000  -37.500014059.7275   12.7797
   -7.5000    7.5000  -37.500013328.5869   12.8717
    0.0000    7.5000  -37.500013937.3857   12.8586
    7.5000    7.5000  -37.500013348.8867   12.8437
   -7.5000   15.0000  -37.500012514.7549   12.9773
    0.0000   15.0000  -37.500013098.6104   12.9645
    7.5000   15.0000  -37.500012535.1318   12.9492
   -7.5000   22.5000  -37.500011660.1387   13.1150
    0.0000   22.5000  -37.500012199.2568   13.1014
    7.5000   22.5000  -37.500011652.3457   13.0856
   -7.5000   30.0000  -37.500010790.3271   13.1381
    0.0000   30.0000  -37.500011281.9688   13.1241
    7.5000   30.0000  -37.500010761.7773   13.1067
   -7.5000   37.5000  -37.500010333.7666   13.3702
    0.0000   37.5000  -37.500010790.1592   13.3556
    7.5000   37.5000  -37.500010279.0840   13.3370
   -7.5000   45.0000  -37.5000 9558.9736   13.3607
    0.0000   45.0000  -37.5000 9965.2344   13.3471
    7.5000   45.0000  -37.5000 9469.5986   13.3332
   -7.5000  -45.0000  -30.000011321.2080   13.6668
    0.0000  -45.0000  -30.000011857.0820   13.6546
    7.5000  -45.0000  -30.000011374.9824   13.6384
   -7.5000  -37.5000  -30.000011844.2764   13.6640
    0.0000  -37.5000  -30.000012390.1270   13.6508
    7.5000  -37.5000  -30.000011912.0361   13.6352
   -7.5000  -30.0000  -30.000012735.3877   13.5838
    0.0000  -30.0000  -30.000013313.5947   13.5689
    7.5000  -30.0000  -30.000012799.3652   13.5514
   -7.5000  -22.5000  -30.000013522.4531   13.4869
    0.0000  -22.5000  -30.000014117.4473   13.4708
    7.5000  -22.5000  -30.000013551.4668   13.4508
   -7.5000  -15.0000  -30.000014121.4111   13.3931
    0.0000  -15.0000  -30.000014743.0898   13.3776
    7.5000  -15.0000  -30.000014131.9473   13.3567
   -7.5000   -7.5000  -30.000014636.5840   13.3293
    0.0000   -7.5000  -30.000015260.6357   13.3154
    7.5000   -7.5000  -30.000014631.2920   13.2971
   -7.5000    0.0000  -30.000014998.3389   13.3011
    0.0000    0.0000  -30.000015673.2871   13.2882
    7.5000    0.0000  -30.000014982.3320   13.2729
   -7.5000    7.5000  -30.000014243.4922   13.3685
    0.0000    7.5000  -30.000014913.3223   13.3548
    7.5000    7.5000  -30.000014260.6660   13.3398
   -7.5000   15.0000  -30.000013362.4775   13.4810
    0.0000   15.0000  -30.000013992.0537   13.4658
    7.5000   15.0000  -30.000013371.2139   13.4486
   -7.5000   22.5000  -30.000012426.9209   13.6227
    0.0000   22.5000  -30.000012991.9785   13.6059
    7.5000   22.5000  -30.000012410.3418   13.5876
   -7.5000   30.0000  -30.000011472.9873   13.6454
    0.0000   30.0000  -30.000011983.8867   13.6294
    7.5000   30.0000  -30.000011443.0654   13.6105
   -7.5000   37.5000  -30.000010944.8564   13.8833
    0.0000   37.5000  -30.000011432.7686   13.8690
    7.5000   37.5000  -30.000010918.1729   13.8508
   -7.5000   45.0000  -30.000010104.2305   13.8812
    0.0000   45.0000  -30.000010518.6279   13.8686
    7.5000   45.0000  -30.000010023.8613   13.8561
   -7.5000  -45.0000  -22.500012044.6895   14.0988
    0.0000  -45.0000  -22.500012613.7695   14.0865
    7.5000  -45.0000  -22.500012072.7646   14.0707
   -7.5000  -37.5000  -22.500012587.5234   14.0984
    0.0000  -37.5000  -22.500013171.8945   14.0843
    7.5000  -37.5000  -22.500012635.0586   14.0686
   -7.5000  -30.0000  -22.500013538.0898   14.0202
    0.0000  -30.0000  -22.500014147.5840   14.0030
    7.5000  -30.0000  -22.500013577.0332   13.9839
   -7.5000  -22.5000  -22.500014364.0020   13.9198
    0.0000  -22.5000  -22.500015004.0498   13.9010
    7.5000  -22.5000  -22.500014388.5264   13.8789
   -7.5000  -15.0000  -22.500015008.2295   13.8183
    0.0000  -15.0000  -22.500015684.9707   13.8006
    7.5000  -15.0000  -22.500015027.7939   13.7783
   -7.5000   -7.5000  -22.500015546.0352   13.7486
    0.0000   -7.5000  -22.500016232.5156   13.7338
    7.5000   -7.5000  -22.500015524.1641   13.7150
   -7.5000    0.0000  -22.500015936.6943   13.7188
    0.0000    0.0000  -22.500016640.5371   13.7058
    7.5000    0.0000  -22.500015893.9404   13.6908
   -7.5000    7.5000  -22.500015124.5977   13.7922
    0.0000    7.5000  -22.500015848.6484   13.7776
    7.5000    7.5000  -22.500015106.7471   13.7625
   -7.5000   15.0000  -22.500014151.5625   13.9137
    0.0000   15.0000  -22.500014830.7051   13.8965
    7.5000   15.0000  -22.500014122.8164   13.8779
   -7.5000   22.5000  -22.500013124.2812   14.0581
    0.0000   22.5000  -22.500013740.7607   14.0388
    7.5000   22.5000  -22.500013082.5107   14.0186
   -7.5000   30.0000  -22.500012086.2881   14.0794
    0.0000   30.0000  -22.500012645.4951   14.0615
    7.5000   30.0000  -22.500012044.6455   14.0416
   -7.5000   37.5000  -22.500011539.2861   14.3215
    0.0000   37.5000  -22.500012062.4639   14.3067
    7.5000   37.5000  -22.500011497.4277   14.2886
   -7.5000   45.0000  -22.500010613.7021   14.3293
    0.0000   45.0000  -22.500011064.9180   14.3173
    7.5000   45.0000  -22.500010549.9512   14.3054
   -7.5000  -45.0000  -15.000012690.0068   14.4132
    0.0000  -45.0000  -15.000013321.0820   14.3997
    7.5000  -45.0000  -15.000012755.6475   14.3832
   -7.5000  -37.5000  -15.000013268.0215   14.4137
    0.0000  -37.5000  -15.000013902.4238   14.3987
    7.5000  -37.5000  -15.000013333.8613   14.3824
   -7.5000  -30.0000  -15.000014283.3643   14.3357
    0.0000  -30.0000  -15.000014920.1465   14.3177
    7.5000  -30.0000  -15.000014317.1592   14.2982
   -7.5000  -22.5000  -15.000015144.7803   14.2333
    0.0000  -22.5000  -15.000015846.2695   14.2139
    7.5000  -22.5000  -15.000015200.5127   14.1914
   -7.5000  -15.0000  -15.000015861.6367   14.1275
    0.0000  -15.0000  -15.000016605.7871   14.1091
    7.5000  -15.0000  -15.000015906.1660   14.0866
   -7.5000   -7.5000  -15.000016405.8574   14.0545
    0.0000   -7.5000  -15.000017163.1699   14.0385
    7.5000   -7.5000  -15.000016407.8613   14.0193
   -7.5000    0.0000  -15.000016788.1230   14.0234
    0.0000    0.0000  -15.000017540.7090   14.0093
    7.5000    0.0000  -15.000016732.1582   13.9936
   -7.5000    7.5000  -15.000015921.2168   14.0997
    0.0000    7.5000  -15.000016636.7656   14.0842
    7.5000    7.5000  -15.000015863.2803   14.0685
   -7.5000   15.0000  -15.000014863.9150   14.2270
    0.0000   15.0000  -15.000015535.5908   14.2092
    7.5000   15.0000  -15.000014817.3047   14.1903
   -7.5000   22.5000  -15.000013788.1016   14.3738
    0.0000   22.5000  -15.000014401.0068   14.3541
    7.5000   22.5000  -15.000013756.9414   14.3339
   -7.5000   30.0000  -15.000012713.5186   14.3963
    0.0000   30.0000  -15.000013266.5605   14.3779
    7.5000   30.0000  -15.000012649.5195   14.3583
   -7.5000   37.5000  -15.000012122.2305   14.6421
    0.0000   37.5000  -15.000012673.4658   14.6258
    7.5000   37.5000  -15.000012056.4971   14.6074
   -7.5000   45.0000  -15.000011133.9258   14.6582
    0.0000   45.0000  -15.000011644.0840   14.6450
    7.5000   45.0000  -15.000011050.6523   14.6319
   -7.5000  -45.0000   -7.500013321.5117   14.5778
    0.0000  -45.0000   -7.500014009.3281   14.5633
    7.5000  -45.0000   -7.500013427.6855   14.5451
   -7.5000  -37.5000   -7.500013925.9180   14.5744
    0.0000  -37.5000   -7.500014644.5596   14.5595
    7.5000  -37.5000   -7.500014027.5928   14.5425
   -7.5000  -30.0000   -7.500014984.0586   14.4902
    0.0000  -30.0000   -7.500015711.4307   14.4741
    7.5000  -30.0000   -7.500015057.0215   14.4557
   -7.5000  -22.5000   -7.500015902.3516   14.3858
    0.0000  -22.5000   -7.500016700.8867   14.3689
    7.5000  -22.5000   -7.500015967.8467   14.3482
   -7.5000  -15.0000   -7.500016690.7402   14.2822
    0.0000  -15.0000   -7.500017536.7656   14.2654
    7.5000  -15.0000   -7.500016749.6055   14.2438
   -7.5000   -7.5000   -7.500017335.2129   14.2125
    0.0000   -7.5000   -7.500018202.1543   14.1963
    7.5000   -7.5000   -7.500017344.9180   14.1765
   -7.5000    0.0000   -7.500017748.6016   14.1821
    0.0000    0.0000   -7.500018563.9316   14.1669
    7.5000    0.0000   -7.500017692.1934   14.1497
   -7.5000    7.5000   -7.500016829.4609   14.2557
    0.0000    7.5000   -7.500017581.6465   14.2403
    7.5000    7.5000   -7.500016744.9961   14.2240
   -7.5000   15.0000   -7.500015716.3672   14.3800
    0.0000   15.0000   -7.500016449.1855   14.3641
    7.5000   15.0000   -7.500015653.1348   14.3464
   -7.5000   22.5000   -7.500014522.7832   14.5261
    0.0000   22.5000   -7.500015263.9102   14.5091
    7.5000   22.5000   -7.500014502.0908   14.4910
   -7.5000   30.0000   -7.500013339.6455   14.5542
    0.0000   30.0000   -7.500014051.4326   14.5373
    7.5000   30.0000   -7.500013304.1885   14.5189
   -7.5000   37.5000   -7.500012712.0713   14.8056
    0.0000   37.5000   -7.500013388.4746   14.7883
    7.5000   37.5000   -7.500012657.4961   14.7689
   -7.5000   45.0000   -7.500011653.6816   14.8251
    0.0000   45.0000   -7.500012259.3232   14.8103
    7.5000   45.0000   -7.500011579.3477   14.7950
   -7.5000  -45.0000    0.000013848.1523   14.6065
    0.0000  -45.0000    0.000014591.5752   14.5917
    7.5000  -45.0000    0.000013964.4189   14.5722
   -7.5000  -37.5000    0.000014490.2559   14.5982
    0.0000  -37.5000    0.000015238.5479   14.5840
    7.5000  -37.5000    0.000014583.8740   14.5665
   -7.5000  -30.0000    0.000015589.8896   14.5075
    0.0000  -30.0000    0.000016359.0361   14.4936
    7.5000  -30.0000    0.000015668.5078   14.4763
   -7.5000  -22.5000    0.000016555.2324   14.4021
    0.0000  -22.5000    0.000017372.5547   14.3880
    7.5000  -22.5000    0.000016625.5879   14.3687
   -7.5000  -15.0000    0.000017407.4590   14.3029
    0.0000  -15.0000    0.000018347.9375   14.2880
    7.5000  -15.0000    0.000017480.4258   14.2669
   -7.5000   -7.5000    0.000018140.7637   14.2379
    0.0000   -7.5000    0.000019297.4492   14.2223
    7.5000   -7.5000    0.000018236.3770   14.2017
   -7.5000    0.0000    0.000018579.9492   14.2087
    0.0000    0.0000    0.000019756.6797   14.1932
    7.5000    0.0000    0.000018626.9043   14.1749
   -7.5000    7.5000    0.000017579.0820   14.2782
    0.0000    7.5000    0.000018611.9766   14.2634
    7.5000    7.5000    0.000017569.8066   14.2466
   -7.5000   15.0000    0.000016375.3984   14.3960
    0.0000   15.0000    0.000017316.3516   14.3823
    7.5000   15.0000    0.000016341.3291   14.3655
   -7.5000   22.5000    0.000015136.3037   14.5422
    0.0000   22.5000    0.000016029.4785   14.5277
    7.5000   22.5000    0.000015090.3105   14.5109
   -7.5000   30.0000    0.000013894.7998   14.5758
    0.0000   30.0000    0.000014701.4463   14.5605
    7.5000   30.0000    0.000013847.3975   14.5422
   -7.5000   37.5000    0.000013246.9873   14.8309
    0.0000   37.5000    0.000013985.1035   14.8136
    7.5000   37.5000    0.000013189.1631   14.7929
   -7.5000   45.0000    0.000012141.1396   14.8490
    0.0000   45.0000    0.000012782.8213   14.8332
    7.5000   45.0000    0.000012052.8555   14.8166
   -7.5000  -45.0000    7.500013306.1953   14.6580
    0.0000  -45.0000    7.500013975.0156   14.6439
    7.5000  -45.0000    7.500013389.6582   14.6250
   -7.5000  -37.5000    7.500013920.9082   14.6514
    0.0000  -37.5000    7.500014615.9229   14.6374
    7.5000  -37.5000    7.500014002.3799   14.6201
   -7.5000  -30.0000    7.500015029.3164   14.5613
    0.0000  -30.0000    7.500015775.4727   14.5473
    7.5000  -30.0000    7.500015096.3691   14.5298
   -7.5000  -22.5000    7.500015990.8789   14.4573
    0.0000  -22.5000    7.500016810.0176   14.4428
    7.5000  -22.5000    7.500016049.2002   14.4232
   -7.5000  -15.0000    7.500016797.5156   14.3603
    0.0000  -15.0000    7.500017802.1289   14.3454
    7.5000  -15.0000    7.500016874.2402   14.3239
   -7.5000   -7.5000    7.500017455.3301   14.2952
    0.0000   -7.5000    7.500018656.6211   14.2804
    7.5000   -7.5000    7.500017531.9238   14.2599
   -7.5000    0.0000    7.500017778.0117   14.2659
    0.0000    0.0000    7.500018969.7949   14.2512
    7.5000    0.0000    7.500017814.5000   14.2334
   -7.5000    7.5000    7.500016775.8770   14.3354
    0.0000    7.5000    7.500017842.7480   14.3208
    7.5000    7.5000    7.500016784.9160   14.3042
   -7.5000   15.0000    7.500015640.8008   14.4523
    0.0000   15.0000    7.500016592.7832   14.4381
    7.5000   15.0000    7.500015627.5137   14.4210
   -7.5000   22.5000    7.500014478.0215   14.6001
    0.0000   22.5000    7.500015335.6338   14.5850
    7.5000   22.5000    7.500014452.6074   14.5675
   -7.5000   30.0000    7.500013337.4863   14.6353
    0.0000   30.0000    7.500014072.2783   14.6198
    7.5000   30.0000    7.500013265.6240   14.6006
   -7.5000   37.5000    7.500012719.8477   14.8925
    0.0000   37.5000    7.500013389.4844   14.8763
    7.5000   37.5000    7.500012619.6494   14.8557
   -7.5000   45.0000    7.500011631.1328   14.9094
    0.0000   45.0000    7.500012232.8945   14.8944
    7.5000   45.0000    7.500011534.3896   14.8788
   -7.5000  -45.0000   15.000012657.1836   14.7116
    0.0000  -45.0000   15.000013272.8135   14.6988
    7.5000  -45.0000   15.000012714.6846   14.6817
   -7.5000  -37.5000   15.000013245.4873   14.7102
    0.0000  -37.5000   15.000013904.0225   14.6964
    7.5000  -37.5000   15.000013324.8711   14.6800
   -7.5000  -30.0000   15.000014298.6338   14.6259
    0.0000  -30.0000   15.000015023.6904   14.6102
    7.5000  -30.0000   15.000014369.5537   14.5918
   -7.5000  -22.5000   15.000015222.4570   14.5236
    0.0000  -22.5000   15.000016015.2344   14.5067
    7.5000  -22.5000   15.000015275.0684   14.4854
   -7.5000  -15.0000   15.000015983.5518   14.4247
    0.0000  -15.0000   15.000016962.8281   14.4084
    7.5000  -15.0000   15.000016057.4482   14.3861
   -7.5000   -7.5000   15.000016572.4668   14.3558
    0.0000   -7.5000   15.000017609.1934   14.3413
    7.5000   -7.5000   15.000016633.0527   14.3217
   -7.5000    0.0000   15.000016879.4062   14.3257
    0.0000    0.0000   15.000017815.8281   14.3122
    7.5000    0.0000   15.000016872.0820   14.2959
   -7.5000    7.5000   15.000015950.9316   14.3988
    0.0000    7.5000   15.000016769.2734   14.3844
    7.5000    7.5000   15.000015910.3525   14.3686
   -7.5000   15.0000   15.000014902.1885   14.5199
    0.0000   15.0000   15.000015634.2354   14.5040
    7.5000   15.0000   15.000014835.8477   14.4859
   -7.5000   22.5000   15.000013766.5645   14.6683
    0.0000   22.5000   15.000014461.7637   14.6507
    7.5000   22.5000   15.000013715.7256   14.6312
   -7.5000   30.0000   15.000012647.5977   14.6987
    0.0000   30.0000   15.000013256.6357   14.6818
    7.5000   30.0000   15.000012581.8975   14.6616
   -7.5000   37.5000   15.000012057.0752   14.9531
    0.0000   37.5000   15.000012619.4863   14.9381
    7.5000   37.5000   15.000011960.2422   14.9187
   -7.5000   45.0000   15.000011013.3281   14.9692
    0.0000   45.0000   15.000011554.7715   14.9560
    7.5000   45.0000   15.000010936.7617   14.9428
   -7.5000  -45.0000   22.500011931.2354   14.8192
    0.0000  -45.0000   22.500012478.7715   14.8069
    7.5000  -45.0000   22.500011976.9189   14.7908
   -7.5000  -37.5000   22.500012478.6562   14.8225
    0.0000  -37.5000   22.500013056.8760   14.8083
    7.5000  -37.5000   22.500012514.1387   14.7923
   -7.5000  -30.0000   22.500013437.6035   14.7456
    0.0000  -30.0000   22.500014071.3496   14.7281
    7.5000  -30.0000   22.500013459.6309   14.7085
   -7.5000  -22.5000   22.500014298.2686   14.6449
    0.0000  -22.5000   22.500014998.3311   14.6257
    7.5000  -22.5000   22.500014318.4600   14.6028
   -7.5000  -15.0000   22.500015021.9873   14.5425
    0.0000  -15.0000   22.500015877.4639   14.5244
    7.5000  -15.0000   22.500015080.4648   14.5013
   -7.5000   -7.5000   22.500015571.5742   14.4691
    0.0000   -7.5000   22.500016436.8223   14.4540
    7.5000   -7.5000   22.500015605.6680   14.4346
   -7.5000    0.0000   22.500015833.9668   14.4373
    0.0000    0.0000   22.500016633.6816   14.4243
    7.5000    0.0000   22.500015835.0625   14.4088
   -7.5000    7.5000   22.500014976.8164   14.5141
    0.0000    7.5000   22.500015716.0654   14.4993
    7.5000    7.5000   22.500014946.7949   14.4838
   -7.5000   15.0000   22.500014006.5000   14.6412
    0.0000   15.0000   22.500014693.0918   14.6236
    7.5000   15.0000   22.500013932.4375   14.6044
   -7.5000   22.5000   22.500012961.3037   14.7896
    0.0000   22.5000   22.500013572.6406   14.7698
    7.5000   22.5000   22.500012872.5303   14.7489
   -7.5000   30.0000   22.500011898.8633   14.8150
    0.0000   30.0000   22.500012448.7998   14.7966
    7.5000   30.0000   22.500011815.4688   14.7759
   -7.5000   37.5000   22.500011324.3164   15.0683
    0.0000   37.5000   22.500011840.6611   15.0531
    7.5000   37.5000   22.500011228.2109   15.0343
   -7.5000   45.0000   22.500010329.8789   15.0873
    0.0000   45.0000   22.500010814.5381   15.0751
    7.5000   45.0000   22.500010254.1719   15.0628
   -7.5000  -45.0000   30.000011099.6396   14.9938
    0.0000  -45.0000   30.000011576.1465   14.9808
    7.5000  -45.0000   30.000011114.6963   14.9646
   -7.5000  -37.5000   30.000011561.7129   14.9990
    0.0000  -37.5000   30.000012081.1729   14.9842
    7.5000  -37.5000   30.000011587.0684   14.9682
   -7.5000  -30.0000   30.000012432.4639   14.9252
    0.0000  -30.0000   30.000013000.3428   14.9072
    7.5000  -30.0000   30.000012441.6084   14.8878
   -7.5000  -22.5000   30.000013230.4785   14.8255
    0.0000  -22.5000   30.000013849.7305   14.8059
    7.5000  -22.5000   30.000013244.4229   14.7833
   -7.5000  -15.0000   30.000013934.1680   14.7218
    0.0000  -15.0000   30.000014620.3896   14.7033
    7.5000  -15.0000   30.000013955.1123   14.6806
   -7.5000   -7.5000   30.000014438.5527   14.6467
    0.0000   -7.5000   30.000015123.6104   14.6308
    7.5000   -7.5000   30.000014436.0488   14.6115
   -7.5000    0.0000   30.000014671.6367   14.6138
    0.0000    0.0000   30.000015345.9268   14.5998
    7.5000    0.0000   30.000014646.1152   14.5843
   -7.5000    7.5000   30.000013879.7852   14.6916
    0.0000    7.5000   30.000014514.8223   14.6763
    7.5000    7.5000   30.000013845.8242   14.6608
   -7.5000   15.0000   30.000012961.9668   14.8224
    0.0000   15.0000   30.000013551.8125   14.8046
    7.5000   15.0000   30.000012917.8066   14.7858
   -7.5000   22.5000   30.000012008.7930   14.9724
    0.0000   22.5000   30.000012541.1211   14.9526
    7.5000   22.5000   30.000011938.1836   14.9323
   -7.5000   30.0000   30.000011031.9277   14.9974
    0.0000   30.0000   30.000011533.0811   14.9789
    7.5000   30.0000   30.000010962.1113   14.9592
   -7.5000   37.5000   30.000010510.8223   15.2540
    0.0000   37.5000   30.000010979.9697   15.2376
    7.5000   37.5000   30.000010441.5752   15.2191
   -7.5000   45.0000   30.0000 9580.7939   15.2780
    0.0000   45.0000   30.000010018.7900   15.2649
    7.5000   45.0000   30.0000 9528.2969   15.2519
   -7.5000  -45.0000   37.500010627.4492   15.2593
    0.0000  -45.0000   37.500011078.4551   15.2452
    7.5000  -45.0000   37.500010642.1680   15.2286
   -7.5000  -37.5000   37.500011066.5039   15.2610
    0.0000  -37.5000   37.500011543.3867   15.2463
    7.5000  -37.5000   37.500011078.2637   15.2309
   -7.5000  -30.0000   37.500011885.9248   15.1819
    0.0000  -30.0000   37.500012415.1191   15.1660
    7.5000  -30.0000   37.500011904.4688   15.1491
   -7.5000  -22.5000   37.500012660.4785   15.0814
    0.0000  -22.5000   37.500013245.2178   15.0649
    7.5000  -22.5000   37.500012687.0693   15.0454
   -7.5000  -15.0000   37.500013310.7461   14.9816
    0.0000  -15.0000   37.500013927.5781   14.9651
    7.5000  -15.0000   37.500013334.9023   14.9447
   -7.5000   -7.5000   37.500013783.0723   14.9109
    0.0000   -7.5000   37.500014393.3105   14.8952
    7.5000   -7.5000   37.500013772.3379   14.8765
   -7.5000    0.0000   37.500014005.1484   14.8777
    0.0000    0.0000   37.500014611.8916   14.8628
    7.5000    0.0000   37.500013981.1836   14.8469
   -7.5000    7.5000   37.500013243.6104   14.9522
    0.0000    7.5000   37.500013820.0332   14.9369
    7.5000    7.5000   37.500013234.5117   14.9220
   -7.5000   15.0000   37.500012372.2402   15.0802
    0.0000   15.0000   37.500012908.2031   15.0646
    7.5000   15.0000   37.500012338.8945   15.0482
   -7.5000   22.5000   37.500011446.4717   15.2332
    0.0000   22.5000   37.500011937.5381   15.2165
    7.5000   22.5000   37.500011387.8379   15.1997
   -7.5000   30.0000   37.500010522.8486   15.2658
    0.0000   30.0000   37.500010992.1553   15.2492
    7.5000   30.0000   37.500010468.1162   15.2321
   -7.5000   37.5000   37.500010057.9668   15.5331
    0.0000   37.5000   37.500010515.5908   15.5159
    7.5000   37.5000   37.5000 9998.9980   15.4977
   -7.5000   45.0000   37.5000 9179.6631   15.5623
    0.0000   45.0000   37.5000 9607.2158   15.5476
    7.5000   45.0000   37.5000 9118.5107   15.5338
   -7.5000  -45.0000   45.0000 9761.0205   15.5721
    0.0000  -45.0000   45.000010187.7041   15.5558
    7.5000  -45.0000   45.0000 9786.5957   15.5372
   -7.5000  -37.5000   45.000010180.6406   15.5685
    0.0000  -37.5000   45.000010623.0684   15.5528
    7.5000  -37.5000   45.000010208.2246   15.5365
   -7.5000  -30.0000   45.000010935.3359   15.4826
    0.0000  -30.0000   45.000011412.4082   15.4678
    7.5000  -30.0000   45.000010955.1816   15.4514
   -7.5000  -22.5000   45.000011614.6240   15.3819
    0.0000  -22.5000   45.000012160.0518   15.3673
    7.5000  -22.5000   45.000011643.4023   15.3483
   -7.5000  -15.0000   45.000012171.5400   15.2876
    0.0000  -15.0000   45.000012738.6055   15.2719
    7.5000  -15.0000   45.000012194.3701   15.2506
   -7.5000   -7.5000   45.000012593.2744   15.2210
    0.0000   -7.5000   45.000013153.3516   15.2042
    7.5000   -7.5000   45.000012581.4189   15.1837
   -7.5000    0.0000   45.000012804.0820   15.1855
    0.0000    0.0000   45.000013367.8848   15.1685
    7.5000    0.0000   45.000012781.8340   15.1508
   -7.5000    7.5000   45.000012119.2646   15.2558
    0.0000    7.5000   45.000012645.6689   15.2395
    7.5000    7.5000   45.000012111.7930   15.2237
   -7.5000   15.0000   45.000011337.1836   15.3812
    0.0000   15.0000   45.000011829.1230   15.3665
    7.5000   15.0000   45.000011320.6836   15.3504
   -7.5000   22.5000   45.000010462.1943   15.5413
    0.0000   22.5000   45.000010936.4756   15.5261
    7.5000   22.5000   45.000010442.4990   15.5097
   -7.5000   30.0000   45.0000 9609.9629   15.5844
    0.0000   30.0000   45.000010064.6475   15.5681
    7.5000   30.0000   45.0000 9582.3320   15.5499
   -7.5000   37.5000   45.0000 9203.2461   15.8654
    0.0000   37.5000   45.0000 9645.6445   15.8463
    7.5000   37.5000   45.0000 9155.9053   15.8257
   -7.5000   45.0000   45.0000 8419.5596   15.9082
    0.0000   45.0000   45.0000 8820.8271   15.8902
    7.5000   45.0000   45.0000 8367.9541   15.8743

---------------------------------------------------------------------
imgreg_4dfp /opt/freesurfer/average/711-2C_as_mni_average_305 /opt/freesurfer/average/711-2B_as_mni_average_305_mask talsrcimg_g11 none talsrcimg_to_711-2C_as_mni_average_305_t4 4355
---------------------------------------------------------------------

freesurfer imgreg_4dfp.c
/opt/freesurfer/average/711-2C_as_mni_average_305.4dfp.img
       256       256       256         1
  1.000000  1.000000  1.000000
orientation T byte_order littleendian
Reading image: /opt/freesurfer/average/711-2C_as_mni_average_305.4dfp.img
dimensions:      256       256       256
mmppix:       1.0000   -1.0000   -1.0000
center:     128.0000 -129.0000 -129.0000
/opt/freesurfer/average/711-2B_as_mni_average_305_mask.4dfp.img
       256       256       256         1
  1.000000  1.000000  1.000000
orientation T byte_order littleendian
Reading mask: /opt/freesurfer/average/711-2B_as_mni_average_305_mask.4dfp.img (2306576 pixels)
talsrcimg_g11.4dfp.img
       256       256       256         1
  1.000000  1.000000  1.000000
orientation T byte_order littleendian
Reading image: talsrcimg_g11.4dfp.img
dimensions:      256       256       256
mmppix:       1.0000   -1.0000   -1.0000
center:     128.0000 -129.0000 -129.0000
rotation matrix determinant  1.000000
image alignment mode   4355 decimal     1103 hex
   -7.5000  -45.0000  -45.0000 2394.9705   15.8701
    0.0000  -45.0000  -45.0000 2409.5408   15.7707
    7.5000  -45.0000  -45.0000 2402.8584   15.7800
   -7.5000  -37.5000  -45.0000 2434.1362   15.3138
    0.0000  -37.5000  -45.0000 2453.9053   15.1939
    7.5000  -37.5000  -45.0000 2444.1926   15.2232
   -7.5000  -30.0000  -45.0000 2460.4600   14.7716
    0.0000  -30.0000  -45.0000 2483.9504   14.6770
    7.5000  -30.0000  -45.0000 2475.8752   14.7327
   -7.5000  -22.5000  -45.0000 2479.6433   14.4014
    0.0000  -22.5000  -45.0000 2504.9097   14.2630
    7.5000  -22.5000  -45.0000 2495.9949   14.3293
   -7.5000  -15.0000  -45.0000 2495.4546   14.1165
    0.0000  -15.0000  -45.0000 2525.9014   13.9706
    7.5000  -15.0000  -45.0000 2510.5327   14.0555
   -7.5000   -7.5000  -45.0000 2504.6555   14.0820
    0.0000   -7.5000  -45.0000 2529.9316   13.9191
    7.5000   -7.5000  -45.0000 2518.8506   14.0052
   -7.5000    0.0000  -45.0000 2490.0388   14.2747
    0.0000    0.0000  -45.0000 2517.2117   14.0926
    7.5000    0.0000  -45.0000 2509.1846   14.1649
   -7.5000    7.5000  -45.0000 2458.7280   14.6623
    0.0000    7.5000  -45.0000 2483.0066   14.4791
    7.5000    7.5000  -45.0000 2478.7246   14.5510
   -7.5000   15.0000  -45.0000 2410.9065   15.2690
    0.0000   15.0000  -45.0000 2438.9026   15.0930
    7.5000   15.0000  -45.0000 2427.7749   15.1722
   -7.5000   22.5000  -45.0000 2349.5784   16.0790
    0.0000   22.5000  -45.0000 2373.0671   15.9177
    7.5000   22.5000  -45.0000 2359.7856   15.9825
   -7.5000   30.0000  -45.0000 2281.1428   17.2166
    0.0000   30.0000  -45.0000 2299.9795   17.0588
    7.5000   30.0000  -45.0000 2286.6360   17.0909
   -7.5000   37.5000  -45.0000 2197.5977   18.7875
    0.0000   37.5000  -45.0000 2212.5864   18.5759
    7.5000   37.5000  -45.0000 2202.9590   18.6341
   -7.5000   45.0000  -45.0000 2103.0603   20.8826
    0.0000   45.0000  -45.0000 2120.0532   20.6438
    7.5000   45.0000  -45.0000 2105.1624   20.7156
   -7.5000  -45.0000  -37.5000 2478.8870   14.8285
    0.0000  -45.0000  -37.5000 2497.9321   14.6939
    7.5000  -45.0000  -37.5000 2487.6099   14.7344
   -7.5000  -37.5000  -37.5000 2518.8684   14.2887
    0.0000  -37.5000  -37.5000 2541.4543   14.1562
    7.5000  -37.5000  -37.5000 2528.8765   14.2047
   -7.5000  -30.0000  -37.5000 2544.1116   13.8158
    0.0000  -30.0000  -37.5000 2567.1140   13.7012
    7.5000  -30.0000  -37.5000 2558.9622   13.7572
   -7.5000  -22.5000  -37.5000 2566.6809   13.4605
    0.0000  -22.5000  -37.5000 2587.5618   13.3253
    7.5000  -22.5000  -37.5000 2582.0999   13.3937
   -7.5000  -15.0000  -37.5000 2581.0708   13.2205
    0.0000  -15.0000  -37.5000 2606.6599   13.0710
    7.5000  -15.0000  -37.5000 2597.4336   13.1869
   -7.5000   -7.5000  -37.5000 2588.2473   13.1750
    0.0000   -7.5000  -37.5000 2611.9604   12.9933
    7.5000   -7.5000  -37.5000 2602.1973   13.1114
   -7.5000    0.0000  -37.5000 2577.8257   13.3298
    0.0000    0.0000  -37.5000 2601.2468   13.1458
    7.5000    0.0000  -37.5000 2592.2261   13.2475
   -7.5000    7.5000  -37.5000 2548.1753   13.6569
    0.0000    7.5000  -37.5000 2573.0369   13.4711
    7.5000    7.5000  -37.5000 2566.5308   13.5751
   -7.5000   15.0000  -37.5000 2498.9773   14.1592
    0.0000   15.0000  -37.5000 2525.2227   13.9908
    7.5000   15.0000  -37.5000 2515.6440   14.1015
   -7.5000   22.5000  -37.5000 2432.0718   14.8987
    0.0000   22.5000  -37.5000 2456.9985   14.7327
    7.5000   22.5000  -37.5000 2444.4644   14.8381
   -7.5000   30.0000  -37.5000 2357.2832   15.9561
    0.0000   30.0000  -37.5000 2378.0012   15.7901
    7.5000   30.0000  -37.5000 2365.2493   15.8667
   -7.5000   37.5000  -37.5000 2268.6875   17.4157
    0.0000   37.5000  -37.5000 2287.6108   17.2238
    7.5000   37.5000  -37.5000 2275.8035   17.2974
   -7.5000   45.0000  -37.5000 2170.3210   19.3414
    0.0000   45.0000  -37.5000 2185.2039   19.1258
    7.5000   45.0000  -37.5000 2171.5471   19.2004
   -7.5000  -45.0000  -30.0000 2613.9441   14.3634
    0.0000  -45.0000  -30.0000 2631.7310   14.2204
    7.5000  -45.0000  -30.0000 2620.3667   14.2547
   -7.5000  -37.5000  -30.0000 2649.2466   13.8021
    0.0000  -37.5000  -30.0000 2670.7837   13.6430
    7.5000  -37.5000  -30.0000 2660.5859   13.7166
   -7.5000  -30.0000  -30.0000 2675.1797   13.3613
    0.0000  -30.0000  -30.0000 2702.2161   13.1995
    7.5000  -30.0000  -30.0000 2689.5022   13.2849
   -7.5000  -22.5000  -30.0000 2704.1060   13.0180
    0.0000  -22.5000  -30.0000 2725.3071   12.8750
    7.5000  -22.5000  -30.0000 2719.3320   12.9419
   -7.5000  -15.0000  -30.0000 2720.1367   12.8029
    0.0000  -15.0000  -30.0000 2742.1292   12.6517
    7.5000  -15.0000  -30.0000 2734.4119   12.7493
   -7.5000   -7.5000  -30.0000 2728.6458   12.7354
    0.0000   -7.5000  -30.0000 2751.0125   12.5652
    7.5000   -7.5000  -30.0000 2742.0056   12.6826
   -7.5000    0.0000  -30.0000 2717.5327   12.8784
    0.0000    0.0000  -30.0000 2745.4626   12.6881
    7.5000    0.0000  -30.0000 2731.4658   12.8041
   -7.5000    7.5000  -30.0000 2692.3774   13.1757
    0.0000    7.5000  -30.0000 2721.9727   13.0095
    7.5000    7.5000  -30.0000 2711.8208   13.1199
   -7.5000   15.0000  -30.0000 2638.7266   13.6668
    0.0000   15.0000  -30.0000 2668.8044   13.4787
    7.5000   15.0000  -30.0000 2658.2859   13.6032
   -7.5000   22.5000  -30.0000 2568.1975   14.3478
    0.0000   22.5000  -30.0000 2596.2407   14.1644
    7.5000   22.5000  -30.0000 2583.7234   14.2707
   -7.5000   30.0000  -30.0000 2480.9104   15.3352
    0.0000   30.0000  -30.0000 2506.6025   15.1541
    7.5000   30.0000  -30.0000 2496.8538   15.2604
   -7.5000   37.5000  -30.0000 2387.4211   16.7454
    0.0000   37.5000  -30.0000 2409.7852   16.5538
    7.5000   37.5000  -30.0000 2399.8354   16.6482
   -7.5000   45.0000  -30.0000 2283.4839   18.5997
    0.0000   45.0000  -30.0000 2297.8613   18.4044
    7.5000   45.0000  -30.0000 2286.4644   18.4888
   -7.5000  -45.0000  -22.5000 2702.5798   13.8655
    0.0000  -45.0000  -22.5000 2723.0239   13.7107
    7.5000  -45.0000  -22.5000 2708.7197   13.7446
   -7.5000  -37.5000  -22.5000 2736.5801   13.2850
    0.0000  -37.5000  -22.5000 2758.8223   13.1179
    7.5000  -37.5000  -22.5000 2751.6831   13.1676
   -7.5000  -30.0000  -22.5000 2768.7534   12.8250
    0.0000  -30.0000  -22.5000 2793.5015   12.6570
    7.5000  -30.0000  -22.5000 2785.4011   12.7171
   -7.5000  -22.5000  -22.5000 2799.2993   12.4980
    0.0000  -22.5000  -22.5000 2824.3352   12.3352
    7.5000  -22.5000  -22.5000 2815.6958   12.3943
   -7.5000  -15.0000  -22.5000 2815.5325   12.3192
    0.0000  -15.0000  -22.5000 2845.4956   12.1649
    7.5000  -15.0000  -22.5000 2836.7832   12.2327
   -7.5000   -7.5000  -22.5000 2833.9636   12.2096
    0.0000   -7.5000  -22.5000 2863.9575   12.0462
    7.5000   -7.5000  -22.5000 2850.5586   12.1498
   -7.5000    0.0000  -22.5000 2831.6111   12.3338
    0.0000    0.0000  -22.5000 2862.3384   12.1521
    7.5000    0.0000  -22.5000 2845.9114   12.2663
   -7.5000    7.5000  -22.5000 2805.1848   12.6495
    0.0000    7.5000  -22.5000 2841.1252   12.4667
    7.5000    7.5000  -22.5000 2826.4297   12.5717
   -7.5000   15.0000  -22.5000 2746.7947   13.1404
    0.0000   15.0000  -22.5000 2781.1248   12.9367
    7.5000   15.0000  -22.5000 2768.3569   13.0394
   -7.5000   22.5000  -22.5000 2672.6785   13.7984
    0.0000   22.5000  -22.5000 2702.8499   13.5908
    7.5000   22.5000  -22.5000 2691.3125   13.6912
   -7.5000   30.0000  -22.5000 2580.2083   14.7409
    0.0000   30.0000  -22.5000 2608.1580   14.5446
    7.5000   30.0000  -22.5000 2598.9648   14.6517
   -7.5000   37.5000  -22.5000 2480.3438   16.1125
    0.0000   37.5000  -22.5000 2506.6521   15.9024
    7.5000   37.5000  -22.5000 2496.8167   16.0025
   -7.5000   45.0000  -22.5000 2365.2666   17.8922
    0.0000   45.0000  -22.5000 2385.5833   17.6710
    7.5000   45.0000  -22.5000 2377.6184   17.7866
   -7.5000  -45.0000  -15.0000 2750.6555   13.4221
    0.0000  -45.0000  -15.0000 2775.0984   13.2502
    7.5000  -45.0000  -15.0000 2764.7280   13.3020
   -7.5000  -37.5000  -15.0000 2783.9224   12.8434
    0.0000  -37.5000  -15.0000 2807.4553   12.6600
    7.5000  -37.5000  -15.0000 2803.1528   12.7190
   -7.5000  -30.0000  -15.0000 2821.8003   12.3893
    0.0000  -30.0000  -15.0000 2846.6782   12.1920
    7.5000  -30.0000  -15.0000 2838.5564   12.2648
   -7.5000  -22.5000  -15.0000 2854.1929   12.0295
    0.0000  -22.5000  -15.0000 2879.9146   11.8350
    7.5000  -22.5000  -15.0000 2873.1714   11.9242
   -7.5000  -15.0000  -15.0000 2876.6475   11.8542
    0.0000  -15.0000  -15.0000 2907.8826   11.7078
    7.5000  -15.0000  -15.0000 2900.4355   11.7528
   -7.5000   -7.5000  -15.0000 2897.1948   11.7848
    0.0000   -7.5000  -15.0000 2933.7532   11.5861
    7.5000   -7.5000  -15.0000 2920.7107   11.6716
   -7.5000    0.0000  -15.0000 2904.0220   11.8714
    0.0000    0.0000  -15.0000 2940.3411   11.6559
    7.5000    0.0000  -15.0000 2921.8406   11.7653
   -7.5000    7.5000  -15.0000 2881.3567   12.1961
    0.0000    7.5000  -15.0000 2916.1628   11.9621
    7.5000    7.5000  -15.0000 2900.1072   12.0669
   -7.5000   15.0000  -15.0000 2822.8408   12.6587
    0.0000   15.0000  -15.0000 2856.2205   12.4420
    7.5000   15.0000  -15.0000 2840.0415   12.5507
   -7.5000   22.5000  -15.0000 2744.3130   13.3223
    0.0000   22.5000  -15.0000 2777.1758   13.0920
    7.5000   22.5000  -15.0000 2764.2637   13.2092
   -7.5000   30.0000  -15.0000 2648.4246   14.2582
    0.0000   30.0000  -15.0000 2673.6382   14.0182
    7.5000   30.0000  -15.0000 2663.2512   14.1522
   -7.5000   37.5000  -15.0000 2542.9832   15.5812
    0.0000   37.5000  -15.0000 2570.7832   15.3303
    7.5000   37.5000  -15.0000 2557.7542   15.4693
   -7.5000   45.0000  -15.0000 2420.4897   17.3145
    0.0000   45.0000  -15.0000 2444.7651   17.0637
    7.5000   45.0000  -15.0000 2430.8611   17.1986
   -7.5000  -45.0000   -7.5000 2776.3293   13.0785
    0.0000  -45.0000   -7.5000 2802.6055   12.8967
    7.5000  -45.0000   -7.5000 2793.9409   12.9457
   -7.5000  -37.5000   -7.5000 2812.6785   12.4756
    0.0000  -37.5000   -7.5000 2837.2417   12.2953
    7.5000  -37.5000   -7.5000 2831.7290   12.3597
   -7.5000  -30.0000   -7.5000 2845.9438   12.0068
    0.0000  -30.0000   -7.5000 2869.6267   11.8382
    7.5000  -30.0000   -7.5000 2866.0217   11.8953
   -7.5000  -22.5000   -7.5000 2880.6587   11.6535
    0.0000  -22.5000   -7.5000 2904.5269   11.4780
    7.5000  -22.5000   -7.5000 2898.8826   11.5513
   -7.5000  -15.0000   -7.5000 2910.7090   11.4845
    0.0000  -15.0000   -7.5000 2942.3955   11.3212
    7.5000  -15.0000   -7.5000 2933.7007   11.3703
   -7.5000   -7.5000   -7.5000 2936.5696   11.4576
    0.0000   -7.5000   -7.5000 2973.2480   11.2671
    7.5000   -7.5000   -7.5000 2955.9182   11.3422
   -7.5000    0.0000   -7.5000 2947.0676   11.5535
    0.0000    0.0000   -7.5000 2985.4194   11.3363
    7.5000    0.0000   -7.5000 2962.4268   11.4474
   -7.5000    7.5000   -7.5000 2929.0996   11.8287
    0.0000    7.5000   -7.5000 2964.8210   11.6058
    7.5000    7.5000   -7.5000 2940.7466   11.7343
   -7.5000   15.0000   -7.5000 2870.6721   12.2703
    0.0000   15.0000   -7.5000 2904.0288   12.0850
    7.5000   15.0000   -7.5000 2882.2031   12.1901
   -7.5000   22.5000   -7.5000 2785.6335   12.9158
    0.0000   22.5000   -7.5000 2822.6111   12.7547
    7.5000   22.5000   -7.5000 2804.0244   12.8475
   -7.5000   30.0000   -7.5000 2685.9788   13.8479
    0.0000   30.0000   -7.5000 2717.5388   13.6751
    7.5000   30.0000   -7.5000 2699.7878   13.7624
   -7.5000   37.5000   -7.5000 2580.6992   15.1159
    0.0000   37.5000   -7.5000 2607.7312   14.9527
    7.5000   37.5000   -7.5000 2589.3943   15.0401
   -7.5000   45.0000   -7.5000 2452.3599   16.8317
    0.0000   45.0000   -7.5000 2477.6257   16.6495
    7.5000   45.0000   -7.5000 2460.4407   16.7272
   -7.5000  -45.0000    0.0000 2782.1953   12.9222
    0.0000  -45.0000    0.0000 2808.2375   12.7423
    7.5000  -45.0000    0.0000 2805.5503   12.7837
   -7.5000  -37.5000    0.0000 2818.4802   12.2838
    0.0000  -37.5000    0.0000 2839.6069   12.1075
    7.5000  -37.5000    0.0000 2839.9426   12.1608
   -7.5000  -30.0000    0.0000 2851.2583   11.8000
    0.0000  -30.0000    0.0000 2873.5181   11.6035
    7.5000  -30.0000    0.0000 2874.5908   11.6792
   -7.5000  -22.5000    0.0000 2883.4790   11.4763
    0.0000  -22.5000    0.0000 2909.8044   11.2707
    7.5000  -22.5000    0.0000 2907.2588   11.3585
   -7.5000  -15.0000    0.0000 2921.3843   11.3247
    0.0000  -15.0000    0.0000 2948.2090   11.1446
    7.5000  -15.0000    0.0000 2940.0156   11.2094
   -7.5000   -7.5000    0.0000 2953.0769   11.3054
    0.0000   -7.5000    0.0000 2994.0020   11.1814
    7.5000   -7.5000    0.0000 2972.5896   11.1978
   -7.5000    0.0000    0.0000 2963.9700   11.3787
    0.0000    0.0000    0.0000 3011.1985   11.2696
    7.5000    0.0000    0.0000 2976.6487   11.3145
   -7.5000    7.5000    0.0000 2946.2910   11.6112
    0.0000    7.5000    0.0000 2985.4077   11.5148
    7.5000    7.5000    0.0000 2952.9019   11.5700
   -7.5000   15.0000    0.0000 2889.4814   12.0581
    0.0000   15.0000    0.0000 2922.9824   11.9321
    7.5000   15.0000    0.0000 2899.9944   12.0001
   -7.5000   22.5000    0.0000 2806.5081   12.7246
    0.0000   22.5000    0.0000 2844.1577   12.5783
    7.5000   22.5000    0.0000 2821.8350   12.6674
   -7.5000   30.0000    0.0000 2702.5977   13.6698
    0.0000   30.0000    0.0000 2733.3386   13.5222
    7.5000   30.0000    0.0000 2717.3818   13.6028
   -7.5000   37.5000    0.0000 2589.9722   14.9315
    0.0000   37.5000    0.0000 2614.8606   14.7709
    7.5000   37.5000    0.0000 2601.5032   14.8582
   -7.5000   45.0000    0.0000 2463.3394   16.5974
    0.0000   45.0000    0.0000 2486.3274   16.4194
    7.5000   45.0000    0.0000 2471.0288   16.5227
   -7.5000  -45.0000    7.5000 2773.4648   12.9233
    0.0000  -45.0000    7.5000 2795.9629   12.7128
    7.5000  -45.0000    7.5000 2795.3386   12.7531
   -7.5000  -37.5000    7.5000 2801.8562   12.3024
    0.0000  -37.5000    7.5000 2817.6614   12.0820
    7.5000  -37.5000    7.5000 2825.4766   12.1434
   -7.5000  -30.0000    7.5000 2836.4299   11.8291
    0.0000  -30.0000    7.5000 2852.6450   11.6213
    7.5000  -30.0000    7.5000 2856.3721   11.7029
   -7.5000  -22.5000    7.5000 2874.0305   11.4919
    0.0000  -22.5000    7.5000 2899.5107   11.3056
    7.5000  -22.5000    7.5000 2894.0850   11.3896
   -7.5000  -15.0000    7.5000 2912.3452   11.3067
    0.0000  -15.0000    7.5000 2940.5986   11.1557
    7.5000  -15.0000    7.5000 2928.8335   11.2260
   -7.5000   -7.5000    7.5000 2949.8271   11.2574
    0.0000   -7.5000    7.5000 2990.0359   11.1712
    7.5000   -7.5000    7.5000 2963.6589   11.1898
   -7.5000    0.0000    7.5000 2959.1099   11.3185
    0.0000    0.0000    7.5000 3010.9297   11.2199
    7.5000    0.0000    7.5000 2971.5327   11.2702
   -7.5000    7.5000    7.5000 2937.7529   11.6021
    0.0000    7.5000    7.5000 2980.8630   11.4486
    7.5000    7.5000    7.5000 2946.5649   11.5609
   -7.5000   15.0000    7.5000 2883.2830   12.0827
    0.0000   15.0000    7.5000 2913.6689   11.9369
    7.5000   15.0000    7.5000 2891.0061   12.0409
   -7.5000   22.5000    7.5000 2802.3333   12.7880
    0.0000   22.5000    7.5000 2831.3247   12.6596
    7.5000   22.5000    7.5000 2811.0217   12.7558
   -7.5000   30.0000    7.5000 2698.1648   13.7512
    0.0000   30.0000    7.5000 2718.5132   13.6400
    7.5000   30.0000    7.5000 2707.7866   13.7009
   -7.5000   37.5000    7.5000 2584.0928   15.0043
    0.0000   37.5000    7.5000 2601.3167   14.8629
    7.5000   37.5000    7.5000 2592.0352   14.9098
   -7.5000   45.0000    7.5000 2452.8687   16.6103
    0.0000   45.0000    7.5000 2472.6128   16.4204
    7.5000   45.0000    7.5000 2461.2246   16.5045
   -7.5000  -45.0000   15.0000 2746.1882   13.1223
    0.0000  -45.0000   15.0000 2766.9136   12.8811
    7.5000  -45.0000   15.0000 2759.8394   12.9515
   -7.5000  -37.5000   15.0000 2772.4443   12.5048
    0.0000  -37.5000   15.0000 2788.5442   12.2755
    7.5000  -37.5000   15.0000 2786.5862   12.3659
   -7.5000  -30.0000   15.0000 2805.7195   12.0111
    0.0000  -30.0000   15.0000 2824.8977   11.8059
    7.5000  -30.0000   15.0000 2818.8201   11.9086
   -7.5000  -22.5000   15.0000 2846.0974   11.6584
    0.0000  -22.5000   15.0000 2871.9316   11.4630
    7.5000  -22.5000   15.0000 2861.7546   11.5543
   -7.5000  -15.0000   15.0000 2885.5461   11.4930
    0.0000  -15.0000   15.0000 2920.7659   11.3140
    7.5000  -15.0000   15.0000 2902.2329   11.3955
   -7.5000   -7.5000   15.0000 2921.2275   11.4262
    0.0000   -7.5000   15.0000 2965.6812   11.3081
    7.5000   -7.5000   15.0000 2940.0815   11.3625
   -7.5000    0.0000   15.0000 2934.7561   11.4958
    0.0000    0.0000   15.0000 2980.0645   11.2975
    7.5000    0.0000   15.0000 2944.0063   11.4386
   -7.5000    7.5000   15.0000 2916.6458   11.7965
    0.0000    7.5000   15.0000 2953.0212   11.5530
    7.5000    7.5000   15.0000 2922.4587   11.7329
   -7.5000   15.0000   15.0000 2859.6758   12.3371
    0.0000   15.0000   15.0000 2888.9817   12.1177
    7.5000   15.0000   15.0000 2868.8801   12.2641
   -7.5000   22.5000   15.0000 2778.9294   13.0578
    0.0000   22.5000   15.0000 2804.6782   12.8778
    7.5000   22.5000   15.0000 2790.4446   12.9941
   -7.5000   30.0000   15.0000 2672.2246   14.0394
    0.0000   30.0000   15.0000 2692.8250   13.8637
    7.5000   30.0000   15.0000 2684.7993   13.9557
   -7.5000   37.5000   15.0000 2560.0662   15.2694
    0.0000   37.5000   15.0000 2576.4443   15.0989
    7.5000   37.5000   15.0000 2568.1707   15.1790
   -7.5000   45.0000   15.0000 2427.2903   16.8107
    0.0000   45.0000   15.0000 2448.0222   16.6662
    7.5000   45.0000   15.0000 2437.1106   16.7192
   -7.5000  -45.0000   22.5000 2707.9053   13.4996
    0.0000  -45.0000   22.5000 2725.4077   13.2528
    7.5000  -45.0000   22.5000 2718.3313   13.3635
   -7.5000  -37.5000   22.5000 2733.2837   12.8512
    0.0000  -37.5000   22.5000 2748.7214   12.6131
    7.5000  -37.5000   22.5000 2740.8308   12.7237
   -7.5000  -30.0000   22.5000 2763.8062   12.3601
    0.0000  -30.0000   22.5000 2784.5378   12.1401
    7.5000  -30.0000   22.5000 2774.6189   12.2402
   -7.5000  -22.5000   22.5000 2802.7112   12.0162
    0.0000  -22.5000   22.5000 2820.9131   11.8043
    7.5000  -22.5000   22.5000 2815.2722   11.9171
   -7.5000  -15.0000   22.5000 2847.9038   11.8551
    0.0000  -15.0000   22.5000 2871.2437   11.6805
    7.5000  -15.0000   22.5000 2860.1829   11.7912
   -7.5000   -7.5000   22.5000 2879.1274   11.8020
    0.0000   -7.5000   22.5000 2911.6565   11.6298
    7.5000   -7.5000   22.5000 2888.8940   11.7784
   -7.5000    0.0000   22.5000 2884.3848   11.8886
    0.0000    0.0000   22.5000 2920.5117   11.6403
    7.5000    0.0000   22.5000 2893.5378   11.8624
   -7.5000    7.5000   22.5000 2868.4485   12.2192
    0.0000    7.5000   22.5000 2899.6865   11.9963
    7.5000    7.5000   22.5000 2876.8015   12.1821
   -7.5000   15.0000   22.5000 2817.4585   12.7721
    0.0000   15.0000   22.5000 2842.5005   12.5751
    7.5000   15.0000   22.5000 2825.0076   12.6907
   -7.5000   22.5000   22.5000 2741.8708   13.4844
    0.0000   22.5000   22.5000 2761.9128   13.2814
    7.5000   22.5000   22.5000 2751.2002   13.3970
   -7.5000   30.0000   22.5000 2642.6731   14.4551
    0.0000   30.0000   22.5000 2661.4331   14.2642
    7.5000   30.0000   22.5000 2653.4260   14.3642
   -7.5000   37.5000   22.5000 2529.8965   15.6881
    0.0000   37.5000   22.5000 2546.0750   15.5148
    7.5000   37.5000   22.5000 2538.3953   15.5964
   -7.5000   45.0000   22.5000 2395.4136   17.2076
    0.0000   45.0000   22.5000 2416.1052   17.0467
    7.5000   45.0000   22.5000 2406.0613   17.1074
   -7.5000  -45.0000   30.0000 2654.0083   14.0334
    0.0000  -45.0000   30.0000 2672.8733   13.7491
    7.5000  -45.0000   30.0000 2663.6853   13.8845
   -7.5000  -37.5000   30.0000 2675.5391   13.3546
    0.0000  -37.5000   30.0000 2693.5957   13.0952
    7.5000  -37.5000   30.0000 2685.5764   13.2358
   -7.5000  -30.0000   30.0000 2707.7231   12.8559
    0.0000  -30.0000   30.0000 2728.0229   12.6149
    7.5000  -30.0000   30.0000 2717.9504   12.7539
   -7.5000  -22.5000   30.0000 2748.0281   12.5402
    0.0000  -22.5000   30.0000 2767.6677   12.3059
    7.5000  -22.5000   30.0000 2754.7134   12.4464
   -7.5000  -15.0000   30.0000 2788.1926   12.3929
    0.0000  -15.0000   30.0000 2809.1287   12.1941
    7.5000  -15.0000   30.0000 2793.7407   12.3188
   -7.5000   -7.5000   30.0000 2813.9180   12.3948
    0.0000   -7.5000   30.0000 2840.6523   12.1589
    7.5000   -7.5000   30.0000 2818.6531   12.3242
   -7.5000    0.0000   30.0000 2814.5486   12.5143
    0.0000    0.0000   30.0000 2842.6523   12.2651
    7.5000    0.0000   30.0000 2818.9016   12.4734
   -7.5000    7.5000   30.0000 2794.4133   12.8837
    0.0000    7.5000   30.0000 2819.7502   12.6806
    7.5000    7.5000   30.0000 2803.5413   12.8434
   -7.5000   15.0000   30.0000 2744.7607   13.4216
    0.0000   15.0000   30.0000 2766.8342   13.2297
    7.5000   15.0000   30.0000 2755.2393   13.3552
   -7.5000   22.5000   30.0000 2682.5510   14.1089
    0.0000   22.5000   30.0000 2700.6919   13.9050
    7.5000   22.5000   30.0000 2690.0530   14.0190
   -7.5000   30.0000   30.0000 2599.1738   15.0220
    0.0000   30.0000   30.0000 2617.4517   14.8287
    7.5000   30.0000   30.0000 2604.9570   14.9477
   -7.5000   37.5000   30.0000 2491.6057   16.2336
    0.0000   37.5000   30.0000 2505.2905   16.0512
    7.5000   37.5000   30.0000 2497.4219   16.1643
   -7.5000   45.0000   30.0000 2354.0969   17.7826
    0.0000   45.0000   30.0000 2373.6174   17.6113
    7.5000   45.0000   30.0000 2366.8674   17.6948
   -7.5000  -45.0000   37.5000 2590.7437   14.7259
    0.0000  -45.0000   37.5000 2611.7568   14.4121
    7.5000  -45.0000   37.5000 2603.7842   14.5720
   -7.5000  -37.5000   37.5000 2615.9546   14.0135
    0.0000  -37.5000   37.5000 2636.4551   13.7496
    7.5000  -37.5000   37.5000 2626.1523   13.9054
   -7.5000  -30.0000   37.5000 2648.7358   13.5378
    0.0000  -30.0000   37.5000 2672.8718   13.2743
    7.5000  -30.0000   37.5000 2657.6426   13.4380
   -7.5000  -22.5000   37.5000 2683.8125   13.2233
    0.0000  -22.5000   37.5000 2706.7549   12.9781
    7.5000  -22.5000   37.5000 2689.2063   13.1454
   -7.5000  -15.0000   37.5000 2715.3230   13.0880
    0.0000  -15.0000   37.5000 2738.0706   12.8767
    7.5000  -15.0000   37.5000 2719.8708   13.0217
   -7.5000   -7.5000   37.5000 2733.5713   13.1249
    0.0000   -7.5000   37.5000 2759.5476   12.8855
    7.5000   -7.5000   37.5000 2738.5618   13.0486
   -7.5000    0.0000   37.5000 2733.1365   13.2944
    0.0000    0.0000   37.5000 2755.2957   13.0730
    7.5000    0.0000   37.5000 2735.8074   13.2409
   -7.5000    7.5000   37.5000 2710.0562   13.7280
    0.0000    7.5000   37.5000 2731.7964   13.5245
    7.5000    7.5000   37.5000 2719.3928   13.6775
   -7.5000   15.0000   37.5000 2662.9875   14.2729
    0.0000   15.0000   37.5000 2682.6140   14.0776
    7.5000   15.0000   37.5000 2672.9724   14.1953
   -7.5000   22.5000   37.5000 2607.7566   14.9333
    0.0000   22.5000   37.5000 2626.6467   14.7173
    7.5000   22.5000   37.5000 2613.5754   14.8297
   -7.5000   30.0000   37.5000 2532.3940   15.7780
    0.0000   30.0000   37.5000 2554.7874   15.5702
    7.5000   30.0000   37.5000 2539.4280   15.6872
   -7.5000   37.5000   37.5000 2439.6003   16.9547
    0.0000   37.5000   37.5000 2460.4688   16.7752
    7.5000   37.5000   37.5000 2446.6853   16.8817
   -7.5000   45.0000   37.5000 2308.3833   18.5173
    0.0000   45.0000   37.5000 2330.4905   18.3827
    7.5000   45.0000   37.5000 2316.2454   18.4442
   -7.5000  -45.0000   45.0000 2529.7539   15.5571
    0.0000  -45.0000   45.0000 2554.5564   15.2246
    7.5000  -45.0000   45.0000 2543.7385   15.4012
   -7.5000  -37.5000   45.0000 2555.3257   14.8761
    0.0000  -37.5000   45.0000 2579.5413   14.5604
    7.5000  -37.5000   45.0000 2566.8945   14.7364
   -7.5000  -30.0000   45.0000 2585.7563   14.3880
    0.0000  -30.0000   45.0000 2609.6602   14.0767
    7.5000  -30.0000   45.0000 2594.4229   14.2629
   -7.5000  -22.5000   45.0000 2609.0649   14.0779
    0.0000  -22.5000   45.0000 2637.0667   13.8201
    7.5000  -22.5000   45.0000 2617.5977   13.9795
   -7.5000  -15.0000   45.0000 2629.5789   13.9656
    0.0000  -15.0000   45.0000 2659.4165   13.7159
    7.5000  -15.0000   45.0000 2636.1074   13.8719
   -7.5000   -7.5000   45.0000 2643.3918   14.0206
    0.0000   -7.5000   45.0000 2669.6904   13.8196
    7.5000   -7.5000   45.0000 2644.4053   13.9648
   -7.5000    0.0000   45.0000 2639.2590   14.2347
    0.0000    0.0000   45.0000 2660.3657   14.0472
    7.5000    0.0000   45.0000 2642.4819   14.1814
   -7.5000    7.5000   45.0000 2618.8535   14.6922
    0.0000    7.5000   45.0000 2639.4668   14.5161
    7.5000    7.5000   45.0000 2629.3264   14.6183
   -7.5000   15.0000   45.0000 2576.5532   15.2695
    0.0000   15.0000   45.0000 2596.7908   15.1082
    7.5000   15.0000   45.0000 2588.5305   15.1828
   -7.5000   22.5000   45.0000 2520.1377   15.9147
    0.0000   22.5000   45.0000 2541.6401   15.7345
    7.5000   22.5000   45.0000 2530.2092   15.8081
   -7.5000   30.0000   45.0000 2453.4221   16.7149
    0.0000   30.0000   45.0000 2479.2603   16.5493
    7.5000   30.0000   45.0000 2460.8003   16.6406
   -7.5000   37.5000   45.0000 2372.3564   17.8670
    0.0000   37.5000   45.0000 2399.3015   17.6967
    7.5000   37.5000   45.0000 2377.2087   17.7856
   -7.5000   45.0000   45.0000 2255.8208   19.4194
    0.0000   45.0000   45.0000 2279.4392   19.2915
    7.5000   45.0000   45.0000 2258.6201   19.3171

---------------------------------------------------------------------
imgreg_4dfp /opt/freesurfer/average/711-2C_as_mni_average_305 /opt/freesurfer/average/711-2B_as_mni_average_305_mask talsrcimg_g11 none talsrcimg_to_711-2C_as_mni_average_305_t4 1283
---------------------------------------------------------------------

freesurfer imgreg_4dfp.c
/opt/freesurfer/average/711-2C_as_mni_average_305.4dfp.img
       256       256       256         1
  1.000000  1.000000  1.000000
orientation T byte_order littleendian
Reading image: /opt/freesurfer/average/711-2C_as_mni_average_305.4dfp.img
dimensions:      256       256       256
mmppix:       1.0000   -1.0000   -1.0000
center:     128.0000 -129.0000 -129.0000
/opt/freesurfer/average/711-2B_as_mni_average_305_mask.4dfp.img
       256       256       256         1
  1.000000  1.000000  1.000000
orientation T byte_order littleendian
Reading mask: /opt/freesurfer/average/711-2B_as_mni_average_305_mask.4dfp.img (2306576 pixels)
talsrcimg_g11.4dfp.img
       256       256       256         1
  1.000000  1.000000  1.000000
orientation T byte_order littleendian
Reading image: talsrcimg_g11.4dfp.img
dimensions:      256       256       256
mmppix:       1.0000   -1.0000   -1.0000
center:     128.0000 -129.0000 -129.0000
rotation matrix determinant  1.000000
fimgreg.f
image alignment mode   1283 decimal      503 hex
parameters
    0.0000    0.0000    0.0000    0.0000    0.0000    0.0000
eta,q 0.94447 11.29949
niter,ni,del,rscale     5    3   12.0000    1.2000
parameter  4-11.226886 ->  0.500000 qaram    1.1500
parameters
    0.9269   -0.6599    2.8927   -3.4500    0.4920   -0.8534
eta,q 0.95031 11.08285
  0.0703  0.0587  0.0635  0.0471  0.0547  0.0537
  0.0642  0.0577  0.0618  0.0493  0.0527  0.0515
  0.0593  0.0568  0.0587  0.0522  0.0512  0.0499
  0.0568  0.0563  0.0561  0.0549  0.0501  0.0499
  0.0566  0.0566  0.0550  0.0568  0.0502  0.0513
  0.0594  0.0581  0.0554  0.0588  0.0517  0.0537
  0.0643  0.0609  0.0571  0.0615  0.0537  0.0561
niter,ni,del,rscale     5    3   12.0000    1.2000
parameter  4  8.123573 ->  0.500000 qaram    1.3225
parameters
    0.6282   -0.4842    3.4353   -7.4175    1.8080   -1.2119
eta,q 0.95467 11.06737
  0.0609  0.0570  0.0550  0.0427  0.0505  0.0489
  0.0555  0.0552  0.0520  0.0451  0.0485  0.0463
  0.0516  0.0523  0.0502  0.0472  0.0468  0.0455
  0.0497  0.0499  0.0497  0.0499  0.0457  0.0453
  0.0514  0.0500  0.0505  0.0534  0.0453  0.0458
  0.0573  0.0531  0.0514  0.0563  0.0461  0.0473
  0.0635  0.0578  0.0530  0.0585  0.0478  0.0496
niter,ni,del,rscale     5    3   12.0000    1.2000
parameter  4  2.875020 ->  0.500000 qaram    1.5209
parameters
    0.0683    0.8554    4.0866  -11.9801    2.9555   -0.8695
eta,q 0.96147 11.04729
  0.0554  0.0544  0.0484  0.0359  0.0455  0.0450
  0.0486  0.0505  0.0454  0.0384  0.0428  0.0412
  0.0452  0.0475  0.0444  0.0409  0.0409  0.0390
  0.0453  0.0451  0.0443  0.0443  0.0391  0.0385
  0.0474  0.0442  0.0444  0.0478  0.0385  0.0390
  0.0525  0.0451  0.0448  0.0522  0.0397  0.0408
  0.0591  0.0495  0.0466  0.0561  0.0425  0.0433
niter,ni,del,rscale     5    3   12.0000    1.2000
parameter  4  0.868823 ->  0.500000 qaram    1.7490
parameters
   -0.4763    1.9105    3.1180  -17.2272    3.1122   -1.4284
eta,q 0.96681 11.11622
  0.0508  0.0483  0.0410  0.0334  0.0399  0.0378
  0.0431  0.0434  0.0382  0.0332  0.0365  0.0353
  0.0383  0.0403  0.0372  0.0344  0.0344  0.0338
  0.0385  0.0381  0.0370  0.0370  0.0332  0.0332
  0.0419  0.0367  0.0380  0.0413  0.0339  0.0343
  0.0476  0.0389  0.0406  0.0464  0.0361  0.0367
  0.0548  0.0436  0.0454  0.0519  0.0394  0.0399
niter,ni,del,rscale     5    3   12.0000    1.2000
parameters
   -0.3777    3.5461    1.6684  -21.6932    2.9842   -0.9214
eta,q 0.96990 11.11126
  0.0502  0.0441  0.0355  0.0335  0.0369  0.0373
  0.0426  0.0388  0.0331  0.0305  0.0336  0.0339
  0.0358  0.0355  0.0323  0.0301  0.0313  0.0313
  0.0332  0.0332  0.0322  0.0322  0.0301  0.0301
  0.0351  0.0321  0.0337  0.0353  0.0309  0.0305
  0.0412  0.0327  0.0373  0.0406  0.0338  0.0323
  0.0497  0.0368  0.0426  0.0470  0.0378  0.0354
niter,ni,del,rscale     4    3   12.0000    1.2000
parameters
   -0.2196    3.9884   -0.4106  -22.9871    2.7463   -0.7498
eta,q 0.97219 11.13161
  0.0497  0.0396  0.0324  0.0373  0.0350  0.0348
  0.0398  0.0349  0.0284  0.0316  0.0319  0.0317
  0.0322  0.0317  0.0280  0.0291  0.0290  0.0292
  0.0301  0.0301  0.0300  0.0279  0.0278  0.0278
  0.0323  0.0304  0.0325  0.0317  0.0292  0.0285
  0.0388  0.0330  0.0361  0.0363  0.0325  0.0309
  0.0474  0.0374  0.0412  0.0416  0.0364  0.0344
niter,ni,del,rscale     3    3   12.0000    1.2000
parameters
   -0.0390    3.9309   -0.5031  -23.0583    2.5422   -0.6967
eta,q 0.97224 11.13255
  0.0490  0.0383  0.0377  0.0401  0.0349  0.0345
  0.0389  0.0329  0.0317  0.0332  0.0319  0.0315
  0.0304  0.0291  0.0278  0.0301  0.0291  0.0290
  0.0278  0.0278  0.0278  0.0277  0.0278  0.0278
  0.0299  0.0296  0.0303  0.0299  0.0290  0.0285
  0.0372  0.0336  0.0330  0.0348  0.0323  0.0310
  0.0465  0.0383  0.0369  0.0396  0.0362  0.0347
niter,ni,del,rscale     2    3   12.0000    1.2000
parameters
    0.0512    3.9425   -0.5382  -23.0808    2.4337   -0.6704
eta,q 0.97224 11.13328
  0.0484  0.0385  0.0380  0.0402  0.0350  0.0345
  0.0383  0.0331  0.0319  0.0333  0.0320  0.0315
  0.0301  0.0292  0.0278  0.0301  0.0292  0.0290
  0.0278  0.0278  0.0278  0.0277  0.0278  0.0278
  0.0301  0.0294  0.0303  0.0298  0.0289  0.0285
  0.0376  0.0334  0.0330  0.0347  0.0320  0.0311
  0.0469  0.0381  0.0368  0.0395  0.0359  0.0347
niter,ni,del,rscale     1    3   12.0000    1.2000
parameters
    0.0975    3.9507   -0.5543  -23.0903    2.3780   -0.6565
eta,q 0.97223 11.13381
  0.0481  0.0385  0.0381  0.0402  0.0351  0.0345
  0.0380  0.0331  0.0320  0.0333  0.0320  0.0315
  0.0300  0.0292  0.0279  0.0301  0.0293  0.0290
  0.0278  0.0278  0.0278  0.0278  0.0278  0.0278
  0.0303  0.0294  0.0303  0.0297  0.0288  0.0286
  0.0378  0.0335  0.0330  0.0348  0.0319  0.0311
  0.0471  0.0381  0.0368  0.0395  0.0358  0.0348
registration optimization eta report
parameter search radius
    6.0000    6.0000    6.0000   10.4940    6.0000    6.0000
100000*second partial in parameter space
       55.       29.       26.       11.       20.       19.
  0.0481  0.0385  0.0381  0.0402  0.0351  0.0345
  0.0380  0.0331  0.0320  0.0333  0.0320  0.0315
  0.0300  0.0292  0.0279  0.0301  0.0293  0.0290
  0.0278  0.0278  0.0278  0.0278  0.0278  0.0278
  0.0303  0.0294  0.0303  0.0297  0.0288  0.0286
  0.0378  0.0335  0.0330  0.0348  0.0319  0.0311
  0.0471  0.0381  0.0368  0.0395  0.0358  0.0348
    0.0975    3.9507   -0.5543  -23.0903    2.3780   -0.6565
eta,q 0.97223 11.13381

---------------------------------------------------------------------
imgreg_4dfp /opt/freesurfer/average/711-2C_as_mni_average_305 /opt/freesurfer/average/711-2B_as_mni_average_305_mask talsrcimg_g11 none talsrcimg_to_711-2C_as_mni_average_305_t4 3335
---------------------------------------------------------------------

freesurfer imgreg_4dfp.c
/opt/freesurfer/average/711-2C_as_mni_average_305.4dfp.img
       256       256       256         1
  1.000000  1.000000  1.000000
orientation T byte_order littleendian
Reading image: /opt/freesurfer/average/711-2C_as_mni_average_305.4dfp.img
dimensions:      256       256       256
mmppix:       1.0000   -1.0000   -1.0000
center:     128.0000 -129.0000 -129.0000
/opt/freesurfer/average/711-2B_as_mni_average_305_mask.4dfp.img
       256       256       256         1
  1.000000  1.000000  1.000000
orientation T byte_order littleendian
Reading mask: /opt/freesurfer/average/711-2B_as_mni_average_305_mask.4dfp.img (2306576 pixels)
talsrcimg_g11.4dfp.img
       256       256       256         1
  1.000000  1.000000  1.000000
orientation T byte_order littleendian
Reading image: talsrcimg_g11.4dfp.img
dimensions:      256       256       256
mmppix:       1.0000   -1.0000   -1.0000
center:     128.0000 -129.0000 -129.0000
fimgreg.f
image alignment mode   3335 decimal      D07 hex
parameters
    0.0975    3.9507   -0.5543   -0.0927   -8.0359   -8.0904
    2.6812   -3.3672   -1.1448   39.2593    4.1492  -39.1844
eta,q 0.97204 11.19790
niter,ni,del,rscale     5    3    5.0000    1.2000
parameter  4  0.681413 ->  0.500000 qaram    1.1500
parameter  5  0.612073 ->  0.500000 qaram    1.1500
parameters
    0.2529    4.3783   -0.6181   -4.2327  -12.1759  -10.5483
    2.8271   -2.9670   -1.5587   37.5374    4.1349  -38.3111
eta,q 0.97436 10.75136
  0.0317  0.0306  0.0293  0.0270  0.0264  0.0265  0.0284  0.0301  0.0273  0.0268  0.0263  0.0272
  0.0297  0.0293  0.0285  0.0267  0.0259  0.0260  0.0271  0.0280  0.0264  0.0261  0.0260  0.0265
  0.0285  0.0284  0.0280  0.0269  0.0260  0.0257  0.0261  0.0264  0.0259  0.0257  0.0257  0.0259
  0.0280  0.0280  0.0279  0.0279  0.0267  0.0259  0.0257  0.0257  0.0257  0.0257  0.0257  0.0257
  0.0282  0.0279  0.0281  0.0296  0.0277  0.0266  0.0260  0.0261  0.0260  0.0263  0.0258  0.0257
  0.0292  0.0284  0.0286  0.0318  0.0289  0.0280  0.0269  0.0273  0.0267  0.0274  0.0260  0.0260
  0.0308  0.0292  0.0294  0.0344  0.0304  0.0301  0.0282  0.0293  0.0277  0.0289  0.0263  0.0266
niter,ni,del,rscale     6    3    5.0000    1.2000
parameters
    0.2585    4.3216   -1.4555   -5.0668  -11.3972  -12.2193
    2.8059   -2.8745   -1.6225   37.2247    4.4423  -38.4387
eta,q 0.97464 10.65272
  0.0289  0.0278  0.0260  0.0276  0.0286  0.0266  0.0279  0.0293  0.0271  0.0272  0.0260  0.0266
  0.0271  0.0266  0.0256  0.0267  0.0272  0.0256  0.0266  0.0273  0.0262  0.0262  0.0257  0.0259
  0.0260  0.0258  0.0255  0.0258  0.0261  0.0253  0.0256  0.0259  0.0256  0.0256  0.0255  0.0255
  0.0256  0.0256  0.0256  0.0255  0.0255  0.0255  0.0254  0.0254  0.0254  0.0254  0.0254  0.0254
  0.0260  0.0260  0.0261  0.0257  0.0257  0.0260  0.0257  0.0258  0.0256  0.0256  0.0254  0.0255
  0.0271  0.0268  0.0268  0.0271  0.0265  0.0270  0.0266  0.0271  0.0262  0.0264  0.0256  0.0260
  0.0289  0.0280  0.0277  0.0292  0.0277  0.0286  0.0279  0.0292  0.0271  0.0276  0.0259  0.0267
niter,ni,del,rscale     5    3    5.0000    1.2000
parameters
    0.2670    4.2497   -1.8452   -5.1953  -11.2446  -12.7259
    2.8036   -2.9080   -1.6562   37.2898    4.4057  -38.6885
eta,q 0.97472 10.63293
  0.0286  0.0275  0.0263  0.0277  0.0280  0.0272  0.0278  0.0291  0.0270  0.0274  0.0259  0.0265
  0.0268  0.0263  0.0256  0.0267  0.0267  0.0260  0.0265  0.0271  0.0261  0.0263  0.0256  0.0258
  0.0257  0.0255  0.0253  0.0258  0.0257  0.0253  0.0256  0.0258  0.0255  0.0256  0.0253  0.0254
  0.0254  0.0254  0.0254  0.0253  0.0253  0.0253  0.0253  0.0253  0.0253  0.0253  0.0253  0.0253
  0.0257  0.0257  0.0257  0.0254  0.0257  0.0257  0.0256  0.0258  0.0255  0.0255  0.0254  0.0254
  0.0268  0.0266  0.0263  0.0263  0.0266  0.0265  0.0265  0.0271  0.0261  0.0262  0.0256  0.0259
  0.0285  0.0277  0.0271  0.0283  0.0278  0.0277  0.0278  0.0292  0.0271  0.0274  0.0259  0.0267
niter,ni,del,rscale     4    3    5.0000    1.2000
parameters
    0.2641    4.2539   -1.9907   -5.2069  -11.2883  -12.9003
    2.8275   -2.9252   -1.6438   37.4204    4.3418  -38.8355
eta,q 0.97473 10.62760
  0.0284  0.0276  0.0265  0.0277  0.0278  0.0274  0.0278  0.0291  0.0270  0.0274  0.0259  0.0265
  0.0267  0.0263  0.0258  0.0267  0.0266  0.0261  0.0265  0.0271  0.0261  0.0263  0.0255  0.0258
  0.0256  0.0255  0.0254  0.0258  0.0256  0.0254  0.0256  0.0258  0.0255  0.0256  0.0253  0.0254
  0.0253  0.0253  0.0253  0.0253  0.0253  0.0253  0.0253  0.0253  0.0253  0.0253  0.0253  0.0253
  0.0257  0.0256  0.0255  0.0253  0.0257  0.0256  0.0256  0.0257  0.0255  0.0254  0.0253  0.0254
  0.0267  0.0264  0.0260  0.0262  0.0266  0.0263  0.0265  0.0271  0.0261  0.0262  0.0256  0.0259
  0.0284  0.0275  0.0268  0.0281  0.0279  0.0275  0.0277  0.0292  0.0270  0.0273  0.0259  0.0267
niter,ni,del,rscale     3    3    5.0000    1.2000
parameters
    0.2589    4.2754   -2.0621   -5.2120  -11.3707  -12.9886
    2.8360   -2.9398   -1.6184   37.5302    4.3029  -38.9295
eta,q 0.97475 10.62394
  0.0284  0.0276  0.0266  0.0276  0.0278  0.0274  0.0278  0.0291  0.0270  0.0274  0.0259  0.0265
  0.0267  0.0263  0.0258  0.0266  0.0266  0.0261  0.0264  0.0271  0.0261  0.0263  0.0255  0.0258
  0.0256  0.0255  0.0254  0.0258  0.0256  0.0254  0.0255  0.0257  0.0255  0.0256  0.0253  0.0254
  0.0253  0.0253  0.0253  0.0253  0.0253  0.0253  0.0253  0.0253  0.0253  0.0253  0.0253  0.0253
  0.0256  0.0256  0.0255  0.0253  0.0257  0.0255  0.0256  0.0257  0.0255  0.0254  0.0253  0.0254
  0.0267  0.0263  0.0260  0.0262  0.0266  0.0263  0.0265  0.0271  0.0261  0.0262  0.0256  0.0259
  0.0284  0.0274  0.0267  0.0281  0.0279  0.0274  0.0277  0.0292  0.0270  0.0273  0.0259  0.0266
niter,ni,del,rscale     2    3    5.0000    1.2000
parameters
    0.2559    4.2948   -2.1110   -5.2139  -11.4394  -13.0578
    2.8496   -2.9509   -1.5983   37.6086    4.2898  -38.9834
eta,q 0.97475 10.62053
  0.0284  0.0276  0.0266  0.0276  0.0278  0.0274  0.0278  0.0291  0.0270  0.0273  0.0259  0.0265
  0.0267  0.0263  0.0258  0.0266  0.0266  0.0262  0.0264  0.0271  0.0261  0.0262  0.0255  0.0259
  0.0256  0.0255  0.0254  0.0258  0.0256  0.0254  0.0255  0.0257  0.0255  0.0256  0.0253  0.0254
  0.0253  0.0253  0.0253  0.0253  0.0253  0.0253  0.0253  0.0252  0.0253  0.0253  0.0253  0.0253
  0.0256  0.0256  0.0254  0.0253  0.0256  0.0255  0.0256  0.0257  0.0255  0.0254  0.0253  0.0254
  0.0267  0.0263  0.0259  0.0262  0.0266  0.0263  0.0265  0.0271  0.0261  0.0262  0.0255  0.0258
  0.0284  0.0274  0.0267  0.0281  0.0279  0.0274  0.0277  0.0291  0.0270  0.0273  0.0259  0.0266
niter,ni,del,rscale     1    3    5.0000    1.2000
parameters
    0.2541    4.3108   -2.1440   -5.2178  -11.4922  -13.1003
    2.8521   -2.9573   -1.5906   37.6675    4.2785  -39.0280
eta,q 0.97476 10.61834
  0.0284  0.0276  0.0266  0.0276  0.0278  0.0274  0.0278  0.0291  0.0270  0.0273  0.0259  0.0265
  0.0267  0.0263  0.0258  0.0266  0.0266  0.0262  0.0264  0.0271  0.0261  0.0262  0.0255  0.0259
  0.0256  0.0255  0.0254  0.0258  0.0256  0.0254  0.0255  0.0257  0.0255  0.0256  0.0253  0.0254
  0.0252  0.0253  0.0252  0.0252  0.0252  0.0252  0.0252  0.0252  0.0253  0.0252  0.0252  0.0252
  0.0256  0.0256  0.0254  0.0253  0.0256  0.0255  0.0256  0.0257  0.0255  0.0254  0.0253  0.0254
  0.0267  0.0263  0.0259  0.0262  0.0265  0.0263  0.0265  0.0271  0.0261  0.0262  0.0255  0.0258
  0.0284  0.0274  0.0267  0.0281  0.0279  0.0274  0.0277  0.0291  0.0270  0.0273  0.0259  0.0266
registration optimization eta report
parameter search radius
    2.4000    2.4000    2.4000    8.2800    8.2800    7.2000
    7.2000    7.2000    7.2000    7.2000    7.2000    7.2000
100000*second partial in parameter space
       55.       39.       24.        4.        4.        4.
        5.        7.        3.        4.        1.        3.
  0.0284  0.0276  0.0266  0.0276  0.0278  0.0274  0.0278  0.0291  0.0270  0.0273  0.0259  0.0265
  0.0267  0.0263  0.0258  0.0266  0.0266  0.0262  0.0264  0.0271  0.0261  0.0262  0.0255  0.0259
  0.0256  0.0255  0.0254  0.0258  0.0256  0.0254  0.0255  0.0257  0.0255  0.0256  0.0253  0.0254
  0.0252  0.0253  0.0252  0.0252  0.0252  0.0252  0.0252  0.0252  0.0253  0.0252  0.0252  0.0252
  0.0256  0.0256  0.0254  0.0253  0.0256  0.0255  0.0256  0.0257  0.0255  0.0254  0.0253  0.0254
  0.0267  0.0263  0.0259  0.0262  0.0265  0.0263  0.0265  0.0271  0.0261  0.0262  0.0255  0.0258
  0.0284  0.0274  0.0267  0.0281  0.0279  0.0274  0.0277  0.0291  0.0270  0.0273  0.0259  0.0266
    0.2541    4.3108   -2.1440   -5.2178  -11.4922  -13.1003
    2.8521   -2.9573   -1.5906   37.6675    4.2785  -39.0280
eta,q 0.97476 10.61834

---------------------------------------------------------------------
imgreg_4dfp /opt/freesurfer/average/711-2C_as_mni_average_305 /opt/freesurfer/average/711-2B_as_mni_average_305_mask talsrcimg_g11 none talsrcimg_to_711-2C_as_mni_average_305_t4 2311
---------------------------------------------------------------------

freesurfer imgreg_4dfp.c
/opt/freesurfer/average/711-2C_as_mni_average_305.4dfp.img
       256       256       256         1
  1.000000  1.000000  1.000000
orientation T byte_order littleendian
Reading image: /opt/freesurfer/average/711-2C_as_mni_average_305.4dfp.img
dimensions:      256       256       256
mmppix:       1.0000   -1.0000   -1.0000
center:     128.0000 -129.0000 -129.0000
/opt/freesurfer/average/711-2B_as_mni_average_305_mask.4dfp.img
       256       256       256         1
  1.000000  1.000000  1.000000
orientation T byte_order littleendian
Reading mask: /opt/freesurfer/average/711-2B_as_mni_average_305_mask.4dfp.img (2306576 pixels)
talsrcimg_g11.4dfp.img
       256       256       256         1
  1.000000  1.000000  1.000000
orientation T byte_order littleendian
Reading image: talsrcimg_g11.4dfp.img
dimensions:      256       256       256
mmppix:       1.0000   -1.0000   -1.0000
center:     128.0000 -129.0000 -129.0000
fimgreg.f
image alignment mode   2311 decimal      907 hex
parameters
    0.2541    4.3108   -2.1440   -5.2178  -11.4922  -13.1003
    2.8521   -2.9573   -1.5906   37.6675    4.2785  -39.0280
eta,q 0.97476 10.61833
niter,ni,del,rscale     5    3    5.0000    0.8000
parameters
    0.2499    4.2835   -2.1874   -4.3101  -11.5256  -13.3075
    2.7975   -2.8994   -1.5999   37.6078    4.0522  -38.9514
eta,q 0.97483 10.64674
  0.0267  0.0263  0.0258  0.0264  0.0262  0.0261  0.0264  0.0271  0.0260  0.0261  0.0255  0.0258
  0.0259  0.0257  0.0255  0.0259  0.0257  0.0255  0.0257  0.0261  0.0256  0.0256  0.0253  0.0255
  0.0254  0.0253  0.0253  0.0255  0.0253  0.0252  0.0253  0.0254  0.0253  0.0253  0.0252  0.0253
  0.0252  0.0252  0.0252  0.0252  0.0252  0.0252  0.0252  0.0252  0.0252  0.0252  0.0252  0.0252
  0.0254  0.0254  0.0253  0.0252  0.0253  0.0253  0.0253  0.0254  0.0253  0.0253  0.0252  0.0252
  0.0259  0.0258  0.0256  0.0254  0.0257  0.0256  0.0258  0.0260  0.0256  0.0256  0.0253  0.0254
  0.0267  0.0263  0.0259  0.0258  0.0262  0.0262  0.0264  0.0270  0.0260  0.0262  0.0255  0.0258
niter,ni,del,rscale     4    3    5.0000    0.7000
parameters
    0.2570    4.2773   -2.2143   -4.2575  -11.5014  -13.4070
    2.7551   -2.8641   -1.5929   37.6225    4.0076  -38.9205
eta,q 0.97483 10.64451
  0.0263  0.0260  0.0256  0.0259  0.0260  0.0259  0.0261  0.0267  0.0258  0.0259  0.0254  0.0256
  0.0257  0.0255  0.0254  0.0255  0.0256  0.0254  0.0256  0.0259  0.0255  0.0255  0.0253  0.0254
  0.0253  0.0253  0.0252  0.0253  0.0253  0.0252  0.0253  0.0254  0.0252  0.0253  0.0252  0.0252
  0.0252  0.0252  0.0252  0.0252  0.0252  0.0252  0.0252  0.0252  0.0252  0.0252  0.0252  0.0252
  0.0253  0.0253  0.0252  0.0252  0.0253  0.0253  0.0253  0.0253  0.0252  0.0252  0.0252  0.0252
  0.0257  0.0256  0.0254  0.0254  0.0256  0.0255  0.0256  0.0258  0.0255  0.0255  0.0253  0.0254
  0.0263  0.0260  0.0257  0.0259  0.0260  0.0259  0.0261  0.0266  0.0258  0.0259  0.0254  0.0256
niter,ni,del,rscale     3    3    5.0000    0.6000
parameters
    0.2593    4.2757   -2.2336   -4.1537  -11.5360  -13.5028
    2.7280   -2.8454   -1.5906   37.6470    3.9652  -38.8806
eta,q 0.97484 10.64253
  0.0260  0.0258  0.0255  0.0257  0.0258  0.0257  0.0259  0.0263  0.0256  0.0257  0.0253  0.0255
  0.0255  0.0254  0.0253  0.0254  0.0254  0.0253  0.0255  0.0257  0.0254  0.0254  0.0252  0.0253
  0.0253  0.0252  0.0252  0.0253  0.0252  0.0252  0.0252  0.0253  0.0252  0.0252  0.0252  0.0252
  0.0252  0.0252  0.0252  0.0252  0.0252  0.0252  0.0252  0.0252  0.0252  0.0252  0.0252  0.0252
  0.0253  0.0252  0.0252  0.0252  0.0253  0.0253  0.0253  0.0253  0.0252  0.0252  0.0252  0.0252
  0.0255  0.0254  0.0253  0.0254  0.0255  0.0254  0.0255  0.0257  0.0254  0.0254  0.0252  0.0253
  0.0260  0.0258  0.0255  0.0257  0.0258  0.0257  0.0259  0.0263  0.0256  0.0257  0.0253  0.0255
niter,ni,del,rscale     2    3    5.0000    0.5000
parameters
    0.2599    4.2799   -2.2529   -4.0814  -11.5560  -13.6209
    2.7098   -2.8299   -1.5937   37.6824    3.9484  -38.8564
eta,q 0.97485 10.63908
  0.0257  0.0256  0.0254  0.0255  0.0256  0.0255  0.0256  0.0259  0.0255  0.0256  0.0253  0.0254
  0.0254  0.0254  0.0253  0.0253  0.0254  0.0253  0.0254  0.0255  0.0253  0.0253  0.0252  0.0253
  0.0252  0.0252  0.0252  0.0252  0.0252  0.0252  0.0252  0.0253  0.0252  0.0252  0.0252  0.0252
  0.0252  0.0252  0.0252  0.0252  0.0252  0.0252  0.0252  0.0252  0.0252  0.0252  0.0252  0.0252
  0.0252  0.0252  0.0252  0.0252  0.0252  0.0252  0.0252  0.0252  0.0252  0.0252  0.0252  0.0252
  0.0254  0.0254  0.0253  0.0253  0.0254  0.0253  0.0254  0.0255  0.0253  0.0253  0.0252  0.0253
  0.0257  0.0256  0.0254  0.0255  0.0256  0.0255  0.0257  0.0259  0.0255  0.0256  0.0253  0.0254
niter,ni,del,rscale     1    3    5.0000    0.4000
parameters
    0.2627    4.2884   -2.2794   -4.0179  -11.5956  -13.7839
    2.6859   -2.8175   -1.5844   37.7253    3.9612  -38.8248
eta,q 0.97485 10.63213
  0.0255  0.0254  0.0253  0.0254  0.0254  0.0254  0.0255  0.0257  0.0254  0.0254  0.0252  0.0253
  0.0253  0.0253  0.0252  0.0253  0.0253  0.0252  0.0253  0.0254  0.0252  0.0253  0.0252  0.0252
  0.0252  0.0252  0.0252  0.0252  0.0252  0.0252  0.0252  0.0252  0.0252  0.0252  0.0252  0.0252
  0.0252  0.0252  0.0252  0.0252  0.0252  0.0252  0.0251  0.0251  0.0251  0.0251  0.0251  0.0251
  0.0252  0.0252  0.0252  0.0252  0.0252  0.0252  0.0252  0.0252  0.0252  0.0252  0.0252  0.0252
  0.0253  0.0253  0.0252  0.0252  0.0253  0.0253  0.0253  0.0254  0.0252  0.0253  0.0252  0.0252
  0.0255  0.0254  0.0253  0.0254  0.0255  0.0254  0.0255  0.0257  0.0254  0.0254  0.0252  0.0253
registration optimization eta report
parameter search radius
    0.8000    0.8000    0.8000    2.4000    2.4000    2.4000
    2.4000    2.4000    2.4000    2.4000    2.4000    2.4000
100000*second partial in parameter space
       58.       43.       25.        4.        5.        4.
        5.        9.        4.        4.        1.        3.
  0.0255  0.0254  0.0253  0.0254  0.0254  0.0254  0.0255  0.0257  0.0254  0.0254  0.0252  0.0253
  0.0253  0.0253  0.0252  0.0253  0.0253  0.0252  0.0253  0.0254  0.0252  0.0253  0.0252  0.0252
  0.0252  0.0252  0.0252  0.0252  0.0252  0.0252  0.0252  0.0252  0.0252  0.0252  0.0252  0.0252
  0.0252  0.0252  0.0252  0.0252  0.0252  0.0252  0.0251  0.0251  0.0251  0.0251  0.0251  0.0251
  0.0252  0.0252  0.0252  0.0252  0.0252  0.0252  0.0252  0.0252  0.0252  0.0252  0.0252  0.0252
  0.0253  0.0253  0.0252  0.0252  0.0253  0.0253  0.0253  0.0254  0.0252  0.0253  0.0252  0.0252
  0.0255  0.0254  0.0253  0.0254  0.0255  0.0254  0.0255  0.0257  0.0254  0.0254  0.0252  0.0253
    0.2627    4.2884   -2.2794   -4.0179  -11.5956  -13.7839
    2.6859   -2.8175   -1.5844   37.7253    3.9612  -38.8248
eta,q 0.97485 10.63213

---------------------------------------------------------------------
imgreg_4dfp /opt/freesurfer/average/711-2C_as_mni_average_305 /opt/freesurfer/average/711-2B_as_mni_average_305_mask talsrcimg_g11 none talsrcimg_to_711-2C_as_mni_average_305_t4 2311
---------------------------------------------------------------------

freesurfer imgreg_4dfp.c
/opt/freesurfer/average/711-2C_as_mni_average_305.4dfp.img
       256       256       256         1
  1.000000  1.000000  1.000000
orientation T byte_order littleendian
Reading image: /opt/freesurfer/average/711-2C_as_mni_average_305.4dfp.img
dimensions:      256       256       256
mmppix:       1.0000   -1.0000   -1.0000
center:     128.0000 -129.0000 -129.0000
/opt/freesurfer/average/711-2B_as_mni_average_305_mask.4dfp.img
       256       256       256         1
  1.000000  1.000000  1.000000
orientation T byte_order littleendian
Reading mask: /opt/freesurfer/average/711-2B_as_mni_average_305_mask.4dfp.img (2306576 pixels)
talsrcimg_g11.4dfp.img
       256       256       256         1
  1.000000  1.000000  1.000000
orientation T byte_order littleendian
Reading image: talsrcimg_g11.4dfp.img
dimensions:      256       256       256
mmppix:       1.0000   -1.0000   -1.0000
center:     128.0000 -129.0000 -129.0000
fimgreg.f
image alignment mode   2311 decimal      907 hex
parameters
    0.2627    4.2884   -2.2794   -4.0179  -11.5956  -13.7839
    2.6859   -2.8175   -1.5844   37.7253    3.9612  -38.8248
eta,q 0.97485 10.63213
niter,ni,del,rscale     5    3    5.0000    0.8000
parameters
    0.2580    4.3356   -2.3081   -4.3588  -11.5428  -13.5610
    2.7380   -2.8568   -1.5620   37.6977    4.0253  -39.0009
eta,q 0.97483 10.63400
  0.0266  0.0263  0.0258  0.0260  0.0262  0.0263  0.0264  0.0270  0.0260  0.0261  0.0255  0.0257
  0.0258  0.0257  0.0254  0.0255  0.0256  0.0256  0.0257  0.0260  0.0255  0.0256  0.0253  0.0254
  0.0253  0.0253  0.0252  0.0253  0.0253  0.0252  0.0253  0.0254  0.0253  0.0253  0.0252  0.0252
  0.0251  0.0251  0.0251  0.0251  0.0252  0.0252  0.0252  0.0252  0.0252  0.0252  0.0252  0.0252
  0.0253  0.0253  0.0252  0.0252  0.0253  0.0253  0.0253  0.0254  0.0253  0.0253  0.0252  0.0252
  0.0258  0.0256  0.0255  0.0256  0.0256  0.0255  0.0257  0.0261  0.0255  0.0256  0.0253  0.0254
  0.0266  0.0261  0.0258  0.0264  0.0261  0.0261  0.0263  0.0271  0.0260  0.0262  0.0255  0.0258
niter,ni,del,rscale     4    3    5.0000    0.7000
parameters
    0.2575    4.3052   -2.2818   -4.2482  -11.5587  -13.5114
    2.7398   -2.8618   -1.5718   37.7101    3.9768  -38.9783
eta,q 0.97484 10.64058
  0.0263  0.0260  0.0257  0.0259  0.0260  0.0260  0.0261  0.0266  0.0258  0.0259  0.0254  0.0256
  0.0257  0.0255  0.0254  0.0255  0.0255  0.0255  0.0256  0.0258  0.0255  0.0255  0.0253  0.0254
  0.0253  0.0252  0.0252  0.0253  0.0253  0.0252  0.0253  0.0253  0.0252  0.0253  0.0252  0.0252
  0.0252  0.0252  0.0252  0.0252  0.0252  0.0252  0.0252  0.0252  0.0252  0.0252  0.0252  0.0252
  0.0253  0.0253  0.0252  0.0252  0.0253  0.0253  0.0253  0.0253  0.0252  0.0252  0.0252  0.0252
  0.0257  0.0256  0.0254  0.0254  0.0256  0.0255  0.0256  0.0258  0.0255  0.0255  0.0253  0.0254
  0.0263  0.0260  0.0256  0.0259  0.0260  0.0259  0.0261  0.0266  0.0258  0.0259  0.0254  0.0256
niter,ni,del,rscale     3    3    5.0000    0.6000
parameters
    0.2579    4.2951   -2.2699   -4.1584  -11.5798  -13.5436
    2.7313   -2.8541   -1.5714   37.7175    3.9489  -38.9454
eta,q 0.97484 10.64142
  0.0260  0.0258  0.0255  0.0257  0.0258  0.0257  0.0259  0.0263  0.0256  0.0257  0.0253  0.0255
  0.0255  0.0254  0.0253  0.0254  0.0254  0.0253  0.0255  0.0257  0.0254  0.0254  0.0252  0.0253
  0.0253  0.0252  0.0252  0.0252  0.0252  0.0252  0.0252  0.0253  0.0252  0.0252  0.0252  0.0252
  0.0252  0.0252  0.0252  0.0252  0.0252  0.0252  0.0252  0.0252  0.0252  0.0252  0.0252  0.0252
  0.0253  0.0252  0.0252  0.0252  0.0252  0.0252  0.0252  0.0253  0.0252  0.0252  0.0252  0.0252
  0.0255  0.0254  0.0253  0.0253  0.0255  0.0254  0.0255  0.0257  0.0254  0.0254  0.0252  0.0253
  0.0260  0.0258  0.0255  0.0257  0.0258  0.0257  0.0259  0.0263  0.0256  0.0257  0.0253  0.0255
niter,ni,del,rscale     2    3    5.0000    0.5000
parameters
    0.2585    4.2948   -2.2796   -4.0869  -11.5967  -13.6539
    2.7116   -2.8355   -1.5735   37.7248    3.9083  -38.8775
eta,q 0.97485 10.63694
  0.0257  0.0256  0.0254  0.0255  0.0256  0.0255  0.0256  0.0259  0.0255  0.0255  0.0253  0.0254
  0.0254  0.0253  0.0253  0.0253  0.0254  0.0253  0.0254  0.0255  0.0253  0.0253  0.0252  0.0253
  0.0252  0.0252  0.0252  0.0252  0.0252  0.0252  0.0252  0.0252  0.0252  0.0252  0.0252  0.0252
  0.0252  0.0252  0.0252  0.0252  0.0252  0.0252  0.0252  0.0252  0.0252  0.0252  0.0252  0.0252
  0.0252  0.0252  0.0252  0.0252  0.0252  0.0252  0.0252  0.0252  0.0252  0.0252  0.0252  0.0252
  0.0254  0.0254  0.0253  0.0253  0.0254  0.0253  0.0254  0.0255  0.0253  0.0253  0.0252  0.0252
  0.0257  0.0256  0.0254  0.0255  0.0256  0.0255  0.0257  0.0259  0.0255  0.0256  0.0253  0.0254
niter,ni,del,rscale     1    3    5.0000    0.4000
parameters
    0.2616    4.2964   -2.2982   -4.0201  -11.6270  -13.7853
    2.6839   -2.8140   -1.5761   37.7647    3.9507  -38.8582
eta,q 0.97485 10.63236
  0.0255  0.0254  0.0253  0.0254  0.0254  0.0254  0.0255  0.0257  0.0254  0.0254  0.0252  0.0253
  0.0253  0.0253  0.0252  0.0253  0.0253  0.0252  0.0253  0.0254  0.0252  0.0253  0.0252  0.0252
  0.0252  0.0252  0.0252  0.0252  0.0252  0.0252  0.0252  0.0252  0.0252  0.0252  0.0252  0.0252
  0.0252  0.0252  0.0252  0.0252  0.0252  0.0252  0.0252  0.0252  0.0251  0.0251  0.0252  0.0251
  0.0252  0.0252  0.0252  0.0252  0.0252  0.0252  0.0252  0.0252  0.0252  0.0252  0.0252  0.0252
  0.0253  0.0253  0.0252  0.0252  0.0253  0.0253  0.0253  0.0254  0.0253  0.0253  0.0252  0.0252
  0.0255  0.0254  0.0253  0.0254  0.0254  0.0254  0.0255  0.0256  0.0254  0.0254  0.0252  0.0253
registration optimization eta report
parameter search radius
    0.8000    0.8000    0.8000    2.4000    2.4000    2.4000
    2.4000    2.4000    2.4000    2.4000    2.4000    2.4000
100000*second partial in parameter space
       58.       42.       25.        4.        5.        4.
        5.        9.        4.        4.        1.        3.
  0.0255  0.0254  0.0253  0.0254  0.0254  0.0254  0.0255  0.0257  0.0254  0.0254  0.0252  0.0253
  0.0253  0.0253  0.0252  0.0253  0.0253  0.0252  0.0253  0.0254  0.0252  0.0253  0.0252  0.0252
  0.0252  0.0252  0.0252  0.0252  0.0252  0.0252  0.0252  0.0252  0.0252  0.0252  0.0252  0.0252
  0.0252  0.0252  0.0252  0.0252  0.0252  0.0252  0.0252  0.0252  0.0251  0.0251  0.0252  0.0251
  0.0252  0.0252  0.0252  0.0252  0.0252  0.0252  0.0252  0.0252  0.0252  0.0252  0.0252  0.0252
  0.0253  0.0253  0.0252  0.0252  0.0253  0.0253  0.0253  0.0254  0.0253  0.0253  0.0252  0.0252
  0.0255  0.0254  0.0253  0.0254  0.0254  0.0254  0.0255  0.0256  0.0254  0.0254  0.0252  0.0253
    0.2616    4.2964   -2.2982   -4.0201  -11.6270  -13.7853
    2.6839   -2.8140   -1.5761   37.7647    3.9507  -38.8582
eta,q 0.97485 10.63236

---------------------------------------------------------------------
compute_vox2vox talsrcimg talsrcimg_to_711-2C_as_mni_average_305_t4 /opt/freesurfer/average/711-2C_as_mni_average_305
---------------------------------------------------------------------

freesurfer compute_vox2vox.c
Reading: talsrcimg.4dfp.ifh
Reading: talsrcimg_to_711-2C_as_mni_average_305_t4
Reading: /opt/freesurfer/average/711-2C_as_mni_average_305.4dfp.ifh
Writing: talsrcimg_to_711-2C_as_mni_average_305_t4_vox2vox.txt

start time Wed Mar 11 12:53:42 CET 2026
end		time Wed Mar 11 12:55:08 CET 2026

mpr2mni305 success

avi2talxfm orig_nu.mgz /opt/freesurfer/average/mni305.cor.mgz talsrcimg_to_711-2C_as_mni_average_305_t4_vox2vox.txt transforms/talairach.auto.xfm
avi2talxfm done
mv -f /out/sourcedata/freesurfer/sub-v2s17x50026_ses-1/mri/talsrcimg_to_711-2C_as_mni_average_305_t4_vox2vox.txt /out/sourcedata/freesurfer/sub-v2s17x50026_ses-1/mri/transforms/talsrcimg_to_711-2C_as_mni_average_305_t4_vox2vox.txt
lta_convert --src orig_nu.mgz --trg /opt/freesurfer/average/mni305.cor.mgz --inxfm transforms/talairach.auto.xfm --outlta transforms/talairach.auto.xfm.lta --subject fsaverage
7.3.2

--src: orig_nu.mgz src image (geometry).
--trg: /opt/freesurfer/average/mni305.cor.mgz trg image (geometry).
--inmni: transforms/talairach.auto.xfm input MNI/XFM transform.
--outlta: transforms/talairach.auto.xfm.lta output LTA.
--s: fsaverage subject name
 LTA read, type : 1
 1.04001   0.04006  -0.01397   0.83733;
-0.03295   0.97130   0.42809  -0.50617;
 0.03263  -0.41436   0.94838  -4.60288;
 0.00000   0.00000   0.00000   1.00000;
setting subject to fsaverage
Writing  LTA to file transforms/talairach.auto.xfm.lta...
lta_convert successful.
 
 
Started at Wed Mar 11 12:53:41 CET 2026
Ended   at Wed Mar 11 12:55:08 CET 2026
talairach_avi done
