status file for recon-all
Wed Mar 11 14:33:37 CET 2026
#@# Tessellate lh Wed Mar 11 14:33:37 CET 2026
#@# Smooth1 lh Wed Mar 11 14:33:41 CET 2026
#@# Inflation1 lh Wed Mar 11 14:33:44 CET 2026
#@# QSphere lh Wed Mar 11 14:34:00 CET 2026
#@# Fix Topology lh Wed Mar 11 14:35:23 CET 2026
#@# Smooth2 lh Wed Mar 11 14:47:15 CET 2026
#@# Inflation2 lh Wed Mar 11 14:47:19 CET 2026
#@# Curv .H and .K lh Wed Mar 11 14:47:38 CET 2026
#@# Sphere lh Wed Mar 11 14:48:34 CET 2026
#@# Surf Reg lh Wed Mar 11 14:52:25 CET 2026
#@# Jacobian white lh Wed Mar 11 14:57:52 CET 2026
#@# AvgCurv lh Wed Mar 11 14:57:53 CET 2026
#@# Cortical Parc lh Wed Mar 11 14:57:55 CET 2026
#@# white curv lh Wed Mar 11 15:05:50 CET 2026
#@# white area lh Wed Mar 11 15:05:52 CET 2026
#@# pial curv lh Wed Mar 11 15:05:53 CET 2026
#@# pial area lh Wed Mar 11 15:05:55 CET 2026
#@# thickness lh Wed Mar 11 15:05:56 CET 2026
#@# area and vertex vol lh Wed Mar 11 15:06:34 CET 2026
#@# Curvature Stats lh Wed Mar 11 15:06:36 CET 2026
#@# Cortical Parc 2 lh Wed Mar 11 15:06:39 CET 2026
#@# Cortical Parc 3 lh Wed Mar 11 15:06:56 CET 2026
#@# WM/GM Contrast lh Wed Mar 11 15:07:08 CET 2026
recon-all -s sub-v2s17x50007_ses-1 finished without error at Wed Mar 11 15:07:12 CET 2026



#New# invocation of recon-all 



status file for recon-all
Wed Mar 11 15:51:32 CET 2026
#@# white curv lh Wed Mar 11 15:51:32 CET 2026
#@# white area lh Wed Mar 11 15:51:32 CET 2026
#@# pial curv lh Wed Mar 11 15:51:32 CET 2026
#@# pial area lh Wed Mar 11 15:51:32 CET 2026
#@# thickness lh Wed Mar 11 15:51:32 CET 2026
#@# area and vertex vol lh Wed Mar 11 15:51:32 CET 2026
#@# Parcellation Stats lh Wed Mar 11 15:51:32 CET 2026
#@# Parcellation Stats 2 lh Wed Mar 11 15:51:58 CET 2026
#@# Parcellation Stats 3 lh Wed Mar 11 15:52:11 CET 2026
#@# BA_exvivo Labels lh Wed Mar 11 15:52:24 CET 2026
recon-all -s sub-v2s17x50007_ses-1 finished without error at Wed Mar 11 15:55:35 CET 2026
