status file for recon-all
Wed Mar 11 14:56:09 CET 2026
#@# Tessellate rh Wed Mar 11 14:56:09 CET 2026
#@# Smooth1 rh Wed Mar 11 14:56:12 CET 2026
#@# Inflation1 rh Wed Mar 11 14:56:15 CET 2026
#@# QSphere rh Wed Mar 11 14:56:29 CET 2026
#@# Fix Topology rh Wed Mar 11 14:57:37 CET 2026
#@# Smooth2 rh Wed Mar 11 15:08:16 CET 2026
#@# Inflation2 rh Wed Mar 11 15:08:19 CET 2026
#@# Curv .H and .K rh Wed Mar 11 15:08:32 CET 2026
#@# Sphere rh Wed Mar 11 15:09:18 CET 2026
#@# Surf Reg rh Wed Mar 11 15:11:39 CET 2026
#@# Jacobian white rh Wed Mar 11 15:15:41 CET 2026
#@# AvgCurv rh Wed Mar 11 15:15:42 CET 2026
#@# Cortical Parc rh Wed Mar 11 15:15:43 CET 2026
#@# white curv rh Wed Mar 11 15:21:51 CET 2026
#@# white area rh Wed Mar 11 15:21:53 CET 2026
#@# pial curv rh Wed Mar 11 15:21:54 CET 2026
#@# pial area rh Wed Mar 11 15:21:56 CET 2026
#@# thickness rh Wed Mar 11 15:21:56 CET 2026
#@# area and vertex vol rh Wed Mar 11 15:22:25 CET 2026
#@# Curvature Stats rh Wed Mar 11 15:22:26 CET 2026
#@# Cortical Parc 2 rh Wed Mar 11 15:22:29 CET 2026
#@# Cortical Parc 3 rh Wed Mar 11 15:22:42 CET 2026
#@# WM/GM Contrast rh Wed Mar 11 15:22:52 CET 2026
recon-all -s sub-v2s17x50006_ses-1 finished without error at Wed Mar 11 15:22:55 CET 2026



#New# invocation of recon-all 



status file for recon-all
Wed Mar 11 15:30:13 CET 2026
#@# white curv rh Wed Mar 11 15:30:13 CET 2026
#@# white area rh Wed Mar 11 15:30:13 CET 2026
#@# pial curv rh Wed Mar 11 15:30:13 CET 2026
#@# pial area rh Wed Mar 11 15:30:13 CET 2026
#@# thickness rh Wed Mar 11 15:30:13 CET 2026
#@# area and vertex vol rh Wed Mar 11 15:30:13 CET 2026
#@# Parcellation Stats rh Wed Mar 11 15:30:13 CET 2026
#@# Parcellation Stats 2 rh Wed Mar 11 15:30:31 CET 2026
#@# Parcellation Stats 3 rh Wed Mar 11 15:30:41 CET 2026
#@# BA_exvivo Labels rh Wed Mar 11 15:30:50 CET 2026
recon-all -s sub-v2s17x50006_ses-1 finished without error at Wed Mar 11 15:33:23 CET 2026
