status file for recon-all
Wed Mar 11 14:27:55 CET 2026
#@# Tessellate lh Wed Mar 11 14:27:55 CET 2026
#@# Smooth1 lh Wed Mar 11 14:27:58 CET 2026
#@# Inflation1 lh Wed Mar 11 14:28:01 CET 2026
#@# QSphere lh Wed Mar 11 14:28:17 CET 2026
#@# Fix Topology lh Wed Mar 11 14:29:24 CET 2026
#@# Smooth2 lh Wed Mar 11 14:40:41 CET 2026
#@# Inflation2 lh Wed Mar 11 14:40:44 CET 2026
#@# Curv .H and .K lh Wed Mar 11 14:41:00 CET 2026
#@# Sphere lh Wed Mar 11 14:41:47 CET 2026
#@# Surf Reg lh Wed Mar 11 14:45:19 CET 2026
#@# Jacobian white lh Wed Mar 11 14:49:11 CET 2026
#@# AvgCurv lh Wed Mar 11 14:49:12 CET 2026
#@# Cortical Parc lh Wed Mar 11 14:49:13 CET 2026
#@# white curv lh Wed Mar 11 14:55:00 CET 2026
#@# white area lh Wed Mar 11 14:55:02 CET 2026
#@# pial curv lh Wed Mar 11 14:55:03 CET 2026
#@# pial area lh Wed Mar 11 14:55:05 CET 2026
#@# thickness lh Wed Mar 11 14:55:05 CET 2026
#@# area and vertex vol lh Wed Mar 11 14:55:34 CET 2026
#@# Curvature Stats lh Wed Mar 11 14:55:36 CET 2026
#@# Cortical Parc 2 lh Wed Mar 11 14:55:39 CET 2026
#@# Cortical Parc 3 lh Wed Mar 11 14:55:52 CET 2026
#@# WM/GM Contrast lh Wed Mar 11 14:56:02 CET 2026
recon-all -s sub-v2s17x50006_ses-1 finished without error at Wed Mar 11 14:56:06 CET 2026



#New# invocation of recon-all 



status file for recon-all
Wed Mar 11 15:27:01 CET 2026
#@# white curv lh Wed Mar 11 15:27:02 CET 2026
#@# white area lh Wed Mar 11 15:27:02 CET 2026
#@# pial curv lh Wed Mar 11 15:27:02 CET 2026
#@# pial area lh Wed Mar 11 15:27:02 CET 2026
#@# thickness lh Wed Mar 11 15:27:02 CET 2026
#@# area and vertex vol lh Wed Mar 11 15:27:02 CET 2026
#@# Parcellation Stats lh Wed Mar 11 15:27:02 CET 2026
#@# Parcellation Stats 2 lh Wed Mar 11 15:27:20 CET 2026
#@# Parcellation Stats 3 lh Wed Mar 11 15:27:29 CET 2026
#@# BA_exvivo Labels lh Wed Mar 11 15:27:39 CET 2026
recon-all -s sub-v2s17x50006_ses-1 finished without error at Wed Mar 11 15:30:11 CET 2026
