status file for recon-all
Wed Mar 11 12:43:29 CET 2026
#@# MotionCor Wed Mar 11 12:43:32 CET 2026
#@# Talairach Wed Mar 11 12:43:41 CET 2026
#@# Talairach Failure Detection Wed Mar 11 12:48:06 CET 2026
#@# Nu Intensity Correction Wed Mar 11 12:48:06 CET 2026
#@# Intensity Normalization Wed Mar 11 12:51:25 CET 2026
recon-all -s sub-v2s17x50006_ses-1 finished without error at Wed Mar 11 12:52:52 CET 2026



#New# invocation of recon-all 



status file for recon-all
Wed Mar 11 13:00:14 CET 2026
#@# EM Registration Wed Mar 11 13:00:14 CET 2026
recon-all -s sub-v2s17x50006_ses-1 finished without error at Wed Mar 11 13:02:30 CET 2026



#New# invocation of recon-all 



status file for recon-all
Wed Mar 11 13:02:32 CET 2026
#@# CA Normalize Wed Mar 11 13:02:32 CET 2026
#@# CA Reg Wed Mar 11 13:03:51 CET 2026
#@# SubCort Seg Wed Mar 11 13:50:47 CET 2026
#@# CC Seg Wed Mar 11 14:21:57 CET 2026
#@# Merge ASeg Wed Mar 11 14:22:41 CET 2026
#@# Intensity Normalization2 Wed Mar 11 14:22:41 CET 2026
#@# Mask BFS Wed Mar 11 14:24:52 CET 2026
#@# WM Segmentation Wed Mar 11 14:24:53 CET 2026
#@# Fill Wed Mar 11 14:26:50 CET 2026
recon-all -s sub-v2s17x50006_ses-1 finished without error at Wed Mar 11 14:27:50 CET 2026



#New# invocation of recon-all 



status file for recon-all
Wed Mar 11 15:23:01 CET 2026
#@# white curv lh Wed Mar 11 15:23:01 CET 2026
#@# white area lh Wed Mar 11 15:23:01 CET 2026
#@# pial curv lh Wed Mar 11 15:23:01 CET 2026
#@# pial area lh Wed Mar 11 15:23:01 CET 2026
#@# thickness lh Wed Mar 11 15:23:01 CET 2026
#@# area and vertex vol lh Wed Mar 11 15:23:01 CET 2026
#@# white curv rh Wed Mar 11 15:23:01 CET 2026
#@# white area rh Wed Mar 11 15:23:01 CET 2026
#@# pial curv rh Wed Mar 11 15:23:01 CET 2026
#@# pial area rh Wed Mar 11 15:23:01 CET 2026
#@# thickness rh Wed Mar 11 15:23:01 CET 2026
#@# area and vertex vol rh Wed Mar 11 15:23:01 CET 2026
#@# Cortical ribbon mask Wed Mar 11 15:23:01 CET 2026
recon-all -s sub-v2s17x50006_ses-1 finished without error at Wed Mar 11 15:26:56 CET 2026



#New# invocation of recon-all 



status file for recon-all
Wed Mar 11 15:33:27 CET 2026
#@# white curv lh Wed Mar 11 15:33:27 CET 2026
#@# white area lh Wed Mar 11 15:33:27 CET 2026
#@# pial curv lh Wed Mar 11 15:33:27 CET 2026
#@# pial area lh Wed Mar 11 15:33:27 CET 2026
#@# thickness lh Wed Mar 11 15:33:27 CET 2026
#@# area and vertex vol lh Wed Mar 11 15:33:27 CET 2026
#@# white curv rh Wed Mar 11 15:33:27 CET 2026
#@# white area rh Wed Mar 11 15:33:27 CET 2026
#@# pial curv rh Wed Mar 11 15:33:27 CET 2026
#@# pial area rh Wed Mar 11 15:33:27 CET 2026
#@# thickness rh Wed Mar 11 15:33:27 CET 2026
#@# area and vertex vol rh Wed Mar 11 15:33:27 CET 2026
#@# Curvature Stats lh Wed Mar 11 15:33:27 CET 2026
#@# Curvature Stats rh Wed Mar 11 15:33:30 CET 2026
#@# Relabel Hypointensities Wed Mar 11 15:33:32 CET 2026
#@# APas-to-ASeg Wed Mar 11 15:33:47 CET 2026
#@# AParc-to-ASeg aparc Wed Mar 11 15:33:55 CET 2026
#@# AParc-to-ASeg aparc.a2009s Wed Mar 11 15:34:48 CET 2026
#@# AParc-to-ASeg aparc.DKTatlas Wed Mar 11 15:35:43 CET 2026
#@# WMParc Wed Mar 11 15:36:35 CET 2026
#@# ASeg Stats Wed Mar 11 15:40:54 CET 2026
recon-all -s sub-v2s17x50006_ses-1 finished without error at Wed Mar 11 15:41:34 CET 2026
