/out/sourcedata/freesurfer/sub-v2s17x50005_ses-1/mri
/opt/freesurfer/bin/talairach_avi
--i orig_nu.mgz --xfm transforms/talairach.auto.xfm
talairach_avi 7.3.2
Linux dna020 5.14.0-427.37.1.el9_4.x86_64 #1 SMP PREEMPT_DYNAMIC Fri Sep 13 12:41:50 EDT 2024 x86_64 x86_64 x86_64 GNU/Linux
Wed Mar 11 12:40:18 CET 2026
mri_convert orig_nu.mgz talsrcimg.img 
reading from orig_nu.mgz...
TR=0.00, TE=0.00, TI=0.00, flip angle=0.00
i_ras = (-1, 0, 0)
j_ras = (0, 0, -1)
k_ras = (0, 1, 0)
writing to talsrcimg.img...
Analyze Output Matrix
-1.00000   0.00000   0.00000   129.52499;
 0.00000   0.00000   1.00000  -127.94919;
 0.00000  -1.00000   0.00000   124.31139;
 0.00000   0.00000   0.00000   1.00000;
--------------------
INFO: set hdr.hist.orient to -1
mpr2mni305 talsrcimg
Wed Mar 11 12:40:18 CET 2026
/opt/freesurfer/bin/mpr2mni305 talsrcimg
mpr2mni305 7.3.2
target=711-2C_as_mni_average_305

---------------------------------------------------------------------
analyzeto4dfp talsrcimg -O0 -y
---------------------------------------------------------------------

freesurfer ifh2hdr.c
Wed Mar 11 12:40:19 2026
Writing: talsrcimg.4dfp.hdr
freesurfer analyzeto4dfp.c
Reading: talsrcimg.hdr
header size 348 bytes
hdr.dime.datatype	offset=70	value=2
hdr.dime.bitpix		offset=72	value=8
hdr.hist.orient		offset=252	value=-1
dimensionality     4
dimensions       256       256       256         1
Reading: talsrcimg.img
Writing: talsrcimg.4dfp.img
Writing: talsrcimg.4dfp.ifh
ifh2hdr talsrcimg -r0to220
ori=2

---------------------------------------------------------------------
gauss_4dfp talsrcimg 1.1
---------------------------------------------------------------------

freesurfer gauss_4dfp.c
Reading: talsrcimg.4dfp.img
Writing: talsrcimg_g11.4dfp.img
image dimensions 256 256 256 padded to 288 288 288
processing volume 1freesurfer ifh2hdr.c
Wed Mar 11 12:40:20 2026
Writing: talsrcimg_g11.4dfp.hdr

Writing: talsrcimg_g11.4dfp.ifh
including: talsrcimg.4dfp.img.rec in talsrcimg_g11.4dfp.img.rec

---------------------------------------------------------------------
imgreg_4dfp /opt/freesurfer/average/711-2C_as_mni_average_305 none talsrcimg_g11 none talsrcimg_to_711-2C_as_mni_average_305_t4 4355
---------------------------------------------------------------------

freesurfer imgreg_4dfp.c
/opt/freesurfer/average/711-2C_as_mni_average_305.4dfp.img
       256       256       256         1
  1.000000  1.000000  1.000000
orientation T byte_order littleendian
Reading image: /opt/freesurfer/average/711-2C_as_mni_average_305.4dfp.img
dimensions:      256       256       256
mmppix:       1.0000   -1.0000   -1.0000
center:     128.0000 -129.0000 -129.0000
talsrcimg_g11.4dfp.img
       256       256       256         1
  1.000000  1.000000  1.000000
orientation T byte_order littleendian
Reading image: talsrcimg_g11.4dfp.img
dimensions:      256       256       256
mmppix:       1.0000   -1.0000   -1.0000
center:     128.0000 -129.0000 -129.0000
t4_read: open error in t4_sub.f l:  41 t4_file(1:l)talsrcimg_to_711-2C_as_mni_average_305_t4 
t4_read: transform initialized to I4
rotation matrix determinant  1.000000
image alignment mode   4355 decimal     1103 hex
   -7.5000  -45.0000  -45.0000 9314.0996   12.7903
    0.0000  -45.0000  -45.0000 9749.5771   12.7961
    7.5000  -45.0000  -45.0000 9326.3516   12.7705
   -7.5000  -37.5000  -45.0000 9750.4092   12.7609
    0.0000  -37.5000  -45.000010200.3975   12.7672
    7.5000  -37.5000  -45.0000 9763.6758   12.7422
   -7.5000  -30.0000  -45.000010461.5479   12.6904
    0.0000  -30.0000  -45.000010957.0586   12.7024
    7.5000  -30.0000  -45.000010459.7578   12.6822
   -7.5000  -22.5000  -45.000011075.5273   12.6252
    0.0000  -22.5000  -45.000011624.1689   12.6423
    7.5000  -22.5000  -45.000011088.3223   12.6261
   -7.5000  -15.0000  -45.000011593.2451   12.5668
    0.0000  -15.0000  -45.000012176.4346   12.5835
    7.5000  -15.0000  -45.000011603.4590   12.5675
   -7.5000   -7.5000  -45.000012067.7725   12.5249
    0.0000   -7.5000  -45.000012656.4170   12.5353
    7.5000   -7.5000  -45.000012066.8877   12.5150
   -7.5000    0.0000  -45.000012428.2764   12.5034
    0.0000    0.0000  -45.000013012.5703   12.5080
    7.5000    0.0000  -45.000012421.3994   12.4832
   -7.5000    7.5000  -45.000011805.2930   12.5345
    0.0000    7.5000  -45.000012352.8994   12.5398
    7.5000    7.5000  -45.000011796.3867   12.5155
   -7.5000   15.0000  -45.000011084.0527   12.6254
    0.0000   15.0000  -45.000011621.4863   12.6366
    7.5000   15.0000  -45.000011088.2109   12.6169
   -7.5000   22.5000  -45.000010339.1992   12.7720
    0.0000   22.5000  -45.000010836.6963   12.7883
    7.5000   22.5000  -45.000010323.5205   12.7715
   -7.5000   30.0000  -45.0000 9542.0361   12.7850
    0.0000   30.0000  -45.000010008.4932   12.8025
    7.5000   30.0000  -45.0000 9520.8662   12.7848
   -7.5000   37.5000  -45.0000 9086.2842   12.9908
    0.0000   37.5000  -45.0000 9525.2393   13.0011
    7.5000   37.5000  -45.0000 9067.0684   12.9787
   -7.5000   45.0000  -45.0000 8416.0254   12.9472
    0.0000   45.0000  -45.0000 8814.1309   12.9504
    7.5000   45.0000  -45.0000 8386.3408   12.9216
   -7.5000  -45.0000  -37.5000 9912.0459   12.7833
    0.0000  -45.0000  -37.500010377.2422   12.7845
    7.5000  -45.0000  -37.5000 9935.6895   12.7623
   -7.5000  -37.5000  -37.500010393.0811   12.7536
    0.0000  -37.5000  -37.500010869.5947   12.7559
    7.5000  -37.5000  -37.500010402.3311   12.7347
   -7.5000  -30.0000  -37.500011156.1631   12.6835
    0.0000  -30.0000  -37.500011684.5811   12.6915
    7.5000  -30.0000  -37.500011153.9902   12.6749
   -7.5000  -22.5000  -37.500011800.6562   12.6192
    0.0000  -22.5000  -37.500012387.7402   12.6313
    7.5000  -22.5000  -37.500011818.4648   12.6181
   -7.5000  -15.0000  -37.500012338.5117   12.5605
    0.0000  -15.0000  -37.500012938.7666   12.5711
    7.5000  -15.0000  -37.500012342.0840   12.5575
   -7.5000   -7.5000  -37.500012794.9883   12.5162
    0.0000   -7.5000  -37.500013410.4639   12.5210
    7.5000   -7.5000  -37.500012786.6299   12.5035
   -7.5000    0.0000  -37.500013141.4238   12.4914
    0.0000    0.0000  -37.500013764.2422   12.4915
    7.5000    0.0000  -37.500013136.9023   12.4701
   -7.5000    7.5000  -37.500012464.1680   12.5223
    0.0000    7.5000  -37.500013066.2949   12.5238
    7.5000    7.5000  -37.500012473.9102   12.5032
   -7.5000   15.0000  -37.500011719.4717   12.6136
    0.0000   15.0000  -37.500012295.7744   12.6208
    7.5000   15.0000  -37.500011715.6309   12.6046
   -7.5000   22.5000  -37.500010869.1719   12.7602
    0.0000   22.5000  -37.500011427.6768   12.7714
    7.5000   22.5000  -37.500010876.2129   12.7576
   -7.5000   30.0000  -37.5000 9983.3379   12.7742
    0.0000   30.0000  -37.500010490.7197   12.7852
    7.5000   30.0000  -37.5000 9990.0977   12.7703
   -7.5000   37.5000  -37.5000 9483.0498   12.9773
    0.0000   37.5000  -37.5000 9961.9111   12.9819
    7.5000   37.5000  -37.5000 9493.5137   12.9631
   -7.5000   45.0000  -37.5000 8751.3584   12.9315
    0.0000   45.0000  -37.5000 9192.5303   12.9294
    7.5000   45.0000  -37.5000 8750.0566   12.9045
   -7.5000  -45.0000  -30.000010718.4502   13.3116
    0.0000  -45.0000  -30.000011233.8662   13.3089
    7.5000  -45.0000  -30.000010719.0596   13.2853
   -7.5000  -37.5000  -30.000011227.0146   13.2750
    0.0000  -37.5000  -30.000011751.8809   13.2743
    7.5000  -37.5000  -30.000011225.4102   13.2526
   -7.5000  -30.0000  -30.000012043.4434   13.1938
    0.0000  -30.0000  -30.000012625.7500   13.1989
    7.5000  -30.0000  -30.000012042.0273   13.1833
   -7.5000  -22.5000  -30.000012750.9229   13.1216
    0.0000  -22.5000  -30.000013358.8867   13.1298
    7.5000  -22.5000  -30.000012756.2461   13.1177
   -7.5000  -15.0000  -30.000013325.1377   13.0613
    0.0000  -15.0000  -30.000013966.1191   13.0670
    7.5000  -15.0000  -30.000013315.0771   13.0535
   -7.5000   -7.5000  -30.000013806.4863   13.0193
    0.0000   -7.5000  -30.000014454.7471   13.0194
    7.5000   -7.5000  -30.000013752.2559   13.0009
   -7.5000    0.0000  -30.000014126.1445   12.9947
    0.0000    0.0000  -30.000014817.8623   12.9911
    7.5000    0.0000  -30.000014100.3613   12.9683
   -7.5000    7.5000  -30.000013353.5762   13.0241
    0.0000    7.5000  -30.000014028.2402   13.0226
    7.5000    7.5000  -30.000013356.1045   13.0015
   -7.5000   15.0000  -30.000012548.0645   13.1137
    0.0000   15.0000  -30.000013201.5625   13.1179
    7.5000   15.0000  -30.000012551.2939   13.1027
   -7.5000   22.5000  -30.000011649.0898   13.2613
    0.0000   22.5000  -30.000012246.5840   13.2685
    7.5000   22.5000  -30.000011645.6719   13.2556
   -7.5000   30.0000  -30.000010672.8330   13.2801
    0.0000   30.0000  -30.000011217.6445   13.2861
    7.5000   30.0000  -30.000010686.3076   13.2712
   -7.5000   37.5000  -30.000010085.5078   13.4946
    0.0000   37.5000  -30.000010586.1162   13.4947
    7.5000   37.5000  -30.000010111.6084   13.4747
   -7.5000   45.0000  -30.0000 9284.5635   13.4578
    0.0000   45.0000  -30.0000 9750.1816   13.4512
    7.5000   45.0000  -30.0000 9287.2510   13.4241
   -7.5000  -45.0000  -22.500011498.2090   13.7570
    0.0000  -45.0000  -22.500012036.2939   13.7562
    7.5000  -45.0000  -22.500011485.5283   13.7271
   -7.5000  -37.5000  -22.500012025.1377   13.7139
    0.0000  -37.5000  -22.500012602.6758   13.7154
    7.5000  -37.5000  -22.500012012.7100   13.6892
   -7.5000  -30.0000  -22.500012888.9814   13.6214
    0.0000  -30.0000  -22.500013514.2529   13.6287
    7.5000  -30.0000  -22.500012888.7158   13.6105
   -7.5000  -22.5000  -22.500013628.9072   13.5406
    0.0000  -22.5000  -22.500014279.4062   13.5510
    7.5000  -22.5000  -22.500013641.3164   13.5371
   -7.5000  -15.0000  -22.500014241.5977   13.4786
    0.0000  -15.0000  -22.500014928.7695   13.4862
    7.5000  -15.0000  -22.500014218.8496   13.4703
   -7.5000   -7.5000  -22.500014745.1250   13.4407
    0.0000   -7.5000  -22.500015455.4385   13.4426
    7.5000   -7.5000  -22.500014677.7900   13.4198
   -7.5000    0.0000  -22.500015080.4248   13.4190
    0.0000    0.0000  -22.500015853.0508   13.4171
    7.5000    0.0000  -22.500015032.0059   13.3892
   -7.5000    7.5000  -22.500014245.4404   13.4468
    0.0000    7.5000  -22.500014990.6113   13.4473
    7.5000    7.5000  -22.500014227.4863   13.4219
   -7.5000   15.0000  -22.500013326.5332   13.5337
    0.0000   15.0000  -22.500014026.0459   13.5399
    7.5000   15.0000  -22.500013319.7539   13.5220
   -7.5000   22.5000  -22.500012333.1611   13.6813
    0.0000   22.5000  -22.500012960.9766   13.6905
    7.5000   22.5000  -22.500012322.8662   13.6756
   -7.5000   30.0000  -22.500011294.3203   13.7042
    0.0000   30.0000  -22.500011876.7998   13.7125
    7.5000   30.0000  -22.500011304.1768   13.6946
   -7.5000   37.5000  -22.500010669.4053   13.9305
    0.0000   37.5000  -22.500011208.3535   13.9325
    7.5000   37.5000  -22.500010689.6475   13.9075
   -7.5000   45.0000  -22.5000 9783.1709   13.9051
    0.0000   45.0000  -22.500010275.7490   13.9002
    7.5000   45.0000  -22.5000 9787.0225   13.8667
   -7.5000  -45.0000  -15.000012254.0391   14.0544
    0.0000  -45.0000  -15.000012842.0537   14.0594
    7.5000  -45.0000  -15.000012280.3887   14.0261
   -7.5000  -37.5000  -15.000012793.2686   14.0094
    0.0000  -37.5000  -15.000013406.4971   14.0160
    7.5000  -37.5000  -15.000012810.3848   13.9855
   -7.5000  -30.0000  -15.000013705.1729   13.9142
    0.0000  -30.0000  -15.000014362.0742   13.9267
    7.5000  -30.0000  -15.000013728.6396   13.9045
   -7.5000  -22.5000  -15.000014472.3750   13.8308
    0.0000  -22.5000  -15.000015164.6895   13.8472
    7.5000  -22.5000  -15.000014504.8740   13.8302
   -7.5000  -15.0000  -15.000015105.4512   13.7665
    0.0000  -15.0000  -15.000015857.4658   13.7811
    7.5000  -15.0000  -15.000015082.4443   13.7624
   -7.5000   -7.5000  -15.000015613.5879   13.7284
    0.0000   -7.5000  -15.000016409.8965   13.7367
    7.5000   -7.5000  -15.000015540.7900   13.7106
   -7.5000    0.0000  -15.000015996.4639   13.7075
    0.0000    0.0000  -15.000016832.3965   13.7111
    7.5000    0.0000  -15.000015923.0684   13.6791
   -7.5000    7.5000  -15.000015083.1826   13.7357
    0.0000    7.5000  -15.000015872.1865   13.7412
    7.5000    7.5000  -15.000015025.6172   13.7116
   -7.5000   15.0000  -15.000014105.0723   13.8244
    0.0000   15.0000  -15.000014815.3887   13.8358
    7.5000   15.0000  -15.000014065.5547   13.8140
   -7.5000   22.5000  -15.000013028.2188   13.9746
    0.0000   22.5000  -15.000013670.7188   13.9901
    7.5000   22.5000  -15.000013002.8135   13.9719
   -7.5000   30.0000  -15.000011915.1221   13.9995
    0.0000   30.0000  -15.000012530.3574   14.0151
    7.5000   30.0000  -15.000011921.6455   13.9940
   -7.5000   37.5000  -15.000011246.9346   14.2308
    0.0000   37.5000  -15.000011827.6191   14.2392
    7.5000   37.5000  -15.000011254.8994   14.2097
   -7.5000   45.0000  -15.000010298.7881   14.2119
    0.0000   45.0000  -15.000010823.9062   14.2132
    7.5000   45.0000  -15.000010302.9512   14.1747
   -7.5000  -45.0000   -7.500013016.6172   14.1765
    0.0000  -45.0000   -7.500013670.9375   14.1848
    7.5000  -45.0000   -7.500013053.3340   14.1527
   -7.5000  -37.5000   -7.500013569.1289   14.1352
    0.0000  -37.5000   -7.500014243.3633   14.1440
    7.5000  -37.5000   -7.500013624.7139   14.1133
   -7.5000  -30.0000   -7.500014550.1064   14.0459
    0.0000  -30.0000   -7.500015268.3135   14.0608
    7.5000  -30.0000   -7.500014607.5518   14.0369
   -7.5000  -22.5000   -7.500015385.3877   13.9646
    0.0000  -22.5000   -7.500016134.1543   13.9848
    7.5000  -22.5000   -7.500015423.0830   13.9661
   -7.5000  -15.0000   -7.500016023.9697   13.8957
    0.0000  -15.0000   -7.500016850.1152   13.9153
    7.5000  -15.0000   -7.500016023.3398   13.8963
   -7.5000   -7.5000   -7.500016549.0156   13.8503
    0.0000   -7.5000   -7.500017392.8145   13.8632
    7.5000   -7.5000   -7.500016489.1250   13.8379
   -7.5000    0.0000   -7.500016951.9902   13.8264
    0.0000    0.0000   -7.500017817.4766   13.8332
    7.5000    0.0000   -7.500016869.9922   13.8021
   -7.5000    7.5000   -7.500015942.4814   13.8590
    0.0000    7.5000   -7.500016747.6211   13.8665
    7.5000    7.5000   -7.500015852.9971   13.8368
   -7.5000   15.0000   -7.500014869.6455   13.9547
    0.0000   15.0000   -7.500015603.7021   13.9686
    7.5000   15.0000   -7.500014822.4082   13.9451
   -7.5000   22.5000   -7.500013702.0781   14.1080
    0.0000   22.5000   -7.500014386.4629   14.1274
    7.5000   22.5000   -7.500013692.5742   14.1076
   -7.5000   30.0000   -7.500012549.5654   14.1311
    0.0000   30.0000   -7.500013176.9814   14.1519
    7.5000   30.0000   -7.500012538.4502   14.1305
   -7.5000   37.5000   -7.500011883.5254   14.3578
    0.0000   37.5000   -7.500012480.4043   14.3707
    7.5000   37.5000   -7.500011867.5273   14.3422
   -7.5000   45.0000   -7.500010868.5840   14.3380
    0.0000   45.0000   -7.500011420.3623   14.3433
    7.5000   45.0000   -7.500010849.3574   14.3063
   -7.5000  -45.0000    0.000013624.2539   14.1785
    0.0000  -45.0000    0.000014323.7617   14.1848
    7.5000  -45.0000    0.000013691.7588   14.1570
   -7.5000  -37.5000    0.000014190.9355   14.1396
    0.0000  -37.5000    0.000014926.5703   14.1463
    7.5000  -37.5000    0.000014277.2129   14.1192
   -7.5000  -30.0000    0.000015259.9766   14.0560
    0.0000  -30.0000    0.000016047.2207   14.0690
    7.5000  -30.0000    0.000015338.6855   14.0471
   -7.5000  -22.5000    0.000016210.2900   13.9782
    0.0000  -22.5000    0.000017085.1289   13.9968
    7.5000  -22.5000    0.000016257.7217   13.9792
   -7.5000  -15.0000    0.000016937.4102   13.9078
    0.0000  -15.0000    0.000017884.8633   13.9259
    7.5000  -15.0000    0.000016933.6816   13.9087
   -7.5000   -7.5000    0.000017481.9648   13.8559
    0.0000   -7.5000    0.000018339.4629   13.8673
    7.5000   -7.5000    0.000017405.7773   13.8454
   -7.5000    0.0000    0.000017885.4961   13.8277
    0.0000    0.0000    0.000018686.0352   13.8326
    7.5000    0.0000    0.000017764.3594   13.8059
   -7.5000    7.5000    0.000016786.0254   13.8629
    0.0000    7.5000    0.000017535.2559   13.8686
    7.5000    7.5000    0.000016654.7188   13.8422
   -7.5000   15.0000    0.000015641.6963   13.9638
    0.0000   15.0000    0.000016382.8730   13.9758
    7.5000   15.0000    0.000015529.2578   13.9545
   -7.5000   22.5000    0.000014408.1475   14.1204
    0.0000   22.5000    0.000015128.4756   14.1381
    7.5000   22.5000    0.000014331.1357   14.1199
   -7.5000   30.0000    0.000013176.4990   14.1430
    0.0000   30.0000    0.000013844.1279   14.1621
    7.5000   30.0000    0.000013084.4355   14.1430
   -7.5000   37.5000    0.000012449.6113   14.3636
    0.0000   37.5000    0.000013117.0967   14.3750
    7.5000   37.5000    0.000012397.9326   14.3508
   -7.5000   45.0000    0.000011364.5420   14.3393
    0.0000   45.0000    0.000011967.5615   14.3427
    7.5000   45.0000    0.000011327.7637   14.3117
   -7.5000  -45.0000    7.500013210.2354   14.2191
    0.0000  -45.0000    7.500013887.2676   14.2204
    7.5000  -45.0000    7.500013284.9492   14.1963
   -7.5000  -37.5000    7.500013741.0557   14.1812
    0.0000  -37.5000    7.500014427.8086   14.1838
    7.5000  -37.5000    7.500013816.7695   14.1608
   -7.5000  -30.0000    7.500014771.0107   14.0992
    0.0000  -30.0000    7.500015497.8623   14.1080
    7.5000  -30.0000    7.500014824.7568   14.0900
   -7.5000  -22.5000    7.500015773.1514   14.0239
    0.0000  -22.5000    7.500016676.4336   14.0372
    7.5000  -22.5000    7.500015816.0879   14.0229
   -7.5000  -15.0000    7.500016595.7188   13.9552
    0.0000  -15.0000    7.500017568.4648   13.9669
    7.5000  -15.0000    7.500016587.8086   13.9522
   -7.5000   -7.5000    7.500017145.0820   13.9030
    0.0000   -7.5000    7.500017976.4336   13.9083
    7.5000   -7.5000    7.500017045.7871   13.8894
   -7.5000    0.0000    7.500017476.3457   13.8729
    0.0000    0.0000    7.500018247.4062   13.8732
    7.5000    0.0000    7.500017297.2305   13.8499
   -7.5000    7.5000    7.500016363.6670   13.9075
    0.0000    7.5000    7.500017102.4590   13.9091
    7.5000    7.5000    7.500016144.9287   13.8868
   -7.5000   15.0000    7.500015191.4512   14.0086
    0.0000   15.0000    7.500015927.8232   14.0164
    7.5000   15.0000    7.500015002.3145   13.9990
   -7.5000   22.5000    7.500013982.4453   14.1661
    0.0000   22.5000    7.500014660.2930   14.1784
    7.5000   22.5000    7.500013815.3604   14.1635
   -7.5000   30.0000    7.500012753.0830   14.1908
    0.0000   30.0000    7.500013390.6641   14.2029
    7.5000   30.0000    7.500012614.0342   14.1869
   -7.5000   37.5000    7.500012014.1582   14.4126
    0.0000   37.5000    7.500012643.2754   14.4178
    7.5000   37.5000    7.500011959.3018   14.3974
   -7.5000   45.0000    7.500010949.1875   14.3872
    0.0000   45.0000    7.500011537.8750   14.3851
    7.5000   45.0000    7.500010922.9316   14.3580
   -7.5000  -45.0000   15.000012674.8994   14.2973
    0.0000  -45.0000   15.000013296.1113   14.2951
    7.5000  -45.0000   15.000012750.6953   14.2700
   -7.5000  -37.5000   15.000013202.9658   14.2582
    0.0000  -37.5000   15.000013822.0059   14.2581
    7.5000  -37.5000   15.000013248.0762   14.2351
   -7.5000  -30.0000   15.000014180.9463   14.1714
    0.0000  -30.0000   15.000014810.5986   14.1774
    7.5000  -30.0000   15.000014183.8184   14.1611
   -7.5000  -22.5000   15.000015086.8184   14.0941
    0.0000  -22.5000   15.000015868.2012   14.1036
    7.5000  -22.5000   15.000015101.6152   14.0909
   -7.5000  -15.0000   15.000015823.6953   14.0282
    0.0000  -15.0000   15.000016732.3887   14.0349
    7.5000  -15.0000   15.000015798.5127   14.0208
   -7.5000   -7.5000   15.000016383.1777   13.9816
    0.0000   -7.5000   15.000017304.8555   13.9824
    7.5000   -7.5000   15.000016273.2178   13.9629
   -7.5000    0.0000   15.000016718.3555   13.9544
    0.0000    0.0000   15.000017651.3496   13.9513
    7.5000    0.0000   15.000016534.4199   13.9272
   -7.5000    7.5000   15.000015619.9824   13.9863
    0.0000    7.5000   15.000016485.5430   13.9854
    7.5000    7.5000   15.000015417.8945   13.9631
   -7.5000   15.0000   15.000014481.8955   14.0828
    0.0000   15.0000   15.000015258.7070   14.0878
    7.5000   15.0000   15.000014306.1572   14.0719
   -7.5000   22.5000   15.000013296.5723   14.2379
    0.0000   22.5000   15.000013973.9141   14.2462
    7.5000   22.5000   15.000013173.7744   14.2328
   -7.5000   30.0000   15.000012172.1348   14.2650
    0.0000   30.0000   15.000012758.0166   14.2722
    7.5000   30.0000   15.000012082.9824   14.2565
   -7.5000   37.5000   15.000011506.7676   14.4940
    0.0000   37.5000   15.000012054.5830   14.4948
    7.5000   37.5000   15.000011465.3125   14.4738
   -7.5000   45.0000   15.000010486.2266   14.4726
    0.0000   45.0000   15.000010981.0371   14.4662
    7.5000   45.0000   15.000010447.7100   14.4375
   -7.5000  -45.0000   22.500012015.4922   14.3800
    0.0000  -45.0000   22.500012632.8096   14.3803
    7.5000  -45.0000   22.500012064.4297   14.3501
   -7.5000  -37.5000   22.500012527.4648   14.3384
    0.0000  -37.5000   22.500013142.7012   14.3410
    7.5000  -37.5000   22.500012567.6943   14.3138
   -7.5000  -30.0000   22.500013457.7959   14.2463
    0.0000  -30.0000   22.500014089.7402   14.2552
    7.5000  -30.0000   22.500013477.3379   14.2364
   -7.5000  -22.5000   22.500014300.1406   14.1665
    0.0000  -22.5000   22.500015000.4521   14.1785
    7.5000  -22.5000   22.500014297.0615   14.1643
   -7.5000  -15.0000   22.500014969.1523   14.1031
    0.0000  -15.0000   22.500015669.2578   14.1123
    7.5000  -15.0000   22.500014907.4941   14.0959
   -7.5000   -7.5000   22.500015470.4717   14.0634
    0.0000   -7.5000   22.500016161.5186   14.0666
    7.5000   -7.5000   22.500015365.0068   14.0430
   -7.5000    0.0000   22.500015781.9775   14.0406
    0.0000    0.0000   22.500016493.2832   14.0399
    7.5000    0.0000   22.500015645.6211   14.0108
   -7.5000    7.5000   22.500014793.9238   14.0687
    0.0000    7.5000   22.500015467.9629   14.0704
    7.5000    7.5000   22.500014653.0059   14.0440
   -7.5000   15.0000   22.500013784.4805   14.1583
    0.0000   15.0000   22.500014391.8105   14.1660
    7.5000   15.0000   22.500013620.3711   14.1475
   -7.5000   22.5000   22.500012655.4199   14.3095
    0.0000   22.5000   22.500013206.5293   14.3204
    7.5000   22.5000   22.500012523.9404   14.3051
   -7.5000   30.0000   22.500011575.8965   14.3368
    0.0000   30.0000   22.500012085.9199   14.3468
    7.5000   30.0000   22.500011462.2412   14.3283
   -7.5000   37.5000   22.500010940.4941   14.5727
    0.0000   37.5000   22.500011425.3848   14.5761
    7.5000   37.5000   22.500010861.9170   14.5501
   -7.5000   45.0000   22.5000 9916.6562   14.5560
    0.0000   45.0000   22.500010371.1270   14.5522
    7.5000   45.0000   22.5000 9877.9678   14.5173
   -7.5000  -45.0000   30.000011247.0537   14.4653
    0.0000  -45.0000   30.000011785.3633   14.4719
    7.5000  -45.0000   30.000011303.2178   14.4379
   -7.5000  -37.5000   30.000011711.0195   14.4242
    0.0000  -37.5000   30.000012250.5986   14.4325
    7.5000  -37.5000   30.000011762.8740   14.4012
   -7.5000  -30.0000   30.000012565.9512   14.3338
    0.0000  -30.0000   30.000013135.4463   14.3484
    7.5000  -30.0000   30.000012601.2412   14.3257
   -7.5000  -22.5000   30.000013354.2783   14.2549
    0.0000  -22.5000   30.000013947.0088   14.2735
    7.5000  -22.5000   30.000013356.9658   14.2563
   -7.5000  -15.0000   30.000013982.0859   14.1911
    0.0000  -15.0000   30.000014577.7549   14.2079
    7.5000  -15.0000   30.000013911.0684   14.1889
   -7.5000   -7.5000   30.000014448.0420   14.1515
    0.0000   -7.5000   30.000015045.6396   14.1618
    7.5000   -7.5000   30.000014349.9346   14.1351
   -7.5000    0.0000   30.000014720.6357   14.1297
    0.0000    0.0000   30.000015335.3379   14.1351
    7.5000    0.0000   30.000014620.0996   14.1022
   -7.5000    7.5000   30.000013800.1270   14.1569
    0.0000    7.5000   30.000014384.1973   14.1641
    7.5000    7.5000   30.000013693.9336   14.1337
   -7.5000   15.0000   30.000012895.0742   14.2460
    0.0000   15.0000   30.000013426.4863   14.2595
    7.5000   15.0000   30.000012750.2109   14.2372
   -7.5000   22.5000   30.000011873.8232   14.3974
    0.0000   22.5000   30.000012360.8145   14.4151
    7.5000   22.5000   30.000011756.8799   14.3967
   -7.5000   30.0000   30.000010853.7773   14.4230
    0.0000   30.0000   30.000011315.5039   14.4409
    7.5000   30.0000   30.000010770.4453   14.4195
   -7.5000   37.5000   30.000010262.9717   14.6600
    0.0000   37.5000   30.000010701.8174   14.6705
    7.5000   37.5000   30.000010200.4209   14.6403
   -7.5000   45.0000   30.0000 9283.8477   14.6444
    0.0000   45.0000   30.0000 9684.3721   14.6475
    7.5000   45.0000   30.0000 9245.5391   14.6079
   -7.5000  -45.0000   37.500010821.0371   14.5872
    0.0000  -45.0000   37.500011315.4805   14.5980
    7.5000  -45.0000   37.500010888.3838   14.5649
   -7.5000  -37.5000   37.500011292.7480   14.5503
    0.0000  -37.5000   37.500011800.1914   14.5617
    7.5000  -37.5000   37.500011343.0459   14.5302
   -7.5000  -30.0000   37.500012101.2939   14.4682
    0.0000  -30.0000   37.500012650.2207   14.4860
    7.5000  -30.0000   37.500012146.0293   14.4616
   -7.5000  -22.5000   37.500012846.1602   14.3937
    0.0000  -22.5000   37.500013449.7686   14.4172
    7.5000  -22.5000   37.500012866.1191   14.3980
   -7.5000  -15.0000   37.500013438.7949   14.3270
    0.0000  -15.0000   37.500014047.0020   14.3499
    7.5000  -15.0000   37.500013419.2812   14.3304
   -7.5000   -7.5000   37.500013882.3887   14.2798
    0.0000   -7.5000   37.500014478.2930   14.2956
    7.5000   -7.5000   37.500013831.1846   14.2695
   -7.5000    0.0000   37.500014144.6963   14.2545
    0.0000    0.0000   37.500014756.3047   14.2639
    7.5000    0.0000   37.500014099.9307   14.2318
   -7.5000    7.5000   37.500013252.5518   14.2846
    0.0000    7.5000   37.500013830.5410   14.2948
    7.5000    7.5000   37.500013196.2812   14.2642
   -7.5000   15.0000   37.500012379.5938   14.3799
    0.0000   15.0000   37.500012906.8311   14.3968
    7.5000   15.0000   37.500012287.3125   14.3728
   -7.5000   22.5000   37.500011412.4854   14.5361
    0.0000   22.5000   37.500011909.9912   14.5588
    7.5000   22.5000   37.500011334.0664   14.5385
   -7.5000   30.0000   37.500010464.7979   14.5593
    0.0000   30.0000   37.500010929.0654   14.5835
    7.5000   30.0000   37.500010400.7822   14.5616
   -7.5000   37.5000   37.5000 9909.0664   14.7920
    0.0000   37.5000   37.500010353.6562   14.8082
    7.5000   37.5000   37.5000 9849.3027   14.7787
   -7.5000   45.0000   37.5000 8966.4629   14.7738
    0.0000   45.0000   37.5000 9379.9678   14.7819
    7.5000   45.0000   37.5000 8943.0859   14.7437
   -7.5000  -45.0000   45.0000 9958.4121   14.7137
    0.0000  -45.0000   45.000010417.5010   14.7222
    7.5000  -45.0000   45.000010023.3252   14.6920
   -7.5000  -37.5000   45.000010397.8203   14.6791
    0.0000  -37.5000   45.000010867.7871   14.6883
    7.5000  -37.5000   45.000010438.7285   14.6589
   -7.5000  -30.0000   45.000011126.8564   14.6039
    0.0000  -30.0000   45.000011649.3691   14.6198
    7.5000  -30.0000   45.000011159.8213   14.5959
   -7.5000  -22.5000   45.000011798.4326   14.5345
    0.0000  -22.5000   45.000012344.1895   14.5566
    7.5000  -22.5000   45.000011814.7256   14.5372
   -7.5000  -15.0000   45.000012323.1270   14.4673
    0.0000  -15.0000   45.000012887.5293   14.4889
    7.5000  -15.0000   45.000012312.1064   14.4697
   -7.5000   -7.5000   45.000012712.5684   14.4124
    0.0000   -7.5000   45.000013291.4434   14.4267
    7.5000   -7.5000   45.000012688.4072   14.4026
   -7.5000    0.0000   45.000012965.2539   14.3819
    0.0000    0.0000   45.000013542.9277   14.3893
    7.5000    0.0000   45.000012944.4023   14.3601
   -7.5000    7.5000   45.000012148.1660   14.4137
    0.0000    7.5000   45.000012678.1602   14.4218
    7.5000    7.5000   45.000012120.8262   14.3933
   -7.5000   15.0000   45.000011337.7539   14.5147
    0.0000   15.0000   45.000011846.3711   14.5298
    7.5000   15.0000   45.000011292.7998   14.5064
   -7.5000   22.5000   45.000010461.8789   14.6766
    0.0000   22.5000   45.000010948.1279   14.6977
    7.5000   22.5000   45.000010416.4365   14.6776
   -7.5000   30.0000   45.0000 9594.0059   14.6996
    0.0000   30.0000   45.000010040.1514   14.7223
    7.5000   30.0000   45.0000 9558.5508   14.7012
   -7.5000   37.5000   45.0000 9103.3252   14.9301
    0.0000   37.5000   45.0000 9521.8105   14.9446
    7.5000   37.5000   45.0000 9073.2793   14.9179
   -7.5000   45.0000   45.0000 8272.2041   14.9175
    0.0000   45.0000   45.0000 8646.7021   14.9236
    7.5000   45.0000   45.0000 8255.8457   14.8897

---------------------------------------------------------------------
imgreg_4dfp /opt/freesurfer/average/711-2C_as_mni_average_305 /opt/freesurfer/average/711-2B_as_mni_average_305_mask talsrcimg_g11 none talsrcimg_to_711-2C_as_mni_average_305_t4 4355
---------------------------------------------------------------------

freesurfer imgreg_4dfp.c
/opt/freesurfer/average/711-2C_as_mni_average_305.4dfp.img
       256       256       256         1
  1.000000  1.000000  1.000000
orientation T byte_order littleendian
Reading image: /opt/freesurfer/average/711-2C_as_mni_average_305.4dfp.img
dimensions:      256       256       256
mmppix:       1.0000   -1.0000   -1.0000
center:     128.0000 -129.0000 -129.0000
/opt/freesurfer/average/711-2B_as_mni_average_305_mask.4dfp.img
       256       256       256         1
  1.000000  1.000000  1.000000
orientation T byte_order littleendian
Reading mask: /opt/freesurfer/average/711-2B_as_mni_average_305_mask.4dfp.img (2306576 pixels)
talsrcimg_g11.4dfp.img
       256       256       256         1
  1.000000  1.000000  1.000000
orientation T byte_order littleendian
Reading image: talsrcimg_g11.4dfp.img
dimensions:      256       256       256
mmppix:       1.0000   -1.0000   -1.0000
center:     128.0000 -129.0000 -129.0000
rotation matrix determinant  1.000000
image alignment mode   4355 decimal     1103 hex
   -7.5000  -45.0000  -45.0000 2253.3442   15.4653
    0.0000  -45.0000  -45.0000 2261.7754   15.4494
    7.5000  -45.0000  -45.0000 2247.8706   15.4848
   -7.5000  -37.5000  -45.0000 2296.7749   14.8589
    0.0000  -37.5000  -45.0000 2304.1262   14.8472
    7.5000  -37.5000  -45.0000 2293.6467   14.8582
   -7.5000  -30.0000  -45.0000 2319.4011   14.3568
    0.0000  -30.0000  -45.0000 2333.1118   14.3315
    7.5000  -30.0000  -45.0000 2319.3521   14.3831
   -7.5000  -22.5000  -45.0000 2327.0535   13.9585
    0.0000  -22.5000  -45.0000 2346.4900   13.9473
    7.5000  -22.5000  -45.0000 2329.2129   14.0031
   -7.5000  -15.0000  -45.0000 2325.3015   13.7324
    0.0000  -15.0000  -45.0000 2348.4910   13.6691
    7.5000  -15.0000  -45.0000 2329.5161   13.7208
   -7.5000   -7.5000  -45.0000 2327.1895   13.6513
    0.0000   -7.5000  -45.0000 2347.7527   13.5307
    7.5000   -7.5000  -45.0000 2330.7097   13.5840
   -7.5000    0.0000  -45.0000 2313.3333   13.8521
    0.0000    0.0000  -45.0000 2335.7136   13.7356
    7.5000    0.0000  -45.0000 2320.0264   13.7842
   -7.5000    7.5000  -45.0000 2280.4910   14.3810
    0.0000    7.5000  -45.0000 2302.1106   14.2486
    7.5000    7.5000  -45.0000 2289.1846   14.3052
   -7.5000   15.0000  -45.0000 2231.3594   15.1123
    0.0000   15.0000  -45.0000 2255.4995   14.9982
    7.5000   15.0000  -45.0000 2241.5427   15.0569
   -7.5000   22.5000  -45.0000 2167.3242   16.1117
    0.0000   22.5000  -45.0000 2188.4336   16.0056
    7.5000   22.5000  -45.0000 2175.6167   16.0497
   -7.5000   30.0000  -45.0000 2089.3369   17.4783
    0.0000   30.0000  -45.0000 2108.0725   17.2982
    7.5000   30.0000  -45.0000 2094.9629   17.3845
   -7.5000   37.5000  -45.0000 1996.7520   19.3756
    0.0000   37.5000  -45.0000 2011.5084   19.1453
    7.5000   37.5000  -45.0000 1999.6830   19.1974
   -7.5000   45.0000  -45.0000 1894.9873   21.9703
    0.0000   45.0000  -45.0000 1909.7987   21.7079
    7.5000   45.0000  -45.0000 1898.0754   21.6654
   -7.5000  -45.0000  -37.5000 2350.7397   14.2638
    0.0000  -45.0000  -37.5000 2358.3762   14.2445
    7.5000  -45.0000  -37.5000 2345.7229   14.2371
   -7.5000  -37.5000  -37.5000 2396.4482   13.6888
    0.0000  -37.5000  -37.5000 2404.9697   13.6727
    7.5000  -37.5000  -37.5000 2393.9336   13.7022
   -7.5000  -30.0000  -37.5000 2420.5032   13.2737
    0.0000  -30.0000  -37.5000 2433.1094   13.2510
    7.5000  -30.0000  -37.5000 2418.7244   13.2821
   -7.5000  -22.5000  -37.5000 2428.7480   12.9495
    0.0000  -22.5000  -37.5000 2447.0361   12.9080
    7.5000  -22.5000  -37.5000 2432.8740   12.9725
   -7.5000  -15.0000  -37.5000 2426.5625   12.7528
    0.0000  -15.0000  -37.5000 2449.0073   12.6685
    7.5000  -15.0000  -37.5000 2430.9338   12.7320
   -7.5000   -7.5000  -37.5000 2422.0051   12.6988
    0.0000   -7.5000  -37.5000 2444.8923   12.5872
    7.5000   -7.5000  -37.5000 2429.1421   12.6437
   -7.5000    0.0000  -37.5000 2405.7610   12.8696
    0.0000    0.0000  -37.5000 2426.1743   12.7370
    7.5000    0.0000  -37.5000 2412.2434   12.8148
   -7.5000    7.5000  -37.5000 2372.8164   13.3018
    0.0000    7.5000  -37.5000 2394.4006   13.1541
    7.5000    7.5000  -37.5000 2381.9031   13.2450
   -7.5000   15.0000  -37.5000 2322.2498   13.9626
    0.0000   15.0000  -37.5000 2348.1147   13.8173
    7.5000   15.0000  -37.5000 2332.2974   13.9047
   -7.5000   22.5000  -37.5000 2250.7881   14.8919
    0.0000   22.5000  -37.5000 2276.2532   14.7588
    7.5000   22.5000  -37.5000 2261.0779   14.8331
   -7.5000   30.0000  -37.5000 2167.3103   16.1301
    0.0000   30.0000  -37.5000 2187.7788   15.9897
    7.5000   30.0000  -37.5000 2174.8601   16.0731
   -7.5000   37.5000  -37.5000 2066.8684   17.8432
    0.0000   37.5000  -37.5000 2087.9407   17.6685
    7.5000   37.5000  -37.5000 2072.5703   17.7168
   -7.5000   45.0000  -37.5000 1955.3472   20.1584
    0.0000   45.0000  -37.5000 1977.2474   19.9386
    7.5000   45.0000  -37.5000 1962.4996   19.9192
   -7.5000  -45.0000  -30.0000 2484.5190   13.6877
    0.0000  -45.0000  -30.0000 2498.4404   13.6432
    7.5000  -45.0000  -30.0000 2477.7585   13.6594
   -7.5000  -37.5000  -30.0000 2526.9536   13.1152
    0.0000  -37.5000  -30.0000 2540.0847   13.0616
    7.5000  -37.5000  -30.0000 2526.1523   13.0828
   -7.5000  -30.0000  -30.0000 2558.6907   12.6753
    0.0000  -30.0000  -30.0000 2572.0820   12.6341
    7.5000  -30.0000  -30.0000 2556.7026   12.6698
   -7.5000  -22.5000  -30.0000 2574.5818   12.4024
    0.0000  -22.5000  -30.0000 2592.4746   12.3278
    7.5000  -22.5000  -30.0000 2576.8457   12.3885
   -7.5000  -15.0000  -30.0000 2581.2847   12.2253
    0.0000  -15.0000  -30.0000 2602.9734   12.1212
    7.5000  -15.0000  -30.0000 2580.6511   12.2004
   -7.5000   -7.5000  -30.0000 2575.8196   12.2085
    0.0000   -7.5000  -30.0000 2595.6541   12.1067
    7.5000   -7.5000  -30.0000 2575.6125   12.1672
   -7.5000    0.0000  -30.0000 2555.3701   12.3748
    0.0000    0.0000  -30.0000 2574.2451   12.2678
    7.5000    0.0000  -30.0000 2558.5037   12.3353
   -7.5000    7.5000  -30.0000 2516.5566   12.7845
    0.0000    7.5000  -30.0000 2539.6848   12.6483
    7.5000    7.5000  -30.0000 2523.5645   12.7269
   -7.5000   15.0000  -30.0000 2462.1274   13.3622
    0.0000   15.0000  -30.0000 2489.6621   13.2397
    7.5000   15.0000  -30.0000 2470.8318   13.3089
   -7.5000   22.5000  -30.0000 2389.1587   14.2298
    0.0000   22.5000  -30.0000 2414.0288   14.1037
    7.5000   22.5000  -30.0000 2397.9783   14.1884
   -7.5000   30.0000  -30.0000 2292.8052   15.4239
    0.0000   30.0000  -30.0000 2316.0701   15.2682
    7.5000   30.0000  -30.0000 2302.1123   15.3702
   -7.5000   37.5000  -30.0000 2178.9844   17.0570
    0.0000   37.5000  -30.0000 2197.8347   16.8876
    7.5000   37.5000  -30.0000 2186.3857   16.9317
   -7.5000   45.0000  -30.0000 2060.6614   19.2213
    0.0000   45.0000  -30.0000 2084.5745   19.0427
    7.5000   45.0000  -30.0000 2069.0071   19.0483
   -7.5000  -45.0000  -22.5000 2580.9548   13.0587
    0.0000  -45.0000  -22.5000 2594.0171   12.9786
    7.5000  -45.0000  -22.5000 2576.3450   13.0230
   -7.5000  -37.5000  -22.5000 2627.1616   12.4670
    0.0000  -37.5000  -22.5000 2642.1362   12.3872
    7.5000  -37.5000  -22.5000 2627.5771   12.4438
   -7.5000  -30.0000  -22.5000 2659.2454   12.0289
    0.0000  -30.0000  -22.5000 2677.6409   11.9815
    7.5000  -30.0000  -22.5000 2661.9536   12.0188
   -7.5000  -22.5000  -22.5000 2685.0193   11.7747
    0.0000  -22.5000  -22.5000 2700.0364   11.7001
    7.5000  -22.5000  -22.5000 2690.4912   11.7321
   -7.5000  -15.0000  -22.5000 2696.3691   11.6066
    0.0000  -15.0000  -22.5000 2719.8401   11.5146
    7.5000  -15.0000  -22.5000 2699.4961   11.5504
   -7.5000   -7.5000  -22.5000 2700.1477   11.6108
    0.0000   -7.5000  -22.5000 2720.9817   11.5186
    7.5000   -7.5000  -22.5000 2697.8982   11.5511
   -7.5000    0.0000  -22.5000 2679.1055   11.7950
    0.0000    0.0000  -22.5000 2705.0552   11.7047
    7.5000    0.0000  -22.5000 2682.5352   11.7393
   -7.5000    7.5000  -22.5000 2639.3325   12.1865
    0.0000    7.5000  -22.5000 2668.1565   12.0794
    7.5000    7.5000  -22.5000 2646.5728   12.1261
   -7.5000   15.0000  -22.5000 2574.8247   12.7382
    0.0000   15.0000  -22.5000 2607.4624   12.6094
    7.5000   15.0000  -22.5000 2586.2900   12.6784
   -7.5000   22.5000  -22.5000 2496.6716   13.5305
    0.0000   22.5000  -22.5000 2522.6560   13.4017
    7.5000   22.5000  -22.5000 2506.9734   13.4951
   -7.5000   30.0000  -22.5000 2393.1848   14.6729
    0.0000   30.0000  -22.5000 2417.0325   14.5198
    7.5000   30.0000  -22.5000 2405.1646   14.6158
   -7.5000   37.5000  -22.5000 2270.7136   16.2308
    0.0000   37.5000  -22.5000 2288.2476   16.0684
    7.5000   37.5000  -22.5000 2280.3533   16.1219
   -7.5000   45.0000  -22.5000 2138.0896   18.3025
    0.0000   45.0000  -22.5000 2159.0215   18.1476
    7.5000   45.0000  -22.5000 2144.9802   18.1722
   -7.5000  -45.0000  -15.0000 2644.1562   12.4857
    0.0000  -45.0000  -15.0000 2658.0776   12.3923
    7.5000  -45.0000  -15.0000 2643.8040   12.4567
   -7.5000  -37.5000  -15.0000 2689.7073   11.8698
    0.0000  -37.5000  -15.0000 2704.6897   11.7859
    7.5000  -37.5000  -15.0000 2694.3394   11.8618
   -7.5000  -30.0000  -15.0000 2725.7749   11.4575
    0.0000  -30.0000  -15.0000 2745.9961   11.3769
    7.5000  -30.0000  -15.0000 2732.1277   11.4467
   -7.5000  -22.5000  -15.0000 2761.9460   11.1673
    0.0000  -22.5000  -15.0000 2781.5420   11.0872
    7.5000  -22.5000  -15.0000 2772.1809   11.1479
   -7.5000  -15.0000  -15.0000 2779.1592   10.9834
    0.0000  -15.0000  -15.0000 2808.0776   10.9000
    7.5000  -15.0000  -15.0000 2788.8840   10.9434
   -7.5000   -7.5000  -15.0000 2788.7778   11.0061
    0.0000   -7.5000  -15.0000 2818.5024   10.9187
    7.5000   -7.5000  -15.0000 2792.2515   10.9433
   -7.5000    0.0000  -15.0000 2777.1201   11.2328
    0.0000    0.0000  -15.0000 2807.9863   11.1311
    7.5000    0.0000  -15.0000 2779.3337   11.1700
   -7.5000    7.5000  -15.0000 2734.0764   11.6176
    0.0000    7.5000  -15.0000 2768.8723   11.5151
    7.5000    7.5000  -15.0000 2745.9163   11.5339
   -7.5000   15.0000  -15.0000 2665.2476   12.1365
    0.0000   15.0000  -15.0000 2696.2673   12.0176
    7.5000   15.0000  -15.0000 2678.2898   12.0874
   -7.5000   22.5000  -15.0000 2575.6077   12.8834
    0.0000   22.5000  -15.0000 2601.0486   12.7649
    7.5000   22.5000  -15.0000 2586.6636   12.8474
   -7.5000   30.0000  -15.0000 2459.8296   14.0085
    0.0000   30.0000  -15.0000 2488.9839   13.8556
    7.5000   30.0000  -15.0000 2472.0242   13.9458
   -7.5000   37.5000  -15.0000 2330.1904   15.5310
    0.0000   37.5000  -15.0000 2356.1726   15.3483
    7.5000   37.5000  -15.0000 2341.2129   15.4267
   -7.5000   45.0000  -15.0000 2193.0332   17.5292
    0.0000   45.0000  -15.0000 2211.9624   17.3390
    7.5000   45.0000  -15.0000 2202.5632   17.3955
   -7.5000  -45.0000   -7.5000 2681.3921   11.9797
    0.0000  -45.0000   -7.5000 2699.0339   11.8936
    7.5000  -45.0000   -7.5000 2680.3906   11.9583
   -7.5000  -37.5000   -7.5000 2727.7251   11.3701
    0.0000  -37.5000   -7.5000 2745.5471   11.2942
    7.5000  -37.5000   -7.5000 2735.9463   11.3454
   -7.5000  -30.0000   -7.5000 2775.5891   10.9207
    0.0000  -30.0000   -7.5000 2797.2397   10.8358
    7.5000  -30.0000   -7.5000 2784.6626   10.9151
   -7.5000  -22.5000   -7.5000 2821.9551   10.6466
    0.0000  -22.5000   -7.5000 2847.7944   10.5706
    7.5000  -22.5000   -7.5000 2831.8748   10.6401
   -7.5000  -15.0000   -7.5000 2852.4062   10.4741
    0.0000  -15.0000   -7.5000 2887.8113   10.3568
    7.5000  -15.0000   -7.5000 2862.7410   10.4388
   -7.5000   -7.5000   -7.5000 2869.1272   10.4834
    0.0000   -7.5000   -7.5000 2905.4692   10.3598
    7.5000   -7.5000   -7.5000 2877.8718   10.4327
   -7.5000    0.0000   -7.5000 2858.0774   10.7082
    0.0000    0.0000   -7.5000 2891.2068   10.5769
    7.5000    0.0000   -7.5000 2865.1831   10.6383
   -7.5000    7.5000   -7.5000 2806.9238   11.0850
    0.0000    7.5000   -7.5000 2842.5112   10.9507
    7.5000    7.5000   -7.5000 2814.6240   11.0175
   -7.5000   15.0000   -7.5000 2726.3916   11.5954
    0.0000   15.0000   -7.5000 2762.3062   11.4371
    7.5000   15.0000   -7.5000 2743.1746   11.5495
   -7.5000   22.5000   -7.5000 2624.3425   12.3363
    0.0000   22.5000   -7.5000 2658.8516   12.1782
    7.5000   22.5000   -7.5000 2642.1057   12.3242
   -7.5000   30.0000   -7.5000 2506.0552   13.4513
    0.0000   30.0000   -7.5000 2534.6694   13.2842
    7.5000   30.0000   -7.5000 2513.0420   13.4262
   -7.5000   37.5000   -7.5000 2376.9275   14.9391
    0.0000   37.5000   -7.5000 2401.3286   14.7680
    7.5000   37.5000   -7.5000 2381.9497   14.8580
   -7.5000   45.0000   -7.5000 2228.9666   16.8442
    0.0000   45.0000   -7.5000 2251.3645   16.6583
    7.5000   45.0000   -7.5000 2238.3875   16.7119
   -7.5000  -45.0000    0.0000 2688.6433   11.6451
    0.0000  -45.0000    0.0000 2711.4695   11.5407
    7.5000  -45.0000    0.0000 2695.9685   11.6301
   -7.5000  -37.5000    0.0000 2741.7666   11.0091
    0.0000  -37.5000    0.0000 2761.3286   10.9112
    7.5000  -37.5000    0.0000 2754.7734   10.9858
   -7.5000  -30.0000    0.0000 2800.8801   10.5764
    0.0000  -30.0000    0.0000 2823.3376   10.4715
    7.5000  -30.0000    0.0000 2810.5820   10.5475
   -7.5000  -22.5000    0.0000 2862.7307   10.3149
    0.0000  -22.5000    0.0000 2889.7598   10.2233
    7.5000  -22.5000    0.0000 2871.3591   10.2818
   -7.5000  -15.0000    0.0000 2903.6631   10.1606
    0.0000  -15.0000    0.0000 2947.3945   10.0301
    7.5000  -15.0000    0.0000 2916.4734   10.1235
   -7.5000   -7.5000    0.0000 2930.4575   10.1552
    0.0000   -7.5000    0.0000 2978.9846    9.9835
    7.5000   -7.5000    0.0000 2941.7419   10.0972
   -7.5000    0.0000    0.0000 2917.8958   10.3726
    0.0000    0.0000    0.0000 2962.2866   10.1716
    7.5000    0.0000    0.0000 2924.2551   10.2997
   -7.5000    7.5000    0.0000 2856.4692   10.7543
    0.0000    7.5000    0.0000 2894.3625   10.5452
    7.5000    7.5000    0.0000 2864.7070   10.6830
   -7.5000   15.0000    0.0000 2768.2659   11.2500
    0.0000   15.0000    0.0000 2804.5349   11.0598
    7.5000   15.0000    0.0000 2782.0247   11.2049
   -7.5000   22.5000    0.0000 2656.8970   11.9896
    0.0000   22.5000    0.0000 2691.9221   11.8505
    7.5000   22.5000    0.0000 2674.5742   11.9489
   -7.5000   30.0000    0.0000 2532.8264   13.0931
    0.0000   30.0000    0.0000 2557.2725   12.9623
    7.5000   30.0000    0.0000 2538.8884   13.0358
   -7.5000   37.5000    0.0000 2394.6306   14.5478
    0.0000   37.5000    0.0000 2420.7332   14.4176
    7.5000   37.5000    0.0000 2403.2410   14.4606
   -7.5000   45.0000    0.0000 2246.8103   16.4301
    0.0000   45.0000    0.0000 2271.5354   16.2667
    7.5000   45.0000    0.0000 2256.9192   16.3117
   -7.5000  -45.0000    7.5000 2684.4504   11.5163
    0.0000  -45.0000    7.5000 2702.0459   11.3942
    7.5000  -45.0000    7.5000 2690.6169   11.5051
   -7.5000  -37.5000    7.5000 2741.2183   10.8492
    0.0000  -37.5000    7.5000 2760.0830   10.7264
    7.5000  -37.5000    7.5000 2751.8704   10.8486
   -7.5000  -30.0000    7.5000 2807.8843   10.3867
    0.0000  -30.0000    7.5000 2830.5193   10.2424
    7.5000  -30.0000    7.5000 2816.4319   10.3642
   -7.5000  -22.5000    7.5000 2877.7986   10.1404
    0.0000  -22.5000    7.5000 2903.4148    9.9923
    7.5000  -22.5000    7.5000 2881.5664   10.1076
   -7.5000  -15.0000    7.5000 2933.1646   10.0586
    0.0000  -15.0000    7.5000 2973.3872    9.9325
    7.5000  -15.0000    7.5000 2940.8826   10.0028
   -7.5000   -7.5000    7.5000 2965.1155   10.0647
    0.0000   -7.5000    7.5000 3020.1013    9.8812
    7.5000   -7.5000    7.5000 2972.4038    9.9841
   -7.5000    0.0000    7.5000 2956.7424   10.2065
    0.0000    0.0000    7.5000 3003.6003    9.9848
    7.5000    0.0000    7.5000 2957.1738   10.1239
   -7.5000    7.5000    7.5000 2888.2366   10.5347
    0.0000    7.5000    7.5000 2929.4321   10.3332
    7.5000    7.5000    7.5000 2891.8542   10.4619
   -7.5000   15.0000    7.5000 2783.7551   11.0735
    0.0000   15.0000    7.5000 2820.5542   10.9159
    7.5000   15.0000    7.5000 2797.5730   11.0120
   -7.5000   22.5000    7.5000 2668.0410   11.8483
    0.0000   22.5000    7.5000 2697.8010   11.7145
    7.5000   22.5000    7.5000 2685.2153   11.7871
   -7.5000   30.0000    7.5000 2536.5056   12.9430
    0.0000   30.0000    7.5000 2562.2483   12.8219
    7.5000   30.0000    7.5000 2546.5291   12.8797
   -7.5000   37.5000    7.5000 2395.6680   14.3647
    0.0000   37.5000    7.5000 2421.9241   14.2698
    7.5000   37.5000    7.5000 2406.9470   14.2904
   -7.5000   45.0000    7.5000 2249.1270   16.1847
    0.0000   45.0000    7.5000 2272.6108   16.0971
    7.5000   45.0000    7.5000 2260.6753   16.1037
   -7.5000  -45.0000   15.0000 2670.5461   11.5407
    0.0000  -45.0000   15.0000 2689.8906   11.3726
    7.5000  -45.0000   15.0000 2677.1072   11.5597
   -7.5000  -37.5000   15.0000 2731.1003   10.8826
    0.0000  -37.5000   15.0000 2749.9446   10.7184
    7.5000  -37.5000   15.0000 2738.1523   10.8688
   -7.5000  -30.0000   15.0000 2791.8186   10.4297
    0.0000  -30.0000   15.0000 2812.7847   10.2700
    7.5000  -30.0000   15.0000 2797.1082   10.4078
   -7.5000  -22.5000   15.0000 2856.3311   10.1864
    0.0000  -22.5000   15.0000 2888.6584   10.0245
    7.5000  -22.5000   15.0000 2864.3489   10.1450
   -7.5000  -15.0000   15.0000 2912.8000   10.0730
    0.0000  -15.0000   15.0000 2957.3499    9.9523
    7.5000  -15.0000   15.0000 2919.2263   10.0375
   -7.5000   -7.5000   15.0000 2952.4099   10.0966
    0.0000   -7.5000   15.0000 3001.5063    9.9488
    7.5000   -7.5000   15.0000 2956.2209   10.0403
   -7.5000    0.0000   15.0000 2941.4592   10.2480
    0.0000    0.0000   15.0000 2984.3481   10.1173
    7.5000    0.0000   15.0000 2943.4458   10.1723
   -7.5000    7.5000   15.0000 2877.0400   10.5576
    0.0000    7.5000   15.0000 2913.9883   10.4438
    7.5000    7.5000   15.0000 2882.0027   10.4973
   -7.5000   15.0000   15.0000 2775.2415   11.1187
    0.0000   15.0000   15.0000 2804.8032   10.9998
    7.5000   15.0000   15.0000 2784.9402   11.0570
   -7.5000   22.5000   15.0000 2659.2639   11.9275
    0.0000   22.5000   15.0000 2681.9148   11.7799
    7.5000   22.5000   15.0000 2670.7197   11.8545
   -7.5000   30.0000   15.0000 2528.9861   13.0068
    0.0000   30.0000   15.0000 2548.1577   12.8353
    7.5000   30.0000   15.0000 2543.4133   12.9137
   -7.5000   37.5000   15.0000 2388.5298   14.4026
    0.0000   37.5000   15.0000 2410.0054   14.2471
    7.5000   37.5000   15.0000 2400.8645   14.2921
   -7.5000   45.0000   15.0000 2237.3877   16.1898
    0.0000   45.0000   15.0000 2259.3850   16.0365
    7.5000   45.0000   15.0000 2246.7744   16.0712
   -7.5000  -45.0000   22.5000 2647.1077   11.7641
    0.0000  -45.0000   22.5000 2669.4280   11.5915
    7.5000  -45.0000   22.5000 2654.1445   11.7530
   -7.5000  -37.5000   22.5000 2705.2373   11.1039
    0.0000  -37.5000   22.5000 2725.5095   10.9553
    7.5000  -37.5000   22.5000 2709.9929   11.0865
   -7.5000  -30.0000   22.5000 2762.1863   10.6471
    0.0000  -30.0000   22.5000 2781.1956   10.4960
    7.5000  -30.0000   22.5000 2767.1809   10.6345
   -7.5000  -22.5000   22.5000 2819.9561   10.3964
    0.0000  -22.5000   22.5000 2847.8254   10.2566
    7.5000  -22.5000   22.5000 2830.1599   10.3667
   -7.5000  -15.0000   22.5000 2871.5515   10.2750
    0.0000  -15.0000   22.5000 2907.1313   10.1012
    7.5000  -15.0000   22.5000 2884.2551   10.2284
   -7.5000   -7.5000   22.5000 2905.9968   10.2988
    0.0000   -7.5000   22.5000 2946.2197   10.0850
    7.5000   -7.5000   22.5000 2914.7119   10.2317
   -7.5000    0.0000   22.5000 2892.0522   10.4976
    0.0000    0.0000   22.5000 2928.5513   10.3109
    7.5000    0.0000   22.5000 2899.2493   10.4173
   -7.5000    7.5000   22.5000 2830.2585   10.8876
    0.0000    7.5000   22.5000 2865.1899   10.7163
    7.5000    7.5000   22.5000 2839.6079   10.8131
   -7.5000   15.0000   22.5000 2744.4875   11.4253
    0.0000   15.0000   22.5000 2771.2170   11.2702
    7.5000   15.0000   22.5000 2750.8745   11.3690
   -7.5000   22.5000   22.5000 2630.4456   12.1929
    0.0000   22.5000   22.5000 2651.3569   12.0359
    7.5000   22.5000   22.5000 2637.8760   12.1352
   -7.5000   30.0000   22.5000 2506.7856   13.2288
    0.0000   30.0000   22.5000 2526.9658   13.0601
    7.5000   30.0000   22.5000 2514.0962   13.1568
   -7.5000   37.5000   22.5000 2366.0576   14.6185
    0.0000   37.5000   22.5000 2384.9626   14.4377
    7.5000   37.5000   22.5000 2374.0012   14.5016
   -7.5000   45.0000   22.5000 2213.3203   16.3751
    0.0000   45.0000   22.5000 2234.0698   16.2092
    7.5000   45.0000   22.5000 2225.4822   16.2305
   -7.5000  -45.0000   30.0000 2614.7039   12.1178
    0.0000  -45.0000   30.0000 2635.6958   11.9324
    7.5000  -45.0000   30.0000 2619.4111   12.1253
   -7.5000  -37.5000   30.0000 2667.1577   11.4562
    0.0000  -37.5000   30.0000 2691.0276   11.2671
    7.5000  -37.5000   30.0000 2673.2505   11.4445
   -7.5000  -30.0000   30.0000 2722.1387   11.0122
    0.0000  -30.0000   30.0000 2743.6765   10.8277
    7.5000  -30.0000   30.0000 2727.7947   10.9940
   -7.5000  -22.5000   30.0000 2777.8708   10.7871
    0.0000  -22.5000   30.0000 2803.0527   10.5958
    7.5000  -22.5000   30.0000 2786.0513   10.7374
   -7.5000  -15.0000   30.0000 2819.2361   10.6724
    0.0000  -15.0000   30.0000 2849.4465   10.4706
    7.5000  -15.0000   30.0000 2828.3230   10.5854
   -7.5000   -7.5000   30.0000 2836.7979   10.7211
    0.0000   -7.5000   30.0000 2863.2576   10.5116
    7.5000   -7.5000   30.0000 2844.9341   10.6293
   -7.5000    0.0000   30.0000 2812.6841   10.9845
    0.0000    0.0000   30.0000 2840.2280   10.7796
    7.5000    0.0000   30.0000 2823.1394   10.8807
   -7.5000    7.5000   30.0000 2761.4167   11.3493
    0.0000    7.5000   30.0000 2791.1450   11.1697
    7.5000    7.5000   30.0000 2773.6733   11.2462
   -7.5000   15.0000   30.0000 2685.3906   11.9211
    0.0000   15.0000   30.0000 2710.1699   11.7410
    7.5000   15.0000   30.0000 2689.2444   11.8269
   -7.5000   22.5000   30.0000 2580.4993   12.6553
    0.0000   22.5000   30.0000 2601.6360   12.4906
    7.5000   22.5000   30.0000 2589.8066   12.5831
   -7.5000   30.0000   30.0000 2464.9448   13.6326
    0.0000   30.0000   30.0000 2483.3228   13.4750
    7.5000   30.0000   30.0000 2475.9395   13.5586
   -7.5000   37.5000   30.0000 2330.8821   14.9938
    0.0000   37.5000   30.0000 2346.7900   14.8072
    7.5000   37.5000   30.0000 2342.2183   14.8557
   -7.5000   45.0000   30.0000 2176.4395   16.7087
    0.0000   45.0000   30.0000 2196.5447   16.5334
    7.5000   45.0000   30.0000 2188.3818   16.5543
   -7.5000  -45.0000   37.5000 2567.1025   12.5600
    0.0000  -45.0000   37.5000 2589.2964   12.3521
    7.5000  -45.0000   37.5000 2574.8391   12.5756
   -7.5000  -37.5000   37.5000 2626.5364   11.9164
    0.0000  -37.5000   37.5000 2651.4651   11.7068
    7.5000  -37.5000   37.5000 2631.6553   11.9067
   -7.5000  -30.0000   37.5000 2675.1121   11.4818
    0.0000  -30.0000   37.5000 2701.5403   11.2865
    7.5000  -30.0000   37.5000 2680.7273   11.4661
   -7.5000  -22.5000   37.5000 2718.6064   11.2781
    0.0000  -22.5000   37.5000 2753.5334   11.0847
    7.5000  -22.5000   37.5000 2726.8042   11.2279
   -7.5000  -15.0000   37.5000 2746.1213   11.2076
    0.0000  -15.0000   37.5000 2779.2739   11.0211
    7.5000  -15.0000   37.5000 2758.3721   11.1288
   -7.5000   -7.5000   37.5000 2755.0942   11.3000
    0.0000   -7.5000   37.5000 2779.0652   11.1138
    7.5000   -7.5000   37.5000 2764.9021   11.2078
   -7.5000    0.0000   37.5000 2723.0664   11.5799
    0.0000    0.0000   37.5000 2750.4690   11.4028
    7.5000    0.0000   37.5000 2738.0581   11.4715
   -7.5000    7.5000   37.5000 2674.2771   11.9560
    0.0000    7.5000   37.5000 2700.6169   11.7931
    7.5000    7.5000   37.5000 2686.1946   11.8604
   -7.5000   15.0000   37.5000 2610.5967   12.5013
    0.0000   15.0000   37.5000 2637.0420   12.3289
    7.5000   15.0000   37.5000 2617.4900   12.4119
   -7.5000   22.5000   37.5000 2516.9463   13.2189
    0.0000   22.5000   37.5000 2538.5129   13.0571
    7.5000   22.5000   37.5000 2523.1208   13.1491
   -7.5000   30.0000   37.5000 2410.5093   14.1813
    0.0000   30.0000   37.5000 2431.3301   14.0517
    7.5000   30.0000   37.5000 2419.9863   14.1117
   -7.5000   37.5000   37.5000 2282.8235   15.4876
    0.0000   37.5000   37.5000 2302.2490   15.3562
    7.5000   37.5000   37.5000 2288.4617   15.3852
   -7.5000   45.0000   37.5000 2135.3589   17.1769
    0.0000   45.0000   37.5000 2155.1006   17.0458
    7.5000   45.0000   37.5000 2144.6011   17.0647
   -7.5000  -45.0000   45.0000 2516.2354   13.1764
    0.0000  -45.0000   45.0000 2546.1812   12.9508
    7.5000  -45.0000   45.0000 2529.1887   13.1870
   -7.5000  -37.5000   45.0000 2576.9832   12.5364
    0.0000  -37.5000   45.0000 2603.7012   12.3295
    7.5000  -37.5000   45.0000 2581.0559   12.5350
   -7.5000  -30.0000   45.0000 2614.9915   12.1342
    0.0000  -30.0000   45.0000 2643.8557   11.9399
    7.5000  -30.0000   45.0000 2617.5493   12.1146
   -7.5000  -22.5000   45.0000 2647.2126   11.9441
    0.0000  -22.5000   45.0000 2678.0249   11.7775
    7.5000  -22.5000   45.0000 2651.6763   11.9069
   -7.5000  -15.0000   45.0000 2662.6819   11.9029
    0.0000  -15.0000   45.0000 2692.7461   11.7514
    7.5000  -15.0000   45.0000 2669.7161   11.8434
   -7.5000   -7.5000   45.0000 2664.4314   12.0119
    0.0000   -7.5000   45.0000 2688.3794   11.8677
    7.5000   -7.5000   45.0000 2669.5906   11.9341
   -7.5000    0.0000   45.0000 2630.8035   12.3320
    0.0000    0.0000   45.0000 2655.5005   12.1848
    7.5000    0.0000   45.0000 2643.2031   12.2435
   -7.5000    7.5000   45.0000 2583.2649   12.7303
    0.0000    7.5000   45.0000 2605.9158   12.5996
    7.5000    7.5000   45.0000 2594.3657   12.6491
   -7.5000   15.0000   45.0000 2523.9500   13.2588
    0.0000   15.0000   45.0000 2551.7949   13.1188
    7.5000   15.0000   45.0000 2534.7295   13.1830
   -7.5000   22.5000   45.0000 2450.1440   13.9264
    0.0000   22.5000   45.0000 2474.2910   13.7768
    7.5000   22.5000   45.0000 2455.7910   13.8532
   -7.5000   30.0000   45.0000 2348.1638   14.8702
    0.0000   30.0000   45.0000 2368.4214   14.7320
    7.5000   30.0000   45.0000 2352.6433   14.7692
   -7.5000   37.5000   45.0000 2221.5874   16.1979
    0.0000   37.5000   45.0000 2238.5735   16.0638
    7.5000   37.5000   45.0000 2229.8667   16.0647
   -7.5000   45.0000   45.0000 2086.2910   17.8782
    0.0000   45.0000   45.0000 2098.8083   17.7432
    7.5000   45.0000   45.0000 2094.8203   17.7451

---------------------------------------------------------------------
imgreg_4dfp /opt/freesurfer/average/711-2C_as_mni_average_305 /opt/freesurfer/average/711-2B_as_mni_average_305_mask talsrcimg_g11 none talsrcimg_to_711-2C_as_mni_average_305_t4 1283
---------------------------------------------------------------------

freesurfer imgreg_4dfp.c
/opt/freesurfer/average/711-2C_as_mni_average_305.4dfp.img
       256       256       256         1
  1.000000  1.000000  1.000000
orientation T byte_order littleendian
Reading image: /opt/freesurfer/average/711-2C_as_mni_average_305.4dfp.img
dimensions:      256       256       256
mmppix:       1.0000   -1.0000   -1.0000
center:     128.0000 -129.0000 -129.0000
/opt/freesurfer/average/711-2B_as_mni_average_305_mask.4dfp.img
       256       256       256         1
  1.000000  1.000000  1.000000
orientation T byte_order littleendian
Reading mask: /opt/freesurfer/average/711-2B_as_mni_average_305_mask.4dfp.img (2306576 pixels)
talsrcimg_g11.4dfp.img
       256       256       256         1
  1.000000  1.000000  1.000000
orientation T byte_order littleendian
Reading image: talsrcimg_g11.4dfp.img
dimensions:      256       256       256
mmppix:       1.0000   -1.0000   -1.0000
center:     128.0000 -129.0000 -129.0000
rotation matrix determinant  1.000000
fimgreg.f
image alignment mode   1283 decimal      503 hex
parameters
    0.0000   -7.5000    7.5000    0.0000    0.0000    0.0000
eta,q 0.94778  9.92338
niter,ni,del,rscale     5    3   12.0000    1.2000
parameter  4  1.305979 ->  0.500000 qaram    1.1500
parameters
    0.5287   -5.3971    7.9882   -3.4500   -0.2574    0.0790
eta,q 0.95407  9.78502
  0.0663  0.0629  0.0587  0.0449  0.0525  0.0513
  0.0600  0.0580  0.0550  0.0455  0.0489  0.0486
  0.0545  0.0541  0.0515  0.0474  0.0468  0.0467
  0.0517  0.0512  0.0499  0.0502  0.0459  0.0459
  0.0521  0.0499  0.0513  0.0534  0.0476  0.0465
  0.0558  0.0509  0.0538  0.0573  0.0503  0.0484
  0.0629  0.0537  0.0560  0.0619  0.0530  0.0511
niter,ni,del,rscale     5    3   12.0000    1.2000
parameter  4  0.504659 ->  0.500000 qaram    1.3225
parameters
    0.4715   -4.4492    7.9599   -7.4175    0.6086   -0.0793
eta,q 0.95561  9.80869
  0.0605  0.0581  0.0559  0.0459  0.0529  0.0503
  0.0542  0.0525  0.0513  0.0448  0.0496  0.0479
  0.0485  0.0481  0.0472  0.0444  0.0466  0.0456
  0.0459  0.0460  0.0458  0.0458  0.0446  0.0443
  0.0482  0.0462  0.0477  0.0487  0.0447  0.0451
  0.0539  0.0486  0.0517  0.0525  0.0467  0.0480
  0.0617  0.0524  0.0558  0.0574  0.0496  0.0515
niter,ni,del,rscale     5    3   12.0000    1.2000
parameters
   -0.0575   -2.7948    7.6679  -10.2695    1.1871   -0.7330
eta,q 0.95731  9.80415
  0.0573  0.0579  0.0518  0.0450  0.0506  0.0475
  0.0503  0.0526  0.0479  0.0430  0.0472  0.0451
  0.0454  0.0474  0.0445  0.0429  0.0445  0.0432
  0.0444  0.0441  0.0435  0.0434  0.0429  0.0428
  0.0483  0.0435  0.0452  0.0452  0.0432  0.0440
  0.0547  0.0454  0.0488  0.0486  0.0453  0.0468
  0.0614  0.0487  0.0538  0.0534  0.0484  0.0501
niter,ni,del,rscale     4    3   12.0000    1.2000
parameters
   -0.4785   -1.3620    7.5511  -11.5201    1.7109   -1.1174
eta,q 0.95883  9.79555
  0.0566  0.0555  0.0517  0.0468  0.0495  0.0466
  0.0487  0.0498  0.0466  0.0426  0.0456  0.0442
  0.0435  0.0454  0.0428  0.0408  0.0426  0.0420
  0.0427  0.0424  0.0419  0.0419  0.0412  0.0412
  0.0465  0.0420  0.0435  0.0435  0.0420  0.0422
  0.0526  0.0439  0.0473  0.0461  0.0442  0.0450
  0.0595  0.0474  0.0523  0.0504  0.0470  0.0484
niter,ni,del,rscale     3    3   12.0000    1.2000
parameters
   -0.7311   -0.9844    7.2213  -11.8278    2.0779   -1.2116
eta,q 0.95909  9.79206
  0.0564  0.0524  0.0507  0.0485  0.0492  0.0469
  0.0481  0.0473  0.0457  0.0440  0.0450  0.0444
  0.0424  0.0429  0.0420  0.0407  0.0419  0.0421
  0.0412  0.0411  0.0410  0.0410  0.0408  0.0409
  0.0446  0.0419  0.0429  0.0429  0.0419  0.0416
  0.0508  0.0454  0.0473  0.0448  0.0441  0.0442
  0.0580  0.0501  0.0529  0.0491  0.0471  0.0477
niter,ni,del,rscale     2    3   12.0000    1.2000
parameters
   -0.8354   -0.9233    7.0550  -11.8991    2.2098   -1.2195
eta,q 0.95912  9.79110
  0.0572  0.0515  0.0512  0.0490  0.0487  0.0470
  0.0484  0.0465  0.0461  0.0444  0.0445  0.0445
  0.0425  0.0423  0.0422  0.0409  0.0416  0.0422
  0.0409  0.0409  0.0409  0.0409  0.0408  0.0409
  0.0439  0.0422  0.0424  0.0428  0.0421  0.0415
  0.0500  0.0461  0.0467  0.0446  0.0443  0.0441
  0.0574  0.0512  0.0525  0.0487  0.0476  0.0476
niter,ni,del,rscale     1    3   12.0000    1.2000
parameters
   -0.8664   -0.9229    6.9964  -11.9072    2.2450   -1.2178
eta,q 0.95912  9.79107
  0.0576  0.0514  0.0515  0.0491  0.0485  0.0471
  0.0487  0.0464  0.0464  0.0446  0.0443  0.0445
  0.0426  0.0422  0.0423  0.0409  0.0414  0.0422
  0.0409  0.0409  0.0409  0.0409  0.0409  0.0409
  0.0436  0.0422  0.0422  0.0428  0.0422  0.0415
  0.0497  0.0463  0.0463  0.0445  0.0444  0.0441
  0.0572  0.0514  0.0522  0.0486  0.0479  0.0476
registration optimization eta report
parameter search radius
    6.0000    6.0000    6.0000    7.9350    6.0000    6.0000
100000*second partial in parameter space
       45.       29.       30.       13.       20.       17.
  0.0576  0.0514  0.0515  0.0491  0.0485  0.0471
  0.0487  0.0464  0.0464  0.0446  0.0443  0.0445
  0.0426  0.0422  0.0423  0.0409  0.0414  0.0422
  0.0409  0.0409  0.0409  0.0409  0.0409  0.0409
  0.0436  0.0422  0.0422  0.0428  0.0422  0.0415
  0.0497  0.0463  0.0463  0.0445  0.0444  0.0441
  0.0572  0.0514  0.0522  0.0486  0.0479  0.0476
   -0.8664   -0.9229    6.9964  -11.9072    2.2450   -1.2178
eta,q 0.95912  9.79107

---------------------------------------------------------------------
imgreg_4dfp /opt/freesurfer/average/711-2C_as_mni_average_305 /opt/freesurfer/average/711-2B_as_mni_average_305_mask talsrcimg_g11 none talsrcimg_to_711-2C_as_mni_average_305_t4 3335
---------------------------------------------------------------------

freesurfer imgreg_4dfp.c
/opt/freesurfer/average/711-2C_as_mni_average_305.4dfp.img
       256       256       256         1
  1.000000  1.000000  1.000000
orientation T byte_order littleendian
Reading image: /opt/freesurfer/average/711-2C_as_mni_average_305.4dfp.img
dimensions:      256       256       256
mmppix:       1.0000   -1.0000   -1.0000
center:     128.0000 -129.0000 -129.0000
/opt/freesurfer/average/711-2B_as_mni_average_305_mask.4dfp.img
       256       256       256         1
  1.000000  1.000000  1.000000
orientation T byte_order littleendian
Reading mask: /opt/freesurfer/average/711-2B_as_mni_average_305_mask.4dfp.img (2306576 pixels)
talsrcimg_g11.4dfp.img
       256       256       256         1
  1.000000  1.000000  1.000000
orientation T byte_order littleendian
Reading image: talsrcimg_g11.4dfp.img
dimensions:      256       256       256
mmppix:       1.0000   -1.0000   -1.0000
center:     128.0000 -129.0000 -129.0000
fimgreg.f
image alignment mode   3335 decimal      D07 hex
parameters
   -0.8664   -0.9229    6.9964   -0.0993   -2.1910   -2.2268
    2.8876   -3.3937   -2.1236   20.7095    3.9173  -20.6168
eta,q 0.96041  9.89599
niter,ni,del,rscale     5    3    5.0000    1.2000
parameter  4  1.307662 ->  0.500000 qaram    1.1500
parameter  5  2.546587 ->  0.500000 qaram    1.1500
parameter  6  0.616915 ->  0.500000 qaram    1.1500
parameters
   -0.7228   -0.8035    6.5069   -4.2393   -6.3310   -6.3668
    3.1271   -1.6276   -0.3708   17.8976    1.4477  -17.9238
eta,q 0.96972  9.47290
  0.0423  0.0415  0.0406  0.0358  0.0312  0.0323  0.0337  0.0378  0.0338  0.0318  0.0311  0.0325
  0.0409  0.0405  0.0399  0.0362  0.0327  0.0317  0.0326  0.0353  0.0326  0.0309  0.0306  0.0315
  0.0400  0.0398  0.0395  0.0374  0.0344  0.0318  0.0318  0.0331  0.0317  0.0306  0.0305  0.0309
  0.0396  0.0396  0.0396  0.0395  0.0365  0.0332  0.0316  0.0316  0.0312  0.0310  0.0306  0.0305
  0.0397  0.0397  0.0400  0.0420  0.0388  0.0359  0.0318  0.0312  0.0311  0.0322  0.0311  0.0303
  0.0405  0.0402  0.0409  0.0448  0.0414  0.0392  0.0324  0.0321  0.0314  0.0339  0.0318  0.0304
  0.0418  0.0412  0.0420  0.0479  0.0443  0.0432  0.0334  0.0340  0.0322  0.0360  0.0328  0.0307
niter,ni,del,rscale     7    3    5.0000    1.2000
parameter  5  1.274878 ->  0.500000 qaram    1.3225
parameters
   -0.6897   -0.9061    5.7141   -6.3861  -11.0920   -8.2223
    2.1253   -0.9641   -0.2655   17.7505    2.2750  -18.0858
eta,q 0.97215  9.14145
  0.0338  0.0324  0.0309  0.0320  0.0270  0.0293  0.0297  0.0321  0.0299  0.0301  0.0290  0.0290
  0.0320  0.0312  0.0303  0.0308  0.0275  0.0287  0.0286  0.0302  0.0288  0.0289  0.0285  0.0283
  0.0307  0.0305  0.0300  0.0301  0.0286  0.0282  0.0280  0.0287  0.0281  0.0281  0.0281  0.0279
  0.0303  0.0303  0.0303  0.0300  0.0300  0.0277  0.0281  0.0280  0.0279  0.0279  0.0279  0.0279
  0.0307  0.0306  0.0309  0.0312  0.0317  0.0280  0.0286  0.0280  0.0281  0.0282  0.0279  0.0280
  0.0318  0.0314  0.0319  0.0334  0.0340  0.0301  0.0296  0.0290  0.0288  0.0290  0.0281  0.0284
  0.0336  0.0328  0.0332  0.0362  0.0367  0.0338  0.0308  0.0311  0.0298  0.0304  0.0286  0.0291
niter,ni,del,rscale     7    3    5.0000    1.2000
parameters
   -0.6952   -0.8121    5.6417   -6.5949  -15.5626   -8.2132
    2.1235   -0.9789   -0.4036   18.0445    2.1561  -18.1819
eta,q 0.97284  8.95102
  0.0313  0.0306  0.0292  0.0307  0.0282  0.0293  0.0296  0.0307  0.0289  0.0296  0.0280  0.0282
  0.0294  0.0291  0.0284  0.0294  0.0274  0.0282  0.0283  0.0289  0.0279  0.0282  0.0276  0.0276
  0.0282  0.0282  0.0280  0.0285  0.0272  0.0276  0.0274  0.0277  0.0273  0.0274  0.0273  0.0273
  0.0279  0.0279  0.0279  0.0278  0.0279  0.0271  0.0271  0.0271  0.0272  0.0272  0.0272  0.0272
  0.0283  0.0281  0.0281  0.0280  0.0293  0.0269  0.0275  0.0275  0.0274  0.0274  0.0272  0.0273
  0.0295  0.0289  0.0286  0.0293  0.0310  0.0275  0.0283  0.0287  0.0281  0.0280  0.0276  0.0276
  0.0312  0.0302  0.0293  0.0314  0.0333  0.0299  0.0295  0.0310  0.0291  0.0291  0.0281  0.0282
niter,ni,del,rscale     6    3    5.0000    1.2000
parameters
   -0.6618   -0.3208    5.8047   -6.5282  -16.3196   -8.1250
    2.0764   -0.9343   -0.4729   18.6455    1.9478  -18.1836
eta,q 0.97292  8.92523
  0.0306  0.0306  0.0286  0.0298  0.0294  0.0292  0.0295  0.0307  0.0288  0.0297  0.0279  0.0281
  0.0287  0.0290  0.0278  0.0286  0.0283  0.0281  0.0281  0.0289  0.0278  0.0282  0.0275  0.0275
  0.0275  0.0278  0.0273  0.0277  0.0275  0.0275  0.0273  0.0276  0.0272  0.0273  0.0272  0.0272
  0.0272  0.0272  0.0271  0.0271  0.0271  0.0271  0.0271  0.0271  0.0271  0.0271  0.0271  0.0271
  0.0275  0.0271  0.0272  0.0271  0.0275  0.0268  0.0274  0.0274  0.0273  0.0273  0.0272  0.0272
  0.0286  0.0276  0.0276  0.0282  0.0288  0.0274  0.0283  0.0286  0.0279  0.0278  0.0275  0.0275
  0.0303  0.0286  0.0282  0.0301  0.0304  0.0297  0.0294  0.0308  0.0288  0.0288  0.0281  0.0281
niter,ni,del,rscale     5    3    5.0000    1.2000
parameters
   -0.6372   -0.1506    5.7892   -6.5959  -16.6660   -8.2813
    2.0266   -0.8388   -0.4475   18.8945    1.8080  -18.1957
eta,q 0.97287  8.89916
  0.0304  0.0298  0.0284  0.0297  0.0295  0.0292  0.0295  0.0308  0.0288  0.0294  0.0280  0.0281
  0.0286  0.0284  0.0277  0.0285  0.0283  0.0281  0.0282  0.0289  0.0279  0.0281  0.0275  0.0276
  0.0275  0.0275  0.0272  0.0276  0.0276  0.0275  0.0274  0.0277  0.0273  0.0273  0.0272  0.0272
  0.0271  0.0271  0.0271  0.0271  0.0271  0.0271  0.0271  0.0271  0.0271  0.0271  0.0271  0.0271
  0.0275  0.0273  0.0272  0.0272  0.0274  0.0269  0.0275  0.0274  0.0273  0.0273  0.0272  0.0272
  0.0286  0.0280  0.0277  0.0283  0.0286  0.0276  0.0283  0.0286  0.0279  0.0279  0.0275  0.0275
  0.0303  0.0291  0.0284  0.0302  0.0301  0.0300  0.0295  0.0308  0.0288  0.0290  0.0281  0.0282
niter,ni,del,rscale     4    3    5.0000    1.2000
parameters
   -0.6101   -0.0579    5.7450   -6.6496  -16.8853   -8.3973
    1.9800   -0.7737   -0.4059   19.0733    1.7020  -18.1997
eta,q 0.97283  8.88188
  0.0304  0.0296  0.0284  0.0297  0.0296  0.0292  0.0295  0.0308  0.0288  0.0293  0.0280  0.0282
  0.0286  0.0283  0.0277  0.0285  0.0284  0.0282  0.0282  0.0290  0.0279  0.0280  0.0276  0.0276
  0.0275  0.0274  0.0273  0.0277  0.0276  0.0276  0.0274  0.0277  0.0273  0.0273  0.0273  0.0273
  0.0271  0.0271  0.0271  0.0271  0.0271  0.0272  0.0272  0.0272  0.0272  0.0272  0.0272  0.0272
  0.0275  0.0273  0.0273  0.0272  0.0274  0.0270  0.0275  0.0275  0.0274  0.0274  0.0273  0.0273
  0.0286  0.0281  0.0278  0.0283  0.0285  0.0277  0.0283  0.0287  0.0279  0.0280  0.0276  0.0276
  0.0303  0.0292  0.0285  0.0301  0.0300  0.0300  0.0295  0.0308  0.0287  0.0290  0.0281  0.0282
niter,ni,del,rscale     3    3    5.0000    1.2000
parameters
   -0.5886    0.0100    5.7104   -6.6821  -17.0547   -8.4977
    1.9411   -0.7257   -0.3777   19.2174    1.6137  -18.1919
eta,q 0.97280  8.86821
  0.0304  0.0295  0.0285  0.0297  0.0296  0.0293  0.0296  0.0307  0.0288  0.0293  0.0280  0.0282
  0.0286  0.0282  0.0277  0.0286  0.0284  0.0282  0.0282  0.0290  0.0279  0.0280  0.0276  0.0277
  0.0275  0.0274  0.0273  0.0277  0.0276  0.0276  0.0274  0.0277  0.0274  0.0274  0.0273  0.0273
  0.0272  0.0272  0.0272  0.0272  0.0272  0.0272  0.0272  0.0272  0.0272  0.0272  0.0272  0.0272
  0.0275  0.0274  0.0273  0.0272  0.0274  0.0270  0.0275  0.0275  0.0274  0.0274  0.0273  0.0273
  0.0286  0.0281  0.0278  0.0283  0.0285  0.0277  0.0284  0.0287  0.0279  0.0280  0.0276  0.0276
  0.0303  0.0292  0.0285  0.0301  0.0299  0.0300  0.0295  0.0308  0.0287  0.0291  0.0281  0.0282
niter,ni,del,rscale     2    3    5.0000    1.2000
parameters
   -0.5721    0.0680    5.6767   -6.7098  -17.2088   -8.5906
    1.9108   -0.6836   -0.3326   19.3366    1.5348  -18.1853
eta,q 0.97277  8.85573
  0.0304  0.0295  0.0285  0.0298  0.0296  0.0293  0.0296  0.0308  0.0288  0.0293  0.0281  0.0282
  0.0287  0.0282  0.0278  0.0286  0.0284  0.0283  0.0283  0.0290  0.0279  0.0280  0.0276  0.0277
  0.0276  0.0275  0.0273  0.0277  0.0277  0.0276  0.0275  0.0278  0.0274  0.0274  0.0273  0.0274
  0.0272  0.0272  0.0272  0.0272  0.0272  0.0272  0.0272  0.0272  0.0272  0.0272  0.0272  0.0272
  0.0276  0.0274  0.0274  0.0273  0.0274  0.0271  0.0276  0.0275  0.0274  0.0274  0.0273  0.0273
  0.0286  0.0281  0.0278  0.0283  0.0285  0.0277  0.0284  0.0288  0.0279  0.0280  0.0276  0.0277
  0.0303  0.0292  0.0286  0.0301  0.0299  0.0300  0.0295  0.0308  0.0287  0.0291  0.0281  0.0283
niter,ni,del,rscale     1    3    5.0000    1.2000
parameters
   -0.5569    0.1185    5.6417   -6.7302  -17.3409   -8.6864
    1.8797   -0.6479   -0.3026   19.4509    1.4509  -18.1688
eta,q 0.97275  8.84435
  0.0304  0.0295  0.0285  0.0298  0.0296  0.0293  0.0296  0.0308  0.0288  0.0293  0.0281  0.0282
  0.0287  0.0282  0.0278  0.0286  0.0284  0.0283  0.0283  0.0290  0.0279  0.0281  0.0276  0.0277
  0.0276  0.0275  0.0273  0.0278  0.0277  0.0276  0.0275  0.0278  0.0274  0.0274  0.0273  0.0274
  0.0272  0.0272  0.0272  0.0272  0.0272  0.0272  0.0273  0.0273  0.0272  0.0273  0.0273  0.0273
  0.0276  0.0275  0.0274  0.0273  0.0274  0.0271  0.0276  0.0276  0.0274  0.0274  0.0273  0.0273
  0.0287  0.0281  0.0279  0.0283  0.0284  0.0278  0.0284  0.0288  0.0279  0.0280  0.0276  0.0277
  0.0303  0.0292  0.0286  0.0301  0.0299  0.0300  0.0295  0.0308  0.0288  0.0291  0.0281  0.0283
registration optimization eta report
parameter search radius
    2.4000    2.4000    2.4000    8.2800    9.5220    8.2800
    7.2000    7.2000    7.2000    7.2000    7.2000    7.2000
100000*second partial in parameter space
       54.       37.       23.        4.        3.        4.
        4.        7.        3.        4.        2.        2.
  0.0304  0.0295  0.0285  0.0298  0.0296  0.0293  0.0296  0.0308  0.0288  0.0293  0.0281  0.0282
  0.0287  0.0282  0.0278  0.0286  0.0284  0.0283  0.0283  0.0290  0.0279  0.0281  0.0276  0.0277
  0.0276  0.0275  0.0273  0.0278  0.0277  0.0276  0.0275  0.0278  0.0274  0.0274  0.0273  0.0274
  0.0272  0.0272  0.0272  0.0272  0.0272  0.0272  0.0273  0.0273  0.0272  0.0273  0.0273  0.0273
  0.0276  0.0275  0.0274  0.0273  0.0274  0.0271  0.0276  0.0276  0.0274  0.0274  0.0273  0.0273
  0.0287  0.0281  0.0279  0.0283  0.0284  0.0278  0.0284  0.0288  0.0279  0.0280  0.0276  0.0277
  0.0303  0.0292  0.0286  0.0301  0.0299  0.0300  0.0295  0.0308  0.0288  0.0291  0.0281  0.0283
   -0.5569    0.1185    5.6417   -6.7302  -17.3409   -8.6864
    1.8797   -0.6479   -0.3026   19.4509    1.4509  -18.1688
eta,q 0.97275  8.84435

---------------------------------------------------------------------
imgreg_4dfp /opt/freesurfer/average/711-2C_as_mni_average_305 /opt/freesurfer/average/711-2B_as_mni_average_305_mask talsrcimg_g11 none talsrcimg_to_711-2C_as_mni_average_305_t4 2311
---------------------------------------------------------------------

freesurfer imgreg_4dfp.c
/opt/freesurfer/average/711-2C_as_mni_average_305.4dfp.img
       256       256       256         1
  1.000000  1.000000  1.000000
orientation T byte_order littleendian
Reading image: /opt/freesurfer/average/711-2C_as_mni_average_305.4dfp.img
dimensions:      256       256       256
mmppix:       1.0000   -1.0000   -1.0000
center:     128.0000 -129.0000 -129.0000
/opt/freesurfer/average/711-2B_as_mni_average_305_mask.4dfp.img
       256       256       256         1
  1.000000  1.000000  1.000000
orientation T byte_order littleendian
Reading mask: /opt/freesurfer/average/711-2B_as_mni_average_305_mask.4dfp.img (2306576 pixels)
talsrcimg_g11.4dfp.img
       256       256       256         1
  1.000000  1.000000  1.000000
orientation T byte_order littleendian
Reading image: talsrcimg_g11.4dfp.img
dimensions:      256       256       256
mmppix:       1.0000   -1.0000   -1.0000
center:     128.0000 -129.0000 -129.0000
fimgreg.f
image alignment mode   2311 decimal      907 hex
parameters
   -0.5569    0.1185    5.6417   -6.7302  -17.3409   -8.6864
    1.8797   -0.6479   -0.3026   19.4509    1.4509  -18.1688
eta,q 0.97275  8.84434
niter,ni,del,rscale     5    3    5.0000    0.8000
parameters
   -0.5589    0.1467    5.5893   -6.0129  -16.8113   -6.9807
    1.8152   -0.6463   -0.3853   19.2087    1.4455  -19.1663
eta,q 0.97304  8.99831
  0.0287  0.0282  0.0278  0.0284  0.0280  0.0280  0.0281  0.0288  0.0277  0.0278  0.0274  0.0272
  0.0279  0.0277  0.0275  0.0279  0.0277  0.0277  0.0275  0.0279  0.0273  0.0273  0.0272  0.0271
  0.0274  0.0274  0.0273  0.0275  0.0274  0.0274  0.0271  0.0272  0.0270  0.0270  0.0270  0.0270
  0.0272  0.0273  0.0272  0.0272  0.0272  0.0272  0.0270  0.0270  0.0270  0.0270  0.0270  0.0270
  0.0274  0.0274  0.0273  0.0272  0.0272  0.0270  0.0271  0.0272  0.0271  0.0271  0.0270  0.0271
  0.0279  0.0276  0.0275  0.0274  0.0274  0.0270  0.0275  0.0278  0.0273  0.0274  0.0272  0.0273
  0.0287  0.0281  0.0279  0.0280  0.0278  0.0274  0.0281  0.0289  0.0277  0.0280  0.0274  0.0276
niter,ni,del,rscale     4    3    5.0000    0.7000
parameters
   -0.6082   -0.0218    5.7700   -5.8201  -15.9090   -6.4050
    1.9511   -0.8193   -0.3664   18.6344    1.3826  -19.4077
eta,q 0.97325  9.06884
  0.0281  0.0276  0.0276  0.0278  0.0278  0.0276  0.0278  0.0282  0.0274  0.0274  0.0271  0.0271
  0.0274  0.0272  0.0273  0.0274  0.0274  0.0273  0.0272  0.0274  0.0271  0.0270  0.0269  0.0269
  0.0270  0.0270  0.0270  0.0271  0.0271  0.0271  0.0269  0.0269  0.0269  0.0268  0.0268  0.0268
  0.0270  0.0270  0.0269  0.0269  0.0269  0.0268  0.0268  0.0268  0.0268  0.0268  0.0268  0.0268
  0.0271  0.0271  0.0270  0.0269  0.0268  0.0267  0.0269  0.0270  0.0269  0.0270  0.0268  0.0268
  0.0276  0.0275  0.0271  0.0272  0.0270  0.0269  0.0272  0.0275  0.0271  0.0273  0.0269  0.0270
  0.0282  0.0279  0.0273  0.0278  0.0273  0.0274  0.0276  0.0285  0.0274  0.0278  0.0272  0.0272
niter,ni,del,rscale     3    3    5.0000    0.6000
parameters
   -0.6452   -0.2362    5.8016   -5.5549  -15.4154   -5.8757
    2.0637   -0.9553   -0.2767   18.2614    1.2719  -19.6034
eta,q 0.97337  9.12288
  0.0276  0.0272  0.0272  0.0275  0.0275  0.0274  0.0274  0.0277  0.0272  0.0272  0.0269  0.0270
  0.0271  0.0269  0.0269  0.0271  0.0272  0.0271  0.0270  0.0271  0.0269  0.0268  0.0268  0.0268
  0.0268  0.0267  0.0268  0.0269  0.0269  0.0269  0.0267  0.0267  0.0267  0.0266  0.0267  0.0267
  0.0268  0.0268  0.0267  0.0267  0.0267  0.0267  0.0266  0.0266  0.0266  0.0266  0.0266  0.0266
  0.0269  0.0269  0.0268  0.0267  0.0267  0.0266  0.0267  0.0268  0.0267  0.0268  0.0267  0.0267
  0.0272  0.0272  0.0269  0.0269  0.0269  0.0268  0.0269  0.0272  0.0269  0.0271  0.0268  0.0268
  0.0277  0.0277  0.0271  0.0274  0.0272  0.0272  0.0273  0.0279  0.0271  0.0275  0.0270  0.0270
niter,ni,del,rscale     2    3    5.0000    0.5000
parameters
   -0.6566   -0.3444    5.8388   -5.3889  -15.2225   -5.5497
    2.1179   -1.0356   -0.2135   18.0899    1.2145  -19.6763
eta,q 0.97342  9.15011
  0.0273  0.0270  0.0270  0.0272  0.0272  0.0272  0.0271  0.0274  0.0270  0.0271  0.0268  0.0269
  0.0269  0.0268  0.0268  0.0269  0.0269  0.0270  0.0268  0.0269  0.0268  0.0268  0.0267  0.0267
  0.0267  0.0266  0.0267  0.0267  0.0267  0.0268  0.0266  0.0267  0.0266  0.0266  0.0266  0.0266
  0.0266  0.0266  0.0266  0.0266  0.0266  0.0266  0.0266  0.0266  0.0266  0.0266  0.0266  0.0266
  0.0267  0.0267  0.0266  0.0266  0.0266  0.0266  0.0266  0.0267  0.0266  0.0267  0.0266  0.0266
  0.0269  0.0269  0.0268  0.0268  0.0268  0.0267  0.0268  0.0270  0.0267  0.0269  0.0267  0.0267
  0.0273  0.0273  0.0269  0.0271  0.0271  0.0271  0.0271  0.0275  0.0270  0.0272  0.0268  0.0269
niter,ni,del,rscale     1    3    5.0000    0.4000
parameters
   -0.6605   -0.3945    5.8721   -5.2808  -15.1537   -5.3353
    2.1376   -1.0804   -0.1839   17.9877    1.1555  -19.6762
eta,q 0.97344  9.16453
  0.0270  0.0269  0.0268  0.0269  0.0270  0.0270  0.0269  0.0271  0.0268  0.0269  0.0267  0.0267
  0.0268  0.0267  0.0267  0.0268  0.0268  0.0268  0.0267  0.0268  0.0267  0.0267  0.0266  0.0266
  0.0266  0.0266  0.0266  0.0266  0.0266  0.0267  0.0266  0.0266  0.0266  0.0266  0.0266  0.0266
  0.0266  0.0266  0.0266  0.0266  0.0266  0.0266  0.0266  0.0266  0.0266  0.0266  0.0266  0.0266
  0.0266  0.0266  0.0266  0.0266  0.0266  0.0266  0.0266  0.0266  0.0266  0.0266  0.0266  0.0266
  0.0268  0.0267  0.0267  0.0267  0.0267  0.0267  0.0267  0.0268  0.0267  0.0267  0.0266  0.0266
  0.0270  0.0270  0.0268  0.0269  0.0269  0.0269  0.0269  0.0271  0.0268  0.0270  0.0267  0.0268
registration optimization eta report
parameter search radius
    0.8000    0.8000    0.8000    2.4000    2.4000    2.4000
    2.4000    2.4000    2.4000    2.4000    2.4000    2.4000
100000*second partial in parameter space
       67.       53.       34.        6.        6.        6.
        6.       10.        4.        6.        3.        3.
  0.0270  0.0269  0.0268  0.0269  0.0270  0.0270  0.0269  0.0271  0.0268  0.0269  0.0267  0.0267
  0.0268  0.0267  0.0267  0.0268  0.0268  0.0268  0.0267  0.0268  0.0267  0.0267  0.0266  0.0266
  0.0266  0.0266  0.0266  0.0266  0.0266  0.0267  0.0266  0.0266  0.0266  0.0266  0.0266  0.0266
  0.0266  0.0266  0.0266  0.0266  0.0266  0.0266  0.0266  0.0266  0.0266  0.0266  0.0266  0.0266
  0.0266  0.0266  0.0266  0.0266  0.0266  0.0266  0.0266  0.0266  0.0266  0.0266  0.0266  0.0266
  0.0268  0.0267  0.0267  0.0267  0.0267  0.0267  0.0267  0.0268  0.0267  0.0267  0.0266  0.0266
  0.0270  0.0270  0.0268  0.0269  0.0269  0.0269  0.0269  0.0271  0.0268  0.0270  0.0267  0.0268
   -0.6605   -0.3945    5.8721   -5.2808  -15.1537   -5.3353
    2.1376   -1.0804   -0.1839   17.9877    1.1555  -19.6762
eta,q 0.97344  9.16453

---------------------------------------------------------------------
imgreg_4dfp /opt/freesurfer/average/711-2C_as_mni_average_305 /opt/freesurfer/average/711-2B_as_mni_average_305_mask talsrcimg_g11 none talsrcimg_to_711-2C_as_mni_average_305_t4 2311
---------------------------------------------------------------------

freesurfer imgreg_4dfp.c
/opt/freesurfer/average/711-2C_as_mni_average_305.4dfp.img
       256       256       256         1
  1.000000  1.000000  1.000000
orientation T byte_order littleendian
Reading image: /opt/freesurfer/average/711-2C_as_mni_average_305.4dfp.img
dimensions:      256       256       256
mmppix:       1.0000   -1.0000   -1.0000
center:     128.0000 -129.0000 -129.0000
/opt/freesurfer/average/711-2B_as_mni_average_305_mask.4dfp.img
       256       256       256         1
  1.000000  1.000000  1.000000
orientation T byte_order littleendian
Reading mask: /opt/freesurfer/average/711-2B_as_mni_average_305_mask.4dfp.img (2306576 pixels)
talsrcimg_g11.4dfp.img
       256       256       256         1
  1.000000  1.000000  1.000000
orientation T byte_order littleendian
Reading image: talsrcimg_g11.4dfp.img
dimensions:      256       256       256
mmppix:       1.0000   -1.0000   -1.0000
center:     128.0000 -129.0000 -129.0000
fimgreg.f
image alignment mode   2311 decimal      907 hex
parameters
   -0.6605   -0.3945    5.8721   -5.2808  -15.1537   -5.3353
    2.1376   -1.0804   -0.1839   17.9877    1.1555  -19.6762
eta,q 0.97344  9.16453
niter,ni,del,rscale     5    3    5.0000    0.8000
parameters
   -0.6562   -0.4200    5.9162   -5.6688  -15.2726   -6.0476
    2.1456   -1.0360   -0.2043   18.2090    1.3108  -19.2008
eta,q 0.97335  9.11482
  0.0283  0.0279  0.0275  0.0276  0.0277  0.0275  0.0279  0.0286  0.0276  0.0280  0.0272  0.0273
  0.0273  0.0271  0.0270  0.0271  0.0272  0.0271  0.0272  0.0276  0.0271  0.0273  0.0269  0.0270
  0.0267  0.0267  0.0267  0.0267  0.0267  0.0268  0.0268  0.0269  0.0267  0.0268  0.0267  0.0267
  0.0266  0.0266  0.0266  0.0266  0.0266  0.0266  0.0266  0.0266  0.0266  0.0266  0.0266  0.0266
  0.0268  0.0267  0.0266  0.0267  0.0267  0.0267  0.0268  0.0268  0.0268  0.0268  0.0267  0.0267
  0.0273  0.0272  0.0269  0.0273  0.0272  0.0274  0.0272  0.0275  0.0271  0.0271  0.0269  0.0269
  0.0282  0.0279  0.0274  0.0282  0.0279  0.0287  0.0278  0.0286  0.0276  0.0278  0.0272  0.0271
niter,ni,del,rscale     4    3    5.0000    0.7000
parameters
   -0.6753   -0.3849    5.8589   -5.5827  -15.2699   -6.0281
    2.0996   -1.0059   -0.2431   18.1577    1.3878  -19.2926
eta,q 0.97337  9.11915
  0.0279  0.0277  0.0272  0.0276  0.0275  0.0274  0.0276  0.0282  0.0273  0.0276  0.0271  0.0271
  0.0272  0.0271  0.0269  0.0272  0.0271  0.0272  0.0270  0.0274  0.0270  0.0270  0.0268  0.0268
  0.0268  0.0268  0.0267  0.0268  0.0268  0.0269  0.0267  0.0268  0.0267  0.0267  0.0267  0.0267
  0.0267  0.0266  0.0267  0.0266  0.0266  0.0266  0.0266  0.0266  0.0266  0.0266  0.0266  0.0266
  0.0268  0.0267  0.0267  0.0267  0.0267  0.0266  0.0268  0.0268  0.0267  0.0268  0.0267  0.0267
  0.0272  0.0271  0.0270  0.0270  0.0271  0.0269  0.0271  0.0273  0.0270  0.0271  0.0268  0.0269
  0.0279  0.0276  0.0273  0.0276  0.0276  0.0277  0.0276  0.0282  0.0274  0.0276  0.0270  0.0271
niter,ni,del,rscale     3    3    5.0000    0.6000
parameters
   -0.6755   -0.3823    5.8457   -5.4871  -15.2166   -5.7726
    2.1054   -1.0312   -0.2625   18.0960    1.3477  -19.4850
eta,q 0.97340  9.13663
  0.0276  0.0274  0.0271  0.0274  0.0273  0.0273  0.0273  0.0278  0.0271  0.0273  0.0269  0.0269
  0.0271  0.0270  0.0268  0.0270  0.0270  0.0271  0.0269  0.0271  0.0268  0.0269  0.0267  0.0267
  0.0267  0.0267  0.0267  0.0268  0.0267  0.0268  0.0267  0.0267  0.0266  0.0267  0.0266  0.0266
  0.0266  0.0266  0.0266  0.0266  0.0266  0.0266  0.0266  0.0266  0.0266  0.0266  0.0266  0.0266
  0.0267  0.0267  0.0267  0.0267  0.0267  0.0266  0.0267  0.0267  0.0267  0.0267  0.0266  0.0267
  0.0271  0.0270  0.0268  0.0269  0.0269  0.0268  0.0269  0.0271  0.0268  0.0270  0.0268  0.0268
  0.0276  0.0274  0.0271  0.0274  0.0273  0.0273  0.0273  0.0278  0.0272  0.0274  0.0269  0.0270
niter,ni,del,rscale     2    3    5.0000    0.5000
parameters
   -0.6740   -0.3941    5.8605   -5.3795  -15.1604   -5.5071
    2.1240   -1.0710   -0.2289   18.0217    1.2908  -19.6023
eta,q 0.97343  9.15377
  0.0273  0.0271  0.0269  0.0271  0.0271  0.0271  0.0271  0.0274  0.0270  0.0271  0.0268  0.0268
  0.0269  0.0268  0.0268  0.0269  0.0269  0.0269  0.0268  0.0270  0.0267  0.0268  0.0267  0.0267
  0.0267  0.0266  0.0266  0.0267  0.0267  0.0267  0.0266  0.0267  0.0266  0.0266  0.0266  0.0266
  0.0266  0.0266  0.0266  0.0266  0.0266  0.0266  0.0266  0.0266  0.0266  0.0266  0.0266  0.0266
  0.0267  0.0267  0.0266  0.0266  0.0266  0.0266  0.0266  0.0267  0.0266  0.0267  0.0266  0.0266
  0.0269  0.0268  0.0267  0.0268  0.0268  0.0267  0.0268  0.0270  0.0267  0.0268  0.0267  0.0267
  0.0273  0.0271  0.0269  0.0271  0.0271  0.0271  0.0271  0.0275  0.0270  0.0271  0.0268  0.0269
niter,ni,del,rscale     1    3    5.0000    0.4000
parameters
   -0.6710   -0.4123    5.8844   -5.2910  -15.1393   -5.3047
    2.1496   -1.0902   -0.2024   17.9627    1.2208  -19.6523
eta,q 0.97345  9.16562
  0.0270  0.0269  0.0268  0.0269  0.0269  0.0270  0.0269  0.0271  0.0268  0.0269  0.0267  0.0267
  0.0268  0.0267  0.0267  0.0268  0.0267  0.0268  0.0267  0.0268  0.0267  0.0267  0.0266  0.0266
  0.0266  0.0266  0.0266  0.0266  0.0266  0.0267  0.0266  0.0266  0.0266  0.0266  0.0266  0.0266
  0.0266  0.0266  0.0266  0.0266  0.0266  0.0266  0.0266  0.0266  0.0266  0.0266  0.0266  0.0266
  0.0266  0.0266  0.0266  0.0266  0.0266  0.0266  0.0266  0.0266  0.0266  0.0266  0.0266  0.0266
  0.0268  0.0267  0.0267  0.0267  0.0267  0.0267  0.0267  0.0268  0.0267  0.0267  0.0266  0.0266
  0.0270  0.0269  0.0268  0.0269  0.0269  0.0269  0.0269  0.0271  0.0268  0.0269  0.0267  0.0268
registration optimization eta report
parameter search radius
    0.8000    0.8000    0.8000    2.4000    2.4000    2.4000
    2.4000    2.4000    2.4000    2.4000    2.4000    2.4000
100000*second partial in parameter space
       68.       54.       34.        6.        6.        6.
        6.       10.        4.        6.        3.        3.
  0.0270  0.0269  0.0268  0.0269  0.0269  0.0270  0.0269  0.0271  0.0268  0.0269  0.0267  0.0267
  0.0268  0.0267  0.0267  0.0268  0.0267  0.0268  0.0267  0.0268  0.0267  0.0267  0.0266  0.0266
  0.0266  0.0266  0.0266  0.0266  0.0266  0.0267  0.0266  0.0266  0.0266  0.0266  0.0266  0.0266
  0.0266  0.0266  0.0266  0.0266  0.0266  0.0266  0.0266  0.0266  0.0266  0.0266  0.0266  0.0266
  0.0266  0.0266  0.0266  0.0266  0.0266  0.0266  0.0266  0.0266  0.0266  0.0266  0.0266  0.0266
  0.0268  0.0267  0.0267  0.0267  0.0267  0.0267  0.0267  0.0268  0.0267  0.0267  0.0266  0.0266
  0.0270  0.0269  0.0268  0.0269  0.0269  0.0269  0.0269  0.0271  0.0268  0.0269  0.0267  0.0268
   -0.6710   -0.4123    5.8844   -5.2910  -15.1393   -5.3047
    2.1496   -1.0902   -0.2024   17.9627    1.2208  -19.6523
eta,q 0.97345  9.16562

---------------------------------------------------------------------
compute_vox2vox talsrcimg talsrcimg_to_711-2C_as_mni_average_305_t4 /opt/freesurfer/average/711-2C_as_mni_average_305
---------------------------------------------------------------------

freesurfer compute_vox2vox.c
Reading: talsrcimg.4dfp.ifh
Reading: talsrcimg_to_711-2C_as_mni_average_305_t4
Reading: /opt/freesurfer/average/711-2C_as_mni_average_305.4dfp.ifh
Writing: talsrcimg_to_711-2C_as_mni_average_305_t4_vox2vox.txt

start time Wed Mar 11 12:40:18 CET 2026
end		time Wed Mar 11 12:41:47 CET 2026

mpr2mni305 success

avi2talxfm orig_nu.mgz /opt/freesurfer/average/mni305.cor.mgz talsrcimg_to_711-2C_as_mni_average_305_t4_vox2vox.txt transforms/talairach.auto.xfm
avi2talxfm done
mv -f /out/sourcedata/freesurfer/sub-v2s17x50005_ses-1/mri/talsrcimg_to_711-2C_as_mni_average_305_t4_vox2vox.txt /out/sourcedata/freesurfer/sub-v2s17x50005_ses-1/mri/transforms/talsrcimg_to_711-2C_as_mni_average_305_t4_vox2vox.txt
lta_convert --src orig_nu.mgz --trg /opt/freesurfer/average/mni305.cor.mgz --inxfm transforms/talairach.auto.xfm --outlta transforms/talairach.auto.xfm.lta --subject fsaverage
7.3.2

--src: orig_nu.mgz src image (geometry).
--trg: /opt/freesurfer/average/mni305.cor.mgz trg image (geometry).
--inmni: transforms/talairach.auto.xfm input MNI/XFM transform.
--outlta: transforms/talairach.auto.xfm.lta output LTA.
--s: fsaverage subject name
 LTA read, type : 1
 1.05560   0.01650  -0.02292  -0.06075;
-0.01254   1.01138   0.23454  -5.80820;
 0.00517  -0.21404   1.12870   7.02852;
 0.00000   0.00000   0.00000   1.00000;
setting subject to fsaverage
Writing  LTA to file transforms/talairach.auto.xfm.lta...
lta_convert successful.
 
 
Started at Wed Mar 11 12:40:18 CET 2026
Ended   at Wed Mar 11 12:41:48 CET 2026
talairach_avi done
