status file for recon-all
Wed Mar 11 12:46:00 CET 2026
#@# MotionCor Wed Mar 11 12:46:03 CET 2026
#@# Talairach Wed Mar 11 12:46:11 CET 2026
#@# Talairach Failure Detection Wed Mar 11 12:50:37 CET 2026
#@# Nu Intensity Correction Wed Mar 11 12:50:37 CET 2026
#@# Intensity Normalization Wed Mar 11 12:53:55 CET 2026
recon-all -s sub-v2s17x50013_ses-1 finished without error at Wed Mar 11 12:55:11 CET 2026



#New# invocation of recon-all 



status file for recon-all
Wed Mar 11 13:02:00 CET 2026
#@# EM Registration Wed Mar 11 13:02:00 CET 2026
recon-all -s sub-v2s17x50013_ses-1 finished without error at Wed Mar 11 13:03:55 CET 2026



#New# invocation of recon-all 



status file for recon-all
Wed Mar 11 13:03:56 CET 2026
#@# CA Normalize Wed Mar 11 13:03:56 CET 2026
#@# CA Reg Wed Mar 11 13:05:15 CET 2026
#@# SubCort Seg Wed Mar 11 13:53:54 CET 2026
#@# CC Seg Wed Mar 11 14:19:37 CET 2026
#@# Merge ASeg Wed Mar 11 14:20:10 CET 2026
#@# Intensity Normalization2 Wed Mar 11 14:20:10 CET 2026
#@# Mask BFS Wed Mar 11 14:22:15 CET 2026
#@# WM Segmentation Wed Mar 11 14:22:16 CET 2026
#@# Fill Wed Mar 11 14:24:11 CET 2026
recon-all -s sub-v2s17x50013_ses-1 finished without error at Wed Mar 11 14:25:11 CET 2026



#New# invocation of recon-all 



status file for recon-all
Wed Mar 11 15:32:19 CET 2026
#@# white curv lh Wed Mar 11 15:32:19 CET 2026
#@# white area lh Wed Mar 11 15:32:19 CET 2026
#@# pial curv lh Wed Mar 11 15:32:19 CET 2026
#@# pial area lh Wed Mar 11 15:32:19 CET 2026
#@# thickness lh Wed Mar 11 15:32:19 CET 2026
#@# area and vertex vol lh Wed Mar 11 15:32:19 CET 2026
#@# white curv rh Wed Mar 11 15:32:19 CET 2026
#@# white area rh Wed Mar 11 15:32:19 CET 2026
#@# pial curv rh Wed Mar 11 15:32:19 CET 2026
#@# pial area rh Wed Mar 11 15:32:19 CET 2026
#@# thickness rh Wed Mar 11 15:32:19 CET 2026
#@# area and vertex vol rh Wed Mar 11 15:32:19 CET 2026
#@# Cortical ribbon mask Wed Mar 11 15:32:19 CET 2026
recon-all -s sub-v2s17x50013_ses-1 finished without error at Wed Mar 11 15:35:38 CET 2026



#New# invocation of recon-all 



status file for recon-all
Wed Mar 11 15:41:39 CET 2026
#@# white curv lh Wed Mar 11 15:41:39 CET 2026
#@# white area lh Wed Mar 11 15:41:39 CET 2026
#@# pial curv lh Wed Mar 11 15:41:39 CET 2026
#@# pial area lh Wed Mar 11 15:41:39 CET 2026
#@# thickness lh Wed Mar 11 15:41:39 CET 2026
#@# area and vertex vol lh Wed Mar 11 15:41:39 CET 2026
#@# white curv rh Wed Mar 11 15:41:39 CET 2026
#@# white area rh Wed Mar 11 15:41:39 CET 2026
#@# pial curv rh Wed Mar 11 15:41:39 CET 2026
#@# pial area rh Wed Mar 11 15:41:39 CET 2026
#@# thickness rh Wed Mar 11 15:41:39 CET 2026
#@# area and vertex vol rh Wed Mar 11 15:41:39 CET 2026
#@# Curvature Stats lh Wed Mar 11 15:41:39 CET 2026
#@# Curvature Stats rh Wed Mar 11 15:41:41 CET 2026
#@# Relabel Hypointensities Wed Mar 11 15:41:43 CET 2026
#@# APas-to-ASeg Wed Mar 11 15:41:58 CET 2026
#@# AParc-to-ASeg aparc Wed Mar 11 15:42:06 CET 2026
#@# AParc-to-ASeg aparc.a2009s Wed Mar 11 15:42:38 CET 2026
#@# AParc-to-ASeg aparc.DKTatlas Wed Mar 11 15:43:09 CET 2026
#@# WMParc Wed Mar 11 15:43:44 CET 2026
#@# ASeg Stats Wed Mar 11 15:46:52 CET 2026
recon-all -s sub-v2s17x50013_ses-1 finished without error at Wed Mar 11 15:47:32 CET 2026
