status file for recon-all
Wed Mar 11 14:47:26 CET 2026
#@# Tessellate rh Wed Mar 11 14:47:26 CET 2026
#@# Smooth1 rh Wed Mar 11 14:47:30 CET 2026
#@# Inflation1 rh Wed Mar 11 14:47:33 CET 2026
#@# QSphere rh Wed Mar 11 14:47:44 CET 2026
#@# Fix Topology rh Wed Mar 11 14:48:43 CET 2026
#@# Smooth2 rh Wed Mar 11 15:09:18 CET 2026
#@# Inflation2 rh Wed Mar 11 15:09:21 CET 2026
#@# Curv .H and .K rh Wed Mar 11 15:09:36 CET 2026
#@# Sphere rh Wed Mar 11 15:10:17 CET 2026
#@# Surf Reg rh Wed Mar 11 15:15:48 CET 2026
#@# Jacobian white rh Wed Mar 11 15:21:49 CET 2026
#@# AvgCurv rh Wed Mar 11 15:21:50 CET 2026
#@# Cortical Parc rh Wed Mar 11 15:21:51 CET 2026
#@# white curv rh Wed Mar 11 15:31:14 CET 2026
#@# white area rh Wed Mar 11 15:31:16 CET 2026
#@# pial curv rh Wed Mar 11 15:31:17 CET 2026
#@# pial area rh Wed Mar 11 15:31:18 CET 2026
#@# thickness rh Wed Mar 11 15:31:19 CET 2026
#@# area and vertex vol rh Wed Mar 11 15:31:45 CET 2026
#@# Curvature Stats rh Wed Mar 11 15:31:46 CET 2026
#@# Cortical Parc 2 rh Wed Mar 11 15:31:48 CET 2026
#@# Cortical Parc 3 rh Wed Mar 11 15:32:00 CET 2026
#@# WM/GM Contrast rh Wed Mar 11 15:32:10 CET 2026
recon-all -s sub-v2s17x50013_ses-1 finished without error at Wed Mar 11 15:32:13 CET 2026



#New# invocation of recon-all 



status file for recon-all
Wed Mar 11 15:38:41 CET 2026
#@# white curv rh Wed Mar 11 15:38:41 CET 2026
#@# white area rh Wed Mar 11 15:38:41 CET 2026
#@# pial curv rh Wed Mar 11 15:38:41 CET 2026
#@# pial area rh Wed Mar 11 15:38:41 CET 2026
#@# thickness rh Wed Mar 11 15:38:41 CET 2026
#@# area and vertex vol rh Wed Mar 11 15:38:41 CET 2026
#@# Parcellation Stats rh Wed Mar 11 15:38:41 CET 2026
#@# Parcellation Stats 2 rh Wed Mar 11 15:38:56 CET 2026
#@# Parcellation Stats 3 rh Wed Mar 11 15:39:04 CET 2026
#@# BA_exvivo Labels rh Wed Mar 11 15:39:11 CET 2026
recon-all -s sub-v2s17x50013_ses-1 finished without error at Wed Mar 11 15:41:35 CET 2026
