status file for recon-all
Wed Mar 11 14:25:16 CET 2026
#@# Tessellate lh Wed Mar 11 14:25:16 CET 2026
#@# Smooth1 lh Wed Mar 11 14:25:19 CET 2026
#@# Inflation1 lh Wed Mar 11 14:25:22 CET 2026
#@# QSphere lh Wed Mar 11 14:25:33 CET 2026
#@# Fix Topology lh Wed Mar 11 14:26:29 CET 2026
#@# Smooth2 lh Wed Mar 11 14:34:00 CET 2026
#@# Inflation2 lh Wed Mar 11 14:34:02 CET 2026
#@# Curv .H and .K lh Wed Mar 11 14:34:15 CET 2026
#@# Sphere lh Wed Mar 11 14:34:55 CET 2026
#@# Surf Reg lh Wed Mar 11 14:37:57 CET 2026
#@# Jacobian white lh Wed Mar 11 14:41:13 CET 2026
#@# AvgCurv lh Wed Mar 11 14:41:14 CET 2026
#@# Cortical Parc lh Wed Mar 11 14:41:14 CET 2026
#@# white curv lh Wed Mar 11 14:46:24 CET 2026
#@# white area lh Wed Mar 11 14:46:26 CET 2026
#@# pial curv lh Wed Mar 11 14:46:27 CET 2026
#@# pial area lh Wed Mar 11 14:46:29 CET 2026
#@# thickness lh Wed Mar 11 14:46:30 CET 2026
#@# area and vertex vol lh Wed Mar 11 14:46:55 CET 2026
#@# Curvature Stats lh Wed Mar 11 14:46:57 CET 2026
#@# Cortical Parc 2 lh Wed Mar 11 14:46:59 CET 2026
#@# Cortical Parc 3 lh Wed Mar 11 14:47:11 CET 2026
#@# WM/GM Contrast lh Wed Mar 11 14:47:20 CET 2026
recon-all -s sub-v2s17x50013_ses-1 finished without error at Wed Mar 11 14:47:23 CET 2026



#New# invocation of recon-all 



status file for recon-all
Wed Mar 11 15:35:43 CET 2026
#@# white curv lh Wed Mar 11 15:35:43 CET 2026
#@# white area lh Wed Mar 11 15:35:43 CET 2026
#@# pial curv lh Wed Mar 11 15:35:43 CET 2026
#@# pial area lh Wed Mar 11 15:35:43 CET 2026
#@# thickness lh Wed Mar 11 15:35:43 CET 2026
#@# area and vertex vol lh Wed Mar 11 15:35:43 CET 2026
#@# Parcellation Stats lh Wed Mar 11 15:35:43 CET 2026
#@# Parcellation Stats 2 lh Wed Mar 11 15:35:58 CET 2026
#@# Parcellation Stats 3 lh Wed Mar 11 15:36:06 CET 2026
#@# BA_exvivo Labels lh Wed Mar 11 15:36:13 CET 2026
recon-all -s sub-v2s17x50013_ses-1 finished without error at Wed Mar 11 15:38:38 CET 2026
