status file for recon-all
Wed Mar 11 14:37:01 CET 2026
#@# Tessellate lh Wed Mar 11 14:37:01 CET 2026
#@# Smooth1 lh Wed Mar 11 14:37:05 CET 2026
#@# Inflation1 lh Wed Mar 11 14:37:08 CET 2026
#@# QSphere lh Wed Mar 11 14:37:23 CET 2026
#@# Fix Topology lh Wed Mar 11 14:38:39 CET 2026
#@# Smooth2 lh Wed Mar 11 14:45:32 CET 2026
#@# Inflation2 lh Wed Mar 11 14:45:35 CET 2026
#@# Curv .H and .K lh Wed Mar 11 14:45:52 CET 2026
#@# Sphere lh Wed Mar 11 14:46:45 CET 2026
#@# Surf Reg lh Wed Mar 11 14:51:25 CET 2026
#@# Jacobian white lh Wed Mar 11 14:56:20 CET 2026
#@# AvgCurv lh Wed Mar 11 14:56:21 CET 2026
#@# Cortical Parc lh Wed Mar 11 14:56:22 CET 2026
#@# white curv lh Wed Mar 11 15:03:37 CET 2026
#@# white area lh Wed Mar 11 15:03:39 CET 2026
#@# pial curv lh Wed Mar 11 15:03:40 CET 2026
#@# pial area lh Wed Mar 11 15:03:42 CET 2026
#@# thickness lh Wed Mar 11 15:03:43 CET 2026
#@# area and vertex vol lh Wed Mar 11 15:04:16 CET 2026
#@# Curvature Stats lh Wed Mar 11 15:04:18 CET 2026
#@# Cortical Parc 2 lh Wed Mar 11 15:04:21 CET 2026
#@# Cortical Parc 3 lh Wed Mar 11 15:04:36 CET 2026
#@# WM/GM Contrast lh Wed Mar 11 15:04:47 CET 2026
recon-all -s sub-v2s17x50026_ses-1 finished without error at Wed Mar 11 15:04:50 CET 2026



#New# invocation of recon-all 



status file for recon-all
Wed Mar 11 15:38:09 CET 2026
#@# white curv lh Wed Mar 11 15:38:10 CET 2026
#@# white area lh Wed Mar 11 15:38:10 CET 2026
#@# pial curv lh Wed Mar 11 15:38:10 CET 2026
#@# pial area lh Wed Mar 11 15:38:10 CET 2026
#@# thickness lh Wed Mar 11 15:38:10 CET 2026
#@# area and vertex vol lh Wed Mar 11 15:38:10 CET 2026
#@# Parcellation Stats lh Wed Mar 11 15:38:10 CET 2026
#@# Parcellation Stats 2 lh Wed Mar 11 15:38:32 CET 2026
#@# Parcellation Stats 3 lh Wed Mar 11 15:38:43 CET 2026
#@# BA_exvivo Labels lh Wed Mar 11 15:38:54 CET 2026
recon-all -s sub-v2s17x50026_ses-1 finished without error at Wed Mar 11 15:41:47 CET 2026
