status file for recon-all
Wed Mar 11 12:50:33 CET 2026
#@# MotionCor Wed Mar 11 12:50:37 CET 2026
#@# Talairach Wed Mar 11 12:50:46 CET 2026
#@# Talairach Failure Detection Wed Mar 11 12:55:11 CET 2026
#@# Nu Intensity Correction Wed Mar 11 12:55:11 CET 2026
#@# Intensity Normalization Wed Mar 11 12:58:30 CET 2026
recon-all -s sub-v2s17x50026_ses-1 finished without error at Wed Mar 11 12:59:57 CET 2026



#New# invocation of recon-all 



status file for recon-all
Wed Mar 11 13:06:45 CET 2026
#@# EM Registration Wed Mar 11 13:06:45 CET 2026
recon-all -s sub-v2s17x50026_ses-1 finished without error at Wed Mar 11 13:08:55 CET 2026



#New# invocation of recon-all 



status file for recon-all
Wed Mar 11 13:08:59 CET 2026
#@# CA Normalize Wed Mar 11 13:08:59 CET 2026
#@# CA Reg Wed Mar 11 13:10:22 CET 2026
#@# SubCort Seg Wed Mar 11 13:59:37 CET 2026
#@# CC Seg Wed Mar 11 14:31:00 CET 2026
#@# Merge ASeg Wed Mar 11 14:31:36 CET 2026
#@# Intensity Normalization2 Wed Mar 11 14:31:36 CET 2026
#@# Mask BFS Wed Mar 11 14:33:47 CET 2026
#@# WM Segmentation Wed Mar 11 14:33:48 CET 2026
#@# Fill Wed Mar 11 14:35:53 CET 2026
recon-all -s sub-v2s17x50026_ses-1 finished without error at Wed Mar 11 14:36:58 CET 2026



#New# invocation of recon-all 



status file for recon-all
Wed Mar 11 15:31:37 CET 2026
#@# white curv lh Wed Mar 11 15:31:37 CET 2026
#@# white area lh Wed Mar 11 15:31:37 CET 2026
#@# pial curv lh Wed Mar 11 15:31:37 CET 2026
#@# pial area lh Wed Mar 11 15:31:37 CET 2026
#@# thickness lh Wed Mar 11 15:31:37 CET 2026
#@# area and vertex vol lh Wed Mar 11 15:31:37 CET 2026
#@# white curv rh Wed Mar 11 15:31:37 CET 2026
#@# white area rh Wed Mar 11 15:31:37 CET 2026
#@# pial curv rh Wed Mar 11 15:31:37 CET 2026
#@# pial area rh Wed Mar 11 15:31:37 CET 2026
#@# thickness rh Wed Mar 11 15:31:37 CET 2026
#@# area and vertex vol rh Wed Mar 11 15:31:37 CET 2026
#@# Cortical ribbon mask Wed Mar 11 15:31:37 CET 2026
recon-all -s sub-v2s17x50026_ses-1 finished without error at Wed Mar 11 15:38:05 CET 2026



#New# invocation of recon-all 



status file for recon-all
Wed Mar 11 15:45:46 CET 2026
#@# white curv lh Wed Mar 11 15:45:46 CET 2026
#@# white area lh Wed Mar 11 15:45:46 CET 2026
#@# pial curv lh Wed Mar 11 15:45:46 CET 2026
#@# pial area lh Wed Mar 11 15:45:46 CET 2026
#@# thickness lh Wed Mar 11 15:45:46 CET 2026
#@# area and vertex vol lh Wed Mar 11 15:45:46 CET 2026
#@# white curv rh Wed Mar 11 15:45:46 CET 2026
#@# white area rh Wed Mar 11 15:45:46 CET 2026
#@# pial curv rh Wed Mar 11 15:45:46 CET 2026
#@# pial area rh Wed Mar 11 15:45:46 CET 2026
#@# thickness rh Wed Mar 11 15:45:46 CET 2026
#@# area and vertex vol rh Wed Mar 11 15:45:46 CET 2026
#@# Curvature Stats lh Wed Mar 11 15:45:46 CET 2026
#@# Curvature Stats rh Wed Mar 11 15:45:49 CET 2026
#@# Relabel Hypointensities Wed Mar 11 15:45:52 CET 2026
#@# APas-to-ASeg Wed Mar 11 15:46:09 CET 2026
#@# AParc-to-ASeg aparc Wed Mar 11 15:46:18 CET 2026
#@# AParc-to-ASeg aparc.a2009s Wed Mar 11 15:47:07 CET 2026
#@# AParc-to-ASeg aparc.DKTatlas Wed Mar 11 15:47:46 CET 2026
#@# WMParc Wed Mar 11 15:48:32 CET 2026
#@# ASeg Stats Wed Mar 11 15:51:51 CET 2026
recon-all -s sub-v2s17x50026_ses-1 finished without error at Wed Mar 11 15:52:25 CET 2026
