status file for recon-all
Wed Mar 11 15:27:37 CET 2026
#@# Tessellate rh Wed Mar 11 15:27:37 CET 2026
#@# Smooth1 rh Wed Mar 11 15:27:41 CET 2026
#@# Inflation1 rh Wed Mar 11 15:27:44 CET 2026
#@# QSphere rh Wed Mar 11 15:27:56 CET 2026
#@# Fix Topology rh Wed Mar 11 15:29:07 CET 2026
#@# Smooth2 rh Wed Mar 11 15:36:53 CET 2026
#@# Inflation2 rh Wed Mar 11 15:36:56 CET 2026
#@# Curv .H and .K rh Wed Mar 11 15:37:09 CET 2026
#@# Sphere rh Wed Mar 11 15:37:52 CET 2026
#@# Surf Reg rh Wed Mar 11 15:41:14 CET 2026
#@# Jacobian white rh Wed Mar 11 15:45:24 CET 2026
#@# AvgCurv rh Wed Mar 11 15:45:25 CET 2026
#@# Cortical Parc rh Wed Mar 11 15:45:26 CET 2026
#@# white curv rh Wed Mar 11 15:51:15 CET 2026
#@# white area rh Wed Mar 11 15:51:17 CET 2026
#@# pial curv rh Wed Mar 11 15:51:18 CET 2026
#@# pial area rh Wed Mar 11 15:51:20 CET 2026
#@# thickness rh Wed Mar 11 15:51:20 CET 2026
#@# area and vertex vol rh Wed Mar 11 15:51:46 CET 2026
#@# Curvature Stats rh Wed Mar 11 15:51:48 CET 2026
#@# Cortical Parc 2 rh Wed Mar 11 15:51:50 CET 2026
#@# Cortical Parc 3 rh Wed Mar 11 15:52:02 CET 2026
#@# WM/GM Contrast rh Wed Mar 11 15:52:12 CET 2026
recon-all -s sub-v2s17x50038_ses-1 finished without error at Wed Mar 11 15:52:15 CET 2026



#New# invocation of recon-all 



status file for recon-all
Wed Mar 11 15:59:25 CET 2026
#@# white curv rh Wed Mar 11 15:59:25 CET 2026
#@# white area rh Wed Mar 11 15:59:25 CET 2026
#@# pial curv rh Wed Mar 11 15:59:25 CET 2026
#@# pial area rh Wed Mar 11 15:59:25 CET 2026
#@# thickness rh Wed Mar 11 15:59:25 CET 2026
#@# area and vertex vol rh Wed Mar 11 15:59:25 CET 2026
#@# Parcellation Stats rh Wed Mar 11 15:59:25 CET 2026
#@# Parcellation Stats 2 rh Wed Mar 11 15:59:43 CET 2026
#@# Parcellation Stats 3 rh Wed Mar 11 15:59:51 CET 2026
#@# BA_exvivo Labels rh Wed Mar 11 16:00:00 CET 2026
recon-all -s sub-v2s17x50038_ses-1 finished without error at Wed Mar 11 16:02:39 CET 2026
