status file for recon-all
Wed Mar 11 15:04:30 CET 2026
#@# Tessellate lh Wed Mar 11 15:04:30 CET 2026
#@# Smooth1 lh Wed Mar 11 15:04:34 CET 2026
#@# Inflation1 lh Wed Mar 11 15:04:36 CET 2026
#@# QSphere lh Wed Mar 11 15:04:48 CET 2026
#@# Fix Topology lh Wed Mar 11 15:05:49 CET 2026
#@# Smooth2 lh Wed Mar 11 15:14:33 CET 2026
#@# Inflation2 lh Wed Mar 11 15:14:36 CET 2026
#@# Curv .H and .K lh Wed Mar 11 15:14:49 CET 2026
#@# Sphere lh Wed Mar 11 15:15:31 CET 2026
#@# Surf Reg lh Wed Mar 11 15:17:35 CET 2026
#@# Jacobian white lh Wed Mar 11 15:20:46 CET 2026
#@# AvgCurv lh Wed Mar 11 15:20:47 CET 2026
#@# Cortical Parc lh Wed Mar 11 15:20:48 CET 2026
#@# white curv lh Wed Mar 11 15:26:34 CET 2026
#@# white area lh Wed Mar 11 15:26:36 CET 2026
#@# pial curv lh Wed Mar 11 15:26:37 CET 2026
#@# pial area lh Wed Mar 11 15:26:39 CET 2026
#@# thickness lh Wed Mar 11 15:26:39 CET 2026
#@# area and vertex vol lh Wed Mar 11 15:27:05 CET 2026
#@# Curvature Stats lh Wed Mar 11 15:27:07 CET 2026
#@# Cortical Parc 2 lh Wed Mar 11 15:27:09 CET 2026
#@# Cortical Parc 3 lh Wed Mar 11 15:27:21 CET 2026
#@# WM/GM Contrast lh Wed Mar 11 15:27:31 CET 2026
recon-all -s sub-v2s17x50038_ses-1 finished without error at Wed Mar 11 15:27:34 CET 2026



#New# invocation of recon-all 



status file for recon-all
Wed Mar 11 15:56:17 CET 2026
#@# white curv lh Wed Mar 11 15:56:17 CET 2026
#@# white area lh Wed Mar 11 15:56:17 CET 2026
#@# pial curv lh Wed Mar 11 15:56:17 CET 2026
#@# pial area lh Wed Mar 11 15:56:17 CET 2026
#@# thickness lh Wed Mar 11 15:56:17 CET 2026
#@# area and vertex vol lh Wed Mar 11 15:56:17 CET 2026
#@# Parcellation Stats lh Wed Mar 11 15:56:17 CET 2026
#@# Parcellation Stats 2 lh Wed Mar 11 15:56:33 CET 2026
#@# Parcellation Stats 3 lh Wed Mar 11 15:56:41 CET 2026
#@# BA_exvivo Labels lh Wed Mar 11 15:56:50 CET 2026
recon-all -s sub-v2s17x50038_ses-1 finished without error at Wed Mar 11 15:59:23 CET 2026
