Log file for defect2seg
Wed Mar 11 15:37:03 CET 2026

setenv SUBJECTS_DIR /out/sourcedata/freesurfer
cd /out/sourcedata/freesurfer/sub-v2s17x50047_ses-1/scripts
/opt/freesurfer/bin/defect2seg --s sub-v2s17x50047_ses-1 --rh-only --cortex

freesurfer-linux-ubuntu22_x86_64-7.3.2-20220804-6354275
defect2seg 7.3.2
Linux dna022 5.14.0-427.37.1.el9_4.x86_64 #1 SMP PREEMPT_DYNAMIC Fri Sep 13 12:41:50 EDT 2024 x86_64 x86_64 x86_64 GNU/Linux
pid 4118637
mri_label2label --label-cortex /out/sourcedata/freesurfer/sub-v2s17x50047_ses-1/surf/rh.orig.nofix /out/sourcedata/freesurfer/sub-v2s17x50047_ses-1/mri/aseg.presurf.mgz 0 /out/sourcedata/freesurfer/sub-v2s17x50047_ses-1/label/rh.nofix.cortex.label

 Generating cortex label... RemoveHipAmgy=0
 NucAccIsMedialWall=0
 mris->useRealRAS=0
36 non-cortical segments detected
only using segment with 8414 vertices
erasing segment 0 (vno[0] = 17656)
erasing segment 2 (vno[0] = 48492)
erasing segment 3 (vno[0] = 51549)
erasing segment 4 (vno[0] = 58159)
erasing segment 5 (vno[0] = 60551)
erasing segment 6 (vno[0] = 61740)
erasing segment 7 (vno[0] = 63018)
erasing segment 8 (vno[0] = 67033)
erasing segment 9 (vno[0] = 68197)
erasing segment 10 (vno[0] = 73746)
erasing segment 11 (vno[0] = 75871)
erasing segment 12 (vno[0] = 76903)
erasing segment 13 (vno[0] = 88769)
erasing segment 14 (vno[0] = 90960)
erasing segment 15 (vno[0] = 91735)
erasing segment 16 (vno[0] = 100847)
erasing segment 17 (vno[0] = 101007)
erasing segment 18 (vno[0] = 101058)
erasing segment 19 (vno[0] = 101061)
erasing segment 20 (vno[0] = 101085)
erasing segment 21 (vno[0] = 101088)
erasing segment 22 (vno[0] = 101979)
erasing segment 23 (vno[0] = 102059)
erasing segment 24 (vno[0] = 102077)
erasing segment 25 (vno[0] = 102130)
erasing segment 26 (vno[0] = 102160)
erasing segment 27 (vno[0] = 102939)
erasing segment 28 (vno[0] = 102957)
erasing segment 29 (vno[0] = 103975)
erasing segment 30 (vno[0] = 103977)
erasing segment 31 (vno[0] = 104051)
erasing segment 32 (vno[0] = 109644)
erasing segment 33 (vno[0] = 114024)
erasing segment 34 (vno[0] = 116392)
erasing segment 35 (vno[0] = 122686)
mri_label2vol --defects /out/sourcedata/freesurfer/sub-v2s17x50047_ses-1/surf/rh.orig.nofix /out/sourcedata/freesurfer/sub-v2s17x50047_ses-1/surf/rh.defect_labels /out/sourcedata/freesurfer/sub-v2s17x50047_ses-1/mri/orig.mgz 2000 0 /out/sourcedata/freesurfer/sub-v2s17x50047_ses-1/mri/rh.surface.defects.mgz /out/sourcedata/freesurfer/sub-v2s17x50047_ses-1/label/rh.nofix.cortex.label
mri_label2vol supposed to be reproducible but seed not set
Contraining to label /out/sourcedata/freesurfer/sub-v2s17x50047_ses-1/label/rh.nofix.cortex.label
Changing input type 0 to MRI_INT
Converting defects to volume: offset=2000, merge=0
Writing to /out/sourcedata/freesurfer/sub-v2s17x50047_ses-1/mri/rh.surface.defects.mgz
mris_defects_pointset -s /out/sourcedata/freesurfer/sub-v2s17x50047_ses-1/surf/rh.orig.nofix -d /out/sourcedata/freesurfer/sub-v2s17x50047_ses-1/surf/rh.defect_labels -o /out/sourcedata/freesurfer/sub-v2s17x50047_ses-1/surf/rh.defects.pointset --label /out/sourcedata/freesurfer/sub-v2s17x50047_ses-1/label/rh.nofix.cortex.label
Reading in surface /out/sourcedata/freesurfer/sub-v2s17x50047_ses-1/surf/rh.orig.nofix
Reading in defect segmentation /out/sourcedata/freesurfer/sub-v2s17x50047_ses-1/surf/rh.defect_labels
Reading in label /out/sourcedata/freesurfer/sub-v2s17x50047_ses-1/label/rh.nofix.cortex.label
#VMPC# mris_defects_pointset 1696692
mris_defects_pointset done
 
Started at Wed Mar 11 15:37:03 CET 2026 
Ended   at Wed Mar 11 15:37:20 CET 2026
Defect2seg-Run-Time-Sec 17
Defect2seg-Run-Time-Min 0.34
Defect2seg-Run-Time-Hours 0.00
 
defect2seg Done
