status file for recon-all
Wed Mar 11 15:34:03 CET 2026
#@# Tessellate rh Wed Mar 11 15:34:03 CET 2026
#@# Smooth1 rh Wed Mar 11 15:34:06 CET 2026
#@# Inflation1 rh Wed Mar 11 15:34:09 CET 2026
#@# QSphere rh Wed Mar 11 15:34:21 CET 2026
#@# Fix Topology rh Wed Mar 11 15:35:38 CET 2026
#@# Smooth2 rh Wed Mar 11 15:41:24 CET 2026
#@# Inflation2 rh Wed Mar 11 15:41:27 CET 2026
#@# Curv .H and .K rh Wed Mar 11 15:41:42 CET 2026
#@# Sphere rh Wed Mar 11 15:42:31 CET 2026
#@# Surf Reg rh Wed Mar 11 15:44:47 CET 2026
#@# Jacobian white rh Wed Mar 11 15:48:30 CET 2026
#@# AvgCurv rh Wed Mar 11 15:48:31 CET 2026
#@# Cortical Parc rh Wed Mar 11 15:48:32 CET 2026
#@# white curv rh Wed Mar 11 15:55:08 CET 2026
#@# white area rh Wed Mar 11 15:55:10 CET 2026
#@# pial curv rh Wed Mar 11 15:55:11 CET 2026
#@# pial area rh Wed Mar 11 15:55:12 CET 2026
#@# thickness rh Wed Mar 11 15:55:13 CET 2026
#@# area and vertex vol rh Wed Mar 11 15:55:43 CET 2026
#@# Curvature Stats rh Wed Mar 11 15:55:44 CET 2026
#@# Cortical Parc 2 rh Wed Mar 11 15:55:47 CET 2026
#@# Cortical Parc 3 rh Wed Mar 11 15:56:01 CET 2026
#@# WM/GM Contrast rh Wed Mar 11 15:56:11 CET 2026
recon-all -s sub-v2s17x50047_ses-1 finished without error at Wed Mar 11 15:56:15 CET 2026



#New# invocation of recon-all 



status file for recon-all
Wed Mar 11 16:03:10 CET 2026
#@# white curv rh Wed Mar 11 16:03:10 CET 2026
#@# white area rh Wed Mar 11 16:03:10 CET 2026
#@# pial curv rh Wed Mar 11 16:03:10 CET 2026
#@# pial area rh Wed Mar 11 16:03:10 CET 2026
#@# thickness rh Wed Mar 11 16:03:10 CET 2026
#@# area and vertex vol rh Wed Mar 11 16:03:10 CET 2026
#@# Parcellation Stats rh Wed Mar 11 16:03:10 CET 2026
#@# Parcellation Stats 2 rh Wed Mar 11 16:03:30 CET 2026
#@# Parcellation Stats 3 rh Wed Mar 11 16:03:39 CET 2026
#@# BA_exvivo Labels rh Wed Mar 11 16:03:49 CET 2026
recon-all -s sub-v2s17x50047_ses-1 finished without error at Wed Mar 11 16:06:35 CET 2026
