status file for recon-all
Wed Mar 11 15:02:22 CET 2026
#@# Tessellate lh Wed Mar 11 15:02:22 CET 2026
#@# Smooth1 lh Wed Mar 11 15:02:26 CET 2026
#@# Inflation1 lh Wed Mar 11 15:02:28 CET 2026
#@# QSphere lh Wed Mar 11 15:02:41 CET 2026
#@# Fix Topology lh Wed Mar 11 15:03:47 CET 2026
#@# Smooth2 lh Wed Mar 11 15:18:59 CET 2026
#@# Inflation2 lh Wed Mar 11 15:19:02 CET 2026
#@# Curv .H and .K lh Wed Mar 11 15:19:16 CET 2026
#@# Sphere lh Wed Mar 11 15:20:06 CET 2026
#@# Surf Reg lh Wed Mar 11 15:22:27 CET 2026
#@# Jacobian white lh Wed Mar 11 15:26:05 CET 2026
#@# AvgCurv lh Wed Mar 11 15:26:06 CET 2026
#@# Cortical Parc lh Wed Mar 11 15:26:06 CET 2026
#@# white curv lh Wed Mar 11 15:32:54 CET 2026
#@# white area lh Wed Mar 11 15:32:56 CET 2026
#@# pial curv lh Wed Mar 11 15:32:57 CET 2026
#@# pial area lh Wed Mar 11 15:32:58 CET 2026
#@# thickness lh Wed Mar 11 15:32:59 CET 2026
#@# area and vertex vol lh Wed Mar 11 15:33:29 CET 2026
#@# Curvature Stats lh Wed Mar 11 15:33:30 CET 2026
#@# Cortical Parc 2 lh Wed Mar 11 15:33:33 CET 2026
#@# Cortical Parc 3 lh Wed Mar 11 15:33:46 CET 2026
#@# WM/GM Contrast lh Wed Mar 11 15:33:56 CET 2026
recon-all -s sub-v2s17x50047_ses-1 finished without error at Wed Mar 11 15:33:59 CET 2026



#New# invocation of recon-all 



status file for recon-all
Wed Mar 11 15:59:38 CET 2026
#@# white curv lh Wed Mar 11 15:59:38 CET 2026
#@# white area lh Wed Mar 11 15:59:38 CET 2026
#@# pial curv lh Wed Mar 11 15:59:38 CET 2026
#@# pial area lh Wed Mar 11 15:59:38 CET 2026
#@# thickness lh Wed Mar 11 15:59:38 CET 2026
#@# area and vertex vol lh Wed Mar 11 15:59:38 CET 2026
#@# Parcellation Stats lh Wed Mar 11 15:59:38 CET 2026
#@# Parcellation Stats 2 lh Wed Mar 11 15:59:58 CET 2026
#@# Parcellation Stats 3 lh Wed Mar 11 16:00:09 CET 2026
#@# BA_exvivo Labels lh Wed Mar 11 16:00:19 CET 2026
recon-all -s sub-v2s17x50047_ses-1 finished without error at Wed Mar 11 16:03:09 CET 2026
