status file for recon-all
Wed Mar 11 13:18:26 CET 2026
#@# MotionCor Wed Mar 11 13:18:29 CET 2026
#@# Talairach Wed Mar 11 13:18:38 CET 2026
#@# Talairach Failure Detection Wed Mar 11 13:23:04 CET 2026
#@# Nu Intensity Correction Wed Mar 11 13:23:04 CET 2026
#@# Intensity Normalization Wed Mar 11 13:26:21 CET 2026
recon-all -s sub-v2s17x50047_ses-1 finished without error at Wed Mar 11 13:27:46 CET 2026



#New# invocation of recon-all 



status file for recon-all
Wed Mar 11 13:34:48 CET 2026
#@# EM Registration Wed Mar 11 13:34:48 CET 2026
recon-all -s sub-v2s17x50047_ses-1 finished without error at Wed Mar 11 13:36:35 CET 2026



#New# invocation of recon-all 



status file for recon-all
Wed Mar 11 13:36:38 CET 2026
#@# CA Normalize Wed Mar 11 13:36:38 CET 2026
#@# CA Reg Wed Mar 11 13:37:57 CET 2026
#@# SubCort Seg Wed Mar 11 14:24:42 CET 2026
#@# CC Seg Wed Mar 11 14:56:17 CET 2026
#@# Merge ASeg Wed Mar 11 14:56:52 CET 2026
#@# Intensity Normalization2 Wed Mar 11 14:56:52 CET 2026
#@# Mask BFS Wed Mar 11 14:59:10 CET 2026
#@# WM Segmentation Wed Mar 11 14:59:11 CET 2026
#@# Fill Wed Mar 11 15:01:14 CET 2026
recon-all -s sub-v2s17x50047_ses-1 finished without error at Wed Mar 11 15:02:18 CET 2026



#New# invocation of recon-all 



status file for recon-all
Wed Mar 11 15:56:18 CET 2026
#@# white curv lh Wed Mar 11 15:56:18 CET 2026
#@# white area lh Wed Mar 11 15:56:18 CET 2026
#@# pial curv lh Wed Mar 11 15:56:18 CET 2026
#@# pial area lh Wed Mar 11 15:56:18 CET 2026
#@# thickness lh Wed Mar 11 15:56:18 CET 2026
#@# area and vertex vol lh Wed Mar 11 15:56:18 CET 2026
#@# white curv rh Wed Mar 11 15:56:18 CET 2026
#@# white area rh Wed Mar 11 15:56:18 CET 2026
#@# pial curv rh Wed Mar 11 15:56:18 CET 2026
#@# pial area rh Wed Mar 11 15:56:18 CET 2026
#@# thickness rh Wed Mar 11 15:56:18 CET 2026
#@# area and vertex vol rh Wed Mar 11 15:56:18 CET 2026
#@# Cortical ribbon mask Wed Mar 11 15:56:18 CET 2026
recon-all -s sub-v2s17x50047_ses-1 finished without error at Wed Mar 11 15:59:34 CET 2026



#New# invocation of recon-all 



status file for recon-all
Wed Mar 11 16:06:42 CET 2026
#@# white curv lh Wed Mar 11 16:06:42 CET 2026
#@# white area lh Wed Mar 11 16:06:42 CET 2026
#@# pial curv lh Wed Mar 11 16:06:42 CET 2026
#@# pial area lh Wed Mar 11 16:06:42 CET 2026
#@# thickness lh Wed Mar 11 16:06:42 CET 2026
#@# area and vertex vol lh Wed Mar 11 16:06:42 CET 2026
#@# white curv rh Wed Mar 11 16:06:42 CET 2026
#@# white area rh Wed Mar 11 16:06:42 CET 2026
#@# pial curv rh Wed Mar 11 16:06:42 CET 2026
#@# pial area rh Wed Mar 11 16:06:42 CET 2026
#@# thickness rh Wed Mar 11 16:06:42 CET 2026
#@# area and vertex vol rh Wed Mar 11 16:06:42 CET 2026
#@# Curvature Stats lh Wed Mar 11 16:06:42 CET 2026
#@# Curvature Stats rh Wed Mar 11 16:06:45 CET 2026
#@# Relabel Hypointensities Wed Mar 11 16:06:47 CET 2026
#@# APas-to-ASeg Wed Mar 11 16:07:04 CET 2026
#@# AParc-to-ASeg aparc Wed Mar 11 16:07:12 CET 2026
#@# AParc-to-ASeg aparc.a2009s Wed Mar 11 16:07:56 CET 2026
#@# AParc-to-ASeg aparc.DKTatlas Wed Mar 11 16:08:44 CET 2026
#@# WMParc Wed Mar 11 16:09:31 CET 2026
#@# ASeg Stats Wed Mar 11 16:13:41 CET 2026
recon-all -s sub-v2s17x50047_ses-1 finished without error at Wed Mar 11 16:14:23 CET 2026
