status file for recon-all
Wed Mar 11 15:30:44 CET 2026
#@# Tessellate rh Wed Mar 11 15:30:44 CET 2026
#@# Smooth1 rh Wed Mar 11 15:30:48 CET 2026
#@# Inflation1 rh Wed Mar 11 15:30:52 CET 2026
#@# QSphere rh Wed Mar 11 15:31:09 CET 2026
#@# Fix Topology rh Wed Mar 11 15:32:36 CET 2026
#@# Smooth2 rh Wed Mar 11 15:42:17 CET 2026
#@# Inflation2 rh Wed Mar 11 15:42:20 CET 2026
#@# Curv .H and .K rh Wed Mar 11 15:42:37 CET 2026
#@# Sphere rh Wed Mar 11 15:43:30 CET 2026
#@# Surf Reg rh Wed Mar 11 15:47:37 CET 2026
#@# Jacobian white rh Wed Mar 11 15:52:16 CET 2026
#@# AvgCurv rh Wed Mar 11 15:52:17 CET 2026
#@# Cortical Parc rh Wed Mar 11 15:52:18 CET 2026
#@# white curv rh Wed Mar 11 15:59:46 CET 2026
#@# white area rh Wed Mar 11 15:59:48 CET 2026
#@# pial curv rh Wed Mar 11 15:59:49 CET 2026
#@# pial area rh Wed Mar 11 15:59:51 CET 2026
#@# thickness rh Wed Mar 11 15:59:52 CET 2026
#@# area and vertex vol rh Wed Mar 11 16:00:25 CET 2026
#@# Curvature Stats rh Wed Mar 11 16:00:27 CET 2026
#@# Cortical Parc 2 rh Wed Mar 11 16:00:30 CET 2026
#@# Cortical Parc 3 rh Wed Mar 11 16:00:45 CET 2026
#@# WM/GM Contrast rh Wed Mar 11 16:00:56 CET 2026
recon-all -s sub-v2s17x50029_ses-1 finished without error at Wed Mar 11 16:01:00 CET 2026



#New# invocation of recon-all 



status file for recon-all
Wed Mar 11 16:09:08 CET 2026
#@# white curv rh Wed Mar 11 16:09:08 CET 2026
#@# white area rh Wed Mar 11 16:09:08 CET 2026
#@# pial curv rh Wed Mar 11 16:09:08 CET 2026
#@# pial area rh Wed Mar 11 16:09:08 CET 2026
#@# thickness rh Wed Mar 11 16:09:08 CET 2026
#@# area and vertex vol rh Wed Mar 11 16:09:08 CET 2026
#@# Parcellation Stats rh Wed Mar 11 16:09:08 CET 2026
#@# Parcellation Stats 2 rh Wed Mar 11 16:09:30 CET 2026
#@# Parcellation Stats 3 rh Wed Mar 11 16:09:41 CET 2026
#@# BA_exvivo Labels rh Wed Mar 11 16:09:52 CET 2026
recon-all -s sub-v2s17x50029_ses-1 finished without error at Wed Mar 11 16:12:44 CET 2026
