status file for recon-all
Wed Mar 11 14:53:04 CET 2026
#@# Tessellate lh Wed Mar 11 14:53:04 CET 2026
#@# Smooth1 lh Wed Mar 11 14:53:08 CET 2026
#@# Inflation1 lh Wed Mar 11 14:53:11 CET 2026
#@# QSphere lh Wed Mar 11 14:53:26 CET 2026
#@# Fix Topology lh Wed Mar 11 14:54:30 CET 2026
#@# Smooth2 lh Wed Mar 11 15:04:53 CET 2026
#@# Inflation2 lh Wed Mar 11 15:04:57 CET 2026
#@# Curv .H and .K lh Wed Mar 11 15:05:12 CET 2026
#@# Sphere lh Wed Mar 11 15:06:08 CET 2026
#@# Surf Reg lh Wed Mar 11 15:12:56 CET 2026
#@# Jacobian white lh Wed Mar 11 15:20:57 CET 2026
#@# AvgCurv lh Wed Mar 11 15:20:59 CET 2026
#@# Cortical Parc lh Wed Mar 11 15:21:00 CET 2026
#@# white curv lh Wed Mar 11 15:29:29 CET 2026
#@# white area lh Wed Mar 11 15:29:31 CET 2026
#@# pial curv lh Wed Mar 11 15:29:32 CET 2026
#@# pial area lh Wed Mar 11 15:29:34 CET 2026
#@# thickness lh Wed Mar 11 15:29:35 CET 2026
#@# area and vertex vol lh Wed Mar 11 15:30:07 CET 2026
#@# Curvature Stats lh Wed Mar 11 15:30:09 CET 2026
#@# Cortical Parc 2 lh Wed Mar 11 15:30:12 CET 2026
#@# Cortical Parc 3 lh Wed Mar 11 15:30:28 CET 2026
#@# WM/GM Contrast lh Wed Mar 11 15:30:39 CET 2026
recon-all -s sub-v2s17x50029_ses-1 finished without error at Wed Mar 11 15:30:43 CET 2026



#New# invocation of recon-all 



status file for recon-all
Wed Mar 11 16:05:32 CET 2026
#@# white curv lh Wed Mar 11 16:05:32 CET 2026
#@# white area lh Wed Mar 11 16:05:32 CET 2026
#@# pial curv lh Wed Mar 11 16:05:32 CET 2026
#@# pial area lh Wed Mar 11 16:05:32 CET 2026
#@# thickness lh Wed Mar 11 16:05:32 CET 2026
#@# area and vertex vol lh Wed Mar 11 16:05:32 CET 2026
#@# Parcellation Stats lh Wed Mar 11 16:05:32 CET 2026
#@# Parcellation Stats 2 lh Wed Mar 11 16:05:56 CET 2026
#@# Parcellation Stats 3 lh Wed Mar 11 16:06:07 CET 2026
#@# BA_exvivo Labels lh Wed Mar 11 16:06:18 CET 2026
recon-all -s sub-v2s17x50029_ses-1 finished without error at Wed Mar 11 16:09:07 CET 2026
