/out/sourcedata/freesurfer/sub-v2s17x50048_ses-1/mri
/opt/freesurfer/bin/talairach_avi
--i orig_nu.mgz --xfm transforms/talairach.auto.xfm
talairach_avi 7.3.2
Linux dna088 5.14.0-427.37.1.el9_4.x86_64 #1 SMP PREEMPT_DYNAMIC Fri Sep 13 12:41:50 EDT 2024 x86_64 x86_64 x86_64 GNU/Linux
Wed Mar 11 13:19:30 CET 2026
mri_convert orig_nu.mgz talsrcimg.img 
reading from orig_nu.mgz...
TR=0.00, TE=0.00, TI=0.00, flip angle=0.00
i_ras = (-1, 0, 0)
j_ras = (0, 0, -1)
k_ras = (0, 1, 0)
writing to talsrcimg.img...
Analyze Output Matrix
-1.00000   0.00000   0.00000   127.34582;
 0.00000   0.00000   1.00000  -131.04846;
 0.00000  -1.00000   0.00000   118.99347;
 0.00000   0.00000   0.00000   1.00000;
--------------------
INFO: set hdr.hist.orient to -1
mpr2mni305 talsrcimg
Wed Mar 11 13:19:30 CET 2026
/opt/freesurfer/bin/mpr2mni305 talsrcimg
mpr2mni305 7.3.2
target=711-2C_as_mni_average_305

---------------------------------------------------------------------
analyzeto4dfp talsrcimg -O0 -y
---------------------------------------------------------------------

freesurfer ifh2hdr.c
Wed Mar 11 13:19:31 2026
Writing: talsrcimg.4dfp.hdr
freesurfer analyzeto4dfp.c
Reading: talsrcimg.hdr
header size 348 bytes
hdr.dime.datatype	offset=70	value=2
hdr.dime.bitpix		offset=72	value=8
hdr.hist.orient		offset=252	value=-1
dimensionality     4
dimensions       256       256       256         1
Reading: talsrcimg.img
Writing: talsrcimg.4dfp.img
Writing: talsrcimg.4dfp.ifh
ifh2hdr talsrcimg -r0to204
ori=2

---------------------------------------------------------------------
gauss_4dfp talsrcimg 1.1
---------------------------------------------------------------------

freesurfer gauss_4dfp.c
Reading: talsrcimg.4dfp.img
Writing: talsrcimg_g11.4dfp.img
image dimensions 256 256 256 padded to 288 288 288
processing volume 1freesurfer ifh2hdr.c
Wed Mar 11 13:19:32 2026
Writing: talsrcimg_g11.4dfp.hdr

Writing: talsrcimg_g11.4dfp.ifh
including: talsrcimg.4dfp.img.rec in talsrcimg_g11.4dfp.img.rec

---------------------------------------------------------------------
imgreg_4dfp /opt/freesurfer/average/711-2C_as_mni_average_305 none talsrcimg_g11 none talsrcimg_to_711-2C_as_mni_average_305_t4 4355
---------------------------------------------------------------------

freesurfer imgreg_4dfp.c
/opt/freesurfer/average/711-2C_as_mni_average_305.4dfp.img
       256       256       256         1
  1.000000  1.000000  1.000000
orientation T byte_order littleendian
Reading image: /opt/freesurfer/average/711-2C_as_mni_average_305.4dfp.img
dimensions:      256       256       256
mmppix:       1.0000   -1.0000   -1.0000
center:     128.0000 -129.0000 -129.0000
talsrcimg_g11.4dfp.img
       256       256       256         1
  1.000000  1.000000  1.000000
orientation T byte_order littleendian
Reading image: talsrcimg_g11.4dfp.img
dimensions:      256       256       256
mmppix:       1.0000   -1.0000   -1.0000
center:     128.0000 -129.0000 -129.0000
t4_read: open error in t4_sub.f l:  41 t4_file(1:l)talsrcimg_to_711-2C_as_mni_average_305_t4 
t4_read: transform initialized to I4
rotation matrix determinant  1.000000
image alignment mode   4355 decimal     1103 hex
   -7.5000  -45.0000  -45.0000 9209.1611   13.8316
    0.0000  -45.0000  -45.0000 9660.0195   13.8413
    7.5000  -45.0000  -45.0000 9300.1748   13.8547
   -7.5000  -37.5000  -45.0000 9678.2217   13.7827
    0.0000  -37.5000  -45.000010156.9023   13.7898
    7.5000  -37.5000  -45.0000 9760.1846   13.8013
   -7.5000  -30.0000  -45.000010459.3926   13.7157
    0.0000  -30.0000  -45.000010987.4014   13.7199
    7.5000  -30.0000  -45.000010543.0898   13.7321
   -7.5000  -22.5000  -45.000011119.0303   13.6435
    0.0000  -22.5000  -45.000011674.0215   13.6471
    7.5000  -22.5000  -45.000011187.3916   13.6614
   -7.5000  -15.0000  -45.000011660.0068   13.5820
    0.0000  -15.0000  -45.000012233.8711   13.5881
    7.5000  -15.0000  -45.000011724.4824   13.6040
   -7.5000   -7.5000  -45.000012157.0664   13.5539
    0.0000   -7.5000  -45.000012732.4219   13.5630
    7.5000   -7.5000  -45.000012198.7725   13.5786
   -7.5000    0.0000  -45.000012544.2666   13.5544
    0.0000    0.0000  -45.000013118.8340   13.5640
    7.5000    0.0000  -45.000012577.5391   13.5773
   -7.5000    7.5000  -45.000011937.9355   13.5655
    0.0000    7.5000  -45.000012476.4707   13.5727
    7.5000    7.5000  -45.000011986.1035   13.5841
   -7.5000   15.0000  -45.000011260.5850   13.6011
    0.0000   15.0000  -45.000011751.3867   13.6056
    7.5000   15.0000  -45.000011259.4102   13.6175
   -7.5000   22.5000  -45.000010493.4160   13.6872
    0.0000   22.5000  -45.000010959.6035   13.6914
    7.5000   22.5000  -45.000010494.0967   13.7057
   -7.5000   30.0000  -45.0000 9679.8770   13.6456
    0.0000   30.0000  -45.000010092.4619   13.6519
    7.5000   30.0000  -45.0000 9656.5107   13.6682
   -7.5000   37.5000  -45.0000 9215.8506   13.8280
    0.0000   37.5000  -45.0000 9582.0781   13.8390
    7.5000   37.5000  -45.0000 9167.9453   13.8564
   -7.5000   45.0000  -45.0000 8456.6709   13.7236
    0.0000   45.0000  -45.0000 8798.4766   13.7358
    7.5000   45.0000  -45.0000 8416.0449   13.7511
   -7.5000  -45.0000  -37.5000 9793.5615   13.8351
    0.0000  -45.0000  -37.500010286.1367   13.8452
    7.5000  -45.0000  -37.5000 9890.3535   13.8618
   -7.5000  -37.5000  -37.500010281.8711   13.7893
    0.0000  -37.5000  -37.500010790.4268   13.7958
    7.5000  -37.5000  -37.500010363.0605   13.8096
   -7.5000  -30.0000  -37.500011093.9912   13.7238
    0.0000  -30.0000  -37.500011647.5723   13.7265
    7.5000  -30.0000  -37.500011184.2012   13.7395
   -7.5000  -22.5000  -37.500011793.4375   13.6482
    0.0000  -22.5000  -37.500012367.7764   13.6508
    7.5000  -22.5000  -37.500011859.2773   13.6652
   -7.5000  -15.0000  -37.500012351.0781   13.5811
    0.0000  -15.0000  -37.500012951.0332   13.5867
    7.5000  -15.0000  -37.500012412.3916   13.6037
   -7.5000   -7.5000  -37.500012843.4307   13.5491
    0.0000   -7.5000  -37.500013466.0459   13.5585
    7.5000   -7.5000  -37.500012873.2998   13.5765
   -7.5000    0.0000  -37.500013202.1914   13.5497
    0.0000    0.0000  -37.500013832.9375   13.5598
    7.5000    0.0000  -37.500013232.2568   13.5761
   -7.5000    7.5000  -37.500012565.2031   13.5649
    0.0000    7.5000  -37.500013160.8555   13.5715
    7.5000    7.5000  -37.500012602.2207   13.5851
   -7.5000   15.0000  -37.500011819.9971   13.6030
    0.0000   15.0000  -37.500012372.6143   13.6061
    7.5000   15.0000  -37.500011844.8018   13.6187
   -7.5000   22.5000  -37.500010980.3838   13.6872
    0.0000   22.5000  -37.500011497.6523   13.6901
    7.5000   22.5000  -37.500010995.9189   13.7045
   -7.5000   30.0000  -37.500010097.3096   13.6411
    0.0000   30.0000  -37.500010545.2539   13.6460
    7.5000   30.0000  -37.500010077.3086   13.6634
   -7.5000   37.5000  -37.5000 9570.2529   13.8196
    0.0000   37.5000  -37.5000 9965.2881   13.8295
    7.5000   37.5000  -37.5000 9525.7734   13.8492
   -7.5000   45.0000  -37.5000 8756.7744   13.7195
    0.0000   45.0000  -37.5000 9122.7871   13.7307
    7.5000   45.0000  -37.5000 8735.2354   13.7484
   -7.5000  -45.0000  -30.000010505.7324   14.3855
    0.0000  -45.0000  -30.000011042.4150   14.3949
    7.5000  -45.0000  -30.000010601.2139   14.4128
   -7.5000  -37.5000  -30.000011014.7861   14.3358
    0.0000  -37.5000  -30.000011568.7637   14.3415
    7.5000  -37.5000  -30.000011081.4824   14.3561
   -7.5000  -30.0000  -30.000011866.6064   14.2672
    0.0000  -30.0000  -30.000012478.8887   14.2686
    7.5000  -30.0000  -30.000011945.5557   14.2816
   -7.5000  -22.5000  -30.000012615.0596   14.1874
    0.0000  -22.5000  -30.000013241.8809   14.1881
    7.5000  -22.5000  -30.000012674.4873   14.2026
   -7.5000  -15.0000  -30.000013195.7363   14.1156
    0.0000  -15.0000  -30.000013873.1328   14.1194
    7.5000  -15.0000  -30.000013264.6182   14.1367
   -7.5000   -7.5000  -30.000013707.7285   14.0792
    0.0000   -7.5000  -30.000014413.3848   14.0873
    7.5000   -7.5000  -30.000013749.8809   14.1062
   -7.5000    0.0000  -30.000014066.3955   14.0769
    0.0000    0.0000  -30.000014794.9629   14.0863
    7.5000    0.0000  -30.000014103.9629   14.1039
   -7.5000    7.5000  -30.000013371.6836   14.0928
    0.0000    7.5000  -30.000014045.5996   14.0987
    7.5000    7.5000  -30.000013410.7236   14.1131
   -7.5000   15.0000  -30.000012526.6475   14.1344
    0.0000   15.0000  -30.000013159.4180   14.1363
    7.5000   15.0000  -30.000012563.6455   14.1490
   -7.5000   22.5000  -30.000011632.7607   14.2221
    0.0000   22.5000  -30.000012195.3828   14.2231
    7.5000   22.5000  -30.000011637.0576   14.2376
   -7.5000   30.0000  -30.000010661.9580   14.1762
    0.0000   30.0000  -30.000011159.2500   14.1782
    7.5000   30.0000  -30.000010653.3154   14.1956
   -7.5000   37.5000  -30.000010091.7734   14.3589
    0.0000   37.5000  -30.000010520.3682   14.3658
    7.5000   37.5000  -30.000010046.7822   14.3856
   -7.5000   45.0000  -30.0000 9211.2715   14.2622
    0.0000   45.0000  -30.0000 9614.2354   14.2705
    7.5000   45.0000  -30.0000 9195.8438   14.2887
   -7.5000  -45.0000  -22.500011170.2363   14.8536
    0.0000  -45.0000  -22.500011751.4785   14.8621
    7.5000  -45.0000  -22.500011266.4707   14.8778
   -7.5000  -37.5000  -22.500011688.5635   14.7954
    0.0000  -37.5000  -22.500012300.4521   14.8015
    7.5000  -37.5000  -22.500011760.2480   14.8143
   -7.5000  -30.0000  -22.500012593.4990   14.7216
    0.0000  -30.0000  -22.500013270.1240   14.7238
    7.5000  -30.0000  -22.500012664.6641   14.7361
   -7.5000  -22.5000  -22.500013361.7090   14.6416
    0.0000  -22.5000  -22.500014052.1104   14.6421
    7.5000  -22.5000  -22.500013425.4961   14.6564
   -7.5000  -15.0000  -22.500013963.5107   14.5718
    0.0000  -15.0000  -22.500014706.7275   14.5739
    7.5000  -15.0000  -22.500014038.2285   14.5905
   -7.5000   -7.5000  -22.500014465.6191   14.5350
    0.0000   -7.5000  -22.500015250.0293   14.5413
    7.5000   -7.5000  -22.500014513.7471   14.5585
   -7.5000    0.0000  -22.500014851.3955   14.5290
    0.0000    0.0000  -22.500015647.8232   14.5376
    7.5000    0.0000  -22.500014875.4219   14.5532
   -7.5000    7.5000  -22.500014095.1777   14.5406
    0.0000    7.5000  -22.500014839.9443   14.5469
    7.5000    7.5000  -22.500014098.2910   14.5596
   -7.5000   15.0000  -22.500013162.7930   14.5822
    0.0000   15.0000  -22.500013853.3613   14.5848
    7.5000   15.0000  -22.500013191.5654   14.5968
   -7.5000   22.5000  -22.500012208.2754   14.6754
    0.0000   22.5000  -22.500012797.4092   14.6761
    7.5000   22.5000  -22.500012188.8906   14.6903
   -7.5000   30.0000  -22.500011167.1787   14.6367
    0.0000   30.0000  -22.500011694.5137   14.6370
    7.5000   30.0000  -22.500011152.4785   14.6531
   -7.5000   37.5000  -22.500010568.2695   14.8270
    0.0000   37.5000  -22.500011034.6348   14.8319
    7.5000   37.5000  -22.500010522.8809   14.8491
   -7.5000   45.0000  -22.5000 9643.0225   14.7291
    0.0000   45.0000  -22.500010078.4209   14.7359
    7.5000   45.0000  -22.5000 9604.8916   14.7516
   -7.5000  -45.0000  -15.000011827.7422   15.1944
    0.0000  -45.0000  -15.000012444.0752   15.2031
    7.5000  -45.0000  -15.000011934.1006   15.2159
   -7.5000  -37.5000  -15.000012354.9189   15.1300
    0.0000  -37.5000  -15.000012995.8779   15.1374
    7.5000  -37.5000  -15.000012439.4277   15.1481
   -7.5000  -30.0000  -15.000013292.8564   15.0524
    0.0000  -30.0000  -15.000013981.7910   15.0565
    7.5000  -30.0000  -15.000013361.0156   15.0684
   -7.5000  -22.5000  -15.000014076.4453   14.9735
    0.0000  -22.5000  -15.000014788.3877   14.9757
    7.5000  -22.5000  -15.000014133.0225   14.9903
   -7.5000  -15.0000  -15.000014695.6963   14.9064
    0.0000  -15.0000  -15.000015457.4531   14.9097
    7.5000  -15.0000  -15.000014754.9756   14.9257
   -7.5000   -7.5000  -15.000015197.9258   14.8701
    0.0000   -7.5000  -15.000015977.8809   14.8768
    7.5000   -7.5000  -15.000015229.9424   14.8922
   -7.5000    0.0000  -15.000015583.0117   14.8619
    0.0000    0.0000  -15.000016401.5000   14.8707
    7.5000    0.0000  -15.000015598.1211   14.8836
   -7.5000    7.5000  -15.000014751.0381   14.8694
    0.0000    7.5000  -15.000015538.5264   14.8768
    7.5000    7.5000  -15.000014751.3877   14.8876
   -7.5000   15.0000  -15.000013761.8564   14.9100
    0.0000   15.0000  -15.000014471.6416   14.9145
    7.5000   15.0000  -15.000013781.2266   14.9261
   -7.5000   22.5000  -15.000012734.6982   15.0073
    0.0000   22.5000  -15.000013359.3789   15.0099
    7.5000   22.5000  -15.000012720.6729   15.0245
   -7.5000   30.0000  -15.000011632.3467   14.9758
    0.0000   30.0000  -15.000012181.2461   14.9783
    7.5000   30.0000  -15.000011614.2012   14.9938
   -7.5000   37.5000  -15.000010996.2773   15.1730
    0.0000   37.5000  -15.000011497.0088   15.1798
    7.5000   37.5000  -15.000010962.3223   15.1953
   -7.5000   45.0000  -15.000010048.3545   15.0738
    0.0000   45.0000  -15.000010499.4893   15.0821
    7.5000   45.0000  -15.0000 9996.4785   15.0958
   -7.5000  -45.0000   -7.500012509.2637   15.3620
    0.0000  -45.0000   -7.500013119.9893   15.3717
    7.5000  -45.0000   -7.500012604.6055   15.3841
   -7.5000  -37.5000   -7.500013032.1748   15.2972
    0.0000  -37.5000   -7.500013660.2197   15.3051
    7.5000  -37.5000   -7.500013118.8447   15.3159
   -7.5000  -30.0000   -7.500014008.6084   15.2166
    0.0000  -30.0000   -7.500014652.8271   15.2217
    7.5000  -30.0000   -7.500014067.0664   15.2343
   -7.5000  -22.5000   -7.500014828.3066   15.1352
    0.0000  -22.5000   -7.500015523.4697   15.1392
    7.5000  -22.5000   -7.500014880.1895   15.1547
   -7.5000  -15.0000   -7.500015471.2812   15.0669
    0.0000  -15.0000   -7.500016223.1982   15.0726
    7.5000  -15.0000   -7.500015526.2188   15.0893
   -7.5000   -7.5000   -7.500015998.4512   15.0318
    0.0000   -7.5000   -7.500016732.9941   15.0404
    7.5000   -7.5000   -7.500016014.6455   15.0558
   -7.5000    0.0000   -7.500016359.7539   15.0261
    0.0000    0.0000   -7.500017119.8926   15.0359
    7.5000    0.0000   -7.500016364.3125   15.0482
   -7.5000    7.5000   -7.500015432.4717   15.0339
    0.0000    7.5000   -7.500016183.1768   15.0418
    7.5000    7.5000   -7.500015432.1045   15.0526
   -7.5000   15.0000   -7.500014388.8232   15.0726
    0.0000   15.0000   -7.500015102.2871   15.0780
    7.5000   15.0000   -7.500014398.8916   15.0903
   -7.5000   22.5000   -7.500013277.1846   15.1671
    0.0000   22.5000   -7.500013915.2090   15.1716
    7.5000   22.5000   -7.500013260.8984   15.1872
   -7.5000   30.0000   -7.500012115.5479   15.1364
    0.0000   30.0000   -7.500012662.5039   15.1422
    7.5000   30.0000   -7.500012082.4180   15.1588
   -7.5000   37.5000   -7.500011469.6543   15.3374
    0.0000   37.5000   -7.500011963.3799   15.3479
    7.5000   37.5000   -7.500011416.7393   15.3643
   -7.5000   45.0000   -7.500010476.8613   15.2422
    0.0000   45.0000   -7.500010917.8564   15.2538
    7.5000   45.0000   -7.500010402.8926   15.2680
   -7.5000  -45.0000    0.000013063.3730   15.3825
    0.0000  -45.0000    0.000013665.7637   15.3932
    7.5000  -45.0000    0.000013152.5547   15.4084
   -7.5000  -37.5000    0.000013589.5488   15.3222
    0.0000  -37.5000    0.000014191.3232   15.3301
    7.5000  -37.5000    0.000013676.9688   15.3431
   -7.5000  -30.0000    0.000014582.4385   15.2424
    0.0000  -30.0000    0.000015194.6514   15.2471
    7.5000  -30.0000    0.000014645.5176   15.2608
   -7.5000  -22.5000    0.000015468.2578   15.1571
    0.0000  -22.5000    0.000016186.6084   15.1613
    7.5000  -22.5000    0.000015539.8359   15.1774
   -7.5000  -15.0000    0.000016176.6338   15.0843
    0.0000  -15.0000    0.000016942.6719   15.0912
    7.5000  -15.0000    0.000016242.3857   15.1091
   -7.5000   -7.5000    0.000016715.1074   15.0485
    0.0000   -7.5000    0.000017400.5684   15.0587
    7.5000   -7.5000    0.000016718.8691   15.0762
   -7.5000    0.0000    0.000017047.2188   15.0465
    0.0000    0.0000    0.000017719.1309   15.0572
    7.5000    0.0000    0.000017012.4512   15.0721
   -7.5000    7.5000    0.000016063.4434   15.0586
    0.0000    7.5000    0.000016710.9023   15.0665
    7.5000    7.5000    0.000016016.1436   15.0794
   -7.5000   15.0000    0.000014969.4873   15.0979
    0.0000   15.0000    0.000015608.4180   15.1029
    7.5000   15.0000    0.000014906.8701   15.1163
   -7.5000   22.5000    0.000013768.6357   15.1883
    0.0000   22.5000    0.000014356.8789   15.1931
    7.5000   22.5000    0.000013713.5117   15.2092
   -7.5000   30.0000    0.000012551.4453   15.1528
    0.0000   30.0000    0.000013064.9229   15.1599
    7.5000   30.0000    0.000012487.8252   15.1783
   -7.5000   37.5000    0.000011855.5801   15.3523
    0.0000   37.5000    0.000012357.0283   15.3646
    7.5000   37.5000    0.000011814.0645   15.3841
   -7.5000   45.0000    0.000010825.6855   15.2638
    0.0000   45.0000    0.000011284.2646   15.2773
    7.5000   45.0000    0.000010777.0547   15.2945
   -7.5000  -45.0000    7.500012615.6484   15.4171
    0.0000  -45.0000    7.500013180.4092   15.4284
    7.5000  -45.0000    7.500012700.1123   15.4470
   -7.5000  -37.5000    7.500013103.6084   15.3627
    0.0000  -37.5000    7.500013643.2461   15.3698
    7.5000  -37.5000    7.500013184.4131   15.3853
   -7.5000  -30.0000    7.500014050.1289   15.2867
    0.0000  -30.0000    7.500014569.5674   15.2897
    7.5000  -30.0000    7.500014079.0615   15.3042
   -7.5000  -22.5000    7.500014891.2920   15.1998
    0.0000  -22.5000    7.500015542.6074   15.2026
    7.5000  -22.5000    7.500014958.9053   15.2187
   -7.5000  -15.0000    7.500015593.9961   15.1223
    0.0000  -15.0000    7.500016319.0918   15.1285
    7.5000  -15.0000    7.500015694.6748   15.1476
   -7.5000   -7.5000    7.500016115.2119   15.0839
    0.0000   -7.5000    7.500016782.1836   15.0943
    7.5000   -7.5000    7.500016150.6318   15.1145
   -7.5000    0.0000    7.500016445.5195   15.0831
    0.0000    0.0000    7.500017080.8613   15.0943
    7.5000    0.0000    7.500016406.2051   15.1125
   -7.5000    7.5000    7.500015511.6406   15.0999
    0.0000    7.5000    7.500016113.3525   15.1072
    7.5000    7.5000    7.500015419.8008   15.1225
   -7.5000   15.0000    7.500014419.8691   15.1424
    0.0000   15.0000    7.500014995.6533   15.1460
    7.5000   15.0000    7.500014323.4434   15.1600
   -7.5000   22.5000    7.500013228.2207   15.2312
    0.0000   22.5000    7.500013751.2568   15.2345
    7.5000   22.5000    7.500013157.9434   15.2506
   -7.5000   30.0000    7.500012073.6934   15.1904
    0.0000   30.0000    7.500012527.2188   15.1958
    7.5000   30.0000    7.500012006.7744   15.2153
   -7.5000   37.5000    7.500011406.9590   15.3871
    0.0000   37.5000    7.500011845.1543   15.3981
    7.5000   37.5000    7.500011360.2979   15.4201
   -7.5000   45.0000    7.500010410.8135   15.3038
    0.0000   45.0000    7.500010823.8047   15.3163
    7.5000   45.0000    7.500010368.3438   15.3362
   -7.5000  -45.0000   15.000012021.1709   15.4849
    0.0000  -45.0000   15.000012561.3613   15.4951
    7.5000  -45.0000   15.000012106.5078   15.5140
   -7.5000  -37.5000   15.000012499.0254   15.4322
    0.0000  -37.5000   15.000013024.6152   15.4384
    7.5000  -37.5000   15.000012580.3154   15.4537
   -7.5000  -30.0000   15.000013408.0791   15.3594
    0.0000  -30.0000   15.000013919.8604   15.3610
    7.5000  -30.0000   15.000013428.7666   15.3747
   -7.5000  -22.5000   15.000014216.0713   15.2747
    0.0000  -22.5000   15.000014794.3740   15.2757
    7.5000  -22.5000   15.000014245.9961   15.2911
   -7.5000  -15.0000   15.000014891.1484   15.1974
    0.0000  -15.0000   15.000015539.7188   15.2017
    7.5000  -15.0000   15.000014925.9629   15.2201
   -7.5000   -7.5000   15.000015410.4736   15.1579
    0.0000   -7.5000   15.000016087.2734   15.1669
    7.5000   -7.5000   15.000015428.4600   15.1869
   -7.5000    0.0000   15.000015743.9570   15.1554
    0.0000    0.0000   15.000016444.8574   15.1656
    7.5000    0.0000   15.000015746.2227   15.1842
   -7.5000    7.5000   15.000014866.2061   15.1722
    0.0000    7.5000   15.000015499.3232   15.1786
    7.5000    7.5000   15.000014797.9482   15.1937
   -7.5000   15.0000   15.000013837.0322   15.2160
    0.0000   15.0000   15.000014400.6230   15.2181
    7.5000   15.0000   15.000013742.0947   15.2314
   -7.5000   22.5000   15.000012677.1670   15.3060
    0.0000   22.5000   15.000013167.5254   15.3072
    7.5000   22.5000   15.000012609.3887   15.3226
   -7.5000   30.0000   15.000011546.9629   15.2638
    0.0000   30.0000   15.000011988.1387   15.2661
    7.5000   30.0000   15.000011504.5215   15.2846
   -7.5000   37.5000   15.000010910.0918   15.4596
    0.0000   37.5000   15.000011315.8027   15.4671
    7.5000   37.5000   15.000010873.3574   15.4881
   -7.5000   45.0000   15.0000 9937.5479   15.3743
    0.0000   45.0000   15.000010316.1396   15.3832
    7.5000   45.0000   15.0000 9904.4609   15.4025
   -7.5000  -45.0000   22.500011310.2314   15.5567
    0.0000  -45.0000   22.500011853.7314   15.5659
    7.5000  -45.0000   22.500011410.0938   15.5821
   -7.5000  -37.5000   22.500011810.0078   15.5007
    0.0000  -37.5000   22.500012349.7393   15.5075
    7.5000  -37.5000   22.500011895.2354   15.5206
   -7.5000  -30.0000   22.500012671.3926   15.4289
    0.0000  -30.0000   22.500013234.0029   15.4315
    7.5000  -30.0000   22.500012722.8506   15.4441
   -7.5000  -22.5000   22.500013454.8750   15.3499
    0.0000  -22.5000   22.500014059.8828   15.3508
    7.5000  -22.5000   22.500013510.3545   15.3655
   -7.5000  -15.0000   22.500014118.6670   15.2778
    0.0000  -15.0000   22.500014730.6367   15.2805
    7.5000  -15.0000   22.500014143.4248   15.2976
   -7.5000   -7.5000   22.500014621.6436   15.2385
    0.0000   -7.5000   22.500015236.1768   15.2455
    7.5000   -7.5000   22.500014616.5820   15.2632
   -7.5000    0.0000   22.500014935.8818   15.2317
    0.0000    0.0000   22.500015553.7188   15.2410
    7.5000    0.0000   22.500014927.9961   15.2570
   -7.5000    7.5000   22.500014108.3545   15.2437
    0.0000    7.5000   22.500014686.4248   15.2506
    7.5000    7.5000   22.500014067.6279   15.2636
   -7.5000   15.0000   22.500013148.6992   15.2851
    0.0000   15.0000   22.500013704.4424   15.2881
    7.5000   15.0000   22.500013101.9248   15.3004
   -7.5000   22.5000   22.500012061.3428   15.3785
    0.0000   22.5000   22.500012565.7920   15.3796
    7.5000   22.5000   22.500012042.1572   15.3942
   -7.5000   30.0000   22.500010978.7998   15.3405
    0.0000   30.0000   22.500011449.0518   15.3412
    7.5000   30.0000   22.500010977.5586   15.3578
   -7.5000   37.5000   22.500010345.7490   15.5379
    0.0000   37.5000   22.500010787.1201   15.5432
    7.5000   37.5000   22.500010343.3477   15.5610
   -7.5000   45.0000   22.5000 9405.5107   15.4440
    0.0000   45.0000   22.5000 9797.5186   15.4511
    7.5000   45.0000   22.5000 9388.6719   15.4673
   -7.5000  -45.0000   30.000010544.5566   15.6322
    0.0000  -45.0000   30.000011065.8643   15.6419
    7.5000  -45.0000   30.000010639.8301   15.6548
   -7.5000  -37.5000   30.000011044.5859   15.5732
    0.0000  -37.5000   30.000011560.2344   15.5816
    7.5000  -37.5000   30.000011107.0605   15.5923
   -7.5000  -30.0000   30.000011848.7734   15.5010
    0.0000  -30.0000   30.000012412.3203   15.5062
    7.5000  -30.0000   30.000011907.8535   15.5179
   -7.5000  -22.5000   30.000012588.4668   15.4267
    0.0000  -22.5000   30.000013190.2490   15.4298
    7.5000  -22.5000   30.000012648.3252   15.4444
   -7.5000  -15.0000   30.000013214.6562   15.3597
    0.0000  -15.0000   30.000013814.7178   15.3639
    7.5000  -15.0000   30.000013245.8125   15.3800
   -7.5000   -7.5000   30.000013697.6279   15.3212
    0.0000   -7.5000   30.000014302.5527   15.3290
    7.5000   -7.5000   30.000013719.9062   15.3443
   -7.5000    0.0000   30.000013984.4727   15.3121
    0.0000    0.0000   30.000014600.2539   15.3219
    7.5000    0.0000   30.000014003.7705   15.3347
   -7.5000    7.5000   30.000013191.4297   15.3195
    0.0000    7.5000   30.000013769.7627   15.3279
    7.5000    7.5000   30.000013194.9834   15.3385
   -7.5000   15.0000   30.000012310.1416   15.3571
    0.0000   15.0000   30.000012851.8633   15.3625
    7.5000   15.0000   30.000012299.3223   15.3741
   -7.5000   22.5000   30.000011334.8740   15.4523
    0.0000   22.5000   30.000011826.5830   15.4557
    7.5000   22.5000   30.000011325.7695   15.4703
   -7.5000   30.0000   30.000010334.0010   15.4187
    0.0000   30.0000   30.000010790.5020   15.4219
    7.5000   30.0000   30.000010332.3477   15.4375
   -7.5000   37.5000   30.0000 9744.9277   15.6190
    0.0000   37.5000   30.000010180.9482   15.6265
    7.5000   37.5000   30.0000 9742.0537   15.6421
   -7.5000   45.0000   30.0000 8847.6064   15.5176
    0.0000   45.0000   30.0000 9238.0801   15.5266
    7.5000   45.0000   30.0000 8831.3467   15.5402
   -7.5000  -45.0000   37.500010142.2910   15.7556
    0.0000  -45.0000   37.500010651.4893   15.7668
    7.5000  -45.0000   37.500010217.5850   15.7789
   -7.5000  -37.5000   37.500010636.0527   15.6983
    0.0000  -37.5000   37.500011168.8682   15.7075
    7.5000  -37.5000   37.500010692.5850   15.7180
   -7.5000  -30.0000   37.500011422.1758   15.6257
    0.0000  -30.0000   37.500011999.4014   15.6320
    7.5000  -30.0000   37.500011482.8799   15.6444
   -7.5000  -22.5000   37.500012138.6191   15.5508
    0.0000  -22.5000   37.500012746.5215   15.5561
    7.5000  -22.5000   37.500012186.9434   15.5714
   -7.5000  -15.0000   37.500012719.6133   15.4836
    0.0000  -15.0000   37.500013335.6445   15.4908
    7.5000  -15.0000   37.500012759.4062   15.5073
   -7.5000   -7.5000   37.500013190.1904   15.4459
    0.0000   -7.5000   37.500013807.8730   15.4560
    7.5000   -7.5000   37.500013229.1104   15.4710
   -7.5000    0.0000   37.500013476.6309   15.4391
    0.0000    0.0000   37.500014104.2959   15.4503
    7.5000    0.0000   37.500013521.8994   15.4621
   -7.5000    7.5000   37.500012728.1699   15.4468
    0.0000    7.5000   37.500013295.8750   15.4560
    7.5000    7.5000   37.500012735.7695   15.4663
   -7.5000   15.0000   37.500011871.2871   15.4809
    0.0000   15.0000   37.500012399.1240   15.4875
    7.5000   15.0000   37.500011863.4629   15.4996
   -7.5000   22.5000   37.500010943.7256   15.5733
    0.0000   22.5000   37.500011439.1484   15.5791
    7.5000   22.5000   37.500010939.4727   15.5945
   -7.5000   30.0000   37.5000 9984.6270   15.5384
    0.0000   30.0000   37.500010439.8340   15.5455
    7.5000   30.0000   37.5000 9989.5996   15.5620
   -7.5000   37.5000   37.5000 9428.6592   15.7415
    0.0000   37.5000   37.5000 9861.9785   15.7532
    7.5000   37.5000   37.5000 9428.0547   15.7694
   -7.5000   45.0000   37.5000 8576.4512   15.6411
    0.0000   45.0000   37.5000 8960.7588   15.6538
    7.5000   45.0000   37.5000 8566.7764   15.6675
   -7.5000  -45.0000   45.0000 9291.4971   15.8764
    0.0000  -45.0000   45.0000 9767.8975   15.8890
    7.5000  -45.0000   45.0000 9364.8467   15.9041
   -7.5000  -37.5000   45.0000 9744.9600   15.8247
    0.0000  -37.5000   45.000010253.5352   15.8345
    7.5000  -37.5000   45.0000 9814.3750   15.8473
   -7.5000  -30.0000   45.000010476.0244   15.7546
    0.0000  -30.0000   45.000011015.1865   15.7608
    7.5000  -30.0000   45.000010545.0762   15.7744
   -7.5000  -22.5000   45.000011129.8936   15.6770
    0.0000  -22.5000   45.000011675.0293   15.6825
    7.5000  -22.5000   45.000011184.6924   15.6985
   -7.5000  -15.0000   45.000011668.3730   15.6054
    0.0000  -15.0000   45.000012222.0674   15.6138
    7.5000  -15.0000   45.000011698.0215   15.6316
   -7.5000   -7.5000   45.000012092.3213   15.5656
    0.0000   -7.5000   45.000012656.1748   15.5775
    7.5000   -7.5000   45.000012123.1338   15.5948
   -7.5000    0.0000   45.000012357.1689   15.5621
    0.0000    0.0000   45.000012922.0400   15.5747
    7.5000    0.0000   45.000012390.4902   15.5894
   -7.5000    7.5000   45.000011673.1260   15.5743
    0.0000    7.5000   45.000012187.4414   15.5840
    7.5000    7.5000   45.000011693.7080   15.5965
   -7.5000   15.0000   45.000010900.7676   15.6085
    0.0000   15.0000   45.000011381.3701   15.6151
    7.5000   15.0000   45.000010907.8623   15.6283
   -7.5000   22.5000   45.000010061.1914   15.6968
    0.0000   22.5000   45.000010515.8604   15.7029
    7.5000   22.5000   45.000010052.6367   15.7189
   -7.5000   30.0000   45.0000 9176.1436   15.6548
    0.0000   30.0000   45.0000 9597.9492   15.6632
    7.5000   30.0000   45.0000 9180.4580   15.6815
   -7.5000   37.5000   45.0000 8678.5303   15.8576
    0.0000   37.5000   45.0000 9077.6211   15.8714
    7.5000   37.5000   45.0000 8691.6699   15.8909
   -7.5000   45.0000   45.0000 7912.3799   15.7727
    0.0000   45.0000   45.0000 8264.0693   15.7879
    7.5000   45.0000   45.0000 7912.5898   15.8050

---------------------------------------------------------------------
imgreg_4dfp /opt/freesurfer/average/711-2C_as_mni_average_305 /opt/freesurfer/average/711-2B_as_mni_average_305_mask talsrcimg_g11 none talsrcimg_to_711-2C_as_mni_average_305_t4 4355
---------------------------------------------------------------------

freesurfer imgreg_4dfp.c
/opt/freesurfer/average/711-2C_as_mni_average_305.4dfp.img
       256       256       256         1
  1.000000  1.000000  1.000000
orientation T byte_order littleendian
Reading image: /opt/freesurfer/average/711-2C_as_mni_average_305.4dfp.img
dimensions:      256       256       256
mmppix:       1.0000   -1.0000   -1.0000
center:     128.0000 -129.0000 -129.0000
/opt/freesurfer/average/711-2B_as_mni_average_305_mask.4dfp.img
       256       256       256         1
  1.000000  1.000000  1.000000
orientation T byte_order littleendian
Reading mask: /opt/freesurfer/average/711-2B_as_mni_average_305_mask.4dfp.img (2306576 pixels)
talsrcimg_g11.4dfp.img
       256       256       256         1
  1.000000  1.000000  1.000000
orientation T byte_order littleendian
Reading image: talsrcimg_g11.4dfp.img
dimensions:      256       256       256
mmppix:       1.0000   -1.0000   -1.0000
center:     128.0000 -129.0000 -129.0000
rotation matrix determinant  1.000000
image alignment mode   4355 decimal     1103 hex
   -7.5000  -45.0000  -45.0000 2177.1147   14.9571
    0.0000  -45.0000  -45.0000 2192.8496   14.8109
    7.5000  -45.0000  -45.0000 2190.3467   14.8607
   -7.5000  -37.5000  -45.0000 2223.9258   14.2187
    0.0000  -37.5000  -45.0000 2244.0271   14.0761
    7.5000  -37.5000  -45.0000 2240.0571   14.1155
   -7.5000  -30.0000  -45.0000 2258.1104   13.6589
    0.0000  -30.0000  -45.0000 2279.2063   13.4939
    7.5000  -30.0000  -45.0000 2272.7827   13.5322
   -7.5000  -22.5000  -45.0000 2276.3191   13.2171
    0.0000  -22.5000  -45.0000 2297.9995   13.0656
    7.5000  -22.5000  -45.0000 2288.1648   13.1100
   -7.5000  -15.0000  -45.0000 2279.2556   12.9678
    0.0000  -15.0000  -45.0000 2302.5552   12.7811
    7.5000  -15.0000  -45.0000 2291.7908   12.8428
   -7.5000   -7.5000  -45.0000 2277.7837   12.9472
    0.0000   -7.5000  -45.0000 2301.4368   12.7237
    7.5000   -7.5000  -45.0000 2290.9060   12.7804
   -7.5000    0.0000  -45.0000 2260.9526   13.1676
    0.0000    0.0000  -45.0000 2284.2678   12.9457
    7.5000    0.0000  -45.0000 2274.8630   13.0103
   -7.5000    7.5000  -45.0000 2220.6982   13.6621
    0.0000    7.5000  -45.0000 2245.1296   13.4573
    7.5000    7.5000  -45.0000 2237.4695   13.5330
   -7.5000   15.0000  -45.0000 2168.5566   14.4106
    0.0000   15.0000  -45.0000 2191.5330   14.1934
    7.5000   15.0000  -45.0000 2180.7283   14.2795
   -7.5000   22.5000  -45.0000 2097.9517   15.4065
    0.0000   22.5000  -45.0000 2121.3452   15.1724
    7.5000   22.5000  -45.0000 2112.1392   15.2561
   -7.5000   30.0000  -45.0000 2013.4530   16.7619
    0.0000   30.0000  -45.0000 2036.1060   16.4974
    7.5000   30.0000  -45.0000 2026.0494   16.6063
   -7.5000   37.5000  -45.0000 1916.7914   18.6670
    0.0000   37.5000  -45.0000 1936.7460   18.3800
    7.5000   37.5000  -45.0000 1923.8641   18.4824
   -7.5000   45.0000  -45.0000 1807.2455   21.3285
    0.0000   45.0000  -45.0000 1827.8361   21.0347
    7.5000   45.0000  -45.0000 1819.9114   21.0998
   -7.5000  -45.0000  -37.5000 2275.5676   13.7917
    0.0000  -45.0000  -37.5000 2293.6106   13.6720
    7.5000  -45.0000  -37.5000 2289.1714   13.7060
   -7.5000  -37.5000  -37.5000 2322.0984   13.1069
    0.0000  -37.5000  -37.5000 2342.9556   12.9718
    7.5000  -37.5000  -37.5000 2338.2668   13.0235
   -7.5000  -30.0000  -37.5000 2357.8083   12.6026
    0.0000  -30.0000  -37.5000 2376.7964   12.4723
    7.5000  -30.0000  -37.5000 2371.0264   12.5137
   -7.5000  -22.5000  -37.5000 2378.3354   12.2429
    0.0000  -22.5000  -37.5000 2397.0520   12.1050
    7.5000  -22.5000  -37.5000 2387.5347   12.1390
   -7.5000  -15.0000  -37.5000 2380.0212   12.0466
    0.0000  -15.0000  -37.5000 2402.6841   11.8947
    7.5000  -15.0000  -37.5000 2395.2246   11.9462
   -7.5000   -7.5000  -37.5000 2375.0117   12.0345
    0.0000   -7.5000  -37.5000 2400.5842   11.8642
    7.5000   -7.5000  -37.5000 2387.5430   11.9230
   -7.5000    0.0000  -37.5000 2352.4624   12.2437
    0.0000    0.0000  -37.5000 2377.6714   12.0640
    7.5000    0.0000  -37.5000 2369.0012   12.1184
   -7.5000    7.5000  -37.5000 2313.7195   12.6938
    0.0000    7.5000  -37.5000 2340.4771   12.5047
    7.5000    7.5000  -37.5000 2332.6855   12.5714
   -7.5000   15.0000  -37.5000 2257.9104   13.3506
    0.0000   15.0000  -37.5000 2284.4387   13.1532
    7.5000   15.0000  -37.5000 2274.0264   13.2373
   -7.5000   22.5000  -37.5000 2180.0486   14.2490
    0.0000   22.5000  -37.5000 2205.8967   14.0372
    7.5000   22.5000  -37.5000 2194.4861   14.1220
   -7.5000   30.0000  -37.5000 2090.4045   15.4787
    0.0000   30.0000  -37.5000 2113.4204   15.2350
    7.5000   30.0000  -37.5000 2102.4719   15.3444
   -7.5000   37.5000  -37.5000 1987.1035   17.1970
    0.0000   37.5000  -37.5000 2006.7388   16.9352
    7.5000   37.5000  -37.5000 1995.8370   17.0437
   -7.5000   45.0000  -37.5000 1873.4102   19.5802
    0.0000   45.0000  -37.5000 1897.0676   19.3125
    7.5000   45.0000  -37.5000 1888.3828   19.4123
   -7.5000  -45.0000  -30.0000 2407.0903   13.1960
    0.0000  -45.0000  -30.0000 2429.3611   13.0794
    7.5000  -45.0000  -30.0000 2423.2239   13.1280
   -7.5000  -37.5000  -30.0000 2460.4106   12.5400
    0.0000  -37.5000  -30.0000 2481.6204   12.4078
    7.5000  -37.5000  -30.0000 2469.6096   12.4510
   -7.5000  -30.0000  -30.0000 2498.0825   12.0486
    0.0000  -30.0000  -30.0000 2520.5518   11.9183
    7.5000  -30.0000  -30.0000 2509.9600   11.9430
   -7.5000  -22.5000  -30.0000 2525.5188   11.7310
    0.0000  -22.5000  -30.0000 2547.6086   11.5864
    7.5000  -22.5000  -30.0000 2537.8552   11.6068
   -7.5000  -15.0000  -30.0000 2529.6743   11.5553
    0.0000  -15.0000  -30.0000 2558.0623   11.4309
    7.5000  -15.0000  -30.0000 2545.3923   11.4576
   -7.5000   -7.5000  -30.0000 2526.5215   11.5796
    0.0000   -7.5000  -30.0000 2554.6819   11.4519
    7.5000   -7.5000  -30.0000 2539.0122   11.4977
   -7.5000    0.0000  -30.0000 2500.1719   11.7970
    0.0000    0.0000  -30.0000 2531.5898   11.6662
    7.5000    0.0000  -30.0000 2518.3975   11.7254
   -7.5000    7.5000  -30.0000 2460.9111   12.2265
    0.0000    7.5000  -30.0000 2492.2756   12.0622
    7.5000    7.5000  -30.0000 2477.5979   12.1413
   -7.5000   15.0000  -30.0000 2399.5801   12.8243
    0.0000   15.0000  -30.0000 2430.7388   12.6525
    7.5000   15.0000  -30.0000 2414.4885   12.7327
   -7.5000   22.5000  -30.0000 2315.2500   13.6776
    0.0000   22.5000  -30.0000 2343.5708   13.4819
    7.5000   22.5000  -30.0000 2327.2104   13.5641
   -7.5000   30.0000  -30.0000 2213.9707   14.8472
    0.0000   30.0000  -30.0000 2237.8733   14.6177
    7.5000   30.0000  -30.0000 2224.9402   14.7089
   -7.5000   37.5000  -30.0000 2099.6086   16.4790
    0.0000   37.5000  -30.0000 2118.2944   16.2258
    7.5000   37.5000  -30.0000 2106.0046   16.3002
   -7.5000   45.0000  -30.0000 1975.4382   18.7076
    0.0000   45.0000  -30.0000 1999.9413   18.4457
    7.5000   45.0000  -30.0000 1988.0999   18.5196
   -7.5000  -45.0000  -22.5000 2500.6833   12.6483
    0.0000  -45.0000  -22.5000 2523.2805   12.4815
    7.5000  -45.0000  -22.5000 2516.0000   12.5388
   -7.5000  -37.5000  -22.5000 2556.0100   11.9812
    0.0000  -37.5000  -22.5000 2579.0830   11.8439
    7.5000  -37.5000  -22.5000 2567.8159   11.8742
   -7.5000  -30.0000  -22.5000 2603.8037   11.4738
    0.0000  -30.0000  -22.5000 2629.9280   11.3626
    7.5000  -30.0000  -22.5000 2619.0959   11.3820
   -7.5000  -22.5000  -22.5000 2636.6658   11.1509
    0.0000  -22.5000  -22.5000 2662.4216   11.0436
    7.5000  -22.5000  -22.5000 2654.5420   11.0507
   -7.5000  -15.0000  -22.5000 2649.7480   11.0049
    0.0000  -15.0000  -22.5000 2679.5317   10.9003
    7.5000  -15.0000  -22.5000 2665.8430   10.9232
   -7.5000   -7.5000  -22.5000 2649.1846   11.0498
    0.0000   -7.5000  -22.5000 2682.2783   10.9483
    7.5000   -7.5000  -22.5000 2663.1577   10.9828
   -7.5000    0.0000  -22.5000 2626.2478   11.2934
    0.0000    0.0000  -22.5000 2664.1067   11.1828
    7.5000    0.0000  -22.5000 2643.7705   11.2212
   -7.5000    7.5000  -22.5000 2585.1431   11.6995
    0.0000    7.5000  -22.5000 2618.6494   11.5780
    7.5000    7.5000  -22.5000 2597.9690   11.6238
   -7.5000   15.0000  -22.5000 2515.8318   12.2649
    0.0000   15.0000  -22.5000 2550.9924   12.1240
    7.5000   15.0000  -22.5000 2530.8623   12.1864
   -7.5000   22.5000  -22.5000 2422.6011   13.0750
    0.0000   22.5000  -22.5000 2452.8574   12.9022
    7.5000   22.5000  -22.5000 2434.1624   12.9697
   -7.5000   30.0000  -22.5000 2310.4021   14.1835
    0.0000   30.0000  -22.5000 2337.9541   13.9909
    7.5000   30.0000  -22.5000 2326.0696   14.0642
   -7.5000   37.5000  -22.5000 2185.6418   15.7433
    0.0000   37.5000  -22.5000 2206.6157   15.5134
    7.5000   37.5000  -22.5000 2197.9827   15.5883
   -7.5000   45.0000  -22.5000 2054.0874   17.8573
    0.0000   45.0000  -22.5000 2076.5928   17.6107
    7.5000   45.0000  -22.5000 2063.2729   17.6819
   -7.5000  -45.0000  -15.0000 2556.0881   12.1402
    0.0000  -45.0000  -15.0000 2581.9023   11.9825
    7.5000  -45.0000  -15.0000 2577.1912   12.0367
   -7.5000  -37.5000  -15.0000 2618.9209   11.4790
    0.0000  -37.5000  -15.0000 2643.3113   11.3336
    7.5000  -37.5000  -15.0000 2635.5073   11.3786
   -7.5000  -30.0000  -15.0000 2673.9021   10.9686
    0.0000  -30.0000  -15.0000 2701.4062   10.8401
    7.5000  -30.0000  -15.0000 2689.3711   10.8899
   -7.5000  -22.5000  -15.0000 2715.4104   10.6486
    0.0000  -22.5000  -15.0000 2745.9736   10.5185
    7.5000  -22.5000  -15.0000 2733.8464   10.5771
   -7.5000  -15.0000  -15.0000 2737.4246   10.5091
    0.0000  -15.0000  -15.0000 2775.6565   10.3842
    7.5000  -15.0000  -15.0000 2758.3994   10.4388
   -7.5000   -7.5000  -15.0000 2742.5310   10.5580
    0.0000   -7.5000  -15.0000 2782.7937   10.4392
    7.5000   -7.5000  -15.0000 2762.3398   10.4865
   -7.5000    0.0000  -15.0000 2725.3284   10.8103
    0.0000    0.0000  -15.0000 2770.2698   10.6931
    7.5000    0.0000  -15.0000 2744.1152   10.7362
   -7.5000    7.5000  -15.0000 2677.7524   11.2036
    0.0000    7.5000  -15.0000 2721.4641   11.0966
    7.5000    7.5000  -15.0000 2694.2905   11.1351
   -7.5000   15.0000  -15.0000 2601.4976   11.7383
    0.0000   15.0000  -15.0000 2640.8945   11.6087
    7.5000   15.0000  -15.0000 2619.3560   11.6870
   -7.5000   22.5000  -15.0000 2502.2532   12.5078
    0.0000   22.5000  -15.0000 2536.1072   12.3460
    7.5000   22.5000  -15.0000 2516.2854   12.4384
   -7.5000   30.0000  -15.0000 2377.0273   13.5960
    0.0000   30.0000  -15.0000 2409.1875   13.4163
    7.5000   30.0000  -15.0000 2393.4495   13.4909
   -7.5000   37.5000  -15.0000 2243.0747   15.0959
    0.0000   37.5000  -15.0000 2272.0017   14.8760
    7.5000   37.5000  -15.0000 2262.6775   14.9624
   -7.5000   45.0000  -15.0000 2103.8416   17.0934
    0.0000   45.0000  -15.0000 2128.3965   16.8423
    7.5000   45.0000  -15.0000 2117.5811   16.9262
   -7.5000  -45.0000   -7.5000 2586.8086   11.7446
    0.0000  -45.0000   -7.5000 2614.2266   11.5474
    7.5000  -45.0000   -7.5000 2609.8699   11.6390
   -7.5000  -37.5000   -7.5000 2654.6575   11.0595
    0.0000  -37.5000   -7.5000 2682.5713   10.8746
    7.5000  -37.5000   -7.5000 2676.0820   10.9487
   -7.5000  -30.0000   -7.5000 2722.0334   10.5548
    0.0000  -30.0000   -7.5000 2749.5938   10.3765
    7.5000  -30.0000   -7.5000 2741.2822   10.4609
   -7.5000  -22.5000   -7.5000 2772.8684   10.2394
    0.0000  -22.5000   -7.5000 2811.0964   10.0797
    7.5000  -22.5000   -7.5000 2796.2556   10.1674
   -7.5000  -15.0000   -7.5000 2808.2710   10.0909
    0.0000  -15.0000   -7.5000 2858.4458    9.9357
    7.5000  -15.0000   -7.5000 2837.0178   10.0331
   -7.5000   -7.5000   -7.5000 2822.1677   10.1603
    0.0000   -7.5000   -7.5000 2871.9280    9.9842
    7.5000   -7.5000   -7.5000 2847.3257   10.0782
   -7.5000    0.0000   -7.5000 2805.5615   10.3852
    0.0000    0.0000   -7.5000 2855.3760   10.2439
    7.5000    0.0000   -7.5000 2827.3882   10.3128
   -7.5000    7.5000   -7.5000 2746.9199   10.7684
    0.0000    7.5000   -7.5000 2795.8774   10.6344
    7.5000    7.5000   -7.5000 2767.5225   10.7052
   -7.5000   15.0000   -7.5000 2659.1030   11.3020
    0.0000   15.0000   -7.5000 2706.6714   11.1524
    7.5000   15.0000   -7.5000 2682.5969   11.2433
   -7.5000   22.5000   -7.5000 2548.1272   12.0267
    0.0000   22.5000   -7.5000 2588.4248   11.8626
    7.5000   22.5000   -7.5000 2568.5403   11.9523
   -7.5000   30.0000   -7.5000 2418.4526   13.0973
    0.0000   30.0000   -7.5000 2451.9360   12.9160
    7.5000   30.0000   -7.5000 2435.8713   12.9908
   -7.5000   37.5000   -7.5000 2280.1389   14.5446
    0.0000   37.5000   -7.5000 2311.2227   14.3354
    7.5000   37.5000   -7.5000 2298.5002   14.4113
   -7.5000   45.0000   -7.5000 2134.6311   16.4541
    0.0000   45.0000   -7.5000 2160.5352   16.2047
    7.5000   45.0000   -7.5000 2146.9536   16.2869
   -7.5000  -45.0000    0.0000 2595.1792   11.4996
    0.0000  -45.0000    0.0000 2623.8811   11.2622
    7.5000  -45.0000    0.0000 2619.3521   11.3903
   -7.5000  -37.5000    0.0000 2669.5400   10.7903
    0.0000  -37.5000    0.0000 2698.4355   10.5723
    7.5000  -37.5000    0.0000 2692.9392   10.6714
   -7.5000  -30.0000    0.0000 2743.1384   10.2742
    0.0000  -30.0000    0.0000 2775.1909   10.0702
    7.5000  -30.0000    0.0000 2767.9529   10.1797
   -7.5000  -22.5000    0.0000 2811.6367    9.9718
    0.0000  -22.5000    0.0000 2853.2466    9.7840
    7.5000  -22.5000    0.0000 2837.1753    9.8907
   -7.5000  -15.0000    0.0000 2860.6121    9.8395
    0.0000  -15.0000    0.0000 2916.7295    9.6624
    7.5000  -15.0000    0.0000 2891.4219    9.7744
   -7.5000   -7.5000    0.0000 2880.6575    9.8755
    0.0000   -7.5000    0.0000 2947.3347    9.6676
    7.5000   -7.5000    0.0000 2913.6260    9.7973
   -7.5000    0.0000    0.0000 2859.4380   10.0945
    0.0000    0.0000    0.0000 2916.7734    9.8954
    7.5000    0.0000    0.0000 2882.5522   10.0178
   -7.5000    7.5000    0.0000 2792.7590   10.4866
    0.0000    7.5000    0.0000 2840.0020   10.2957
    7.5000    7.5000    0.0000 2812.5200   10.4069
   -7.5000   15.0000    0.0000 2694.0286   11.0189
    0.0000   15.0000    0.0000 2739.1152   10.8534
    7.5000   15.0000    0.0000 2713.5732   10.9451
   -7.5000   22.5000    0.0000 2573.7827   11.7352
    0.0000   22.5000    0.0000 2613.2046   11.5701
    7.5000   22.5000    0.0000 2592.9390   11.6477
   -7.5000   30.0000    0.0000 2439.8120   12.7703
    0.0000   30.0000    0.0000 2471.3130   12.6019
    7.5000   30.0000    0.0000 2454.1897   12.6701
   -7.5000   37.5000    0.0000 2296.2317   14.1591
    0.0000   37.5000    0.0000 2325.1917   13.9815
    7.5000   37.5000    0.0000 2310.3191   14.0470
   -7.5000   45.0000    0.0000 2147.0959   16.0238
    0.0000   45.0000    0.0000 2170.7371   15.8142
    7.5000   45.0000    0.0000 2159.1072   15.8893
   -7.5000  -45.0000    7.5000 2592.4641   11.4347
    0.0000  -45.0000    7.5000 2622.4741   11.1594
    7.5000  -45.0000    7.5000 2611.8250   11.3193
   -7.5000  -37.5000    7.5000 2667.7576   10.6829
    0.0000  -37.5000    7.5000 2700.9641   10.4300
    7.5000  -37.5000    7.5000 2691.3357   10.5710
   -7.5000  -30.0000    7.5000 2748.4697   10.1618
    0.0000  -30.0000    7.5000 2785.4065    9.9029
    7.5000  -30.0000    7.5000 2773.2507   10.0510
   -7.5000  -22.5000    7.5000 2823.6697    9.8512
    0.0000  -22.5000    7.5000 2870.4834    9.6051
    7.5000  -22.5000    7.5000 2851.4436    9.7399
   -7.5000  -15.0000    7.5000 2878.7629    9.7327
    0.0000  -15.0000    7.5000 2938.7866    9.5382
    7.5000  -15.0000    7.5000 2912.9888    9.6501
   -7.5000   -7.5000    7.5000 2903.0261    9.7552
    0.0000   -7.5000    7.5000 2972.4016    9.5578
    7.5000   -7.5000    7.5000 2936.3262    9.6885
   -7.5000    0.0000    7.5000 2884.1721    9.9369
    0.0000    0.0000    7.5000 2943.1045    9.7356
    7.5000    0.0000    7.5000 2909.4324    9.8480
   -7.5000    7.5000    7.5000 2813.6252   10.3251
    0.0000    7.5000    7.5000 2858.9744   10.1360
    7.5000    7.5000    7.5000 2832.0178   10.2200
   -7.5000   15.0000    7.5000 2703.2468   10.8913
    0.0000   15.0000    7.5000 2743.5908   10.7097
    7.5000   15.0000    7.5000 2718.7866   10.7778
   -7.5000   22.5000    7.5000 2574.3442   11.6435
    0.0000   22.5000    7.5000 2606.5027   11.4559
    7.5000   22.5000    7.5000 2590.4941   11.5156
   -7.5000   30.0000    7.5000 2439.7520   12.6688
    0.0000   30.0000    7.5000 2465.5691   12.4752
    7.5000   30.0000    7.5000 2454.3157   12.5426
   -7.5000   37.5000    7.5000 2292.9790   14.0255
    0.0000   37.5000    7.5000 2319.7231   13.8178
    7.5000   37.5000    7.5000 2307.9109   13.8862
   -7.5000   45.0000    7.5000 2143.9485   15.7831
    0.0000   45.0000    7.5000 2168.3357   15.5763
    7.5000   45.0000    7.5000 2156.9023   15.6570
   -7.5000  -45.0000   15.0000 2575.6943   11.5203
    0.0000  -45.0000   15.0000 2608.9441   11.2278
    7.5000  -45.0000   15.0000 2595.0720   11.3935
   -7.5000  -37.5000   15.0000 2650.7185   10.7753
    0.0000  -37.5000   15.0000 2684.7256   10.5037
    7.5000  -37.5000   15.0000 2671.0071   10.6419
   -7.5000  -30.0000   15.0000 2730.0620   10.2418
    0.0000  -30.0000   15.0000 2768.0054    9.9734
    7.5000  -30.0000   15.0000 2748.3247   10.1040
   -7.5000  -22.5000   15.0000 2804.8093    9.9173
    0.0000  -22.5000   15.0000 2848.7935    9.6697
    7.5000  -22.5000   15.0000 2827.5308    9.7880
   -7.5000  -15.0000   15.0000 2859.6399    9.7873
    0.0000  -15.0000   15.0000 2916.8601    9.5707
    7.5000  -15.0000   15.0000 2888.5005    9.6756
   -7.5000   -7.5000   15.0000 2880.8306    9.8353
    0.0000   -7.5000   15.0000 2941.2651    9.6220
    7.5000   -7.5000   15.0000 2910.5996    9.7344
   -7.5000    0.0000   15.0000 2861.5867   10.0197
    0.0000    0.0000   15.0000 2913.6592    9.8424
    7.5000    0.0000   15.0000 2887.5745    9.9210
   -7.5000    7.5000   15.0000 2791.7520   10.3988
    0.0000    7.5000   15.0000 2835.4758   10.2218
    7.5000    7.5000   15.0000 2808.6362   10.2899
   -7.5000   15.0000   15.0000 2686.6926   10.9573
    0.0000   15.0000   15.0000 2723.6162   10.7664
    7.5000   15.0000   15.0000 2699.8889   10.8181
   -7.5000   22.5000   15.0000 2553.9995   11.7477
    0.0000   22.5000   15.0000 2582.0076   11.5250
    7.5000   22.5000   15.0000 2570.7136   11.5839
   -7.5000   30.0000   15.0000 2421.3499   12.7429
    0.0000   30.0000   15.0000 2444.1196   12.5092
    7.5000   30.0000   15.0000 2436.5872   12.5733
   -7.5000   37.5000   15.0000 2278.0952   14.0570
    0.0000   37.5000   15.0000 2301.3193   13.8271
    7.5000   37.5000   15.0000 2290.5073   13.8867
   -7.5000   45.0000   15.0000 2126.3032   15.7751
    0.0000   45.0000   15.0000 2148.8752   15.5213
    7.5000   45.0000   15.0000 2135.5027   15.6025
   -7.5000  -45.0000   22.5000 2548.6301   11.7658
    0.0000  -45.0000   22.5000 2581.8674   11.5005
    7.5000  -45.0000   22.5000 2568.1182   11.6464
   -7.5000  -37.5000   22.5000 2624.9023   11.0212
    0.0000  -37.5000   22.5000 2657.0479   10.7712
    7.5000  -37.5000   22.5000 2640.9763   10.9010
   -7.5000  -30.0000   22.5000 2694.3867   10.4921
    0.0000  -30.0000   22.5000 2730.8643   10.2485
    7.5000  -30.0000   22.5000 2707.8105   10.3734
   -7.5000  -22.5000   22.5000 2761.5681   10.1894
    0.0000  -22.5000   22.5000 2800.6858    9.9645
    7.5000  -22.5000   22.5000 2778.5378   10.0544
   -7.5000  -15.0000   22.5000 2811.4851   10.0598
    0.0000  -15.0000   22.5000 2859.6782    9.8332
    7.5000  -15.0000   22.5000 2835.4656    9.9225
   -7.5000   -7.5000   22.5000 2826.8438   10.1105
    0.0000   -7.5000   22.5000 2873.9736    9.8783
    7.5000   -7.5000   22.5000 2852.5273    9.9656
   -7.5000    0.0000   22.5000 2797.6106   10.3276
    0.0000    0.0000   22.5000 2839.1936   10.1130
    7.5000    0.0000   22.5000 2822.5168   10.1854
   -7.5000    7.5000   22.5000 2734.8176   10.7082
    0.0000    7.5000   22.5000 2771.3018   10.5012
    7.5000    7.5000   22.5000 2750.7339   10.5717
   -7.5000   15.0000   22.5000 2640.2607   11.2638
    0.0000   15.0000   22.5000 2673.9309   11.0537
    7.5000   15.0000   22.5000 2650.7180   11.1150
   -7.5000   22.5000   22.5000 2516.7568   12.0174
    0.0000   22.5000   22.5000 2544.3350   11.7977
    7.5000   22.5000   22.5000 2530.3271   11.8616
   -7.5000   30.0000   22.5000 2387.3154   12.9838
    0.0000   30.0000   22.5000 2413.4888   12.7421
    7.5000   30.0000   22.5000 2403.9482   12.8121
   -7.5000   37.5000   22.5000 2244.5476   14.2779
    0.0000   37.5000   22.5000 2269.1912   14.0429
    7.5000   37.5000   22.5000 2260.8264   14.1006
   -7.5000   45.0000   22.5000 2099.1978   15.9353
    0.0000   45.0000   22.5000 2119.4165   15.7030
    7.5000   45.0000   22.5000 2109.0176   15.7608
   -7.5000  -45.0000   30.0000 2513.1628   12.1900
    0.0000  -45.0000   30.0000 2545.7915   11.9526
    7.5000  -45.0000   30.0000 2530.1462   12.0942
   -7.5000  -37.5000   30.0000 2584.9968   11.4539
    0.0000  -37.5000   30.0000 2616.5251   11.2113
    7.5000  -37.5000   30.0000 2598.9661   11.3397
   -7.5000  -30.0000   30.0000 2642.8259   10.9319
    0.0000  -30.0000   30.0000 2680.0593   10.7013
    7.5000  -30.0000   30.0000 2656.5681   10.8136
   -7.5000  -22.5000   30.0000 2701.1191   10.6391
    0.0000  -22.5000   30.0000 2738.2686   10.4287
    7.5000  -22.5000   30.0000 2715.6846   10.5087
   -7.5000  -15.0000   30.0000 2738.7607   10.5132
    0.0000  -15.0000   30.0000 2779.6714   10.3052
    7.5000  -15.0000   30.0000 2755.5344   10.3798
   -7.5000   -7.5000   30.0000 2745.0649   10.5736
    0.0000   -7.5000   30.0000 2781.5107   10.3786
    7.5000   -7.5000   30.0000 2762.1870   10.4287
   -7.5000    0.0000   30.0000 2709.7207   10.8044
    0.0000    0.0000   30.0000 2745.4658   10.6218
    7.5000    0.0000   30.0000 2727.8706   10.6656
   -7.5000    7.5000   30.0000 2649.6562   11.1948
    0.0000    7.5000   30.0000 2682.8118   11.0103
    7.5000    7.5000   30.0000 2664.8218   11.0603
   -7.5000   15.0000   30.0000 2567.5459   11.7397
    0.0000   15.0000   30.0000 2598.3416   11.5384
    7.5000   15.0000   30.0000 2578.7603   11.6021
   -7.5000   22.5000   30.0000 2462.7832   12.4540
    0.0000   22.5000   30.0000 2487.2275   12.2575
    7.5000   22.5000   30.0000 2473.5876   12.3229
   -7.5000   30.0000   30.0000 2343.3235   13.3839
    0.0000   30.0000   30.0000 2365.5188   13.1779
    7.5000   30.0000   30.0000 2355.2898   13.2546
   -7.5000   37.5000   30.0000 2205.3044   14.6569
    0.0000   37.5000   30.0000 2227.3093   14.4506
    7.5000   37.5000   30.0000 2218.6577   14.5094
   -7.5000   45.0000   30.0000 2061.9475   16.3012
    0.0000   45.0000   30.0000 2082.5435   16.0799
    7.5000   45.0000   30.0000 2070.3047   16.1527
   -7.5000  -45.0000   37.5000 2468.6328   12.7792
    0.0000  -45.0000   37.5000 2498.8408   12.5822
    7.5000  -45.0000   37.5000 2481.3135   12.7023
   -7.5000  -37.5000   37.5000 2535.2437   12.0479
    0.0000  -37.5000   37.5000 2568.9387   11.8488
    7.5000  -37.5000   37.5000 2544.5117   11.9463
   -7.5000  -30.0000   37.5000 2582.6401   11.5370
    0.0000  -30.0000   37.5000 2618.9785   11.3313
    7.5000  -30.0000   37.5000 2592.5591   11.4177
   -7.5000  -22.5000   37.5000 2626.0825   11.2399
    0.0000  -22.5000   37.5000 2662.7075   11.0524
    7.5000  -22.5000   37.5000 2637.3066   11.1218
   -7.5000  -15.0000   37.5000 2650.2700   11.1283
    0.0000  -15.0000   37.5000 2685.4500   10.9578
    7.5000  -15.0000   37.5000 2661.6128   11.0143
   -7.5000   -7.5000   37.5000 2648.2366   11.2132
    0.0000   -7.5000   37.5000 2679.2939   11.0566
    7.5000   -7.5000   37.5000 2660.7451   11.0883
   -7.5000    0.0000   37.5000 2609.1455   11.4702
    0.0000    0.0000   37.5000 2640.5620   11.3105
    7.5000    0.0000   37.5000 2626.5640   11.3462
   -7.5000    7.5000   37.5000 2553.4624   11.8723
    0.0000    7.5000   37.5000 2580.1816   11.7175
    7.5000    7.5000   37.5000 2566.6306   11.7406
   -7.5000   15.0000   37.5000 2484.4272   12.3880
    0.0000   15.0000   37.5000 2508.2490   12.2237
    7.5000   15.0000   37.5000 2491.9768   12.2493
   -7.5000   22.5000   37.5000 2393.5728   13.0687
    0.0000   22.5000   37.5000 2417.7793   12.8871
    7.5000   22.5000   37.5000 2401.4160   12.9421
   -7.5000   30.0000   37.5000 2286.5640   13.9547
    0.0000   30.0000   37.5000 2308.3782   13.7872
    7.5000   30.0000   37.5000 2297.6143   13.8389
   -7.5000   37.5000   37.5000 2155.3770   15.2496
    0.0000   37.5000   37.5000 2176.4819   15.0587
    7.5000   37.5000   37.5000 2166.6262   15.1075
   -7.5000   45.0000   37.5000 2019.9426   16.9012
    0.0000   45.0000   37.5000 2036.8368   16.7097
    7.5000   45.0000   37.5000 2026.4314   16.7499
   -7.5000  -45.0000   45.0000 2410.1907   13.6248
    0.0000  -45.0000   45.0000 2438.6418   13.4393
    7.5000  -45.0000   45.0000 2418.1465   13.5314
   -7.5000  -37.5000   45.0000 2469.8425   12.8619
    0.0000  -37.5000   45.0000 2501.8933   12.6844
    7.5000  -37.5000   45.0000 2476.5879   12.7733
   -7.5000  -30.0000   45.0000 2510.2820   12.3411
    0.0000  -30.0000   45.0000 2542.8906   12.1750
    7.5000  -30.0000   45.0000 2517.5403   12.2436
   -7.5000  -22.5000   45.0000 2541.4731   12.0541
    0.0000  -22.5000   45.0000 2570.5522   11.8786
    7.5000  -22.5000   45.0000 2551.0557   11.9378
   -7.5000  -15.0000   45.0000 2556.8811   11.9460
    0.0000  -15.0000   45.0000 2583.3025   11.7908
    7.5000  -15.0000   45.0000 2561.5754   11.8382
   -7.5000   -7.5000   45.0000 2545.7029   12.0542
    0.0000   -7.5000   45.0000 2569.4922   11.9165
    7.5000   -7.5000   45.0000 2551.8477   11.9453
   -7.5000    0.0000   45.0000 2509.1265   12.3278
    0.0000    0.0000   45.0000 2530.5835   12.1903
    7.5000    0.0000   45.0000 2518.4077   12.2137
   -7.5000    7.5000   45.0000 2457.3276   12.7201
    0.0000    7.5000   45.0000 2476.2439   12.5875
    7.5000    7.5000   45.0000 2468.4805   12.6064
   -7.5000   15.0000   45.0000 2394.6582   13.2294
    0.0000   15.0000   45.0000 2412.1440   13.0929
    7.5000   15.0000   45.0000 2401.2307   13.1078
   -7.5000   22.5000   45.0000 2318.9170   13.8576
    0.0000   22.5000   45.0000 2340.8318   13.6966
    7.5000   22.5000   45.0000 2322.4636   13.7209
   -7.5000   30.0000   45.0000 2218.9097   14.7385
    0.0000   30.0000   45.0000 2239.7410   14.5810
    7.5000   30.0000   45.0000 2223.4836   14.6149
   -7.5000   37.5000   45.0000 2097.0247   16.0388
    0.0000   37.5000   45.0000 2117.0115   15.8619
    7.5000   37.5000   45.0000 2106.3059   15.9019
   -7.5000   45.0000   45.0000 1969.6255   17.7288
    0.0000   45.0000   45.0000 1986.4445   17.5483
    7.5000   45.0000   45.0000 1975.1239   17.5805

---------------------------------------------------------------------
imgreg_4dfp /opt/freesurfer/average/711-2C_as_mni_average_305 /opt/freesurfer/average/711-2B_as_mni_average_305_mask talsrcimg_g11 none talsrcimg_to_711-2C_as_mni_average_305_t4 1283
---------------------------------------------------------------------

freesurfer imgreg_4dfp.c
/opt/freesurfer/average/711-2C_as_mni_average_305.4dfp.img
       256       256       256         1
  1.000000  1.000000  1.000000
orientation T byte_order littleendian
Reading image: /opt/freesurfer/average/711-2C_as_mni_average_305.4dfp.img
dimensions:      256       256       256
mmppix:       1.0000   -1.0000   -1.0000
center:     128.0000 -129.0000 -129.0000
/opt/freesurfer/average/711-2B_as_mni_average_305_mask.4dfp.img
       256       256       256         1
  1.000000  1.000000  1.000000
orientation T byte_order littleendian
Reading mask: /opt/freesurfer/average/711-2B_as_mni_average_305_mask.4dfp.img (2306576 pixels)
talsrcimg_g11.4dfp.img
       256       256       256         1
  1.000000  1.000000  1.000000
orientation T byte_order littleendian
Reading image: talsrcimg_g11.4dfp.img
dimensions:      256       256       256
mmppix:       1.0000   -1.0000   -1.0000
center:     128.0000 -129.0000 -129.0000
rotation matrix determinant  1.000000
fimgreg.f
image alignment mode   1283 decimal      503 hex
parameters
    0.0000   -7.5000    7.5000    0.0000    0.0000    0.0000
eta,q 0.93354  9.56096
niter,ni,del,rscale     5    3   12.0000    1.2000
parameter  4  2.697598 ->  0.500000 qaram    1.1500
parameters
    1.4905   -7.1818    7.0776   -3.4500    1.5510    2.0878
eta,q 0.94012  9.50510
  0.0847  0.0711  0.0717  0.0591  0.0714  0.0643
  0.0778  0.0673  0.0691  0.0604  0.0667  0.0629
  0.0711  0.0653  0.0665  0.0625  0.0630  0.0619
  0.0664  0.0649  0.0650  0.0652  0.0609  0.0606
  0.0650  0.0651  0.0662  0.0682  0.0607  0.0599
  0.0675  0.0663  0.0699  0.0714  0.0620  0.0602
  0.0739  0.0699  0.0747  0.0742  0.0643  0.0617
niter,ni,del,rscale     5    3   12.0000    1.2000
parameter  4  1.056309 ->  0.500000 qaram    1.3225
parameters
    1.2729   -5.9747    6.0302   -7.4175    1.6738    1.6741
eta,q 0.94404  9.44461
  0.0745  0.0703  0.0650  0.0549  0.0641  0.0597
  0.0673  0.0656  0.0613  0.0556  0.0598  0.0579
  0.0616  0.0619  0.0590  0.0570  0.0569  0.0565
  0.0599  0.0598  0.0594  0.0587  0.0559  0.0560
  0.0627  0.0594  0.0622  0.0625  0.0570  0.0568
  0.0690  0.0609  0.0655  0.0672  0.0595  0.0585
  0.0765  0.0646  0.0695  0.0712  0.0632  0.0610
niter,ni,del,rscale     5    3   12.0000    1.2000
parameter  4  0.606328 ->  0.500000 qaram    1.5209
parameters
    1.0946   -4.5515    5.7632  -11.9801    2.0317    1.7995
eta,q 0.94700  9.39990
  0.0715  0.0685  0.0633  0.0543  0.0620  0.0574
  0.0642  0.0625  0.0592  0.0531  0.0578  0.0551
  0.0581  0.0582  0.0564  0.0537  0.0548  0.0535
  0.0560  0.0559  0.0558  0.0557  0.0531  0.0530
  0.0588  0.0559  0.0573  0.0577  0.0536  0.0535
  0.0656  0.0572  0.0603  0.0611  0.0562  0.0548
  0.0733  0.0604  0.0645  0.0666  0.0605  0.0570
niter,ni,del,rscale     5    3   12.0000    1.2000
parameters
    0.7543   -2.7907    5.1361  -14.1914    2.4150    0.9380
eta,q 0.94861  9.40728
  0.0690  0.0672  0.0594  0.0562  0.0602  0.0545
  0.0608  0.0604  0.0553  0.0536  0.0561  0.0526
  0.0545  0.0555  0.0529  0.0518  0.0532  0.0515
  0.0530  0.0528  0.0524  0.0523  0.0517  0.0516
  0.0570  0.0525  0.0542  0.0551  0.0520  0.0525
  0.0643  0.0539  0.0579  0.0580  0.0545  0.0541
  0.0719  0.0564  0.0629  0.0627  0.0586  0.0568
niter,ni,del,rscale     4    3   12.0000    1.2000
parameters
    0.6251   -2.1169    4.6563  -15.0526    2.6204    0.6751
eta,q 0.94901  9.42105
  0.0681  0.0620  0.0587  0.0578  0.0592  0.0551
  0.0596  0.0568  0.0542  0.0545  0.0551  0.0527
  0.0534  0.0532  0.0516  0.0521  0.0524  0.0512
  0.0514  0.0514  0.0512  0.0511  0.0511  0.0510
  0.0547  0.0517  0.0531  0.0534  0.0516  0.0519
  0.0614  0.0540  0.0563  0.0567  0.0543  0.0533
  0.0688  0.0583  0.0610  0.0602  0.0584  0.0557
niter,ni,del,rscale     3    3   12.0000    1.2000
parameters
    0.6285   -1.9031    4.5024  -15.3496    2.6312    0.6559
eta,q 0.94905  9.42615
  0.0684  0.0605  0.0594  0.0586  0.0587  0.0554
  0.0595  0.0560  0.0547  0.0550  0.0546  0.0529
  0.0531  0.0528  0.0517  0.0525  0.0521  0.0513
  0.0510  0.0510  0.0509  0.0509  0.0510  0.0509
  0.0539  0.0516  0.0524  0.0526  0.0517  0.0517
  0.0603  0.0546  0.0555  0.0562  0.0546  0.0530
  0.0676  0.0598  0.0600  0.0593  0.0587  0.0553
niter,ni,del,rscale     2    3   12.0000    1.2000
parameters
    0.6458   -1.8214    4.4580  -15.4767    2.6027    0.6577
eta,q 0.94905  9.42761
  0.0685  0.0601  0.0598  0.0588  0.0586  0.0554
  0.0594  0.0558  0.0549  0.0553  0.0545  0.0530
  0.0530  0.0527  0.0518  0.0526  0.0520  0.0513
  0.0509  0.0510  0.0509  0.0509  0.0509  0.0509
  0.0538  0.0517  0.0523  0.0524  0.0517  0.0517
  0.0602  0.0549  0.0552  0.0560  0.0546  0.0530
  0.0674  0.0603  0.0597  0.0591  0.0588  0.0553
niter,ni,del,rscale     1    3   12.0000    1.2000
parameters
    0.6638   -1.7875    4.4428  -15.5260    2.5764    0.6586
eta,q 0.94905  9.42819
  0.0684  0.0600  0.0598  0.0589  0.0586  0.0554
  0.0594  0.0558  0.0549  0.0554  0.0545  0.0530
  0.0530  0.0527  0.0519  0.0527  0.0520  0.0513
  0.0509  0.0510  0.0509  0.0509  0.0510  0.0510
  0.0538  0.0517  0.0523  0.0523  0.0517  0.0516
  0.0601  0.0551  0.0552  0.0559  0.0546  0.0529
  0.0674  0.0604  0.0597  0.0590  0.0588  0.0553
registration optimization eta report
parameter search radius
    6.0000    6.0000    6.0000    9.1253    6.0000    6.0000
100000*second partial in parameter space
       46.       25.       24.        9.       21.       12.
  0.0684  0.0600  0.0598  0.0589  0.0586  0.0554
  0.0594  0.0558  0.0549  0.0554  0.0545  0.0530
  0.0530  0.0527  0.0519  0.0527  0.0520  0.0513
  0.0509  0.0510  0.0509  0.0509  0.0510  0.0510
  0.0538  0.0517  0.0523  0.0523  0.0517  0.0516
  0.0601  0.0551  0.0552  0.0559  0.0546  0.0529
  0.0674  0.0604  0.0597  0.0590  0.0588  0.0553
    0.6638   -1.7875    4.4428  -15.5260    2.5764    0.6586
eta,q 0.94905  9.42819

---------------------------------------------------------------------
imgreg_4dfp /opt/freesurfer/average/711-2C_as_mni_average_305 /opt/freesurfer/average/711-2B_as_mni_average_305_mask talsrcimg_g11 none talsrcimg_to_711-2C_as_mni_average_305_t4 3335
---------------------------------------------------------------------

freesurfer imgreg_4dfp.c
/opt/freesurfer/average/711-2C_as_mni_average_305.4dfp.img
       256       256       256         1
  1.000000  1.000000  1.000000
orientation T byte_order littleendian
Reading image: /opt/freesurfer/average/711-2C_as_mni_average_305.4dfp.img
dimensions:      256       256       256
mmppix:       1.0000   -1.0000   -1.0000
center:     128.0000 -129.0000 -129.0000
/opt/freesurfer/average/711-2B_as_mni_average_305_mask.4dfp.img
       256       256       256         1
  1.000000  1.000000  1.000000
orientation T byte_order littleendian
Reading mask: /opt/freesurfer/average/711-2B_as_mni_average_305_mask.4dfp.img (2306576 pixels)
talsrcimg_g11.4dfp.img
       256       256       256         1
  1.000000  1.000000  1.000000
orientation T byte_order littleendian
Reading image: talsrcimg_g11.4dfp.img
dimensions:      256       256       256
mmppix:       1.0000   -1.0000   -1.0000
center:     128.0000 -129.0000 -129.0000
fimgreg.f
image alignment mode   3335 decimal      D07 hex
parameters
    0.6638   -1.7875    4.4428   -0.1077   -3.6416   -3.7465
    0.0957   -4.6385    1.1482   26.7160    4.4952  -26.7405
eta,q 0.94965  9.53090
niter,ni,del,rscale     5    3    5.0000    1.2000
parameter  4  1.272485 ->  0.500000 qaram    1.1500
parameter  5  2.311058 ->  0.500000 qaram    1.1500
parameter  6  1.314814 ->  0.500000 qaram    1.1500
parameter 10  1.057460 ->  0.500000 qaram    1.1500
parameter 12 -0.566081 -> -0.500000 qaram    1.1500
parameters
    0.4510   -1.5932    3.7864   -4.2477   -7.7816   -7.8865
    0.7892   -5.0118    2.7674   22.5760    1.6210  -22.6005
eta,q 0.96455  8.85054
  0.0527  0.0524  0.0511  0.0450  0.0403  0.0365  0.0405  0.0418  0.0401  0.0356  0.0363  0.0382
  0.0513  0.0513  0.0504  0.0460  0.0420  0.0378  0.0393  0.0397  0.0392  0.0359  0.0359  0.0371
  0.0505  0.0506  0.0502  0.0477  0.0441  0.0398  0.0386  0.0385  0.0386  0.0367  0.0359  0.0364
  0.0504  0.0503  0.0503  0.0502  0.0464  0.0425  0.0382  0.0382  0.0382  0.0381  0.0360  0.0358
  0.0508  0.0504  0.0508  0.0536  0.0491  0.0462  0.0383  0.0388  0.0381  0.0401  0.0365  0.0355
  0.0520  0.0509  0.0516  0.0576  0.0523  0.0507  0.0389  0.0403  0.0384  0.0425  0.0372  0.0355
  0.0536  0.0518  0.0527  0.0623  0.0558  0.0560  0.0398  0.0426  0.0389  0.0453  0.0381  0.0357
niter,ni,del,rscale     7    3    5.0000    1.2000
parameter  4  0.630159 ->  0.500000 qaram    1.3225
parameter  5  1.572778 ->  0.500000 qaram    1.3225
parameter  6  0.736058 ->  0.500000 qaram    1.3225
parameters
    0.4110   -1.3873    3.4770   -9.0087  -12.5426  -12.6475
   -0.0348   -4.7281    3.1130   18.5174    1.4345  -21.6558
eta,q 0.97198  8.11572
  0.0383  0.0377  0.0367  0.0343  0.0298  0.0289  0.0308  0.0328  0.0306  0.0291  0.0290  0.0300
  0.0367  0.0365  0.0359  0.0340  0.0307  0.0289  0.0296  0.0308  0.0297  0.0282  0.0285  0.0290
  0.0358  0.0358  0.0355  0.0343  0.0321  0.0295  0.0290  0.0295  0.0292  0.0281  0.0281  0.0284
  0.0355  0.0355  0.0354  0.0354  0.0340  0.0310  0.0290  0.0289  0.0289  0.0289  0.0280  0.0280
  0.0358  0.0356  0.0358  0.0374  0.0363  0.0335  0.0295  0.0292  0.0290  0.0303  0.0282  0.0281
  0.0369  0.0361  0.0365  0.0404  0.0390  0.0370  0.0304  0.0304  0.0295  0.0323  0.0285  0.0285
  0.0385  0.0371  0.0375  0.0443  0.0422  0.0417  0.0317  0.0323  0.0303  0.0347  0.0290  0.0293
niter,ni,del,rscale     7    3    5.0000    1.2000
parameter  5  0.651815 ->  0.500000 qaram    1.5209
parameters
    0.4451   -1.2218    3.1729  -10.6480  -18.0177  -15.3302
   -0.2676   -4.5088    3.0330   19.0932    1.5585  -22.3617
eta,q 0.97355  7.70441
  0.0310  0.0305  0.0291  0.0301  0.0272  0.0286  0.0286  0.0300  0.0282  0.0302  0.0272  0.0276
  0.0294  0.0292  0.0284  0.0289  0.0267  0.0272  0.0274  0.0282  0.0273  0.0283  0.0268  0.0269
  0.0284  0.0284  0.0280  0.0282  0.0270  0.0265  0.0267  0.0270  0.0267  0.0270  0.0265  0.0265
  0.0280  0.0280  0.0280  0.0280  0.0280  0.0267  0.0265  0.0265  0.0265  0.0265  0.0265  0.0264
  0.0283  0.0282  0.0283  0.0286  0.0298  0.0281  0.0268  0.0268  0.0267  0.0267  0.0265  0.0267
  0.0293  0.0288  0.0289  0.0302  0.0321  0.0303  0.0277  0.0279  0.0273  0.0277  0.0268  0.0272
  0.0308  0.0299  0.0297  0.0328  0.0349  0.0338  0.0289  0.0296  0.0283  0.0293  0.0272  0.0281
niter,ni,del,rscale     7    3    5.0000    1.2000
parameters
    0.4084   -0.5977    2.0494  -10.6236  -20.0057  -17.0740
   -0.2613   -4.4312    3.0725   21.0475    1.9112  -23.0215
eta,q 0.97421  7.58073
  0.0291  0.0296  0.0264  0.0289  0.0282  0.0287  0.0282  0.0293  0.0277  0.0303  0.0266  0.0269
  0.0276  0.0281  0.0261  0.0274  0.0270  0.0272  0.0270  0.0276  0.0268  0.0283  0.0262  0.0262
  0.0267  0.0270  0.0261  0.0265  0.0262  0.0262  0.0262  0.0264  0.0262  0.0268  0.0259  0.0259
  0.0264  0.0264  0.0263  0.0260  0.0260  0.0260  0.0260  0.0260  0.0260  0.0260  0.0258  0.0258
  0.0268  0.0263  0.0268  0.0262  0.0268  0.0270  0.0263  0.0263  0.0262  0.0258  0.0259  0.0260
  0.0277  0.0267  0.0276  0.0272  0.0285  0.0291  0.0270  0.0274  0.0268  0.0264  0.0261  0.0266
  0.0292  0.0274  0.0285  0.0291  0.0310  0.0320  0.0281  0.0292  0.0277  0.0276  0.0265  0.0273
niter,ni,del,rscale     6    3    5.0000    1.2000
parameters
    0.4416    0.1710    1.0972  -10.8162  -22.0051  -18.6923
   -0.3203   -4.3823    2.6424   23.2932    2.8664  -23.2589
eta,q 0.97489  7.45860
  0.0284  0.0289  0.0259  0.0280  0.0274  0.0282  0.0274  0.0285  0.0270  0.0297  0.0261  0.0263
  0.0270  0.0274  0.0255  0.0267  0.0262  0.0267  0.0263  0.0269  0.0261  0.0278  0.0256  0.0256
  0.0261  0.0264  0.0254  0.0258  0.0255  0.0257  0.0256  0.0258  0.0255  0.0263  0.0253  0.0252
  0.0258  0.0258  0.0256  0.0254  0.0254  0.0254  0.0254  0.0254  0.0254  0.0254  0.0251  0.0251
  0.0261  0.0256  0.0261  0.0256  0.0261  0.0263  0.0257  0.0258  0.0257  0.0251  0.0251  0.0253
  0.0269  0.0259  0.0268  0.0266  0.0277  0.0284  0.0264  0.0268  0.0264  0.0256  0.0253  0.0257
  0.0283  0.0264  0.0277  0.0285  0.0301  0.0314  0.0274  0.0284  0.0274  0.0268  0.0257  0.0263
niter,ni,del,rscale     5    3    5.0000    1.2000
parameters
    0.5249    1.0232    0.1419  -11.3215  -23.7754  -20.1338
   -0.5398   -4.1704    2.1982   24.8356    3.2082  -23.4654
eta,q 0.97549  7.33715
  0.0277  0.0283  0.0251  0.0271  0.0270  0.0275  0.0265  0.0278  0.0264  0.0289  0.0254  0.0256
  0.0263  0.0268  0.0248  0.0258  0.0256  0.0260  0.0255  0.0262  0.0254  0.0270  0.0249  0.0249
  0.0255  0.0258  0.0247  0.0249  0.0248  0.0250  0.0249  0.0251  0.0248  0.0255  0.0246  0.0246
  0.0251  0.0251  0.0249  0.0247  0.0247  0.0246  0.0247  0.0247  0.0247  0.0247  0.0245  0.0245
  0.0253  0.0249  0.0253  0.0250  0.0254  0.0254  0.0250  0.0250  0.0250  0.0246  0.0246  0.0247
  0.0261  0.0251  0.0259  0.0260  0.0270  0.0274  0.0257  0.0260  0.0258  0.0253  0.0248  0.0251
  0.0274  0.0257  0.0268  0.0278  0.0294  0.0305  0.0267  0.0275  0.0269  0.0267  0.0252  0.0257
niter,ni,del,rscale     4    3    5.0000    1.2000
parameters
    0.6941    1.5362   -0.4855  -11.5666  -24.3644  -20.9817
   -0.7803   -3.9239    2.1817   25.5904    2.9302  -23.6732
eta,q 0.97566  7.28773
  0.0271  0.0273  0.0249  0.0269  0.0275  0.0275  0.0262  0.0276  0.0264  0.0282  0.0251  0.0255
  0.0258  0.0259  0.0245  0.0255  0.0259  0.0260  0.0252  0.0259  0.0253  0.0263  0.0247  0.0248
  0.0249  0.0250  0.0243  0.0246  0.0247  0.0248  0.0246  0.0248  0.0246  0.0250  0.0244  0.0244
  0.0245  0.0245  0.0244  0.0243  0.0243  0.0243  0.0244  0.0244  0.0244  0.0244  0.0244  0.0244
  0.0246  0.0244  0.0247  0.0247  0.0248  0.0248  0.0247  0.0247  0.0246  0.0245  0.0245  0.0245
  0.0253  0.0248  0.0252  0.0256  0.0262  0.0265  0.0254  0.0257  0.0253  0.0255  0.0247  0.0249
  0.0265  0.0256  0.0260  0.0273  0.0285  0.0294  0.0264  0.0272  0.0264  0.0271  0.0252  0.0255
niter,ni,del,rscale     3    3    5.0000    1.2000
parameters
    0.8085    1.7451   -0.7786  -11.5920  -24.5556  -21.4066
   -0.9783   -3.7432    2.2709   25.9667    2.6838  -23.7874
eta,q 0.97566  7.27208
  0.0268  0.0266  0.0251  0.0270  0.0278  0.0277  0.0262  0.0275  0.0264  0.0279  0.0251  0.0255
  0.0255  0.0254  0.0246  0.0256  0.0260  0.0261  0.0252  0.0259  0.0253  0.0261  0.0247  0.0248
  0.0247  0.0247  0.0244  0.0247  0.0248  0.0249  0.0245  0.0248  0.0246  0.0249  0.0244  0.0244
  0.0243  0.0243  0.0243  0.0243  0.0243  0.0243  0.0244  0.0244  0.0244  0.0244  0.0243  0.0243
  0.0245  0.0245  0.0245  0.0246  0.0247  0.0246  0.0246  0.0247  0.0246  0.0246  0.0245  0.0245
  0.0252  0.0250  0.0250  0.0255  0.0260  0.0261  0.0253  0.0257  0.0253  0.0256  0.0247  0.0249
  0.0264  0.0259  0.0256  0.0271  0.0282  0.0289  0.0264  0.0272  0.0263  0.0273  0.0252  0.0255
niter,ni,del,rscale     2    3    5.0000    1.2000
parameters
    0.8759    1.8415   -0.9226  -11.5903  -24.6495  -21.6290
   -1.1144   -3.6349    2.3421   26.1528    2.5339  -23.8275
eta,q 0.97565  7.26474
  0.0267  0.0264  0.0252  0.0270  0.0278  0.0278  0.0262  0.0274  0.0264  0.0277  0.0251  0.0255
  0.0254  0.0253  0.0247  0.0256  0.0261  0.0262  0.0252  0.0258  0.0253  0.0260  0.0247  0.0248
  0.0246  0.0246  0.0244  0.0247  0.0249  0.0250  0.0245  0.0247  0.0246  0.0248  0.0244  0.0244
  0.0243  0.0243  0.0243  0.0243  0.0243  0.0243  0.0244  0.0244  0.0244  0.0244  0.0244  0.0244
  0.0245  0.0245  0.0245  0.0246  0.0247  0.0246  0.0246  0.0247  0.0246  0.0247  0.0245  0.0245
  0.0253  0.0251  0.0249  0.0256  0.0260  0.0260  0.0253  0.0257  0.0253  0.0258  0.0247  0.0249
  0.0265  0.0261  0.0254  0.0271  0.0282  0.0286  0.0263  0.0272  0.0263  0.0275  0.0252  0.0255
niter,ni,del,rscale     1    3    5.0000    1.2000
parameters
    0.9183    1.8938   -1.0101  -11.5852  -24.7009  -21.7605
   -1.2117   -3.5671    2.3925   26.2531    2.4465  -23.8484
eta,q 0.97564  7.26064
  0.0267  0.0263  0.0253  0.0271  0.0279  0.0278  0.0263  0.0274  0.0264  0.0277  0.0251  0.0255
  0.0254  0.0252  0.0247  0.0257  0.0261  0.0262  0.0252  0.0258  0.0253  0.0259  0.0247  0.0248
  0.0246  0.0246  0.0244  0.0247  0.0249  0.0250  0.0246  0.0247  0.0246  0.0248  0.0244  0.0244
  0.0244  0.0243  0.0244  0.0243  0.0243  0.0244  0.0244  0.0244  0.0244  0.0244  0.0244  0.0244
  0.0246  0.0246  0.0245  0.0246  0.0247  0.0245  0.0246  0.0247  0.0246  0.0247  0.0245  0.0245
  0.0253  0.0252  0.0248  0.0256  0.0260  0.0259  0.0253  0.0257  0.0253  0.0258  0.0247  0.0249
  0.0265  0.0261  0.0254  0.0271  0.0282  0.0285  0.0263  0.0273  0.0264  0.0275  0.0252  0.0255
registration optimization eta report
parameter search radius
    2.4000    2.4000    2.4000    9.5220   10.9503    9.5220
    7.2000    7.2000    7.2000    8.2800    7.2000    8.2800
100000*second partial in parameter space
       39.       32.       17.        3.        3.        4.
        4.        6.        4.        5.        2.        2.
  0.0267  0.0263  0.0253  0.0271  0.0279  0.0278  0.0263  0.0274  0.0264  0.0277  0.0251  0.0255
  0.0254  0.0252  0.0247  0.0257  0.0261  0.0262  0.0252  0.0258  0.0253  0.0259  0.0247  0.0248
  0.0246  0.0246  0.0244  0.0247  0.0249  0.0250  0.0246  0.0247  0.0246  0.0248  0.0244  0.0244
  0.0244  0.0243  0.0244  0.0243  0.0243  0.0244  0.0244  0.0244  0.0244  0.0244  0.0244  0.0244
  0.0246  0.0246  0.0245  0.0246  0.0247  0.0245  0.0246  0.0247  0.0246  0.0247  0.0245  0.0245
  0.0253  0.0252  0.0248  0.0256  0.0260  0.0259  0.0253  0.0257  0.0253  0.0258  0.0247  0.0249
  0.0265  0.0261  0.0254  0.0271  0.0282  0.0285  0.0263  0.0273  0.0264  0.0275  0.0252  0.0255
    0.9183    1.8938   -1.0101  -11.5852  -24.7009  -21.7605
   -1.2117   -3.5671    2.3925   26.2531    2.4465  -23.8484
eta,q 0.97564  7.26064

---------------------------------------------------------------------
imgreg_4dfp /opt/freesurfer/average/711-2C_as_mni_average_305 /opt/freesurfer/average/711-2B_as_mni_average_305_mask talsrcimg_g11 none talsrcimg_to_711-2C_as_mni_average_305_t4 2311
---------------------------------------------------------------------

freesurfer imgreg_4dfp.c
/opt/freesurfer/average/711-2C_as_mni_average_305.4dfp.img
       256       256       256         1
  1.000000  1.000000  1.000000
orientation T byte_order littleendian
Reading image: /opt/freesurfer/average/711-2C_as_mni_average_305.4dfp.img
dimensions:      256       256       256
mmppix:       1.0000   -1.0000   -1.0000
center:     128.0000 -129.0000 -129.0000
/opt/freesurfer/average/711-2B_as_mni_average_305_mask.4dfp.img
       256       256       256         1
  1.000000  1.000000  1.000000
orientation T byte_order littleendian
Reading mask: /opt/freesurfer/average/711-2B_as_mni_average_305_mask.4dfp.img (2306576 pixels)
talsrcimg_g11.4dfp.img
       256       256       256         1
  1.000000  1.000000  1.000000
orientation T byte_order littleendian
Reading image: talsrcimg_g11.4dfp.img
dimensions:      256       256       256
mmppix:       1.0000   -1.0000   -1.0000
center:     128.0000 -129.0000 -129.0000
fimgreg.f
image alignment mode   2311 decimal      907 hex
parameters
    0.9183    1.8938   -1.0101  -11.5852  -24.7009  -21.7605
   -1.2117   -3.5671    2.3925   26.2531    2.4465  -23.8484
eta,q 0.97564  7.26064
niter,ni,del,rscale     5    3    5.0000    0.8000
parameters
    0.9486    1.8954   -1.0644  -11.4426  -24.2666  -21.0508
   -1.2898   -3.5991    2.3820   26.1666    2.4641  -24.0936
eta,q 0.97569  7.30212
  0.0254  0.0252  0.0248  0.0251  0.0252  0.0256  0.0252  0.0257  0.0253  0.0255  0.0247  0.0247
  0.0248  0.0247  0.0245  0.0247  0.0248  0.0250  0.0247  0.0249  0.0247  0.0248  0.0245  0.0245
  0.0245  0.0245  0.0244  0.0245  0.0245  0.0246  0.0244  0.0245  0.0244  0.0244  0.0244  0.0243
  0.0244  0.0244  0.0244  0.0244  0.0244  0.0244  0.0243  0.0243  0.0243  0.0243  0.0243  0.0243
  0.0245  0.0245  0.0244  0.0244  0.0244  0.0243  0.0244  0.0245  0.0244  0.0245  0.0243  0.0244
  0.0248  0.0247  0.0246  0.0247  0.0246  0.0246  0.0247  0.0250  0.0247  0.0249  0.0245  0.0245
  0.0253  0.0252  0.0248  0.0251  0.0250  0.0251  0.0252  0.0258  0.0253  0.0255  0.0247  0.0247
niter,ni,del,rscale     4    3    5.0000    0.7000
parameters
    0.9639    1.8307   -0.8447  -11.4393  -24.2349  -20.7384
   -1.2900   -3.5960    2.3297   26.0958    2.5016  -24.1651
eta,q 0.97573  7.31309
  0.0251  0.0249  0.0248  0.0248  0.0249  0.0252  0.0250  0.0254  0.0250  0.0252  0.0246  0.0246
  0.0247  0.0245  0.0245  0.0245  0.0246  0.0248  0.0246  0.0248  0.0246  0.0247  0.0244  0.0244
  0.0244  0.0244  0.0244  0.0244  0.0244  0.0245  0.0244  0.0244  0.0244  0.0244  0.0243  0.0243
  0.0243  0.0243  0.0243  0.0243  0.0243  0.0243  0.0243  0.0243  0.0243  0.0243  0.0243  0.0243
  0.0244  0.0244  0.0243  0.0243  0.0244  0.0243  0.0244  0.0244  0.0244  0.0244  0.0243  0.0243
  0.0246  0.0246  0.0244  0.0245  0.0245  0.0245  0.0246  0.0248  0.0246  0.0247  0.0244  0.0244
  0.0251  0.0250  0.0245  0.0248  0.0249  0.0250  0.0250  0.0254  0.0250  0.0252  0.0246  0.0246
niter,ni,del,rscale     3    3    5.0000    0.6000
parameters
    0.9623    1.7952   -0.7508  -11.4408  -24.2020  -20.5612
   -1.2662   -3.6059    2.2952   26.0365    2.5312  -24.2200
eta,q 0.97573  7.31952
  0.0249  0.0247  0.0246  0.0247  0.0247  0.0249  0.0248  0.0251  0.0248  0.0249  0.0245  0.0245
  0.0245  0.0245  0.0244  0.0245  0.0245  0.0246  0.0245  0.0246  0.0245  0.0246  0.0244  0.0244
  0.0243  0.0243  0.0243  0.0243  0.0243  0.0244  0.0243  0.0244  0.0243  0.0243  0.0243  0.0243
  0.0243  0.0243  0.0243  0.0243  0.0243  0.0243  0.0243  0.0243  0.0243  0.0243  0.0243  0.0243
  0.0243  0.0243  0.0243  0.0243  0.0243  0.0243  0.0243  0.0244  0.0243  0.0244  0.0243  0.0243
  0.0245  0.0245  0.0244  0.0245  0.0245  0.0245  0.0245  0.0247  0.0245  0.0246  0.0244  0.0244
  0.0249  0.0248  0.0245  0.0247  0.0247  0.0248  0.0248  0.0251  0.0248  0.0250  0.0245  0.0245
niter,ni,del,rscale     2    3    5.0000    0.5000
parameters
    0.9539    1.7734   -0.6920  -11.4461  -24.1874  -20.4457
   -1.2366   -3.6194    2.2691   26.0058    2.5598  -24.2412
eta,q 0.97573  7.32323
  0.0247  0.0246  0.0245  0.0246  0.0246  0.0247  0.0246  0.0248  0.0246  0.0247  0.0244  0.0244
  0.0244  0.0244  0.0244  0.0244  0.0244  0.0245  0.0244  0.0245  0.0244  0.0245  0.0243  0.0243
  0.0243  0.0243  0.0243  0.0243  0.0243  0.0243  0.0243  0.0243  0.0243  0.0243  0.0243  0.0243
  0.0243  0.0243  0.0243  0.0243  0.0243  0.0243  0.0243  0.0243  0.0243  0.0243  0.0243  0.0243
  0.0243  0.0243  0.0243  0.0243  0.0243  0.0243  0.0243  0.0243  0.0243  0.0243  0.0243  0.0243
  0.0245  0.0244  0.0243  0.0244  0.0244  0.0244  0.0244  0.0245  0.0244  0.0245  0.0243  0.0244
  0.0247  0.0246  0.0244  0.0246  0.0246  0.0247  0.0246  0.0249  0.0247  0.0248  0.0244  0.0244
niter,ni,del,rscale     1    3    5.0000    0.4000
parameters
    0.9483    1.7548   -0.6567  -11.4343  -24.1493  -20.3502
   -1.2301   -3.6326    2.2522   25.9738    2.5836  -24.2712
eta,q 0.97573  7.32796
  0.0245  0.0245  0.0244  0.0244  0.0245  0.0246  0.0245  0.0246  0.0245  0.0246  0.0244  0.0244
  0.0244  0.0244  0.0243  0.0243  0.0244  0.0244  0.0244  0.0244  0.0244  0.0244  0.0243  0.0243
  0.0243  0.0243  0.0243  0.0243  0.0243  0.0243  0.0243  0.0243  0.0243  0.0243  0.0243  0.0243
  0.0243  0.0243  0.0243  0.0243  0.0243  0.0243  0.0243  0.0243  0.0243  0.0243  0.0243  0.0243
  0.0243  0.0243  0.0243  0.0243  0.0243  0.0243  0.0243  0.0243  0.0243  0.0243  0.0243  0.0243
  0.0244  0.0244  0.0243  0.0243  0.0243  0.0244  0.0244  0.0244  0.0244  0.0244  0.0243  0.0243
  0.0245  0.0245  0.0244  0.0244  0.0245  0.0245  0.0245  0.0246  0.0245  0.0246  0.0244  0.0244
registration optimization eta report
parameter search radius
    0.8000    0.8000    0.8000    2.4000    2.4000    2.4000
    2.4000    2.4000    2.4000    2.4000    2.4000    2.4000
100000*second partial in parameter space
       41.       34.       19.        3.        3.        5.
        4.        7.        4.        5.        2.        2.
  0.0245  0.0245  0.0244  0.0244  0.0245  0.0246  0.0245  0.0246  0.0245  0.0246  0.0244  0.0244
  0.0244  0.0244  0.0243  0.0243  0.0244  0.0244  0.0244  0.0244  0.0244  0.0244  0.0243  0.0243
  0.0243  0.0243  0.0243  0.0243  0.0243  0.0243  0.0243  0.0243  0.0243  0.0243  0.0243  0.0243
  0.0243  0.0243  0.0243  0.0243  0.0243  0.0243  0.0243  0.0243  0.0243  0.0243  0.0243  0.0243
  0.0243  0.0243  0.0243  0.0243  0.0243  0.0243  0.0243  0.0243  0.0243  0.0243  0.0243  0.0243
  0.0244  0.0244  0.0243  0.0243  0.0243  0.0244  0.0244  0.0244  0.0244  0.0244  0.0243  0.0243
  0.0245  0.0245  0.0244  0.0244  0.0245  0.0245  0.0245  0.0246  0.0245  0.0246  0.0244  0.0244
    0.9483    1.7548   -0.6567  -11.4343  -24.1493  -20.3502
   -1.2301   -3.6326    2.2522   25.9738    2.5836  -24.2712
eta,q 0.97573  7.32796

---------------------------------------------------------------------
imgreg_4dfp /opt/freesurfer/average/711-2C_as_mni_average_305 /opt/freesurfer/average/711-2B_as_mni_average_305_mask talsrcimg_g11 none talsrcimg_to_711-2C_as_mni_average_305_t4 2311
---------------------------------------------------------------------

freesurfer imgreg_4dfp.c
/opt/freesurfer/average/711-2C_as_mni_average_305.4dfp.img
       256       256       256         1
  1.000000  1.000000  1.000000
orientation T byte_order littleendian
Reading image: /opt/freesurfer/average/711-2C_as_mni_average_305.4dfp.img
dimensions:      256       256       256
mmppix:       1.0000   -1.0000   -1.0000
center:     128.0000 -129.0000 -129.0000
/opt/freesurfer/average/711-2B_as_mni_average_305_mask.4dfp.img
       256       256       256         1
  1.000000  1.000000  1.000000
orientation T byte_order littleendian
Reading mask: /opt/freesurfer/average/711-2B_as_mni_average_305_mask.4dfp.img (2306576 pixels)
talsrcimg_g11.4dfp.img
       256       256       256         1
  1.000000  1.000000  1.000000
orientation T byte_order littleendian
Reading image: talsrcimg_g11.4dfp.img
dimensions:      256       256       256
mmppix:       1.0000   -1.0000   -1.0000
center:     128.0000 -129.0000 -129.0000
fimgreg.f
image alignment mode   2311 decimal      907 hex
parameters
    0.9483    1.7548   -0.6567  -11.4343  -24.1493  -20.3502
   -1.2301   -3.6326    2.2522   25.9738    2.5836  -24.2712
eta,q 0.97573  7.32796
niter,ni,del,rscale     5    3    5.0000    0.8000
parameters
    0.9394    1.7585   -0.6188  -11.4640  -24.2577  -20.5282
   -1.1941   -3.6272    2.2495   26.0091    2.5862  -24.1392
eta,q 0.97573  7.31699
  0.0253  0.0251  0.0248  0.0250  0.0250  0.0253  0.0252  0.0257  0.0252  0.0255  0.0246  0.0247
  0.0247  0.0247  0.0245  0.0246  0.0246  0.0247  0.0247  0.0249  0.0247  0.0248  0.0244  0.0245
  0.0244  0.0244  0.0243  0.0243  0.0244  0.0244  0.0244  0.0244  0.0244  0.0244  0.0243  0.0243
  0.0243  0.0243  0.0243  0.0243  0.0243  0.0243  0.0243  0.0243  0.0243  0.0243  0.0243  0.0243
  0.0244  0.0244  0.0243  0.0243  0.0244  0.0244  0.0244  0.0244  0.0244  0.0244  0.0243  0.0243
  0.0247  0.0247  0.0245  0.0246  0.0246  0.0248  0.0247  0.0249  0.0247  0.0248  0.0244  0.0245
  0.0253  0.0251  0.0247  0.0250  0.0251  0.0255  0.0252  0.0257  0.0252  0.0255  0.0246  0.0247
niter,ni,del,rscale     4    3    5.0000    0.7000
parameters
    0.9341    1.7698   -0.6803  -11.4571  -24.2194  -20.5311
   -1.1910   -3.6375    2.2615   25.9949    2.5760  -24.1831
eta,q 0.97573  7.31849
  0.0251  0.0250  0.0246  0.0248  0.0249  0.0251  0.0250  0.0254  0.0250  0.0252  0.0246  0.0246
  0.0246  0.0246  0.0244  0.0245  0.0245  0.0247  0.0246  0.0248  0.0246  0.0247  0.0244  0.0244
  0.0244  0.0243  0.0243  0.0243  0.0243  0.0244  0.0243  0.0244  0.0244  0.0244  0.0243  0.0243
  0.0243  0.0243  0.0243  0.0243  0.0243  0.0243  0.0243  0.0243  0.0243  0.0243  0.0243  0.0243
  0.0244  0.0243  0.0243  0.0243  0.0243  0.0243  0.0244  0.0244  0.0244  0.0244  0.0243  0.0243
  0.0246  0.0246  0.0245  0.0245  0.0245  0.0246  0.0246  0.0248  0.0246  0.0247  0.0244  0.0244
  0.0251  0.0249  0.0247  0.0248  0.0249  0.0251  0.0250  0.0254  0.0250  0.0252  0.0246  0.0246
niter,ni,del,rscale     3    3    5.0000    0.6000
parameters
    0.9355    1.7638   -0.6853  -11.4505  -24.1943  -20.4751
   -1.2039   -3.6435    2.2627   25.9912    2.5959  -24.1972
eta,q 0.97574  7.32134
  0.0249  0.0248  0.0245  0.0247  0.0247  0.0249  0.0248  0.0251  0.0248  0.0250  0.0245  0.0245
  0.0245  0.0245  0.0244  0.0245  0.0245  0.0246  0.0245  0.0246  0.0245  0.0246  0.0244  0.0244
  0.0243  0.0243  0.0243  0.0243  0.0243  0.0244  0.0243  0.0244  0.0243  0.0243  0.0243  0.0243
  0.0243  0.0243  0.0243  0.0243  0.0243  0.0243  0.0243  0.0243  0.0243  0.0243  0.0243  0.0243
  0.0243  0.0243  0.0243  0.0243  0.0243  0.0243  0.0243  0.0244  0.0243  0.0243  0.0243  0.0243
  0.0245  0.0245  0.0244  0.0244  0.0245  0.0245  0.0245  0.0246  0.0245  0.0246  0.0244  0.0244
  0.0249  0.0248  0.0245  0.0247  0.0247  0.0249  0.0248  0.0251  0.0248  0.0250  0.0245  0.0245
niter,ni,del,rscale     2    3    5.0000    0.5000
parameters
    0.9351    1.7581   -0.6670  -11.4493  -24.1624  -20.3982
   -1.2178   -3.6439    2.2586   25.9727    2.5731  -24.2397
eta,q 0.97573  7.32510
  0.0247  0.0246  0.0245  0.0245  0.0246  0.0247  0.0246  0.0248  0.0247  0.0247  0.0244  0.0244
  0.0244  0.0244  0.0244  0.0244  0.0244  0.0245  0.0244  0.0245  0.0244  0.0245  0.0243  0.0243
  0.0243  0.0243  0.0243  0.0243  0.0243  0.0243  0.0243  0.0243  0.0243  0.0243  0.0243  0.0243
  0.0243  0.0243  0.0243  0.0243  0.0243  0.0243  0.0243  0.0243  0.0243  0.0243  0.0243  0.0243
  0.0243  0.0243  0.0243  0.0243  0.0243  0.0243  0.0243  0.0243  0.0243  0.0243  0.0243  0.0243
  0.0244  0.0244  0.0243  0.0244  0.0244  0.0244  0.0244  0.0245  0.0244  0.0245  0.0243  0.0244
  0.0247  0.0246  0.0244  0.0245  0.0246  0.0247  0.0246  0.0249  0.0247  0.0248  0.0244  0.0244
niter,ni,del,rscale     1    3    5.0000    0.4000
parameters
    0.9391    1.7483   -0.6386  -11.4403  -24.1553  -20.3175
   -1.2120   -3.6388    2.2440   25.9649    2.5783  -24.2444
eta,q 0.97573  7.32810
  0.0245  0.0245  0.0244  0.0244  0.0245  0.0246  0.0245  0.0246  0.0245  0.0246  0.0244  0.0244
  0.0244  0.0244  0.0243  0.0243  0.0244  0.0244  0.0244  0.0244  0.0244  0.0244  0.0243  0.0243
  0.0243  0.0243  0.0243  0.0243  0.0243  0.0243  0.0243  0.0243  0.0243  0.0243  0.0243  0.0243
  0.0243  0.0243  0.0243  0.0243  0.0243  0.0243  0.0243  0.0243  0.0243  0.0243  0.0243  0.0243
  0.0243  0.0243  0.0243  0.0243  0.0243  0.0243  0.0243  0.0243  0.0243  0.0243  0.0243  0.0243
  0.0244  0.0244  0.0243  0.0243  0.0243  0.0244  0.0244  0.0244  0.0244  0.0244  0.0243  0.0243
  0.0245  0.0245  0.0244  0.0244  0.0245  0.0245  0.0245  0.0246  0.0245  0.0246  0.0244  0.0244
registration optimization eta report
parameter search radius
    0.8000    0.8000    0.8000    2.4000    2.4000    2.4000
    2.4000    2.4000    2.4000    2.4000    2.4000    2.4000
100000*second partial in parameter space
       41.       34.       20.        3.        3.        5.
        4.        7.        4.        5.        2.        2.
  0.0245  0.0245  0.0244  0.0244  0.0245  0.0246  0.0245  0.0246  0.0245  0.0246  0.0244  0.0244
  0.0244  0.0244  0.0243  0.0243  0.0244  0.0244  0.0244  0.0244  0.0244  0.0244  0.0243  0.0243
  0.0243  0.0243  0.0243  0.0243  0.0243  0.0243  0.0243  0.0243  0.0243  0.0243  0.0243  0.0243
  0.0243  0.0243  0.0243  0.0243  0.0243  0.0243  0.0243  0.0243  0.0243  0.0243  0.0243  0.0243
  0.0243  0.0243  0.0243  0.0243  0.0243  0.0243  0.0243  0.0243  0.0243  0.0243  0.0243  0.0243
  0.0244  0.0244  0.0243  0.0243  0.0243  0.0244  0.0244  0.0244  0.0244  0.0244  0.0243  0.0243
  0.0245  0.0245  0.0244  0.0244  0.0245  0.0245  0.0245  0.0246  0.0245  0.0246  0.0244  0.0244
    0.9391    1.7483   -0.6386  -11.4403  -24.1553  -20.3175
   -1.2120   -3.6388    2.2440   25.9649    2.5783  -24.2444
eta,q 0.97573  7.32810

---------------------------------------------------------------------
compute_vox2vox talsrcimg talsrcimg_to_711-2C_as_mni_average_305_t4 /opt/freesurfer/average/711-2C_as_mni_average_305
---------------------------------------------------------------------

freesurfer compute_vox2vox.c
Reading: talsrcimg.4dfp.ifh
Reading: talsrcimg_to_711-2C_as_mni_average_305_t4
Reading: /opt/freesurfer/average/711-2C_as_mni_average_305.4dfp.ifh
Writing: talsrcimg_to_711-2C_as_mni_average_305_t4_vox2vox.txt

start time Wed Mar 11 13:19:30 CET 2026
end		time Wed Mar 11 13:19:44 CET 2026

mpr2mni305 success

avi2talxfm orig_nu.mgz /opt/freesurfer/average/mni305.cor.mgz talsrcimg_to_711-2C_as_mni_average_305_t4_vox2vox.txt transforms/talairach.auto.xfm
avi2talxfm done
mv -f /out/sourcedata/freesurfer/sub-v2s17x50048_ses-1/mri/talsrcimg_to_711-2C_as_mni_average_305_t4_vox2vox.txt /out/sourcedata/freesurfer/sub-v2s17x50048_ses-1/mri/transforms/talsrcimg_to_711-2C_as_mni_average_305_t4_vox2vox.txt
lta_convert --src orig_nu.mgz --trg /opt/freesurfer/average/mni305.cor.mgz --inxfm transforms/talairach.auto.xfm --outlta transforms/talairach.auto.xfm.lta --subject fsaverage
7.3.2

--src: orig_nu.mgz src image (geometry).
--trg: /opt/freesurfer/average/mni305.cor.mgz trg image (geometry).
--inmni: transforms/talairach.auto.xfm input MNI/XFM transform.
--outlta: transforms/talairach.auto.xfm.lta output LTA.
--s: fsaverage subject name
 LTA read, type : 1
 1.12719   0.04130   0.03122   1.21613;
-0.04222   1.13504   0.36215   6.14553;
-0.01890  -0.38980   1.19358   8.40614;
 0.00000   0.00000   0.00000   1.00000;
setting subject to fsaverage
Writing  LTA to file transforms/talairach.auto.xfm.lta...
lta_convert successful.
 
 
Started at Wed Mar 11 13:19:30 CET 2026
Ended   at Wed Mar 11 13:19:44 CET 2026
talairach_avi done
