/out/sourcedata/freesurfer/sub-v2s17x50051_ses-1/mri
/opt/freesurfer/bin/talairach_avi
--i orig_nu.mgz --xfm transforms/talairach.auto.xfm
talairach_avi 7.3.2
Linux dna030 5.14.0-427.37.1.el9_4.x86_64 #1 SMP PREEMPT_DYNAMIC Fri Sep 13 12:41:50 EDT 2024 x86_64 x86_64 x86_64 GNU/Linux
Wed Mar 11 13:24:49 CET 2026
mri_convert orig_nu.mgz talsrcimg.img 
reading from orig_nu.mgz...
TR=0.00, TE=0.00, TI=0.00, flip angle=0.00
i_ras = (-1, 0, 0)
j_ras = (0, 0, -1)
k_ras = (0, 1, 0)
writing to talsrcimg.img...
Analyze Output Matrix
-1.00000   0.00000   0.00000   131.68729;
 0.00000   0.00000   1.00000  -127.94919;
 0.00000  -1.00000   0.00000   119.23936;
 0.00000   0.00000   0.00000   1.00000;
--------------------
INFO: set hdr.hist.orient to -1
mpr2mni305 talsrcimg
Wed Mar 11 13:24:50 CET 2026
/opt/freesurfer/bin/mpr2mni305 talsrcimg
mpr2mni305 7.3.2
target=711-2C_as_mni_average_305

---------------------------------------------------------------------
analyzeto4dfp talsrcimg -O0 -y
---------------------------------------------------------------------

freesurfer ifh2hdr.c
Wed Mar 11 13:24:50 2026
Writing: talsrcimg.4dfp.hdr
freesurfer analyzeto4dfp.c
Reading: talsrcimg.hdr
header size 348 bytes
hdr.dime.datatype	offset=70	value=2
hdr.dime.bitpix		offset=72	value=8
hdr.hist.orient		offset=252	value=-1
dimensionality     4
dimensions       256       256       256         1
Reading: talsrcimg.img
Writing: talsrcimg.4dfp.img
Writing: talsrcimg.4dfp.ifh
ifh2hdr talsrcimg -r0to210
ori=2

---------------------------------------------------------------------
gauss_4dfp talsrcimg 1.1
---------------------------------------------------------------------

freesurfer gauss_4dfp.c
Reading: talsrcimg.4dfp.img
Writing: talsrcimg_g11.4dfp.img
image dimensions 256 256 256 padded to 288 288 288
processing volume 1freesurfer ifh2hdr.c
Wed Mar 11 13:24:51 2026
Writing: talsrcimg_g11.4dfp.hdr

Writing: talsrcimg_g11.4dfp.ifh
including: talsrcimg.4dfp.img.rec in talsrcimg_g11.4dfp.img.rec

---------------------------------------------------------------------
imgreg_4dfp /opt/freesurfer/average/711-2C_as_mni_average_305 none talsrcimg_g11 none talsrcimg_to_711-2C_as_mni_average_305_t4 4355
---------------------------------------------------------------------

freesurfer imgreg_4dfp.c
/opt/freesurfer/average/711-2C_as_mni_average_305.4dfp.img
       256       256       256         1
  1.000000  1.000000  1.000000
orientation T byte_order littleendian
Reading image: /opt/freesurfer/average/711-2C_as_mni_average_305.4dfp.img
dimensions:      256       256       256
mmppix:       1.0000   -1.0000   -1.0000
center:     128.0000 -129.0000 -129.0000
talsrcimg_g11.4dfp.img
       256       256       256         1
  1.000000  1.000000  1.000000
orientation T byte_order littleendian
Reading image: talsrcimg_g11.4dfp.img
dimensions:      256       256       256
mmppix:       1.0000   -1.0000   -1.0000
center:     128.0000 -129.0000 -129.0000
t4_read: open error in t4_sub.f l:  41 t4_file(1:l)talsrcimg_to_711-2C_as_mni_average_305_t4 
t4_read: transform initialized to I4
rotation matrix determinant  1.000000
image alignment mode   4355 decimal     1103 hex
   -7.5000  -45.0000  -45.0000 9854.2363   11.3934
    0.0000  -45.0000  -45.000010252.3311   11.4054
    7.5000  -45.0000  -45.0000 9781.5293   11.4211
   -7.5000  -37.5000  -45.000010352.8867   11.3572
    0.0000  -37.5000  -45.000010766.0342   11.3685
    7.5000  -37.5000  -45.000010269.8418   11.3841
   -7.5000  -30.0000  -45.000011119.9326   11.3031
    0.0000  -30.0000  -45.000011571.0889   11.3134
    7.5000  -30.0000  -45.000011016.6846   11.3273
   -7.5000  -22.5000  -45.000011768.2676   11.2578
    0.0000  -22.5000  -45.000012234.0166   11.2678
    7.5000  -22.5000  -45.000011637.4072   11.2800
   -7.5000  -15.0000  -45.000012272.6006   11.2219
    0.0000  -15.0000  -45.000012745.2188   11.2321
    7.5000  -15.0000  -45.000012131.4326   11.2444
   -7.5000   -7.5000  -45.000012710.9951   11.1996
    0.0000   -7.5000  -45.000013193.5059   11.2101
    7.5000   -7.5000  -45.000012550.7588   11.2234
   -7.5000    0.0000  -45.000013038.1357   11.1934
    0.0000    0.0000  -45.000013522.7598   11.2037
    7.5000    0.0000  -45.000012859.8193   11.2182
   -7.5000    7.5000  -45.000012358.7314   11.2042
    0.0000    7.5000  -45.000012815.7305   11.2142
    7.5000    7.5000  -45.000012190.4375   11.2288
   -7.5000   15.0000  -45.000011627.4023   11.3024
    0.0000   15.0000  -45.000012072.3613   11.3121
    7.5000   15.0000  -45.000011462.0342   11.3256
   -7.5000   22.5000  -45.000010837.7197   11.4634
    0.0000   22.5000  -45.000011258.5459   11.4729
    7.5000   22.5000  -45.000010692.0312   11.4853
   -7.5000   30.0000  -45.000010007.8604   11.5161
    0.0000   30.0000  -45.000010378.9756   11.5242
    7.5000   30.0000  -45.0000 9876.8408   11.5366
   -7.5000   37.5000  -45.0000 9562.2109   11.7651
    0.0000   37.5000  -45.0000 9909.4561   11.7739
    7.5000   37.5000  -45.0000 9412.7012   11.7874
   -7.5000   45.0000  -45.0000 8915.0820   11.7761
    0.0000   45.0000  -45.0000 9237.2949   11.7863
    7.5000   45.0000  -45.0000 8751.3604   11.8018
   -7.5000  -45.0000  -37.500010463.2607   11.3917
    0.0000  -45.0000  -37.500010889.9297   11.4058
    7.5000  -45.0000  -37.500010386.7812   11.4219
   -7.5000  -37.5000  -37.500010983.2861   11.3559
    0.0000  -37.5000  -37.500011417.1191   11.3700
    7.5000  -37.5000  -37.500010881.2822   11.3863
   -7.5000  -30.0000  -37.500011794.6816   11.3021
    0.0000  -30.0000  -37.500012254.5420   11.3150
    7.5000  -30.0000  -37.500011670.3320   11.3291
   -7.5000  -22.5000  -37.500012480.6992   11.2562
    0.0000  -22.5000  -37.500012953.8125   11.2673
    7.5000  -22.5000  -37.500012325.3945   11.2789
   -7.5000  -15.0000  -37.500013012.9766   11.2188
    0.0000  -15.0000  -37.500013498.9287   11.2291
    7.5000  -15.0000  -37.500012844.8379   11.2402
   -7.5000   -7.5000  -37.500013441.0996   11.1952
    0.0000   -7.5000  -37.500013941.7764   11.2063
    7.5000   -7.5000  -37.500013256.7549   11.2190
   -7.5000    0.0000  -37.500013740.7588   11.1887
    0.0000    0.0000  -37.500014244.2471   11.2011
    7.5000    0.0000  -37.500013554.6631   11.2159
   -7.5000    7.5000  -37.500013011.3389   11.2007
    0.0000    7.5000  -37.500013479.3037   11.2135
    7.5000    7.5000  -37.500012832.7695   11.2287
   -7.5000   15.0000  -37.500012212.6074   11.2985
    0.0000   15.0000  -37.500012653.1465   11.3107
    7.5000   15.0000  -37.500012038.6289   11.3249
   -7.5000   22.5000  -37.500011370.0381   11.4583
    0.0000   22.5000  -37.500011790.5127   11.4691
    7.5000   22.5000  -37.500011224.2031   11.4810
   -7.5000   30.0000  -37.500010466.5576   11.5089
    0.0000   30.0000  -37.500010842.1670   11.5167
    7.5000   30.0000  -37.500010325.2480   11.5277
   -7.5000   37.5000  -37.5000 9971.9746   11.7542
    0.0000   37.5000  -37.500010314.6816   11.7637
    7.5000   37.5000  -37.5000 9813.5547   11.7762
   -7.5000   45.0000  -37.5000 9268.2715   11.7634
    0.0000   45.0000  -37.5000 9580.6738   11.7759
    7.5000   45.0000  -37.5000 9100.3096   11.7903
   -7.5000  -45.0000  -30.000011313.4375   11.8387
    0.0000  -45.0000  -30.000011761.5469   11.8533
    7.5000  -45.0000  -30.000011199.1660   11.8701
   -7.5000  -37.5000  -30.000011834.7002   11.8008
    0.0000  -37.5000  -30.000012292.7715   11.8157
    7.5000  -37.5000  -30.000011700.1221   11.8325
   -7.5000  -30.0000  -30.000012698.2480   11.7443
    0.0000  -30.0000  -30.000013185.5947   11.7575
    7.5000  -30.0000  -30.000012558.6406   11.7717
   -7.5000  -22.5000  -30.000013432.6885   11.6955
    0.0000  -22.5000  -30.000013935.4287   11.7060
    7.5000  -22.5000  -30.000013276.2764   11.7172
   -7.5000  -15.0000  -30.000013997.5312   11.6550
    0.0000  -15.0000  -30.000014514.7988   11.6641
    7.5000  -15.0000  -30.000013810.8828   11.6747
   -7.5000   -7.5000  -30.000014441.0859   11.6292
    0.0000   -7.5000  -30.000014978.7676   11.6397
    7.5000   -7.5000  -30.000014227.1396   11.6526
   -7.5000    0.0000  -30.000014725.4307   11.6222
    0.0000    0.0000  -30.000015273.6455   11.6349
    7.5000    0.0000  -30.000014509.6523   11.6503
   -7.5000    7.5000  -30.000013913.1387   11.6355
    0.0000    7.5000  -30.000014417.5723   11.6490
    7.5000    7.5000  -30.000013707.2754   11.6647
   -7.5000   15.0000  -30.000013020.3330   11.7370
    0.0000   15.0000  -30.000013508.0605   11.7493
    7.5000   15.0000  -30.000012827.3740   11.7635
   -7.5000   22.5000  -30.000012110.0010   11.9024
    0.0000   22.5000  -30.000012546.2637   11.9122
    7.5000   22.5000  -30.000011946.4600   11.9235
   -7.5000   30.0000  -30.000011117.7998   11.9563
    0.0000   30.0000  -30.000011502.1338   11.9623
    7.5000   30.0000  -30.000010975.9355   11.9723
   -7.5000   37.5000  -30.000010555.7148   12.2075
    0.0000   37.5000  -30.000010904.8584   12.2156
    7.5000   37.5000  -30.000010413.1582   12.2275
   -7.5000   45.0000  -30.0000 9796.6387   12.2214
    0.0000   45.0000  -30.000010113.2559   12.2339
    7.5000   45.0000  -30.0000 9628.2119   12.2480
   -7.5000  -45.0000  -22.500012106.0117   12.2187
    0.0000  -45.0000  -22.500012574.3779   12.2318
    7.5000  -45.0000  -22.500011970.1904   12.2493
   -7.5000  -37.5000  -22.500012643.7334   12.1777
    0.0000  -37.5000  -22.500013117.9062   12.1905
    7.5000  -37.5000  -22.500012492.2812   12.2072
   -7.5000  -30.0000  -22.500013554.8965   12.1188
    0.0000  -30.0000  -22.500014083.7598   12.1298
    7.5000  -30.0000  -22.500013390.3408   12.1438
   -7.5000  -22.5000  -22.500014316.1309   12.0688
    0.0000  -22.5000  -22.500014863.8086   12.0776
    7.5000  -22.5000  -22.500014135.6328   12.0893
   -7.5000  -15.0000  -22.500014909.6914   12.0273
    0.0000  -15.0000  -22.500015473.9980   12.0355
    7.5000  -15.0000  -22.500014695.6699   12.0473
   -7.5000   -7.5000  -22.500015378.9434   11.9999
    0.0000   -7.5000  -22.500015956.2900   12.0096
    7.5000   -7.5000  -22.500015119.4541   12.0235
   -7.5000    0.0000  -22.500015671.7012   11.9917
    0.0000    0.0000  -22.500016265.2051   12.0028
    7.5000    0.0000  -22.500015406.0459   12.0189
   -7.5000    7.5000  -22.500014780.3740   12.0052
    0.0000    7.5000  -22.500015346.1113   12.0165
    7.5000    7.5000  -22.500014544.3633   12.0322
   -7.5000   15.0000  -22.500013791.0918   12.1109
    0.0000   15.0000  -22.500014324.4531   12.1206
    7.5000   15.0000  -22.500013591.2393   12.1340
   -7.5000   22.5000  -22.500012784.0361   12.2834
    0.0000   22.5000  -22.500013256.0732   12.2911
    7.5000   22.5000  -22.500012628.4922   12.3022
   -7.5000   30.0000  -22.500011722.9102   12.3427
    0.0000   30.0000  -22.500012129.6992   12.3475
    7.5000   30.0000  -22.500011585.9092   12.3584
   -7.5000   37.5000  -22.500011130.9912   12.6006
    0.0000   37.5000  -22.500011496.6152   12.6071
    7.5000   37.5000  -22.500010988.1992   12.6197
   -7.5000   45.0000  -22.500010294.2617   12.6189
    0.0000   45.0000  -22.500010636.3203   12.6291
    7.5000   45.0000  -22.500010150.8662   12.6441
   -7.5000  -45.0000  -15.000012868.0723   12.4896
    0.0000  -45.0000  -15.000013360.1592   12.5003
    7.5000  -45.0000  -15.000012688.0625   12.5178
   -7.5000  -37.5000  -15.000013439.5596   12.4460
    0.0000  -37.5000  -15.000013929.4785   12.4556
    7.5000  -37.5000  -15.000013226.9785   12.4722
   -7.5000  -30.0000  -15.000014413.2568   12.3857
    0.0000  -30.0000  -15.000014959.8096   12.3939
    7.5000  -30.0000  -15.000014193.5947   12.4081
   -7.5000  -22.5000  -15.000015207.4326   12.3359
    0.0000  -22.5000  -15.000015778.2529   12.3434
    7.5000  -22.5000  -15.000014977.0615   12.3560
   -7.5000  -15.0000  -15.000015831.5430   12.2950
    0.0000  -15.0000  -15.000016433.9941   12.3029
    7.5000  -15.0000  -15.000015554.7295   12.3160
   -7.5000   -7.5000  -15.000016273.7686   12.2667
    0.0000   -7.5000  -15.000016906.3555   12.2755
    7.5000   -7.5000  -15.000015958.8008   12.2903
   -7.5000    0.0000  -15.000016544.8711   12.2569
    0.0000    0.0000  -15.000017184.1152   12.2657
    7.5000    0.0000  -15.000016245.0361   12.2819
   -7.5000    7.5000  -15.000015582.7471   12.2696
    0.0000    7.5000  -15.000016185.3047   12.2778
    7.5000    7.5000  -15.000015315.8965   12.2934
   -7.5000   15.0000  -15.000014516.6562   12.3786
    0.0000   15.0000  -15.000015083.6416   12.3855
    7.5000   15.0000  -15.000014332.0664   12.3985
   -7.5000   22.5000  -15.000013436.8828   12.5564
    0.0000   22.5000  -15.000013959.6055   12.5624
    7.5000   22.5000  -15.000013298.1396   12.5740
   -7.5000   30.0000  -15.000012314.9688   12.6210
    0.0000   30.0000  -15.000012765.1221   12.6258
    7.5000   30.0000  -15.000012194.9844   12.6382
   -7.5000   37.5000  -15.000011700.5918   12.8858
    0.0000   37.5000  -15.000012104.0254   12.8912
    7.5000   37.5000  -15.000011558.8389   12.9052
   -7.5000   45.0000  -15.000010800.3096   12.9096
    0.0000   45.0000  -15.000011175.8721   12.9170
    7.5000   45.0000  -15.000010645.7617   12.9333
   -7.5000  -45.0000   -7.500013603.5820   12.6260
    0.0000  -45.0000   -7.500014139.4814   12.6363
    7.5000  -45.0000   -7.500013381.9365   12.6536
   -7.5000  -37.5000   -7.500014208.9023   12.5803
    0.0000  -37.5000   -7.500014759.1992   12.5894
    7.5000  -37.5000   -7.500013932.8613   12.6061
   -7.5000  -30.0000   -7.500015256.4219   12.5183
    0.0000  -30.0000   -7.500015860.4883   12.5263
    7.5000  -30.0000   -7.500014950.0625   12.5412
   -7.5000  -22.5000   -7.500016122.1377   12.4680
    0.0000  -22.5000   -7.500016735.5234   12.4762
    7.5000  -22.5000   -7.500015797.8291   12.4896
   -7.5000  -15.0000   -7.500016780.9277   12.4279
    0.0000  -15.0000   -7.500017425.5996   12.4369
    7.5000  -15.0000   -7.500016407.3594   12.4504
   -7.5000   -7.5000   -7.500017197.4629   12.4006
    0.0000   -7.5000   -7.500017873.9043   12.4097
    7.5000   -7.5000   -7.500016808.3750   12.4246
   -7.5000    0.0000   -7.500017430.3066   12.3906
    0.0000    0.0000   -7.500018146.8496   12.3990
    7.5000    0.0000   -7.500017080.6211   12.4149
   -7.5000    7.5000   -7.500016337.4268   12.4020
    0.0000    7.5000   -7.500017017.6426   12.4097
    7.5000    7.5000   -7.500016031.9590   12.4253
   -7.5000   15.0000   -7.500015235.7041   12.5112
    0.0000   15.0000   -7.500015862.3711   12.5182
    7.5000   15.0000   -7.500015001.6113   12.5320
   -7.5000   22.5000   -7.500014088.4805   12.6879
    0.0000   22.5000   -7.500014665.5586   12.6949
    7.5000   22.5000   -7.500013908.2324   12.7078
   -7.5000   30.0000   -7.500012930.2578   12.7549
    0.0000   30.0000   -7.500013421.2930   12.7613
    7.5000   30.0000   -7.500012758.7344   12.7748
   -7.5000   37.5000   -7.500012292.1260   13.0256
    0.0000   37.5000   -7.500012742.5371   13.0321
    7.5000   37.5000   -7.500012109.8730   13.0468
   -7.5000   45.0000   -7.500011358.6680   13.0555
    0.0000   45.0000   -7.500011759.7207   13.0629
    7.5000   45.0000   -7.500011167.4639   13.0801
   -7.5000  -45.0000    0.000014208.3896   12.6432
    0.0000  -45.0000    0.000014781.2793   12.6558
    7.5000  -45.0000    0.000013964.2764   12.6731
   -7.5000  -37.5000    0.000014809.6064   12.5976
    0.0000  -37.5000    0.000015414.3740   12.6094
    7.5000  -37.5000    0.000014524.8389   12.6266
   -7.5000  -30.0000    0.000015890.7666   12.5352
    0.0000  -30.0000    0.000016550.0508   12.5460
    7.5000  -30.0000    0.000015555.8203   12.5613
   -7.5000  -22.5000    0.000016872.7930   12.4837
    0.0000  -22.5000    0.000017578.2734   12.4940
    7.5000  -22.5000    0.000016471.5312   12.5075
   -7.5000  -15.0000    0.000017621.8359   12.4426
    0.0000  -15.0000    0.000018376.7832   12.4531
    7.5000  -15.0000    0.000017124.5098   12.4665
   -7.5000   -7.5000    0.000018067.5801   12.4162
    0.0000   -7.5000    0.000018870.8770   12.4270
    7.5000   -7.5000    0.000017570.3164   12.4415
   -7.5000    0.0000    0.000018306.9727   12.4073
    0.0000    0.0000    0.000019128.3027   12.4179
    7.5000    0.0000    0.000017839.6855   12.4338
   -7.5000    7.5000    0.000017122.5859   12.4191
    0.0000    7.5000    0.000017859.0840   12.4294
    7.5000    7.5000    0.000016696.1641   12.4454
   -7.5000   15.0000    0.000015934.0967   12.5272
    0.0000   15.0000    0.000016584.7168   12.5371
    7.5000   15.0000    0.000015572.9893   12.5519
   -7.5000   22.5000    0.000014721.5625   12.7005
    0.0000   22.5000    0.000015304.3477   12.7102
    7.5000   22.5000    0.000014421.4004   12.7238
   -7.5000   30.0000    0.000013491.3418   12.7665
    0.0000   30.0000    0.000014005.2910   12.7747
    7.5000   30.0000    0.000013233.8594   12.7882
   -7.5000   37.5000    0.000012830.3125   13.0386
    0.0000   37.5000    0.000013305.3711   13.0474
    7.5000   37.5000    0.000012594.1904   13.0622
   -7.5000   45.0000    0.000011832.5342   13.0723
    0.0000   45.0000    0.000012256.2656   13.0827
    7.5000   45.0000    0.000011599.8711   13.0997
   -7.5000  -45.0000    7.500013659.8193   12.6767
    0.0000  -45.0000    7.500014217.6123   12.6919
    7.5000  -45.0000    7.500013451.9346   12.7096
   -7.5000  -37.5000    7.500014248.7334   12.6335
    0.0000  -37.5000    7.500014819.8135   12.6486
    7.5000  -37.5000    7.500014001.6309   12.6665
   -7.5000  -30.0000    7.500015302.8877   12.5723
    0.0000  -30.0000    7.500015945.3174   12.5860
    7.5000  -30.0000    7.500015029.0020   12.6016
   -7.5000  -22.5000    7.500016244.5303   12.5202
    0.0000  -22.5000    7.500016931.3691   12.5320
    7.5000  -22.5000    7.500015875.6758   12.5448
   -7.5000  -15.0000    7.500016957.7109   12.4778
    0.0000  -15.0000    7.500017688.9844   12.4886
    7.5000  -15.0000    7.500016452.9609   12.5008
   -7.5000   -7.5000    7.500017484.0020   12.4507
    0.0000   -7.5000    7.500018252.5918   12.4624
    7.5000   -7.5000    7.500016919.9043   12.4764
   -7.5000    0.0000    7.500017784.1562   12.4427
    0.0000    0.0000    7.500018571.4043   12.4557
    7.5000    0.0000    7.500017196.2461   12.4720
   -7.5000    7.5000    7.500016617.6758   12.4560
    0.0000    7.5000    7.500017347.7715   12.4695
    7.5000    7.5000    7.500016091.4932   12.4864
   -7.5000   15.0000    7.500015415.5957   12.5643
    0.0000   15.0000    7.500016070.4209   12.5772
    7.5000   15.0000    7.500015003.4131   12.5929
   -7.5000   22.5000    7.500014194.0137   12.7369
    0.0000   22.5000    7.500014786.0654   12.7482
    7.5000   22.5000    7.500013866.8428   12.7614
   -7.5000   30.0000    7.500012983.0352   12.8011
    0.0000   30.0000    7.500013503.5020   12.8091
    7.5000   30.0000    7.500012699.4287   12.8211
   -7.5000   37.5000    7.500012342.1787   13.0714
    0.0000   37.5000    7.500012821.4971   13.0812
    7.5000   37.5000    7.500012086.0723   13.0949
   -7.5000   45.0000    7.500011371.4746   13.1049
    0.0000   45.0000    7.500011793.7051   13.1180
    7.5000   45.0000    7.500011138.1338   13.1340
   -7.5000  -45.0000   15.000012964.4648   12.7252
    0.0000  -45.0000   15.000013506.8809   12.7409
    7.5000  -45.0000   15.000012812.6426   12.7592
   -7.5000  -37.5000   15.000013521.7900   12.6825
    0.0000  -37.5000   15.000014081.4277   12.6985
    7.5000  -37.5000   15.000013326.2324   12.7168
   -7.5000  -30.0000   15.000014557.4160   12.6220
    0.0000  -30.0000   15.000015162.0059   12.6363
    7.5000  -30.0000   15.000014300.1152   12.6518
   -7.5000  -22.5000   15.000015437.3740   12.5703
    0.0000  -22.5000   15.000016086.3086   12.5816
    7.5000  -22.5000   15.000015098.3818   12.5939
   -7.5000  -15.0000   15.000016102.3311   12.5277
    0.0000  -15.0000   15.000016757.3828   12.5375
    7.5000  -15.0000   15.000015669.5947   12.5492
   -7.5000   -7.5000   15.000016620.3691   12.5001
    0.0000   -7.5000   15.000017281.2793   12.5114
    7.5000   -7.5000   15.000016120.5791   12.5255
   -7.5000    0.0000   15.000016945.3809   12.4925
    0.0000    0.0000   15.000017627.2695   12.5061
    7.5000    0.0000   15.000016402.0645   12.5230
   -7.5000    7.5000   15.000015876.6064   12.5058
    0.0000    7.5000   15.000016537.0254   12.5202
    7.5000    7.5000   15.000015394.1641   12.5374
   -7.5000   15.0000   15.000014728.1396   12.6134
    0.0000   15.0000   15.000015341.1240   12.6267
    7.5000   15.0000   15.000014338.0205   12.6422
   -7.5000   22.5000   15.000013524.4902   12.7866
    0.0000   22.5000   15.000014083.1934   12.7973
    7.5000   22.5000   15.000013220.4531   12.8096
   -7.5000   30.0000   15.000012391.4990   12.8492
    0.0000   30.0000   15.000012859.1484   12.8556
    7.5000   30.0000   15.000012108.5781   12.8667
   -7.5000   37.5000   15.000011766.3291   13.1171
    0.0000   37.5000   15.000012199.5645   13.1258
    7.5000   37.5000   15.000011501.9580   13.1389
   -7.5000   45.0000   15.000010795.7363   13.1472
    0.0000   45.0000   15.000011199.2383   13.1605
    7.5000   45.0000   15.000010578.1582   13.1760
   -7.5000  -45.0000   22.500012201.6836   12.7872
    0.0000  -45.0000   22.500012698.3369   12.8017
    7.5000  -45.0000   22.500012075.2461   12.8205
   -7.5000  -37.5000   22.500012714.3330   12.7446
    0.0000  -37.5000   22.500013207.1035   12.7588
    7.5000  -37.5000   22.500012551.0039   12.7768
   -7.5000  -30.0000   22.500013675.6113   12.6863
    0.0000  -30.0000   22.500014194.5938   12.6987
    7.5000  -30.0000   22.500013437.4492   12.7138
   -7.5000  -22.5000   22.500014474.8652   12.6370
    0.0000  -22.5000   22.500015024.0928   12.6472
    7.5000  -22.5000   22.500014180.6455   12.6599
   -7.5000  -15.0000   22.500015107.0400   12.5962
    0.0000  -15.0000   22.500015671.4961   12.6058
    7.5000  -15.0000   22.500014764.8115   12.6187
   -7.5000   -7.5000   22.500015594.5029   12.5679
    0.0000   -7.5000   22.500016176.2412   12.5789
    7.5000   -7.5000   22.500015193.8828   12.5941
   -7.5000    0.0000   22.500015871.3965   12.5593
    0.0000    0.0000   22.500016466.9004   12.5718
    7.5000    0.0000   22.500015449.1475   12.5892
   -7.5000    7.5000   22.500014890.4209   12.5714
    0.0000    7.5000   22.500015470.2646   12.5840
    7.5000    7.5000   22.500014506.1934   12.6010
   -7.5000   15.0000   22.500013842.2266   12.6800
    0.0000   15.0000   22.500014407.4863   12.6910
    7.5000   15.0000   22.500013522.1309   12.7056
   -7.5000   22.5000   22.500012716.9150   12.8565
    0.0000   22.5000   22.500013235.2793   12.8654
    7.5000   22.5000   22.500012451.3691   12.8776
   -7.5000   30.0000   22.500011639.5635   12.9199
    0.0000   30.0000   22.500012092.6641   12.9259
    7.5000   30.0000   22.500011399.8779   12.9378
   -7.5000   37.5000   22.500011054.9180   13.1877
    0.0000   37.5000   22.500011468.5938   13.1954
    7.5000   37.5000   22.500010829.9961   13.2091
   -7.5000   45.0000   22.500010107.2217   13.2146
    0.0000   45.0000   22.500010489.3584   13.2261
    7.5000   45.0000   22.5000 9918.3320   13.2423
   -7.5000  -45.0000   30.000011346.8477   12.9051
    0.0000  -45.0000   30.000011793.1113   12.9175
    7.5000  -45.0000   30.000011256.8711   12.9362
   -7.5000  -37.5000   30.000011807.1504   12.8609
    0.0000  -37.5000   30.000012257.5332   12.8722
    7.5000  -37.5000   30.000011686.0439   12.8901
   -7.5000  -30.0000   30.000012674.1621   12.8041
    0.0000  -30.0000   30.000013148.6953   12.8141
    7.5000  -30.0000   30.000012489.6143   12.8295
   -7.5000  -22.5000   30.000013412.7324   12.7578
    0.0000  -22.5000   30.000013908.6885   12.7672
    7.5000  -22.5000   30.000013176.6104   12.7810
   -7.5000  -15.0000   30.000013983.3164   12.7202
    0.0000  -15.0000   30.000014491.1953   12.7300
    7.5000  -15.0000   30.000013715.0176   12.7443
   -7.5000   -7.5000   30.000014393.6738   12.6917
    0.0000   -7.5000   30.000014911.4482   12.7022
    7.5000   -7.5000   30.000014095.1426   12.7183
   -7.5000    0.0000   30.000014626.0254   12.6810
    0.0000    0.0000   30.000015146.9111   12.6914
    7.5000    0.0000   30.000014308.8174   12.7088
   -7.5000    7.5000   30.000013729.4844   12.6908
    0.0000    7.5000   30.000014232.6357   12.7007
    7.5000    7.5000   30.000013433.4619   12.7175
   -7.5000   15.0000   30.000012805.4043   12.8014
    0.0000   15.0000   30.000013292.0986   12.8100
    7.5000   15.0000   30.000012536.1670   12.8243
   -7.5000   22.5000   30.000011804.5400   12.9825
    0.0000   22.5000   30.000012238.6875   12.9904
    7.5000   22.5000   30.000011561.4648   13.0032
   -7.5000   30.0000   30.000010796.9414   13.0493
    0.0000   30.0000   30.000011204.1084   13.0557
    7.5000   30.0000   30.000010595.1094   13.0693
   -7.5000   37.5000   30.000010256.1201   13.3215
    0.0000   37.5000   30.000010650.7432   13.3285
    7.5000   37.5000   30.000010076.0537   13.3435
   -7.5000   45.0000   30.0000 9366.5723   13.3490
    0.0000   45.0000   30.0000 9723.2949   13.3579
    7.5000   45.0000   30.0000 9213.7891   13.3754
   -7.5000  -45.0000   37.500010914.4512   13.0914
    0.0000  -45.0000   37.500011344.4229   13.1048
    7.5000  -45.0000   37.500010854.8232   13.1243
   -7.5000  -37.5000   37.500011351.3135   13.0447
    0.0000  -37.5000   37.500011782.8848   13.0569
    7.5000  -37.5000   37.500011250.8750   13.0756
   -7.5000  -30.0000   37.500012139.5527   12.9877
    0.0000  -30.0000   37.500012598.7891   12.9988
    7.5000  -30.0000   37.500012000.3027   13.0153
   -7.5000  -22.5000   37.500012837.6426   12.9430
    0.0000  -22.5000   37.500013319.5264   12.9541
    7.5000  -22.5000   37.500012654.9814   12.9689
   -7.5000  -15.0000   37.500013387.3838   12.9083
    0.0000  -15.0000   37.500013867.2578   12.9203
    7.5000  -15.0000   37.500013181.6758   12.9353
   -7.5000   -7.5000   37.500013753.7988   12.8815
    0.0000   -7.5000   37.500014227.1270   12.8936
    7.5000   -7.5000   37.500013522.5186   12.9103
   -7.5000    0.0000   37.500013946.3076   12.8696
    0.0000    0.0000   37.500014436.6680   12.8810
    7.5000    0.0000   37.500013698.2383   12.8990
   -7.5000    7.5000   37.500013069.2148   12.8767
    0.0000    7.5000   37.500013543.0332   12.8874
    7.5000    7.5000   37.500012840.0439   12.9050
   -7.5000   15.0000   37.500012200.4355   12.9882
    0.0000   15.0000   37.500012654.8682   12.9982
    7.5000   15.0000   37.500011987.3271   13.0136
   -7.5000   22.5000   37.500011267.4531   13.1720
    0.0000   22.5000   37.500011685.8691   13.1819
    7.5000   22.5000   37.500011072.0312   13.1961
   -7.5000   30.0000   37.500010318.6387   13.2426
    0.0000   30.0000   37.500010717.1582   13.2517
    7.5000   30.0000   37.500010161.9229   13.2666
   -7.5000   37.5000   37.5000 9811.8877   13.5241
    0.0000   37.5000   37.500010195.3799   13.5334
    7.5000   37.5000   37.5000 9662.1211   13.5499
   -7.5000   45.0000   37.5000 8967.9688   13.5580
    0.0000   45.0000   37.5000 9332.4795   13.5683
    7.5000   45.0000   37.5000 8842.8828   13.5877
   -7.5000  -45.0000   45.000010052.5342   13.2937
    0.0000  -45.0000   45.000010453.8887   13.3102
    7.5000  -45.0000   45.0000 9998.1377   13.3288
   -7.5000  -37.5000   45.000010440.1309   13.2470
    0.0000  -37.5000   45.000010847.9424   13.2627
    7.5000  -37.5000   45.000010369.4492   13.2808
   -7.5000  -30.0000   45.000011136.6660   13.1895
    0.0000  -30.0000   45.000011571.7891   13.2039
    7.5000  -30.0000   45.000011046.3838   13.2197
   -7.5000  -22.5000   45.000011764.1084   13.1431
    0.0000  -22.5000   45.000012201.4414   13.1567
    7.5000  -22.5000   45.000011641.9102   13.1706
   -7.5000  -15.0000   45.000012246.0127   13.1079
    0.0000  -15.0000   45.000012693.9932   13.1215
    7.5000  -15.0000   45.000012092.1934   13.1357
   -7.5000   -7.5000   45.000012576.0430   13.0829
    0.0000   -7.5000   45.000013018.0244   13.0971
    7.5000   -7.5000   45.000012395.6143   13.1128
   -7.5000    0.0000   45.000012746.3311   13.0730
    0.0000    0.0000   45.000013193.2314   13.0873
    7.5000    0.0000   45.000012554.2041   13.1044
   -7.5000    7.5000   45.000011933.2578   13.0803
    0.0000    7.5000   45.000012363.5615   13.0944
    7.5000    7.5000   45.000011758.9141   13.1113
   -7.5000   15.0000   45.000011137.0791   13.1929
    0.0000   15.0000   45.000011549.7295   13.2065
    7.5000   15.0000   45.000010972.0703   13.2218
   -7.5000   22.5000   45.000010278.3066   13.3769
    0.0000   22.5000   45.000010666.6367   13.3898
    7.5000   22.5000   45.000010133.8965   13.4037
   -7.5000   30.0000   45.0000 9417.8057   13.4482
    0.0000   30.0000   45.0000 9783.3838   13.4591
    7.5000   30.0000   45.0000 9296.6553   13.4733
   -7.5000   37.5000   45.0000 8974.0420   13.7404
    0.0000   37.5000   45.0000 9326.4004   13.7523
    7.5000   37.5000   45.0000 8852.4551   13.7679
   -7.5000   45.0000   45.0000 8217.1533   13.7936
    0.0000   45.0000   45.0000 8543.4951   13.8076
    7.5000   45.0000   45.0000 8117.0562   13.8256

---------------------------------------------------------------------
imgreg_4dfp /opt/freesurfer/average/711-2C_as_mni_average_305 /opt/freesurfer/average/711-2B_as_mni_average_305_mask talsrcimg_g11 none talsrcimg_to_711-2C_as_mni_average_305_t4 4355
---------------------------------------------------------------------

freesurfer imgreg_4dfp.c
/opt/freesurfer/average/711-2C_as_mni_average_305.4dfp.img
       256       256       256         1
  1.000000  1.000000  1.000000
orientation T byte_order littleendian
Reading image: /opt/freesurfer/average/711-2C_as_mni_average_305.4dfp.img
dimensions:      256       256       256
mmppix:       1.0000   -1.0000   -1.0000
center:     128.0000 -129.0000 -129.0000
/opt/freesurfer/average/711-2B_as_mni_average_305_mask.4dfp.img
       256       256       256         1
  1.000000  1.000000  1.000000
orientation T byte_order littleendian
Reading mask: /opt/freesurfer/average/711-2B_as_mni_average_305_mask.4dfp.img (2306576 pixels)
talsrcimg_g11.4dfp.img
       256       256       256         1
  1.000000  1.000000  1.000000
orientation T byte_order littleendian
Reading image: talsrcimg_g11.4dfp.img
dimensions:      256       256       256
mmppix:       1.0000   -1.0000   -1.0000
center:     128.0000 -129.0000 -129.0000
rotation matrix determinant  1.000000
image alignment mode   4355 decimal     1103 hex
   -7.5000  -45.0000  -45.0000 2327.1003   13.7348
    0.0000  -45.0000  -45.0000 2331.1899   13.7283
    7.5000  -45.0000  -45.0000 2307.8120   13.9077
   -7.5000  -37.5000  -45.0000 2370.8589   13.1086
    0.0000  -37.5000  -45.0000 2376.7688   13.1155
    7.5000  -37.5000  -45.0000 2355.3191   13.2789
   -7.5000  -30.0000  -45.0000 2406.3577   12.5896
    0.0000  -30.0000  -45.0000 2416.8860   12.5907
    7.5000  -30.0000  -45.0000 2395.1545   12.7587
   -7.5000  -22.5000  -45.0000 2428.8606   12.2333
    0.0000  -22.5000  -45.0000 2442.1199   12.2164
    7.5000  -22.5000  -45.0000 2416.5874   12.3821
   -7.5000  -15.0000  -45.0000 2437.3767   12.0095
    0.0000  -15.0000  -45.0000 2448.2383   12.0072
    7.5000  -15.0000  -45.0000 2425.7717   12.1566
   -7.5000   -7.5000  -45.0000 2439.3953   11.9474
    0.0000   -7.5000  -45.0000 2452.8511   11.9166
    7.5000   -7.5000  -45.0000 2426.4851   12.0946
   -7.5000    0.0000  -45.0000 2431.4553   12.0626
    0.0000    0.0000  -45.0000 2443.6245   12.0247
    7.5000    0.0000  -45.0000 2416.4158   12.2390
   -7.5000    7.5000  -45.0000 2405.5486   12.4075
    0.0000    7.5000  -45.0000 2414.8447   12.3745
    7.5000    7.5000  -45.0000 2389.6121   12.5790
   -7.5000   15.0000  -45.0000 2360.8279   12.9606
    0.0000   15.0000  -45.0000 2371.7292   12.9265
    7.5000   15.0000  -45.0000 2344.4111   13.1485
   -7.5000   22.5000  -45.0000 2289.3743   13.7758
    0.0000   22.5000  -45.0000 2300.5769   13.7450
    7.5000   22.5000  -45.0000 2277.9663   13.9632
   -7.5000   30.0000  -45.0000 2203.2712   14.8716
    0.0000   30.0000  -45.0000 2212.8818   14.8439
    7.5000   30.0000  -45.0000 2190.8452   15.0931
   -7.5000   37.5000  -45.0000 2103.0381   16.3799
    0.0000   37.5000  -45.0000 2110.3958   16.3698
    7.5000   37.5000  -45.0000 2088.9824   16.6417
   -7.5000   45.0000  -45.0000 1997.0621   18.4484
    0.0000   45.0000  -45.0000 2003.1521   18.4375
    7.5000   45.0000  -45.0000 1980.4761   18.7179
   -7.5000  -45.0000  -37.5000 2413.6929   12.7287
    0.0000  -45.0000  -37.5000 2419.2764   12.7327
    7.5000  -45.0000  -37.5000 2395.2656   12.9232
   -7.5000  -37.5000  -37.5000 2461.5881   12.1655
    0.0000  -37.5000  -37.5000 2468.1177   12.1622
    7.5000  -37.5000  -37.5000 2442.0435   12.3468
   -7.5000  -30.0000  -37.5000 2493.1675   11.7072
    0.0000  -30.0000  -37.5000 2504.5559   11.7030
    7.5000  -30.0000  -37.5000 2478.1895   11.8669
   -7.5000  -22.5000  -37.5000 2518.5447   11.3794
    0.0000  -22.5000  -37.5000 2531.3186   11.3713
    7.5000  -22.5000  -37.5000 2505.1445   11.5292
   -7.5000  -15.0000  -37.5000 2532.2266   11.2052
    0.0000  -15.0000  -37.5000 2543.1689   11.1800
    7.5000  -15.0000  -37.5000 2521.3638   11.3425
   -7.5000   -7.5000  -37.5000 2533.0542   11.1444
    0.0000   -7.5000  -37.5000 2545.9988   11.1240
    7.5000   -7.5000  -37.5000 2520.2334   11.3056
   -7.5000    0.0000  -37.5000 2524.6045   11.2512
    0.0000    0.0000  -37.5000 2535.6755   11.2272
    7.5000    0.0000  -37.5000 2506.5981   11.4305
   -7.5000    7.5000  -37.5000 2497.9382   11.5612
    0.0000    7.5000  -37.5000 2506.7935   11.5369
    7.5000    7.5000  -37.5000 2481.8892   11.7318
   -7.5000   15.0000  -37.5000 2449.2983   12.0626
    0.0000   15.0000  -37.5000 2459.4263   12.0304
    7.5000   15.0000  -37.5000 2433.6545   12.2271
   -7.5000   22.5000  -37.5000 2377.7717   12.8070
    0.0000   22.5000  -37.5000 2387.3926   12.7654
    7.5000   22.5000  -37.5000 2362.1069   12.9809
   -7.5000   30.0000  -37.5000 2284.0125   13.8297
    0.0000   30.0000  -37.5000 2292.9316   13.7962
    7.5000   30.0000  -37.5000 2269.4192   14.0236
   -7.5000   37.5000  -37.5000 2173.6362   15.2308
    0.0000   37.5000  -37.5000 2179.3979   15.1993
    7.5000   37.5000  -37.5000 2157.6797   15.4486
   -7.5000   45.0000  -37.5000 2058.2966   17.1371
    0.0000   45.0000  -37.5000 2065.4377   17.1208
    7.5000   45.0000  -37.5000 2041.3408   17.3817
   -7.5000  -45.0000  -30.0000 2544.9968   12.2250
    0.0000  -45.0000  -30.0000 2551.1841   12.2282
    7.5000  -45.0000  -30.0000 2522.7041   12.4376
   -7.5000  -37.5000  -30.0000 2590.9900   11.6655
    0.0000  -37.5000  -30.0000 2599.8423   11.6518
    7.5000  -37.5000  -30.0000 2569.5767   11.8508
   -7.5000  -30.0000  -30.0000 2629.9780   11.2328
    0.0000  -30.0000  -30.0000 2641.6130   11.2037
    7.5000  -30.0000  -30.0000 2613.6079   11.3833
   -7.5000  -22.5000  -30.0000 2661.5466   10.9305
    0.0000  -22.5000  -30.0000 2671.1738   10.9003
    7.5000  -22.5000  -30.0000 2647.1572   11.0707
   -7.5000  -15.0000  -30.0000 2677.8384   10.7687
    0.0000  -15.0000  -30.0000 2690.3630   10.7283
    7.5000  -15.0000  -30.0000 2665.5549   10.8974
   -7.5000   -7.5000  -30.0000 2683.7942   10.7350
    0.0000   -7.5000  -30.0000 2697.5972   10.7083
    7.5000   -7.5000  -30.0000 2667.4541   10.8899
   -7.5000    0.0000  -30.0000 2676.3894   10.8577
    0.0000    0.0000  -30.0000 2688.9053   10.8283
    7.5000    0.0000  -30.0000 2655.1516   11.0174
   -7.5000    7.5000  -30.0000 2649.6272   11.1473
    0.0000    7.5000  -30.0000 2658.4570   11.1206
    7.5000    7.5000  -30.0000 2628.5767   11.3114
   -7.5000   15.0000  -30.0000 2593.6526   11.6250
    0.0000   15.0000  -30.0000 2606.3503   11.5846
    7.5000   15.0000  -30.0000 2574.0320   11.7795
   -7.5000   22.5000  -30.0000 2512.9910   12.3339
    0.0000   22.5000  -30.0000 2523.6890   12.2919
    7.5000   22.5000  -30.0000 2493.7158   12.4884
   -7.5000   30.0000  -30.0000 2407.7993   13.3282
    0.0000   30.0000  -30.0000 2415.2966   13.2907
    7.5000   30.0000  -30.0000 2391.1240   13.4955
   -7.5000   37.5000  -30.0000 2287.4404   14.6801
    0.0000   37.5000  -30.0000 2292.2085   14.6362
    7.5000   37.5000  -30.0000 2269.6401   14.8680
   -7.5000   45.0000  -30.0000 2160.4485   16.4767
    0.0000   45.0000  -30.0000 2165.7666   16.4657
    7.5000   45.0000  -30.0000 2143.8291   16.7286
   -7.5000  -45.0000  -22.5000 2636.5559   11.7130
    0.0000  -45.0000  -22.5000 2641.4580   11.7123
    7.5000  -45.0000  -22.5000 2618.7637   11.8861
   -7.5000  -37.5000  -22.5000 2686.9133   11.1341
    0.0000  -37.5000  -22.5000 2689.8147   11.1251
    7.5000  -37.5000  -22.5000 2668.6084   11.3191
   -7.5000  -30.0000  -22.5000 2729.3008   10.7012
    0.0000  -30.0000  -22.5000 2740.6248   10.6863
    7.5000  -30.0000  -22.5000 2716.0061   10.8616
   -7.5000  -22.5000  -22.5000 2764.4143   10.4173
    0.0000  -22.5000  -22.5000 2778.1423   10.3881
    7.5000  -22.5000  -22.5000 2755.9182   10.5488
   -7.5000  -15.0000  -22.5000 2787.9910   10.2605
    0.0000  -15.0000  -22.5000 2802.0796   10.2232
    7.5000  -15.0000  -22.5000 2775.4338   10.3749
   -7.5000   -7.5000  -22.5000 2807.0959   10.2408
    0.0000   -7.5000  -22.5000 2817.2937   10.2147
    7.5000   -7.5000  -22.5000 2785.6934   10.3608
   -7.5000    0.0000  -22.5000 2800.9133   10.3645
    0.0000    0.0000  -22.5000 2814.6853   10.3389
    7.5000    0.0000  -22.5000 2775.9126   10.5095
   -7.5000    7.5000  -22.5000 2770.3018   10.6537
    0.0000    7.5000  -22.5000 2784.0769   10.6267
    7.5000    7.5000  -22.5000 2747.6685   10.8043
   -7.5000   15.0000  -22.5000 2710.1567   11.1019
    0.0000   15.0000  -22.5000 2723.8081   11.0695
    7.5000   15.0000  -22.5000 2687.7571   11.2685
   -7.5000   22.5000  -22.5000 2618.4590   11.8013
    0.0000   22.5000  -22.5000 2629.3845   11.7720
    7.5000   22.5000  -22.5000 2596.2168   11.9780
   -7.5000   30.0000  -22.5000 2501.6917   12.7656
    0.0000   30.0000  -22.5000 2508.4041   12.7405
    7.5000   30.0000  -22.5000 2480.4980   12.9545
   -7.5000   37.5000  -22.5000 2371.7356   14.0775
    0.0000   37.5000  -22.5000 2379.1196   14.0419
    7.5000   37.5000  -22.5000 2353.2126   14.2770
   -7.5000   45.0000  -22.5000 2233.9258   15.8318
    0.0000   45.0000  -22.5000 2241.1680   15.7982
    7.5000   45.0000  -22.5000 2217.6189   16.0767
   -7.5000  -45.0000  -15.0000 2690.9946   11.2749
    0.0000  -45.0000  -15.0000 2695.4338   11.2556
    7.5000  -45.0000  -15.0000 2672.4343   11.4112
   -7.5000  -37.5000  -15.0000 2741.5513   10.6950
    0.0000  -37.5000  -15.0000 2746.6038   10.6642
    7.5000  -37.5000  -15.0000 2724.2439   10.8490
   -7.5000  -30.0000  -15.0000 2792.5098   10.2448
    0.0000  -30.0000  -15.0000 2804.9866   10.2206
    7.5000  -30.0000  -15.0000 2781.0535   10.3854
   -7.5000  -22.5000  -15.0000 2837.3538    9.9315
    0.0000  -22.5000  -15.0000 2850.2478    9.9191
    7.5000  -22.5000  -15.0000 2826.5515   10.0823
   -7.5000  -15.0000  -15.0000 2867.3992    9.7690
    0.0000  -15.0000  -15.0000 2883.8743    9.7492
    7.5000  -15.0000  -15.0000 2851.7397    9.9261
   -7.5000   -7.5000  -15.0000 2889.3396    9.7511
    0.0000   -7.5000  -15.0000 2906.8811    9.7266
    7.5000   -7.5000  -15.0000 2867.3372    9.9075
   -7.5000    0.0000  -15.0000 2889.5103    9.8844
    0.0000    0.0000  -15.0000 2907.0854    9.8433
    7.5000    0.0000  -15.0000 2862.7439   10.0456
   -7.5000    7.5000  -15.0000 2857.9019   10.1737
    0.0000    7.5000  -15.0000 2875.2646   10.1272
    7.5000    7.5000  -15.0000 2831.4871   10.3361
   -7.5000   15.0000  -15.0000 2785.5417   10.6160
    0.0000   15.0000  -15.0000 2801.4604   10.5802
    7.5000   15.0000  -15.0000 2764.7251   10.7953
   -7.5000   22.5000  -15.0000 2682.6602   11.3047
    0.0000   22.5000  -15.0000 2698.8062   11.2705
    7.5000   22.5000  -15.0000 2663.3496   11.5088
   -7.5000   30.0000  -15.0000 2558.7485   12.2656
    0.0000   30.0000  -15.0000 2571.0032   12.2352
    7.5000   30.0000  -15.0000 2536.6785   12.4989
   -7.5000   37.5000  -15.0000 2423.6987   13.5586
    0.0000   37.5000  -15.0000 2432.2380   13.5297
    7.5000   37.5000  -15.0000 2401.2793   13.8129
   -7.5000   45.0000  -15.0000 2276.5332   15.2482
    0.0000   45.0000  -15.0000 2284.9531   15.2136
    7.5000   45.0000  -15.0000 2257.5449   15.5140
   -7.5000  -45.0000   -7.5000 2710.7927   10.9295
    0.0000  -45.0000   -7.5000 2719.5266   10.9078
    7.5000  -45.0000   -7.5000 2701.5835   11.0534
   -7.5000  -37.5000   -7.5000 2762.8132   10.3468
    0.0000  -37.5000   -7.5000 2774.3008   10.3076
    7.5000  -37.5000   -7.5000 2751.5503   10.4662
   -7.5000  -30.0000   -7.5000 2822.5896    9.8851
    0.0000  -30.0000   -7.5000 2839.5051    9.8552
    7.5000  -30.0000   -7.5000 2815.5007   10.0095
   -7.5000  -22.5000   -7.5000 2881.5759    9.5550
    0.0000  -22.5000   -7.5000 2896.0200    9.5333
    7.5000  -22.5000   -7.5000 2871.0959    9.7045
   -7.5000  -15.0000   -7.5000 2925.8721    9.3880
    0.0000  -15.0000   -7.5000 2946.6372    9.3566
    7.5000  -15.0000   -7.5000 2910.3325    9.5445
   -7.5000   -7.5000   -7.5000 2957.4822    9.3532
    0.0000   -7.5000   -7.5000 2977.0430    9.3262
    7.5000   -7.5000   -7.5000 2930.7773    9.5229
   -7.5000    0.0000   -7.5000 2954.1084    9.4734
    0.0000    0.0000   -7.5000 2977.1577    9.4462
    7.5000    0.0000   -7.5000 2922.4041    9.6607
   -7.5000    7.5000   -7.5000 2911.2061    9.7610
    0.0000    7.5000   -7.5000 2937.3660    9.7152
    7.5000    7.5000   -7.5000 2881.5154    9.9457
   -7.5000   15.0000   -7.5000 2834.3027   10.2109
    0.0000   15.0000   -7.5000 2855.3401   10.1705
    7.5000   15.0000   -7.5000 2811.7129   10.3976
   -7.5000   22.5000   -7.5000 2720.8357   10.8899
    0.0000   22.5000   -7.5000 2741.3186   10.8578
    7.5000   22.5000   -7.5000 2704.8442   11.0933
   -7.5000   30.0000   -7.5000 2587.8799   11.8947
    0.0000   30.0000   -7.5000 2601.3538   11.8442
    7.5000   30.0000   -7.5000 2567.7100   12.0898
   -7.5000   37.5000   -7.5000 2446.9399   13.1932
    0.0000   37.5000   -7.5000 2457.5210   13.1319
    7.5000   37.5000   -7.5000 2426.6165   13.4057
   -7.5000   45.0000   -7.5000 2295.9553   14.8580
    0.0000   45.0000   -7.5000 2305.3984   14.7844
    7.5000   45.0000   -7.5000 2279.2964   15.0751
   -7.5000  -45.0000    0.0000 2716.2715   10.7100
    0.0000  -45.0000    0.0000 2724.8682   10.6955
    7.5000  -45.0000    0.0000 2706.9097   10.8654
   -7.5000  -37.5000    0.0000 2767.8242   10.1185
    0.0000  -37.5000    0.0000 2779.7659   10.1040
    7.5000  -37.5000    0.0000 2761.6018   10.2588
   -7.5000  -30.0000    0.0000 2830.9404    9.6452
    0.0000  -30.0000    0.0000 2848.6504    9.6284
    7.5000  -30.0000    0.0000 2827.0664    9.7799
   -7.5000  -22.5000    0.0000 2902.1331    9.3187
    0.0000  -22.5000    0.0000 2919.7932    9.3025
    7.5000  -22.5000    0.0000 2891.4146    9.4715
   -7.5000  -15.0000    0.0000 2960.8240    9.1840
    0.0000  -15.0000    0.0000 2981.9622    9.1585
    7.5000  -15.0000    0.0000 2944.3149    9.3269
   -7.5000   -7.5000    0.0000 3000.2273    9.1567
    0.0000   -7.5000    0.0000 3025.6252    9.1400
    7.5000   -7.5000    0.0000 2972.0808    9.3098
   -7.5000    0.0000    0.0000 2993.9065    9.2687
    0.0000    0.0000    0.0000 3022.7466    9.2667
    7.5000    0.0000    0.0000 2959.9980    9.4524
   -7.5000    7.5000    0.0000 2940.7529    9.5380
    0.0000    7.5000    0.0000 2964.9141    9.5269
    7.5000    7.5000    0.0000 2909.0867    9.7283
   -7.5000   15.0000    0.0000 2853.7507    9.9868
    0.0000   15.0000    0.0000 2872.2759    9.9621
    7.5000   15.0000    0.0000 2830.3848   10.1761
   -7.5000   22.5000    0.0000 2735.4094   10.6879
    0.0000   22.5000    0.0000 2754.8970   10.6510
    7.5000   22.5000    0.0000 2720.0513   10.8787
   -7.5000   30.0000    0.0000 2598.8054   11.6941
    0.0000   30.0000    0.0000 2612.5122   11.6440
    7.5000   30.0000    0.0000 2580.8540   11.8760
   -7.5000   37.5000    0.0000 2450.7441   12.9797
    0.0000   37.5000    0.0000 2464.3191   12.9379
    7.5000   37.5000    0.0000 2435.4045   13.1862
   -7.5000   45.0000    0.0000 2300.1421   14.6421
    0.0000   45.0000    0.0000 2307.7329   14.5945
    7.5000   45.0000    0.0000 2283.5781   14.8422
   -7.5000  -45.0000    7.5000 2713.4053   10.6030
    0.0000  -45.0000    7.5000 2720.2358   10.5948
    7.5000  -45.0000    7.5000 2702.9326   10.7905
   -7.5000  -37.5000    7.5000 2767.9050   10.0036
    0.0000  -37.5000    7.5000 2774.9175    9.9971
    7.5000  -37.5000    7.5000 2761.3750   10.1740
   -7.5000  -30.0000    7.5000 2833.1262    9.5417
    0.0000  -30.0000    7.5000 2846.2349    9.5401
    7.5000  -30.0000    7.5000 2828.5195    9.7214
   -7.5000  -22.5000    7.5000 2906.5654    9.2371
    0.0000  -22.5000    7.5000 2921.6987    9.2279
    7.5000  -22.5000    7.5000 2897.2952    9.4212
   -7.5000  -15.0000    7.5000 2972.7808    9.1211
    0.0000  -15.0000    7.5000 2989.8027    9.0987
    7.5000  -15.0000    7.5000 2950.5513    9.2610
   -7.5000   -7.5000    7.5000 3014.9885    9.1159
    0.0000   -7.5000    7.5000 3035.6287    9.1106
    7.5000   -7.5000    7.5000 2979.3872    9.2633
   -7.5000    0.0000    7.5000 3004.6743    9.2558
    0.0000    0.0000    7.5000 3029.1550    9.2493
    7.5000    0.0000    7.5000 2965.7844    9.4197
   -7.5000    7.5000    7.5000 2940.0769    9.5440
    0.0000    7.5000    7.5000 2961.4263    9.5386
    7.5000    7.5000    7.5000 2906.5239    9.7168
   -7.5000   15.0000    7.5000 2842.2168    9.9979
    0.0000   15.0000    7.5000 2859.5984    9.9889
    7.5000   15.0000    7.5000 2822.0303   10.1779
   -7.5000   22.5000    7.5000 2723.9155   10.6941
    0.0000   22.5000    7.5000 2740.8398   10.6607
    7.5000   22.5000    7.5000 2713.2202   10.8611
   -7.5000   30.0000    7.5000 2589.8074   11.6766
    0.0000   30.0000    7.5000 2601.4531   11.6281
    7.5000   30.0000    7.5000 2576.8542   11.8330
   -7.5000   37.5000    7.5000 2442.8450   12.9475
    0.0000   37.5000    7.5000 2453.7756   12.8894
    7.5000   37.5000    7.5000 2430.6206   13.1344
   -7.5000   45.0000    7.5000 2290.0278   14.5692
    0.0000   45.0000    7.5000 2299.2615   14.5134
    7.5000   45.0000    7.5000 2276.3716   14.7964
   -7.5000  -45.0000   15.0000 2700.0898   10.6385
    0.0000  -45.0000   15.0000 2708.4373   10.6255
    7.5000  -45.0000   15.0000 2692.6389   10.8370
   -7.5000  -37.5000   15.0000 2754.6243   10.0601
    0.0000  -37.5000   15.0000 2761.3389   10.0482
    7.5000  -37.5000   15.0000 2748.7659   10.2381
   -7.5000  -30.0000   15.0000 2818.1748    9.6416
    0.0000  -30.0000   15.0000 2828.6450    9.6257
    7.5000  -30.0000   15.0000 2814.5913    9.8120
   -7.5000  -22.5000   15.0000 2887.4299    9.3674
    0.0000  -22.5000   15.0000 2901.3323    9.3330
    7.5000  -22.5000   15.0000 2881.3843    9.5141
   -7.5000  -15.0000   15.0000 2948.2646    9.2348
    0.0000  -15.0000   15.0000 2965.5930    9.2097
    7.5000  -15.0000   15.0000 2928.4070    9.3697
   -7.5000   -7.5000   15.0000 2986.5796    9.2537
    0.0000   -7.5000   15.0000 3007.5159    9.2251
    7.5000   -7.5000   15.0000 2953.9854    9.4034
   -7.5000    0.0000   15.0000 2975.3740    9.4232
    0.0000    0.0000   15.0000 2995.3572    9.3898
    7.5000    0.0000   15.0000 2940.8464    9.5813
   -7.5000    7.5000   15.0000 2909.2227    9.7480
    0.0000    7.5000   15.0000 2928.4463    9.7101
    7.5000    7.5000   15.0000 2881.3013    9.9046
   -7.5000   15.0000   15.0000 2804.8469   10.2417
    0.0000   15.0000   15.0000 2822.4568   10.2045
    7.5000   15.0000   15.0000 2789.0962   10.3888
   -7.5000   22.5000   15.0000 2688.2026   10.9264
    0.0000   22.5000   15.0000 2702.5364   10.8804
    7.5000   22.5000   15.0000 2677.3711   11.0717
   -7.5000   30.0000   15.0000 2562.8540   11.8783
    0.0000   30.0000   15.0000 2569.9990   11.8344
    7.5000   30.0000   15.0000 2548.3850   12.0206
   -7.5000   37.5000   15.0000 2416.9939   13.1125
    0.0000   37.5000   15.0000 2425.7698   13.0619
    7.5000   37.5000   15.0000 2404.1924   13.2755
   -7.5000   45.0000   15.0000 2264.4875   14.6829
    0.0000   45.0000   15.0000 2275.2483   14.6300
    7.5000   45.0000   15.0000 2253.9917   14.8778
   -7.5000  -45.0000   22.5000 2678.8516   10.8459
    0.0000  -45.0000   22.5000 2689.2751   10.8029
    7.5000  -45.0000   22.5000 2670.4033   11.0341
   -7.5000  -37.5000   22.5000 2728.7109   10.2919
    0.0000  -37.5000   22.5000 2737.5198   10.2592
    7.5000  -37.5000   22.5000 2723.8552   10.4613
   -7.5000  -30.0000   22.5000 2789.0618    9.8912
    0.0000  -30.0000   22.5000 2798.8503    9.8497
    7.5000  -30.0000   22.5000 2783.7317   10.0412
   -7.5000  -22.5000   22.5000 2850.4539    9.6395
    0.0000  -22.5000   22.5000 2862.8105    9.6000
    7.5000  -22.5000   22.5000 2842.4453    9.7573
   -7.5000  -15.0000   22.5000 2901.7646    9.5294
    0.0000  -15.0000   22.5000 2917.0669    9.4915
    7.5000  -15.0000   22.5000 2887.4958    9.6544
   -7.5000   -7.5000   22.5000 2926.2629    9.6008
    0.0000   -7.5000   22.5000 2944.7026    9.5652
    7.5000   -7.5000   22.5000 2902.4143    9.7507
   -7.5000    0.0000   22.5000 2908.3325    9.8026
    0.0000    0.0000   22.5000 2921.8206    9.7769
    7.5000    0.0000   22.5000 2882.5405    9.9635
   -7.5000    7.5000   22.5000 2847.7598   10.1331
    0.0000    7.5000   22.5000 2860.8545   10.1066
    7.5000    7.5000   22.5000 2825.9634   10.2833
   -7.5000   15.0000   22.5000 2754.9104   10.6245
    0.0000   15.0000   22.5000 2773.4602   10.5782
    7.5000   15.0000   22.5000 2738.6279   10.7629
   -7.5000   22.5000   22.5000 2639.6436   11.3143
    0.0000   22.5000   22.5000 2652.5293   11.2588
    7.5000   22.5000   22.5000 2625.9666   11.4383
   -7.5000   30.0000   22.5000 2518.2366   12.2348
    0.0000   30.0000   22.5000 2527.3542   12.1930
    7.5000   30.0000   22.5000 2504.8772   12.3594
   -7.5000   37.5000   22.5000 2378.5281   13.4620
    0.0000   37.5000   22.5000 2386.1660   13.3990
    7.5000   37.5000   22.5000 2364.6069   13.5912
   -7.5000   45.0000   22.5000 2229.3760   15.0110
    0.0000   45.0000   22.5000 2241.2441   14.9399
    7.5000   45.0000   22.5000 2218.8970   15.1507
   -7.5000  -45.0000   30.0000 2635.1836   11.2248
    0.0000  -45.0000   30.0000 2648.9150   11.1418
    7.5000  -45.0000   30.0000 2631.1936   11.4122
   -7.5000  -37.5000   30.0000 2687.8557   10.6897
    0.0000  -37.5000   30.0000 2701.2319   10.6145
    7.5000  -37.5000   30.0000 2685.4539   10.8534
   -7.5000  -30.0000   30.0000 2745.5869   10.3124
    0.0000  -30.0000   30.0000 2760.3765   10.2366
    7.5000  -30.0000   30.0000 2741.3767   10.4468
   -7.5000  -22.5000   30.0000 2800.2896   10.0857
    0.0000  -22.5000   30.0000 2814.4131   10.0255
    7.5000  -22.5000   30.0000 2791.3867   10.2054
   -7.5000  -15.0000   30.0000 2836.2583   10.0055
    0.0000  -15.0000   30.0000 2853.1174    9.9440
    7.5000  -15.0000   30.0000 2822.6201   10.1216
   -7.5000   -7.5000   30.0000 2845.0723   10.1054
    0.0000   -7.5000   30.0000 2861.1035   10.0518
    7.5000   -7.5000   30.0000 2827.6699   10.2235
   -7.5000    0.0000   30.0000 2816.8108   10.3536
    0.0000    0.0000   30.0000 2827.8247   10.3110
    7.5000    0.0000   30.0000 2798.2859   10.4786
   -7.5000    7.5000   30.0000 2763.5281   10.6908
    0.0000    7.5000   30.0000 2776.6982   10.6539
    7.5000    7.5000   30.0000 2748.9961   10.8150
   -7.5000   15.0000   30.0000 2687.6084   11.1854
    0.0000   15.0000   30.0000 2703.4509   11.1407
    7.5000   15.0000   30.0000 2670.8828   11.2955
   -7.5000   22.5000   30.0000 2581.7241   11.8601
    0.0000   22.5000   30.0000 2590.9290   11.7922
    7.5000   22.5000   30.0000 2566.3057   11.9548
   -7.5000   30.0000   30.0000 2461.3130   12.7456
    0.0000   30.0000   30.0000 2471.8052   12.7075
    7.5000   30.0000   30.0000 2451.4404   12.8706
   -7.5000   37.5000   30.0000 2327.3652   13.9610
    0.0000   37.5000   30.0000 2337.5479   13.9103
    7.5000   37.5000   30.0000 2317.6953   14.0816
   -7.5000   45.0000   30.0000 2185.6272   15.4760
    0.0000   45.0000   30.0000 2196.6653   15.4174
    7.5000   45.0000   30.0000 2173.1501   15.6318
   -7.5000  -45.0000   37.5000 2589.5962   11.7180
    0.0000  -45.0000   37.5000 2605.7542   11.6163
    7.5000  -45.0000   37.5000 2588.0601   11.9331
   -7.5000  -37.5000   37.5000 2644.4214   11.2072
    0.0000  -37.5000   37.5000 2659.4329   11.1059
    7.5000  -37.5000   37.5000 2639.7129   11.3801
   -7.5000  -30.0000   37.5000 2690.9915   10.8532
    0.0000  -30.0000   37.5000 2707.6755   10.7628
    7.5000  -30.0000   37.5000 2685.3867   10.9928
   -7.5000  -22.5000   37.5000 2735.5229   10.6510
    0.0000  -22.5000   37.5000 2751.1602   10.5804
    7.5000  -22.5000   37.5000 2723.2764   10.7895
   -7.5000  -15.0000   37.5000 2760.6287   10.6184
    0.0000  -15.0000   37.5000 2775.7170   10.5567
    7.5000  -15.0000   37.5000 2746.6365   10.7584
   -7.5000   -7.5000   37.5000 2757.8960   10.7507
    0.0000   -7.5000   37.5000 2769.3181   10.6927
    7.5000   -7.5000   37.5000 2745.4966   10.8853
   -7.5000    0.0000   37.5000 2719.6699   11.0237
    0.0000    0.0000   37.5000 2733.4766   10.9602
    7.5000    0.0000   37.5000 2708.0347   11.1533
   -7.5000    7.5000   37.5000 2669.2227   11.3657
    0.0000    7.5000   37.5000 2682.5938   11.3141
    7.5000    7.5000   37.5000 2658.4417   11.4885
   -7.5000   15.0000   37.5000 2602.8667   11.8520
    0.0000   15.0000   37.5000 2617.2461   11.7912
    7.5000   15.0000   37.5000 2589.7686   11.9625
   -7.5000   22.5000   37.5000 2510.3491   12.4935
    0.0000   22.5000   37.5000 2521.7156   12.4409
    7.5000   22.5000   37.5000 2496.4229   12.6160
   -7.5000   30.0000   37.5000 2399.3376   13.3907
    0.0000   30.0000   37.5000 2411.0986   13.3522
    7.5000   30.0000   37.5000 2389.9702   13.5167
   -7.5000   37.5000   37.5000 2272.8228   14.5930
    0.0000   37.5000   37.5000 2281.9783   14.5423
    7.5000   37.5000   37.5000 2262.6948   14.7189
   -7.5000   45.0000   37.5000 2132.6062   16.1175
    0.0000   45.0000   37.5000 2148.6423   16.0611
    7.5000   45.0000   37.5000 2124.2444   16.2711
   -7.5000  -45.0000   45.0000 2536.3999   12.3514
    0.0000  -45.0000   45.0000 2553.4497   12.2320
    7.5000  -45.0000   45.0000 2529.1543   12.5847
   -7.5000  -37.5000   45.0000 2586.9246   11.8570
    0.0000  -37.5000   45.0000 2605.1882   11.7626
    7.5000  -37.5000   45.0000 2579.9844   12.0589
   -7.5000  -30.0000   45.0000 2624.2886   11.5359
    0.0000  -30.0000   45.0000 2642.9338   11.4598
    7.5000  -30.0000   45.0000 2618.6143   11.7089
   -7.5000  -22.5000   45.0000 2660.1780   11.3774
    0.0000  -22.5000   45.0000 2673.9219   11.3123
    7.5000  -22.5000   45.0000 2648.7825   11.5275
   -7.5000  -15.0000   45.0000 2672.2351   11.3871
    0.0000  -15.0000   45.0000 2687.6433   11.3235
    7.5000  -15.0000   45.0000 2659.1309   11.5291
   -7.5000   -7.5000   45.0000 2661.8381   11.5581
    0.0000   -7.5000   45.0000 2671.8506   11.5000
    7.5000   -7.5000   45.0000 2649.9114   11.6975
   -7.5000    0.0000   45.0000 2619.5410   11.8555
    0.0000    0.0000   45.0000 2632.2510   11.7932
    7.5000    0.0000   45.0000 2613.6406   11.9952
   -7.5000    7.5000   45.0000 2571.6387   12.2115
    0.0000    7.5000   45.0000 2582.3074   12.1576
    7.5000    7.5000   45.0000 2564.8035   12.3364
   -7.5000   15.0000   45.0000 2517.8325   12.6569
    0.0000   15.0000   45.0000 2527.8267   12.5932
    7.5000   15.0000   45.0000 2504.7173   12.7794
   -7.5000   22.5000   45.0000 2436.6377   13.2583
    0.0000   22.5000   45.0000 2447.5908   13.1957
    7.5000   22.5000   45.0000 2424.6274   13.3840
   -7.5000   30.0000   45.0000 2330.2400   14.1562
    0.0000   30.0000   45.0000 2340.2971   14.0977
    7.5000   30.0000   45.0000 2320.2046   14.2956
   -7.5000   37.5000   45.0000 2206.9512   15.3660
    0.0000   37.5000   45.0000 2218.1948   15.3387
    7.5000   37.5000   45.0000 2201.3086   15.5160
   -7.5000   45.0000   45.0000 2073.8442   16.9436
    0.0000   45.0000   45.0000 2087.9351   16.9006
    7.5000   45.0000   45.0000 2069.5337   17.1029

---------------------------------------------------------------------
imgreg_4dfp /opt/freesurfer/average/711-2C_as_mni_average_305 /opt/freesurfer/average/711-2B_as_mni_average_305_mask talsrcimg_g11 none talsrcimg_to_711-2C_as_mni_average_305_t4 1283
---------------------------------------------------------------------

freesurfer imgreg_4dfp.c
/opt/freesurfer/average/711-2C_as_mni_average_305.4dfp.img
       256       256       256         1
  1.000000  1.000000  1.000000
orientation T byte_order littleendian
Reading image: /opt/freesurfer/average/711-2C_as_mni_average_305.4dfp.img
dimensions:      256       256       256
mmppix:       1.0000   -1.0000   -1.0000
center:     128.0000 -129.0000 -129.0000
/opt/freesurfer/average/711-2B_as_mni_average_305_mask.4dfp.img
       256       256       256         1
  1.000000  1.000000  1.000000
orientation T byte_order littleendian
Reading mask: /opt/freesurfer/average/711-2B_as_mni_average_305_mask.4dfp.img (2306576 pixels)
talsrcimg_g11.4dfp.img
       256       256       256         1
  1.000000  1.000000  1.000000
orientation T byte_order littleendian
Reading image: talsrcimg_g11.4dfp.img
dimensions:      256       256       256
mmppix:       1.0000   -1.0000   -1.0000
center:     128.0000 -129.0000 -129.0000
rotation matrix determinant  1.000000
fimgreg.f
image alignment mode   1283 decimal      503 hex
parameters
    0.0000   -7.5000    7.5000    0.0000    0.0000    0.0000
eta,q 0.95307  9.10532
niter,ni,del,rscale     5    3   12.0000    1.2000
parameter  2 -0.579437 -> -0.500000 qaram    1.1500
parameter  4  2.595094 ->  0.500000 qaram    1.1500
parameters
   -2.0586   -4.0500    5.6552   -3.4500    0.1048   -1.6242
eta,q 0.96180  9.06256
  0.0498  0.0603  0.0456  0.0369  0.0436  0.0398
  0.0463  0.0551  0.0442  0.0378  0.0408  0.0387
  0.0456  0.0497  0.0434  0.0402  0.0392  0.0382
  0.0471  0.0455  0.0436  0.0434  0.0383  0.0383
  0.0500  0.0438  0.0452  0.0460  0.0387  0.0392
  0.0539  0.0435  0.0485  0.0487  0.0405  0.0412
  0.0593  0.0451  0.0534  0.0523  0.0434  0.0435
niter,ni,del,rscale     6    3   12.0000    1.2000
parameter  4  0.964846 ->  0.500000 qaram    1.3225
parameters
   -1.9998   -3.1972    5.0360   -7.4175   -0.1266   -2.0512
eta,q 0.96472  9.11582
  0.0490  0.0521  0.0427  0.0347  0.0400  0.0385
  0.0425  0.0468  0.0403  0.0352  0.0374  0.0367
  0.0387  0.0417  0.0386  0.0358  0.0358  0.0355
  0.0382  0.0382  0.0377  0.0378  0.0353  0.0353
  0.0398  0.0380  0.0388  0.0414  0.0359  0.0359
  0.0429  0.0418  0.0418  0.0452  0.0377  0.0375
  0.0478  0.0478  0.0456  0.0489  0.0411  0.0396
niter,ni,del,rscale     6    3   12.0000    1.2000
parameters
   -2.0677   -1.7770    4.3798  -11.1742    0.3401   -2.1667
eta,q 0.96748  9.11441
  0.0468  0.0506  0.0399  0.0348  0.0395  0.0380
  0.0401  0.0446  0.0370  0.0326  0.0361  0.0350
  0.0356  0.0389  0.0351  0.0331  0.0338  0.0331
  0.0353  0.0352  0.0346  0.0345  0.0326  0.0325
  0.0375  0.0349  0.0359  0.0366  0.0329  0.0334
  0.0410  0.0375  0.0387  0.0407  0.0345  0.0355
  0.0464  0.0425  0.0432  0.0457  0.0379  0.0382
niter,ni,del,rscale     5    3   12.0000    1.2000
parameters
   -2.2549   -0.8566    3.6838  -11.7047    0.3222   -2.0298
eta,q 0.96823  9.13044
  0.0455  0.0491  0.0384  0.0386  0.0381  0.0376
  0.0378  0.0422  0.0343  0.0350  0.0349  0.0346
  0.0331  0.0359  0.0322  0.0320  0.0327  0.0326
  0.0325  0.0324  0.0322  0.0320  0.0318  0.0318
  0.0353  0.0330  0.0338  0.0340  0.0324  0.0323
  0.0399  0.0372  0.0371  0.0364  0.0346  0.0342
  0.0460  0.0426  0.0417  0.0400  0.0385  0.0372
niter,ni,del,rscale     4    3   12.0000    1.2000
parameters
   -2.2139   -0.5780    3.6026  -12.0694    0.2210   -1.9306
eta,q 0.96831  9.13113
  0.0466  0.0466  0.0399  0.0386  0.0378  0.0374
  0.0384  0.0397  0.0352  0.0355  0.0346  0.0345
  0.0331  0.0339  0.0324  0.0323  0.0326  0.0325
  0.0318  0.0318  0.0318  0.0318  0.0317  0.0317
  0.0342  0.0341  0.0329  0.0337  0.0324  0.0322
  0.0390  0.0388  0.0357  0.0363  0.0347  0.0341
  0.0453  0.0439  0.0400  0.0397  0.0385  0.0372
niter,ni,del,rscale     3    3   12.0000    1.2000
parameters
   -2.1594   -0.4213    3.5422  -12.3032    0.1357   -1.8722
eta,q 0.96828  9.13151
  0.0466  0.0461  0.0399  0.0387  0.0379  0.0373
  0.0385  0.0392  0.0351  0.0357  0.0346  0.0344
  0.0331  0.0335  0.0324  0.0325  0.0326  0.0325
  0.0317  0.0317  0.0318  0.0318  0.0317  0.0317
  0.0340  0.0345  0.0329  0.0335  0.0325  0.0322
  0.0389  0.0391  0.0356  0.0361  0.0347  0.0341
  0.0453  0.0440  0.0399  0.0395  0.0384  0.0372
niter,ni,del,rscale     2    3   12.0000    1.2000
parameters
   -2.1162   -0.3226    3.5007  -12.4454    0.0777   -1.8397
eta,q 0.96824  9.13195
  0.0465  0.0459  0.0399  0.0388  0.0380  0.0372
  0.0385  0.0389  0.0351  0.0359  0.0346  0.0344
  0.0332  0.0333  0.0324  0.0327  0.0326  0.0326
  0.0317  0.0317  0.0318  0.0318  0.0318  0.0318
  0.0340  0.0348  0.0329  0.0334  0.0325  0.0322
  0.0389  0.0393  0.0355  0.0360  0.0347  0.0342
  0.0454  0.0440  0.0398  0.0393  0.0383  0.0373
niter,ni,del,rscale     1    3   12.0000    1.2000
parameters
   -2.0878   -0.2599    3.4738  -12.5301    0.0424   -1.8216
eta,q 0.96821  9.13254
  0.0465  0.0458  0.0400  0.0389  0.0380  0.0372
  0.0385  0.0387  0.0352  0.0360  0.0347  0.0343
  0.0332  0.0332  0.0324  0.0329  0.0326  0.0326
  0.0318  0.0318  0.0318  0.0318  0.0318  0.0318
  0.0340  0.0349  0.0329  0.0333  0.0325  0.0322
  0.0390  0.0393  0.0355  0.0359  0.0347  0.0342
  0.0455  0.0441  0.0398  0.0392  0.0383  0.0373
registration optimization eta report
parameter search radius
    6.0000    6.9000    6.0000    7.9350    6.0000    6.0000
100000*second partial in parameter space
       39.       26.       23.       11.       18.       15.
  0.0465  0.0458  0.0400  0.0389  0.0380  0.0372
  0.0385  0.0387  0.0352  0.0360  0.0347  0.0343
  0.0332  0.0332  0.0324  0.0329  0.0326  0.0326
  0.0318  0.0318  0.0318  0.0318  0.0318  0.0318
  0.0340  0.0349  0.0329  0.0333  0.0325  0.0322
  0.0390  0.0393  0.0355  0.0359  0.0347  0.0342
  0.0455  0.0441  0.0398  0.0392  0.0383  0.0373
   -2.0878   -0.2599    3.4738  -12.5301    0.0424   -1.8216
eta,q 0.96821  9.13254

---------------------------------------------------------------------
imgreg_4dfp /opt/freesurfer/average/711-2C_as_mni_average_305 /opt/freesurfer/average/711-2B_as_mni_average_305_mask talsrcimg_g11 none talsrcimg_to_711-2C_as_mni_average_305_t4 3335
---------------------------------------------------------------------

freesurfer imgreg_4dfp.c
/opt/freesurfer/average/711-2C_as_mni_average_305.4dfp.img
       256       256       256         1
  1.000000  1.000000  1.000000
orientation T byte_order littleendian
Reading image: /opt/freesurfer/average/711-2C_as_mni_average_305.4dfp.img
dimensions:      256       256       256
mmppix:       1.0000   -1.0000   -1.0000
center:     128.0000 -129.0000 -129.0000
/opt/freesurfer/average/711-2B_as_mni_average_305_mask.4dfp.img
       256       256       256         1
  1.000000  1.000000  1.000000
orientation T byte_order littleendian
Reading mask: /opt/freesurfer/average/711-2B_as_mni_average_305_mask.4dfp.img (2306576 pixels)
talsrcimg_g11.4dfp.img
       256       256       256         1
  1.000000  1.000000  1.000000
orientation T byte_order littleendian
Reading image: talsrcimg_g11.4dfp.img
dimensions:      256       256       256
mmppix:       1.0000   -1.0000   -1.0000
center:     128.0000 -129.0000 -129.0000
fimgreg.f
image alignment mode   3335 decimal      D07 hex
parameters
   -2.0878   -0.2599    3.4738   -0.0506   -2.4316   -2.3818
    3.1191    0.6174   -3.1787   21.6865    0.0741  -21.6952
eta,q 0.96901  9.13962
niter,ni,del,rscale     5    3    5.0000    1.2000
parameter  5  1.855406 ->  0.500000 qaram    1.1500
parameter 10  0.535445 ->  0.500000 qaram    1.1500
parameters
   -1.9399   -0.4968    3.0058   -0.7364   -6.5716   -4.6452
    2.6072    0.9902   -2.2578   17.5465   -1.6387  -23.6525
eta,q 0.97251  8.80723
  0.0338  0.0324  0.0319  0.0326  0.0271  0.0296  0.0300  0.0319  0.0302  0.0281  0.0279  0.0280
  0.0324  0.0316  0.0313  0.0318  0.0281  0.0288  0.0290  0.0301  0.0293  0.0276  0.0277  0.0276
  0.0314  0.0311  0.0309  0.0312  0.0294  0.0283  0.0284  0.0289  0.0286  0.0277  0.0276  0.0275
  0.0310  0.0310  0.0310  0.0309  0.0310  0.0284  0.0283  0.0283  0.0283  0.0283  0.0276  0.0276
  0.0311  0.0313  0.0313  0.0311  0.0328  0.0294  0.0286  0.0285  0.0283  0.0294  0.0277  0.0279
  0.0319  0.0320  0.0320  0.0320  0.0351  0.0313  0.0294  0.0296  0.0287  0.0310  0.0280  0.0284
  0.0332  0.0331  0.0330  0.0337  0.0377  0.0341  0.0305  0.0314  0.0295  0.0330  0.0285  0.0291
niter,ni,del,rscale     6    3    5.0000    1.2000
parameter  5  1.022643 ->  0.500000 qaram    1.3225
parameters
   -1.8427   -0.5946    2.7015    0.2945  -11.3326   -4.2137
    2.1595    1.2203   -1.9035   18.2867   -1.7442  -25.0439
eta,q 0.97452  8.69689
  0.0300  0.0292  0.0283  0.0295  0.0253  0.0280  0.0275  0.0291  0.0275  0.0290  0.0263  0.0262
  0.0287  0.0282  0.0278  0.0286  0.0255  0.0268  0.0264  0.0272  0.0265  0.0272  0.0258  0.0257
  0.0279  0.0276  0.0275  0.0280  0.0262  0.0261  0.0258  0.0261  0.0258  0.0260  0.0256  0.0255
  0.0275  0.0275  0.0275  0.0275  0.0273  0.0256  0.0256  0.0256  0.0256  0.0256  0.0255  0.0255
  0.0277  0.0277  0.0277  0.0273  0.0288  0.0255  0.0259  0.0258  0.0257  0.0257  0.0256  0.0258
  0.0284  0.0284  0.0281  0.0277  0.0307  0.0261  0.0268  0.0269  0.0263  0.0265  0.0259  0.0263
  0.0297  0.0295  0.0288  0.0288  0.0331  0.0278  0.0281  0.0287  0.0272  0.0280  0.0263  0.0270
niter,ni,del,rscale     6    3    5.0000    1.2000
parameters
   -1.8306   -0.2412    2.5852    0.5049  -14.9215   -4.2926
    2.1607    1.1489   -1.8603   19.4643   -1.6195  -25.4068
eta,q 0.97506  8.57410
  0.0281  0.0281  0.0265  0.0274  0.0261  0.0271  0.0271  0.0281  0.0266  0.0284  0.0257  0.0259
  0.0267  0.0268  0.0259  0.0266  0.0253  0.0260  0.0260  0.0264  0.0257  0.0267  0.0253  0.0253
  0.0258  0.0259  0.0255  0.0259  0.0250  0.0254  0.0253  0.0253  0.0252  0.0255  0.0250  0.0250
  0.0255  0.0255  0.0255  0.0254  0.0254  0.0250  0.0250  0.0250  0.0250  0.0250  0.0249  0.0249
  0.0258  0.0255  0.0256  0.0254  0.0265  0.0249  0.0252  0.0253  0.0252  0.0250  0.0250  0.0251
  0.0266  0.0260  0.0261  0.0260  0.0281  0.0257  0.0260  0.0265  0.0257  0.0256  0.0253  0.0255
  0.0280  0.0269  0.0267  0.0275  0.0302  0.0276  0.0272  0.0283  0.0265  0.0269  0.0257  0.0261
niter,ni,del,rscale     5    3    5.0000    1.2000
parameters
   -1.8101    0.3895    2.2883    0.4946  -16.0677   -5.1645
    2.1620    1.1246   -1.9664   21.0242   -1.4941  -25.4360
eta,q 0.97530  8.50792
  0.0275  0.0278  0.0257  0.0265  0.0268  0.0264  0.0269  0.0278  0.0263  0.0281  0.0255  0.0257
  0.0261  0.0265  0.0251  0.0258  0.0257  0.0255  0.0258  0.0261  0.0255  0.0265  0.0250  0.0252
  0.0253  0.0255  0.0248  0.0252  0.0250  0.0250  0.0251  0.0251  0.0250  0.0254  0.0248  0.0248
  0.0249  0.0249  0.0248  0.0248  0.0248  0.0247  0.0248  0.0248  0.0248  0.0248  0.0247  0.0247
  0.0252  0.0248  0.0250  0.0248  0.0253  0.0249  0.0250  0.0251  0.0250  0.0247  0.0248  0.0248
  0.0261  0.0251  0.0255  0.0254  0.0265  0.0259  0.0258  0.0261  0.0255  0.0252  0.0250  0.0252
  0.0275  0.0259  0.0262  0.0269  0.0281  0.0280  0.0269  0.0279  0.0264  0.0264  0.0254  0.0257
niter,ni,del,rscale     4    3    5.0000    1.2000
parameters
   -1.8212    0.8881    1.7952    0.2440  -17.3399   -6.3901
    2.1578    1.1366   -2.1350   22.4894   -1.1448  -25.4745
eta,q 0.97554  8.41154
  0.0271  0.0274  0.0253  0.0261  0.0264  0.0260  0.0265  0.0274  0.0261  0.0278  0.0253  0.0255
  0.0258  0.0261  0.0248  0.0254  0.0254  0.0251  0.0255  0.0258  0.0253  0.0264  0.0249  0.0250
  0.0250  0.0252  0.0245  0.0249  0.0247  0.0247  0.0248  0.0249  0.0248  0.0252  0.0246  0.0246
  0.0247  0.0247  0.0246  0.0245  0.0246  0.0246  0.0246  0.0246  0.0246  0.0246  0.0245  0.0245
  0.0250  0.0246  0.0249  0.0246  0.0251  0.0248  0.0248  0.0249  0.0248  0.0245  0.0245  0.0246
  0.0258  0.0250  0.0255  0.0252  0.0263  0.0259  0.0255  0.0258  0.0254  0.0250  0.0247  0.0249
  0.0272  0.0258  0.0262  0.0267  0.0278  0.0280  0.0266  0.0274  0.0263  0.0263  0.0252  0.0255
niter,ni,del,rscale     3    3    5.0000    1.2000
parameters
   -1.8219    1.3948    1.3189   -0.1448  -18.4444   -7.4865
    2.1714    1.1205   -2.2850   23.6261   -0.9703  -25.6170
eta,q 0.97571  8.31901
  0.0268  0.0273  0.0251  0.0256  0.0263  0.0258  0.0262  0.0270  0.0259  0.0277  0.0250  0.0253
  0.0255  0.0259  0.0246  0.0250  0.0251  0.0250  0.0252  0.0255  0.0251  0.0261  0.0247  0.0248
  0.0247  0.0250  0.0243  0.0246  0.0245  0.0245  0.0246  0.0247  0.0245  0.0250  0.0244  0.0244
  0.0245  0.0245  0.0244  0.0243  0.0244  0.0243  0.0244  0.0244  0.0244  0.0244  0.0243  0.0243
  0.0247  0.0244  0.0247  0.0243  0.0248  0.0246  0.0246  0.0246  0.0246  0.0244  0.0244  0.0244
  0.0255  0.0248  0.0253  0.0249  0.0259  0.0256  0.0252  0.0255  0.0252  0.0250  0.0246  0.0248
  0.0268  0.0256  0.0260  0.0263  0.0275  0.0275  0.0262  0.0271  0.0261  0.0264  0.0250  0.0254
niter,ni,del,rscale     2    3    5.0000    1.2000
parameters
   -1.8164    1.8015    0.9096   -0.5067  -19.1101   -8.3464
    2.1492    1.1280   -2.3267   24.3439   -0.9918  -25.7953
eta,q 0.97578  8.25281
  0.0265  0.0269  0.0250  0.0253  0.0264  0.0257  0.0260  0.0269  0.0259  0.0274  0.0249  0.0252
  0.0253  0.0256  0.0245  0.0248  0.0251  0.0249  0.0251  0.0254  0.0250  0.0259  0.0245  0.0247
  0.0246  0.0247  0.0242  0.0245  0.0244  0.0244  0.0245  0.0245  0.0244  0.0248  0.0243  0.0243
  0.0243  0.0243  0.0242  0.0242  0.0242  0.0242  0.0243  0.0243  0.0243  0.0243  0.0242  0.0242
  0.0245  0.0243  0.0245  0.0242  0.0246  0.0244  0.0245  0.0245  0.0244  0.0243  0.0243  0.0244
  0.0253  0.0247  0.0251  0.0247  0.0256  0.0253  0.0251  0.0254  0.0250  0.0251  0.0245  0.0247
  0.0265  0.0256  0.0258  0.0259  0.0272  0.0270  0.0261  0.0268  0.0259  0.0266  0.0249  0.0253
niter,ni,del,rscale     1    3    5.0000    1.2000
parameters
   -1.7961    2.0677    0.5910   -0.7364  -19.4525   -8.9626
    2.1022    1.1711   -2.3190   24.7774   -1.1011  -25.9642
eta,q 0.97580  8.21307
  0.0263  0.0266  0.0250  0.0252  0.0266  0.0257  0.0259  0.0268  0.0259  0.0272  0.0248  0.0252
  0.0252  0.0254  0.0245  0.0247  0.0252  0.0249  0.0250  0.0254  0.0250  0.0257  0.0245  0.0247
  0.0245  0.0246  0.0242  0.0244  0.0244  0.0244  0.0244  0.0245  0.0244  0.0247  0.0243  0.0243
  0.0242  0.0242  0.0242  0.0242  0.0242  0.0242  0.0242  0.0242  0.0242  0.0242  0.0242  0.0242
  0.0244  0.0243  0.0244  0.0241  0.0245  0.0243  0.0244  0.0245  0.0244  0.0244  0.0243  0.0243
  0.0251  0.0248  0.0249  0.0245  0.0255  0.0251  0.0250  0.0253  0.0250  0.0252  0.0245  0.0247
  0.0263  0.0257  0.0256  0.0256  0.0270  0.0267  0.0260  0.0267  0.0259  0.0268  0.0249  0.0253
registration optimization eta report
parameter search radius
    2.4000    2.4000    2.4000    7.2000    9.5220    7.2000
    7.2000    7.2000    7.2000    8.2800    7.2000    7.2000
100000*second partial in parameter space
       36.       33.       20.        2.        3.        4.
        3.        5.        3.        4.        1.        2.
  0.0263  0.0266  0.0250  0.0252  0.0266  0.0257  0.0259  0.0268  0.0259  0.0272  0.0248  0.0252
  0.0252  0.0254  0.0245  0.0247  0.0252  0.0249  0.0250  0.0254  0.0250  0.0257  0.0245  0.0247
  0.0245  0.0246  0.0242  0.0244  0.0244  0.0244  0.0244  0.0245  0.0244  0.0247  0.0243  0.0243
  0.0242  0.0242  0.0242  0.0242  0.0242  0.0242  0.0242  0.0242  0.0242  0.0242  0.0242  0.0242
  0.0244  0.0243  0.0244  0.0241  0.0245  0.0243  0.0244  0.0245  0.0244  0.0244  0.0243  0.0243
  0.0251  0.0248  0.0249  0.0245  0.0255  0.0251  0.0250  0.0253  0.0250  0.0252  0.0245  0.0247
  0.0263  0.0257  0.0256  0.0256  0.0270  0.0267  0.0260  0.0267  0.0259  0.0268  0.0249  0.0253
   -1.7961    2.0677    0.5910   -0.7364  -19.4525   -8.9626
    2.1022    1.1711   -2.3190   24.7774   -1.1011  -25.9642
eta,q 0.97580  8.21307

---------------------------------------------------------------------
imgreg_4dfp /opt/freesurfer/average/711-2C_as_mni_average_305 /opt/freesurfer/average/711-2B_as_mni_average_305_mask talsrcimg_g11 none talsrcimg_to_711-2C_as_mni_average_305_t4 2311
---------------------------------------------------------------------

freesurfer imgreg_4dfp.c
/opt/freesurfer/average/711-2C_as_mni_average_305.4dfp.img
       256       256       256         1
  1.000000  1.000000  1.000000
orientation T byte_order littleendian
Reading image: /opt/freesurfer/average/711-2C_as_mni_average_305.4dfp.img
dimensions:      256       256       256
mmppix:       1.0000   -1.0000   -1.0000
center:     128.0000 -129.0000 -129.0000
/opt/freesurfer/average/711-2B_as_mni_average_305_mask.4dfp.img
       256       256       256         1
  1.000000  1.000000  1.000000
orientation T byte_order littleendian
Reading mask: /opt/freesurfer/average/711-2B_as_mni_average_305_mask.4dfp.img (2306576 pixels)
talsrcimg_g11.4dfp.img
       256       256       256         1
  1.000000  1.000000  1.000000
orientation T byte_order littleendian
Reading image: talsrcimg_g11.4dfp.img
dimensions:      256       256       256
mmppix:       1.0000   -1.0000   -1.0000
center:     128.0000 -129.0000 -129.0000
fimgreg.f
image alignment mode   2311 decimal      907 hex
parameters
   -1.7961    2.0677    0.5910   -0.7364  -19.4525   -8.9626
    2.1022    1.1711   -2.3190   24.7774   -1.1011  -25.9642
eta,q 0.97580  8.21306
niter,ni,del,rscale     5    3    5.0000    0.8000
parameters
   -1.7516    2.2190    0.3808    0.0996  -19.5367   -8.8256
    2.1310    1.2842   -2.2637   25.2325   -1.0723  -26.1273
eta,q 0.97588  8.25630
  0.0251  0.0252  0.0246  0.0247  0.0248  0.0250  0.0249  0.0254  0.0249  0.0253  0.0244  0.0246
  0.0246  0.0247  0.0243  0.0244  0.0244  0.0245  0.0245  0.0247  0.0245  0.0247  0.0243  0.0243
  0.0243  0.0244  0.0242  0.0243  0.0242  0.0243  0.0242  0.0243  0.0242  0.0243  0.0242  0.0242
  0.0242  0.0242  0.0242  0.0242  0.0241  0.0241  0.0241  0.0241  0.0241  0.0241  0.0241  0.0241
  0.0243  0.0243  0.0243  0.0241  0.0242  0.0241  0.0242  0.0242  0.0242  0.0242  0.0242  0.0242
  0.0246  0.0245  0.0245  0.0242  0.0245  0.0244  0.0245  0.0246  0.0245  0.0244  0.0243  0.0244
  0.0251  0.0249  0.0248  0.0245  0.0248  0.0250  0.0249  0.0253  0.0249  0.0249  0.0244  0.0247
niter,ni,del,rscale     4    3    5.0000    0.7000
parameters
   -1.7658    2.2476    0.3357    0.1115  -19.5860   -8.7682
    2.1514    1.2777   -2.2408   25.3346   -1.0960  -26.1596
eta,q 0.97588  8.25881
  0.0248  0.0248  0.0245  0.0245  0.0246  0.0247  0.0247  0.0251  0.0247  0.0249  0.0244  0.0245
  0.0244  0.0244  0.0243  0.0243  0.0243  0.0244  0.0244  0.0245  0.0244  0.0245  0.0242  0.0243
  0.0242  0.0242  0.0242  0.0242  0.0242  0.0242  0.0242  0.0242  0.0242  0.0242  0.0241  0.0242
  0.0241  0.0241  0.0241  0.0241  0.0241  0.0241  0.0241  0.0241  0.0241  0.0241  0.0241  0.0241
  0.0242  0.0242  0.0242  0.0241  0.0242  0.0241  0.0242  0.0242  0.0242  0.0242  0.0241  0.0242
  0.0244  0.0244  0.0243  0.0242  0.0244  0.0243  0.0244  0.0245  0.0244  0.0244  0.0242  0.0243
  0.0249  0.0248  0.0246  0.0245  0.0246  0.0248  0.0247  0.0251  0.0247  0.0249  0.0244  0.0245
niter,ni,del,rscale     3    3    5.0000    0.6000
parameters
   -1.7640    2.2625    0.3328    0.2944  -19.6012   -8.6587
    2.1911    1.3053   -2.2344   25.3901   -1.0793  -26.1794
eta,q 0.97589  8.27057
  0.0246  0.0246  0.0244  0.0244  0.0245  0.0246  0.0246  0.0248  0.0246  0.0247  0.0243  0.0244
  0.0244  0.0243  0.0243  0.0243  0.0243  0.0244  0.0243  0.0244  0.0243  0.0244  0.0242  0.0242
  0.0242  0.0242  0.0242  0.0242  0.0242  0.0242  0.0242  0.0242  0.0242  0.0242  0.0241  0.0241
  0.0241  0.0241  0.0241  0.0241  0.0241  0.0241  0.0241  0.0241  0.0241  0.0241  0.0241  0.0241
  0.0242  0.0242  0.0242  0.0241  0.0242  0.0241  0.0242  0.0242  0.0242  0.0242  0.0241  0.0241
  0.0244  0.0243  0.0243  0.0242  0.0243  0.0243  0.0243  0.0244  0.0243  0.0243  0.0242  0.0242
  0.0246  0.0246  0.0244  0.0244  0.0245  0.0246  0.0246  0.0248  0.0245  0.0247  0.0243  0.0244
niter,ni,del,rscale     2    3    5.0000    0.5000
parameters
   -1.7721    2.2552    0.3596    0.5014  -19.5830   -8.4753
    2.2370    1.3144   -2.2378   25.3958   -1.1249  -26.1888
eta,q 0.97590  8.28657
  0.0245  0.0244  0.0243  0.0243  0.0244  0.0245  0.0244  0.0246  0.0244  0.0245  0.0242  0.0243
  0.0243  0.0243  0.0242  0.0242  0.0242  0.0243  0.0242  0.0243  0.0242  0.0243  0.0242  0.0242
  0.0242  0.0241  0.0241  0.0242  0.0241  0.0242  0.0241  0.0242  0.0241  0.0241  0.0241  0.0241
  0.0241  0.0241  0.0241  0.0241  0.0241  0.0241  0.0241  0.0241  0.0241  0.0241  0.0241  0.0241
  0.0241  0.0241  0.0241  0.0241  0.0241  0.0241  0.0241  0.0241  0.0241  0.0241  0.0241  0.0241
  0.0243  0.0243  0.0242  0.0242  0.0242  0.0242  0.0242  0.0243  0.0242  0.0243  0.0242  0.0242
  0.0245  0.0245  0.0243  0.0243  0.0244  0.0244  0.0244  0.0246  0.0244  0.0245  0.0242  0.0243
niter,ni,del,rscale     1    3    5.0000    0.4000
parameters
   -1.7790    2.2309    0.3996    0.6327  -19.5500   -8.2888
    2.2820    1.3316   -2.2317   25.3838   -1.0779  -26.1296
eta,q 0.97591  8.29944
  0.0243  0.0243  0.0242  0.0242  0.0243  0.0243  0.0243  0.0244  0.0243  0.0243  0.0242  0.0242
  0.0242  0.0242  0.0242  0.0242  0.0242  0.0242  0.0242  0.0242  0.0242  0.0242  0.0241  0.0242
  0.0241  0.0241  0.0241  0.0241  0.0241  0.0241  0.0241  0.0241  0.0241  0.0241  0.0241  0.0241
  0.0241  0.0241  0.0241  0.0241  0.0241  0.0241  0.0241  0.0241  0.0241  0.0241  0.0241  0.0241
  0.0241  0.0241  0.0241  0.0241  0.0241  0.0241  0.0241  0.0241  0.0241  0.0241  0.0241  0.0241
  0.0242  0.0242  0.0241  0.0241  0.0242  0.0242  0.0242  0.0242  0.0242  0.0242  0.0241  0.0241
  0.0243  0.0243  0.0242  0.0242  0.0243  0.0243  0.0243  0.0244  0.0243  0.0244  0.0242  0.0242
registration optimization eta report
parameter search radius
    0.8000    0.8000    0.8000    2.4000    2.4000    2.4000
    2.4000    2.4000    2.4000    2.4000    2.4000    2.4000
100000*second partial in parameter space
       37.       35.       21.        2.        3.        4.
        4.        6.        3.        5.        2.        2.
  0.0243  0.0243  0.0242  0.0242  0.0243  0.0243  0.0243  0.0244  0.0243  0.0243  0.0242  0.0242
  0.0242  0.0242  0.0242  0.0242  0.0242  0.0242  0.0242  0.0242  0.0242  0.0242  0.0241  0.0242
  0.0241  0.0241  0.0241  0.0241  0.0241  0.0241  0.0241  0.0241  0.0241  0.0241  0.0241  0.0241
  0.0241  0.0241  0.0241  0.0241  0.0241  0.0241  0.0241  0.0241  0.0241  0.0241  0.0241  0.0241
  0.0241  0.0241  0.0241  0.0241  0.0241  0.0241  0.0241  0.0241  0.0241  0.0241  0.0241  0.0241
  0.0242  0.0242  0.0241  0.0241  0.0242  0.0242  0.0242  0.0242  0.0242  0.0242  0.0241  0.0241
  0.0243  0.0243  0.0242  0.0242  0.0243  0.0243  0.0243  0.0244  0.0243  0.0244  0.0242  0.0242
   -1.7790    2.2309    0.3996    0.6327  -19.5500   -8.2888
    2.2820    1.3316   -2.2317   25.3838   -1.0779  -26.1296
eta,q 0.97591  8.29944

---------------------------------------------------------------------
imgreg_4dfp /opt/freesurfer/average/711-2C_as_mni_average_305 /opt/freesurfer/average/711-2B_as_mni_average_305_mask talsrcimg_g11 none talsrcimg_to_711-2C_as_mni_average_305_t4 2311
---------------------------------------------------------------------

freesurfer imgreg_4dfp.c
/opt/freesurfer/average/711-2C_as_mni_average_305.4dfp.img
       256       256       256         1
  1.000000  1.000000  1.000000
orientation T byte_order littleendian
Reading image: /opt/freesurfer/average/711-2C_as_mni_average_305.4dfp.img
dimensions:      256       256       256
mmppix:       1.0000   -1.0000   -1.0000
center:     128.0000 -129.0000 -129.0000
/opt/freesurfer/average/711-2B_as_mni_average_305_mask.4dfp.img
       256       256       256         1
  1.000000  1.000000  1.000000
orientation T byte_order littleendian
Reading mask: /opt/freesurfer/average/711-2B_as_mni_average_305_mask.4dfp.img (2306576 pixels)
talsrcimg_g11.4dfp.img
       256       256       256         1
  1.000000  1.000000  1.000000
orientation T byte_order littleendian
Reading image: talsrcimg_g11.4dfp.img
dimensions:      256       256       256
mmppix:       1.0000   -1.0000   -1.0000
center:     128.0000 -129.0000 -129.0000
fimgreg.f
image alignment mode   2311 decimal      907 hex
parameters
   -1.7790    2.2309    0.3996    0.6328  -19.5500   -8.2888
    2.2820    1.3316   -2.2317   25.3838   -1.0779  -26.1296
eta,q 0.97591  8.29944
niter,ni,del,rscale     5    3    5.0000    0.8000
parameters
   -1.7989    2.2136    0.4356   -0.0348  -19.5675   -8.7313
    2.1551    1.2257   -2.2571   25.2351   -1.0629  -26.1251
eta,q 0.97588  8.25321
  0.0250  0.0250  0.0247  0.0245  0.0248  0.0248  0.0249  0.0253  0.0249  0.0250  0.0244  0.0246
  0.0245  0.0245  0.0244  0.0243  0.0244  0.0245  0.0245  0.0246  0.0245  0.0245  0.0243  0.0244
  0.0242  0.0242  0.0242  0.0242  0.0242  0.0242  0.0242  0.0242  0.0242  0.0242  0.0242  0.0242
  0.0241  0.0241  0.0241  0.0241  0.0241  0.0241  0.0241  0.0241  0.0241  0.0241  0.0241  0.0241
  0.0242  0.0242  0.0241  0.0241  0.0242  0.0242  0.0242  0.0243  0.0242  0.0242  0.0242  0.0242
  0.0245  0.0245  0.0243  0.0244  0.0244  0.0246  0.0245  0.0247  0.0245  0.0246  0.0243  0.0244
  0.0251  0.0250  0.0246  0.0250  0.0248  0.0253  0.0250  0.0254  0.0249  0.0252  0.0244  0.0246
niter,ni,del,rscale     4    3    5.0000    0.7000
parameters
   -1.7723    2.2420    0.3610    0.1161  -19.5800   -8.7335
    2.1699    1.2688   -2.2539   25.3303   -1.0765  -26.1606
eta,q 0.97588  8.26051
  0.0249  0.0248  0.0245  0.0245  0.0246  0.0247  0.0247  0.0251  0.0247  0.0249  0.0244  0.0245
  0.0245  0.0244  0.0243  0.0243  0.0243  0.0244  0.0244  0.0245  0.0244  0.0245  0.0242  0.0243
  0.0242  0.0242  0.0242  0.0242  0.0242  0.0242  0.0242  0.0242  0.0242  0.0242  0.0242  0.0242
  0.0241  0.0241  0.0241  0.0241  0.0241  0.0241  0.0241  0.0241  0.0241  0.0241  0.0241  0.0241
  0.0242  0.0242  0.0242  0.0241  0.0242  0.0241  0.0242  0.0242  0.0242  0.0242  0.0241  0.0242
  0.0244  0.0244  0.0243  0.0242  0.0244  0.0243  0.0244  0.0245  0.0244  0.0244  0.0242  0.0243
  0.0248  0.0248  0.0246  0.0245  0.0246  0.0248  0.0247  0.0250  0.0247  0.0248  0.0244  0.0245
niter,ni,del,rscale     3    3    5.0000    0.6000
parameters
   -1.7708    2.2529    0.3430    0.3239  -19.5875   -8.6304
    2.2016    1.2981   -2.2474   25.3695   -1.0728  -26.1674
eta,q 0.97589  8.27295
  0.0246  0.0246  0.0244  0.0244  0.0245  0.0246  0.0246  0.0248  0.0245  0.0247  0.0243  0.0244
  0.0244  0.0243  0.0242  0.0243  0.0243  0.0244  0.0243  0.0244  0.0243  0.0244  0.0242  0.0242
  0.0242  0.0242  0.0242  0.0242  0.0241  0.0242  0.0242  0.0242  0.0242  0.0242  0.0241  0.0241
  0.0241  0.0241  0.0241  0.0241  0.0241  0.0241  0.0241  0.0241  0.0241  0.0241  0.0241  0.0241
  0.0242  0.0242  0.0242  0.0241  0.0242  0.0241  0.0241  0.0242  0.0242  0.0242  0.0241  0.0241
  0.0244  0.0243  0.0243  0.0242  0.0243  0.0243  0.0243  0.0244  0.0243  0.0243  0.0242  0.0242
  0.0246  0.0246  0.0244  0.0244  0.0245  0.0246  0.0246  0.0248  0.0245  0.0247  0.0243  0.0244
niter,ni,del,rscale     2    3    5.0000    0.5000
parameters
   -1.7782    2.2453    0.3681    0.5087  -19.5759   -8.4621
    2.2451    1.3081   -2.2319   25.3864   -1.0830  -26.1710
eta,q 0.97590  8.28736
  0.0245  0.0244  0.0243  0.0243  0.0244  0.0244  0.0244  0.0246  0.0244  0.0245  0.0242  0.0243
  0.0243  0.0243  0.0242  0.0242  0.0242  0.0243  0.0242  0.0243  0.0242  0.0243  0.0242  0.0242
  0.0241  0.0241  0.0241  0.0242  0.0241  0.0242  0.0241  0.0241  0.0241  0.0241  0.0241  0.0241
  0.0241  0.0241  0.0241  0.0241  0.0241  0.0241  0.0241  0.0241  0.0241  0.0241  0.0241  0.0241
  0.0241  0.0241  0.0241  0.0241  0.0241  0.0241  0.0241  0.0241  0.0241  0.0241  0.0241  0.0241
  0.0243  0.0243  0.0242  0.0242  0.0242  0.0242  0.0242  0.0243  0.0242  0.0243  0.0242  0.0242
  0.0245  0.0245  0.0243  0.0243  0.0244  0.0244  0.0244  0.0246  0.0244  0.0245  0.0242  0.0243
niter,ni,del,rscale     1    3    5.0000    0.4000
parameters
   -1.7861    2.2248    0.4068    0.6521  -19.5563   -8.2804
    2.3076    1.3190   -2.2387   25.3715   -1.0813  -26.1316
eta,q 0.97591  8.30009
  0.0243  0.0243  0.0242  0.0242  0.0243  0.0243  0.0243  0.0244  0.0243  0.0243  0.0242  0.0242
  0.0242  0.0242  0.0242  0.0242  0.0242  0.0242  0.0242  0.0242  0.0242  0.0242  0.0241  0.0242
  0.0241  0.0241  0.0241  0.0241  0.0241  0.0241  0.0241  0.0241  0.0241  0.0241  0.0241  0.0241
  0.0241  0.0241  0.0241  0.0241  0.0241  0.0241  0.0241  0.0241  0.0241  0.0241  0.0241  0.0241
  0.0241  0.0241  0.0241  0.0241  0.0241  0.0241  0.0241  0.0241  0.0241  0.0241  0.0241  0.0241
  0.0242  0.0242  0.0242  0.0241  0.0242  0.0241  0.0242  0.0242  0.0242  0.0242  0.0241  0.0241
  0.0243  0.0243  0.0242  0.0242  0.0243  0.0243  0.0243  0.0244  0.0243  0.0244  0.0242  0.0242
registration optimization eta report
parameter search radius
    0.8000    0.8000    0.8000    2.4000    2.4000    2.4000
    2.4000    2.4000    2.4000    2.4000    2.4000    2.4000
100000*second partial in parameter space
       38.       35.       21.        2.        3.        4.
        4.        6.        3.        5.        2.        2.
  0.0243  0.0243  0.0242  0.0242  0.0243  0.0243  0.0243  0.0244  0.0243  0.0243  0.0242  0.0242
  0.0242  0.0242  0.0242  0.0242  0.0242  0.0242  0.0242  0.0242  0.0242  0.0242  0.0241  0.0242
  0.0241  0.0241  0.0241  0.0241  0.0241  0.0241  0.0241  0.0241  0.0241  0.0241  0.0241  0.0241
  0.0241  0.0241  0.0241  0.0241  0.0241  0.0241  0.0241  0.0241  0.0241  0.0241  0.0241  0.0241
  0.0241  0.0241  0.0241  0.0241  0.0241  0.0241  0.0241  0.0241  0.0241  0.0241  0.0241  0.0241
  0.0242  0.0242  0.0242  0.0241  0.0242  0.0241  0.0242  0.0242  0.0242  0.0242  0.0241  0.0241
  0.0243  0.0243  0.0242  0.0242  0.0243  0.0243  0.0243  0.0244  0.0243  0.0244  0.0242  0.0242
   -1.7861    2.2248    0.4068    0.6521  -19.5563   -8.2804
    2.3076    1.3190   -2.2387   25.3715   -1.0813  -26.1316
eta,q 0.97591  8.30009

---------------------------------------------------------------------
compute_vox2vox talsrcimg talsrcimg_to_711-2C_as_mni_average_305_t4 /opt/freesurfer/average/711-2C_as_mni_average_305
---------------------------------------------------------------------

freesurfer compute_vox2vox.c
Reading: talsrcimg.4dfp.ifh
Reading: talsrcimg_to_711-2C_as_mni_average_305_t4
Reading: /opt/freesurfer/average/711-2C_as_mni_average_305.4dfp.ifh
Writing: talsrcimg_to_711-2C_as_mni_average_305_t4_vox2vox.txt

start time Wed Mar 11 13:24:50 CET 2026
end		time Wed Mar 11 13:26:17 CET 2026

mpr2mni305 success

avi2talxfm orig_nu.mgz /opt/freesurfer/average/mni305.cor.mgz talsrcimg_to_711-2C_as_mni_average_305_t4_vox2vox.txt transforms/talairach.auto.xfm
avi2talxfm done
mv -f /out/sourcedata/freesurfer/sub-v2s17x50051_ses-1/mri/talsrcimg_to_711-2C_as_mni_average_305_t4_vox2vox.txt /out/sourcedata/freesurfer/sub-v2s17x50051_ses-1/mri/transforms/talsrcimg_to_711-2C_as_mni_average_305_t4_vox2vox.txt
lta_convert --src orig_nu.mgz --trg /opt/freesurfer/average/mni305.cor.mgz --inxfm transforms/talairach.auto.xfm --outlta transforms/talairach.auto.xfm.lta --subject fsaverage
7.3.2

--src: orig_nu.mgz src image (geometry).
--trg: /opt/freesurfer/average/mni305.cor.mgz trg image (geometry).
--inmni: transforms/talairach.auto.xfm input MNI/XFM transform.
--outlta: transforms/talairach.auto.xfm.lta output LTA.
--s: fsaverage subject name
 LTA read, type : 1
 0.99278  -0.00587  -0.03039  -1.12100;
 0.01796   1.00028   0.32442   0.97086;
 0.02196  -0.31565   1.13994   8.71506;
 0.00000   0.00000   0.00000   1.00000;
setting subject to fsaverage
Writing  LTA to file transforms/talairach.auto.xfm.lta...
lta_convert successful.
 
 
Started at Wed Mar 11 13:24:49 CET 2026
Ended   at Wed Mar 11 13:26:18 CET 2026
talairach_avi done
