/out/sourcedata/freesurfer/sub-v2s17x50013_ses-1/mri
/opt/freesurfer/bin/talairach_avi
--i orig_nu.mgz --xfm transforms/talairach.auto.xfm
talairach_avi 7.3.2
Linux dna052 5.14.0-427.37.1.el9_4.x86_64 #1 SMP PREEMPT_DYNAMIC Fri Sep 13 12:41:50 EDT 2024 x86_64 x86_64 x86_64 GNU/Linux
Wed Mar 11 12:49:08 CET 2026
mri_convert orig_nu.mgz talsrcimg.img 
reading from orig_nu.mgz...
TR=0.00, TE=0.00, TI=0.00, flip angle=0.00
i_ras = (-1, 0, 0)
j_ras = (0, 0, -1)
k_ras = (0, 1, 0)
writing to talsrcimg.img...
Analyze Output Matrix
-1.00000   0.00000   0.00000   130.25137;
 0.00000   0.00000   1.00000  -137.30267;
 0.00000  -1.00000   0.00000   120.02396;
 0.00000   0.00000   0.00000   1.00000;
--------------------
INFO: set hdr.hist.orient to -1
mpr2mni305 talsrcimg
Wed Mar 11 12:49:08 CET 2026
/opt/freesurfer/bin/mpr2mni305 talsrcimg
mpr2mni305 7.3.2
target=711-2C_as_mni_average_305

---------------------------------------------------------------------
analyzeto4dfp talsrcimg -O0 -y
---------------------------------------------------------------------

freesurfer ifh2hdr.c
Wed Mar 11 12:49:09 2026
Writing: talsrcimg.4dfp.hdr
freesurfer analyzeto4dfp.c
Reading: talsrcimg.hdr
header size 348 bytes
hdr.dime.datatype	offset=70	value=2
hdr.dime.bitpix		offset=72	value=8
hdr.hist.orient		offset=252	value=-1
dimensionality     4
dimensions       256       256       256         1
Reading: talsrcimg.img
Writing: talsrcimg.4dfp.img
Writing: talsrcimg.4dfp.ifh
ifh2hdr talsrcimg -r0to209
ori=2

---------------------------------------------------------------------
gauss_4dfp talsrcimg 1.1
---------------------------------------------------------------------

freesurfer gauss_4dfp.c
Reading: talsrcimg.4dfp.img
Writing: talsrcimg_g11.4dfp.img
image dimensions 256 256 256 padded to 288 288 288
processing volume 1freesurfer ifh2hdr.c
Wed Mar 11 12:49:10 2026
Writing: talsrcimg_g11.4dfp.hdr

Writing: talsrcimg_g11.4dfp.ifh
including: talsrcimg.4dfp.img.rec in talsrcimg_g11.4dfp.img.rec

---------------------------------------------------------------------
imgreg_4dfp /opt/freesurfer/average/711-2C_as_mni_average_305 none talsrcimg_g11 none talsrcimg_to_711-2C_as_mni_average_305_t4 4355
---------------------------------------------------------------------

freesurfer imgreg_4dfp.c
/opt/freesurfer/average/711-2C_as_mni_average_305.4dfp.img
       256       256       256         1
  1.000000  1.000000  1.000000
orientation T byte_order littleendian
Reading image: /opt/freesurfer/average/711-2C_as_mni_average_305.4dfp.img
dimensions:      256       256       256
mmppix:       1.0000   -1.0000   -1.0000
center:     128.0000 -129.0000 -129.0000
talsrcimg_g11.4dfp.img
       256       256       256         1
  1.000000  1.000000  1.000000
orientation T byte_order littleendian
Reading image: talsrcimg_g11.4dfp.img
dimensions:      256       256       256
mmppix:       1.0000   -1.0000   -1.0000
center:     128.0000 -129.0000 -129.0000
t4_read: open error in t4_sub.f l:  41 t4_file(1:l)talsrcimg_to_711-2C_as_mni_average_305_t4 
t4_read: transform initialized to I4
rotation matrix determinant  1.000000
image alignment mode   4355 decimal     1103 hex
   -7.5000  -45.0000  -45.0000 8557.2471   14.6882
    0.0000  -45.0000  -45.0000 8914.2393   14.6703
    7.5000  -45.0000  -45.0000 8586.7861   14.6399
   -7.5000  -37.5000  -45.0000 9130.8506   14.6145
    0.0000  -37.5000  -45.0000 9514.6162   14.5984
    7.5000  -37.5000  -45.0000 9163.6035   14.5683
   -7.5000  -30.0000  -45.000010044.6328   14.5676
    0.0000  -30.0000  -45.000010454.2637   14.5564
    7.5000  -30.0000  -45.000010094.0166   14.5305
   -7.5000  -22.5000  -45.000010955.7363   14.5017
    0.0000  -22.5000  -45.000011398.3271   14.4933
    7.5000  -22.5000  -45.000010977.3389   14.4712
   -7.5000  -15.0000  -45.000011674.3174   14.4211
    0.0000  -15.0000  -45.000012173.0781   14.4118
    7.5000  -15.0000  -45.000011692.6152   14.3900
   -7.5000   -7.5000  -45.000012292.5303   14.3411
    0.0000   -7.5000  -45.000012834.0420   14.3279
    7.5000   -7.5000  -45.000012316.6895   14.3027
   -7.5000    0.0000  -45.000012809.0361   14.2936
    0.0000    0.0000  -45.000013367.1631   14.2772
    7.5000    0.0000  -45.000012829.5635   14.2480
   -7.5000    7.5000  -45.000012345.8867   14.3183
    0.0000    7.5000  -45.000012875.9277   14.3033
    7.5000    7.5000  -45.000012349.2461   14.2740
   -7.5000   15.0000  -45.000011764.6318   14.3507
    0.0000   15.0000  -45.000012288.3525   14.3402
    7.5000   15.0000  -45.000011783.3613   14.3148
   -7.5000   22.5000  -45.000011099.5615   14.3845
    0.0000   22.5000  -45.000011608.8145   14.3764
    7.5000   22.5000  -45.000011117.1729   14.3543
   -7.5000   30.0000  -45.000010389.7734   14.2870
    0.0000   30.0000  -45.000010849.7910   14.2777
    7.5000   30.0000  -45.000010383.5771   14.2557
   -7.5000   37.5000  -45.000010030.0410   14.4159
    0.0000   37.5000  -45.000010470.9355   14.4025
    7.5000   37.5000  -45.0000 9995.2793   14.3750
   -7.5000   45.0000  -45.0000 9280.7266   14.2742
    0.0000   45.0000  -45.0000 9681.3584   14.2585
    7.5000   45.0000  -45.0000 9230.4502   14.2269
   -7.5000  -45.0000  -37.5000 9100.5459   14.7038
    0.0000  -45.0000  -37.5000 9505.2803   14.6893
    7.5000  -45.0000  -37.5000 9156.6240   14.6568
   -7.5000  -37.5000  -37.5000 9738.4209   14.6313
    0.0000  -37.5000  -37.500010153.6621   14.6202
    7.5000  -37.5000  -37.5000 9787.4199   14.5904
   -7.5000  -30.0000  -37.500010702.8271   14.5859
    0.0000  -30.0000  -37.500011163.7207   14.5799
    7.5000  -30.0000  -37.500010770.2861   14.5553
   -7.5000  -22.5000  -37.500011653.8389   14.5206
    0.0000  -22.5000  -37.500012161.0811   14.5160
    7.5000  -22.5000  -37.500011709.5518   14.4934
   -7.5000  -15.0000  -37.500012429.3076   14.4389
    0.0000  -15.0000  -37.500013005.7002   14.4321
    7.5000  -15.0000  -37.500012477.7041   14.4076
   -7.5000   -7.5000  -37.500013072.2568   14.3564
    0.0000   -7.5000  -37.500013682.9180   14.3457
    7.5000   -7.5000  -37.500013100.8027   14.3172
   -7.5000    0.0000  -37.500013563.3027   14.3061
    0.0000    0.0000  -37.500014187.8135   14.2932
    7.5000    0.0000  -37.500013577.2725   14.2619
   -7.5000    7.5000  -37.500013032.4111   14.3322
    0.0000    7.5000  -37.500013640.0859   14.3222
    7.5000    7.5000  -37.500013045.8945   14.2931
   -7.5000   15.0000  -37.500012419.9980   14.3666
    0.0000   15.0000  -37.500013014.3457   14.3613
    7.5000   15.0000  -37.500012443.3213   14.3371
   -7.5000   22.5000  -37.500011707.1084   14.4018
    0.0000   22.5000  -37.500012269.9688   14.3974
    7.5000   22.5000  -37.500011724.0176   14.3750
   -7.5000   30.0000  -37.500010920.7041   14.3054
    0.0000   30.0000  -37.500011435.2500   14.2985
    7.5000   30.0000  -37.500010919.0586   14.2740
   -7.5000   37.5000  -37.500010491.7637   14.4288
    0.0000   37.5000  -37.500010992.3428   14.4182
    7.5000   37.5000  -37.500010490.1201   14.3875
   -7.5000   45.0000  -37.5000 9676.1582   14.2857
    0.0000   45.0000  -37.500010145.8672   14.2741
    7.5000   45.0000  -37.5000 9656.1504   14.2404
   -7.5000  -45.0000  -30.0000 9791.2939   15.2946
    0.0000  -45.0000  -30.000010274.1865   15.2790
    7.5000  -45.0000  -30.0000 9870.6045   15.2469
   -7.5000  -37.5000  -30.000010475.5771   15.2169
    0.0000  -37.5000  -30.000010972.3252   15.2061
    7.5000  -37.5000  -30.000010551.8184   15.1799
   -7.5000  -30.0000  -30.000011516.7734   15.1667
    0.0000  -30.0000  -30.000012072.5469   15.1612
    7.5000  -30.0000  -30.000011591.3301   15.1407
   -7.5000  -22.5000  -30.000012499.9648   15.0960
    0.0000  -22.5000  -30.000013121.6865   15.0902
    7.5000  -22.5000  -30.000012574.0156   15.0691
   -7.5000  -15.0000  -30.000013339.6055   15.0085
    0.0000  -15.0000  -30.000014034.5654   14.9991
    7.5000  -15.0000  -30.000013397.0615   14.9729
   -7.5000   -7.5000  -30.000013999.4082   14.9206
    0.0000   -7.5000  -30.000014712.2295   14.9074
    7.5000   -7.5000  -30.000014037.0303   14.8768
   -7.5000    0.0000  -30.000014479.1230   14.8670
    0.0000    0.0000  -30.000015204.8691   14.8530
    7.5000    0.0000  -30.000014525.6172   14.8222
   -7.5000    7.5000  -30.000013891.0664   14.8945
    0.0000    7.5000  -30.000014614.2832   14.8848
    7.5000    7.5000  -30.000013920.1016   14.8593
   -7.5000   15.0000  -30.000013235.3154   14.9299
    0.0000   15.0000  -30.000013932.0098   14.9250
    7.5000   15.0000  -30.000013280.8750   14.9049
   -7.5000   22.5000  -30.000012452.6719   14.9648
    0.0000   22.5000  -30.000013110.7041   14.9591
    7.5000   22.5000  -30.000012485.3516   14.9383
   -7.5000   30.0000  -30.000011614.9209   14.8682
    0.0000   30.0000  -30.000012214.4531   14.8586
    7.5000   30.0000  -30.000011627.3867   14.8325
   -7.5000   37.5000  -30.000011143.7031   14.9940
    0.0000   37.5000  -30.000011713.3389   14.9810
    7.5000   37.5000  -30.000011155.2754   14.9486
   -7.5000   45.0000  -30.000010245.6152   14.8532
    0.0000   45.0000  -30.000010776.8877   14.8409
    7.5000   45.0000  -30.000010242.6006   14.8079
   -7.5000  -45.0000  -22.500010458.2686   15.7705
    0.0000  -45.0000  -22.500010997.4814   15.7495
    7.5000  -45.0000  -22.500010560.2969   15.7211
   -7.5000  -37.5000  -22.500011170.6699   15.6888
    0.0000  -37.5000  -22.500011747.3037   15.6728
    7.5000  -37.5000  -22.500011267.8184   15.6504
   -7.5000  -30.0000  -22.500012251.7217   15.6358
    0.0000  -30.0000  -22.500012900.5596   15.6244
    7.5000  -30.0000  -22.500012343.0781   15.6074
   -7.5000  -22.5000  -22.500013279.0479   15.5613
    0.0000  -22.5000  -22.500013991.7705   15.5498
    7.5000  -22.5000  -22.500013379.0107   15.5313
   -7.5000  -15.0000  -22.500014181.9561   15.4709
    0.0000  -15.0000  -22.500014963.6221   15.4559
    7.5000  -15.0000  -22.500014264.6172   15.4318
   -7.5000   -7.5000  -22.500014839.7197   15.3816
    0.0000   -7.5000  -22.500015654.0869   15.3629
    7.5000   -7.5000  -22.500014902.1719   15.3347
   -7.5000    0.0000  -22.500015317.7080   15.3273
    0.0000    0.0000  -22.500016150.1133   15.3083
    7.5000    0.0000  -22.500015374.7236   15.2810
   -7.5000    7.5000  -22.500014691.8535   15.3555
    0.0000    7.5000  -22.500015525.9375   15.3407
    7.5000    7.5000  -22.500014722.7852   15.3190
   -7.5000   15.0000  -22.500014010.3740   15.3912
    0.0000   15.0000  -22.500014816.5850   15.3806
    7.5000   15.0000  -22.500014045.9756   15.3639
   -7.5000   22.5000  -22.500013180.9365   15.4246
    0.0000   22.5000  -22.500013933.3701   15.4135
    7.5000   22.5000  -22.500013215.7695   15.3952
   -7.5000   30.0000  -22.500012256.5273   15.3269
    0.0000   30.0000  -22.500012941.7158   15.3118
    7.5000   30.0000  -22.500012269.3516   15.2878
   -7.5000   37.5000  -22.500011724.8369   15.4591
    0.0000   37.5000  -22.500012363.1230   15.4404
    7.5000   37.5000  -22.500011734.3438   15.4107
   -7.5000   45.0000  -22.500010789.0225   15.3230
    0.0000   45.0000  -22.500011363.2178   15.3049
    7.5000   45.0000  -22.500010779.7998   15.2757
   -7.5000  -45.0000  -15.000011114.7871   16.1154
    0.0000  -45.0000  -15.000011714.0586   16.0900
    7.5000  -45.0000  -15.000011215.5830   16.0642
   -7.5000  -37.5000  -15.000011860.0215   16.0303
    0.0000  -37.5000  -15.000012500.9609   16.0085
    7.5000  -37.5000  -15.000011941.3457   15.9864
   -7.5000  -30.0000  -15.000012979.0557   15.9743
    0.0000  -30.0000  -15.000013706.4131   15.9572
    7.5000  -30.0000  -15.000013076.9170   15.9392
   -7.5000  -22.5000  -15.000014075.8086   15.8971
    0.0000  -22.5000  -15.000014857.3213   15.8812
    7.5000  -22.5000  -15.000014162.5898   15.8634
   -7.5000  -15.0000  -15.000015029.6436   15.8052
    0.0000  -15.0000  -15.000015869.4326   15.7869
    7.5000  -15.0000  -15.000015108.3418   15.7656
   -7.5000   -7.5000  -15.000015728.4492   15.7158
    0.0000   -7.5000  -15.000016600.3926   15.6936
    7.5000   -7.5000  -15.000015791.9268   15.6690
   -7.5000    0.0000  -15.000016206.9668   15.6609
    0.0000    0.0000  -15.000017083.5098   15.6377
    7.5000    0.0000  -15.000016248.3604   15.6128
   -7.5000    7.5000  -15.000015512.5215   15.6887
    0.0000    7.5000  -15.000016387.7637   15.6684
    7.5000    7.5000  -15.000015536.6465   15.6469
   -7.5000   15.0000  -15.000014765.0420   15.7239
    0.0000   15.0000  -15.000015640.8936   15.7077
    7.5000   15.0000  -15.000014798.0127   15.6901
   -7.5000   22.5000  -15.000013854.2051   15.7566
    0.0000   22.5000  -15.000014692.9668   15.7412
    7.5000   22.5000  -15.000013890.5254   15.7236
   -7.5000   30.0000  -15.000012860.8066   15.6586
    0.0000   30.0000  -15.000013621.9170   15.6403
    7.5000   30.0000  -15.000012872.6992   15.6190
   -7.5000   37.5000  -15.000012283.3232   15.7977
    0.0000   37.5000  -15.000012995.1631   15.7751
    7.5000   37.5000  -15.000012285.8789   15.7489
   -7.5000   45.0000  -15.000011276.5693   15.6661
    0.0000   45.0000  -15.000011912.4062   15.6430
    7.5000   45.0000  -15.000011271.8008   15.6161
   -7.5000  -45.0000   -7.500011770.7129   16.2995
    0.0000  -45.0000   -7.500012378.9697   16.2754
    7.5000  -45.0000   -7.500011853.5449   16.2470
   -7.5000  -37.5000   -7.500012549.0547   16.2125
    0.0000  -37.5000   -7.500013203.0762   16.1906
    7.5000  -37.5000   -7.500012627.1738   16.1631
   -7.5000  -30.0000   -7.500013720.3125   16.1553
    0.0000  -30.0000   -7.500014458.2354   16.1382
    7.5000  -30.0000   -7.500013808.5625   16.1144
   -7.5000  -22.5000   -7.500014845.5605   16.0769
    0.0000  -22.5000   -7.500015649.7217   16.0626
    7.5000  -22.5000   -7.500014927.3018   16.0417
   -7.5000  -15.0000   -7.500015891.1064   15.9834
    0.0000  -15.0000   -7.500016772.5254   15.9680
    7.5000  -15.0000   -7.500015973.2012   15.9468
   -7.5000   -7.5000   -7.500016684.1094   15.8925
    0.0000   -7.5000   -7.500017599.2012   15.8732
    7.5000   -7.5000   -7.500016753.6953   15.8487
   -7.5000    0.0000   -7.500017170.7832   15.8371
    0.0000    0.0000   -7.500018078.8125   15.8151
    7.5000    0.0000   -7.500017187.7969   15.7879
   -7.5000    7.5000   -7.500016367.4131   15.8647
    0.0000    7.5000   -7.500017236.9043   15.8444
    7.5000    7.5000   -7.500016380.0605   15.8176
   -7.5000   15.0000   -7.500015516.2568   15.9005
    0.0000   15.0000   -7.500016385.8027   15.8845
    7.5000   15.0000   -7.500015546.2051   15.8612
   -7.5000   22.5000   -7.500014530.0498   15.9324
    0.0000   22.5000   -7.500015370.4873   15.9186
    7.5000   22.5000   -7.500014569.8936   15.8980
   -7.5000   30.0000   -7.500013469.1182   15.8342
    0.0000   30.0000   -7.500014269.4805   15.8188
    7.5000   30.0000   -7.500013500.6973   15.7975
   -7.5000   37.5000   -7.500012868.7207   15.9756
    0.0000   37.5000   -7.500013600.3389   15.9559
    7.5000   37.5000   -7.500012882.6416   15.9293
   -7.5000   45.0000   -7.500011800.7852   15.8464
    0.0000   45.0000   -7.500012457.5586   15.8245
    7.5000   45.0000   -7.500011803.5674   15.7950
   -7.5000  -45.0000    0.000012298.7070   16.3497
    0.0000  -45.0000    0.000012893.6299   16.3302
    7.5000  -45.0000    0.000012371.8125   16.2970
   -7.5000  -37.5000    0.000013103.7676   16.2622
    0.0000  -37.5000    0.000013739.3340   16.2449
    7.5000  -37.5000    0.000013181.9160   16.2119
   -7.5000  -30.0000    0.000014330.6328   16.2049
    0.0000  -30.0000    0.000015029.2197   16.1929
    7.5000  -30.0000    0.000014401.1514   16.1645
   -7.5000  -22.5000    0.000015488.9121   16.1267
    0.0000  -22.5000    0.000016239.8057   16.1178
    7.5000  -22.5000    0.000015560.7695   16.0935
   -7.5000  -15.0000    0.000016610.8867   16.0322
    0.0000  -15.0000    0.000017426.6582   16.0224
    7.5000  -15.0000    0.000016670.6309   15.9986
   -7.5000   -7.5000    0.000017506.1289   15.9390
    0.0000   -7.5000    0.000018429.3770   15.9250
    7.5000   -7.5000    0.000017585.9609   15.8975
   -7.5000    0.0000    0.000018005.5273   15.8828
    0.0000    0.0000    0.000018862.1953   15.8653
    7.5000    0.0000    0.000018011.5078   15.8334
   -7.5000    7.5000    0.000017090.4336   15.9108
    0.0000    7.5000    0.000017827.2676   15.8948
    7.5000    7.5000    0.000017068.7090   15.8628
   -7.5000   15.0000    0.000016118.1211   15.9476
    0.0000   15.0000    0.000016831.0605   15.9364
    7.5000   15.0000    0.000016116.1748   15.9087
   -7.5000   22.5000    0.000015089.0986   15.9805
    0.0000   22.5000    0.000015795.2109   15.9721
    7.5000   22.5000    0.000015108.7891   15.9480
   -7.5000   30.0000    0.000013999.5488   15.8834
    0.0000   30.0000    0.000014688.9141   15.8736
    7.5000   30.0000    0.000014006.1279   15.8498
   -7.5000   37.5000    0.000013394.3926   16.0227
    0.0000   37.5000    0.000014023.6621   16.0085
    7.5000   37.5000    0.000013382.2139   15.9786
   -7.5000   45.0000    0.000012288.9395   15.8943
    0.0000   45.0000    0.000012859.4990   15.8775
    7.5000   45.0000    0.000012260.9971   15.8430
   -7.5000  -45.0000    7.500011837.8389   16.3967
    0.0000  -45.0000    7.500012374.2549   16.3809
    7.5000  -45.0000    7.500011920.8018   16.3450
   -7.5000  -37.5000    7.500012613.6904   16.3126
    0.0000  -37.5000    7.500013177.1826   16.3006
    7.5000  -37.5000    7.500012695.1445   16.2677
   -7.5000  -30.0000    7.500013805.1035   16.2588
    0.0000  -30.0000    7.500014424.0410   16.2525
    7.5000  -30.0000    7.500013862.7402   16.2254
   -7.5000  -22.5000    7.500014907.8486   16.1834
    0.0000  -22.5000    7.500015547.0264   16.1786
    7.5000  -22.5000    7.500014956.3252   16.1537
   -7.5000  -15.0000    7.500015975.1260   16.0901
    0.0000  -15.0000    7.500016674.2617   16.0829
    7.5000  -15.0000    7.500016008.6250   16.0558
   -7.5000   -7.5000    7.500016869.9824   15.9964
    0.0000   -7.5000    7.500017669.4395   15.9849
    7.5000   -7.5000    7.500016917.6621   15.9535
   -7.5000    0.0000    7.500017437.7012   15.9389
    0.0000    0.0000    7.500018107.0703   15.9249
    7.5000    0.0000    7.500017440.9199   15.8905
   -7.5000    7.5000    7.500016593.8438   15.9679
    0.0000    7.5000    7.500017107.6562   15.9571
    7.5000    7.5000    7.500016546.5703   15.9252
   -7.5000   15.0000    7.500015643.1865   16.0062
    0.0000   15.0000    7.500016118.7871   16.0007
    7.5000   15.0000    7.500015597.8672   15.9741
   -7.5000   22.5000    7.500014611.7354   16.0404
    0.0000   22.5000    7.500015126.3740   16.0359
    7.5000   22.5000    7.500014569.7842   16.0111
   -7.5000   30.0000    7.500013514.6562   15.9444
    0.0000   30.0000    7.500014041.0312   15.9371
    7.5000   30.0000    7.500013445.1982   15.9100
   -7.5000   37.5000    7.500012860.1348   16.0802
    0.0000   37.5000    7.500013392.5957   16.0688
    7.5000   37.5000    7.500012792.6934   16.0350
   -7.5000   45.0000    7.500011791.9668   15.9509
    0.0000   45.0000    7.500012305.1240   15.9384
    7.5000   45.0000    7.500011733.4414   15.9012
   -7.5000  -45.0000   15.000011240.9951   16.4554
    0.0000  -45.0000   15.000011784.6221   16.4389
    7.5000  -45.0000   15.000011343.9395   16.4042
   -7.5000  -37.5000   15.000011980.6201   16.3738
    0.0000  -37.5000   15.000012513.6260   16.3626
    7.5000  -37.5000   15.000012085.6162   16.3343
   -7.5000  -30.0000   15.000013112.9531   16.3226
    0.0000  -30.0000   15.000013655.4766   16.3171
    7.5000  -30.0000   15.000013203.8760   16.2950
   -7.5000  -22.5000   15.000014169.9189   16.2494
    0.0000  -22.5000   15.000014685.8770   16.2435
    7.5000  -22.5000   15.000014219.0469   16.2207
   -7.5000  -15.0000   15.000015202.1748   16.1577
    0.0000  -15.0000   15.000015750.7344   16.1478
    7.5000  -15.0000   15.000015213.5420   16.1196
   -7.5000   -7.5000   15.000016051.9658   16.0651
    0.0000   -7.5000   15.000016650.2793   16.0512
    7.5000   -7.5000   15.000016067.4648   16.0182
   -7.5000    0.0000   15.000016666.2383   16.0066
    0.0000    0.0000   15.000017305.5410   15.9920
    7.5000    0.0000   15.000016654.6621   15.9587
   -7.5000    7.5000   15.000015917.6836   16.0365
    0.0000    7.5000   15.000016568.3984   16.0265
    7.5000    7.5000   15.000015894.7100   15.9989
   -7.5000   15.0000   15.000015010.5957   16.0754
    0.0000   15.0000   15.000015639.1338   16.0705
    7.5000   15.0000   15.000014974.6094   16.0488
   -7.5000   22.5000   15.000014006.6543   16.1101
    0.0000   22.5000   15.000014598.3887   16.1044
    7.5000   22.5000   15.000013929.7236   16.0818
   -7.5000   30.0000   15.000012906.8984   16.0145
    0.0000   30.0000   15.000013460.4502   16.0046
    7.5000   30.0000   15.000012818.9805   15.9764
   -7.5000   37.5000   15.000012249.4111   16.1497
    0.0000   37.5000   15.000012755.4541   16.1360
    7.5000   37.5000   15.000012168.9512   16.1011
   -7.5000   45.0000   15.000011237.4736   16.0194
    0.0000   45.0000   15.000011705.3174   16.0064
    7.5000   45.0000   15.000011178.5986   15.9708
   -7.5000  -45.0000   22.500010618.2891   16.5129
    0.0000  -45.0000   22.500011097.5801   16.4912
    7.5000  -45.0000   22.500010720.0273   16.4611
   -7.5000  -37.5000   22.500011302.4170   16.4323
    0.0000  -37.5000   22.500011773.9854   16.4158
    7.5000  -37.5000   22.500011393.6670   16.3921
   -7.5000  -30.0000   22.500012388.1611   16.3822
    0.0000  -30.0000   22.500012888.3086   16.3707
    7.5000  -30.0000   22.500012471.0537   16.3527
   -7.5000  -22.5000   22.500013418.1680   16.3098
    0.0000  -22.5000   22.500013928.7129   16.2982
    7.5000  -22.5000   22.500013479.1055   16.2786
   -7.5000  -15.0000   22.500014367.0996   16.2205
    0.0000  -15.0000   22.500014961.4824   16.2051
    7.5000  -15.0000   22.500014395.7910   16.1796
   -7.5000   -7.5000   22.500015150.7256   16.1316
    0.0000   -7.5000   22.500015764.4971   16.1123
    7.5000   -7.5000   22.500015138.8281   16.0825
   -7.5000    0.0000   22.500015705.4648   16.0735
    0.0000    0.0000   22.500016332.6611   16.0537
    7.5000    0.0000   22.500015640.5352   16.0248
   -7.5000    7.5000   22.500014994.8701   16.1030
    0.0000    7.5000   22.500015648.7490   16.0878
    7.5000    7.5000   22.500014926.5527   16.0648
   -7.5000   15.0000   22.500014153.3047   16.1407
    0.0000   15.0000   22.500014813.2422   16.1301
    7.5000   15.0000   22.500014095.5498   16.1124
   -7.5000   22.5000   22.500013222.7656   16.1736
    0.0000   22.5000   22.500013868.8965   16.1624
    7.5000   22.5000   22.500013154.7842   16.1430
   -7.5000   30.0000   22.500012228.2559   16.0758
    0.0000   30.0000   22.500012838.5732   16.0603
    7.5000   30.0000   22.500012157.9531   16.0349
   -7.5000   37.5000   22.500011622.1963   16.2132
    0.0000   37.5000   22.500012195.9678   16.1938
    7.5000   37.5000   22.500011551.0596   16.1624
   -7.5000   45.0000   22.500010635.2764   16.0809
    0.0000   45.0000   22.500011167.6240   16.0622
    7.5000   45.0000   22.500010590.5576   16.0313
   -7.5000  -45.0000   30.0000 9887.9639   16.5739
    0.0000  -45.0000   30.000010353.8320   16.5477
    7.5000  -45.0000   30.0000 9978.3691   16.5205
   -7.5000  -37.5000   30.000010544.7881   16.4939
    0.0000  -37.5000   30.000011039.3975   16.4717
    7.5000  -37.5000   30.000010623.3271   16.4484
   -7.5000  -30.0000   30.000011577.9307   16.4447
    0.0000  -30.0000   30.000012104.9922   16.4275
    7.5000  -30.0000   30.000011652.6465   16.4085
   -7.5000  -22.5000   30.000012513.2705   16.3736
    0.0000  -22.5000   30.000013088.9785   16.3576
    7.5000  -22.5000   30.000012583.0645   16.3389
   -7.5000  -15.0000   30.000013355.9775   16.2867
    0.0000  -15.0000   30.000013989.6680   16.2681
    7.5000  -15.0000   30.000013404.6914   16.2458
   -7.5000   -7.5000   30.000014061.4785   16.2014
    0.0000   -7.5000   30.000014673.5078   16.1786
    7.5000   -7.5000   30.000014060.4219   16.1528
   -7.5000    0.0000   30.000014595.4199   16.1435
    0.0000    0.0000   30.000015209.9697   16.1196
    7.5000    0.0000   30.000014567.0381   16.0935
   -7.5000    7.5000   30.000013949.6270   16.1726
    0.0000    7.5000   30.000014551.9385   16.1519
    7.5000    7.5000   30.000013914.2344   16.1293
   -7.5000   15.0000   30.000013170.0059   16.2081
    0.0000   15.0000   30.000013748.1924   16.1920
    7.5000   15.0000   30.000013132.1211   16.1733
   -7.5000   22.5000   30.000012309.2139   16.2385
    0.0000   22.5000   30.000012867.1104   16.2231
    7.5000   22.5000   30.000012270.5264   16.2046
   -7.5000   30.0000   30.000011391.5342   16.1372
    0.0000   30.0000   30.000011920.5713   16.1187
    7.5000   30.0000   30.000011350.6318   16.0963
   -7.5000   37.5000   30.000010872.5371   16.2779
    0.0000   37.5000   30.000011373.0557   16.2549
    7.5000   37.5000   30.000010820.8535   16.2274
   -7.5000   45.0000   30.0000 9963.1777   16.1447
    0.0000   45.0000   30.000010426.7646   16.1211
    7.5000   45.0000   30.0000 9922.2900   16.0928
   -7.5000  -45.0000   37.5000 9535.8398   16.7503
    0.0000  -45.0000   37.500010006.5439   16.7255
    7.5000  -45.0000   37.5000 9628.1699   16.6954
   -7.5000  -37.5000   37.500010180.4570   16.6711
    0.0000  -37.5000   37.500010660.1074   16.6486
    7.5000  -37.5000   37.500010251.7334   16.6194
   -7.5000  -30.0000   37.500011178.0742   16.6236
    0.0000  -30.0000   37.500011696.6250   16.6063
    7.5000  -30.0000   37.500011254.7207   16.5810
   -7.5000  -22.5000   37.500012063.3262   16.5536
    0.0000  -22.5000   37.500012645.2617   16.5393
    7.5000  -22.5000   37.500012130.3281   16.5171
   -7.5000  -15.0000   37.500012830.3672   16.4670
    0.0000  -15.0000   37.500013482.0127   16.4514
    7.5000  -15.0000   37.500012892.4873   16.4289
   -7.5000   -7.5000   37.500013483.7539   16.3820
    0.0000   -7.5000   37.500014131.3281   16.3622
    7.5000   -7.5000   37.500013513.5508   16.3363
   -7.5000    0.0000   37.500013964.7559   16.3238
    0.0000    0.0000   37.500014591.9170   16.3012
    7.5000    0.0000   37.500013972.2324   16.2723
   -7.5000    7.5000   37.500013340.4609   16.3535
    0.0000    7.5000   37.500013944.3789   16.3327
    7.5000    7.5000   37.500013341.4883   16.3043
   -7.5000   15.0000   37.500012629.4980   16.3885
    0.0000   15.0000   37.500013195.7432   16.3724
    7.5000   15.0000   37.500012609.1445   16.3478
   -7.5000   22.5000   37.500011818.6924   16.4175
    0.0000   22.5000   37.500012339.3516   16.4038
    7.5000   22.5000   37.500011786.6953   16.3819
   -7.5000   30.0000   37.500010939.0488   16.3130
    0.0000   30.0000   37.500011439.5947   16.2976
    7.5000   30.0000   37.500010913.8047   16.2750
   -7.5000   37.5000   37.500010443.3896   16.4557
    0.0000   37.5000   37.500010941.0068   16.4356
    7.5000   37.5000   37.500010423.8223   16.4075
   -7.5000   45.0000   37.5000 9578.2666   16.3227
    0.0000   45.0000   37.500010029.3926   16.3002
    7.5000   45.0000   37.5000 9553.2012   16.2690
   -7.5000  -45.0000   45.0000 8754.9541   16.9542
    0.0000  -45.0000   45.0000 9194.2383   16.9332
    7.5000  -45.0000   45.0000 8846.8389   16.8982
   -7.5000  -37.5000   45.0000 9341.2676   16.8755
    0.0000  -37.5000   45.0000 9808.6045   16.8568
    7.5000  -37.5000   45.0000 9411.8916   16.8217
   -7.5000  -30.0000   45.000010255.9287   16.8294
    0.0000  -30.0000   45.000010768.6992   16.8165
    7.5000  -30.0000   45.000010323.5635   16.7861
   -7.5000  -22.5000   45.000011061.3662   16.7605
    0.0000  -22.5000   45.000011630.5938   16.7511
    7.5000  -22.5000   45.000011141.8428   16.7252
   -7.5000  -15.0000   45.000011745.9082   16.6736
    0.0000  -15.0000   45.000012345.9014   16.6633
    7.5000  -15.0000   45.000011811.2910   16.6384
   -7.5000   -7.5000   45.000012344.4717   16.5873
    0.0000   -7.5000   45.000012932.3711   16.5725
    7.5000   -7.5000   45.000012374.9551   16.5438
   -7.5000    0.0000   45.000012765.7139   16.5286
    0.0000    0.0000   45.000013351.0098   16.5098
    7.5000    0.0000   45.000012793.7432   16.4763
   -7.5000    7.5000   45.000012171.9277   16.5593
    0.0000    7.5000   45.000012738.4600   16.5422
    7.5000    7.5000   45.000012200.0615   16.5083
   -7.5000   15.0000   45.000011512.2158   16.5943
    0.0000   15.0000   45.000012041.9521   16.5824
    7.5000   15.0000   45.000011518.4189   16.5529
   -7.5000   22.5000   45.000010801.5557   16.6220
    0.0000   22.5000   45.000011279.6611   16.6132
    7.5000   22.5000   45.000010791.7314   16.5876
   -7.5000   30.0000   45.000010002.9551   16.5148
    0.0000   30.0000   45.000010459.5586   16.5047
    7.5000   30.0000   45.0000 9985.7900   16.4796
   -7.5000   37.5000   45.0000 9566.4277   16.6579
    0.0000   37.5000   45.000010011.4121   16.6429
    7.5000   37.5000   45.0000 9553.8613   16.6116
   -7.5000   45.0000   45.0000 8779.8633   16.5355
    0.0000   45.0000   45.0000 9179.3789   16.5176
    7.5000   45.0000   45.0000 8763.8330   16.4813

---------------------------------------------------------------------
imgreg_4dfp /opt/freesurfer/average/711-2C_as_mni_average_305 /opt/freesurfer/average/711-2B_as_mni_average_305_mask talsrcimg_g11 none talsrcimg_to_711-2C_as_mni_average_305_t4 4355
---------------------------------------------------------------------

freesurfer imgreg_4dfp.c
/opt/freesurfer/average/711-2C_as_mni_average_305.4dfp.img
       256       256       256         1
  1.000000  1.000000  1.000000
orientation T byte_order littleendian
Reading image: /opt/freesurfer/average/711-2C_as_mni_average_305.4dfp.img
dimensions:      256       256       256
mmppix:       1.0000   -1.0000   -1.0000
center:     128.0000 -129.0000 -129.0000
/opt/freesurfer/average/711-2B_as_mni_average_305_mask.4dfp.img
       256       256       256         1
  1.000000  1.000000  1.000000
orientation T byte_order littleendian
Reading mask: /opt/freesurfer/average/711-2B_as_mni_average_305_mask.4dfp.img (2306576 pixels)
talsrcimg_g11.4dfp.img
       256       256       256         1
  1.000000  1.000000  1.000000
orientation T byte_order littleendian
Reading image: talsrcimg_g11.4dfp.img
dimensions:      256       256       256
mmppix:       1.0000   -1.0000   -1.0000
center:     128.0000 -129.0000 -129.0000
rotation matrix determinant  1.000000
image alignment mode   4355 decimal     1103 hex
   -7.5000  -45.0000  -45.0000 2175.2998   18.4798
    0.0000  -45.0000  -45.0000 2192.2217   18.2457
    7.5000  -45.0000  -45.0000 2179.7920   18.3759
   -7.5000  -37.5000  -45.0000 2228.8809   17.3962
    0.0000  -37.5000  -45.0000 2247.3137   17.2125
    7.5000  -37.5000  -45.0000 2232.6936   17.3004
   -7.5000  -30.0000  -45.0000 2271.5466   16.6150
    0.0000  -30.0000  -45.0000 2286.7781   16.4379
    7.5000  -30.0000  -45.0000 2278.8901   16.4985
   -7.5000  -22.5000  -45.0000 2309.6763   15.9369
    0.0000  -22.5000  -45.0000 2323.3357   15.8018
    7.5000  -22.5000  -45.0000 2314.0056   15.8542
   -7.5000  -15.0000  -45.0000 2326.0554   15.3831
    0.0000  -15.0000  -45.0000 2343.1890   15.2689
    7.5000  -15.0000  -45.0000 2330.4653   15.3316
   -7.5000   -7.5000  -45.0000 2342.0408   14.9526
    0.0000   -7.5000  -45.0000 2360.3323   14.8391
    7.5000   -7.5000  -45.0000 2344.4526   14.9082
   -7.5000    0.0000  -45.0000 2350.9978   14.7255
    0.0000    0.0000  -45.0000 2369.1462   14.5824
    7.5000    0.0000  -45.0000 2355.8071   14.6584
   -7.5000    7.5000  -45.0000 2350.9961   14.7990
    0.0000    7.5000  -45.0000 2367.3979   14.6542
    7.5000    7.5000  -45.0000 2355.0330   14.7025
   -7.5000   15.0000  -45.0000 2332.1465   15.1763
    0.0000   15.0000  -45.0000 2348.5322   15.0259
    7.5000   15.0000  -45.0000 2336.9673   15.0815
   -7.5000   22.5000  -45.0000 2293.2483   15.8130
    0.0000   22.5000  -45.0000 2316.7000   15.6774
    7.5000   22.5000  -45.0000 2300.7395   15.7461
   -7.5000   30.0000  -45.0000 2242.2786   16.6957
    0.0000   30.0000  -45.0000 2262.7161   16.5395
    7.5000   30.0000  -45.0000 2247.3430   16.6078
   -7.5000   37.5000  -45.0000 2175.5220   17.8628
    0.0000   37.5000  -45.0000 2193.8513   17.6842
    7.5000   37.5000  -45.0000 2179.4009   17.7685
   -7.5000   45.0000  -45.0000 2090.8967   19.4598
    0.0000   45.0000  -45.0000 2106.9976   19.2466
    7.5000   45.0000  -45.0000 2092.2107   19.3574
   -7.5000  -45.0000  -37.5000 2269.4224   17.0897
    0.0000  -45.0000  -37.5000 2292.9756   16.9074
    7.5000  -45.0000  -37.5000 2276.2686   16.9858
   -7.5000  -37.5000  -37.5000 2328.1921   16.1095
    0.0000  -37.5000  -37.5000 2346.7949   15.9558
    7.5000  -37.5000  -37.5000 2329.6716   16.0183
   -7.5000  -30.0000  -37.5000 2369.6099   15.3448
    0.0000  -30.0000  -37.5000 2390.9805   15.2133
    7.5000  -30.0000  -37.5000 2377.5620   15.2272
   -7.5000  -22.5000  -37.5000 2406.9692   14.7176
    0.0000  -22.5000  -37.5000 2422.9092   14.6117
    7.5000  -22.5000  -37.5000 2411.9141   14.6380
   -7.5000  -15.0000  -37.5000 2427.2351   14.2076
    0.0000  -15.0000  -37.5000 2443.2312   14.1324
    7.5000  -15.0000  -37.5000 2430.8616   14.1436
   -7.5000   -7.5000  -37.5000 2438.0659   13.8684
    0.0000   -7.5000  -37.5000 2459.7214   13.7775
    7.5000   -7.5000  -37.5000 2442.5098   13.7921
   -7.5000    0.0000  -37.5000 2445.6570   13.6696
    0.0000    0.0000  -37.5000 2466.1023   13.5646
    7.5000    0.0000  -37.5000 2451.6843   13.5912
   -7.5000    7.5000  -37.5000 2443.8000   13.7442
    0.0000    7.5000  -37.5000 2469.3142   13.6430
    7.5000    7.5000  -37.5000 2451.2800   13.6692
   -7.5000   15.0000  -37.5000 2426.3564   14.1000
    0.0000   15.0000  -37.5000 2450.1958   13.9961
    7.5000   15.0000  -37.5000 2432.8228   14.0271
   -7.5000   22.5000  -37.5000 2387.4668   14.6912
    0.0000   22.5000  -37.5000 2412.3313   14.5623
    7.5000   22.5000  -37.5000 2395.3845   14.6111
   -7.5000   30.0000  -37.5000 2328.5515   15.4794
    0.0000   30.0000  -37.5000 2350.7373   15.3652
    7.5000   30.0000  -37.5000 2334.8486   15.3871
   -7.5000   37.5000  -37.5000 2254.1167   16.5413
    0.0000   37.5000  -37.5000 2275.1211   16.4284
    7.5000   37.5000  -37.5000 2261.8335   16.4704
   -7.5000   45.0000  -37.5000 2164.4253   18.0035
    0.0000   45.0000  -37.5000 2182.7551   17.8597
    7.5000   45.0000  -37.5000 2169.0242   17.8970
   -7.5000  -45.0000  -30.0000 2396.9788   16.4188
    0.0000  -45.0000  -30.0000 2421.6704   16.3422
    7.5000  -45.0000  -30.0000 2403.6423   16.3398
   -7.5000  -37.5000  -30.0000 2463.0229   15.4410
    0.0000  -37.5000  -30.0000 2480.2917   15.3787
    7.5000  -37.5000  -30.0000 2463.4802   15.3662
   -7.5000  -30.0000  -30.0000 2507.6936   14.6803
    0.0000  -30.0000  -30.0000 2530.0889   14.6206
    7.5000  -30.0000  -30.0000 2513.6990   14.5930
   -7.5000  -22.5000  -30.0000 2537.6892   14.0722
    0.0000  -22.5000  -30.0000 2557.3584   14.0064
    7.5000  -22.5000  -30.0000 2544.7598   14.0073
   -7.5000  -15.0000  -30.0000 2563.4075   13.5976
    0.0000  -15.0000  -30.0000 2587.8804   13.5314
    7.5000  -15.0000  -30.0000 2569.8682   13.4974
   -7.5000   -7.5000  -30.0000 2581.8240   13.3019
    0.0000   -7.5000  -30.0000 2607.4331   13.2236
    7.5000   -7.5000  -30.0000 2586.1497   13.1894
   -7.5000    0.0000  -30.0000 2589.9673   13.1357
    0.0000    0.0000  -30.0000 2612.6755   13.0609
    7.5000    0.0000  -30.0000 2598.5808   13.0476
   -7.5000    7.5000  -30.0000 2586.9148   13.2471
    0.0000    7.5000  -30.0000 2615.6877   13.1625
    7.5000    7.5000  -30.0000 2595.2019   13.1597
   -7.5000   15.0000  -30.0000 2567.7632   13.5992
    0.0000   15.0000  -30.0000 2596.3579   13.5157
    7.5000   15.0000  -30.0000 2576.3381   13.5114
   -7.5000   22.5000  -30.0000 2531.4075   14.1372
    0.0000   22.5000  -30.0000 2558.1997   14.0452
    7.5000   22.5000  -30.0000 2537.2053   14.0627
   -7.5000   30.0000  -30.0000 2469.6177   14.8824
    0.0000   30.0000  -30.0000 2493.2839   14.7898
    7.5000   30.0000  -30.0000 2474.0757   14.7944
   -7.5000   37.5000  -30.0000 2385.0562   15.8946
    0.0000   37.5000  -30.0000 2408.7803   15.7824
    7.5000   37.5000  -30.0000 2394.2258   15.8020
   -7.5000   45.0000  -30.0000 2283.8391   17.2963
    0.0000   45.0000  -30.0000 2307.9524   17.1803
    7.5000   45.0000  -30.0000 2291.8835   17.1896
   -7.5000  -45.0000  -22.5000 2500.7258   15.7071
    0.0000  -45.0000  -22.5000 2523.3398   15.6210
    7.5000  -45.0000  -22.5000 2510.5449   15.6088
   -7.5000  -37.5000  -22.5000 2560.7061   14.7492
    0.0000  -37.5000  -22.5000 2584.6963   14.6678
    7.5000  -37.5000  -22.5000 2569.1309   14.6266
   -7.5000  -30.0000  -22.5000 2600.5911   13.9907
    0.0000  -30.0000  -22.5000 2628.0627   13.8918
    7.5000  -30.0000  -22.5000 2610.5911   13.8728
   -7.5000  -22.5000  -22.5000 2639.7029   13.3737
    0.0000  -22.5000  -22.5000 2663.0098   13.2895
    7.5000  -22.5000  -22.5000 2648.2380   13.2722
   -7.5000  -15.0000  -22.5000 2673.6624   12.9057
    0.0000  -15.0000  -22.5000 2697.5171   12.8524
    7.5000  -15.0000  -22.5000 2682.2395   12.8171
   -7.5000   -7.5000  -22.5000 2695.1309   12.6457
    0.0000   -7.5000  -22.5000 2720.7346   12.5739
    7.5000   -7.5000  -22.5000 2700.5657   12.5346
   -7.5000    0.0000  -22.5000 2703.2930   12.4936
    0.0000    0.0000  -22.5000 2732.3140   12.4331
    7.5000    0.0000  -22.5000 2713.2612   12.3984
   -7.5000    7.5000  -22.5000 2707.3923   12.6179
    0.0000    7.5000  -22.5000 2742.4485   12.5409
    7.5000    7.5000  -22.5000 2713.0383   12.5346
   -7.5000   15.0000  -22.5000 2690.2468   12.9732
    0.0000   15.0000  -22.5000 2727.8264   12.8948
    7.5000   15.0000  -22.5000 2700.5276   12.8896
   -7.5000   22.5000  -22.5000 2653.3796   13.4905
    0.0000   22.5000  -22.5000 2684.7336   13.4033
    7.5000   22.5000  -22.5000 2660.7043   13.4091
   -7.5000   30.0000  -22.5000 2583.2102   14.2108
    0.0000   30.0000  -22.5000 2612.4204   14.1024
    7.5000   30.0000  -22.5000 2588.8660   14.1228
   -7.5000   37.5000  -22.5000 2489.4150   15.1597
    0.0000   37.5000  -22.5000 2515.8423   15.0360
    7.5000   37.5000  -22.5000 2499.0276   15.0656
   -7.5000   45.0000  -22.5000 2379.3962   16.5196
    0.0000   45.0000  -22.5000 2403.4197   16.3995
    7.5000   45.0000  -22.5000 2392.0125   16.4252
   -7.5000  -45.0000  -15.0000 2565.0010   15.0624
    0.0000  -45.0000  -15.0000 2591.0559   14.9837
    7.5000  -45.0000  -15.0000 2577.3110   14.9660
   -7.5000  -37.5000  -15.0000 2624.4446   14.1111
    0.0000  -37.5000  -15.0000 2651.6172   14.0129
    7.5000  -37.5000  -15.0000 2634.7488   13.9778
   -7.5000  -30.0000  -15.0000 2666.7388   13.3508
    0.0000  -30.0000  -15.0000 2697.3379   13.2450
    7.5000  -30.0000  -15.0000 2678.8330   13.2184
   -7.5000  -22.5000  -15.0000 2708.1270   12.7619
    0.0000  -22.5000  -15.0000 2734.7126   12.6514
    7.5000  -22.5000  -15.0000 2717.7803   12.6540
   -7.5000  -15.0000  -15.0000 2748.7380   12.3155
    0.0000  -15.0000  -15.0000 2773.1216   12.2247
    7.5000  -15.0000  -15.0000 2756.5415   12.2245
   -7.5000   -7.5000  -15.0000 2780.2473   12.0458
    0.0000   -7.5000  -15.0000 2806.1567   11.9458
    7.5000   -7.5000  -15.0000 2788.7961   11.9400
   -7.5000    0.0000  -15.0000 2794.4299   11.8994
    0.0000    0.0000  -15.0000 2825.3032   11.8094
    7.5000    0.0000  -15.0000 2801.8555   11.8149
   -7.5000    7.5000  -15.0000 2805.4995   12.0064
    0.0000    7.5000  -15.0000 2841.9614   11.9049
    7.5000    7.5000  -15.0000 2814.8542   11.9262
   -7.5000   15.0000  -15.0000 2788.6511   12.3617
    0.0000   15.0000  -15.0000 2830.7900   12.2717
    7.5000   15.0000  -15.0000 2804.7288   12.2808
   -7.5000   22.5000  -15.0000 2741.3486   12.8619
    0.0000   22.5000  -15.0000 2782.0969   12.7730
    7.5000   22.5000  -15.0000 2755.5925   12.7979
   -7.5000   30.0000  -15.0000 2666.5735   13.5509
    0.0000   30.0000  -15.0000 2701.2461   13.4511
    7.5000   30.0000  -15.0000 2677.1677   13.4800
   -7.5000   37.5000  -15.0000 2565.9780   14.4878
    0.0000   37.5000  -15.0000 2594.7107   14.3687
    7.5000   37.5000  -15.0000 2573.6152   14.4049
   -7.5000   45.0000  -15.0000 2445.4553   15.8260
    0.0000   45.0000  -15.0000 2472.1667   15.7144
    7.5000   45.0000  -15.0000 2455.6497   15.7439
   -7.5000  -45.0000   -7.5000 2603.2305   14.5911
    0.0000  -45.0000   -7.5000 2625.5542   14.4682
    7.5000  -45.0000   -7.5000 2613.9275   14.4785
   -7.5000  -37.5000   -7.5000 2660.3235   13.6206
    0.0000  -37.5000   -7.5000 2683.5027   13.4895
    7.5000  -37.5000   -7.5000 2671.3975   13.4944
   -7.5000  -30.0000   -7.5000 2705.0054   12.8596
    0.0000  -30.0000   -7.5000 2730.1560   12.7265
    7.5000  -30.0000   -7.5000 2716.4465   12.7291
   -7.5000  -22.5000   -7.5000 2750.4216   12.2687
    0.0000  -22.5000   -7.5000 2773.9214   12.1305
    7.5000  -22.5000   -7.5000 2758.2742   12.1564
   -7.5000  -15.0000   -7.5000 2798.6282   11.8371
    0.0000  -15.0000   -7.5000 2825.2153   11.6908
    7.5000  -15.0000   -7.5000 2807.4929   11.7332
   -7.5000   -7.5000   -7.5000 2842.0254   11.5476
    0.0000   -7.5000   -7.5000 2877.5012   11.4250
    7.5000   -7.5000   -7.5000 2857.8528   11.4512
   -7.5000    0.0000   -7.5000 2867.1267   11.4060
    0.0000    0.0000   -7.5000 2908.4548   11.2490
    7.5000    0.0000   -7.5000 2879.1309   11.3181
   -7.5000    7.5000   -7.5000 2881.7278   11.5039
    0.0000    7.5000   -7.5000 2925.4170   11.3580
    7.5000    7.5000   -7.5000 2897.0703   11.4104
   -7.5000   15.0000   -7.5000 2863.0415   11.8334
    0.0000   15.0000   -7.5000 2908.2993   11.7178
    7.5000   15.0000   -7.5000 2881.9075   11.7501
   -7.5000   22.5000   -7.5000 2806.4443   12.3242
    0.0000   22.5000   -7.5000 2850.5757   12.2253
    7.5000   22.5000   -7.5000 2824.3774   12.2657
   -7.5000   30.0000   -7.5000 2720.8032   13.0145
    0.0000   30.0000   -7.5000 2759.5845   12.9036
    7.5000   30.0000   -7.5000 2734.5789   12.9506
   -7.5000   37.5000   -7.5000 2611.9644   13.9337
    0.0000   37.5000   -7.5000 2641.3003   13.8173
    7.5000   37.5000   -7.5000 2621.0330   13.8670
   -7.5000   45.0000   -7.5000 2488.1646   15.2342
    0.0000   45.0000   -7.5000 2515.5913   15.1049
    7.5000   45.0000   -7.5000 2498.2656   15.1639
   -7.5000  -45.0000    0.0000 2608.9597   14.3913
    0.0000  -45.0000    0.0000 2632.3887   14.1798
    7.5000  -45.0000    0.0000 2621.4114   14.2494
   -7.5000  -37.5000    0.0000 2660.7668   13.3866
    0.0000  -37.5000    0.0000 2689.7920   13.1744
    7.5000  -37.5000    0.0000 2677.7031   13.2293
   -7.5000  -30.0000    0.0000 2711.2336   12.6078
    0.0000  -30.0000    0.0000 2738.6790   12.3980
    7.5000  -30.0000    0.0000 2724.2446   12.4515
   -7.5000  -22.5000    0.0000 2766.1638   11.9971
    0.0000  -22.5000    0.0000 2792.0447   11.7901
    7.5000  -22.5000    0.0000 2782.7126   11.8456
   -7.5000  -15.0000    0.0000 2825.8215   11.5517
    0.0000  -15.0000    0.0000 2852.9272   11.3427
    7.5000  -15.0000    0.0000 2839.9019   11.4205
   -7.5000   -7.5000    0.0000 2878.3149   11.2791
    0.0000   -7.5000    0.0000 2917.6648   11.1016
    7.5000   -7.5000    0.0000 2898.2749   11.1709
   -7.5000    0.0000    0.0000 2913.5203   11.1260
    0.0000    0.0000    0.0000 2967.0747   10.9120
    7.5000    0.0000    0.0000 2932.4158   11.0293
   -7.5000    7.5000    0.0000 2932.8198   11.1938
    0.0000    7.5000    0.0000 2983.3088   10.9690
    7.5000    7.5000    0.0000 2947.9988   11.0910
   -7.5000   15.0000    0.0000 2909.1311   11.5118
    0.0000   15.0000    0.0000 2952.7700   11.2971
    7.5000   15.0000    0.0000 2925.6748   11.4082
   -7.5000   22.5000    0.0000 2844.4309   12.0403
    0.0000   22.5000    0.0000 2884.9021   11.8302
    7.5000   22.5000    0.0000 2864.5161   11.9379
   -7.5000   30.0000    0.0000 2753.1321   12.7503
    0.0000   30.0000    0.0000 2787.7522   12.5596
    7.5000   30.0000    0.0000 2766.2112   12.6667
   -7.5000   37.5000    0.0000 2636.1978   13.6804
    0.0000   37.5000    0.0000 2663.3086   13.5032
    7.5000   37.5000    0.0000 2647.5681   13.5904
   -7.5000   45.0000    0.0000 2510.2458   14.9488
    0.0000   45.0000    0.0000 2534.4446   14.7484
    7.5000   45.0000    0.0000 2519.4734   14.8392
   -7.5000  -45.0000    7.5000 2596.3604   14.3611
    0.0000  -45.0000    7.5000 2624.1963   14.0512
    7.5000  -45.0000    7.5000 2615.4717   14.1835
   -7.5000  -37.5000    7.5000 2651.7861   13.3335
    0.0000  -37.5000    7.5000 2679.8999   13.0336
    7.5000  -37.5000    7.5000 2671.1226   13.1558
   -7.5000  -30.0000    7.5000 2706.1699   12.5271
    0.0000  -30.0000    7.5000 2731.3152   12.2306
    7.5000  -30.0000    7.5000 2721.9517   12.3322
   -7.5000  -22.5000    7.5000 2766.3865   11.8904
    0.0000  -22.5000    7.5000 2794.5762   11.6112
    7.5000  -22.5000    7.5000 2786.3325   11.6889
   -7.5000  -15.0000    7.5000 2829.3718   11.4357
    0.0000  -15.0000    7.5000 2862.8647   11.1609
    7.5000  -15.0000    7.5000 2849.1909   11.2618
   -7.5000   -7.5000    7.5000 2890.6995   11.2110
    0.0000   -7.5000    7.5000 2935.0088   10.9375
    7.5000   -7.5000    7.5000 2913.7717   11.0467
   -7.5000    0.0000    7.5000 2933.6731   11.0938
    0.0000    0.0000    7.5000 2986.0276   10.8142
    7.5000    0.0000    7.5000 2956.6440   10.9520
   -7.5000    7.5000    7.5000 2955.4414   11.1559
    0.0000    7.5000    7.5000 3004.8521   10.8120
    7.5000    7.5000    7.5000 2971.4482   11.0298
   -7.5000   15.0000    7.5000 2927.2908   11.4370
    0.0000   15.0000    7.5000 2964.0669   11.1155
    7.5000   15.0000    7.5000 2941.5742   11.3169
   -7.5000   22.5000    7.5000 2855.4382   11.9347
    0.0000   22.5000    7.5000 2892.7285   11.6528
    7.5000   22.5000    7.5000 2870.2124   11.8191
   -7.5000   30.0000    7.5000 2753.2319   12.6807
    0.0000   30.0000    7.5000 2784.8333   12.4539
    7.5000   30.0000    7.5000 2763.9836   12.5666
   -7.5000   37.5000    7.5000 2632.2007   13.6177
    0.0000   37.5000    7.5000 2660.0540   13.4363
    7.5000   37.5000    7.5000 2643.7437   13.4958
   -7.5000   45.0000    7.5000 2502.1411   14.8395
    0.0000   45.0000    7.5000 2530.3132   14.6698
    7.5000   45.0000    7.5000 2517.0337   14.6978
   -7.5000  -45.0000   15.0000 2578.7412   14.4147
    0.0000  -45.0000   15.0000 2609.6440   14.0546
    7.5000  -45.0000   15.0000 2603.1899   14.2210
   -7.5000  -37.5000   15.0000 2632.9395   13.3716
    0.0000  -37.5000   15.0000 2663.2747   13.0134
    7.5000  -37.5000   15.0000 2658.3970   13.1679
   -7.5000  -30.0000   15.0000 2684.4333   12.5587
    0.0000  -30.0000   15.0000 2714.5205   12.1950
    7.5000  -30.0000   15.0000 2709.3943   12.3381
   -7.5000  -22.5000   15.0000 2743.6426   11.9459
    0.0000  -22.5000   15.0000 2772.3130   11.5861
    7.5000  -22.5000   15.0000 2766.6440   11.7221
   -7.5000  -15.0000   15.0000 2808.3992   11.5314
    0.0000  -15.0000   15.0000 2838.0935   11.1646
    7.5000  -15.0000   15.0000 2830.5300   11.3250
   -7.5000   -7.5000   15.0000 2871.0886   11.3156
    0.0000   -7.5000   15.0000 2910.7312   10.9897
    7.5000   -7.5000   15.0000 2893.1702   11.1356
   -7.5000    0.0000   15.0000 2914.0068   11.2112
    0.0000    0.0000   15.0000 2965.4182   10.9057
    7.5000    0.0000   15.0000 2933.0623   11.0675
   -7.5000    7.5000   15.0000 2929.8467   11.2955
    0.0000    7.5000   15.0000 2982.6558   11.0201
    7.5000    7.5000   15.0000 2948.9055   11.1574
   -7.5000   15.0000   15.0000 2896.7400   11.5702
    0.0000   15.0000   15.0000 2944.6768   11.3415
    7.5000   15.0000   15.0000 2917.9980   11.4393
   -7.5000   22.5000   15.0000 2826.7371   12.0328
    0.0000   22.5000   15.0000 2867.8567   11.8186
    7.5000   22.5000   15.0000 2842.6807   11.9081
   -7.5000   30.0000   15.0000 2728.8713   12.7419
    0.0000   30.0000   15.0000 2761.5371   12.5379
    7.5000   30.0000   15.0000 2742.2419   12.5917
   -7.5000   37.5000   15.0000 2606.5010   13.6867
    0.0000   37.5000   15.0000 2631.0061   13.4854
    7.5000   37.5000   15.0000 2620.3896   13.5176
   -7.5000   45.0000   15.0000 2481.2820   14.8899
    0.0000   45.0000   15.0000 2503.7327   14.6966
    7.5000   45.0000   15.0000 2494.0049   14.7271
   -7.5000  -45.0000   22.5000 2558.2908   14.6245
    0.0000  -45.0000   22.5000 2587.6909   14.1958
    7.5000  -45.0000   22.5000 2584.7041   14.4054
   -7.5000  -37.5000   22.5000 2607.0381   13.5964
    0.0000  -37.5000   22.5000 2636.6824   13.1622
    7.5000  -37.5000   22.5000 2631.6523   13.3616
   -7.5000  -30.0000   22.5000 2656.2427   12.7900
    0.0000  -30.0000   22.5000 2685.9353   12.3988
    7.5000  -30.0000   22.5000 2680.3362   12.5653
   -7.5000  -22.5000   22.5000 2716.0950   12.1972
    0.0000  -22.5000   22.5000 2742.0254   11.8371
    7.5000  -22.5000   22.5000 2737.0569   11.9835
   -7.5000  -15.0000   22.5000 2773.7590   11.7841
    0.0000  -15.0000   22.5000 2803.6328   11.4753
    7.5000  -15.0000   22.5000 2792.3284   11.5880
   -7.5000   -7.5000   22.5000 2830.5754   11.5454
    0.0000   -7.5000   22.5000 2869.1692   11.2636
    7.5000   -7.5000   22.5000 2849.4001   11.3604
   -7.5000    0.0000   22.5000 2867.6543   11.4677
    0.0000    0.0000   22.5000 2912.8604   11.1856
    7.5000    0.0000   22.5000 2884.0334   11.3028
   -7.5000    7.5000   22.5000 2872.8525   11.6048
    0.0000    7.5000   22.5000 2918.3928   11.3574
    7.5000    7.5000   22.5000 2892.8704   11.4432
   -7.5000   15.0000   22.5000 2835.9976   11.9253
    0.0000   15.0000   22.5000 2874.5378   11.7089
    7.5000   15.0000   22.5000 2854.1619   11.7849
   -7.5000   22.5000   22.5000 2770.5566   12.4151
    0.0000   22.5000   22.5000 2806.8784   12.2318
    7.5000   22.5000   22.5000 2783.1279   12.2866
   -7.5000   30.0000   22.5000 2681.9241   13.1020
    0.0000   30.0000   22.5000 2713.9558   12.9450
    7.5000   30.0000   22.5000 2692.1919   12.9660
   -7.5000   37.5000   22.5000 2565.8689   14.0108
    0.0000   37.5000   22.5000 2591.8706   13.8395
    7.5000   37.5000   22.5000 2575.6638   13.8492
   -7.5000   45.0000   22.5000 2442.1694   15.1867
    0.0000   45.0000   22.5000 2468.9768   15.0209
    7.5000   45.0000   22.5000 2455.5269   15.0228
   -7.5000  -45.0000   30.0000 2515.4983   15.0451
    0.0000  -45.0000   30.0000 2541.8726   14.6549
    7.5000  -45.0000   30.0000 2537.2083   14.8329
   -7.5000  -37.5000   30.0000 2566.2888   14.0330
    0.0000  -37.5000   30.0000 2595.4109   13.6491
    7.5000  -37.5000   30.0000 2583.7627   13.8220
   -7.5000  -30.0000   30.0000 2615.9861   13.2422
    0.0000  -30.0000   30.0000 2643.8350   12.8923
    7.5000  -30.0000   30.0000 2633.4429   13.0306
   -7.5000  -22.5000   30.0000 2665.6025   12.6235
    0.0000  -22.5000   30.0000 2700.0210   12.3108
    7.5000  -22.5000   30.0000 2686.0085   12.4217
   -7.5000  -15.0000   30.0000 2716.3894   12.2102
    0.0000  -15.0000   30.0000 2755.4961   11.9478
    7.5000  -15.0000   30.0000 2738.3860   12.0308
   -7.5000   -7.5000   30.0000 2766.3086   11.9850
    0.0000   -7.5000   30.0000 2809.5352   11.7074
    7.5000   -7.5000   30.0000 2785.7637   11.8062
   -7.5000    0.0000   30.0000 2798.9404   11.9502
    0.0000    0.0000   30.0000 2838.3398   11.6828
    7.5000    0.0000   30.0000 2813.2478   11.7739
   -7.5000    7.5000   30.0000 2795.6731   12.1311
    0.0000    7.5000   30.0000 2831.4937   11.8938
    7.5000    7.5000   30.0000 2810.1409   11.9594
   -7.5000   15.0000   30.0000 2752.7437   12.4993
    0.0000   15.0000   30.0000 2785.4368   12.2780
    7.5000   15.0000   30.0000 2767.8347   12.3368
   -7.5000   22.5000   30.0000 2689.8677   13.0098
    0.0000   22.5000   30.0000 2723.5447   12.8036
    7.5000   22.5000   30.0000 2705.1550   12.8649
   -7.5000   30.0000   30.0000 2608.2603   13.6542
    0.0000   30.0000   30.0000 2642.2092   13.4626
    7.5000   30.0000   30.0000 2623.2671   13.5170
   -7.5000   37.5000   30.0000 2507.9333   14.5384
    0.0000   37.5000   30.0000 2534.6299   14.3623
    7.5000   37.5000   30.0000 2520.1782   14.4002
   -7.5000   45.0000   30.0000 2386.4653   15.7078
    0.0000   45.0000   30.0000 2409.9546   15.5466
    7.5000   45.0000   30.0000 2398.1799   15.5546
   -7.5000  -45.0000   37.5000 2461.4431   15.7785
    0.0000  -45.0000   37.5000 2490.8428   15.4323
    7.5000  -45.0000   37.5000 2479.4709   15.5648
   -7.5000  -37.5000   37.5000 2515.0830   14.7236
    0.0000  -37.5000   37.5000 2547.9263   14.3589
    7.5000  -37.5000   37.5000 2532.1562   14.4825
   -7.5000  -30.0000   37.5000 2562.2666   13.9030
    0.0000  -30.0000   37.5000 2597.9565   13.5743
    7.5000  -30.0000   37.5000 2585.1824   13.6703
   -7.5000  -22.5000   37.5000 2607.5320   13.2879
    0.0000  -22.5000   37.5000 2647.3232   13.0071
    7.5000  -22.5000   37.5000 2629.4160   13.0796
   -7.5000  -15.0000   37.5000 2649.2830   12.8800
    0.0000  -15.0000   37.5000 2693.7292   12.6357
    7.5000  -15.0000   37.5000 2673.4351   12.6861
   -7.5000   -7.5000   37.5000 2688.4988   12.6592
    0.0000   -7.5000   37.5000 2731.4709   12.4107
    7.5000   -7.5000   37.5000 2708.0115   12.4833
   -7.5000    0.0000   37.5000 2704.7747   12.6347
    0.0000    0.0000   37.5000 2738.2708   12.4108
    7.5000    0.0000   37.5000 2719.7991   12.4747
   -7.5000    7.5000   37.5000 2692.9070   12.8546
    0.0000    7.5000   37.5000 2725.0830   12.6319
    7.5000    7.5000   37.5000 2708.2095   12.6715
   -7.5000   15.0000   37.5000 2658.1501   13.2761
    0.0000   15.0000   37.5000 2686.1467   13.0804
    7.5000   15.0000   37.5000 2671.3613   13.1036
   -7.5000   22.5000   37.5000 2600.1868   13.8214
    0.0000   22.5000   37.5000 2624.7214   13.6376
    7.5000   22.5000   37.5000 2610.2864   13.6718
   -7.5000   30.0000   37.5000 2527.2454   14.4467
    0.0000   30.0000   37.5000 2556.0437   14.2638
    7.5000   30.0000   37.5000 2539.6221   14.2901
   -7.5000   37.5000   37.5000 2436.2334   15.2793
    0.0000   37.5000   37.5000 2463.9214   15.1063
    7.5000   37.5000   37.5000 2449.4155   15.1229
   -7.5000   45.0000   37.5000 2323.1802   16.4041
    0.0000   45.0000   37.5000 2345.9194   16.2518
    7.5000   45.0000   37.5000 2336.0422   16.2371
   -7.5000  -45.0000   45.0000 2392.7483   16.7238
    0.0000  -45.0000   45.0000 2420.7046   16.4262
    7.5000  -45.0000   45.0000 2410.6914   16.5141
   -7.5000  -37.5000   45.0000 2447.6272   15.5868
    0.0000  -37.5000   45.0000 2481.2673   15.3037
    7.5000  -37.5000   45.0000 2465.0464   15.3894
   -7.5000  -30.0000   45.0000 2496.1926   14.7740
    0.0000  -30.0000   45.0000 2531.2107   14.5055
    7.5000  -30.0000   45.0000 2514.7622   14.5574
   -7.5000  -22.5000   45.0000 2536.3301   14.1692
    0.0000  -22.5000   45.0000 2573.1033   13.9328
    7.5000  -22.5000   45.0000 2557.3477   13.9780
   -7.5000  -15.0000   45.0000 2568.3586   13.7755
    0.0000  -15.0000   45.0000 2608.1458   13.5380
    7.5000  -15.0000   45.0000 2591.2156   13.5872
   -7.5000   -7.5000   45.0000 2599.1472   13.5558
    0.0000   -7.5000   45.0000 2634.6851   13.3308
    7.5000   -7.5000   45.0000 2617.6934   13.3824
   -7.5000    0.0000   45.0000 2603.7556   13.5657
    0.0000    0.0000   45.0000 2634.5955   13.3648
    7.5000    0.0000   45.0000 2619.5447   13.4072
   -7.5000    7.5000   45.0000 2585.1841   13.8065
    0.0000    7.5000   45.0000 2615.4114   13.6071
    7.5000    7.5000   45.0000 2602.4534   13.6297
   -7.5000   15.0000   45.0000 2551.5298   14.2462
    0.0000   15.0000   45.0000 2578.2607   14.0595
    7.5000   15.0000   45.0000 2565.1338   14.0879
   -7.5000   22.5000   45.0000 2502.9534   14.8252
    0.0000   22.5000   45.0000 2524.5586   14.6443
    7.5000   22.5000   45.0000 2513.6621   14.6647
   -7.5000   30.0000   45.0000 2434.4902   15.4390
    0.0000   30.0000   45.0000 2460.1672   15.2501
    7.5000   30.0000   45.0000 2445.9136   15.2547
   -7.5000   37.5000   45.0000 2356.7520   16.2115
    0.0000   37.5000   45.0000 2383.0715   16.0442
    7.5000   37.5000   45.0000 2370.7390   16.0461
   -7.5000   45.0000   45.0000 2250.3635   17.3360
    0.0000   45.0000   45.0000 2272.1458   17.1480
    7.5000   45.0000   45.0000 2261.6531   17.1462

---------------------------------------------------------------------
imgreg_4dfp /opt/freesurfer/average/711-2C_as_mni_average_305 /opt/freesurfer/average/711-2B_as_mni_average_305_mask talsrcimg_g11 none talsrcimg_to_711-2C_as_mni_average_305_t4 1283
---------------------------------------------------------------------

freesurfer imgreg_4dfp.c
/opt/freesurfer/average/711-2C_as_mni_average_305.4dfp.img
       256       256       256         1
  1.000000  1.000000  1.000000
orientation T byte_order littleendian
Reading image: /opt/freesurfer/average/711-2C_as_mni_average_305.4dfp.img
dimensions:      256       256       256
mmppix:       1.0000   -1.0000   -1.0000
center:     128.0000 -129.0000 -129.0000
/opt/freesurfer/average/711-2B_as_mni_average_305_mask.4dfp.img
       256       256       256         1
  1.000000  1.000000  1.000000
orientation T byte_order littleendian
Reading mask: /opt/freesurfer/average/711-2B_as_mni_average_305_mask.4dfp.img (2306576 pixels)
talsrcimg_g11.4dfp.img
       256       256       256         1
  1.000000  1.000000  1.000000
orientation T byte_order littleendian
Reading image: talsrcimg_g11.4dfp.img
dimensions:      256       256       256
mmppix:       1.0000   -1.0000   -1.0000
center:     128.0000 -129.0000 -129.0000
rotation matrix determinant  1.000000
fimgreg.f
image alignment mode   1283 decimal      503 hex
parameters
    0.0000    7.5000    7.5000    0.0000    0.0000    0.0000
eta,q 0.94182 10.77974
niter,ni,del,rscale     5    3   12.0000    1.2000
parameter  4  1.450136 ->  0.500000 qaram    1.1500
parameters
    0.6422    5.1093    8.6780   -3.4500    0.6240    0.7599
eta,q 0.94698 10.64313
  0.0711  0.0600  0.0634  0.0526  0.0611  0.0583
  0.0650  0.0575  0.0618  0.0529  0.0574  0.0559
  0.0601  0.0574  0.0592  0.0541  0.0544  0.0541
  0.0590  0.0587  0.0574  0.0571  0.0532  0.0532
  0.0591  0.0609  0.0570  0.0607  0.0535  0.0531
  0.0615  0.0635  0.0579  0.0639  0.0554  0.0543
  0.0669  0.0673  0.0611  0.0669  0.0585  0.0564
niter,ni,del,rscale     5    3   12.0000    1.2000
parameter  4  0.670856 ->  0.500000 qaram    1.3225
parameters
    0.6892    6.2878    7.3958   -7.4175    0.7402    1.2470
eta,q 0.95030 10.60846
  0.0667  0.0629  0.0585  0.0508  0.0567  0.0553
  0.0598  0.0578  0.0545  0.0499  0.0529  0.0527
  0.0545  0.0541  0.0524  0.0500  0.0504  0.0507
  0.0530  0.0530  0.0530  0.0523  0.0497  0.0497
  0.0543  0.0535  0.0564  0.0556  0.0506  0.0501
  0.0595  0.0551  0.0604  0.0599  0.0529  0.0516
  0.0663  0.0567  0.0632  0.0641  0.0558  0.0538
niter,ni,del,rscale     5    3   12.0000    1.2000
parameter  4  0.633034 ->  0.500000 qaram    1.5209
parameters
    0.7836    8.4518    6.6897  -11.9801    0.4252    1.4842
eta,q 0.95263 10.59922
  0.0632  0.0596  0.0551  0.0473  0.0524  0.0505
  0.0563  0.0553  0.0518  0.0474  0.0494  0.0491
  0.0515  0.0521  0.0490  0.0477  0.0478  0.0481
  0.0497  0.0497  0.0491  0.0487  0.0474  0.0474
  0.0508  0.0490  0.0512  0.0512  0.0485  0.0474
  0.0559  0.0499  0.0545  0.0559  0.0504  0.0485
  0.0624  0.0514  0.0579  0.0605  0.0533  0.0503
niter,ni,del,rscale     5    3   12.0000    1.2000
parameters
    0.9481   10.7794    6.1416  -16.1374    0.6762    1.0168
eta,q 0.95567 10.64665
  0.0607  0.0567  0.0515  0.0468  0.0510  0.0471
  0.0539  0.0533  0.0486  0.0442  0.0474  0.0455
  0.0493  0.0500  0.0465  0.0446  0.0451  0.0447
  0.0474  0.0473  0.0463  0.0462  0.0443  0.0443
  0.0480  0.0463  0.0470  0.0486  0.0449  0.0447
  0.0531  0.0471  0.0498  0.0517  0.0468  0.0463
  0.0594  0.0490  0.0545  0.0566  0.0499  0.0483
niter,ni,del,rscale     4    3   12.0000    1.2000
parameters
    0.7616   11.6820    5.6069  -16.0168    0.8643    0.4721
eta,q 0.95591 10.65794
  0.0564  0.0529  0.0507  0.0528  0.0500  0.0471
  0.0488  0.0491  0.0471  0.0478  0.0471  0.0452
  0.0449  0.0464  0.0446  0.0441  0.0450  0.0443
  0.0443  0.0443  0.0441  0.0440  0.0441  0.0441
  0.0457  0.0444  0.0457  0.0454  0.0446  0.0446
  0.0509  0.0460  0.0489  0.0483  0.0464  0.0462
  0.0572  0.0494  0.0535  0.0514  0.0495  0.0484
niter,ni,del,rscale     3    3   12.0000    1.2000
parameters
    0.7081   11.6571    5.5319  -16.0611    0.8048    0.4125
eta,q 0.95594 10.65840
  0.0566  0.0510  0.0517  0.0527  0.0495  0.0477
  0.0489  0.0478  0.0481  0.0476  0.0466  0.0455
  0.0447  0.0452  0.0451  0.0439  0.0447  0.0444
  0.0441  0.0441  0.0441  0.0441  0.0441  0.0441
  0.0451  0.0447  0.0452  0.0456  0.0447  0.0443
  0.0499  0.0471  0.0481  0.0486  0.0466  0.0457
  0.0564  0.0518  0.0523  0.0517  0.0498  0.0478
niter,ni,del,rscale     2    3   12.0000    1.2000
parameters
    0.7129   11.6589    5.5266  -16.0786    0.7848    0.4032
eta,q 0.95594 10.65861
  0.0568  0.0510  0.0519  0.0528  0.0495  0.0478
  0.0490  0.0478  0.0482  0.0477  0.0466  0.0456
  0.0447  0.0452  0.0452  0.0439  0.0447  0.0444
  0.0441  0.0441  0.0441  0.0441  0.0441  0.0441
  0.0450  0.0447  0.0451  0.0456  0.0446  0.0443
  0.0496  0.0471  0.0479  0.0486  0.0465  0.0457
  0.0562  0.0517  0.0521  0.0517  0.0497  0.0477
registration optimization eta report
parameter search radius
    6.0000    6.0000    6.0000    9.1253    6.0000    6.0000
100000*second partial in parameter space
       36.       20.       22.       10.       15.       10.
  0.0568  0.0510  0.0519  0.0528  0.0495  0.0478
  0.0490  0.0478  0.0482  0.0477  0.0466  0.0456
  0.0447  0.0452  0.0452  0.0439  0.0447  0.0444
  0.0441  0.0441  0.0441  0.0441  0.0441  0.0441
  0.0450  0.0447  0.0451  0.0456  0.0446  0.0443
  0.0496  0.0471  0.0479  0.0486  0.0465  0.0457
  0.0562  0.0517  0.0521  0.0517  0.0497  0.0477
    0.7129   11.6589    5.5266  -16.0786    0.7848    0.4032
eta,q 0.95594 10.65861

---------------------------------------------------------------------
imgreg_4dfp /opt/freesurfer/average/711-2C_as_mni_average_305 /opt/freesurfer/average/711-2B_as_mni_average_305_mask talsrcimg_g11 none talsrcimg_to_711-2C_as_mni_average_305_t4 3335
---------------------------------------------------------------------

freesurfer imgreg_4dfp.c
/opt/freesurfer/average/711-2C_as_mni_average_305.4dfp.img
       256       256       256         1
  1.000000  1.000000  1.000000
orientation T byte_order littleendian
Reading image: /opt/freesurfer/average/711-2C_as_mni_average_305.4dfp.img
dimensions:      256       256       256
mmppix:       1.0000   -1.0000   -1.0000
center:     128.0000 -129.0000 -129.0000
/opt/freesurfer/average/711-2B_as_mni_average_305_mask.4dfp.img
       256       256       256         1
  1.000000  1.000000  1.000000
orientation T byte_order littleendian
Reading mask: /opt/freesurfer/average/711-2B_as_mni_average_305_mask.4dfp.img (2306576 pixels)
talsrcimg_g11.4dfp.img
       256       256       256         1
  1.000000  1.000000  1.000000
orientation T byte_order littleendian
Reading image: talsrcimg_g11.4dfp.img
dimensions:      256       256       256
mmppix:       1.0000   -1.0000   -1.0000
center:     128.0000 -129.0000 -129.0000
fimgreg.f
image alignment mode   3335 decimal      D07 hex
parameters
    0.7129   11.6589    5.5266   -0.0119   -3.9114   -3.9207
   -0.2968   -1.5109    0.7036   27.6856    1.3696  -27.6930
eta,q 0.95929 10.70725
niter,ni,del,rscale     5    3    5.0000    1.2000
parameter  4  1.895069 ->  0.500000 qaram    1.1500
parameter  5  2.585896 ->  0.500000 qaram    1.1500
parameter  6  1.203918 ->  0.500000 qaram    1.1500
parameter 10  0.821016 ->  0.500000 qaram    1.1500
parameters
    0.5543   11.6119    4.8895   -4.1519   -8.0514   -8.0607
   -0.4225   -0.3856    1.2809   23.5456   -0.6877  -25.1519
eta,q 0.97293 10.19315
  0.0426  0.0420  0.0414  0.0342  0.0318  0.0279  0.0315  0.0344  0.0309  0.0275  0.0281  0.0303
  0.0415  0.0413  0.0409  0.0355  0.0329  0.0286  0.0301  0.0318  0.0299  0.0273  0.0275  0.0290
  0.0409  0.0409  0.0406  0.0376  0.0343  0.0304  0.0293  0.0300  0.0292  0.0278  0.0273  0.0279
  0.0407  0.0407  0.0407  0.0406  0.0360  0.0332  0.0290  0.0290  0.0289  0.0289  0.0274  0.0273
  0.0410  0.0408  0.0412  0.0440  0.0378  0.0369  0.0294  0.0290  0.0290  0.0304  0.0279  0.0271
  0.0419  0.0413  0.0420  0.0474  0.0397  0.0414  0.0303  0.0300  0.0295  0.0324  0.0287  0.0273
  0.0432  0.0421  0.0430  0.0516  0.0421  0.0463  0.0316  0.0319  0.0303  0.0348  0.0297  0.0278
niter,ni,del,rscale     7    3    5.0000    1.2000
parameter  4  0.661572 ->  0.500000 qaram    1.3225
parameter  5  1.169835 ->  0.500000 qaram    1.3225
parameters
    0.6225   11.5638    4.4421   -8.9129  -12.8124  -12.1807
   -0.0835    0.3717    1.8754   21.6700    0.0076  -25.1596
eta,q 0.97730  9.70366
  0.0306  0.0290  0.0284  0.0258  0.0235  0.0235  0.0258  0.0277  0.0250  0.0246  0.0239  0.0240
  0.0287  0.0279  0.0275  0.0254  0.0235  0.0231  0.0244  0.0256  0.0240  0.0233  0.0233  0.0234
  0.0275  0.0273  0.0270  0.0258  0.0242  0.0231  0.0234  0.0240  0.0233  0.0227  0.0229  0.0229
  0.0271  0.0271  0.0271  0.0270  0.0254  0.0236  0.0230  0.0230  0.0229  0.0229  0.0227  0.0227
  0.0274  0.0273  0.0276  0.0294  0.0268  0.0257  0.0233  0.0231  0.0230  0.0238  0.0228  0.0228
  0.0285  0.0280  0.0285  0.0330  0.0283  0.0293  0.0241  0.0242  0.0236  0.0252  0.0230  0.0233
  0.0302  0.0291  0.0298  0.0367  0.0301  0.0340  0.0253  0.0263  0.0245  0.0271  0.0236  0.0241
niter,ni,del,rscale     7    3    5.0000    1.2000
parameters
    0.7963   11.2420    3.7231   -9.7459  -13.2513  -13.8816
   -0.2790    0.5022    1.7115   21.3669    0.0926  -25.4652
eta,q 0.97766  9.57460
  0.0263  0.0245  0.0232  0.0257  0.0262  0.0241  0.0248  0.0264  0.0242  0.0254  0.0233  0.0237
  0.0245  0.0233  0.0227  0.0242  0.0243  0.0229  0.0235  0.0244  0.0232  0.0236  0.0228  0.0230
  0.0232  0.0227  0.0225  0.0231  0.0229  0.0224  0.0226  0.0230  0.0226  0.0225  0.0225  0.0225
  0.0227  0.0227  0.0226  0.0225  0.0226  0.0225  0.0224  0.0224  0.0224  0.0224  0.0223  0.0223
  0.0229  0.0232  0.0231  0.0230  0.0235  0.0229  0.0228  0.0227  0.0226  0.0229  0.0224  0.0225
  0.0238  0.0242  0.0238  0.0245  0.0249  0.0242  0.0237  0.0240  0.0233  0.0241  0.0228  0.0231
  0.0254  0.0256  0.0249  0.0278  0.0266  0.0273  0.0251  0.0263  0.0243  0.0257  0.0233  0.0240
niter,ni,del,rscale     6    3    5.0000    1.2000
parameters
    0.8497   11.2567    3.4584   -9.8068  -13.2076  -14.1330
   -0.2558    0.5268    1.6943   21.4285   -0.0177  -25.7456
eta,q 0.97768  9.56668
  0.0255  0.0249  0.0235  0.0256  0.0264  0.0249  0.0249  0.0262  0.0242  0.0257  0.0232  0.0236
  0.0238  0.0235  0.0228  0.0241  0.0244  0.0234  0.0235  0.0242  0.0232  0.0237  0.0227  0.0230
  0.0228  0.0226  0.0224  0.0231  0.0229  0.0224  0.0226  0.0229  0.0226  0.0226  0.0224  0.0225
  0.0223  0.0223  0.0223  0.0223  0.0223  0.0223  0.0223  0.0223  0.0223  0.0223  0.0223  0.0223
  0.0227  0.0227  0.0226  0.0225  0.0231  0.0227  0.0226  0.0227  0.0225  0.0228  0.0224  0.0225
  0.0237  0.0235  0.0232  0.0236  0.0245  0.0233  0.0235  0.0240  0.0232  0.0239  0.0228  0.0231
  0.0253  0.0247  0.0242  0.0263  0.0262  0.0254  0.0248  0.0263  0.0242  0.0254  0.0233  0.0239
niter,ni,del,rscale     5    3    5.0000    1.2000
parameters
    0.8566   11.2639    3.3739   -9.8198  -13.1880  -14.1675
   -0.2544    0.5329    1.7236   21.4967   -0.0712  -25.8640
eta,q 0.97767  9.56808
  0.0254  0.0248  0.0237  0.0256  0.0263  0.0250  0.0249  0.0262  0.0242  0.0256  0.0232  0.0237
  0.0237  0.0234  0.0229  0.0241  0.0244  0.0235  0.0235  0.0242  0.0232  0.0237  0.0228  0.0230
  0.0227  0.0226  0.0225  0.0231  0.0228  0.0225  0.0226  0.0228  0.0226  0.0226  0.0224  0.0225
  0.0223  0.0223  0.0223  0.0223  0.0223  0.0223  0.0223  0.0223  0.0223  0.0223  0.0223  0.0223
  0.0227  0.0226  0.0225  0.0224  0.0231  0.0226  0.0226  0.0227  0.0225  0.0228  0.0224  0.0225
  0.0237  0.0235  0.0231  0.0235  0.0245  0.0232  0.0235  0.0241  0.0232  0.0238  0.0228  0.0230
  0.0253  0.0247  0.0239  0.0262  0.0261  0.0252  0.0248  0.0263  0.0242  0.0253  0.0233  0.0238
niter,ni,del,rscale     4    3    5.0000    1.2000
parameters
    0.8574   11.2696    3.3489   -9.8233  -13.1928  -14.1770
   -0.2598    0.5319    1.7348   21.5263   -0.1077  -25.9118
eta,q 0.97767  9.56842
  0.0254  0.0248  0.0238  0.0256  0.0263  0.0250  0.0249  0.0262  0.0242  0.0256  0.0232  0.0237
  0.0237  0.0234  0.0230  0.0241  0.0244  0.0235  0.0235  0.0242  0.0232  0.0237  0.0228  0.0230
  0.0227  0.0226  0.0225  0.0231  0.0228  0.0225  0.0226  0.0229  0.0226  0.0226  0.0224  0.0225
  0.0223  0.0223  0.0223  0.0223  0.0223  0.0223  0.0223  0.0223  0.0223  0.0223  0.0223  0.0223
  0.0227  0.0226  0.0225  0.0224  0.0231  0.0226  0.0226  0.0227  0.0225  0.0228  0.0224  0.0225
  0.0237  0.0235  0.0230  0.0235  0.0245  0.0232  0.0235  0.0241  0.0232  0.0239  0.0228  0.0230
  0.0254  0.0247  0.0239  0.0262  0.0262  0.0251  0.0249  0.0263  0.0242  0.0253  0.0233  0.0238
niter,ni,del,rscale     3    3    5.0000    1.2000
parameters
    0.8577   11.2757    3.3422   -9.8234  -13.1999  -14.1773
   -0.2577    0.5329    1.7411   21.5431   -0.1135  -25.9301
eta,q 0.97767  9.56868
  0.0254  0.0248  0.0238  0.0256  0.0263  0.0250  0.0249  0.0262  0.0242  0.0256  0.0232  0.0237
  0.0237  0.0234  0.0230  0.0241  0.0244  0.0235  0.0235  0.0242  0.0232  0.0237  0.0228  0.0230
  0.0227  0.0226  0.0225  0.0231  0.0228  0.0225  0.0226  0.0228  0.0226  0.0226  0.0224  0.0225
  0.0223  0.0223  0.0223  0.0223  0.0223  0.0223  0.0223  0.0223  0.0223  0.0223  0.0223  0.0223
  0.0227  0.0226  0.0225  0.0224  0.0231  0.0226  0.0226  0.0227  0.0225  0.0228  0.0224  0.0225
  0.0237  0.0235  0.0230  0.0235  0.0245  0.0232  0.0235  0.0241  0.0232  0.0239  0.0227  0.0230
  0.0254  0.0247  0.0238  0.0262  0.0262  0.0251  0.0249  0.0263  0.0242  0.0254  0.0233  0.0238
registration optimization eta report
parameter search radius
    2.4000    2.4000    2.4000    9.5220    9.5220    8.2800
    7.2000    7.2000    7.2000    8.2800    7.2000    7.2000
100000*second partial in parameter space
       53.       42.       26.        4.        4.        4.
        5.        8.        4.        5.        2.        3.
  0.0254  0.0248  0.0238  0.0256  0.0263  0.0250  0.0249  0.0262  0.0242  0.0256  0.0232  0.0237
  0.0237  0.0234  0.0230  0.0241  0.0244  0.0235  0.0235  0.0242  0.0232  0.0237  0.0228  0.0230
  0.0227  0.0226  0.0225  0.0231  0.0228  0.0225  0.0226  0.0228  0.0226  0.0226  0.0224  0.0225
  0.0223  0.0223  0.0223  0.0223  0.0223  0.0223  0.0223  0.0223  0.0223  0.0223  0.0223  0.0223
  0.0227  0.0226  0.0225  0.0224  0.0231  0.0226  0.0226  0.0227  0.0225  0.0228  0.0224  0.0225
  0.0237  0.0235  0.0230  0.0235  0.0245  0.0232  0.0235  0.0241  0.0232  0.0239  0.0227  0.0230
  0.0254  0.0247  0.0238  0.0262  0.0262  0.0251  0.0249  0.0263  0.0242  0.0254  0.0233  0.0238
    0.8577   11.2757    3.3422   -9.8234  -13.1999  -14.1773
   -0.2577    0.5329    1.7411   21.5431   -0.1135  -25.9301
eta,q 0.97767  9.56868

---------------------------------------------------------------------
imgreg_4dfp /opt/freesurfer/average/711-2C_as_mni_average_305 /opt/freesurfer/average/711-2B_as_mni_average_305_mask talsrcimg_g11 none talsrcimg_to_711-2C_as_mni_average_305_t4 2311
---------------------------------------------------------------------

freesurfer imgreg_4dfp.c
/opt/freesurfer/average/711-2C_as_mni_average_305.4dfp.img
       256       256       256         1
  1.000000  1.000000  1.000000
orientation T byte_order littleendian
Reading image: /opt/freesurfer/average/711-2C_as_mni_average_305.4dfp.img
dimensions:      256       256       256
mmppix:       1.0000   -1.0000   -1.0000
center:     128.0000 -129.0000 -129.0000
/opt/freesurfer/average/711-2B_as_mni_average_305_mask.4dfp.img
       256       256       256         1
  1.000000  1.000000  1.000000
orientation T byte_order littleendian
Reading mask: /opt/freesurfer/average/711-2B_as_mni_average_305_mask.4dfp.img (2306576 pixels)
talsrcimg_g11.4dfp.img
       256       256       256         1
  1.000000  1.000000  1.000000
orientation T byte_order littleendian
Reading image: talsrcimg_g11.4dfp.img
dimensions:      256       256       256
mmppix:       1.0000   -1.0000   -1.0000
center:     128.0000 -129.0000 -129.0000
fimgreg.f
image alignment mode   2311 decimal      907 hex
parameters
    0.8577   11.2757    3.3422   -9.8234  -13.1999  -14.1773
   -0.2577    0.5329    1.7411   21.5431   -0.1135  -25.9301
eta,q 0.97767  9.56868
niter,ni,del,rscale     5    3    5.0000    0.8000
parameters
    0.8557   11.2507    3.3480   -8.7389  -13.4448  -14.0988
   -0.1795    0.7075    1.8514   21.2513   -0.0376  -25.6545
eta,q 0.97780  9.60306
  0.0237  0.0234  0.0230  0.0235  0.0235  0.0231  0.0234  0.0242  0.0231  0.0232  0.0227  0.0229
  0.0230  0.0228  0.0226  0.0231  0.0228  0.0225  0.0228  0.0232  0.0226  0.0226  0.0224  0.0226
  0.0225  0.0224  0.0224  0.0226  0.0223  0.0222  0.0224  0.0225  0.0223  0.0223  0.0223  0.0223
  0.0223  0.0223  0.0223  0.0223  0.0222  0.0222  0.0222  0.0222  0.0222  0.0222  0.0222  0.0222
  0.0225  0.0225  0.0224  0.0222  0.0225  0.0224  0.0223  0.0224  0.0223  0.0224  0.0223  0.0222
  0.0230  0.0229  0.0226  0.0224  0.0230  0.0226  0.0227  0.0230  0.0226  0.0228  0.0224  0.0224
  0.0237  0.0235  0.0230  0.0229  0.0237  0.0229  0.0234  0.0240  0.0231  0.0234  0.0227  0.0228
niter,ni,del,rscale     4    3    5.0000    0.7000
parameters
    0.8635   11.2169    3.4043   -8.6117  -13.4566  -14.2756
   -0.1845    0.7414    1.8399   21.0903    0.0087  -25.4655
eta,q 0.97782  9.59450
  0.0233  0.0231  0.0228  0.0230  0.0233  0.0228  0.0231  0.0237  0.0229  0.0230  0.0225  0.0227
  0.0227  0.0226  0.0225  0.0227  0.0227  0.0224  0.0226  0.0229  0.0225  0.0225  0.0224  0.0225
  0.0223  0.0223  0.0223  0.0224  0.0223  0.0222  0.0223  0.0224  0.0223  0.0223  0.0222  0.0223
  0.0222  0.0222  0.0222  0.0222  0.0222  0.0222  0.0222  0.0222  0.0222  0.0222  0.0222  0.0222
  0.0223  0.0223  0.0222  0.0223  0.0224  0.0224  0.0223  0.0223  0.0223  0.0223  0.0222  0.0222
  0.0227  0.0226  0.0224  0.0225  0.0228  0.0225  0.0226  0.0228  0.0225  0.0227  0.0223  0.0224
  0.0233  0.0231  0.0227  0.0230  0.0233  0.0228  0.0231  0.0237  0.0229  0.0231  0.0225  0.0227
niter,ni,del,rscale     3    3    5.0000    0.6000
parameters
    0.8653   11.2010    3.3959   -8.5588  -13.4490  -14.5143
   -0.1660    0.7672    1.8367   20.9603    0.0365  -25.3755
eta,q 0.97784  9.58252
  0.0230  0.0228  0.0226  0.0228  0.0230  0.0226  0.0228  0.0233  0.0227  0.0228  0.0224  0.0226
  0.0226  0.0225  0.0224  0.0225  0.0226  0.0223  0.0225  0.0227  0.0224  0.0224  0.0223  0.0224
  0.0223  0.0222  0.0222  0.0223  0.0223  0.0222  0.0222  0.0223  0.0222  0.0222  0.0222  0.0222
  0.0222  0.0222  0.0222  0.0222  0.0222  0.0222  0.0222  0.0222  0.0222  0.0222  0.0222  0.0222
  0.0223  0.0223  0.0222  0.0222  0.0223  0.0223  0.0222  0.0223  0.0222  0.0223  0.0222  0.0222
  0.0225  0.0225  0.0224  0.0225  0.0226  0.0225  0.0225  0.0226  0.0224  0.0225  0.0223  0.0223
  0.0230  0.0229  0.0226  0.0228  0.0230  0.0226  0.0228  0.0232  0.0227  0.0229  0.0224  0.0225
niter,ni,del,rscale     2    3    5.0000    0.5000
parameters
    0.8691   11.1868    3.3596   -8.5075  -13.4483  -14.7741
   -0.1549    0.7768    1.8430   20.8662    0.0196  -25.3512
eta,q 0.97786  9.57064
  0.0227  0.0226  0.0224  0.0226  0.0228  0.0225  0.0226  0.0229  0.0225  0.0226  0.0223  0.0224
  0.0224  0.0224  0.0223  0.0224  0.0224  0.0223  0.0224  0.0225  0.0223  0.0223  0.0222  0.0223
  0.0222  0.0222  0.0222  0.0222  0.0222  0.0221  0.0222  0.0222  0.0222  0.0222  0.0222  0.0222
  0.0222  0.0222  0.0222  0.0222  0.0222  0.0222  0.0221  0.0221  0.0221  0.0221  0.0221  0.0221
  0.0222  0.0222  0.0222  0.0222  0.0222  0.0223  0.0222  0.0222  0.0222  0.0222  0.0222  0.0222
  0.0224  0.0224  0.0223  0.0224  0.0224  0.0224  0.0223  0.0225  0.0223  0.0224  0.0222  0.0223
  0.0227  0.0226  0.0225  0.0226  0.0228  0.0226  0.0226  0.0229  0.0225  0.0227  0.0223  0.0224
niter,ni,del,rscale     1    3    5.0000    0.4000
parameters
    0.8738   11.1829    3.3097   -8.4567  -13.4340  -14.9856
   -0.1463    0.7921    1.8480   20.8072    0.0021  -25.3368
eta,q 0.97786  9.56236
  0.0225  0.0224  0.0223  0.0225  0.0226  0.0224  0.0224  0.0226  0.0224  0.0224  0.0223  0.0223
  0.0223  0.0223  0.0222  0.0223  0.0223  0.0222  0.0223  0.0224  0.0222  0.0223  0.0222  0.0222
  0.0222  0.0222  0.0222  0.0222  0.0222  0.0221  0.0222  0.0222  0.0222  0.0222  0.0222  0.0222
  0.0221  0.0221  0.0221  0.0221  0.0221  0.0221  0.0221  0.0221  0.0221  0.0221  0.0221  0.0221
  0.0222  0.0222  0.0222  0.0222  0.0222  0.0222  0.0222  0.0222  0.0222  0.0222  0.0221  0.0222
  0.0223  0.0223  0.0222  0.0223  0.0223  0.0223  0.0223  0.0224  0.0222  0.0223  0.0222  0.0222
  0.0225  0.0224  0.0224  0.0224  0.0225  0.0224  0.0224  0.0226  0.0224  0.0225  0.0223  0.0223
registration optimization eta report
parameter search radius
    0.8000    0.8000    0.8000    2.4000    2.4000    2.4000
    2.4000    2.4000    2.4000    2.4000    2.4000    2.4000
100000*second partial in parameter space
       58.       47.       29.        5.        7.        5.
        5.        9.        4.        6.        2.        3.
  0.0225  0.0224  0.0223  0.0225  0.0226  0.0224  0.0224  0.0226  0.0224  0.0224  0.0223  0.0223
  0.0223  0.0223  0.0222  0.0223  0.0223  0.0222  0.0223  0.0224  0.0222  0.0223  0.0222  0.0222
  0.0222  0.0222  0.0222  0.0222  0.0222  0.0221  0.0222  0.0222  0.0222  0.0222  0.0222  0.0222
  0.0221  0.0221  0.0221  0.0221  0.0221  0.0221  0.0221  0.0221  0.0221  0.0221  0.0221  0.0221
  0.0222  0.0222  0.0222  0.0222  0.0222  0.0222  0.0222  0.0222  0.0222  0.0222  0.0221  0.0222
  0.0223  0.0223  0.0222  0.0223  0.0223  0.0223  0.0223  0.0224  0.0222  0.0223  0.0222  0.0222
  0.0225  0.0224  0.0224  0.0224  0.0225  0.0224  0.0224  0.0226  0.0224  0.0225  0.0223  0.0223
    0.8738   11.1829    3.3097   -8.4567  -13.4340  -14.9856
   -0.1463    0.7921    1.8480   20.8072    0.0021  -25.3368
eta,q 0.97786  9.56236

---------------------------------------------------------------------
imgreg_4dfp /opt/freesurfer/average/711-2C_as_mni_average_305 /opt/freesurfer/average/711-2B_as_mni_average_305_mask talsrcimg_g11 none talsrcimg_to_711-2C_as_mni_average_305_t4 2311
---------------------------------------------------------------------

freesurfer imgreg_4dfp.c
/opt/freesurfer/average/711-2C_as_mni_average_305.4dfp.img
       256       256       256         1
  1.000000  1.000000  1.000000
orientation T byte_order littleendian
Reading image: /opt/freesurfer/average/711-2C_as_mni_average_305.4dfp.img
dimensions:      256       256       256
mmppix:       1.0000   -1.0000   -1.0000
center:     128.0000 -129.0000 -129.0000
/opt/freesurfer/average/711-2B_as_mni_average_305_mask.4dfp.img
       256       256       256         1
  1.000000  1.000000  1.000000
orientation T byte_order littleendian
Reading mask: /opt/freesurfer/average/711-2B_as_mni_average_305_mask.4dfp.img (2306576 pixels)
talsrcimg_g11.4dfp.img
       256       256       256         1
  1.000000  1.000000  1.000000
orientation T byte_order littleendian
Reading image: talsrcimg_g11.4dfp.img
dimensions:      256       256       256
mmppix:       1.0000   -1.0000   -1.0000
center:     128.0000 -129.0000 -129.0000
fimgreg.f
image alignment mode   2311 decimal      907 hex
parameters
    0.8738   11.1829    3.3097   -8.4567  -13.4340  -14.9856
   -0.1463    0.7921    1.8480   20.8072    0.0021  -25.3368
eta,q 0.97786  9.56237
niter,ni,del,rscale     5    3    5.0000    0.8000
parameters
    0.8717   11.1991    3.2695   -8.6699  -13.2870  -14.4492
   -0.1983    0.7087    1.8284   21.0180   -0.0112  -25.5690
eta,q 0.97783  9.59058
  0.0236  0.0233  0.0228  0.0230  0.0236  0.0234  0.0233  0.0240  0.0230  0.0235  0.0226  0.0228
  0.0228  0.0227  0.0224  0.0226  0.0228  0.0227  0.0227  0.0230  0.0226  0.0228  0.0224  0.0224
  0.0223  0.0223  0.0222  0.0223  0.0223  0.0222  0.0223  0.0224  0.0223  0.0223  0.0222  0.0222
  0.0221  0.0221  0.0221  0.0221  0.0221  0.0221  0.0222  0.0222  0.0222  0.0222  0.0222  0.0222
  0.0223  0.0223  0.0222  0.0223  0.0223  0.0223  0.0223  0.0224  0.0223  0.0223  0.0222  0.0223
  0.0228  0.0227  0.0225  0.0227  0.0228  0.0225  0.0227  0.0231  0.0226  0.0227  0.0224  0.0225
  0.0236  0.0233  0.0229  0.0233  0.0234  0.0228  0.0234  0.0242  0.0231  0.0232  0.0227  0.0229
niter,ni,del,rscale     4    3    5.0000    0.7000
parameters
    0.8629   11.1912    3.3411   -8.6144  -13.3883  -14.3991
   -0.1801    0.7341    1.8356   21.0310    0.0011  -25.4715
eta,q 0.97783  9.59052
  0.0233  0.0231  0.0228  0.0230  0.0232  0.0229  0.0231  0.0236  0.0228  0.0231  0.0225  0.0227
  0.0227  0.0226  0.0225  0.0226  0.0226  0.0224  0.0226  0.0229  0.0225  0.0226  0.0223  0.0224
  0.0223  0.0223  0.0223  0.0223  0.0223  0.0222  0.0223  0.0224  0.0223  0.0223  0.0222  0.0222
  0.0222  0.0222  0.0222  0.0222  0.0222  0.0222  0.0222  0.0222  0.0222  0.0222  0.0222  0.0222
  0.0223  0.0223  0.0222  0.0222  0.0224  0.0223  0.0223  0.0223  0.0222  0.0223  0.0222  0.0222
  0.0227  0.0226  0.0224  0.0225  0.0228  0.0225  0.0226  0.0228  0.0225  0.0226  0.0223  0.0224
  0.0233  0.0231  0.0227  0.0230  0.0233  0.0227  0.0231  0.0236  0.0229  0.0231  0.0225  0.0227
niter,ni,del,rscale     3    3    5.0000    0.6000
parameters
    0.8654   11.1891    3.3676   -8.5617  -13.4254  -14.5701
   -0.1782    0.7618    1.8418   20.9409    0.0311  -25.3830
eta,q 0.97785  9.58057
  0.0230  0.0228  0.0226  0.0228  0.0230  0.0227  0.0228  0.0233  0.0227  0.0228  0.0224  0.0226
  0.0225  0.0225  0.0224  0.0225  0.0225  0.0223  0.0225  0.0227  0.0224  0.0224  0.0223  0.0223
  0.0223  0.0222  0.0222  0.0223  0.0222  0.0221  0.0222  0.0223  0.0222  0.0222  0.0222  0.0222
  0.0222  0.0222  0.0222  0.0222  0.0222  0.0222  0.0222  0.0222  0.0222  0.0222  0.0222  0.0221
  0.0223  0.0223  0.0222  0.0222  0.0223  0.0223  0.0222  0.0223  0.0222  0.0223  0.0222  0.0222
  0.0225  0.0225  0.0223  0.0225  0.0226  0.0225  0.0225  0.0226  0.0224  0.0225  0.0223  0.0223
  0.0230  0.0228  0.0226  0.0228  0.0230  0.0226  0.0228  0.0232  0.0227  0.0229  0.0224  0.0225
niter,ni,del,rscale     2    3    5.0000    0.5000
parameters
    0.8698   11.1836    3.3476   -8.4978  -13.4324  -14.7839
   -0.1604    0.7831    1.8367   20.8546    0.0092  -25.3417
eta,q 0.97786  9.57103
  0.0227  0.0226  0.0224  0.0226  0.0228  0.0225  0.0226  0.0229  0.0225  0.0226  0.0223  0.0224
  0.0224  0.0224  0.0223  0.0224  0.0224  0.0223  0.0224  0.0225  0.0223  0.0223  0.0222  0.0223
  0.0222  0.0222  0.0222  0.0222  0.0222  0.0221  0.0222  0.0222  0.0222  0.0222  0.0222  0.0222
  0.0222  0.0222  0.0222  0.0222  0.0222  0.0222  0.0221  0.0221  0.0221  0.0221  0.0221  0.0221
  0.0222  0.0222  0.0222  0.0222  0.0222  0.0223  0.0222  0.0222  0.0222  0.0222  0.0222  0.0222
  0.0224  0.0224  0.0223  0.0223  0.0224  0.0224  0.0223  0.0225  0.0223  0.0224  0.0222  0.0223
  0.0227  0.0226  0.0224  0.0226  0.0228  0.0225  0.0226  0.0229  0.0225  0.0227  0.0223  0.0224
niter,ni,del,rscale     1    3    5.0000    0.4000
parameters
    0.8729   11.1822    3.3078   -8.4485  -13.4323  -14.9968
   -0.1414    0.7967    1.8494   20.8011   -0.0037  -25.3414
eta,q 0.97786  9.56220
  0.0225  0.0224  0.0223  0.0224  0.0226  0.0224  0.0224  0.0226  0.0224  0.0224  0.0223  0.0223
  0.0223  0.0223  0.0222  0.0223  0.0223  0.0222  0.0223  0.0224  0.0222  0.0223  0.0222  0.0222
  0.0222  0.0222  0.0222  0.0222  0.0222  0.0221  0.0222  0.0222  0.0222  0.0222  0.0222  0.0222
  0.0221  0.0221  0.0221  0.0221  0.0221  0.0221  0.0221  0.0221  0.0221  0.0221  0.0221  0.0221
  0.0222  0.0222  0.0222  0.0222  0.0222  0.0222  0.0222  0.0222  0.0222  0.0222  0.0221  0.0222
  0.0223  0.0223  0.0222  0.0223  0.0223  0.0223  0.0223  0.0224  0.0222  0.0223  0.0222  0.0222
  0.0225  0.0224  0.0223  0.0224  0.0225  0.0224  0.0224  0.0226  0.0224  0.0225  0.0223  0.0223
registration optimization eta report
parameter search radius
    0.8000    0.8000    0.8000    2.4000    2.4000    2.4000
    2.4000    2.4000    2.4000    2.4000    2.4000    2.4000
100000*second partial in parameter space
       58.       47.       29.        5.        7.        5.
        5.        9.        4.        6.        2.        3.
  0.0225  0.0224  0.0223  0.0224  0.0226  0.0224  0.0224  0.0226  0.0224  0.0224  0.0223  0.0223
  0.0223  0.0223  0.0222  0.0223  0.0223  0.0222  0.0223  0.0224  0.0222  0.0223  0.0222  0.0222
  0.0222  0.0222  0.0222  0.0222  0.0222  0.0221  0.0222  0.0222  0.0222  0.0222  0.0222  0.0222
  0.0221  0.0221  0.0221  0.0221  0.0221  0.0221  0.0221  0.0221  0.0221  0.0221  0.0221  0.0221
  0.0222  0.0222  0.0222  0.0222  0.0222  0.0222  0.0222  0.0222  0.0222  0.0222  0.0221  0.0222
  0.0223  0.0223  0.0222  0.0223  0.0223  0.0223  0.0223  0.0224  0.0222  0.0223  0.0222  0.0222
  0.0225  0.0224  0.0223  0.0224  0.0225  0.0224  0.0224  0.0226  0.0224  0.0225  0.0223  0.0223
    0.8729   11.1822    3.3078   -8.4485  -13.4323  -14.9968
   -0.1414    0.7967    1.8494   20.8011   -0.0037  -25.3414
eta,q 0.97786  9.56220

---------------------------------------------------------------------
compute_vox2vox talsrcimg talsrcimg_to_711-2C_as_mni_average_305_t4 /opt/freesurfer/average/711-2C_as_mni_average_305
---------------------------------------------------------------------

freesurfer compute_vox2vox.c
Reading: talsrcimg.4dfp.ifh
Reading: talsrcimg_to_711-2C_as_mni_average_305_t4
Reading: /opt/freesurfer/average/711-2C_as_mni_average_305.4dfp.ifh
Writing: talsrcimg_to_711-2C_as_mni_average_305_t4_vox2vox.txt

start time Wed Mar 11 12:49:08 CET 2026
end		time Wed Mar 11 12:50:35 CET 2026

mpr2mni305 success

avi2talxfm orig_nu.mgz /opt/freesurfer/average/mni305.cor.mgz talsrcimg_to_711-2C_as_mni_average_305_t4_vox2vox.txt transforms/talairach.auto.xfm
avi2talxfm done
mv -f /out/sourcedata/freesurfer/sub-v2s17x50013_ses-1/mri/talsrcimg_to_711-2C_as_mni_average_305_t4_vox2vox.txt /out/sourcedata/freesurfer/sub-v2s17x50013_ses-1/mri/transforms/talsrcimg_to_711-2C_as_mni_average_305_t4_vox2vox.txt
lta_convert --src orig_nu.mgz --trg /opt/freesurfer/average/mni305.cor.mgz --inxfm transforms/talairach.auto.xfm --outlta transforms/talairach.auto.xfm.lta --subject fsaverage
7.3.2

--src: orig_nu.mgz src image (geometry).
--trg: /opt/freesurfer/average/mni305.cor.mgz trg image (geometry).
--inmni: transforms/talairach.auto.xfm input MNI/XFM transform.
--outlta: transforms/talairach.auto.xfm.lta output LTA.
--s: fsaverage subject name
 LTA read, type : 1
 1.09230  -0.00996  -0.00113  -2.37755;
-0.00645   1.09784   0.32137   4.88618;
-0.02179  -0.26359   1.07797  -3.91205;
 0.00000   0.00000   0.00000   1.00000;
setting subject to fsaverage
Writing  LTA to file transforms/talairach.auto.xfm.lta...
lta_convert successful.
 
 
Started at Wed Mar 11 12:49:08 CET 2026
Ended   at Wed Mar 11 12:50:35 CET 2026
talairach_avi done
