status file for recon-all
Wed Mar 11 14:44:04 CET 2026
#@# Tessellate rh Wed Mar 11 14:44:04 CET 2026
#@# Smooth1 rh Wed Mar 11 14:44:08 CET 2026
#@# Inflation1 rh Wed Mar 11 14:44:11 CET 2026
#@# QSphere rh Wed Mar 11 14:44:28 CET 2026
#@# Fix Topology rh Wed Mar 11 14:46:40 CET 2026
#@# Smooth2 rh Wed Mar 11 14:53:10 CET 2026
#@# Inflation2 rh Wed Mar 11 14:53:13 CET 2026
#@# Curv .H and .K rh Wed Mar 11 14:53:29 CET 2026
#@# Sphere rh Wed Mar 11 14:54:19 CET 2026
#@# Surf Reg rh Wed Mar 11 14:58:18 CET 2026
#@# Jacobian white rh Wed Mar 11 15:02:40 CET 2026
#@# AvgCurv rh Wed Mar 11 15:02:41 CET 2026
#@# Cortical Parc rh Wed Mar 11 15:02:42 CET 2026
#@# white curv rh Wed Mar 11 15:09:05 CET 2026
#@# white area rh Wed Mar 11 15:09:07 CET 2026
#@# pial curv rh Wed Mar 11 15:09:08 CET 2026
#@# pial area rh Wed Mar 11 15:09:10 CET 2026
#@# thickness rh Wed Mar 11 15:09:11 CET 2026
#@# area and vertex vol rh Wed Mar 11 15:09:42 CET 2026
#@# Curvature Stats rh Wed Mar 11 15:09:44 CET 2026
#@# Cortical Parc 2 rh Wed Mar 11 15:09:46 CET 2026
#@# Cortical Parc 3 rh Wed Mar 11 15:10:01 CET 2026
#@# WM/GM Contrast rh Wed Mar 11 15:10:12 CET 2026
recon-all -s sub-v2s17x50002_ses-1 finished without error at Wed Mar 11 15:10:16 CET 2026



#New# invocation of recon-all 



status file for recon-all
Wed Mar 11 15:19:18 CET 2026
#@# white curv rh Wed Mar 11 15:19:18 CET 2026
#@# white area rh Wed Mar 11 15:19:18 CET 2026
#@# pial curv rh Wed Mar 11 15:19:18 CET 2026
#@# pial area rh Wed Mar 11 15:19:18 CET 2026
#@# thickness rh Wed Mar 11 15:19:18 CET 2026
#@# area and vertex vol rh Wed Mar 11 15:19:18 CET 2026
#@# Parcellation Stats rh Wed Mar 11 15:19:18 CET 2026
#@# Parcellation Stats 2 rh Wed Mar 11 15:19:40 CET 2026
#@# Parcellation Stats 3 rh Wed Mar 11 15:19:50 CET 2026
#@# BA_exvivo Labels rh Wed Mar 11 15:20:01 CET 2026
recon-all -s sub-v2s17x50002_ses-1 finished without error at Wed Mar 11 15:22:49 CET 2026
