status file for recon-all
Wed Mar 11 14:20:24 CET 2026
#@# Tessellate lh Wed Mar 11 14:20:24 CET 2026
#@# Smooth1 lh Wed Mar 11 14:20:28 CET 2026
#@# Inflation1 lh Wed Mar 11 14:20:31 CET 2026
#@# QSphere lh Wed Mar 11 14:20:47 CET 2026
#@# Fix Topology lh Wed Mar 11 14:22:03 CET 2026
#@# Smooth2 lh Wed Mar 11 14:27:49 CET 2026
#@# Inflation2 lh Wed Mar 11 14:27:52 CET 2026
#@# Curv .H and .K lh Wed Mar 11 14:28:09 CET 2026
#@# Sphere lh Wed Mar 11 14:28:59 CET 2026
#@# Surf Reg lh Wed Mar 11 14:31:32 CET 2026
#@# Jacobian white lh Wed Mar 11 14:36:18 CET 2026
#@# AvgCurv lh Wed Mar 11 14:36:19 CET 2026
#@# Cortical Parc lh Wed Mar 11 14:36:20 CET 2026
#@# white curv lh Wed Mar 11 14:42:53 CET 2026
#@# white area lh Wed Mar 11 14:42:55 CET 2026
#@# pial curv lh Wed Mar 11 14:42:55 CET 2026
#@# pial area lh Wed Mar 11 14:42:57 CET 2026
#@# thickness lh Wed Mar 11 14:42:58 CET 2026
#@# area and vertex vol lh Wed Mar 11 14:43:29 CET 2026
#@# Curvature Stats lh Wed Mar 11 14:43:30 CET 2026
#@# Cortical Parc 2 lh Wed Mar 11 14:43:33 CET 2026
#@# Cortical Parc 3 lh Wed Mar 11 14:43:47 CET 2026
#@# WM/GM Contrast lh Wed Mar 11 14:43:57 CET 2026
recon-all -s sub-v2s17x50002_ses-1 finished without error at Wed Mar 11 14:44:01 CET 2026



#New# invocation of recon-all 



status file for recon-all
Wed Mar 11 15:15:50 CET 2026
#@# white curv lh Wed Mar 11 15:15:50 CET 2026
#@# white area lh Wed Mar 11 15:15:50 CET 2026
#@# pial curv lh Wed Mar 11 15:15:50 CET 2026
#@# pial area lh Wed Mar 11 15:15:50 CET 2026
#@# thickness lh Wed Mar 11 15:15:50 CET 2026
#@# area and vertex vol lh Wed Mar 11 15:15:50 CET 2026
#@# Parcellation Stats lh Wed Mar 11 15:15:50 CET 2026
#@# Parcellation Stats 2 lh Wed Mar 11 15:16:10 CET 2026
#@# Parcellation Stats 3 lh Wed Mar 11 15:16:21 CET 2026
#@# BA_exvivo Labels lh Wed Mar 11 15:16:31 CET 2026
recon-all -s sub-v2s17x50002_ses-1 finished without error at Wed Mar 11 15:19:16 CET 2026
