status file for recon-all
Wed Mar 11 12:33:24 CET 2026
#@# MotionCor Wed Mar 11 12:33:28 CET 2026
#@# Talairach Wed Mar 11 12:33:36 CET 2026
#@# Talairach Failure Detection Wed Mar 11 12:38:00 CET 2026
#@# Nu Intensity Correction Wed Mar 11 12:38:00 CET 2026
#@# Intensity Normalization Wed Mar 11 12:41:19 CET 2026
recon-all -s sub-v2s17x50002_ses-1 finished without error at Wed Mar 11 12:42:37 CET 2026



#New# invocation of recon-all 



status file for recon-all
Wed Mar 11 12:49:39 CET 2026
#@# EM Registration Wed Mar 11 12:49:39 CET 2026
recon-all -s sub-v2s17x50002_ses-1 finished without error at Wed Mar 11 12:52:29 CET 2026



#New# invocation of recon-all 



status file for recon-all
Wed Mar 11 12:52:31 CET 2026
#@# CA Normalize Wed Mar 11 12:52:31 CET 2026
#@# CA Reg Wed Mar 11 12:53:50 CET 2026
#@# SubCort Seg Wed Mar 11 13:43:21 CET 2026
#@# CC Seg Wed Mar 11 14:14:19 CET 2026
#@# Merge ASeg Wed Mar 11 14:15:01 CET 2026
#@# Intensity Normalization2 Wed Mar 11 14:15:01 CET 2026
#@# Mask BFS Wed Mar 11 14:17:12 CET 2026
#@# WM Segmentation Wed Mar 11 14:17:13 CET 2026
#@# Fill Wed Mar 11 14:19:20 CET 2026
recon-all -s sub-v2s17x50002_ses-1 finished without error at Wed Mar 11 14:20:20 CET 2026



#New# invocation of recon-all 



status file for recon-all
Wed Mar 11 15:10:20 CET 2026
#@# white curv lh Wed Mar 11 15:10:20 CET 2026
#@# white area lh Wed Mar 11 15:10:20 CET 2026
#@# pial curv lh Wed Mar 11 15:10:20 CET 2026
#@# pial area lh Wed Mar 11 15:10:20 CET 2026
#@# thickness lh Wed Mar 11 15:10:20 CET 2026
#@# area and vertex vol lh Wed Mar 11 15:10:20 CET 2026
#@# white curv rh Wed Mar 11 15:10:20 CET 2026
#@# white area rh Wed Mar 11 15:10:20 CET 2026
#@# pial curv rh Wed Mar 11 15:10:20 CET 2026
#@# pial area rh Wed Mar 11 15:10:20 CET 2026
#@# thickness rh Wed Mar 11 15:10:20 CET 2026
#@# area and vertex vol rh Wed Mar 11 15:10:20 CET 2026
#@# Cortical ribbon mask Wed Mar 11 15:10:20 CET 2026
recon-all -s sub-v2s17x50002_ses-1 finished without error at Wed Mar 11 15:15:46 CET 2026



#New# invocation of recon-all 



status file for recon-all
Wed Mar 11 15:22:56 CET 2026
#@# white curv lh Wed Mar 11 15:22:56 CET 2026
#@# white area lh Wed Mar 11 15:22:56 CET 2026
#@# pial curv lh Wed Mar 11 15:22:56 CET 2026
#@# pial area lh Wed Mar 11 15:22:56 CET 2026
#@# thickness lh Wed Mar 11 15:22:56 CET 2026
#@# area and vertex vol lh Wed Mar 11 15:22:56 CET 2026
#@# white curv rh Wed Mar 11 15:22:56 CET 2026
#@# white area rh Wed Mar 11 15:22:56 CET 2026
#@# pial curv rh Wed Mar 11 15:22:56 CET 2026
#@# pial area rh Wed Mar 11 15:22:56 CET 2026
#@# thickness rh Wed Mar 11 15:22:56 CET 2026
#@# area and vertex vol rh Wed Mar 11 15:22:56 CET 2026
#@# Curvature Stats lh Wed Mar 11 15:22:56 CET 2026
#@# Curvature Stats rh Wed Mar 11 15:22:59 CET 2026
#@# Relabel Hypointensities Wed Mar 11 15:23:01 CET 2026
#@# APas-to-ASeg Wed Mar 11 15:23:17 CET 2026
#@# AParc-to-ASeg aparc Wed Mar 11 15:23:25 CET 2026
#@# AParc-to-ASeg aparc.a2009s Wed Mar 11 15:24:12 CET 2026
#@# AParc-to-ASeg aparc.DKTatlas Wed Mar 11 15:24:59 CET 2026
#@# WMParc Wed Mar 11 15:25:47 CET 2026
#@# ASeg Stats Wed Mar 11 15:29:23 CET 2026
recon-all -s sub-v2s17x50002_ses-1 finished without error at Wed Mar 11 15:30:04 CET 2026
