status file for recon-all
Wed Mar 11 15:11:44 CET 2026
#@# Tessellate lh Wed Mar 11 15:11:44 CET 2026
#@# Smooth1 lh Wed Mar 11 15:11:48 CET 2026
#@# Inflation1 lh Wed Mar 11 15:11:51 CET 2026
#@# QSphere lh Wed Mar 11 15:12:05 CET 2026
#@# Fix Topology lh Wed Mar 11 15:13:15 CET 2026
#@# Smooth2 lh Wed Mar 11 15:22:39 CET 2026
#@# Inflation2 lh Wed Mar 11 15:22:42 CET 2026
#@# Curv .H and .K lh Wed Mar 11 15:22:58 CET 2026
#@# Sphere lh Wed Mar 11 15:23:47 CET 2026
#@# Surf Reg lh Wed Mar 11 15:28:07 CET 2026
#@# Jacobian white lh Wed Mar 11 15:33:01 CET 2026
#@# AvgCurv lh Wed Mar 11 15:33:02 CET 2026
#@# Cortical Parc lh Wed Mar 11 15:33:03 CET 2026
#@# white curv lh Wed Mar 11 15:39:39 CET 2026
#@# white area lh Wed Mar 11 15:39:41 CET 2026
#@# pial curv lh Wed Mar 11 15:39:41 CET 2026
#@# pial area lh Wed Mar 11 15:39:43 CET 2026
#@# thickness lh Wed Mar 11 15:39:44 CET 2026
#@# area and vertex vol lh Wed Mar 11 15:40:17 CET 2026
#@# Curvature Stats lh Wed Mar 11 15:40:19 CET 2026
#@# Cortical Parc 2 lh Wed Mar 11 15:40:22 CET 2026
#@# Cortical Parc 3 lh Wed Mar 11 15:40:36 CET 2026
#@# WM/GM Contrast lh Wed Mar 11 15:40:48 CET 2026
recon-all -s sub-v2s17x50051_ses-1 finished without error at Wed Mar 11 15:40:51 CET 2026



#New# invocation of recon-all 



status file for recon-all
Wed Mar 11 16:34:24 CET 2026
#@# white curv lh Wed Mar 11 16:34:24 CET 2026
#@# white area lh Wed Mar 11 16:34:24 CET 2026
#@# pial curv lh Wed Mar 11 16:34:24 CET 2026
#@# pial area lh Wed Mar 11 16:34:25 CET 2026
#@# thickness lh Wed Mar 11 16:34:25 CET 2026
#@# area and vertex vol lh Wed Mar 11 16:34:25 CET 2026
#@# Parcellation Stats lh Wed Mar 11 16:34:25 CET 2026
#@# Parcellation Stats 2 lh Wed Mar 11 16:34:45 CET 2026
#@# Parcellation Stats 3 lh Wed Mar 11 16:34:58 CET 2026
#@# BA_exvivo Labels lh Wed Mar 11 16:35:08 CET 2026
recon-all -s sub-v2s17x50051_ses-1 finished without error at Wed Mar 11 16:38:10 CET 2026
