status file for recon-all
Wed Mar 11 13:21:41 CET 2026
#@# MotionCor Wed Mar 11 13:21:44 CET 2026
#@# Talairach Wed Mar 11 13:21:54 CET 2026
#@# Talairach Failure Detection Wed Mar 11 13:26:20 CET 2026
#@# Nu Intensity Correction Wed Mar 11 13:26:20 CET 2026
#@# Intensity Normalization Wed Mar 11 13:29:37 CET 2026
recon-all -s sub-v2s17x50051_ses-1 finished without error at Wed Mar 11 13:31:19 CET 2026



#New# invocation of recon-all 



status file for recon-all
Wed Mar 11 13:38:09 CET 2026
#@# EM Registration Wed Mar 11 13:38:09 CET 2026
recon-all -s sub-v2s17x50051_ses-1 finished without error at Wed Mar 11 13:40:36 CET 2026



#New# invocation of recon-all 



status file for recon-all
Wed Mar 11 13:40:39 CET 2026
#@# CA Normalize Wed Mar 11 13:40:39 CET 2026
#@# CA Reg Wed Mar 11 13:42:02 CET 2026
#@# SubCort Seg Wed Mar 11 14:35:55 CET 2026
#@# CC Seg Wed Mar 11 15:05:46 CET 2026
#@# Merge ASeg Wed Mar 11 15:06:17 CET 2026
#@# Intensity Normalization2 Wed Mar 11 15:06:17 CET 2026
#@# Mask BFS Wed Mar 11 15:08:32 CET 2026
#@# WM Segmentation Wed Mar 11 15:08:32 CET 2026
#@# Fill Wed Mar 11 15:10:34 CET 2026
recon-all -s sub-v2s17x50051_ses-1 finished without error at Wed Mar 11 15:11:39 CET 2026



#New# invocation of recon-all 



status file for recon-all
Wed Mar 11 16:30:06 CET 2026
#@# white curv lh Wed Mar 11 16:30:06 CET 2026
#@# white area lh Wed Mar 11 16:30:06 CET 2026
#@# pial curv lh Wed Mar 11 16:30:06 CET 2026
#@# pial area lh Wed Mar 11 16:30:06 CET 2026
#@# thickness lh Wed Mar 11 16:30:06 CET 2026
#@# area and vertex vol lh Wed Mar 11 16:30:06 CET 2026
#@# white curv rh Wed Mar 11 16:30:06 CET 2026
#@# white area rh Wed Mar 11 16:30:06 CET 2026
#@# pial curv rh Wed Mar 11 16:30:06 CET 2026
#@# pial area rh Wed Mar 11 16:30:06 CET 2026
#@# thickness rh Wed Mar 11 16:30:06 CET 2026
#@# area and vertex vol rh Wed Mar 11 16:30:06 CET 2026
#@# Cortical ribbon mask Wed Mar 11 16:30:06 CET 2026
recon-all -s sub-v2s17x50051_ses-1 finished without error at Wed Mar 11 16:34:20 CET 2026



#New# invocation of recon-all 



status file for recon-all
Wed Mar 11 16:42:03 CET 2026
#@# white curv lh Wed Mar 11 16:42:03 CET 2026
#@# white area lh Wed Mar 11 16:42:03 CET 2026
#@# pial curv lh Wed Mar 11 16:42:03 CET 2026
#@# pial area lh Wed Mar 11 16:42:03 CET 2026
#@# thickness lh Wed Mar 11 16:42:03 CET 2026
#@# area and vertex vol lh Wed Mar 11 16:42:03 CET 2026
#@# white curv rh Wed Mar 11 16:42:03 CET 2026
#@# white area rh Wed Mar 11 16:42:03 CET 2026
#@# pial curv rh Wed Mar 11 16:42:03 CET 2026
#@# pial area rh Wed Mar 11 16:42:03 CET 2026
#@# thickness rh Wed Mar 11 16:42:03 CET 2026
#@# area and vertex vol rh Wed Mar 11 16:42:03 CET 2026
#@# Curvature Stats lh Wed Mar 11 16:42:03 CET 2026
#@# Curvature Stats rh Wed Mar 11 16:42:06 CET 2026
#@# Relabel Hypointensities Wed Mar 11 16:42:09 CET 2026
#@# APas-to-ASeg Wed Mar 11 16:42:27 CET 2026
#@# AParc-to-ASeg aparc Wed Mar 11 16:42:36 CET 2026
#@# AParc-to-ASeg aparc.a2009s Wed Mar 11 16:43:24 CET 2026
#@# AParc-to-ASeg aparc.DKTatlas Wed Mar 11 16:44:07 CET 2026
#@# WMParc Wed Mar 11 16:44:52 CET 2026
#@# ASeg Stats Wed Mar 11 16:49:12 CET 2026
recon-all -s sub-v2s17x50051_ses-1 finished without error at Wed Mar 11 16:49:51 CET 2026
