status file for recon-all
Wed Mar 11 15:40:54 CET 2026
#@# Tessellate rh Wed Mar 11 15:40:54 CET 2026
#@# Smooth1 rh Wed Mar 11 15:40:58 CET 2026
#@# Inflation1 rh Wed Mar 11 15:41:01 CET 2026
#@# QSphere rh Wed Mar 11 15:41:17 CET 2026
#@# Fix Topology rh Wed Mar 11 15:42:37 CET 2026
#@# Smooth2 rh Wed Mar 11 16:12:40 CET 2026
#@# Inflation2 rh Wed Mar 11 16:12:43 CET 2026
#@# Curv .H and .K rh Wed Mar 11 16:12:59 CET 2026
#@# Sphere rh Wed Mar 11 16:13:50 CET 2026
#@# Surf Reg rh Wed Mar 11 16:17:21 CET 2026
#@# Jacobian white rh Wed Mar 11 16:21:59 CET 2026
#@# AvgCurv rh Wed Mar 11 16:22:00 CET 2026
#@# Cortical Parc rh Wed Mar 11 16:22:01 CET 2026
#@# white curv rh Wed Mar 11 16:28:47 CET 2026
#@# white area rh Wed Mar 11 16:28:50 CET 2026
#@# pial curv rh Wed Mar 11 16:28:50 CET 2026
#@# pial area rh Wed Mar 11 16:28:52 CET 2026
#@# thickness rh Wed Mar 11 16:28:53 CET 2026
#@# area and vertex vol rh Wed Mar 11 16:29:27 CET 2026
#@# Curvature Stats rh Wed Mar 11 16:29:29 CET 2026
#@# Cortical Parc 2 rh Wed Mar 11 16:29:31 CET 2026
#@# Cortical Parc 3 rh Wed Mar 11 16:29:46 CET 2026
#@# WM/GM Contrast rh Wed Mar 11 16:29:57 CET 2026
recon-all -s sub-v2s17x50051_ses-1 finished without error at Wed Mar 11 16:30:01 CET 2026



#New# invocation of recon-all 



status file for recon-all
Wed Mar 11 16:38:12 CET 2026
#@# white curv rh Wed Mar 11 16:38:13 CET 2026
#@# white area rh Wed Mar 11 16:38:13 CET 2026
#@# pial curv rh Wed Mar 11 16:38:13 CET 2026
#@# pial area rh Wed Mar 11 16:38:13 CET 2026
#@# thickness rh Wed Mar 11 16:38:13 CET 2026
#@# area and vertex vol rh Wed Mar 11 16:38:13 CET 2026
#@# Parcellation Stats rh Wed Mar 11 16:38:13 CET 2026
#@# Parcellation Stats 2 rh Wed Mar 11 16:38:33 CET 2026
#@# Parcellation Stats 3 rh Wed Mar 11 16:38:43 CET 2026
#@# BA_exvivo Labels rh Wed Mar 11 16:38:54 CET 2026
recon-all -s sub-v2s17x50051_ses-1 finished without error at Wed Mar 11 16:41:55 CET 2026
