status file for recon-all
Wed Mar 11 13:04:37 CET 2026
#@# MotionCor Wed Mar 11 13:04:40 CET 2026
#@# Talairach Wed Mar 11 13:04:49 CET 2026
#@# Talairach Failure Detection Wed Mar 11 13:09:13 CET 2026
#@# Nu Intensity Correction Wed Mar 11 13:09:13 CET 2026
#@# Intensity Normalization Wed Mar 11 13:12:31 CET 2026
recon-all -s sub-v2s17x50028_ses-1 finished without error at Wed Mar 11 13:13:53 CET 2026



#New# invocation of recon-all 



status file for recon-all
Wed Mar 11 13:20:41 CET 2026
#@# EM Registration Wed Mar 11 13:20:41 CET 2026
recon-all -s sub-v2s17x50028_ses-1 finished without error at Wed Mar 11 13:23:15 CET 2026



#New# invocation of recon-all 



status file for recon-all
Wed Mar 11 13:23:17 CET 2026
#@# CA Normalize Wed Mar 11 13:23:17 CET 2026
#@# CA Reg Wed Mar 11 13:24:38 CET 2026
#@# SubCort Seg Wed Mar 11 14:14:11 CET 2026
#@# CC Seg Wed Mar 11 14:43:55 CET 2026
#@# Merge ASeg Wed Mar 11 14:44:30 CET 2026
#@# Intensity Normalization2 Wed Mar 11 14:44:30 CET 2026
#@# Mask BFS Wed Mar 11 14:46:44 CET 2026
#@# WM Segmentation Wed Mar 11 14:46:45 CET 2026
#@# Fill Wed Mar 11 14:48:49 CET 2026
recon-all -s sub-v2s17x50028_ses-1 finished without error at Wed Mar 11 14:49:50 CET 2026



#New# invocation of recon-all 



status file for recon-all
Wed Mar 11 16:13:49 CET 2026
#@# white curv lh Wed Mar 11 16:13:49 CET 2026
#@# white area lh Wed Mar 11 16:13:49 CET 2026
#@# pial curv lh Wed Mar 11 16:13:49 CET 2026
#@# pial area lh Wed Mar 11 16:13:49 CET 2026
#@# thickness lh Wed Mar 11 16:13:49 CET 2026
#@# area and vertex vol lh Wed Mar 11 16:13:49 CET 2026
#@# white curv rh Wed Mar 11 16:13:49 CET 2026
#@# white area rh Wed Mar 11 16:13:49 CET 2026
#@# pial curv rh Wed Mar 11 16:13:49 CET 2026
#@# pial area rh Wed Mar 11 16:13:49 CET 2026
#@# thickness rh Wed Mar 11 16:13:49 CET 2026
#@# area and vertex vol rh Wed Mar 11 16:13:49 CET 2026
#@# Cortical ribbon mask Wed Mar 11 16:13:50 CET 2026
recon-all -s sub-v2s17x50028_ses-1 finished without error at Wed Mar 11 16:21:50 CET 2026



#New# invocation of recon-all 



status file for recon-all
Wed Mar 11 16:29:51 CET 2026
#@# white curv lh Wed Mar 11 16:29:51 CET 2026
#@# white area lh Wed Mar 11 16:29:51 CET 2026
#@# pial curv lh Wed Mar 11 16:29:51 CET 2026
#@# pial area lh Wed Mar 11 16:29:51 CET 2026
#@# thickness lh Wed Mar 11 16:29:51 CET 2026
#@# area and vertex vol lh Wed Mar 11 16:29:51 CET 2026
#@# white curv rh Wed Mar 11 16:29:51 CET 2026
#@# white area rh Wed Mar 11 16:29:51 CET 2026
#@# pial curv rh Wed Mar 11 16:29:51 CET 2026
#@# pial area rh Wed Mar 11 16:29:51 CET 2026
#@# thickness rh Wed Mar 11 16:29:51 CET 2026
#@# area and vertex vol rh Wed Mar 11 16:29:51 CET 2026
#@# Curvature Stats lh Wed Mar 11 16:29:51 CET 2026
#@# Curvature Stats rh Wed Mar 11 16:29:54 CET 2026
#@# Relabel Hypointensities Wed Mar 11 16:29:57 CET 2026
#@# APas-to-ASeg Wed Mar 11 16:30:14 CET 2026
#@# AParc-to-ASeg aparc Wed Mar 11 16:30:23 CET 2026
#@# AParc-to-ASeg aparc.a2009s Wed Mar 11 16:31:11 CET 2026
#@# AParc-to-ASeg aparc.DKTatlas Wed Mar 11 16:32:08 CET 2026
#@# WMParc Wed Mar 11 16:32:56 CET 2026
#@# ASeg Stats Wed Mar 11 16:37:14 CET 2026
recon-all -s sub-v2s17x50028_ses-1 finished without error at Wed Mar 11 16:38:00 CET 2026
