status file for recon-all
Wed Mar 11 15:28:03 CET 2026
#@# Tessellate rh Wed Mar 11 15:28:03 CET 2026
#@# Smooth1 rh Wed Mar 11 15:28:07 CET 2026
#@# Inflation1 rh Wed Mar 11 15:28:11 CET 2026
#@# QSphere rh Wed Mar 11 15:28:34 CET 2026
#@# Fix Topology rh Wed Mar 11 15:30:25 CET 2026
#@# Smooth2 rh Wed Mar 11 15:51:57 CET 2026
#@# Inflation2 rh Wed Mar 11 15:52:01 CET 2026
#@# Curv .H and .K rh Wed Mar 11 15:52:22 CET 2026
#@# Sphere rh Wed Mar 11 15:53:16 CET 2026
#@# Surf Reg rh Wed Mar 11 15:58:25 CET 2026
#@# Jacobian white rh Wed Mar 11 16:04:54 CET 2026
#@# AvgCurv rh Wed Mar 11 16:04:55 CET 2026
#@# Cortical Parc rh Wed Mar 11 16:04:57 CET 2026
#@# white curv rh Wed Mar 11 16:12:31 CET 2026
#@# white area rh Wed Mar 11 16:12:33 CET 2026
#@# pial curv rh Wed Mar 11 16:12:34 CET 2026
#@# pial area rh Wed Mar 11 16:12:36 CET 2026
#@# thickness rh Wed Mar 11 16:12:37 CET 2026
#@# area and vertex vol rh Wed Mar 11 16:13:11 CET 2026
#@# Curvature Stats rh Wed Mar 11 16:13:13 CET 2026
#@# Cortical Parc 2 rh Wed Mar 11 16:13:16 CET 2026
#@# Cortical Parc 3 rh Wed Mar 11 16:13:30 CET 2026
#@# WM/GM Contrast rh Wed Mar 11 16:13:42 CET 2026
recon-all -s sub-v2s17x50028_ses-1 finished without error at Wed Mar 11 16:13:45 CET 2026



#New# invocation of recon-all 



status file for recon-all
Wed Mar 11 16:25:47 CET 2026
#@# white curv rh Wed Mar 11 16:25:48 CET 2026
#@# white area rh Wed Mar 11 16:25:48 CET 2026
#@# pial curv rh Wed Mar 11 16:25:48 CET 2026
#@# pial area rh Wed Mar 11 16:25:48 CET 2026
#@# thickness rh Wed Mar 11 16:25:48 CET 2026
#@# area and vertex vol rh Wed Mar 11 16:25:48 CET 2026
#@# Parcellation Stats rh Wed Mar 11 16:25:48 CET 2026
#@# Parcellation Stats 2 rh Wed Mar 11 16:26:12 CET 2026
#@# Parcellation Stats 3 rh Wed Mar 11 16:26:24 CET 2026
#@# BA_exvivo Labels rh Wed Mar 11 16:26:36 CET 2026
recon-all -s sub-v2s17x50028_ses-1 finished without error at Wed Mar 11 16:29:44 CET 2026
