/out/sourcedata/freesurfer/sub-v2s17x50028_ses-1/mri
/opt/freesurfer/bin/talairach_avi
--i orig_nu.mgz --xfm transforms/talairach.auto.xfm
talairach_avi 7.3.2
Linux dna050 5.14.0-427.37.1.el9_4.x86_64 #1 SMP PREEMPT_DYNAMIC Fri Sep 13 12:41:50 EDT 2024 x86_64 x86_64 x86_64 GNU/Linux
Wed Mar 11 13:07:45 CET 2026
mri_convert orig_nu.mgz talsrcimg.img 
reading from orig_nu.mgz...
TR=0.00, TE=0.00, TI=0.00, flip angle=0.00
i_ras = (-1, 0, 0)
j_ras = (0, 0, -1)
k_ras = (0, 1, 0)
writing to talsrcimg.img...
Analyze Output Matrix
-1.00000   0.00000   0.00000   129.52499;
 0.00000   0.00000   1.00000  -128.78899;
 0.00000  -1.00000   0.00000   117.61307;
 0.00000   0.00000   0.00000   1.00000;
--------------------
INFO: set hdr.hist.orient to -1
mpr2mni305 talsrcimg
Wed Mar 11 13:07:46 CET 2026
/opt/freesurfer/bin/mpr2mni305 talsrcimg
mpr2mni305 7.3.2
target=711-2C_as_mni_average_305

---------------------------------------------------------------------
analyzeto4dfp talsrcimg -O0 -y
---------------------------------------------------------------------

freesurfer ifh2hdr.c
Wed Mar 11 13:07:46 2026
Writing: talsrcimg.4dfp.hdr
freesurfer analyzeto4dfp.c
Reading: talsrcimg.hdr
header size 348 bytes
hdr.dime.datatype	offset=70	value=2
hdr.dime.bitpix		offset=72	value=8
hdr.hist.orient		offset=252	value=-1
dimensionality     4
dimensions       256       256       256         1
Reading: talsrcimg.img
Writing: talsrcimg.4dfp.img
Writing: talsrcimg.4dfp.ifh
ifh2hdr talsrcimg -r0to221
ori=2

---------------------------------------------------------------------
gauss_4dfp talsrcimg 1.1
---------------------------------------------------------------------

freesurfer gauss_4dfp.c
Reading: talsrcimg.4dfp.img
Writing: talsrcimg_g11.4dfp.img
image dimensions 256 256 256 padded to 288 288 288
processing volume 1freesurfer ifh2hdr.c
Wed Mar 11 13:07:47 2026
Writing: talsrcimg_g11.4dfp.hdr

Writing: talsrcimg_g11.4dfp.ifh
including: talsrcimg.4dfp.img.rec in talsrcimg_g11.4dfp.img.rec

---------------------------------------------------------------------
imgreg_4dfp /opt/freesurfer/average/711-2C_as_mni_average_305 none talsrcimg_g11 none talsrcimg_to_711-2C_as_mni_average_305_t4 4355
---------------------------------------------------------------------

freesurfer imgreg_4dfp.c
/opt/freesurfer/average/711-2C_as_mni_average_305.4dfp.img
       256       256       256         1
  1.000000  1.000000  1.000000
orientation T byte_order littleendian
Reading image: /opt/freesurfer/average/711-2C_as_mni_average_305.4dfp.img
dimensions:      256       256       256
mmppix:       1.0000   -1.0000   -1.0000
center:     128.0000 -129.0000 -129.0000
talsrcimg_g11.4dfp.img
       256       256       256         1
  1.000000  1.000000  1.000000
orientation T byte_order littleendian
Reading image: talsrcimg_g11.4dfp.img
dimensions:      256       256       256
mmppix:       1.0000   -1.0000   -1.0000
center:     128.0000 -129.0000 -129.0000
t4_read: open error in t4_sub.f l:  41 t4_file(1:l)talsrcimg_to_711-2C_as_mni_average_305_t4 
t4_read: transform initialized to I4
rotation matrix determinant  1.000000
image alignment mode   4355 decimal     1103 hex
   -7.5000  -45.0000  -45.0000 9358.7246   11.4926
    0.0000  -45.0000  -45.0000 9761.3906   11.4804
    7.5000  -45.0000  -45.0000 9308.9902   11.4905
   -7.5000  -37.5000  -45.0000 9912.6982   11.4517
    0.0000  -37.5000  -45.000010349.0801   11.4397
    7.5000  -37.5000  -45.0000 9860.8477   11.4483
   -7.5000  -30.0000  -45.000010762.6367   11.3864
    0.0000  -30.0000  -45.000011238.7842   11.3780
    7.5000  -30.0000  -45.000010711.3633   11.3841
   -7.5000  -22.5000  -45.000011514.3545   11.3314
    0.0000  -22.5000  -45.000012050.0850   11.3270
    7.5000  -22.5000  -45.000011473.0439   11.3319
   -7.5000  -15.0000  -45.000012157.1738   11.2912
    0.0000  -15.0000  -45.000012720.6953   11.2869
    7.5000  -15.0000  -45.000012126.6123   11.2927
   -7.5000   -7.5000  -45.000012727.7959   11.2601
    0.0000   -7.5000  -45.000013314.2480   11.2509
    7.5000   -7.5000  -45.000012690.7861   11.2590
   -7.5000    0.0000  -45.000013216.9082   11.2316
    0.0000    0.0000  -45.000013815.9854   11.2179
    7.5000    0.0000  -45.000013145.4600   11.2273
   -7.5000    7.5000  -45.000012662.6992   11.2444
    0.0000    7.5000  -45.000013232.1289   11.2312
    7.5000    7.5000  -45.000012613.4785   11.2394
   -7.5000   15.0000  -45.000011983.9688   11.2992
    0.0000   15.0000  -45.000012537.9746   11.2897
    7.5000   15.0000  -45.000011940.5811   11.2956
   -7.5000   22.5000  -45.000011272.2607   11.4092
    0.0000   22.5000  -45.000011787.8086   11.4041
    7.5000   22.5000  -45.000011231.6045   11.4083
   -7.5000   30.0000  -45.000010502.8809   11.4089
    0.0000   30.0000  -45.000010999.6152   11.4047
    7.5000   30.0000  -45.000010477.4355   11.4093
   -7.5000   37.5000  -45.000010078.4951   11.5660
    0.0000   37.5000  -45.000010551.1289   11.5567
    7.5000   37.5000  -45.000010036.8223   11.5624
   -7.5000   45.0000  -45.0000 9313.4932   11.4824
    0.0000   45.0000  -45.0000 9757.3291   11.4672
    7.5000   45.0000  -45.0000 9277.3340   11.4749
   -7.5000  -45.0000  -37.5000 9954.8779   11.4970
    0.0000  -45.0000  -37.500010371.7725   11.4872
    7.5000  -45.0000  -37.5000 9892.7344   11.4975
   -7.5000  -37.5000  -37.500010545.6494   11.4569
    0.0000  -37.5000  -37.500010987.7734   11.4481
    7.5000  -37.5000  -37.500010481.0449   11.4570
   -7.5000  -30.0000  -37.500011441.7529   11.3961
    0.0000  -30.0000  -37.500011936.0967   11.3911
    7.5000  -30.0000  -37.500011382.6270   11.3977
   -7.5000  -22.5000  -37.500012232.6982   11.3450
    0.0000  -22.5000  -37.500012780.4170   11.3432
    7.5000  -22.5000  -37.500012172.1504   11.3490
   -7.5000  -15.0000  -37.500012904.0645   11.3044
    0.0000  -15.0000  -37.500013486.4102   11.3017
    7.5000  -15.0000  -37.500012845.7520   11.3085
   -7.5000   -7.5000  -37.500013475.3555   11.2687
    0.0000   -7.5000  -37.500014101.2568   11.2610
    7.5000   -7.5000  -37.500013415.9131   11.2696
   -7.5000    0.0000  -37.500013961.6885   11.2354
    0.0000    0.0000  -37.500014606.4551   11.2239
    7.5000    0.0000  -37.500013883.7432   11.2337
   -7.5000    7.5000  -37.500013348.2510   11.2491
    0.0000    7.5000  -37.500013970.8486   11.2390
    7.5000    7.5000  -37.500013294.8291   11.2476
   -7.5000   15.0000  -37.500012609.7383   11.3089
    0.0000   15.0000  -37.500013189.2275   11.3028
    7.5000   15.0000  -37.500012558.4648   11.3091
   -7.5000   22.5000  -37.500011830.8076   11.4235
    0.0000   22.5000  -37.500012381.4980   11.4208
    7.5000   22.5000  -37.500011797.8770   11.4258
   -7.5000   30.0000  -37.500010986.7432   11.4231
    0.0000   30.0000  -37.500011517.4609   11.4201
    7.5000   30.0000  -37.500010979.0029   11.4257
   -7.5000   37.5000  -37.500010514.0410   11.5727
    0.0000   37.5000  -37.500011004.9453   11.5647
    7.5000   37.5000  -37.500010482.0352   11.5715
   -7.5000   45.0000  -37.5000 9688.0596   11.4842
    0.0000   45.0000  -37.500010153.2236   11.4710
    7.5000   45.0000  -37.5000 9659.7080   11.4797
   -7.5000  -45.0000  -30.000010741.4609   11.9468
    0.0000  -45.0000  -30.000011194.8232   11.9379
    7.5000  -45.0000  -30.000010645.9307   11.9463
   -7.5000  -37.5000  -30.000011352.5234   11.9045
    0.0000  -37.5000  -30.000011832.0938   11.8969
    7.5000  -37.5000  -30.000011265.2803   11.9031
   -7.5000  -30.0000  -30.000012310.0176   11.8433
    0.0000  -30.0000  -30.000012824.2822   11.8391
    7.5000  -30.0000  -30.000012205.6396   11.8427
   -7.5000  -22.5000  -30.000013173.2002   11.7910
    0.0000  -22.5000  -30.000013713.6797   11.7890
    7.5000  -22.5000  -30.000013062.7617   11.7924
   -7.5000  -15.0000  -30.000013868.0078   11.7469
    0.0000  -15.0000  -30.000014451.4385   11.7434
    7.5000  -15.0000  -30.000013766.6953   11.7485
   -7.5000   -7.5000  -30.000014454.7314   11.7048
    0.0000   -7.5000  -30.000015104.2832   11.6968
    7.5000   -7.5000  -30.000014353.6377   11.7041
   -7.5000    0.0000  -30.000014928.4883   11.6656
    0.0000    0.0000  -30.000015619.2500   11.6549
    7.5000    0.0000  -30.000014833.7109   11.6629
   -7.5000    7.5000  -30.000014251.8975   11.6810
    0.0000    7.5000  -30.000014928.6855   11.6720
    7.5000    7.5000  -30.000014176.0908   11.6779
   -7.5000   15.0000  -30.000013451.7041   11.7470
    0.0000   15.0000  -30.000014078.6924   11.7414
    7.5000   15.0000  -30.000013376.3535   11.7448
   -7.5000   22.5000  -30.000012607.4141   11.8674
    0.0000   22.5000  -30.000013196.7812   11.8643
    7.5000   22.5000  -30.000012545.7061   11.8670
   -7.5000   30.0000  -30.000011688.1650   11.8694
    0.0000   30.0000  -30.000012257.3291   11.8655
    7.5000   30.0000  -30.000011668.1484   11.8695
   -7.5000   37.5000  -30.000011151.0703   12.0188
    0.0000   37.5000  -30.000011675.6787   12.0108
    7.5000   37.5000  -30.000011120.2949   12.0169
   -7.5000   45.0000  -30.000010261.4111   11.9302
    0.0000   45.0000  -30.000010732.9512   11.9183
    7.5000   45.0000  -30.000010239.2764   11.9262
   -7.5000  -45.0000  -22.500011461.6133   12.3325
    0.0000  -45.0000  -22.500011964.2959   12.3215
    7.5000  -45.0000  -22.500011363.7803   12.3279
   -7.5000  -37.5000  -22.500012085.8701   12.2873
    0.0000  -37.5000  -22.500012614.8477   12.2769
    7.5000  -37.5000  -22.500012014.7432   12.2801
   -7.5000  -30.0000  -22.500013099.8877   12.2213
    0.0000  -30.0000  -22.500013663.1143   12.2136
    7.5000  -30.0000  -22.500013005.8867   12.2133
   -7.5000  -22.5000  -22.500014022.5000   12.1645
    0.0000  -22.5000  -22.500014620.9824   12.1589
    7.5000  -22.5000  -22.500013925.2471   12.1585
   -7.5000  -15.0000  -22.500014755.5596   12.1186
    0.0000  -15.0000  -22.500015397.2822   12.1119
    7.5000  -15.0000  -22.500014660.3223   12.1140
   -7.5000   -7.5000  -22.500015368.4990   12.0765
    0.0000   -7.5000  -22.500016066.2588   12.0661
    7.5000   -7.5000  -22.500015246.0781   12.0713
   -7.5000    0.0000  -22.500015835.1768   12.0369
    0.0000    0.0000  -22.500016574.4375   12.0242
    7.5000    0.0000  -22.500015722.2891   12.0304
   -7.5000    7.5000  -22.500015104.9756   12.0527
    0.0000    7.5000  -22.500015827.9141   12.0409
    7.5000    7.5000  -22.500015011.4443   12.0442
   -7.5000   15.0000  -22.500014245.0420   12.1192
    0.0000   15.0000  -22.500014927.9854   12.1102
    7.5000   15.0000  -22.500014175.9766   12.1098
   -7.5000   22.5000  -22.500013305.1475   12.2407
    0.0000   22.5000  -22.500013949.8711   12.2340
    7.5000   22.5000  -22.500013247.1152   12.2330
   -7.5000   30.0000  -22.500012318.6621   12.2462
    0.0000   30.0000  -22.500012915.3418   12.2394
    7.5000   30.0000  -22.500012293.5439   12.2401
   -7.5000   37.5000  -22.500011764.2373   12.4031
    0.0000   37.5000  -22.500012316.5596   12.3934
    7.5000   37.5000  -22.500011727.6318   12.3973
   -7.5000   45.0000  -22.500010807.6318   12.3201
    0.0000   45.0000  -22.500011307.2852   12.3070
    7.5000   45.0000  -22.500010772.7139   12.3131
   -7.5000  -45.0000  -15.000012137.7725   12.6180
    0.0000  -45.0000  -15.000012671.5703   12.6040
    7.5000  -45.0000  -15.000012032.5547   12.6100
   -7.5000  -37.5000  -15.000012804.3428   12.5708
    0.0000  -37.5000  -15.000013359.3535   12.5565
    7.5000  -37.5000  -15.000012708.4814   12.5591
   -7.5000  -30.0000  -15.000013867.8262   12.4986
    0.0000  -30.0000  -15.000014471.9473   12.4866
    7.5000  -30.0000  -15.000013763.4551   12.4850
   -7.5000  -22.5000  -15.000014828.4570   12.4358
    0.0000  -22.5000  -15.000015482.2354   12.4267
    7.5000  -22.5000  -15.000014708.3740   12.4247
   -7.5000  -15.0000  -15.000015626.8975   12.3886
    0.0000  -15.0000  -15.000016326.9697   12.3796
    7.5000  -15.0000  -15.000015491.8750   12.3803
   -7.5000   -7.5000  -15.000016265.8838   12.3500
    0.0000   -7.5000  -15.000017015.2832   12.3376
    7.5000   -7.5000  -15.000016115.9775   12.3419
   -7.5000    0.0000  -15.000016729.6191   12.3137
    0.0000    0.0000  -15.000017509.3164   12.2981
    7.5000    0.0000  -15.000016585.2168   12.3039
   -7.5000    7.5000  -15.000015937.5576   12.3292
    0.0000    7.5000  -15.000016673.2949   12.3136
    7.5000    7.5000  -15.000015804.1230   12.3163
   -7.5000   15.0000  -15.000015000.2207   12.3925
    0.0000   15.0000  -15.000015716.2139   12.3792
    7.5000   15.0000  -15.000014924.7783   12.3777
   -7.5000   22.5000  -15.000013977.4268   12.5114
    0.0000   22.5000  -15.000014651.4717   12.5014
    7.5000   22.5000  -15.000013920.7021   12.4989
   -7.5000   30.0000  -15.000012923.3037   12.5196
    0.0000   30.0000  -15.000013542.2822   12.5107
    7.5000   30.0000  -15.000012892.8955   12.5098
   -7.5000   37.5000  -15.000012323.5059   12.6871
    0.0000   37.5000  -15.000012909.0898   12.6754
    7.5000   37.5000  -15.000012286.8447   12.6779
   -7.5000   45.0000  -15.000011320.0186   12.6127
    0.0000   45.0000  -15.000011851.4648   12.5971
    7.5000   45.0000  -15.000011272.2295   12.6019
   -7.5000  -45.0000   -7.500012792.1807   12.7646
    0.0000  -45.0000   -7.500013368.8994   12.7492
    7.5000  -45.0000   -7.500012696.8330   12.7574
   -7.5000  -37.5000   -7.500013507.3037   12.7155
    0.0000  -37.5000   -7.500014109.3613   12.6996
    7.5000  -37.5000   -7.500013413.1631   12.7052
   -7.5000  -30.0000   -7.500014631.9590   12.6387
    0.0000  -30.0000   -7.500015289.8691   12.6258
    7.5000  -30.0000   -7.500014526.8750   12.6278
   -7.5000  -22.5000   -7.500015625.6094   12.5729
    0.0000  -22.5000   -7.500016331.4609   12.5640
    7.5000  -22.5000   -7.500015493.8887   12.5650
   -7.5000  -15.0000   -7.500016484.6816   12.5252
    0.0000  -15.0000   -7.500017224.1445   12.5169
    7.5000  -15.0000   -7.500016302.8574   12.5199
   -7.5000   -7.5000   -7.500017162.5215   12.4889
    0.0000   -7.5000   -7.500017994.9746   12.4762
    7.5000   -7.5000   -7.500016988.7051   12.4825
   -7.5000    0.0000   -7.500017625.2285   12.4550
    0.0000    0.0000   -7.500018460.5918   12.4380
    7.5000    0.0000   -7.500017463.8398   12.4458
   -7.5000    7.5000   -7.500016709.4062   12.4696
    0.0000    7.5000   -7.500017474.2012   12.4524
    7.5000    7.5000   -7.500016570.2910   12.4580
   -7.5000   15.0000   -7.500015710.1064   12.5299
    0.0000   15.0000   -7.500016428.5566   12.5157
    7.5000   15.0000   -7.500015608.9980   12.5178
   -7.5000   22.5000   -7.500014653.4082   12.6462
    0.0000   22.5000   -7.500015323.9297   12.6366
    7.5000   22.5000   -7.500014543.2715   12.6371
   -7.5000   30.0000   -7.500013528.8887   12.6552
    0.0000   30.0000   -7.500014145.4590   12.6472
    7.5000   30.0000   -7.500013430.1172   12.6486
   -7.5000   37.5000   -7.500012907.6953   12.8284
    0.0000   37.5000   -7.500013513.0938   12.8162
    7.5000   37.5000   -7.500012838.0186   12.8200
   -7.5000   45.0000   -7.500011843.6406   12.7590
    0.0000   45.0000   -7.500012397.8271   12.7413
    7.5000   45.0000   -7.500011778.4121   12.7474
   -7.5000  -45.0000    0.000013282.0576   12.7835
    0.0000  -45.0000    0.000013916.4834   12.7694
    7.5000  -45.0000    0.000013223.2178   12.7806
   -7.5000  -37.5000    0.000014030.3818   12.7336
    0.0000  -37.5000    0.000014701.0596   12.7196
    7.5000  -37.5000    0.000013965.9883   12.7292
   -7.5000  -30.0000    0.000015205.1201   12.6571
    0.0000  -30.0000    0.000015932.8301   12.6470
    7.5000  -30.0000    0.000015137.4961   12.6539
   -7.5000  -22.5000    0.000016250.3770   12.5925
    0.0000  -22.5000    0.000016994.2520   12.5868
    7.5000  -22.5000    0.000016158.5537   12.5924
   -7.5000  -15.0000    0.000017175.3555   12.5445
    0.0000  -15.0000    0.000017979.6621   12.5389
    7.5000  -15.0000    0.000017018.7500   12.5456
   -7.5000   -7.5000    0.000017942.8574   12.5067
    0.0000   -7.5000    0.000018857.0293   12.4957
    7.5000   -7.5000    0.000017772.7754   12.5049
   -7.5000    0.0000    0.000018470.2090   12.4721
    0.0000    0.0000    0.000019354.8984   12.4561
    7.5000    0.0000    0.000018290.3867   12.4668
   -7.5000    7.5000    0.000017492.6875   12.4864
    0.0000    7.5000    0.000018265.1797   12.4710
    7.5000    7.5000    0.000017295.4844   12.4804
   -7.5000   15.0000    0.000016422.5703   12.5473
    0.0000   15.0000    0.000017127.6543   12.5360
    7.5000   15.0000    0.000016211.5508   12.5428
   -7.5000   22.5000    0.000015285.0811   12.6652
    0.0000   22.5000    0.000015941.7744   12.6587
    7.5000   22.5000    0.000015089.2783   12.6637
   -7.5000   30.0000    0.000014099.7119   12.6736
    0.0000   30.0000    0.000014706.0264   12.6680
    7.5000   30.0000    0.000013933.3682   12.6733
   -7.5000   37.5000    0.000013409.0938   12.8445
    0.0000   37.5000    0.000014013.2559   12.8333
    7.5000   37.5000    0.000013306.2314   12.8399
   -7.5000   45.0000    0.000012299.9951   12.7743
    0.0000   45.0000    0.000012873.4658   12.7568
    7.5000   45.0000    0.000012224.0537   12.7656
   -7.5000  -45.0000    7.500012761.4287   12.8117
    0.0000  -45.0000    7.500013360.1748   12.8003
    7.5000  -45.0000    7.500012741.6299   12.8118
   -7.5000  -37.5000    7.500013466.4434   12.7641
    0.0000  -37.5000    7.500014086.9961   12.7539
    7.5000  -37.5000    7.500013451.8369   12.7637
   -7.5000  -30.0000    7.500014594.4414   12.6940
    0.0000  -30.0000    7.500015279.2549   12.6879
    7.5000  -30.0000    7.500014588.0059   12.6952
   -7.5000  -22.5000    7.500015615.4385   12.6349
    0.0000  -22.5000    7.500016331.2510   12.6323
    7.5000  -22.5000    7.500015575.0635   12.6388
   -7.5000  -15.0000    7.500016527.3223   12.5878
    0.0000  -15.0000    7.500017296.7539   12.5843
    7.5000  -15.0000    7.500016416.3379   12.5919
   -7.5000   -7.5000    7.500017304.0684   12.5464
    0.0000   -7.5000    7.500018140.2051   12.5372
    7.5000   -7.5000    7.500017097.3789   12.5470
   -7.5000    0.0000    7.500017821.3164   12.5079
    0.0000    0.0000    7.500018649.7227   12.4946
    7.5000    0.0000    7.500017543.2656   12.5056
   -7.5000    7.5000    7.500016866.2109   12.5233
    0.0000    7.5000    7.500017676.1348   12.5116
    7.5000    7.5000    7.500016613.0527   12.5212
   -7.5000   15.0000    7.500015813.3877   12.5898
    0.0000   15.0000    7.500016582.5156   12.5825
    7.5000   15.0000    7.500015601.4873   12.5896
   -7.5000   22.5000    7.500014703.2344   12.7129
    0.0000   22.5000    7.500015386.7041   12.7093
    7.5000   22.5000    7.500014528.3643   12.7150
   -7.5000   30.0000    7.500013557.5420   12.7210
    0.0000   30.0000    7.500014153.8809   12.7171
    7.5000   30.0000    7.500013417.7383   12.7235
   -7.5000   37.5000    7.500012892.5723   12.8857
    0.0000   37.5000    7.500013450.3086   12.8761
    7.5000   37.5000    7.500012794.4258   12.8839
   -7.5000   45.0000    7.500011813.1348   12.8109
    0.0000   45.0000    7.500012331.5557   12.7956
    7.5000   45.0000    7.500011747.2461   12.8055
   -7.5000  -45.0000   15.000012071.4922   12.8509
    0.0000  -45.0000   15.000012647.2676   12.8408
    7.5000  -45.0000   15.000012098.4629   12.8496
   -7.5000  -37.5000   15.000012740.3271   12.8055
    0.0000  -37.5000   15.000013346.1895   12.7969
    7.5000  -37.5000   15.000012761.4336   12.8033
   -7.5000  -30.0000   15.000013820.3994   12.7407
    0.0000  -30.0000   15.000014465.4648   12.7357
    7.5000  -30.0000   15.000013830.4707   12.7393
   -7.5000  -22.5000   15.000014859.2803   12.6857
    0.0000  -22.5000   15.000015513.9307   12.6832
    7.5000  -22.5000   15.000014797.1064   12.6866
   -7.5000  -15.0000   15.000015759.2734   12.6397
    0.0000  -15.0000   15.000016447.2441   12.6356
    7.5000  -15.0000   15.000015632.9512   12.6410
   -7.5000   -7.5000   15.000016492.7949   12.5959
    0.0000   -7.5000   15.000017172.3203   12.5869
    7.5000   -7.5000   15.000016275.2744   12.5947
   -7.5000    0.0000   15.000016952.1367   12.5545
    0.0000    0.0000   15.000017616.9492   12.5426
    7.5000    0.0000   15.000016701.2695   12.5511
   -7.5000    7.5000   15.000016076.1191   12.5709
    0.0000    7.5000   15.000016749.5391   12.5608
    7.5000    7.5000   15.000015870.6797   12.5670
   -7.5000   15.0000   15.000015086.9756   12.6413
    0.0000   15.0000   15.000015779.7402   12.6350
    7.5000   15.0000   15.000014938.4463   12.6384
   -7.5000   22.5000   15.000014032.7939   12.7672
    0.0000   22.5000   15.000014667.9951   12.7634
    7.5000   22.5000   15.000013925.7021   12.7661
   -7.5000   30.0000   15.000012918.2910   12.7744
    0.0000   30.0000   15.000013486.4131   12.7698
    7.5000   30.0000   15.000012826.3320   12.7739
   -7.5000   37.5000   15.000012291.1709   12.9340
    0.0000   37.5000   15.000012813.7744   12.9248
    7.5000   37.5000   15.000012206.4590   12.9313
   -7.5000   45.0000   15.000011247.4277   12.8541
    0.0000   45.0000   15.000011726.7354   12.8407
    7.5000   45.0000   15.000011169.8252   12.8490
   -7.5000  -45.0000   22.500011320.5322   12.9018
    0.0000  -45.0000   22.500011858.2881   12.8899
    7.5000  -45.0000   22.500011354.6670   12.8959
   -7.5000  -37.5000   22.500011938.4834   12.8570
    0.0000  -37.5000   22.500012493.9014   12.8457
    7.5000  -37.5000   22.500011964.4561   12.8483
   -7.5000  -30.0000   22.500012947.1650   12.7920
    0.0000  -30.0000   22.500013511.2051   12.7836
    7.5000  -30.0000   22.500012947.1348   12.7826
   -7.5000  -22.5000   22.500013891.4893   12.7363
    0.0000  -22.5000   22.500014475.6572   12.7301
    7.5000  -22.5000   22.500013861.6670   12.7291
   -7.5000  -15.0000   22.500014746.6299   12.6919
    0.0000  -15.0000   22.500015362.2422   12.6846
    7.5000  -15.0000   22.500014667.5576   12.6863
   -7.5000   -7.5000   22.500015430.6914   12.6516
    0.0000   -7.5000   22.500016066.4756   12.6405
    7.5000   -7.5000   22.500015290.0225   12.6454
   -7.5000    0.0000   22.500015875.9658   12.6123
    0.0000    0.0000   22.500016530.8086   12.5987
    7.5000    0.0000   22.500015712.0684   12.6045
   -7.5000    7.5000   22.500015061.4971   12.6278
    0.0000    7.5000   22.500015712.4287   12.6151
    7.5000    7.5000   22.500014922.8652   12.6179
   -7.5000   15.0000   22.500014191.7646   12.6957
    0.0000   15.0000   22.500014821.1309   12.6859
    7.5000   15.0000   22.500014053.6396   12.6849
   -7.5000   22.5000   22.500013204.3301   12.8189
    0.0000   22.5000   22.500013788.7910   12.8115
    7.5000   22.5000   22.500013104.1406   12.8099
   -7.5000   30.0000   22.500012136.2568   12.8259
    0.0000   30.0000   22.500012664.0645   12.8183
    7.5000   30.0000   22.500012056.5498   12.8186
   -7.5000   37.5000   22.500011535.6445   12.9894
    0.0000   37.5000   22.500012034.1338   12.9787
    7.5000   37.5000   22.500011456.5283   12.9823
   -7.5000   45.0000   22.500010548.3867   12.9104
    0.0000   45.0000   22.500010988.9375   12.8962
    7.5000   45.0000   22.500010473.0273   12.9020
   -7.5000  -45.0000   30.000010512.9727   13.0278
    0.0000  -45.0000   30.000010996.0137   13.0130
    7.5000  -45.0000   30.000010549.2197   13.0183
   -7.5000  -37.5000   30.000011068.3584   12.9819
    0.0000  -37.5000   30.000011573.8604   12.9667
    7.5000  -37.5000   30.000011101.1660   12.9685
   -7.5000  -30.0000   30.000011977.1113   12.9132
    0.0000  -30.0000   30.000012503.5303   12.9004
    7.5000  -30.0000   30.000011986.0312   12.8979
   -7.5000  -22.5000   30.000012839.7061   12.8539
    0.0000  -22.5000   30.000013397.5117   12.8443
    7.5000  -22.5000   30.000012827.3848   12.8414
   -7.5000  -15.0000   30.000013618.3252   12.8109
    0.0000  -15.0000   30.000014193.2158   12.8013
    7.5000  -15.0000   30.000013570.1650   12.8014
   -7.5000   -7.5000   30.000014237.5879   12.7767
    0.0000   -7.5000   30.000014820.9619   12.7635
    7.5000   -7.5000   30.000014142.9756   12.7674
   -7.5000    0.0000   30.000014656.4922   12.7421
    0.0000    0.0000   30.000015252.1699   12.7257
    7.5000    0.0000   30.000014551.5781   12.7310
   -7.5000    7.5000   30.000013926.3408   12.7558
    0.0000    7.5000   30.000014498.1143   12.7395
    7.5000    7.5000   30.000013812.2539   12.7415
   -7.5000   15.0000   30.000013126.8750   12.8185
    0.0000   15.0000   30.000013680.0781   12.8044
    7.5000   15.0000   30.000013005.8662   12.8020
   -7.5000   22.5000   30.000012226.8906   12.9375
    0.0000   22.5000   30.000012748.7139   12.9268
    7.5000   22.5000   30.000012125.2344   12.9235
   -7.5000   30.0000   30.000011254.6641   12.9449
    0.0000   30.0000   30.000011727.3359   12.9354
    7.5000   30.0000   30.000011167.1660   12.9338
   -7.5000   37.5000   30.000010688.7012   13.1185
    0.0000   37.5000   30.000011155.5488   13.1060
    7.5000   37.5000   30.000010619.5186   13.1080
   -7.5000   45.0000   30.0000 9759.7812   13.0447
    0.0000   45.0000   30.000010196.3086   13.0280
    7.5000   45.0000   30.0000 9707.5605   13.0324
   -7.5000  -45.0000   37.500010085.1885   13.2306
    0.0000  -45.0000   37.500010567.2568   13.2128
    7.5000  -45.0000   37.500010131.7354   13.2201
   -7.5000  -37.5000   37.500010622.3730   13.1824
    0.0000  -37.5000   37.500011114.3105   13.1644
    7.5000  -37.5000   37.500010645.5020   13.1693
   -7.5000  -30.0000   37.500011483.3154   13.1102
    0.0000  -30.0000   37.500012008.3740   13.0957
    7.5000  -30.0000   37.500011490.1221   13.0970
   -7.5000  -22.5000   37.500012291.1504   13.0495
    0.0000  -22.5000   37.500012859.9990   13.0393
    7.5000  -22.5000   37.500012275.9453   13.0393
   -7.5000  -15.0000   37.500012995.7021   13.0079
    0.0000  -15.0000   37.500013573.2695   12.9979
    7.5000  -15.0000   37.500012969.6953   12.9997
   -7.5000   -7.5000   37.500013555.3428   12.9777
    0.0000   -7.5000   37.500014142.0293   12.9628
    7.5000   -7.5000   37.500013505.0938   12.9680
   -7.5000    0.0000   37.500013941.0566   12.9462
    0.0000    0.0000   37.500014545.4141   12.9268
    7.5000    0.0000   37.500013888.1709   12.9339
   -7.5000    7.5000   37.500013243.1973   12.9576
    0.0000    7.5000   37.500013813.3594   12.9384
    7.5000    7.5000   37.500013190.7822   12.9435
   -7.5000   15.0000   37.500012492.0771   13.0163
    0.0000   15.0000   37.500013031.4443   13.0005
    7.5000   15.0000   37.500012423.6650   13.0020
   -7.5000   22.5000   37.500011644.8154   13.1347
    0.0000   22.5000   37.500012161.6338   13.1236
    7.5000   22.5000   37.500011578.7803   13.1233
   -7.5000   30.0000   37.500010740.7422   13.1429
    0.0000   30.0000   37.500011204.3252   13.1329
    7.5000   30.0000   37.500010675.9424   13.1331
   -7.5000   37.5000   37.500010204.4893   13.3254
    0.0000   37.5000   37.500010660.2021   13.3107
    7.5000   37.5000   37.500010159.1064   13.3132
   -7.5000   45.0000   37.5000 9319.5830   13.2558
    0.0000   45.0000   37.5000 9743.6592   13.2352
    7.5000   45.0000   37.5000 9287.5088   13.2405
   -7.5000  -45.0000   45.0000 9277.5088   13.4563
    0.0000  -45.0000   45.0000 9723.2676   13.4400
    7.5000  -45.0000   45.0000 9304.4180   13.4516
   -7.5000  -37.5000   45.0000 9765.5820   13.4053
    0.0000  -37.5000   45.000010225.2236   13.3899
    7.5000  -37.5000   45.0000 9779.0742   13.4005
   -7.5000  -30.0000   45.000010546.4854   13.3330
    0.0000  -30.0000   45.000011046.7969   13.3220
    7.5000  -30.0000   45.000010559.6211   13.3299
   -7.5000  -22.5000   45.000011259.8262   13.2745
    0.0000  -22.5000   45.000011789.8584   13.2675
    7.5000  -22.5000   45.000011261.8926   13.2735
   -7.5000  -15.0000   45.000011891.6494   13.2341
    0.0000  -15.0000   45.000012423.8857   13.2266
    7.5000  -15.0000   45.000011879.9600   13.2330
   -7.5000   -7.5000   45.000012382.8945   13.2036
    0.0000   -7.5000   45.000012929.4492   13.1903
    7.5000   -7.5000   45.000012361.2441   13.1993
   -7.5000    0.0000   45.000012725.3262   13.1711
    0.0000    0.0000   45.000013288.5635   13.1530
    7.5000    0.0000   45.000012697.0859   13.1643
   -7.5000    7.5000   45.000012085.2480   13.1803
    0.0000    7.5000   45.000012613.6221   13.1635
    7.5000    7.5000   45.000012066.2568   13.1741
   -7.5000   15.0000   45.000011381.1055   13.2399
    0.0000   15.0000   45.000011880.6982   13.2275
    7.5000   15.0000   45.000011351.5098   13.2355
   -7.5000   22.5000   45.000010607.7930   13.3633
    0.0000   22.5000   45.000011092.5098   13.3555
    7.5000   22.5000   45.000010577.8271   13.3608
   -7.5000   30.0000   45.0000 9786.1465   13.3723
    0.0000   30.0000   45.000010236.5361   13.3646
    7.5000   30.0000   45.0000 9747.4336   13.3696
   -7.5000   37.5000   45.0000 9308.2979   13.5593
    0.0000   37.5000   45.0000 9742.8682   13.5454
    7.5000   37.5000   45.0000 9295.3779   13.5517
   -7.5000   45.0000   45.0000 8525.8438   13.4984
    0.0000   45.0000   45.0000 8923.1924   13.4780
    7.5000   45.0000   45.0000 8517.7393   13.4874

---------------------------------------------------------------------
imgreg_4dfp /opt/freesurfer/average/711-2C_as_mni_average_305 /opt/freesurfer/average/711-2B_as_mni_average_305_mask talsrcimg_g11 none talsrcimg_to_711-2C_as_mni_average_305_t4 4355
---------------------------------------------------------------------

freesurfer imgreg_4dfp.c
/opt/freesurfer/average/711-2C_as_mni_average_305.4dfp.img
       256       256       256         1
  1.000000  1.000000  1.000000
orientation T byte_order littleendian
Reading image: /opt/freesurfer/average/711-2C_as_mni_average_305.4dfp.img
dimensions:      256       256       256
mmppix:       1.0000   -1.0000   -1.0000
center:     128.0000 -129.0000 -129.0000
/opt/freesurfer/average/711-2B_as_mni_average_305_mask.4dfp.img
       256       256       256         1
  1.000000  1.000000  1.000000
orientation T byte_order littleendian
Reading mask: /opt/freesurfer/average/711-2B_as_mni_average_305_mask.4dfp.img (2306576 pixels)
talsrcimg_g11.4dfp.img
       256       256       256         1
  1.000000  1.000000  1.000000
orientation T byte_order littleendian
Reading image: talsrcimg_g11.4dfp.img
dimensions:      256       256       256
mmppix:       1.0000   -1.0000   -1.0000
center:     128.0000 -129.0000 -129.0000
rotation matrix determinant  1.000000
image alignment mode   4355 decimal     1103 hex
   -7.5000  -45.0000  -45.0000 2291.8823   13.9858
    0.0000  -45.0000  -45.0000 2293.2217   13.9835
    7.5000  -45.0000  -45.0000 2269.9343   14.0953
   -7.5000  -37.5000  -45.0000 2344.6277   13.2185
    0.0000  -37.5000  -45.0000 2350.2327   13.2040
    7.5000  -37.5000  -45.0000 2325.8179   13.3131
   -7.5000  -30.0000  -45.0000 2382.3655   12.5788
    0.0000  -30.0000  -45.0000 2389.4526   12.5799
    7.5000  -30.0000  -45.0000 2369.9243   12.6803
   -7.5000  -22.5000  -45.0000 2407.9150   12.0813
    0.0000  -22.5000  -45.0000 2416.9629   12.0715
    7.5000  -22.5000  -45.0000 2396.4272   12.1870
   -7.5000  -15.0000  -45.0000 2425.0574   11.7245
    0.0000  -15.0000  -45.0000 2439.0176   11.6740
    7.5000  -15.0000  -45.0000 2418.4260   11.8079
   -7.5000   -7.5000  -45.0000 2443.2974   11.4964
    0.0000   -7.5000  -45.0000 2457.4099   11.4251
    7.5000   -7.5000  -45.0000 2436.5886   11.5726
   -7.5000    0.0000  -45.0000 2451.8867   11.4840
    0.0000    0.0000  -45.0000 2464.9597   11.3930
    7.5000    0.0000  -45.0000 2439.9385   11.5408
   -7.5000    7.5000  -45.0000 2435.9111   11.6805
    0.0000    7.5000  -45.0000 2452.3923   11.5839
    7.5000    7.5000  -45.0000 2430.9639   11.7307
   -7.5000   15.0000  -45.0000 2401.4460   12.0822
    0.0000   15.0000  -45.0000 2423.6204   11.9866
    7.5000   15.0000  -45.0000 2397.5408   12.1219
   -7.5000   22.5000  -45.0000 2351.0503   12.6621
    0.0000   22.5000  -45.0000 2369.6274   12.5507
    7.5000   22.5000  -45.0000 2348.0815   12.6906
   -7.5000   30.0000  -45.0000 2283.4312   13.4950
    0.0000   30.0000  -45.0000 2298.7805   13.3821
    7.5000   30.0000  -45.0000 2279.4246   13.5020
   -7.5000   37.5000  -45.0000 2199.1272   14.6710
    0.0000   37.5000  -45.0000 2210.6296   14.5694
    7.5000   37.5000  -45.0000 2194.8447   14.6823
   -7.5000   45.0000  -45.0000 2098.9521   16.2360
    0.0000   45.0000  -45.0000 2114.6584   16.0901
    7.5000   45.0000  -45.0000 2098.2170   16.2041
   -7.5000  -45.0000  -37.5000 2378.2292   12.9970
    0.0000  -45.0000  -37.5000 2381.3616   13.0049
    7.5000  -45.0000  -37.5000 2359.0042   13.1092
   -7.5000  -37.5000  -37.5000 2434.8806   12.2824
    0.0000  -37.5000  -37.5000 2438.5967   12.2680
    7.5000  -37.5000  -37.5000 2414.6404   12.3771
   -7.5000  -30.0000  -37.5000 2471.2341   11.7015
    0.0000  -30.0000  -37.5000 2476.9006   11.6773
    7.5000  -30.0000  -37.5000 2456.1653   11.7821
   -7.5000  -22.5000  -37.5000 2498.5637   11.2468
    0.0000  -22.5000  -37.5000 2507.1484   11.2329
    7.5000  -22.5000  -37.5000 2486.0889   11.3246
   -7.5000  -15.0000  -37.5000 2518.2935   10.9327
    0.0000  -15.0000  -37.5000 2531.7322   10.8766
    7.5000  -15.0000  -37.5000 2509.5540   10.9859
   -7.5000   -7.5000  -37.5000 2533.7844   10.7312
    0.0000   -7.5000  -37.5000 2552.8506   10.6588
    7.5000   -7.5000  -37.5000 2526.1765   10.7795
   -7.5000    0.0000  -37.5000 2544.4163   10.7148
    0.0000    0.0000  -37.5000 2557.9211   10.6124
    7.5000    0.0000  -37.5000 2531.3413   10.7572
   -7.5000    7.5000  -37.5000 2528.7004   10.8867
    0.0000    7.5000  -37.5000 2547.2681   10.7723
    7.5000    7.5000  -37.5000 2524.6106   10.9151
   -7.5000   15.0000  -37.5000 2495.3135   11.2223
    0.0000   15.0000  -37.5000 2516.0786   11.1197
    7.5000   15.0000  -37.5000 2491.6653   11.2535
   -7.5000   22.5000  -37.5000 2440.0640   11.7603
    0.0000   22.5000  -37.5000 2462.2632   11.6532
    7.5000   22.5000  -37.5000 2440.2322   11.7842
   -7.5000   30.0000  -37.5000 2367.3228   12.5317
    0.0000   30.0000  -37.5000 2384.9106   12.4215
    7.5000   30.0000  -37.5000 2368.5925   12.5382
   -7.5000   37.5000  -37.5000 2275.0291   13.6371
    0.0000   37.5000  -37.5000 2289.6128   13.5070
    7.5000   37.5000  -37.5000 2273.5981   13.6393
   -7.5000   45.0000  -37.5000 2166.0393   15.0719
    0.0000   45.0000  -37.5000 2184.8843   14.9528
    7.5000   45.0000  -37.5000 2167.2891   15.0788
   -7.5000  -45.0000  -30.0000 2513.7922   12.5329
    0.0000  -45.0000  -30.0000 2516.5334   12.5455
    7.5000  -45.0000  -30.0000 2491.2793   12.6391
   -7.5000  -37.5000  -30.0000 2565.7168   11.8112
    0.0000  -37.5000  -30.0000 2571.0986   11.7821
    7.5000  -37.5000  -30.0000 2545.4727   11.9100
   -7.5000  -30.0000  -30.0000 2602.3958   11.2624
    0.0000  -30.0000  -30.0000 2610.6792   11.2074
    7.5000  -30.0000  -30.0000 2584.8984   11.3195
   -7.5000  -22.5000  -30.0000 2637.6733   10.8313
    0.0000  -22.5000  -30.0000 2645.7588   10.7687
    7.5000  -22.5000  -30.0000 2625.8135   10.8643
   -7.5000  -15.0000  -30.0000 2660.0522   10.5272
    0.0000  -15.0000  -30.0000 2671.2361   10.4510
    7.5000  -15.0000  -30.0000 2651.5996   10.5527
   -7.5000   -7.5000  -30.0000 2677.8472   10.3479
    0.0000   -7.5000  -30.0000 2696.7410   10.2587
    7.5000   -7.5000  -30.0000 2672.4028   10.3620
   -7.5000    0.0000  -30.0000 2688.5808   10.3265
    0.0000    0.0000  -30.0000 2707.3796   10.2305
    7.5000    0.0000  -30.0000 2679.1362   10.3505
   -7.5000    7.5000  -30.0000 2678.5586   10.4831
    0.0000    7.5000  -30.0000 2699.3982   10.3917
    7.5000    7.5000  -30.0000 2670.3643   10.5159
   -7.5000   15.0000  -30.0000 2642.7371   10.8125
    0.0000   15.0000  -30.0000 2665.7908   10.6968
    7.5000   15.0000  -30.0000 2637.2939   10.8248
   -7.5000   22.5000  -30.0000 2583.2554   11.3192
    0.0000   22.5000  -30.0000 2608.4734   11.2080
    7.5000   22.5000  -30.0000 2583.5212   11.3342
   -7.5000   30.0000  -30.0000 2501.6094   12.0657
    0.0000   30.0000  -30.0000 2526.2827   11.9425
    7.5000   30.0000  -30.0000 2505.7234   12.0670
   -7.5000   37.5000  -30.0000 2398.1160   13.1269
    0.0000   37.5000  -30.0000 2418.2822   12.9786
    7.5000   37.5000  -30.0000 2400.3477   13.1286
   -7.5000   45.0000  -30.0000 2282.4556   14.5182
    0.0000   45.0000  -30.0000 2299.5215   14.3903
    7.5000   45.0000  -30.0000 2283.1665   14.5282
   -7.5000  -45.0000  -22.5000 2610.2966   12.0604
    0.0000  -45.0000  -22.5000 2618.3879   12.0312
    7.5000  -45.0000  -22.5000 2589.0510   12.1301
   -7.5000  -37.5000  -22.5000 2660.0452   11.3238
    0.0000  -37.5000  -22.5000 2668.2825   11.2851
    7.5000  -37.5000  -22.5000 2646.4797   11.3994
   -7.5000  -30.0000  -22.5000 2701.7046   10.7609
    0.0000  -30.0000  -22.5000 2710.8982   10.6942
    7.5000  -30.0000  -22.5000 2689.6045   10.8072
   -7.5000  -22.5000  -22.5000 2741.8135   10.3406
    0.0000  -22.5000  -22.5000 2751.7161   10.2776
    7.5000  -22.5000  -22.5000 2734.1392   10.3771
   -7.5000  -15.0000  -22.5000 2764.7554   10.0549
    0.0000  -15.0000  -22.5000 2778.4131    9.9832
    7.5000  -15.0000  -22.5000 2762.8840   10.0779
   -7.5000   -7.5000  -22.5000 2792.0806    9.8848
    0.0000   -7.5000  -22.5000 2815.7175    9.7957
    7.5000   -7.5000  -22.5000 2786.9551    9.8937
   -7.5000    0.0000  -22.5000 2807.1443    9.8605
    0.0000    0.0000  -22.5000 2830.8772    9.7705
    7.5000    0.0000  -22.5000 2799.0386    9.8702
   -7.5000    7.5000  -22.5000 2800.7920   10.0283
    0.0000    7.5000  -22.5000 2826.5757    9.9368
    7.5000    7.5000  -22.5000 2795.5447   10.0383
   -7.5000   15.0000  -22.5000 2761.5942   10.3496
    0.0000   15.0000  -22.5000 2788.8411   10.2319
    7.5000   15.0000  -22.5000 2760.0308   10.3500
   -7.5000   22.5000  -22.5000 2695.6067   10.8388
    0.0000   22.5000  -22.5000 2725.2419   10.7056
    7.5000   22.5000  -22.5000 2697.4033   10.8482
   -7.5000   30.0000  -22.5000 2605.3718   11.5473
    0.0000   30.0000  -22.5000 2630.6609   11.4252
    7.5000   30.0000  -22.5000 2608.5190   11.5655
   -7.5000   37.5000  -22.5000 2495.0664   12.5877
    0.0000   37.5000  -22.5000 2516.9446   12.4554
    7.5000   37.5000  -22.5000 2497.8701   12.5999
   -7.5000   45.0000  -22.5000 2367.9927   13.9453
    0.0000   45.0000  -22.5000 2389.3569   13.8024
    7.5000   45.0000  -22.5000 2371.1172   13.9436
   -7.5000  -45.0000  -15.0000 2664.9509   11.6565
    0.0000  -45.0000  -15.0000 2677.0601   11.5904
    7.5000  -45.0000  -15.0000 2651.1243   11.7051
   -7.5000  -37.5000  -15.0000 2717.7400   10.9099
    0.0000  -37.5000  -15.0000 2725.8831   10.8360
    7.5000  -37.5000  -15.0000 2704.6216   10.9644
   -7.5000  -30.0000  -15.0000 2763.4871   10.3374
    0.0000  -30.0000  -15.0000 2772.3674   10.2503
    7.5000  -30.0000  -15.0000 2752.7488   10.3722
   -7.5000  -22.5000  -15.0000 2806.0210    9.8988
    0.0000  -22.5000  -15.0000 2819.6672    9.8290
    7.5000  -22.5000  -15.0000 2800.5452    9.9320
   -7.5000  -15.0000  -15.0000 2839.6765    9.6085
    0.0000  -15.0000  -15.0000 2858.7678    9.5245
    7.5000  -15.0000  -15.0000 2838.0359    9.6360
   -7.5000   -7.5000  -15.0000 2870.6621    9.4589
    0.0000   -7.5000  -15.0000 2898.9944    9.3686
    7.5000   -7.5000  -15.0000 2865.8699    9.4740
   -7.5000    0.0000  -15.0000 2892.0630    9.4353
    0.0000    0.0000  -15.0000 2927.1946    9.3287
    7.5000    0.0000  -15.0000 2885.8015    9.4503
   -7.5000    7.5000  -15.0000 2888.8757    9.6056
    0.0000    7.5000  -15.0000 2920.9399    9.4812
    7.5000    7.5000  -15.0000 2884.1174    9.6062
   -7.5000   15.0000  -15.0000 2843.5771    9.9107
    0.0000   15.0000  -15.0000 2877.1162    9.7823
    7.5000   15.0000  -15.0000 2847.8091    9.9020
   -7.5000   22.5000  -15.0000 2769.5620   10.3967
    0.0000   22.5000  -15.0000 2801.8394   10.2589
    7.5000   22.5000  -15.0000 2773.4678   10.3903
   -7.5000   30.0000  -15.0000 2669.9382   11.1105
    0.0000   30.0000  -15.0000 2699.1843   10.9657
    7.5000   30.0000  -15.0000 2674.1206   11.1119
   -7.5000   37.5000  -15.0000 2551.5032   12.1373
    0.0000   37.5000  -15.0000 2579.2832   11.9887
    7.5000   37.5000  -15.0000 2554.7920   12.1570
   -7.5000   45.0000  -15.0000 2419.1448   13.4675
    0.0000   45.0000  -15.0000 2444.9485   13.3114
    7.5000   45.0000  -15.0000 2419.4807   13.4741
   -7.5000  -45.0000   -7.5000 2691.4858   11.3442
    0.0000  -45.0000   -7.5000 2704.1177   11.2852
    7.5000  -45.0000   -7.5000 2678.4370   11.4381
   -7.5000  -37.5000   -7.5000 2745.0259   10.6038
    0.0000  -37.5000   -7.5000 2755.3164   10.5247
    7.5000  -37.5000   -7.5000 2736.4746   10.6715
   -7.5000  -30.0000   -7.5000 2791.4607   10.0264
    0.0000  -30.0000   -7.5000 2801.9915    9.9238
    7.5000  -30.0000   -7.5000 2783.9250   10.0643
   -7.5000  -22.5000   -7.5000 2838.8391    9.5696
    0.0000  -22.5000   -7.5000 2858.0630    9.4726
    7.5000  -22.5000   -7.5000 2832.2510    9.6100
   -7.5000  -15.0000   -7.5000 2884.6616    9.2537
    0.0000  -15.0000   -7.5000 2911.1287    9.1499
    7.5000  -15.0000   -7.5000 2879.1545    9.2906
   -7.5000   -7.5000   -7.5000 2925.1089    9.1173
    0.0000   -7.5000   -7.5000 2961.4746    9.0079
    7.5000   -7.5000   -7.5000 2922.5730    9.1320
   -7.5000    0.0000   -7.5000 2952.2229    9.0942
    0.0000    0.0000   -7.5000 2998.5520    8.9666
    7.5000    0.0000   -7.5000 2948.7795    9.1177
   -7.5000    7.5000   -7.5000 2942.2488    9.2420
    0.0000    7.5000   -7.5000 2988.4614    9.0962
    7.5000    7.5000   -7.5000 2940.8867    9.2528
   -7.5000   15.0000   -7.5000 2893.1655    9.5362
    0.0000   15.0000   -7.5000 2935.0188    9.3933
    7.5000   15.0000   -7.5000 2898.5581    9.5445
   -7.5000   22.5000   -7.5000 2817.3623   10.0323
    0.0000   22.5000   -7.5000 2854.0813    9.8791
    7.5000   22.5000   -7.5000 2821.7275   10.0150
   -7.5000   30.0000   -7.5000 2707.6597   10.7596
    0.0000   30.0000   -7.5000 2736.4883   10.6070
    7.5000   30.0000   -7.5000 2710.2656   10.7564
   -7.5000   37.5000   -7.5000 2582.7671   11.7964
    0.0000   37.5000   -7.5000 2609.2319   11.6444
    7.5000   37.5000   -7.5000 2584.2771   11.8036
   -7.5000   45.0000   -7.5000 2442.5496   13.1225
    0.0000   45.0000   -7.5000 2469.6206   12.9785
    7.5000   45.0000   -7.5000 2445.7407   13.1234
   -7.5000  -45.0000    0.0000 2693.4556   11.1723
    0.0000  -45.0000    0.0000 2705.6741   11.1087
    7.5000  -45.0000    0.0000 2683.2517   11.2834
   -7.5000  -37.5000    0.0000 2748.1150   10.4129
    0.0000  -37.5000    0.0000 2757.3328   10.3351
    7.5000  -37.5000    0.0000 2739.8479   10.5018
   -7.5000  -30.0000    0.0000 2796.2563    9.8273
    0.0000  -30.0000    0.0000 2808.9065    9.7321
    7.5000  -30.0000    0.0000 2789.4622    9.8876
   -7.5000  -22.5000    0.0000 2849.9014    9.3720
    0.0000  -22.5000    0.0000 2870.6482    9.2691
    7.5000  -22.5000    0.0000 2844.2185    9.4229
   -7.5000  -15.0000    0.0000 2905.0762    9.0656
    0.0000  -15.0000    0.0000 2932.5527    8.9438
    7.5000  -15.0000    0.0000 2899.9573    9.1050
   -7.5000   -7.5000    0.0000 2953.0823    8.9322
    0.0000   -7.5000    0.0000 2992.3489    8.8155
    7.5000   -7.5000    0.0000 2953.8098    8.9547
   -7.5000    0.0000    0.0000 2982.1772    8.9324
    0.0000    0.0000    0.0000 3035.1926    8.8085
    7.5000    0.0000    0.0000 2983.7876    8.9491
   -7.5000    7.5000    0.0000 2974.3870    9.0499
    0.0000    7.5000    0.0000 3026.4500    8.9194
    7.5000    7.5000    0.0000 2975.5198    9.0733
   -7.5000   15.0000    0.0000 2918.9790    9.3373
    0.0000   15.0000    0.0000 2964.5273    9.2027
    7.5000   15.0000    0.0000 2923.9170    9.3511
   -7.5000   22.5000    0.0000 2837.1365    9.8371
    0.0000   22.5000    0.0000 2874.1033    9.7086
    7.5000   22.5000    0.0000 2842.6235    9.8343
   -7.5000   30.0000    0.0000 2720.4631   10.5897
    0.0000   30.0000    0.0000 2745.7737   10.4600
    7.5000   30.0000    0.0000 2723.5320   10.5771
   -7.5000   37.5000    0.0000 2588.8687   11.6192
    0.0000   37.5000    0.0000 2612.6277   11.4797
    7.5000   37.5000    0.0000 2594.6643   11.6082
   -7.5000   45.0000    0.0000 2444.8071   12.9225
    0.0000   45.0000    0.0000 2469.5618   12.7923
    7.5000   45.0000    0.0000 2454.8621   12.9279
   -7.5000  -45.0000    7.5000 2687.9927   11.1286
    0.0000  -45.0000    7.5000 2698.9158   11.0459
    7.5000  -45.0000    7.5000 2676.4963   11.2695
   -7.5000  -37.5000    7.5000 2740.6013   10.3639
    0.0000  -37.5000    7.5000 2748.8804   10.2589
    7.5000  -37.5000    7.5000 2731.7634   10.4677
   -7.5000  -30.0000    7.5000 2789.8318    9.7649
    0.0000  -30.0000    7.5000 2806.2178    9.6517
    7.5000  -30.0000    7.5000 2787.9700    9.8527
   -7.5000  -22.5000    7.5000 2845.4065    9.3336
    0.0000  -22.5000    7.5000 2870.0571    9.2008
    7.5000  -22.5000    7.5000 2844.7271    9.3938
   -7.5000  -15.0000    7.5000 2903.8306    9.0453
    0.0000  -15.0000    7.5000 2933.2300    8.9064
    7.5000  -15.0000    7.5000 2902.6172    9.0793
   -7.5000   -7.5000    7.5000 2957.7510    8.9247
    0.0000   -7.5000    7.5000 2997.4553    8.8030
    7.5000   -7.5000    7.5000 2955.8191    8.9241
   -7.5000    0.0000    7.5000 2987.8633    8.9010
    0.0000    0.0000    7.5000 3039.2268    8.7573
    7.5000    0.0000    7.5000 2988.2996    8.8982
   -7.5000    7.5000    7.5000 2971.9194    9.0344
    0.0000    7.5000    7.5000 3021.8311    8.8994
    7.5000    7.5000    7.5000 2977.8542    9.0328
   -7.5000   15.0000    7.5000 2912.6138    9.3437
    0.0000   15.0000    7.5000 2953.4026    9.2386
    7.5000   15.0000    7.5000 2921.3015    9.3539
   -7.5000   22.5000    7.5000 2828.0388    9.8520
    0.0000   22.5000    7.5000 2857.8071    9.7586
    7.5000   22.5000    7.5000 2835.2805    9.8700
   -7.5000   30.0000    7.5000 2712.5459   10.6025
    0.0000   30.0000    7.5000 2734.0110   10.4797
    7.5000   30.0000    7.5000 2719.4990   10.5870
   -7.5000   37.5000    7.5000 2582.0137   11.6024
    0.0000   37.5000    7.5000 2602.8098   11.4608
    7.5000   37.5000    7.5000 2589.2869   11.5809
   -7.5000   45.0000    7.5000 2437.1565   12.8956
    0.0000   45.0000    7.5000 2455.5378   12.7389
    7.5000   45.0000    7.5000 2446.4043   12.8810
   -7.5000  -45.0000   15.0000 2669.0923   11.2414
    0.0000  -45.0000   15.0000 2681.8379   11.1181
    7.5000  -45.0000   15.0000 2658.9443   11.3883
   -7.5000  -37.5000   15.0000 2719.4268   10.4762
    0.0000  -37.5000   15.0000 2732.4150   10.3443
    7.5000  -37.5000   15.0000 2711.5491   10.5875
   -7.5000  -30.0000   15.0000 2767.8052    9.9004
    0.0000  -30.0000   15.0000 2783.8342    9.7602
    7.5000  -30.0000   15.0000 2764.9360    9.9718
   -7.5000  -22.5000   15.0000 2824.9807    9.4832
    0.0000  -22.5000   15.0000 2848.8416    9.3303
    7.5000  -22.5000   15.0000 2826.3438    9.5214
   -7.5000  -15.0000   15.0000 2880.2327    9.2183
    0.0000  -15.0000   15.0000 2910.2109    9.0558
    7.5000  -15.0000   15.0000 2884.3679    9.2270
   -7.5000   -7.5000   15.0000 2932.2610    9.1012
    0.0000   -7.5000   15.0000 2970.3596    8.9434
    7.5000   -7.5000   15.0000 2934.8367    9.0866
   -7.5000    0.0000   15.0000 2958.2754    9.0671
    0.0000    0.0000   15.0000 3000.7192    8.8927
    7.5000    0.0000   15.0000 2961.2786    9.0535
   -7.5000    7.5000   15.0000 2940.6509    9.2262
    0.0000    7.5000   15.0000 2980.5044    9.0689
    7.5000    7.5000   15.0000 2948.7849    9.2155
   -7.5000   15.0000   15.0000 2876.8728    9.5668
    0.0000   15.0000   15.0000 2915.1528    9.4328
    7.5000   15.0000   15.0000 2889.5271    9.5713
   -7.5000   22.5000   15.0000 2788.1411   10.0983
    0.0000   22.5000   15.0000 2815.8179    9.9746
    7.5000   22.5000   15.0000 2798.3176   10.1114
   -7.5000   30.0000   15.0000 2674.4497   10.8382
    0.0000   30.0000   15.0000 2696.6365   10.7025
    7.5000   30.0000   15.0000 2684.1172   10.8282
   -7.5000   37.5000   15.0000 2550.4644   11.8088
    0.0000   37.5000   15.0000 2568.1731   11.6920
    7.5000   37.5000   15.0000 2557.7812   11.8001
   -7.5000   45.0000   15.0000 2409.3936   13.0503
    0.0000   45.0000   15.0000 2428.4705   12.9186
    7.5000   45.0000   15.0000 2418.1892   13.0412
   -7.5000  -45.0000   22.5000 2636.5630   11.5281
    0.0000  -45.0000   22.5000 2650.7844   11.3799
    7.5000  -45.0000   22.5000 2627.5981   11.6485
   -7.5000  -37.5000   22.5000 2683.3635   10.7757
    0.0000  -37.5000   22.5000 2698.7400   10.6107
    7.5000  -37.5000   22.5000 2677.5635   10.8446
   -7.5000  -30.0000   22.5000 2729.4131   10.1904
    0.0000  -30.0000   22.5000 2748.0364   10.0178
    7.5000  -30.0000   22.5000 2731.4238   10.2254
   -7.5000  -22.5000   22.5000 2783.4539    9.7738
    0.0000  -22.5000   22.5000 2807.9282    9.5975
    7.5000  -22.5000   22.5000 2791.5298    9.7955
   -7.5000  -15.0000   22.5000 2841.7512    9.5325
    0.0000  -15.0000   22.5000 2868.5330    9.3709
    7.5000  -15.0000   22.5000 2851.2009    9.5339
   -7.5000   -7.5000   22.5000 2884.7092    9.4350
    0.0000   -7.5000   22.5000 2918.7852    9.2782
    7.5000   -7.5000   22.5000 2895.2395    9.4147
   -7.5000    0.0000   22.5000 2900.9521    9.4382
    0.0000    0.0000   22.5000 2936.9104    9.2852
    7.5000    0.0000   22.5000 2909.7278    9.4349
   -7.5000    7.5000   22.5000 2877.4270    9.6246
    0.0000    7.5000   22.5000 2910.7708    9.4955
    7.5000    7.5000   22.5000 2886.8196    9.6238
   -7.5000   15.0000   22.5000 2821.8103    9.9845
    0.0000   15.0000   22.5000 2850.8560    9.8635
    7.5000   15.0000   22.5000 2830.2593    9.9769
   -7.5000   22.5000   22.5000 2736.1597   10.5013
    0.0000   22.5000   22.5000 2763.3853   10.3693
    7.5000   22.5000   22.5000 2747.4941   10.4823
   -7.5000   30.0000   22.5000 2623.9358   11.2125
    0.0000   30.0000   22.5000 2643.9956   11.0722
    7.5000   30.0000   22.5000 2633.4536   11.1857
   -7.5000   37.5000   22.5000 2503.6130   12.1626
    0.0000   37.5000   22.5000 2522.5261   12.0238
    7.5000   37.5000   22.5000 2510.7952   12.1484
   -7.5000   45.0000   22.5000 2364.0310   13.3959
    0.0000   45.0000   22.5000 2383.6782   13.2593
    7.5000   45.0000   22.5000 2375.1396   13.3805
   -7.5000  -45.0000   30.0000 2593.8533   11.9586
    0.0000  -45.0000   30.0000 2605.0010   11.7940
    7.5000  -45.0000   30.0000 2583.6023   12.0634
   -7.5000  -37.5000   30.0000 2637.4705   11.1883
    0.0000  -37.5000   30.0000 2655.5674   11.0154
    7.5000  -37.5000   30.0000 2635.0652   11.2672
   -7.5000  -30.0000   30.0000 2678.6606   10.6195
    0.0000  -30.0000   30.0000 2701.6348   10.4272
    7.5000  -30.0000   30.0000 2682.0396   10.6439
   -7.5000  -22.5000   30.0000 2730.0676   10.2333
    0.0000  -22.5000   30.0000 2755.7964   10.0554
    7.5000  -22.5000   30.0000 2737.5698   10.2272
   -7.5000  -15.0000   30.0000 2779.5239   10.0036
    0.0000  -15.0000   30.0000 2807.2371    9.8404
    7.5000  -15.0000   30.0000 2791.5234    9.9951
   -7.5000   -7.5000   30.0000 2811.9719    9.9149
    0.0000   -7.5000   30.0000 2843.5811    9.7621
    7.5000   -7.5000   30.0000 2826.9475    9.9040
   -7.5000    0.0000   30.0000 2817.7139    9.9757
    0.0000    0.0000   30.0000 2844.7129    9.8326
    7.5000    0.0000   30.0000 2831.4602    9.9703
   -7.5000    7.5000   30.0000 2790.7495   10.2092
    0.0000    7.5000   30.0000 2817.6455   10.0719
    7.5000    7.5000   30.0000 2801.1631   10.1876
   -7.5000   15.0000   30.0000 2742.1038   10.5563
    0.0000   15.0000   30.0000 2768.7971   10.4296
    7.5000   15.0000   30.0000 2749.5771   10.5203
   -7.5000   22.5000   30.0000 2664.1377   11.0651
    0.0000   22.5000   30.0000 2690.1406   10.9307
    7.5000   22.5000   30.0000 2673.5757   11.0217
   -7.5000   30.0000   30.0000 2561.4993   11.7523
    0.0000   30.0000   30.0000 2581.0093   11.6152
    7.5000   30.0000   30.0000 2568.2053   11.7027
   -7.5000   37.5000   30.0000 2445.3555   12.6790
    0.0000   37.5000   30.0000 2465.0679   12.5473
    7.5000   37.5000   30.0000 2453.7407   12.6418
   -7.5000   45.0000   30.0000 2308.1013   13.8996
    0.0000   45.0000   30.0000 2329.8088   13.7774
    7.5000   45.0000   30.0000 2320.8733   13.8748
   -7.5000  -45.0000   37.5000 2539.3298   12.4942
    0.0000  -45.0000   37.5000 2560.2234   12.3189
    7.5000  -45.0000   37.5000 2540.8914   12.5836
   -7.5000  -37.5000   37.5000 2588.9734   11.7467
    0.0000  -37.5000   37.5000 2611.6716   11.5609
    7.5000  -37.5000   37.5000 2589.1223   11.7844
   -7.5000  -30.0000   37.5000 2628.0750   11.1869
    0.0000  -30.0000   37.5000 2653.8115   10.9984
    7.5000  -30.0000   37.5000 2633.4695   11.1962
   -7.5000  -22.5000   37.5000 2670.4275   10.8106
    0.0000  -22.5000   37.5000 2699.7766   10.6498
    7.5000  -22.5000   37.5000 2675.9680   10.8098
   -7.5000  -15.0000   37.5000 2704.9358   10.6063
    0.0000  -15.0000   37.5000 2737.0349   10.4530
    7.5000  -15.0000   37.5000 2719.4658   10.6004
   -7.5000   -7.5000   37.5000 2724.5933   10.5493
    0.0000   -7.5000   37.5000 2755.1594   10.4180
    7.5000   -7.5000   37.5000 2741.0710   10.5386
   -7.5000    0.0000   37.5000 2718.8259   10.6476
    0.0000    0.0000   37.5000 2746.3494   10.5286
    7.5000    0.0000   37.5000 2735.5498   10.6446
   -7.5000    7.5000   37.5000 2688.3918   10.9009
    0.0000    7.5000   37.5000 2716.9526   10.7731
    7.5000    7.5000   37.5000 2705.9336   10.8817
   -7.5000   15.0000   37.5000 2642.9211   11.2545
    0.0000   15.0000   37.5000 2668.6492   11.1181
    7.5000   15.0000   37.5000 2655.5330   11.2024
   -7.5000   22.5000   37.5000 2578.9241   11.7468
    0.0000   22.5000   37.5000 2601.9375   11.6105
    7.5000   22.5000   37.5000 2588.1357   11.7008
   -7.5000   30.0000   37.5000 2490.6238   12.4202
    0.0000   30.0000   37.5000 2508.3916   12.2844
    7.5000   30.0000   37.5000 2495.5237   12.3590
   -7.5000   37.5000   37.5000 2382.2444   13.3315
    0.0000   37.5000   37.5000 2397.6814   13.2081
    7.5000   37.5000   37.5000 2386.9573   13.2796
   -7.5000   45.0000   37.5000 2245.8989   14.5666
    0.0000   45.0000   37.5000 2265.7061   14.4560
    7.5000   45.0000   37.5000 2258.8433   14.5246
   -7.5000  -45.0000   45.0000 2483.0627   13.1737
    0.0000  -45.0000   45.0000 2508.2996   12.9968
    7.5000  -45.0000   45.0000 2481.5928   13.2491
   -7.5000  -37.5000   45.0000 2532.1292   12.4354
    0.0000  -37.5000   45.0000 2557.0718   12.2738
    7.5000  -37.5000   45.0000 2531.3049   12.4795
   -7.5000  -30.0000   45.0000 2568.6816   11.8932
    0.0000  -30.0000   45.0000 2596.8140   11.7360
    7.5000  -30.0000   45.0000 2572.8818   11.9062
   -7.5000  -22.5000   45.0000 2598.2468   11.5369
    0.0000  -22.5000   45.0000 2627.4375   11.4018
    7.5000  -22.5000   45.0000 2607.0862   11.5485
   -7.5000  -15.0000   45.0000 2623.3523   11.3584
    0.0000  -15.0000   45.0000 2651.0952   11.2314
    7.5000  -15.0000   45.0000 2636.8628   11.3619
   -7.5000   -7.5000   45.0000 2631.4475   11.3382
    0.0000   -7.5000   45.0000 2658.2688   11.2215
    7.5000   -7.5000   45.0000 2645.5464   11.3356
   -7.5000    0.0000   45.0000 2620.2424   11.4660
    0.0000    0.0000   45.0000 2645.1401   11.3534
    7.5000    0.0000   45.0000 2635.2087   11.4590
   -7.5000    7.5000   45.0000 2587.7371   11.7245
    0.0000    7.5000   45.0000 2615.3682   11.5970
    7.5000    7.5000   45.0000 2608.1033   11.7066
   -7.5000   15.0000   45.0000 2543.0952   12.0911
    0.0000   15.0000   45.0000 2567.9175   11.9693
    7.5000   15.0000   45.0000 2558.4246   12.0578
   -7.5000   22.5000   45.0000 2485.8328   12.5484
    0.0000   22.5000   45.0000 2510.7483   12.4282
    7.5000   22.5000   45.0000 2499.6848   12.4897
   -7.5000   30.0000   45.0000 2410.7417   13.2187
    0.0000   30.0000   45.0000 2429.4756   13.0720
    7.5000   30.0000   45.0000 2416.7517   13.1203
   -7.5000   37.5000   45.0000 2308.1855   14.1251
    0.0000   37.5000   45.0000 2325.3352   13.9892
    7.5000   37.5000   45.0000 2316.3733   14.0381
   -7.5000   45.0000   45.0000 2181.8147   15.4000
    0.0000   45.0000   45.0000 2203.3679   15.2792
    7.5000   45.0000   45.0000 2195.8081   15.3221

---------------------------------------------------------------------
imgreg_4dfp /opt/freesurfer/average/711-2C_as_mni_average_305 /opt/freesurfer/average/711-2B_as_mni_average_305_mask talsrcimg_g11 none talsrcimg_to_711-2C_as_mni_average_305_t4 1283
---------------------------------------------------------------------

freesurfer imgreg_4dfp.c
/opt/freesurfer/average/711-2C_as_mni_average_305.4dfp.img
       256       256       256         1
  1.000000  1.000000  1.000000
orientation T byte_order littleendian
Reading image: /opt/freesurfer/average/711-2C_as_mni_average_305.4dfp.img
dimensions:      256       256       256
mmppix:       1.0000   -1.0000   -1.0000
center:     128.0000 -129.0000 -129.0000
/opt/freesurfer/average/711-2B_as_mni_average_305_mask.4dfp.img
       256       256       256         1
  1.000000  1.000000  1.000000
orientation T byte_order littleendian
Reading mask: /opt/freesurfer/average/711-2B_as_mni_average_305_mask.4dfp.img (2306576 pixels)
talsrcimg_g11.4dfp.img
       256       256       256         1
  1.000000  1.000000  1.000000
orientation T byte_order littleendian
Reading image: talsrcimg_g11.4dfp.img
dimensions:      256       256       256
mmppix:       1.0000   -1.0000   -1.0000
center:     128.0000 -129.0000 -129.0000
rotation matrix determinant  1.000000
fimgreg.f
image alignment mode   1283 decimal      503 hex
parameters
    0.0000    0.0000    7.5000    0.0000    0.0000    0.0000
eta,q 0.95192  8.78704
niter,ni,del,rscale     5    3   12.0000    1.2000
parameter  4 -6.616439 ->  0.500000 qaram    1.1500
parameters
   -0.1980    1.5138    4.5721   -3.4500   -0.7382   -2.6614
eta,q 0.96034  8.70775
  0.0602  0.0573  0.0477  0.0385  0.0456  0.0417
  0.0542  0.0533  0.0463  0.0403  0.0435  0.0402
  0.0497  0.0503  0.0463  0.0429  0.0413  0.0396
  0.0484  0.0482  0.0474  0.0461  0.0409  0.0408
  0.0509  0.0476  0.0501  0.0493  0.0425  0.0431
  0.0555  0.0488  0.0543  0.0512  0.0452  0.0456
  0.0614  0.0515  0.0590  0.0527  0.0486  0.0483
niter,ni,del,rscale     5    3   12.0000    1.2000
parameter  4  1.749816 ->  0.500000 qaram    1.3225
parameters
   -0.3863    2.4493    4.1931   -7.4175   -0.9989   -3.2779
eta,q 0.96492  8.70804
  0.0539  0.0501  0.0442  0.0339  0.0415  0.0390
  0.0463  0.0462  0.0420  0.0348  0.0382  0.0369
  0.0412  0.0425  0.0401  0.0366  0.0361  0.0354
  0.0397  0.0396  0.0392  0.0393  0.0352  0.0352
  0.0428  0.0394  0.0395  0.0428  0.0365  0.0363
  0.0483  0.0417  0.0422  0.0470  0.0393  0.0382
  0.0548  0.0461  0.0468  0.0496  0.0424  0.0409
niter,ni,del,rscale     5    3   12.0000    1.2000
parameter  4  0.960569 ->  0.500000 qaram    1.5209
parameters
   -0.5031    3.6531    3.7395  -11.9801   -0.3006   -4.0647
eta,q 0.96921  8.74453
  0.0512  0.0468  0.0401  0.0311  0.0393  0.0350
  0.0424  0.0414  0.0366  0.0306  0.0353  0.0326
  0.0368  0.0378  0.0347  0.0321  0.0323  0.0310
  0.0351  0.0351  0.0344  0.0344  0.0309  0.0309
  0.0377  0.0346  0.0351  0.0377  0.0313  0.0320
  0.0439  0.0368  0.0378  0.0416  0.0330  0.0346
  0.0519  0.0404  0.0424  0.0458  0.0362  0.0379
niter,ni,del,rscale     5    3   12.0000    1.2000
parameters
   -0.6045    4.7999    2.5068  -14.2271   -0.3075   -3.6051
eta,q 0.97129  8.72644
  0.0483  0.0454  0.0350  0.0341  0.0365  0.0348
  0.0386  0.0395  0.0310  0.0314  0.0326  0.0323
  0.0323  0.0344  0.0291  0.0291  0.0300  0.0300
  0.0308  0.0308  0.0300  0.0292  0.0287  0.0287
  0.0336  0.0302  0.0323  0.0326  0.0297  0.0290
  0.0400  0.0330  0.0358  0.0371  0.0325  0.0307
  0.0489  0.0382  0.0413  0.0419  0.0367  0.0336
niter,ni,del,rscale     4    3   12.0000    1.2000
parameters
   -0.5061    5.3588    2.0066  -15.4529   -0.5776   -3.1291
eta,q 0.97122  8.71479
  0.0481  0.0432  0.0363  0.0343  0.0359  0.0345
  0.0385  0.0363  0.0316  0.0318  0.0320  0.0323
  0.0315  0.0310  0.0289  0.0300  0.0298  0.0300
  0.0287  0.0287  0.0286  0.0284  0.0289  0.0289
  0.0308  0.0297  0.0307  0.0299  0.0301  0.0290
  0.0376  0.0333  0.0339  0.0343  0.0330  0.0307
  0.0470  0.0386  0.0388  0.0393  0.0372  0.0334
niter,ni,del,rscale     3    3   12.0000    1.2000
parameters
   -0.3629    5.7591    1.6636  -16.2351   -0.7759   -2.7977
eta,q 0.97114  8.71396
  0.0484  0.0412  0.0370  0.0347  0.0362  0.0342
  0.0389  0.0347  0.0321  0.0316  0.0321  0.0321
  0.0320  0.0302  0.0292  0.0299  0.0298  0.0299
  0.0288  0.0287  0.0287  0.0286  0.0289  0.0289
  0.0307  0.0297  0.0308  0.0292  0.0301  0.0293
  0.0376  0.0330  0.0339  0.0329  0.0330  0.0310
  0.0470  0.0380  0.0384  0.0382  0.0370  0.0335
niter,ni,del,rscale     2    3   12.0000    1.2000
parameters
   -0.2539    6.0550    1.3776  -16.7597   -0.9136   -2.5855
eta,q 0.97114  8.71516
  0.0484  0.0401  0.0374  0.0352  0.0364  0.0341
  0.0390  0.0338  0.0324  0.0314  0.0322  0.0319
  0.0320  0.0300  0.0293  0.0297  0.0298  0.0298
  0.0289  0.0288  0.0288  0.0287  0.0289  0.0289
  0.0309  0.0297  0.0308  0.0290  0.0300  0.0294
  0.0379  0.0327  0.0341  0.0322  0.0330  0.0312
  0.0474  0.0378  0.0384  0.0378  0.0368  0.0336
niter,ni,del,rscale     1    3   12.0000    1.2000
parameters
   -0.1770    6.2924    1.1565  -17.1496   -1.0215   -2.4498
eta,q 0.97116  8.71690
  0.0483  0.0395  0.0378  0.0357  0.0364  0.0341
  0.0389  0.0334  0.0326  0.0314  0.0322  0.0318
  0.0319  0.0299  0.0294  0.0294  0.0297  0.0297
  0.0289  0.0288  0.0288  0.0287  0.0288  0.0288
  0.0310  0.0296  0.0308  0.0290  0.0300  0.0295
  0.0381  0.0326  0.0341  0.0320  0.0330  0.0313
  0.0477  0.0377  0.0385  0.0376  0.0367  0.0338
registration optimization eta report
parameter search radius
    6.0000    6.0000    6.0000    9.1253    6.0000    6.0000
100000*second partial in parameter space
       52.       27.       25.       10.       21.       14.
  0.0483  0.0395  0.0378  0.0357  0.0364  0.0341
  0.0389  0.0334  0.0326  0.0314  0.0322  0.0318
  0.0319  0.0299  0.0294  0.0294  0.0297  0.0297
  0.0289  0.0288  0.0288  0.0287  0.0288  0.0288
  0.0310  0.0296  0.0308  0.0290  0.0300  0.0295
  0.0381  0.0326  0.0341  0.0320  0.0330  0.0313
  0.0477  0.0377  0.0385  0.0376  0.0367  0.0338
   -0.1770    6.2924    1.1565  -17.1496   -1.0215   -2.4498
eta,q 0.97116  8.71690

---------------------------------------------------------------------
imgreg_4dfp /opt/freesurfer/average/711-2C_as_mni_average_305 /opt/freesurfer/average/711-2B_as_mni_average_305_mask talsrcimg_g11 none talsrcimg_to_711-2C_as_mni_average_305_t4 3335
---------------------------------------------------------------------

freesurfer imgreg_4dfp.c
/opt/freesurfer/average/711-2C_as_mni_average_305.4dfp.img
       256       256       256         1
  1.000000  1.000000  1.000000
orientation T byte_order littleendian
Reading image: /opt/freesurfer/average/711-2C_as_mni_average_305.4dfp.img
dimensions:      256       256       256
mmppix:       1.0000   -1.0000   -1.0000
center:     128.0000 -129.0000 -129.0000
/opt/freesurfer/average/711-2B_as_mni_average_305_mask.4dfp.img
       256       256       256         1
  1.000000  1.000000  1.000000
orientation T byte_order littleendian
Reading mask: /opt/freesurfer/average/711-2B_as_mni_average_305_mask.4dfp.img (2306576 pixels)
talsrcimg_g11.4dfp.img
       256       256       256         1
  1.000000  1.000000  1.000000
orientation T byte_order littleendian
Reading image: talsrcimg_g11.4dfp.img
dimensions:      256       256       256
mmppix:       1.0000   -1.0000   -1.0000
center:     128.0000 -129.0000 -129.0000
fimgreg.f
image alignment mode   3335 decimal      D07 hex
parameters
   -0.1770    6.2924    1.1565   -0.1073   -4.5111   -4.4614
    3.5592    2.9623   -4.2737   29.3870   -1.7828  -29.4821
eta,q 0.97189  8.78853
niter,ni,del,rscale     5    3    5.0000    1.2000
parameter  4  0.716046 ->  0.500000 qaram    1.1500
parameter  5  0.962415 ->  0.500000 qaram    1.1500
parameter 10  0.625909 ->  0.500000 qaram    1.1500
parameter 12  0.684854 ->  0.500000 qaram    1.1500
parameters
   -0.2883    6.2965    0.8405   -4.2473   -8.6511   -6.6458
    4.9091    3.4529   -3.0662   25.2470   -2.6491  -33.6221
eta,q 0.97605  8.39448
  0.0309  0.0299  0.0292  0.0268  0.0254  0.0269  0.0281  0.0297  0.0273  0.0246  0.0248  0.0240
  0.0293  0.0289  0.0285  0.0266  0.0255  0.0258  0.0268  0.0275  0.0263  0.0243  0.0245  0.0239
  0.0284  0.0283  0.0281  0.0270  0.0259  0.0253  0.0258  0.0259  0.0255  0.0245  0.0244  0.0240
  0.0281  0.0281  0.0281  0.0281  0.0266  0.0255  0.0253  0.0252  0.0252  0.0251  0.0243  0.0243
  0.0285  0.0283  0.0284  0.0298  0.0276  0.0266  0.0252  0.0254  0.0252  0.0262  0.0245  0.0248
  0.0296  0.0289  0.0291  0.0323  0.0289  0.0286  0.0257  0.0267  0.0255  0.0279  0.0247  0.0256
  0.0314  0.0298  0.0300  0.0354  0.0304  0.0314  0.0266  0.0287  0.0262  0.0300  0.0251  0.0265
niter,ni,del,rscale     7    3    5.0000    1.2000
parameters
   -0.3429    6.1808    0.1782   -5.3426   -9.3871   -6.7344
    4.6368    3.2707   -2.8285   25.1628   -2.6477  -34.9783
eta,q 0.97621  8.33384
  0.0268  0.0258  0.0245  0.0258  0.0257  0.0261  0.0259  0.0273  0.0257  0.0264  0.0245  0.0247
  0.0252  0.0247  0.0240  0.0248  0.0246  0.0251  0.0247  0.0254  0.0247  0.0250  0.0241  0.0241
  0.0242  0.0241  0.0238  0.0242  0.0239  0.0245  0.0240  0.0242  0.0241  0.0241  0.0239  0.0238
  0.0240  0.0240  0.0239  0.0238  0.0239  0.0238  0.0239  0.0238  0.0238  0.0238  0.0238  0.0238
  0.0243  0.0243  0.0244  0.0242  0.0244  0.0237  0.0242  0.0243  0.0240  0.0241  0.0239  0.0241
  0.0254  0.0250  0.0250  0.0254  0.0252  0.0247  0.0250  0.0256  0.0246  0.0250  0.0241  0.0247
  0.0271  0.0262  0.0258  0.0278  0.0263  0.0268  0.0262  0.0277  0.0255  0.0265  0.0245  0.0255
niter,ni,del,rscale     6    3    5.0000    1.2000
parameters
   -0.3622    6.3169    0.1166   -5.3512   -9.5704   -6.7785
    4.5341    3.2442   -2.8448   25.6322   -2.4561  -35.1286
eta,q 0.97622  8.33467
  0.0267  0.0262  0.0251  0.0262  0.0259  0.0261  0.0260  0.0274  0.0255  0.0267  0.0245  0.0250
  0.0251  0.0249  0.0243  0.0251  0.0248  0.0251  0.0247  0.0255  0.0246  0.0252  0.0241  0.0243
  0.0241  0.0241  0.0239  0.0243  0.0240  0.0245  0.0240  0.0242  0.0240  0.0242  0.0239  0.0239
  0.0238  0.0238  0.0238  0.0238  0.0238  0.0238  0.0238  0.0238  0.0238  0.0238  0.0238  0.0238
  0.0241  0.0240  0.0240  0.0238  0.0242  0.0237  0.0241  0.0242  0.0240  0.0240  0.0239  0.0239
  0.0251  0.0246  0.0245  0.0247  0.0250  0.0247  0.0249  0.0255  0.0246  0.0247  0.0241  0.0244
  0.0268  0.0257  0.0251  0.0266  0.0260  0.0268  0.0260  0.0275  0.0256  0.0261  0.0244  0.0251
niter,ni,del,rscale     5    3    5.0000    1.2000
parameters
   -0.3628    6.4289    0.0454   -5.3579   -9.7953   -6.9382
    4.5615    3.2241   -2.8650   25.9184   -2.4387  -35.2023
eta,q 0.97621  8.32580
  0.0267  0.0261  0.0251  0.0261  0.0259  0.0260  0.0260  0.0274  0.0256  0.0266  0.0245  0.0250
  0.0251  0.0249  0.0243  0.0251  0.0248  0.0251  0.0248  0.0255  0.0246  0.0251  0.0241  0.0243
  0.0241  0.0241  0.0239  0.0243  0.0240  0.0244  0.0240  0.0242  0.0240  0.0242  0.0239  0.0239
  0.0238  0.0238  0.0238  0.0238  0.0238  0.0238  0.0238  0.0238  0.0238  0.0238  0.0238  0.0238
  0.0241  0.0240  0.0240  0.0238  0.0242  0.0237  0.0241  0.0242  0.0240  0.0240  0.0239  0.0240
  0.0251  0.0246  0.0245  0.0247  0.0249  0.0248  0.0248  0.0255  0.0246  0.0248  0.0241  0.0243
  0.0267  0.0257  0.0251  0.0266  0.0260  0.0269  0.0259  0.0275  0.0256  0.0262  0.0245  0.0251
niter,ni,del,rscale     4    3    5.0000    1.2000
parameters
   -0.3656    6.5187   -0.0401   -5.3459   -9.9850   -7.1107
    4.5804    3.2135   -2.8562   26.1624   -2.4135  -35.2771
eta,q 0.97619  8.31775
  0.0267  0.0261  0.0251  0.0261  0.0259  0.0260  0.0260  0.0274  0.0256  0.0266  0.0245  0.0250
  0.0251  0.0249  0.0243  0.0251  0.0248  0.0251  0.0248  0.0255  0.0246  0.0251  0.0241  0.0243
  0.0241  0.0241  0.0239  0.0243  0.0240  0.0244  0.0240  0.0242  0.0240  0.0242  0.0239  0.0239
  0.0238  0.0238  0.0238  0.0238  0.0238  0.0238  0.0238  0.0238  0.0238  0.0238  0.0238  0.0238
  0.0241  0.0240  0.0240  0.0238  0.0242  0.0237  0.0241  0.0242  0.0240  0.0240  0.0239  0.0240
  0.0251  0.0247  0.0245  0.0247  0.0249  0.0248  0.0248  0.0255  0.0246  0.0249  0.0241  0.0244
  0.0267  0.0258  0.0252  0.0266  0.0260  0.0269  0.0260  0.0275  0.0256  0.0263  0.0245  0.0251
niter,ni,del,rscale     3    3    5.0000    1.2000
parameters
   -0.3677    6.5979   -0.1288   -5.3378  -10.1513   -7.2772
    4.5802    3.2055   -2.8514   26.3851   -2.4177  -35.3596
eta,q 0.97617  8.31043
  0.0267  0.0261  0.0251  0.0261  0.0259  0.0260  0.0260  0.0274  0.0256  0.0266  0.0245  0.0250
  0.0251  0.0249  0.0243  0.0251  0.0248  0.0251  0.0248  0.0255  0.0247  0.0251  0.0241  0.0243
  0.0242  0.0241  0.0239  0.0243  0.0240  0.0244  0.0241  0.0242  0.0241  0.0242  0.0239  0.0239
  0.0238  0.0238  0.0238  0.0238  0.0238  0.0238  0.0238  0.0238  0.0238  0.0238  0.0238  0.0238
  0.0241  0.0240  0.0240  0.0238  0.0242  0.0237  0.0241  0.0242  0.0240  0.0241  0.0239  0.0240
  0.0251  0.0247  0.0245  0.0247  0.0249  0.0248  0.0249  0.0255  0.0247  0.0249  0.0242  0.0244
  0.0267  0.0258  0.0252  0.0266  0.0260  0.0269  0.0260  0.0275  0.0256  0.0263  0.0245  0.0251
niter,ni,del,rscale     2    3    5.0000    1.2000
parameters
   -0.3686    6.6692   -0.2107   -5.3290  -10.3102   -7.4322
    4.5855    3.1970   -2.8390   26.5902   -2.4036  -35.4364
eta,q 0.97615  8.30355
  0.0267  0.0261  0.0251  0.0261  0.0259  0.0261  0.0260  0.0274  0.0257  0.0266  0.0245  0.0250
  0.0251  0.0249  0.0243  0.0251  0.0248  0.0251  0.0248  0.0255  0.0247  0.0251  0.0242  0.0243
  0.0242  0.0241  0.0239  0.0243  0.0240  0.0244  0.0241  0.0243  0.0241  0.0242  0.0239  0.0239
  0.0238  0.0238  0.0238  0.0238  0.0238  0.0238  0.0238  0.0238  0.0238  0.0238  0.0238  0.0238
  0.0241  0.0241  0.0240  0.0239  0.0242  0.0237  0.0241  0.0242  0.0241  0.0241  0.0239  0.0240
  0.0251  0.0248  0.0245  0.0247  0.0250  0.0248  0.0249  0.0255  0.0247  0.0249  0.0242  0.0244
  0.0267  0.0258  0.0252  0.0266  0.0260  0.0269  0.0260  0.0275  0.0256  0.0263  0.0245  0.0251
niter,ni,del,rscale     1    3    5.0000    1.2000
parameters
   -0.3709    6.7356   -0.2837   -5.3180  -10.4566   -7.5704
    4.5865    3.1889   -2.8408   26.7787   -2.3965  -35.5139
eta,q 0.97613  8.29767
  0.0267  0.0261  0.0251  0.0261  0.0259  0.0261  0.0260  0.0274  0.0257  0.0266  0.0246  0.0251
  0.0251  0.0249  0.0243  0.0251  0.0249  0.0251  0.0248  0.0255  0.0247  0.0251  0.0242  0.0244
  0.0242  0.0241  0.0239  0.0244  0.0241  0.0245  0.0241  0.0243  0.0241  0.0242  0.0239  0.0240
  0.0238  0.0238  0.0238  0.0238  0.0238  0.0238  0.0239  0.0239  0.0239  0.0239  0.0239  0.0239
  0.0241  0.0241  0.0241  0.0239  0.0242  0.0237  0.0241  0.0243  0.0241  0.0241  0.0240  0.0240
  0.0251  0.0248  0.0245  0.0247  0.0250  0.0248  0.0249  0.0255  0.0247  0.0249  0.0242  0.0244
  0.0267  0.0259  0.0252  0.0266  0.0260  0.0268  0.0260  0.0275  0.0257  0.0264  0.0245  0.0251
registration optimization eta report
parameter search radius
    2.4000    2.4000    2.4000    8.2800    8.2800    7.2000
    7.2000    7.2000    7.2000    8.2800    7.2000    8.2800
100000*second partial in parameter space
       50.       37.       22.        4.        3.        5.
        4.        7.        3.        4.        1.        2.
  0.0267  0.0261  0.0251  0.0261  0.0259  0.0261  0.0260  0.0274  0.0257  0.0266  0.0246  0.0251
  0.0251  0.0249  0.0243  0.0251  0.0249  0.0251  0.0248  0.0255  0.0247  0.0251  0.0242  0.0244
  0.0242  0.0241  0.0239  0.0244  0.0241  0.0245  0.0241  0.0243  0.0241  0.0242  0.0239  0.0240
  0.0238  0.0238  0.0238  0.0238  0.0238  0.0238  0.0239  0.0239  0.0239  0.0239  0.0239  0.0239
  0.0241  0.0241  0.0241  0.0239  0.0242  0.0237  0.0241  0.0243  0.0241  0.0241  0.0240  0.0240
  0.0251  0.0248  0.0245  0.0247  0.0250  0.0248  0.0249  0.0255  0.0247  0.0249  0.0242  0.0244
  0.0267  0.0259  0.0252  0.0266  0.0260  0.0268  0.0260  0.0275  0.0257  0.0264  0.0245  0.0251
   -0.3709    6.7356   -0.2837   -5.3180  -10.4566   -7.5704
    4.5865    3.1889   -2.8408   26.7787   -2.3965  -35.5139
eta,q 0.97613  8.29767

---------------------------------------------------------------------
imgreg_4dfp /opt/freesurfer/average/711-2C_as_mni_average_305 /opt/freesurfer/average/711-2B_as_mni_average_305_mask talsrcimg_g11 none talsrcimg_to_711-2C_as_mni_average_305_t4 2311
---------------------------------------------------------------------

freesurfer imgreg_4dfp.c
/opt/freesurfer/average/711-2C_as_mni_average_305.4dfp.img
       256       256       256         1
  1.000000  1.000000  1.000000
orientation T byte_order littleendian
Reading image: /opt/freesurfer/average/711-2C_as_mni_average_305.4dfp.img
dimensions:      256       256       256
mmppix:       1.0000   -1.0000   -1.0000
center:     128.0000 -129.0000 -129.0000
/opt/freesurfer/average/711-2B_as_mni_average_305_mask.4dfp.img
       256       256       256         1
  1.000000  1.000000  1.000000
orientation T byte_order littleendian
Reading mask: /opt/freesurfer/average/711-2B_as_mni_average_305_mask.4dfp.img (2306576 pixels)
talsrcimg_g11.4dfp.img
       256       256       256         1
  1.000000  1.000000  1.000000
orientation T byte_order littleendian
Reading image: talsrcimg_g11.4dfp.img
dimensions:      256       256       256
mmppix:       1.0000   -1.0000   -1.0000
center:     128.0000 -129.0000 -129.0000
fimgreg.f
image alignment mode   2311 decimal      907 hex
parameters
   -0.3709    6.7356   -0.2837   -5.3180  -10.4566   -7.5704
    4.5865    3.1889   -2.8408   26.7787   -2.3965  -35.5139
eta,q 0.97613  8.29767
niter,ni,del,rscale     5    3    5.0000    0.8000
parameters
   -0.3597    6.7649   -0.4274   -4.3392  -10.6984   -7.0109
    4.4090    3.2937   -2.8202   26.7070   -2.2385  -35.8922
eta,q 0.97634  8.34951
  0.0252  0.0249  0.0244  0.0249  0.0246  0.0251  0.0246  0.0256  0.0245  0.0246  0.0241  0.0241
  0.0245  0.0243  0.0240  0.0245  0.0241  0.0246  0.0241  0.0246  0.0241  0.0241  0.0239  0.0238
  0.0240  0.0240  0.0239  0.0241  0.0238  0.0242  0.0237  0.0239  0.0238  0.0238  0.0237  0.0237
  0.0239  0.0239  0.0239  0.0239  0.0238  0.0238  0.0237  0.0237  0.0237  0.0237  0.0237  0.0237
  0.0240  0.0240  0.0240  0.0238  0.0239  0.0236  0.0238  0.0239  0.0238  0.0238  0.0237  0.0238
  0.0244  0.0243  0.0242  0.0239  0.0243  0.0240  0.0242  0.0244  0.0241  0.0241  0.0238  0.0239
  0.0251  0.0248  0.0245  0.0244  0.0247  0.0248  0.0248  0.0254  0.0245  0.0246  0.0241  0.0242
niter,ni,del,rscale     4    3    5.0000    0.7000
parameters
   -0.3690    6.7789   -0.2931   -4.2954  -10.7137   -6.5892
    4.3692    3.2920   -2.8768   26.6496   -2.1411  -35.9295
eta,q 0.97640  8.36501
  0.0247  0.0245  0.0243  0.0244  0.0244  0.0248  0.0244  0.0251  0.0243  0.0243  0.0240  0.0240
  0.0241  0.0240  0.0240  0.0241  0.0240  0.0244  0.0239  0.0243  0.0239  0.0239  0.0238  0.0238
  0.0238  0.0237  0.0237  0.0238  0.0237  0.0240  0.0237  0.0238  0.0237  0.0237  0.0236  0.0236
  0.0237  0.0237  0.0237  0.0237  0.0237  0.0237  0.0236  0.0236  0.0236  0.0236  0.0236  0.0236
  0.0238  0.0238  0.0237  0.0237  0.0238  0.0236  0.0237  0.0238  0.0237  0.0237  0.0236  0.0237
  0.0241  0.0240  0.0238  0.0240  0.0240  0.0239  0.0240  0.0243  0.0239  0.0239  0.0238  0.0238
  0.0247  0.0244  0.0241  0.0245  0.0244  0.0246  0.0244  0.0251  0.0243  0.0244  0.0239  0.0240
niter,ni,del,rscale     3    3    5.0000    0.6000
parameters
   -0.3671    6.7548   -0.1313   -4.2499  -10.7013   -6.1639
    4.3550    3.3001   -2.8908   26.4544   -2.1388  -35.9164
eta,q 0.97645  8.37890
  0.0244  0.0242  0.0241  0.0242  0.0241  0.0246  0.0241  0.0247  0.0240  0.0240  0.0238  0.0238
  0.0239  0.0238  0.0238  0.0239  0.0238  0.0242  0.0238  0.0241  0.0238  0.0237  0.0237  0.0237
  0.0237  0.0237  0.0237  0.0237  0.0237  0.0239  0.0236  0.0237  0.0236  0.0236  0.0236  0.0236
  0.0236  0.0236  0.0236  0.0236  0.0236  0.0236  0.0236  0.0236  0.0236  0.0235  0.0235  0.0235
  0.0237  0.0237  0.0236  0.0236  0.0237  0.0236  0.0236  0.0237  0.0236  0.0236  0.0236  0.0236
  0.0239  0.0239  0.0237  0.0238  0.0239  0.0238  0.0238  0.0241  0.0238  0.0238  0.0237  0.0237
  0.0244  0.0242  0.0239  0.0242  0.0241  0.0243  0.0241  0.0247  0.0241  0.0242  0.0238  0.0238
niter,ni,del,rscale     2    3    5.0000    0.5000
parameters
   -0.3621    6.6982    0.0468   -4.2200  -10.6478   -5.7579
    4.3188    3.3265   -2.9018   26.1908   -2.1507  -35.8496
eta,q 0.97649  8.39123
  0.0241  0.0239  0.0239  0.0240  0.0239  0.0244  0.0239  0.0243  0.0239  0.0238  0.0237  0.0237
  0.0238  0.0237  0.0237  0.0238  0.0237  0.0240  0.0237  0.0239  0.0237  0.0236  0.0236  0.0236
  0.0236  0.0236  0.0236  0.0236  0.0236  0.0237  0.0235  0.0236  0.0235  0.0235  0.0235  0.0235
  0.0235  0.0235  0.0235  0.0235  0.0235  0.0235  0.0235  0.0235  0.0235  0.0235  0.0235  0.0235
  0.0236  0.0236  0.0235  0.0236  0.0236  0.0235  0.0236  0.0236  0.0235  0.0236  0.0235  0.0235
  0.0238  0.0238  0.0236  0.0237  0.0237  0.0237  0.0237  0.0239  0.0237  0.0237  0.0236  0.0236
  0.0241  0.0240  0.0237  0.0240  0.0239  0.0241  0.0239  0.0243  0.0239  0.0240  0.0237  0.0237
niter,ni,del,rscale     1    3    5.0000    0.4000
parameters
   -0.3542    6.6216    0.2231   -4.2075  -10.5325   -5.3803
    4.2840    3.3506   -2.9011   25.8805   -2.1955  -35.7574
eta,q 0.97653  8.40292
  0.0239  0.0237  0.0238  0.0238  0.0238  0.0241  0.0237  0.0240  0.0237  0.0237  0.0236  0.0236
  0.0237  0.0236  0.0236  0.0236  0.0236  0.0238  0.0236  0.0237  0.0236  0.0235  0.0235  0.0235
  0.0235  0.0235  0.0235  0.0235  0.0235  0.0236  0.0235  0.0235  0.0235  0.0235  0.0235  0.0235
  0.0235  0.0235  0.0235  0.0235  0.0235  0.0235  0.0235  0.0235  0.0235  0.0235  0.0235  0.0235
  0.0235  0.0236  0.0235  0.0235  0.0235  0.0235  0.0235  0.0235  0.0235  0.0235  0.0235  0.0235
  0.0237  0.0237  0.0235  0.0236  0.0236  0.0236  0.0236  0.0237  0.0236  0.0236  0.0235  0.0235
  0.0239  0.0238  0.0236  0.0238  0.0237  0.0238  0.0237  0.0240  0.0237  0.0238  0.0236  0.0236
registration optimization eta report
parameter search radius
    0.8000    0.8000    0.8000    2.4000    2.4000    2.4000
    2.4000    2.4000    2.4000    2.4000    2.4000    2.4000
100000*second partial in parameter space
       56.       40.       29.        5.        4.        8.
        5.        9.        4.        4.        2.        2.
  0.0239  0.0237  0.0238  0.0238  0.0238  0.0241  0.0237  0.0240  0.0237  0.0237  0.0236  0.0236
  0.0237  0.0236  0.0236  0.0236  0.0236  0.0238  0.0236  0.0237  0.0236  0.0235  0.0235  0.0235
  0.0235  0.0235  0.0235  0.0235  0.0235  0.0236  0.0235  0.0235  0.0235  0.0235  0.0235  0.0235
  0.0235  0.0235  0.0235  0.0235  0.0235  0.0235  0.0235  0.0235  0.0235  0.0235  0.0235  0.0235
  0.0235  0.0236  0.0235  0.0235  0.0235  0.0235  0.0235  0.0235  0.0235  0.0235  0.0235  0.0235
  0.0237  0.0237  0.0235  0.0236  0.0236  0.0236  0.0236  0.0237  0.0236  0.0236  0.0235  0.0235
  0.0239  0.0238  0.0236  0.0238  0.0237  0.0238  0.0237  0.0240  0.0237  0.0238  0.0236  0.0236
   -0.3542    6.6216    0.2231   -4.2075  -10.5325   -5.3803
    4.2840    3.3506   -2.9011   25.8805   -2.1955  -35.7574
eta,q 0.97653  8.40292

---------------------------------------------------------------------
imgreg_4dfp /opt/freesurfer/average/711-2C_as_mni_average_305 /opt/freesurfer/average/711-2B_as_mni_average_305_mask talsrcimg_g11 none talsrcimg_to_711-2C_as_mni_average_305_t4 2311
---------------------------------------------------------------------

freesurfer imgreg_4dfp.c
/opt/freesurfer/average/711-2C_as_mni_average_305.4dfp.img
       256       256       256         1
  1.000000  1.000000  1.000000
orientation T byte_order littleendian
Reading image: /opt/freesurfer/average/711-2C_as_mni_average_305.4dfp.img
dimensions:      256       256       256
mmppix:       1.0000   -1.0000   -1.0000
center:     128.0000 -129.0000 -129.0000
/opt/freesurfer/average/711-2B_as_mni_average_305_mask.4dfp.img
       256       256       256         1
  1.000000  1.000000  1.000000
orientation T byte_order littleendian
Reading mask: /opt/freesurfer/average/711-2B_as_mni_average_305_mask.4dfp.img (2306576 pixels)
talsrcimg_g11.4dfp.img
       256       256       256         1
  1.000000  1.000000  1.000000
orientation T byte_order littleendian
Reading image: talsrcimg_g11.4dfp.img
dimensions:      256       256       256
mmppix:       1.0000   -1.0000   -1.0000
center:     128.0000 -129.0000 -129.0000
fimgreg.f
image alignment mode   2311 decimal      907 hex
parameters
   -0.3542    6.6216    0.2231   -4.2075  -10.5325   -5.3803
    4.2840    3.3506   -2.9011   25.8805   -2.1955  -35.7574
eta,q 0.97653  8.40292
niter,ni,del,rscale     5    3    5.0000    0.8000
parameters
   -0.3497    6.5449    0.4289   -4.5672  -10.1879   -5.5710
    4.4263    3.3122   -2.9651   25.7710   -2.2947  -35.4905
eta,q 0.97651  8.39142
  0.0249  0.0244  0.0244  0.0244  0.0245  0.0249  0.0246  0.0254  0.0243  0.0244  0.0239  0.0240
  0.0241  0.0239  0.0239  0.0239  0.0240  0.0244  0.0240  0.0244  0.0239  0.0239  0.0237  0.0237
  0.0236  0.0235  0.0236  0.0236  0.0236  0.0238  0.0236  0.0237  0.0236  0.0236  0.0235  0.0235
  0.0235  0.0235  0.0235  0.0235  0.0235  0.0235  0.0235  0.0235  0.0235  0.0235  0.0235  0.0235
  0.0236  0.0236  0.0235  0.0236  0.0236  0.0236  0.0236  0.0237  0.0236  0.0236  0.0236  0.0235
  0.0241  0.0240  0.0237  0.0240  0.0238  0.0242  0.0239  0.0244  0.0239  0.0239  0.0237  0.0237
  0.0249  0.0246  0.0240  0.0248  0.0242  0.0254  0.0245  0.0255  0.0244  0.0245  0.0239  0.0239
niter,ni,del,rscale     4    3    5.0000    0.7000
parameters
   -0.3501    6.4641    0.3825   -4.4734  -10.0917   -5.4668
    4.3990    3.3374   -2.9282   25.5554   -2.2945  -35.4833
eta,q 0.97653  8.39833
  0.0246  0.0242  0.0240  0.0243  0.0242  0.0247  0.0243  0.0250  0.0241  0.0241  0.0238  0.0239
  0.0240  0.0238  0.0237  0.0239  0.0238  0.0243  0.0238  0.0242  0.0238  0.0237  0.0236  0.0236
  0.0236  0.0235  0.0235  0.0236  0.0236  0.0238  0.0235  0.0237  0.0235  0.0235  0.0235  0.0235
  0.0235  0.0235  0.0235  0.0235  0.0235  0.0235  0.0235  0.0235  0.0235  0.0235  0.0235  0.0235
  0.0236  0.0236  0.0236  0.0235  0.0236  0.0235  0.0236  0.0236  0.0235  0.0236  0.0235  0.0235
  0.0240  0.0239  0.0238  0.0238  0.0238  0.0240  0.0238  0.0241  0.0238  0.0238  0.0236  0.0236
  0.0246  0.0243  0.0241  0.0243  0.0241  0.0248  0.0243  0.0250  0.0241  0.0243  0.0238  0.0238
niter,ni,del,rscale     3    3    5.0000    0.6000
parameters
   -0.3497    6.4081    0.4262   -4.3982  -10.0489   -5.2159
    4.3390    3.3574   -2.9416   25.3727   -2.2579  -35.4956
eta,q 0.97655  8.40858
  0.0243  0.0240  0.0239  0.0241  0.0240  0.0245  0.0240  0.0246  0.0239  0.0239  0.0237  0.0237
  0.0238  0.0237  0.0237  0.0238  0.0237  0.0241  0.0237  0.0240  0.0237  0.0236  0.0236  0.0236
  0.0236  0.0235  0.0235  0.0236  0.0235  0.0237  0.0235  0.0236  0.0235  0.0235  0.0235  0.0235
  0.0235  0.0235  0.0235  0.0235  0.0235  0.0235  0.0234  0.0234  0.0234  0.0234  0.0234  0.0234
  0.0236  0.0235  0.0235  0.0235  0.0235  0.0235  0.0235  0.0236  0.0235  0.0235  0.0235  0.0235
  0.0238  0.0238  0.0236  0.0237  0.0237  0.0238  0.0237  0.0240  0.0237  0.0237  0.0236  0.0236
  0.0243  0.0241  0.0238  0.0241  0.0240  0.0244  0.0241  0.0246  0.0239  0.0240  0.0237  0.0237
niter,ni,del,rscale     2    3    5.0000    0.5000
parameters
   -0.3478    6.3598    0.5347   -4.3387   -9.9829   -4.9072
    4.3014    3.3774   -2.9728   25.1376   -2.2163  -35.4540
eta,q 0.97658  8.41975
  0.0240  0.0238  0.0238  0.0239  0.0238  0.0243  0.0238  0.0243  0.0238  0.0237  0.0236  0.0236
  0.0237  0.0236  0.0236  0.0237  0.0236  0.0239  0.0236  0.0238  0.0236  0.0235  0.0235  0.0235
  0.0235  0.0235  0.0235  0.0235  0.0235  0.0236  0.0235  0.0235  0.0235  0.0234  0.0234  0.0234
  0.0234  0.0234  0.0234  0.0234  0.0234  0.0234  0.0234  0.0234  0.0234  0.0234  0.0234  0.0234
  0.0235  0.0235  0.0235  0.0235  0.0235  0.0234  0.0235  0.0235  0.0235  0.0235  0.0234  0.0234
  0.0237  0.0236  0.0235  0.0236  0.0236  0.0237  0.0236  0.0238  0.0236  0.0236  0.0235  0.0235
  0.0240  0.0239  0.0237  0.0239  0.0238  0.0241  0.0238  0.0242  0.0238  0.0239  0.0236  0.0236
niter,ni,del,rscale     1    3    5.0000    0.4000
parameters
   -0.3452    6.2986    0.6694   -4.3261   -9.9129   -4.6211
    4.2757    3.3906   -2.9833   24.9023   -2.2507  -35.3967
eta,q 0.97661  8.42829
  0.0238  0.0236  0.0237  0.0237  0.0237  0.0240  0.0237  0.0239  0.0236  0.0236  0.0235  0.0235
  0.0236  0.0235  0.0235  0.0236  0.0235  0.0237  0.0235  0.0237  0.0235  0.0235  0.0234  0.0235
  0.0235  0.0234  0.0235  0.0235  0.0234  0.0235  0.0234  0.0235  0.0234  0.0234  0.0234  0.0234
  0.0234  0.0234  0.0234  0.0234  0.0234  0.0234  0.0234  0.0234  0.0234  0.0234  0.0234  0.0234
  0.0235  0.0235  0.0234  0.0234  0.0234  0.0234  0.0234  0.0235  0.0234  0.0234  0.0234  0.0234
  0.0236  0.0236  0.0235  0.0235  0.0235  0.0235  0.0235  0.0236  0.0235  0.0235  0.0235  0.0235
  0.0238  0.0237  0.0235  0.0237  0.0236  0.0238  0.0237  0.0239  0.0236  0.0237  0.0235  0.0235
registration optimization eta report
parameter search radius
    0.8000    0.8000    0.8000    2.4000    2.4000    2.4000
    2.4000    2.4000    2.4000    2.4000    2.4000    2.4000
100000*second partial in parameter space
       57.       39.       30.        5.        4.        9.
        5.        9.        4.        4.        2.        2.
  0.0238  0.0236  0.0237  0.0237  0.0237  0.0240  0.0237  0.0239  0.0236  0.0236  0.0235  0.0235
  0.0236  0.0235  0.0235  0.0236  0.0235  0.0237  0.0235  0.0237  0.0235  0.0235  0.0234  0.0235
  0.0235  0.0234  0.0235  0.0235  0.0234  0.0235  0.0234  0.0235  0.0234  0.0234  0.0234  0.0234
  0.0234  0.0234  0.0234  0.0234  0.0234  0.0234  0.0234  0.0234  0.0234  0.0234  0.0234  0.0234
  0.0235  0.0235  0.0234  0.0234  0.0234  0.0234  0.0234  0.0235  0.0234  0.0234  0.0234  0.0234
  0.0236  0.0236  0.0235  0.0235  0.0235  0.0235  0.0235  0.0236  0.0235  0.0235  0.0235  0.0235
  0.0238  0.0237  0.0235  0.0237  0.0236  0.0238  0.0237  0.0239  0.0236  0.0237  0.0235  0.0235
   -0.3452    6.2986    0.6694   -4.3261   -9.9129   -4.6211
    4.2757    3.3906   -2.9833   24.9023   -2.2507  -35.3967
eta,q 0.97661  8.42829

---------------------------------------------------------------------
compute_vox2vox talsrcimg talsrcimg_to_711-2C_as_mni_average_305_t4 /opt/freesurfer/average/711-2C_as_mni_average_305
---------------------------------------------------------------------

freesurfer compute_vox2vox.c
Reading: talsrcimg.4dfp.ifh
Reading: talsrcimg_to_711-2C_as_mni_average_305_t4
Reading: /opt/freesurfer/average/711-2C_as_mni_average_305.4dfp.ifh
Writing: talsrcimg_to_711-2C_as_mni_average_305_t4_vox2vox.txt

start time Wed Mar 11 13:07:46 CET 2026
end		time Wed Mar 11 13:09:11 CET 2026

mpr2mni305 success

avi2talxfm orig_nu.mgz /opt/freesurfer/average/mni305.cor.mgz talsrcimg_to_711-2C_as_mni_average_305_t4_vox2vox.txt transforms/talairach.auto.xfm
avi2talxfm done
mv -f /out/sourcedata/freesurfer/sub-v2s17x50028_ses-1/mri/talsrcimg_to_711-2C_as_mni_average_305_t4_vox2vox.txt /out/sourcedata/freesurfer/sub-v2s17x50028_ses-1/mri/transforms/talsrcimg_to_711-2C_as_mni_average_305_t4_vox2vox.txt
lta_convert --src orig_nu.mgz --trg /opt/freesurfer/average/mni305.cor.mgz --inxfm transforms/talairach.auto.xfm --outlta transforms/talairach.auto.xfm.lta --subject fsaverage
7.3.2

--src: orig_nu.mgz src image (geometry).
--trg: /opt/freesurfer/average/mni305.cor.mgz trg image (geometry).
--inmni: transforms/talairach.auto.xfm input MNI/XFM transform.
--outlta: transforms/talairach.auto.xfm.lta output LTA.
--s: fsaverage subject name
 LTA read, type : 1
 1.04289  -0.02190  -0.05810  -0.48575;
 0.03394   0.95019   0.37173   0.99905;
 0.02515  -0.26338   1.00536   5.07959;
 0.00000   0.00000   0.00000   1.00000;
setting subject to fsaverage
Writing  LTA to file transforms/talairach.auto.xfm.lta...
lta_convert successful.
 
 
Started at Wed Mar 11 13:07:45 CET 2026
Ended   at Wed Mar 11 13:09:11 CET 2026
talairach_avi done
