/out/sourcedata/freesurfer/sub-v2s17x50002_ses-1/mri
/opt/freesurfer/bin/talairach_avi
--i orig_nu.mgz --xfm transforms/talairach.auto.xfm
talairach_avi 7.3.2
Linux dna023 5.14.0-427.37.1.el9_4.x86_64 #1 SMP PREEMPT_DYNAMIC Fri Sep 13 12:41:50 EDT 2024 x86_64 x86_64 x86_64 GNU/Linux
Wed Mar 11 12:36:32 CET 2026
mri_convert orig_nu.mgz talsrcimg.img 
reading from orig_nu.mgz...
TR=0.00, TE=0.00, TI=0.00, flip angle=0.00
i_ras = (-1, 0, 0)
j_ras = (0, 0, -1)
k_ras = (0, 1, 0)
writing to talsrcimg.img...
Analyze Output Matrix
-1.00000   0.00000   0.00000   132.43057;
 0.00000   0.00000   1.00000  -125.15984;
 0.00000  -1.00000   0.00000   120.40428;
 0.00000   0.00000   0.00000   1.00000;
--------------------
INFO: set hdr.hist.orient to -1
mpr2mni305 talsrcimg
Wed Mar 11 12:36:32 CET 2026
/opt/freesurfer/bin/mpr2mni305 talsrcimg
mpr2mni305 7.3.2
target=711-2C_as_mni_average_305

---------------------------------------------------------------------
analyzeto4dfp talsrcimg -O0 -y
---------------------------------------------------------------------

freesurfer ifh2hdr.c
Wed Mar 11 12:36:32 2026
Writing: talsrcimg.4dfp.hdr
freesurfer analyzeto4dfp.c
Reading: talsrcimg.hdr
header size 348 bytes
hdr.dime.datatype	offset=70	value=2
hdr.dime.bitpix		offset=72	value=8
hdr.hist.orient		offset=252	value=-1
dimensionality     4
dimensions       256       256       256         1
Reading: talsrcimg.img
Writing: talsrcimg.4dfp.img
Writing: talsrcimg.4dfp.ifh
ifh2hdr talsrcimg -r0to228
ori=2

---------------------------------------------------------------------
gauss_4dfp talsrcimg 1.1
---------------------------------------------------------------------

freesurfer gauss_4dfp.c
Reading: talsrcimg.4dfp.img
Writing: talsrcimg_g11.4dfp.img
image dimensions 256 256 256 padded to 288 288 288
processing volume 1freesurfer ifh2hdr.c
Wed Mar 11 12:36:34 2026
Writing: talsrcimg_g11.4dfp.hdr

Writing: talsrcimg_g11.4dfp.ifh
including: talsrcimg.4dfp.img.rec in talsrcimg_g11.4dfp.img.rec

---------------------------------------------------------------------
imgreg_4dfp /opt/freesurfer/average/711-2C_as_mni_average_305 none talsrcimg_g11 none talsrcimg_to_711-2C_as_mni_average_305_t4 4355
---------------------------------------------------------------------

freesurfer imgreg_4dfp.c
/opt/freesurfer/average/711-2C_as_mni_average_305.4dfp.img
       256       256       256         1
  1.000000  1.000000  1.000000
orientation T byte_order littleendian
Reading image: /opt/freesurfer/average/711-2C_as_mni_average_305.4dfp.img
dimensions:      256       256       256
mmppix:       1.0000   -1.0000   -1.0000
center:     128.0000 -129.0000 -129.0000
talsrcimg_g11.4dfp.img
       256       256       256         1
  1.000000  1.000000  1.000000
orientation T byte_order littleendian
Reading image: talsrcimg_g11.4dfp.img
dimensions:      256       256       256
mmppix:       1.0000   -1.0000   -1.0000
center:     128.0000 -129.0000 -129.0000
t4_read: open error in t4_sub.f l:  41 t4_file(1:l)talsrcimg_to_711-2C_as_mni_average_305_t4 
t4_read: transform initialized to I4
rotation matrix determinant  1.000000
image alignment mode   4355 decimal     1103 hex
   -7.5000  -45.0000  -45.0000 9753.8086   10.9077
    0.0000  -45.0000  -45.000010177.3662   10.8876
    7.5000  -45.0000  -45.0000 9734.9717   10.8932
   -7.5000  -37.5000  -45.000010191.4590   10.8806
    0.0000  -37.5000  -45.000010623.4883   10.8587
    7.5000  -37.5000  -45.000010169.6494   10.8613
   -7.5000  -30.0000  -45.000010931.6826   10.8126
    0.0000  -30.0000  -45.000011388.5439   10.7899
    7.5000  -30.0000  -45.000010886.3818   10.7877
   -7.5000  -22.5000  -45.000011592.2236   10.7509
    0.0000  -22.5000  -45.000012076.4932   10.7291
    7.5000  -22.5000  -45.000011517.2324   10.7252
   -7.5000  -15.0000  -45.000012148.8398   10.7021
    0.0000  -15.0000  -45.000012645.2930   10.6816
    7.5000  -15.0000  -45.000012065.0752   10.6800
   -7.5000   -7.5000  -45.000012648.2578   10.6732
    0.0000   -7.5000  -45.000013165.2646   10.6533
    7.5000   -7.5000  -45.000012532.0195   10.6564
   -7.5000    0.0000  -45.000013036.6602   10.6598
    0.0000    0.0000  -45.000013558.1025   10.6389
    7.5000    0.0000  -45.000012902.0029   10.6445
   -7.5000    7.5000  -45.000012412.0947   10.6959
    0.0000    7.5000  -45.000012912.6582   10.6735
    7.5000    7.5000  -45.000012281.0781   10.6762
   -7.5000   15.0000  -45.000011675.8262   10.7855
    0.0000   15.0000  -45.000012164.7363   10.7622
    7.5000   15.0000  -45.000011564.6436   10.7607
   -7.5000   22.5000  -45.000010897.9473   10.9208
    0.0000   22.5000  -45.000011350.2607   10.8983
    7.5000   22.5000  -45.000010803.8506   10.8949
   -7.5000   30.0000  -45.000010121.8203   10.9661
    0.0000   30.0000  -45.000010539.7900   10.9450
    7.5000   30.0000  -45.000010040.0781   10.9448
   -7.5000   37.5000  -45.0000 9729.7432   11.1884
    0.0000   37.5000  -45.000010131.1260   11.1679
    7.5000   37.5000  -45.0000 9647.4912   11.1724
   -7.5000   45.0000  -45.0000 9002.7744   11.1840
    0.0000   45.0000  -45.0000 9376.9609   11.1613
    7.5000   45.0000  -45.0000 8937.0859   11.1695
   -7.5000  -45.0000  -37.500010329.3135   10.8913
    0.0000  -45.0000  -37.500010769.2246   10.8680
    7.5000  -45.0000  -37.500010305.6533   10.8727
   -7.5000  -37.5000  -37.500010806.9170   10.8638
    0.0000  -37.5000  -37.500011256.0732   10.8394
    7.5000  -37.5000  -37.500010775.3086   10.8417
   -7.5000  -30.0000  -37.500011593.0225   10.7974
    0.0000  -30.0000  -37.500012049.0576   10.7731
    7.5000  -30.0000  -37.500011524.1523   10.7711
   -7.5000  -22.5000  -37.500012288.7178   10.7384
    0.0000  -22.5000  -37.500012766.8965   10.7151
    7.5000  -22.5000  -37.500012166.3574   10.7111
   -7.5000  -15.0000  -37.500012866.0273   10.6901
    0.0000  -15.0000  -37.500013371.8037   10.6675
    7.5000  -15.0000  -37.500012737.8672   10.6653
   -7.5000   -7.5000  -37.500013355.1201   10.6581
    0.0000   -7.5000  -37.500013885.2451   10.6353
    7.5000   -7.5000  -37.500013227.3682   10.6375
   -7.5000    0.0000  -37.500013737.5410   10.6410
    0.0000    0.0000  -37.500014284.7451   10.6170
    7.5000    0.0000  -37.500013592.3789   10.6217
   -7.5000    7.5000  -37.500013048.5791   10.6767
    0.0000    7.5000  -37.500013582.9502   10.6518
    7.5000    7.5000  -37.500012916.9062   10.6542
   -7.5000   15.0000  -37.500012282.5488   10.7674
    0.0000   15.0000  -37.500012799.9229   10.7427
    7.5000   15.0000  -37.500012181.8740   10.7413
   -7.5000   22.5000  -37.500011437.2002   10.9052
    0.0000   22.5000  -37.500011921.2236   10.8818
    7.5000   22.5000  -37.500011363.1172   10.8788
   -7.5000   30.0000  -37.500010593.9365   10.9509
    0.0000   30.0000  -37.500011028.7793   10.9285
    7.5000   30.0000  -37.500010546.1670   10.9279
   -7.5000   37.5000  -37.500010171.7051   11.1691
    0.0000   37.5000  -37.500010578.6602   11.1458
    7.5000   37.5000  -37.500010126.3066   11.1495
   -7.5000   45.0000  -37.5000 9380.7656   11.1616
    0.0000   45.0000  -37.5000 9757.6602   11.1362
    7.5000   45.0000  -37.5000 9328.0352   11.1433
   -7.5000  -45.0000  -30.000011102.2109   11.3154
    0.0000  -45.0000  -30.000011568.4570   11.2904
    7.5000  -45.0000  -30.000011079.2490   11.2940
   -7.5000  -37.5000  -30.000011628.7363   11.2851
    0.0000  -37.5000  -30.000012080.6377   11.2591
    7.5000  -37.5000  -30.000011590.7852   11.2606
   -7.5000  -30.0000  -30.000012468.4453   11.2146
    0.0000  -30.0000  -30.000012941.6162   11.1892
    7.5000  -30.0000  -30.000012414.5479   11.1874
   -7.5000  -22.5000  -30.000013210.4248   11.1521
    0.0000  -22.5000  -30.000013742.0801   11.1285
    7.5000  -22.5000  -30.000013117.0693   11.1253
   -7.5000  -15.0000  -30.000013836.6289   11.1009
    0.0000  -15.0000  -30.000014384.1035   11.0778
    7.5000  -15.0000  -30.000013732.1729   11.0759
   -7.5000   -7.5000  -30.000014332.0312   11.0657
    0.0000   -7.5000  -30.000014900.9473   11.0417
    7.5000   -7.5000  -30.000014229.5107   11.0433
   -7.5000    0.0000  -30.000014732.5137   11.0459
    0.0000    0.0000  -30.000015320.1914   11.0202
    7.5000    0.0000  -30.000014606.5469   11.0238
   -7.5000    7.5000  -30.000013992.3018   11.0831
    0.0000    7.5000  -30.000014561.8213   11.0565
    7.5000    7.5000  -30.000013871.7100   11.0582
   -7.5000   15.0000  -30.000013178.9678   11.1772
    0.0000   15.0000  -30.000013716.0508   11.1515
    7.5000   15.0000  -30.000013090.4932   11.1505
   -7.5000   22.5000  -30.000012273.4912   11.3200
    0.0000   22.5000  -30.000012749.0859   11.2964
    7.5000   22.5000  -30.000012190.2568   11.2946
   -7.5000   30.0000  -30.000011330.5947   11.3704
    0.0000   30.0000  -30.000011774.0137   11.3473
    7.5000   30.0000  -30.000011293.6641   11.3472
   -7.5000   37.5000  -30.000010848.9121   11.5938
    0.0000   37.5000  -30.000011274.8721   11.5686
    7.5000   37.5000  -30.000010820.3193   11.5719
   -7.5000   45.0000  -30.0000 9984.9736   11.5923
    0.0000   45.0000  -30.000010374.1865   11.5645
    7.5000   45.0000  -30.0000 9956.2334   11.5699
   -7.5000  -45.0000  -22.500011868.2061   11.6814
    0.0000  -45.0000  -22.500012348.5977   11.6586
    7.5000  -45.0000  -22.500011839.4258   11.6616
   -7.5000  -37.5000  -22.500012424.7900   11.6489
    0.0000  -37.5000  -22.500012898.5498   11.6241
    7.5000  -37.5000  -22.500012372.3037   11.6251
   -7.5000  -30.0000  -22.500013344.4092   11.5753
    0.0000  -30.0000  -22.500013844.4990   11.5511
    7.5000  -30.0000  -22.500013262.8828   11.5498
   -7.5000  -22.5000  -22.500014157.2148   11.5096
    0.0000  -22.5000  -22.500014693.9229   11.4877
    7.5000  -22.5000  -22.500014047.5918   11.4858
   -7.5000  -15.0000  -22.500014819.6689   11.4547
    0.0000  -15.0000  -22.500015402.0674   11.4340
    7.5000  -15.0000  -22.500014715.9678   11.4333
   -7.5000   -7.5000  -22.500015333.6270   11.4162
    0.0000   -7.5000  -22.500015933.5713   11.3946
    7.5000   -7.5000  -22.500015201.9092   11.3965
   -7.5000    0.0000  -22.500015752.2100   11.3940
    0.0000    0.0000  -22.500016367.4590   11.3703
    7.5000    0.0000  -22.500015603.7217   11.3733
   -7.5000    7.5000  -22.500014946.4600   11.4331
    0.0000    7.5000  -22.500015553.1553   11.4077
    7.5000    7.5000  -22.500014831.2109   11.4089
   -7.5000   15.0000  -22.500014086.3857   11.5312
    0.0000   15.0000  -22.500014643.6650   11.5063
    7.5000   15.0000  -22.500013992.2510   11.5058
   -7.5000   22.5000  -22.500013127.6055   11.6783
    0.0000   22.5000  -22.500013616.1631   11.6558
    7.5000   22.5000  -22.500013014.2939   11.6554
   -7.5000   30.0000  -22.500012096.6709   11.7330
    0.0000   30.0000  -22.500012548.7393   11.7113
    7.5000   30.0000  -22.500012013.7930   11.7123
   -7.5000   37.5000  -22.500011548.9473   11.9605
    0.0000   37.5000  -22.500012008.4775   11.9371
    7.5000   37.5000  -22.500011514.9658   11.9408
   -7.5000   45.0000  -22.500010613.3115   11.9647
    0.0000   45.0000  -22.500011020.5742   11.9379
    7.5000   45.0000  -22.500010571.1816   11.9422
   -7.5000  -45.0000  -15.000012609.1084   11.9427
    0.0000  -45.0000  -15.000013123.4805   11.9224
    7.5000  -45.0000  -15.000012587.6992   11.9266
   -7.5000  -37.5000  -15.000013205.0693   11.9083
    0.0000  -37.5000  -15.000013714.1670   11.8854
    7.5000  -37.5000  -15.000013123.4854   11.8871
   -7.5000  -30.0000  -15.000014196.7959   11.8315
    0.0000  -30.0000  -15.000014747.8535   11.8084
    7.5000  -30.0000  -15.000014069.6035   11.8076
   -7.5000  -22.5000  -15.000015081.1211   11.7623
    0.0000  -22.5000  -15.000015657.6318   11.7414
    7.5000  -22.5000  -15.000014932.6074   11.7404
   -7.5000  -15.0000  -15.000015811.8740   11.7047
    0.0000  -15.0000  -15.000016427.6875   11.6856
    7.5000  -15.0000  -15.000015634.8701   11.6862
   -7.5000   -7.5000  -15.000016343.6875   11.6653
    0.0000   -7.5000  -15.000016983.8789   11.6460
    7.5000   -7.5000  -15.000016135.0586   11.6492
   -7.5000    0.0000  -15.000016770.3184   11.6434
    0.0000    0.0000  -15.000017408.6289   11.6219
    7.5000    0.0000  -15.000016537.6270   11.6261
   -7.5000    7.5000  -15.000015907.5400   11.6838
    0.0000    7.5000  -15.000016523.2793   11.6600
    7.5000    7.5000  -15.000015713.6250   11.6619
   -7.5000   15.0000  -15.000014983.0537   11.7838
    0.0000   15.0000  -15.000015545.1641   11.7598
    7.5000   15.0000  -15.000014819.3496   11.7597
   -7.5000   22.5000  -15.000013929.3369   11.9321
    0.0000   22.5000  -15.000014440.9619   11.9098
    7.5000   22.5000  -15.000013760.0820   11.9098
   -7.5000   30.0000  -15.000012839.2041   11.9894
    0.0000   30.0000  -15.000013302.6299   11.9684
    7.5000   30.0000  -15.000012678.7773   11.9706
   -7.5000   37.5000  -15.000012257.6934   12.2219
    0.0000   37.5000  -15.000012712.9082   12.2006
    7.5000   37.5000  -15.000012124.9434   12.2057
   -7.5000   45.0000  -15.000011260.7793   12.2317
    0.0000   45.0000  -15.000011674.9375   12.2066
    7.5000   45.0000  -15.000011152.5742   12.2122
   -7.5000  -45.0000   -7.500013338.5371   12.0684
    0.0000  -45.0000   -7.500013923.5234   12.0483
    7.5000  -45.0000   -7.500013307.2910   12.0542
   -7.5000  -37.5000   -7.500013953.0342   12.0326
    0.0000  -37.5000   -7.500014548.0459   12.0097
    7.5000  -37.5000   -7.500013873.5566   12.0126
   -7.5000  -30.0000   -7.500014977.8311   11.9535
    0.0000  -30.0000   -7.500015630.3955   11.9298
    7.5000  -30.0000   -7.500014871.5332   11.9286
   -7.5000  -22.5000   -7.500015952.2607   11.8819
    0.0000  -22.5000   -7.500016631.9688   11.8598
    7.5000  -22.5000   -7.500015788.3369   11.8577
   -7.5000  -15.0000   -7.500016795.8926   11.8232
    0.0000  -15.0000   -7.500017496.0410   11.8030
    7.5000  -15.0000   -7.500016537.2910   11.8032
   -7.5000   -7.5000   -7.500017380.6172   11.7850
    0.0000   -7.5000   -7.500018098.1660   11.7652
    7.5000   -7.5000   -7.500017076.8516   11.7694
   -7.5000    0.0000   -7.500017800.9258   11.7645
    0.0000    0.0000   -7.500018509.5059   11.7431
    7.5000    0.0000   -7.500017456.7520   11.7489
   -7.5000    7.5000   -7.500016887.0391   11.8049
    0.0000    7.5000   -7.500017552.7500   11.7811
    7.5000    7.5000   -7.500016576.7910   11.7841
   -7.5000   15.0000   -7.500015919.1680   11.9049
    0.0000   15.0000   -7.500016519.0469   11.8802
    7.5000   15.0000   -7.500015612.8359   11.8796
   -7.5000   22.5000   -7.500014796.6943   12.0511
    0.0000   22.5000   -7.500015355.1348   12.0276
    7.5000   22.5000   -7.500014502.2754   12.0261
   -7.5000   30.0000   -7.500013621.7529   12.1089
    0.0000   30.0000   -7.500014130.9453   12.0870
    7.5000   30.0000   -7.500013345.4668   12.0887
   -7.5000   37.5000   -7.500013016.7324   12.3459
    0.0000   37.5000   -7.500013500.5654   12.3246
    7.5000   37.5000   -7.500012771.0146   12.3305
   -7.5000   45.0000   -7.500011938.7461   12.3589
    0.0000   45.0000   -7.500012395.4385   12.3344
    7.5000   45.0000   -7.500011735.3154   12.3423
   -7.5000  -45.0000    0.000013932.4521   12.0842
    0.0000  -45.0000    0.000014592.2871   12.0615
    7.5000  -45.0000    0.000013920.6660   12.0680
   -7.5000  -37.5000    0.000014588.0127   12.0472
    0.0000  -37.5000    0.000015246.4219   12.0225
    7.5000  -37.5000    0.000014500.6533   12.0257
   -7.5000  -30.0000    0.000015698.3955   11.9671
    0.0000  -30.0000    0.000016398.5840   11.9416
    7.5000  -30.0000    0.000015560.8164   11.9397
   -7.5000  -22.5000    0.000016730.8574   11.8951
    0.0000  -22.5000    0.000017494.8691   11.8706
    7.5000  -22.5000    0.000016530.6914   11.8667
   -7.5000  -15.0000    0.000017665.4785   11.8367
    0.0000  -15.0000    0.000018516.3145   11.8136
    7.5000  -15.0000    0.000017381.9688   11.8122
   -7.5000   -7.5000    0.000018403.0371   11.7991
    0.0000   -7.5000    0.000019340.5957   11.7765
    7.5000   -7.5000    0.000018034.4551   11.7802
   -7.5000    0.0000    0.000018875.4199   11.7789
    0.0000    0.0000    0.000019835.0078   11.7551
    7.5000    0.0000    0.000018428.6309   11.7614
   -7.5000    7.5000    0.000017901.5957   11.8185
    0.0000    7.5000    0.000018737.2656   11.7930
    7.5000    7.5000    0.000017412.3613   11.7962
   -7.5000   15.0000    0.000016851.3926   11.9180
    0.0000   15.0000    0.000017580.3574   11.8917
    7.5000   15.0000    0.000016329.4443   11.8903
   -7.5000   22.5000    0.000015610.1299   12.0639
    0.0000   22.5000    0.000016268.8809   12.0385
    7.5000   22.5000    0.000015156.9717   12.0353
   -7.5000   30.0000    0.000014320.4072   12.1214
    0.0000   30.0000    0.000014886.8584   12.0976
    7.5000   30.0000    0.000013933.4287   12.0978
   -7.5000   37.5000    0.000013670.8525   12.3598
    0.0000   37.5000    0.000014187.2324   12.3363
    7.5000   37.5000    0.000013344.1680   12.3416
   -7.5000   45.0000    0.000012535.6836   12.3731
    0.0000   45.0000    0.000013009.4170   12.3472
    7.5000   45.0000    0.000012256.7207   12.3563
   -7.5000  -45.0000    7.500013491.6758   12.1191
    0.0000  -45.0000    7.500014137.6064   12.0929
    7.5000  -45.0000    7.500013445.3760   12.0985
   -7.5000  -37.5000    7.500014124.1826   12.0835
    0.0000  -37.5000    7.500014801.3242   12.0561
    7.5000  -37.5000    7.500014026.2100   12.0590
   -7.5000  -30.0000    7.500015211.4102   12.0049
    0.0000  -30.0000    7.500015942.8486   11.9775
    7.5000  -30.0000    7.500015064.2090   11.9756
   -7.5000  -22.5000    7.500016179.1377   11.9349
    0.0000  -22.5000    7.500017001.0703   11.9087
    7.5000  -22.5000    7.500016006.7695   11.9046
   -7.5000  -15.0000    7.500017104.6816   11.8776
    0.0000  -15.0000    7.500018065.4785   11.8521
    7.5000  -15.0000    7.500016838.7344   11.8500
   -7.5000   -7.5000    7.500017949.5391   11.8394
    0.0000   -7.5000    7.500019035.9180   11.8136
    7.5000   -7.5000    7.500017564.0254   11.8163
   -7.5000    0.0000    7.500018498.2754   11.8183
    0.0000    0.0000    7.500019609.0801   11.7912
    7.5000    0.0000    7.500017960.4062   11.7966
   -7.5000    7.5000    7.500017488.4414   11.8580
    0.0000    7.5000    7.500018414.5898   11.8299
    7.5000    7.5000    7.500016931.0879   11.8328
   -7.5000   15.0000    7.500016328.8398   11.9581
    0.0000   15.0000    7.500017097.3613   11.9302
    7.5000   15.0000    7.500015815.3398   11.9289
   -7.5000   22.5000    7.500015095.3906   12.1061
    0.0000   22.5000    7.500015751.3047   12.0797
    7.5000   22.5000    7.500014666.6963   12.0766
   -7.5000   30.0000    7.500013846.0146   12.1645
    0.0000   30.0000    7.500014386.8096   12.1391
    7.5000   30.0000    7.500013469.0830   12.1388
   -7.5000   37.5000    7.500013242.5986   12.4033
    0.0000   37.5000    7.500013730.4219   12.3769
    7.5000   37.5000    7.500012916.7861   12.3812
   -7.5000   45.0000    7.500012139.9219   12.4172
    0.0000   45.0000    7.500012587.1230   12.3884
    7.5000   45.0000    7.500011868.5850   12.3965
   -7.5000  -45.0000   15.000012877.7295   12.1640
    0.0000  -45.0000   15.000013515.1250   12.1369
    7.5000  -45.0000   15.000012810.9961   12.1410
   -7.5000  -37.5000   15.000013501.0469   12.1299
    0.0000  -37.5000   15.000014169.3848   12.1017
    7.5000  -37.5000   15.000013397.9600   12.1035
   -7.5000  -30.0000   15.000014562.5596   12.0535
    0.0000  -30.0000   15.000015294.1475   12.0260
    7.5000  -30.0000   15.000014401.3398   12.0242
   -7.5000  -22.5000   15.000015505.0254   11.9859
    0.0000  -22.5000   15.000016286.4160   11.9604
    7.5000  -22.5000   15.000015313.2285   11.9571
   -7.5000  -15.0000   15.000016378.7930   11.9299
    0.0000  -15.0000   15.000017204.1680   11.9050
    7.5000  -15.0000   15.000016097.6406   11.9031
   -7.5000   -7.5000   15.000017203.3711   11.8904
    0.0000   -7.5000   15.000018052.5234   11.8643
    7.5000   -7.5000   15.000016745.6504   11.8662
   -7.5000    0.0000   15.000017667.8203   11.8677
    0.0000    0.0000   15.000018516.8047   11.8398
    7.5000    0.0000   15.000017113.1875   11.8437
   -7.5000    7.5000   15.000016592.0176   11.9076
    0.0000    7.5000   15.000017336.4551   11.8788
    7.5000    7.5000   15.000016125.7129   11.8806
   -7.5000   15.0000   15.000015451.0879   12.0085
    0.0000   15.0000   15.000016106.4346   11.9806
    7.5000   15.0000   15.000015069.6523   11.9795
   -7.5000   22.5000   15.000014331.1875   12.1587
    0.0000   22.5000   15.000014905.8682   12.1331
    7.5000   22.5000   15.000013971.4766   12.1312
   -7.5000   30.0000   15.000013193.8789   12.2182
    0.0000   30.0000   15.000013675.9668   12.1932
    7.5000   30.0000   15.000012837.4941   12.1931
   -7.5000   37.5000   15.000012594.9082   12.4554
    0.0000   37.5000   15.000013062.3311   12.4282
    7.5000   37.5000   15.000012268.8027   12.4319
   -7.5000   45.0000   15.000011539.9297   12.4684
    0.0000   45.0000   15.000011968.6543   12.4382
    7.5000   45.0000   15.000011283.8447   12.4441
   -7.5000  -45.0000   22.500012178.0186   12.2166
    0.0000  -45.0000   22.500012747.9561   12.1928
    7.5000  -45.0000   22.500012107.3955   12.1959
   -7.5000  -37.5000   22.500012768.7314   12.1833
    0.0000  -37.5000   22.500013372.3613   12.1575
    7.5000  -37.5000   22.500012664.3428   12.1585
   -7.5000  -30.0000   22.500013772.0938   12.1091
    0.0000  -30.0000   22.500014451.3398   12.0839
    7.5000  -30.0000   22.500013607.5391   12.0824
   -7.5000  -22.5000   22.500014659.8779   12.0437
    0.0000  -22.5000   22.500015377.2998   12.0209
    7.5000  -22.5000   22.500014476.9258   12.0188
   -7.5000  -15.0000   22.500015469.6914   11.9887
    0.0000  -15.0000   22.500016206.5469   11.9671
    7.5000  -15.0000   22.500015217.8916   11.9663
   -7.5000   -7.5000   22.500016174.3799   11.9487
    0.0000   -7.5000   22.500016930.1973   11.9260
    7.5000   -7.5000   22.500015808.7734   11.9279
   -7.5000    0.0000   22.500016512.6621   11.9249
    0.0000    0.0000   22.500017282.7383   11.9001
    7.5000    0.0000   22.500016144.9307   11.9031
   -7.5000    7.5000   22.500015487.8574   11.9643
    0.0000    7.5000   22.500016187.8340   11.9378
    7.5000    7.5000   22.500015214.1885   11.9389
   -7.5000   15.0000   22.500014477.6006   12.0653
    0.0000   15.0000   22.500015075.8545   12.0394
    7.5000   15.0000   22.500014214.5889   12.0386
   -7.5000   22.5000   22.500013472.3281   12.2162
    0.0000   22.5000   22.500013988.9102   12.1927
    7.5000   22.5000   22.500013190.6787   12.1921
   -7.5000   30.0000   22.500012401.5264   12.2762
    0.0000   30.0000   22.500012834.2646   12.2535
    7.5000   30.0000   22.500012110.8193   12.2544
   -7.5000   37.5000   22.500011816.9248   12.5127
    0.0000   37.5000   22.500012241.2861   12.4881
    7.5000   37.5000   22.500011534.6221   12.4919
   -7.5000   45.0000   22.500010830.1699   12.5246
    0.0000   45.0000   22.500011227.4932   12.4966
    7.5000   45.0000   22.500010589.7393   12.5008
   -7.5000  -45.0000   30.000011410.6787   12.3708
    0.0000  -45.0000   30.000011905.8506   12.3498
    7.5000  -45.0000   30.000011326.1230   12.3541
   -7.5000  -37.5000   30.000011947.9082   12.3379
    0.0000  -37.5000   30.000012472.5615   12.3141
    7.5000  -37.5000   30.000011840.1719   12.3157
   -7.5000  -30.0000   30.000012864.3525   12.2636
    0.0000  -30.0000   30.000013453.2539   12.2398
    7.5000  -30.0000   30.000012729.0400   12.2387
   -7.5000  -22.5000   30.000013673.4434   12.1974
    0.0000  -22.5000   30.000014292.3438   12.1759
    7.5000  -22.5000   30.000013534.1230   12.1747
   -7.5000  -15.0000   30.000014413.1484   12.1417
    0.0000  -15.0000   30.000015061.9375   12.1222
    7.5000  -15.0000   30.000014222.6299   12.1228
   -7.5000   -7.5000   30.000015054.9131   12.1021
    0.0000   -7.5000   30.000015739.1123   12.0824
    7.5000   -7.5000   30.000014781.5381   12.0857
   -7.5000    0.0000   30.000015366.3828   12.0792
    0.0000    0.0000   30.000016056.0596   12.0571
    7.5000    0.0000   30.000015126.3008   12.0613
   -7.5000    7.5000   30.000014453.9863   12.1189
    0.0000    7.5000   30.000015057.6387   12.0944
    7.5000    7.5000   30.000014264.4355   12.0962
   -7.5000   15.0000   30.000013547.9570   12.2207
    0.0000   15.0000   30.000014089.7178   12.1958
    7.5000   15.0000   30.000013337.2441   12.1955
   -7.5000   22.5000   30.000012602.5605   12.3722
    0.0000   22.5000   30.000013075.2881   12.3493
    7.5000   22.5000   30.000012378.3350   12.3491
   -7.5000   30.0000   30.000011577.9590   12.4334
    0.0000   30.0000   30.000012009.6035   12.4119
    7.5000   30.0000   30.000011363.5566   12.4142
   -7.5000   37.5000   30.000011028.1338   12.6753
    0.0000   37.5000   30.000011438.7959   12.6534
    7.5000   37.5000   30.000010801.4922   12.6587
   -7.5000   45.0000   30.000010109.9004   12.6907
    0.0000   45.0000   30.000010494.2783   12.6647
    7.5000   45.0000   30.0000 9907.4404   12.6703
   -7.5000  -45.0000   37.500010998.6494   12.5696
    0.0000  -45.0000   37.500011450.3184   12.5484
    7.5000  -45.0000   37.500010915.5127   12.5538
   -7.5000  -37.5000   37.500011503.6953   12.5358
    0.0000  -37.5000   37.500011972.5166   12.5118
    7.5000  -37.5000   37.500011405.8584   12.5138
   -7.5000  -30.0000   37.500012349.7910   12.4600
    0.0000  -30.0000   37.500012858.0361   12.4353
    7.5000  -30.0000   37.500012239.2402   12.4329
   -7.5000  -22.5000   37.500013113.5166   12.3923
    0.0000  -22.5000   37.500013660.1504   12.3692
    7.5000  -22.5000   37.500013010.0449   12.3659
   -7.5000  -15.0000   37.500013844.0303   12.3364
    0.0000  -15.0000   37.500014422.2637   12.3153
    7.5000  -15.0000   37.500013696.0605   12.3146
   -7.5000   -7.5000   37.500014459.6162   12.2984
    0.0000   -7.5000   37.500015062.4775   12.2778
    7.5000   -7.5000   37.500014247.8271   12.2815
   -7.5000    0.0000   37.500014757.1621   12.2767
    0.0000    0.0000   37.500015349.8115   12.2545
    7.5000    0.0000   37.500014574.3682   12.2597
   -7.5000    7.5000   37.500013887.6855   12.3160
    0.0000    7.5000   37.500014448.1699   12.2913
    7.5000    7.5000   37.500013742.1514   12.2934
   -7.5000   15.0000   37.500013025.3818   12.4181
    0.0000   15.0000   37.500013527.2256   12.3924
    7.5000   15.0000   37.500012857.2148   12.3906
   -7.5000   22.5000   37.500012110.1299   12.5707
    0.0000   22.5000   37.500012555.7842   12.5461
    7.5000   22.5000   37.500011923.7881   12.5435
   -7.5000   30.0000   37.500011143.6025   12.6339
    0.0000   30.0000   37.500011568.2324   12.6109
    7.5000   30.0000   37.500010966.4492   12.6118
   -7.5000   37.5000   37.500010653.1992   12.8848
    0.0000   37.5000   37.500011044.5674   12.8624
    7.5000   37.5000   37.500010459.9561   12.8678
   -7.5000   45.0000   37.5000 9784.6064   12.9049
    0.0000   45.0000   37.500010160.7881   12.8791
    7.5000   45.0000   37.5000 9617.4287   12.8865
   -7.5000  -45.0000   45.000010105.1904   12.7615
    0.0000  -45.0000   45.000010497.5479   12.7377
    7.5000  -45.0000   45.000010044.7998   12.7425
   -7.5000  -37.5000   45.000010561.1650   12.7253
    0.0000  -37.5000   45.000010972.9229   12.6994
    7.5000  -37.5000   45.000010477.6748   12.7004
   -7.5000  -30.0000   45.000011317.4756   12.6488
    0.0000  -30.0000   45.000011758.2832   12.6221
    7.5000  -30.0000   45.000011226.2432   12.6174
   -7.5000  -22.5000   45.000012042.4336   12.5820
    0.0000  -22.5000   45.000012514.8125   12.5565
    7.5000  -22.5000   45.000011955.6211   12.5498
   -7.5000  -15.0000   45.000012715.2100   12.5274
    0.0000  -15.0000   45.000013222.5928   12.5036
    7.5000  -15.0000   45.000012587.4531   12.4999
   -7.5000   -7.5000   45.000013233.9893   12.4896
    0.0000   -7.5000   45.000013758.8252   12.4663
    7.5000   -7.5000   45.000013066.2207   12.4682
   -7.5000    0.0000   45.000013503.3906   12.4665
    0.0000    0.0000   45.000014025.8672   12.4418
    7.5000    0.0000   45.000013360.7344   12.4464
   -7.5000    7.5000   45.000012733.0449   12.5043
    0.0000    7.5000   45.000013230.2520   12.4776
    7.5000    7.5000   45.000012614.3545   12.4787
   -7.5000   15.0000   45.000011957.2549   12.6081
    0.0000   15.0000   45.000012402.6533   12.5807
    7.5000   15.0000   45.000011809.1035   12.5766
   -7.5000   22.5000   45.000011100.3926   12.7655
    0.0000   22.5000   45.000011514.5020   12.7392
    7.5000   22.5000   45.000010947.2217   12.7332
   -7.5000   30.0000   45.000010236.8916   12.8321
    0.0000   30.0000   45.000010620.7783   12.8075
    7.5000   30.0000   45.000010083.1797   12.8054
   -7.5000   37.5000   45.0000 9812.9082   13.0917
    0.0000   37.5000   45.000010173.9580   13.0675
    7.5000   37.5000   45.0000 9636.9717   13.0709
   -7.5000   45.0000   45.0000 9032.5654   13.1234
    0.0000   45.0000   45.0000 9374.0059   13.0961
    7.5000   45.0000   45.0000 8886.0928   13.1035

---------------------------------------------------------------------
imgreg_4dfp /opt/freesurfer/average/711-2C_as_mni_average_305 /opt/freesurfer/average/711-2B_as_mni_average_305_mask talsrcimg_g11 none talsrcimg_to_711-2C_as_mni_average_305_t4 4355
---------------------------------------------------------------------

freesurfer imgreg_4dfp.c
/opt/freesurfer/average/711-2C_as_mni_average_305.4dfp.img
       256       256       256         1
  1.000000  1.000000  1.000000
orientation T byte_order littleendian
Reading image: /opt/freesurfer/average/711-2C_as_mni_average_305.4dfp.img
dimensions:      256       256       256
mmppix:       1.0000   -1.0000   -1.0000
center:     128.0000 -129.0000 -129.0000
/opt/freesurfer/average/711-2B_as_mni_average_305_mask.4dfp.img
       256       256       256         1
  1.000000  1.000000  1.000000
orientation T byte_order littleendian
Reading mask: /opt/freesurfer/average/711-2B_as_mni_average_305_mask.4dfp.img (2306576 pixels)
talsrcimg_g11.4dfp.img
       256       256       256         1
  1.000000  1.000000  1.000000
orientation T byte_order littleendian
Reading image: talsrcimg_g11.4dfp.img
dimensions:      256       256       256
mmppix:       1.0000   -1.0000   -1.0000
center:     128.0000 -129.0000 -129.0000
rotation matrix determinant  1.000000
image alignment mode   4355 decimal     1103 hex
   -7.5000  -45.0000  -45.0000 2393.5813   14.2682
    0.0000  -45.0000  -45.0000 2404.3101   14.2438
    7.5000  -45.0000  -45.0000 2394.8120   14.2764
   -7.5000  -37.5000  -45.0000 2423.0161   13.7298
    0.0000  -37.5000  -45.0000 2436.0645   13.6792
    7.5000  -37.5000  -45.0000 2426.7727   13.7415
   -7.5000  -30.0000  -45.0000 2447.6519   13.3225
    0.0000  -30.0000  -45.0000 2462.2085   13.2429
    7.5000  -30.0000  -45.0000 2449.6758   13.3466
   -7.5000  -22.5000  -45.0000 2463.2148   13.0043
    0.0000  -22.5000  -45.0000 2482.1311   12.9230
    7.5000  -22.5000  -45.0000 2463.7607   13.0128
   -7.5000  -15.0000  -45.0000 2469.6240   12.7886
    0.0000  -15.0000  -45.0000 2487.6548   12.7082
    7.5000  -15.0000  -45.0000 2468.6536   12.8096
   -7.5000   -7.5000  -45.0000 2475.1604   12.7013
    0.0000   -7.5000  -45.0000 2489.0908   12.6048
    7.5000   -7.5000  -45.0000 2470.8293   12.7139
   -7.5000    0.0000  -45.0000 2462.7808   12.8195
    0.0000    0.0000  -45.0000 2475.9729   12.7227
    7.5000    0.0000  -45.0000 2459.0576   12.8352
   -7.5000    7.5000  -45.0000 2435.8311   13.1562
    0.0000    7.5000  -45.0000 2452.6526   13.0636
    7.5000    7.5000  -45.0000 2434.1611   13.1966
   -7.5000   15.0000  -45.0000 2390.1194   13.6674
    0.0000   15.0000  -45.0000 2405.8337   13.6226
    7.5000   15.0000  -45.0000 2384.7383   13.7368
   -7.5000   22.5000  -45.0000 2332.5776   14.3474
    0.0000   22.5000  -45.0000 2346.2310   14.3003
    7.5000   22.5000  -45.0000 2324.4080   14.4448
   -7.5000   30.0000  -45.0000 2261.4460   15.2892
    0.0000   30.0000  -45.0000 2272.7290   15.2658
    7.5000   30.0000  -45.0000 2255.5735   15.4077
   -7.5000   37.5000  -45.0000 2181.1606   16.6495
    0.0000   37.5000  -45.0000 2190.6816   16.6350
    7.5000   37.5000  -45.0000 2174.6750   16.7930
   -7.5000   45.0000  -45.0000 2091.4041   18.4820
    0.0000   45.0000  -45.0000 2097.4456   18.4548
    7.5000   45.0000  -45.0000 2084.1909   18.6308
   -7.5000  -45.0000  -37.5000 2473.3879   13.3233
    0.0000  -45.0000  -37.5000 2488.4814   13.2354
    7.5000  -45.0000  -37.5000 2476.8650   13.3139
   -7.5000  -37.5000  -37.5000 2507.1790   12.8544
    0.0000  -37.5000  -37.5000 2525.1980   12.7606
    7.5000  -37.5000  -37.5000 2511.7109   12.8328
   -7.5000  -30.0000  -37.5000 2531.7388   12.4579
    0.0000  -30.0000  -37.5000 2546.8799   12.3571
    7.5000  -30.0000  -37.5000 2534.3096   12.4517
   -7.5000  -22.5000  -37.5000 2547.7939   12.1605
    0.0000  -22.5000  -37.5000 2563.7983   12.0615
    7.5000  -22.5000  -37.5000 2546.1858   12.1564
   -7.5000  -15.0000  -37.5000 2555.7126   11.9645
    0.0000  -15.0000  -37.5000 2574.5381   11.8395
    7.5000  -15.0000  -37.5000 2554.3682   11.9719
   -7.5000   -7.5000  -37.5000 2560.9377   11.8570
    0.0000   -7.5000  -37.5000 2573.7957   11.7431
    7.5000   -7.5000  -37.5000 2556.0247   11.8774
   -7.5000    0.0000  -37.5000 2553.3440   11.9274
    0.0000    0.0000  -37.5000 2566.0735   11.8190
    7.5000    0.0000  -37.5000 2547.8687   11.9617
   -7.5000    7.5000  -37.5000 2527.3464   12.1978
    0.0000    7.5000  -37.5000 2542.1177   12.1203
    7.5000    7.5000  -37.5000 2524.5659   12.2548
   -7.5000   15.0000  -37.5000 2479.5718   12.6471
    0.0000   15.0000  -37.5000 2497.0295   12.5927
    7.5000   15.0000  -37.5000 2476.8066   12.7392
   -7.5000   22.5000  -37.5000 2416.0476   13.2522
    0.0000   22.5000  -37.5000 2432.6016   13.1925
    7.5000   22.5000  -37.5000 2412.6042   13.3631
   -7.5000   30.0000  -37.5000 2340.6021   14.1133
    0.0000   30.0000  -37.5000 2354.6614   14.0555
    7.5000   30.0000  -37.5000 2337.3135   14.2089
   -7.5000   37.5000  -37.5000 2257.2354   15.3833
    0.0000   37.5000  -37.5000 2269.0181   15.3329
    7.5000   37.5000  -37.5000 2255.5764   15.4867
   -7.5000   45.0000  -37.5000 2160.8733   17.0535
    0.0000   45.0000  -37.5000 2167.6575   17.0067
    7.5000   45.0000  -37.5000 2150.3823   17.1693
   -7.5000  -45.0000  -30.0000 2601.3965   12.8580
    0.0000  -45.0000  -30.0000 2621.7993   12.7454
    7.5000  -45.0000  -30.0000 2605.7048   12.8556
   -7.5000  -37.5000  -30.0000 2642.0554   12.3856
    0.0000  -37.5000  -30.0000 2657.3142   12.2727
    7.5000  -37.5000  -30.0000 2645.2698   12.3626
   -7.5000  -30.0000  -30.0000 2663.2646   12.0184
    0.0000  -30.0000  -30.0000 2679.4973   11.9051
    7.5000  -30.0000  -30.0000 2669.1665   12.0096
   -7.5000  -22.5000  -30.0000 2680.8301   11.7443
    0.0000  -22.5000  -30.0000 2700.8193   11.6401
    7.5000  -22.5000  -30.0000 2682.6724   11.7392
   -7.5000  -15.0000  -30.0000 2691.1516   11.5588
    0.0000  -15.0000  -30.0000 2708.0444   11.4391
    7.5000  -15.0000  -30.0000 2692.2390   11.5726
   -7.5000   -7.5000  -30.0000 2691.9619   11.4629
    0.0000   -7.5000  -30.0000 2706.6218   11.3655
    7.5000   -7.5000  -30.0000 2694.8142   11.4979
   -7.5000    0.0000  -30.0000 2687.0312   11.5237
    0.0000    0.0000  -30.0000 2706.4058   11.4273
    7.5000    0.0000  -30.0000 2686.5442   11.5712
   -7.5000    7.5000  -30.0000 2666.7759   11.7550
    0.0000    7.5000  -30.0000 2682.3586   11.6754
    7.5000    7.5000  -30.0000 2664.0378   11.8021
   -7.5000   15.0000  -30.0000 2622.3401   12.1442
    0.0000   15.0000  -30.0000 2639.0396   12.0645
    7.5000   15.0000  -30.0000 2618.0164   12.2172
   -7.5000   22.5000  -30.0000 2556.6960   12.6899
    0.0000   22.5000  -30.0000 2570.0764   12.5977
    7.5000   22.5000  -30.0000 2551.2620   12.7734
   -7.5000   30.0000  -30.0000 2473.8794   13.5013
    0.0000   30.0000  -30.0000 2485.6313   13.4141
    7.5000   30.0000  -30.0000 2468.6252   13.5791
   -7.5000   37.5000  -30.0000 2381.1985   14.7033
    0.0000   37.5000  -30.0000 2392.5674   14.6252
    7.5000   37.5000  -30.0000 2377.3367   14.7865
   -7.5000   45.0000  -30.0000 2275.6890   16.2811
    0.0000   45.0000  -30.0000 2281.4656   16.2142
    7.5000   45.0000  -30.0000 2269.8638   16.3704
   -7.5000  -45.0000  -22.5000 2704.8699   12.3927
    0.0000  -45.0000  -22.5000 2721.6838   12.2630
    7.5000  -45.0000  -22.5000 2708.6709   12.3449
   -7.5000  -37.5000  -22.5000 2739.0112   11.8943
    0.0000  -37.5000  -22.5000 2754.7764   11.7643
    7.5000  -37.5000  -22.5000 2744.7241   11.8519
   -7.5000  -30.0000  -22.5000 2764.0083   11.5205
    0.0000  -30.0000  -22.5000 2777.4094   11.4045
    7.5000  -30.0000  -22.5000 2768.1316   11.4863
   -7.5000  -22.5000  -22.5000 2780.2898   11.2705
    0.0000  -22.5000  -22.5000 2797.3574   11.1663
    7.5000  -22.5000  -22.5000 2782.7195   11.2312
   -7.5000  -15.0000  -22.5000 2792.3259   11.0753
    0.0000  -15.0000  -22.5000 2811.1060   10.9717
    7.5000  -15.0000  -22.5000 2797.0215   11.0613
   -7.5000   -7.5000  -22.5000 2798.2134   10.9811
    0.0000   -7.5000  -22.5000 2815.6909   10.8776
    7.5000   -7.5000  -22.5000 2802.8606   10.9996
   -7.5000    0.0000  -22.5000 2794.7329   11.0455
    0.0000    0.0000  -22.5000 2813.3994   10.9422
    7.5000    0.0000  -22.5000 2793.4478   11.0808
   -7.5000    7.5000  -22.5000 2776.6282   11.2701
    0.0000    7.5000  -22.5000 2792.5740   11.1830
    7.5000    7.5000  -22.5000 2771.5312   11.3015
   -7.5000   15.0000  -22.5000 2733.2532   11.6238
    0.0000   15.0000  -22.5000 2749.6702   11.5267
    7.5000   15.0000  -22.5000 2727.7241   11.6641
   -7.5000   22.5000  -22.5000 2669.2136   12.1124
    0.0000   22.5000  -22.5000 2681.4802   12.0195
    7.5000   22.5000  -22.5000 2663.3118   12.1718
   -7.5000   30.0000  -22.5000 2581.5369   12.8789
    0.0000   30.0000  -22.5000 2591.8938   12.7859
    7.5000   30.0000  -22.5000 2574.6877   12.9447
   -7.5000   37.5000  -22.5000 2480.1233   14.0156
    0.0000   37.5000  -22.5000 2491.5107   13.9365
    7.5000   37.5000  -22.5000 2477.3401   14.0961
   -7.5000   45.0000  -22.5000 2369.6533   15.5037
    0.0000   45.0000  -22.5000 2376.3398   15.4369
    7.5000   45.0000  -22.5000 2361.6987   15.6042
   -7.5000  -45.0000  -15.0000 2763.3857   11.9619
    0.0000  -45.0000  -15.0000 2780.8882   11.8190
    7.5000  -45.0000  -15.0000 2772.2930   11.9096
   -7.5000  -37.5000  -15.0000 2796.6833   11.4468
    0.0000  -37.5000  -15.0000 2810.2847   11.3089
    7.5000  -37.5000  -15.0000 2805.1096   11.3974
   -7.5000  -30.0000  -15.0000 2821.0681   11.0612
    0.0000  -30.0000  -15.0000 2836.1802   10.9317
    7.5000  -30.0000  -15.0000 2826.5156   11.0061
   -7.5000  -22.5000  -15.0000 2844.3857   10.8035
    0.0000  -22.5000  -15.0000 2859.0823   10.6788
    7.5000  -22.5000  -15.0000 2843.6931   10.7447
   -7.5000  -15.0000  -15.0000 2859.6758   10.6134
    0.0000  -15.0000  -15.0000 2876.8362   10.4882
    7.5000  -15.0000  -15.0000 2861.1812   10.5804
   -7.5000   -7.5000  -15.0000 2868.0222   10.5314
    0.0000   -7.5000  -15.0000 2886.6797   10.4094
    7.5000   -7.5000  -15.0000 2867.6667   10.5197
   -7.5000    0.0000  -15.0000 2875.5786   10.5706
    0.0000    0.0000  -15.0000 2891.1763   10.4330
    7.5000    0.0000  -15.0000 2868.9673   10.5715
   -7.5000    7.5000  -15.0000 2858.7202   10.7924
    0.0000    7.5000  -15.0000 2875.2473   10.6731
    7.5000    7.5000  -15.0000 2848.7644   10.8152
   -7.5000   15.0000  -15.0000 2814.3811   11.1487
    0.0000   15.0000  -15.0000 2830.2595   11.0240
    7.5000   15.0000  -15.0000 2805.0339   11.1759
   -7.5000   22.5000  -15.0000 2748.1040   11.6287
    0.0000   22.5000  -15.0000 2760.8674   11.5326
    7.5000   22.5000  -15.0000 2739.5188   11.6698
   -7.5000   30.0000  -15.0000 2659.3657   12.3369
    0.0000   30.0000  -15.0000 2674.4304   12.2391
    7.5000   30.0000  -15.0000 2651.1016   12.3962
   -7.5000   37.5000  -15.0000 2554.5005   13.4120
    0.0000   37.5000  -15.0000 2566.7593   13.3112
    7.5000   37.5000  -15.0000 2546.4861   13.4977
   -7.5000   45.0000  -15.0000 2438.4692   14.8375
    0.0000   45.0000  -15.0000 2447.3972   14.7372
    7.5000   45.0000  -15.0000 2430.1421   14.9391
   -7.5000  -45.0000   -7.5000 2796.2004   11.5929
    0.0000  -45.0000   -7.5000 2814.3284   11.4577
    7.5000  -45.0000   -7.5000 2802.4641   11.5265
   -7.5000  -37.5000   -7.5000 2827.4373   11.0630
    0.0000  -37.5000   -7.5000 2843.7231   10.9353
    7.5000  -37.5000   -7.5000 2834.0264   11.0040
   -7.5000  -30.0000   -7.5000 2847.9072   10.6590
    0.0000  -30.0000   -7.5000 2865.8560   10.5366
    7.5000  -30.0000   -7.5000 2858.9626   10.6050
   -7.5000  -22.5000   -7.5000 2872.0913   10.3866
    0.0000  -22.5000   -7.5000 2889.0852   10.2669
    7.5000  -22.5000   -7.5000 2879.6770   10.3263
   -7.5000  -15.0000   -7.5000 2897.6504   10.2235
    0.0000  -15.0000   -7.5000 2912.1550   10.1169
    7.5000  -15.0000   -7.5000 2896.6418   10.1648
   -7.5000   -7.5000   -7.5000 2906.9382   10.1522
    0.0000   -7.5000   -7.5000 2926.1868   10.0378
    7.5000   -7.5000   -7.5000 2907.5608   10.1028
   -7.5000    0.0000   -7.5000 2924.6958   10.1847
    0.0000    0.0000   -7.5000 2937.0969   10.0638
    7.5000    0.0000   -7.5000 2912.0037   10.1609
   -7.5000    7.5000   -7.5000 2916.2722   10.3816
    0.0000    7.5000   -7.5000 2927.5530   10.2725
    7.5000    7.5000   -7.5000 2900.4985   10.3938
   -7.5000   15.0000   -7.5000 2875.9795   10.7181
    0.0000   15.0000   -7.5000 2886.4817   10.6284
    7.5000   15.0000   -7.5000 2857.1311   10.7483
   -7.5000   22.5000   -7.5000 2806.7917   11.2179
    0.0000   22.5000   -7.5000 2821.1250   11.1376
    7.5000   22.5000   -7.5000 2791.5459   11.2389
   -7.5000   30.0000   -7.5000 2713.8833   11.9197
    0.0000   30.0000   -7.5000 2728.9785   11.8384
    7.5000   30.0000   -7.5000 2700.4641   11.9500
   -7.5000   37.5000   -7.5000 2607.5588   12.9299
    0.0000   37.5000   -7.5000 2619.8674   12.8563
    7.5000   37.5000   -7.5000 2597.2244   13.0120
   -7.5000   45.0000   -7.5000 2487.0527   14.2922
    0.0000   45.0000   -7.5000 2499.1426   14.2175
    7.5000   45.0000   -7.5000 2476.8096   14.3894
   -7.5000  -45.0000    0.0000 2800.0554   11.3461
    0.0000  -45.0000    0.0000 2818.5203   11.2294
    7.5000  -45.0000    0.0000 2806.6306   11.3021
   -7.5000  -37.5000    0.0000 2834.3142   10.8086
    0.0000  -37.5000    0.0000 2847.6453   10.7016
    7.5000  -37.5000    0.0000 2838.1946   10.7514
   -7.5000  -30.0000    0.0000 2858.5713   10.4008
    0.0000  -30.0000    0.0000 2870.0046   10.3058
    7.5000  -30.0000    0.0000 2866.6602   10.3539
   -7.5000  -22.5000    0.0000 2885.3523   10.1347
    0.0000  -22.5000    0.0000 2898.7603   10.0319
    7.5000  -22.5000    0.0000 2890.8633   10.0739
   -7.5000  -15.0000    0.0000 2915.5874   10.0002
    0.0000  -15.0000    0.0000 2926.3596    9.9324
    7.5000  -15.0000    0.0000 2913.2380    9.9412
   -7.5000   -7.5000    0.0000 2940.0117    9.9621
    0.0000   -7.5000    0.0000 2957.1294    9.9214
    7.5000   -7.5000    0.0000 2933.0955    9.9158
   -7.5000    0.0000    0.0000 2955.1265   10.0131
    0.0000    0.0000    0.0000 2969.4602    9.9768
    7.5000    0.0000    0.0000 2939.2246    9.9874
   -7.5000    7.5000    0.0000 2952.7715   10.1523
    0.0000    7.5000    0.0000 2961.4961   10.1381
    7.5000    7.5000    0.0000 2926.2654   10.1732
   -7.5000   15.0000    0.0000 2917.5896   10.4549
    0.0000   15.0000    0.0000 2925.2910   10.4247
    7.5000   15.0000    0.0000 2885.1570   10.4770
   -7.5000   22.5000    0.0000 2845.8333   10.9466
    0.0000   22.5000    0.0000 2857.5032   10.9061
    7.5000   22.5000    0.0000 2820.6370   10.9608
   -7.5000   30.0000    0.0000 2753.2874   11.6572
    0.0000   30.0000    0.0000 2760.3020   11.5950
    7.5000   30.0000    0.0000 2730.4282   11.6666
   -7.5000   37.5000    0.0000 2643.7432   12.6289
    0.0000   37.5000    0.0000 2651.2822   12.5918
    7.5000   37.5000    0.0000 2627.3550   12.7082
   -7.5000   45.0000    0.0000 2519.4895   13.9565
    0.0000   45.0000    0.0000 2526.6934   13.9426
    7.5000   45.0000    0.0000 2502.6304   14.0761
   -7.5000  -45.0000    7.5000 2789.9915   11.3118
    0.0000  -45.0000    7.5000 2806.6143   11.1768
    7.5000  -45.0000    7.5000 2797.4836   11.2620
   -7.5000  -37.5000    7.5000 2819.1401   10.7395
    0.0000  -37.5000    7.5000 2830.9312   10.6436
    7.5000  -37.5000    7.5000 2826.2595   10.7044
   -7.5000  -30.0000    7.5000 2843.3926   10.3157
    0.0000  -30.0000    7.5000 2855.0984   10.2466
    7.5000  -30.0000    7.5000 2851.4243   10.2794
   -7.5000  -22.5000    7.5000 2873.8533   10.0338
    0.0000  -22.5000    7.5000 2890.3420    9.9842
    7.5000  -22.5000    7.5000 2879.7351   10.0126
   -7.5000  -15.0000    7.5000 2913.6655    9.9151
    0.0000  -15.0000    7.5000 2929.4978    9.8964
    7.5000  -15.0000    7.5000 2907.3059    9.8988
   -7.5000   -7.5000    7.5000 2950.2324    9.9039
    0.0000   -7.5000    7.5000 2970.7593    9.9248
    7.5000   -7.5000    7.5000 2942.5701    9.8646
   -7.5000    0.0000    7.5000 2969.1953    9.9711
    0.0000    0.0000    7.5000 2990.9832   10.0005
    7.5000    0.0000    7.5000 2951.6355    9.9469
   -7.5000    7.5000    7.5000 2965.5701   10.1037
    0.0000    7.5000    7.5000 2976.1292   10.1158
    7.5000    7.5000    7.5000 2936.4634   10.1045
   -7.5000   15.0000    7.5000 2928.3662   10.3659
    0.0000   15.0000    7.5000 2934.5750   10.3361
    7.5000   15.0000    7.5000 2894.2842   10.3887
   -7.5000   22.5000    7.5000 2866.0601   10.8283
    0.0000   22.5000    7.5000 2869.6973   10.7829
    7.5000   22.5000    7.5000 2829.4417   10.8913
   -7.5000   30.0000    7.5000 2768.6160   11.5414
    0.0000   30.0000    7.5000 2769.9561   11.4775
    7.5000   30.0000    7.5000 2738.8057   11.6201
   -7.5000   37.5000    7.5000 2657.6707   12.5214
    0.0000   37.5000    7.5000 2660.9243   12.4631
    7.5000   37.5000    7.5000 2638.5254   12.6085
   -7.5000   45.0000    7.5000 2533.5068   13.8153
    0.0000   45.0000    7.5000 2540.6418   13.7582
    7.5000   45.0000    7.5000 2515.2302   13.9366
   -7.5000  -45.0000   15.0000 2760.7544   11.4335
    0.0000  -45.0000   15.0000 2772.2197   11.3385
    7.5000  -45.0000   15.0000 2767.5930   11.4002
   -7.5000  -37.5000   15.0000 2783.1946   10.8572
    0.0000  -37.5000   15.0000 2789.1079   10.8159
    7.5000  -37.5000   15.0000 2787.6182   10.8688
   -7.5000  -30.0000   15.0000 2808.7029   10.4360
    0.0000  -30.0000   15.0000 2816.0237   10.4046
    7.5000  -30.0000   15.0000 2810.6877   10.4357
   -7.5000  -22.5000   15.0000 2847.9897   10.1167
    0.0000  -22.5000   15.0000 2857.4475   10.0996
    7.5000  -22.5000   15.0000 2845.3484   10.1250
   -7.5000  -15.0000   15.0000 2894.4978    9.9502
    0.0000  -15.0000   15.0000 2907.9797    9.9268
    7.5000  -15.0000   15.0000 2889.0291    9.9543
   -7.5000   -7.5000   15.0000 2940.5366    9.9413
    0.0000   -7.5000   15.0000 2957.2383    9.9025
    7.5000   -7.5000   15.0000 2928.0144    9.9164
   -7.5000    0.0000   15.0000 2965.6514   10.0032
    0.0000    0.0000   15.0000 2982.5525    9.9538
    7.5000    0.0000   15.0000 2942.0071    9.9724
   -7.5000    7.5000   15.0000 2965.0994   10.1119
    0.0000    7.5000   15.0000 2971.9963   10.0519
    7.5000    7.5000   15.0000 2928.6860   10.1315
   -7.5000   15.0000   15.0000 2921.2349   10.3704
    0.0000   15.0000   15.0000 2923.8274   10.3267
    7.5000   15.0000   15.0000 2883.2986   10.4686
   -7.5000   22.5000   15.0000 2859.8599   10.8615
    0.0000   22.5000   15.0000 2857.6223   10.8225
    7.5000   22.5000   15.0000 2818.8167   10.9897
   -7.5000   30.0000   15.0000 2761.0840   11.6492
    0.0000   30.0000   15.0000 2756.7603   11.5904
    7.5000   30.0000   15.0000 2729.5300   11.7618
   -7.5000   37.5000   15.0000 2646.9883   12.6282
    0.0000   37.5000   15.0000 2649.1462   12.5578
    7.5000   37.5000   15.0000 2627.1392   12.7081
   -7.5000   45.0000   15.0000 2524.5386   13.8597
    0.0000   45.0000   15.0000 2528.3921   13.7883
    7.5000   45.0000   15.0000 2508.6672   13.9509
   -7.5000  -45.0000   22.5000 2725.4321   11.7044
    0.0000  -45.0000   22.5000 2734.2756   11.6351
    7.5000  -45.0000   22.5000 2727.8403   11.7245
   -7.5000  -37.5000   22.5000 2744.2681   11.1345
    0.0000  -37.5000   22.5000 2751.1143   11.0949
    7.5000  -37.5000   22.5000 2746.3586   11.1796
   -7.5000  -30.0000   22.5000 2769.6040   10.6643
    0.0000  -30.0000   22.5000 2778.9170   10.6318
    7.5000  -30.0000   22.5000 2766.5151   10.6969
   -7.5000  -22.5000   22.5000 2810.2812   10.3118
    0.0000  -22.5000   22.5000 2821.0571   10.2914
    7.5000  -22.5000   22.5000 2805.8745   10.3561
   -7.5000  -15.0000   22.5000 2865.3337   10.1013
    0.0000  -15.0000   22.5000 2875.2788   10.0655
    7.5000  -15.0000   22.5000 2855.5234   10.1541
   -7.5000   -7.5000   22.5000 2914.8838   10.0952
    0.0000   -7.5000   22.5000 2925.7852   10.0342
    7.5000   -7.5000   22.5000 2897.8347   10.0981
   -7.5000    0.0000   22.5000 2942.9644   10.0991
    0.0000    0.0000   22.5000 2953.1609   10.0566
    7.5000    0.0000   22.5000 2918.5449   10.1326
   -7.5000    7.5000   22.5000 2945.0894   10.1947
    0.0000    7.5000   22.5000 2949.7068   10.1520
    7.5000    7.5000   22.5000 2908.7026   10.3174
   -7.5000   15.0000   22.5000 2902.5862   10.5006
    0.0000   15.0000   22.5000 2904.5945   10.4443
    7.5000   15.0000   22.5000 2867.1519   10.6416
   -7.5000   22.5000   22.5000 2840.4607   11.0479
    0.0000   22.5000   22.5000 2840.2571   10.9838
    7.5000   22.5000   22.5000 2804.8650   11.1932
   -7.5000   30.0000   22.5000 2744.4329   11.8276
    0.0000   30.0000   22.5000 2741.5715   11.7596
    7.5000   30.0000   22.5000 2714.4460   11.9600
   -7.5000   37.5000   22.5000 2624.2197   12.8405
    0.0000   37.5000   22.5000 2626.4893   12.7799
    7.5000   37.5000   22.5000 2604.0474   12.9617
   -7.5000   45.0000   22.5000 2499.4800   14.0836
    0.0000   45.0000   22.5000 2505.2661   14.0159
    7.5000   45.0000   22.5000 2482.0815   14.1974
   -7.5000  -45.0000   30.0000 2679.4387   12.1206
    0.0000  -45.0000   30.0000 2686.2351   12.0398
    7.5000  -45.0000   30.0000 2680.0972   12.1736
   -7.5000  -37.5000   30.0000 2696.4465   11.5072
    0.0000  -37.5000   30.0000 2702.3499   11.4580
    7.5000  -37.5000   30.0000 2698.8579   11.5953
   -7.5000  -30.0000   30.0000 2723.5925   11.0192
    0.0000  -30.0000   30.0000 2731.5801   10.9782
    7.5000  -30.0000   30.0000 2722.1602   11.1106
   -7.5000  -22.5000   30.0000 2764.7158   10.6380
    0.0000  -22.5000   30.0000 2771.1870   10.6142
    7.5000  -22.5000   30.0000 2757.2510   10.7509
   -7.5000  -15.0000   30.0000 2816.8848   10.4322
    0.0000  -15.0000   30.0000 2821.1914   10.4025
    7.5000  -15.0000   30.0000 2802.5737   10.5470
   -7.5000   -7.5000   30.0000 2868.6169   10.4001
    0.0000   -7.5000   30.0000 2874.1238   10.3724
    7.5000   -7.5000   30.0000 2845.3376   10.4774
   -7.5000    0.0000   30.0000 2893.0703   10.4184
    0.0000    0.0000   30.0000 2896.3350   10.4077
    7.5000    0.0000   30.0000 2865.8250   10.5539
   -7.5000    7.5000   30.0000 2891.5396   10.5451
    0.0000    7.5000   30.0000 2892.5122   10.5224
    7.5000    7.5000   30.0000 2859.1628   10.7457
   -7.5000   15.0000   30.0000 2854.0476   10.8914
    0.0000   15.0000   30.0000 2858.7708   10.8355
    7.5000   15.0000   30.0000 2822.7458   11.0577
   -7.5000   22.5000   30.0000 2798.5012   11.4215
    0.0000   22.5000   30.0000 2799.9082   11.3523
    7.5000   22.5000   30.0000 2766.6858   11.5762
   -7.5000   30.0000   30.0000 2709.9375   12.1312
    0.0000   30.0000   30.0000 2711.0330   12.0782
    7.5000   30.0000   30.0000 2680.1001   12.2938
   -7.5000   37.5000   30.0000 2599.4617   13.1174
    0.0000   37.5000   30.0000 2599.3669   13.0718
    7.5000   37.5000   30.0000 2570.7185   13.2908
   -7.5000   45.0000   30.0000 2465.6819   14.3745
    0.0000   45.0000   30.0000 2472.0508   14.3145
    7.5000   45.0000   30.0000 2446.8857   14.5342
   -7.5000  -45.0000   37.5000 2627.9473   12.6286
    0.0000  -45.0000   37.5000 2633.6692   12.5317
    7.5000  -45.0000   37.5000 2623.2070   12.7405
   -7.5000  -37.5000   37.5000 2648.3684   11.9897
    0.0000  -37.5000   37.5000 2652.0178   11.9050
    7.5000  -37.5000   37.5000 2646.7476   12.1102
   -7.5000  -30.0000   37.5000 2674.3171   11.4850
    0.0000  -30.0000   37.5000 2678.7258   11.4198
    7.5000  -30.0000   37.5000 2668.6475   11.6093
   -7.5000  -22.5000   37.5000 2712.8252   11.1104
    0.0000  -22.5000   37.5000 2717.5640   11.0811
    7.5000  -22.5000   37.5000 2703.3086   11.2625
   -7.5000  -15.0000   37.5000 2755.1787   10.9333
    0.0000  -15.0000   37.5000 2759.9004   10.9082
    7.5000  -15.0000   37.5000 2743.7339   11.0673
   -7.5000   -7.5000   37.5000 2803.0723   10.9143
    0.0000   -7.5000   37.5000 2807.8699   10.8849
    7.5000   -7.5000   37.5000 2781.1565   11.0369
   -7.5000    0.0000   37.5000 2824.9338   10.9610
    0.0000    0.0000   37.5000 2825.5896   10.9267
    7.5000    0.0000   37.5000 2795.7969   11.1402
   -7.5000    7.5000   37.5000 2818.2234   11.1259
    0.0000    7.5000   37.5000 2818.9480   11.1025
    7.5000    7.5000   37.5000 2788.7427   11.3558
   -7.5000   15.0000   37.5000 2785.1011   11.4914
    0.0000   15.0000   37.5000 2786.0317   11.4346
    7.5000   15.0000   37.5000 2758.1423   11.6707
   -7.5000   22.5000   37.5000 2735.0955   11.9833
    0.0000   22.5000   37.5000 2734.9277   11.9284
    7.5000   22.5000   37.5000 2709.0786   12.1252
   -7.5000   30.0000   37.5000 2657.9976   12.6417
    0.0000   30.0000   37.5000 2657.5723   12.6002
    7.5000   30.0000   37.5000 2628.6453   12.8117
   -7.5000   37.5000   37.5000 2563.9888   13.5787
    0.0000   37.5000   37.5000 2557.2700   13.5405
    7.5000   37.5000   37.5000 2528.2395   13.7726
   -7.5000   45.0000   37.5000 2430.7266   14.8042
    0.0000   45.0000   37.5000 2434.3066   14.7684
    7.5000   45.0000   37.5000 2409.3906   14.9814
   -7.5000  -45.0000   45.0000 2562.3870   13.2639
    0.0000  -45.0000   45.0000 2567.8479   13.1410
    7.5000  -45.0000   45.0000 2558.8188   13.4241
   -7.5000  -37.5000   45.0000 2586.1416   12.6185
    0.0000  -37.5000   45.0000 2589.3992   12.5161
    7.5000  -37.5000   45.0000 2581.2251   12.7804
   -7.5000  -30.0000   45.0000 2614.7751   12.1152
    0.0000  -30.0000   45.0000 2614.5481   12.0254
    7.5000  -30.0000   45.0000 2604.7356   12.2749
   -7.5000  -22.5000   45.0000 2654.6353   11.7501
    0.0000  -22.5000   45.0000 2654.2529   11.6907
    7.5000  -22.5000   45.0000 2636.8640   11.9288
   -7.5000  -15.0000   45.0000 2691.3938   11.6019
    0.0000  -15.0000   45.0000 2694.3850   11.5644
    7.5000  -15.0000   45.0000 2672.6909   11.7804
   -7.5000   -7.5000   45.0000 2728.4026   11.5816
    0.0000   -7.5000   45.0000 2730.0801   11.5460
    7.5000   -7.5000   45.0000 2702.3672   11.7535
   -7.5000    0.0000   45.0000 2741.0549   11.6483
    0.0000    0.0000   45.0000 2741.6379   11.6221
    7.5000    0.0000   45.0000 2711.1450   11.8647
   -7.5000    7.5000   45.0000 2732.4238   11.8389
    0.0000    7.5000   45.0000 2734.1475   11.8225
    7.5000    7.5000   45.0000 2707.3459   12.0869
   -7.5000   15.0000   45.0000 2701.4612   12.2299
    0.0000   15.0000   45.0000 2703.5566   12.1808
    7.5000   15.0000   45.0000 2676.4128   12.4085
   -7.5000   22.5000   45.0000 2651.6335   12.7008
    0.0000   22.5000   45.0000 2653.5640   12.6528
    7.5000   22.5000   45.0000 2626.6489   12.8644
   -7.5000   30.0000   45.0000 2591.6428   13.3090
    0.0000   30.0000   45.0000 2589.5325   13.2572
    7.5000   30.0000   45.0000 2558.7063   13.5086
   -7.5000   37.5000   45.0000 2507.8079   14.1887
    0.0000   37.5000   45.0000 2503.7175   14.1584
    7.5000   37.5000   45.0000 2470.7153   14.4224
   -7.5000   45.0000   45.0000 2384.8892   15.4100
    0.0000   45.0000   45.0000 2385.6824   15.3901
    7.5000   45.0000   45.0000 2359.0752   15.6209

---------------------------------------------------------------------
imgreg_4dfp /opt/freesurfer/average/711-2C_as_mni_average_305 /opt/freesurfer/average/711-2B_as_mni_average_305_mask talsrcimg_g11 none talsrcimg_to_711-2C_as_mni_average_305_t4 1283
---------------------------------------------------------------------

freesurfer imgreg_4dfp.c
/opt/freesurfer/average/711-2C_as_mni_average_305.4dfp.img
       256       256       256         1
  1.000000  1.000000  1.000000
orientation T byte_order littleendian
Reading image: /opt/freesurfer/average/711-2C_as_mni_average_305.4dfp.img
dimensions:      256       256       256
mmppix:       1.0000   -1.0000   -1.0000
center:     128.0000 -129.0000 -129.0000
/opt/freesurfer/average/711-2B_as_mni_average_305_mask.4dfp.img
       256       256       256         1
  1.000000  1.000000  1.000000
orientation T byte_order littleendian
Reading mask: /opt/freesurfer/average/711-2B_as_mni_average_305_mask.4dfp.img (2306576 pixels)
talsrcimg_g11.4dfp.img
       256       256       256         1
  1.000000  1.000000  1.000000
orientation T byte_order littleendian
Reading image: talsrcimg_g11.4dfp.img
dimensions:      256       256       256
mmppix:       1.0000   -1.0000   -1.0000
center:     128.0000 -129.0000 -129.0000
rotation matrix determinant  1.000000
fimgreg.f
image alignment mode   1283 decimal      503 hex
parameters
    0.0000    0.0000    7.5000    0.0000    0.0000    0.0000
eta,q 0.93709 10.03521
niter,ni,del,rscale     5    3   12.0000    1.2000
parameter  2 -0.828173 -> -0.500000 qaram    1.1500
parameter  4-27.558407 ->  0.500000 qaram    1.1500
parameters
   -1.2967    3.4500    8.2734   -3.4500    0.0961    2.5406
eta,q 0.94676  9.91292
  0.0690  0.0660  0.0665  0.0503  0.0596  0.0633
  0.0653  0.0640  0.0642  0.0533  0.0569  0.0599
  0.0635  0.0635  0.0622  0.0570  0.0549  0.0566
  0.0644  0.0634  0.0610  0.0611  0.0543  0.0543
  0.0669  0.0621  0.0619  0.0659  0.0550  0.0533
  0.0702  0.0611  0.0635  0.0695  0.0569  0.0536
  0.0745  0.0623  0.0639  0.0719  0.0591  0.0554
niter,ni,del,rscale     6    3   12.0000    1.2000
parameter  4  3.197644 ->  0.500000 qaram    1.3225
parameters
   -1.4061    2.1740    9.2973   -7.4175    0.6164    2.0170
eta,q 0.95264  9.84001
  0.0641  0.0593  0.0597  0.0450  0.0533  0.0518
  0.0594  0.0576  0.0559  0.0469  0.0505  0.0491
  0.0551  0.0549  0.0537  0.0496  0.0484  0.0475
  0.0532  0.0532  0.0537  0.0540  0.0475  0.0475
  0.0550  0.0556  0.0543  0.0598  0.0479  0.0488
  0.0595  0.0614  0.0551  0.0638  0.0493  0.0507
  0.0652  0.0679  0.0557  0.0672  0.0516  0.0530
niter,ni,del,rscale     6    3   12.0000    1.2000
parameter  4  1.479323 ->  0.500000 qaram    1.5209
parameters
   -1.6062    2.5190   10.0519  -11.9801    1.1622    2.4597
eta,q 0.95726  9.89443
  0.0587  0.0593  0.0511  0.0395  0.0488  0.0478
  0.0532  0.0525  0.0492  0.0419  0.0464  0.0450
  0.0487  0.0482  0.0481  0.0451  0.0442  0.0433
  0.0474  0.0473  0.0474  0.0473  0.0428  0.0427
  0.0496  0.0486  0.0473  0.0509  0.0431  0.0429
  0.0544  0.0513  0.0477  0.0575  0.0447  0.0441
  0.0600  0.0566  0.0499  0.0633  0.0474  0.0464
niter,ni,del,rscale     6    3   12.0000    1.2000
parameter  4  1.783935 ->  0.500000 qaram    1.7490
parameters
   -1.8030    3.6098    7.9161  -17.2272    1.8457    1.8589
eta,q 0.96547  9.80269
  0.0543  0.0542  0.0439  0.0353  0.0432  0.0398
  0.0483  0.0474  0.0425  0.0344  0.0395  0.0368
  0.0438  0.0443  0.0422  0.0372  0.0364  0.0348
  0.0427  0.0427  0.0423  0.0422  0.0348  0.0347
  0.0450  0.0424  0.0441  0.0470  0.0351  0.0361
  0.0498  0.0443  0.0477  0.0499  0.0373  0.0386
  0.0553  0.0483  0.0516  0.0545  0.0403  0.0420
niter,ni,del,rscale     6    3   12.0000    1.2000
parameters
   -2.5361    5.0926    7.4723  -22.2686    2.4192    1.6676
eta,q 0.96695  9.85070
  0.0459  0.0522  0.0414  0.0357  0.0416  0.0392
  0.0394  0.0442  0.0372  0.0343  0.0382  0.0365
  0.0346  0.0374  0.0347  0.0330  0.0353  0.0339
  0.0345  0.0340  0.0346  0.0345  0.0333  0.0331
  0.0387  0.0355  0.0362  0.0393  0.0334  0.0341
  0.0451  0.0381  0.0394  0.0459  0.0359  0.0368
  0.0511  0.0410  0.0428  0.0508  0.0395  0.0402
niter,ni,del,rscale     5    3   12.0000    1.2000
parameters
   -2.7402    6.8311    5.8855  -23.7189    2.6684    1.6566
eta,q 0.96859  9.85636
  0.0476  0.0479  0.0362  0.0399  0.0382  0.0377
  0.0401  0.0407  0.0331  0.0351  0.0349  0.0347
  0.0342  0.0356  0.0322  0.0315  0.0326  0.0321
  0.0331  0.0329  0.0330  0.0323  0.0315  0.0314
  0.0364  0.0332  0.0349  0.0355  0.0320  0.0324
  0.0423  0.0349  0.0381  0.0387  0.0343  0.0345
  0.0485  0.0376  0.0424  0.0447  0.0372  0.0378
niter,ni,del,rscale     4    3   12.0000    1.2000
parameters
   -2.8294    6.8951    5.6602  -24.2036    2.7428    1.6863
eta,q 0.96889  9.84625
  0.0472  0.0417  0.0388  0.0403  0.0376  0.0378
  0.0391  0.0363  0.0340  0.0374  0.0344  0.0346
  0.0329  0.0332  0.0316  0.0321  0.0322  0.0318
  0.0314  0.0314  0.0313  0.0313  0.0311  0.0311
  0.0345  0.0323  0.0329  0.0342  0.0318  0.0321
  0.0403  0.0358  0.0357  0.0374  0.0342  0.0343
  0.0472  0.0417  0.0390  0.0423  0.0373  0.0377
niter,ni,del,rscale     3    3   12.0000    1.2000
parameters
   -2.8400    7.0009    5.5830  -24.4245    2.7481    1.7132
eta,q 0.96900  9.84296
  0.0475  0.0419  0.0392  0.0402  0.0374  0.0378
  0.0392  0.0366  0.0341  0.0380  0.0342  0.0345
  0.0329  0.0334  0.0315  0.0326  0.0321  0.0317
  0.0311  0.0311  0.0311  0.0310  0.0310  0.0310
  0.0340  0.0321  0.0325  0.0337  0.0318  0.0321
  0.0399  0.0360  0.0353  0.0372  0.0342  0.0343
  0.0468  0.0417  0.0387  0.0416  0.0374  0.0377
niter,ni,del,rscale     2    3   12.0000    1.2000
parameters
   -2.8387    7.0575    5.5562  -24.5219    2.7362    1.7362
eta,q 0.96903  9.84113
  0.0475  0.0419  0.0394  0.0402  0.0373  0.0378
  0.0392  0.0366  0.0342  0.0382  0.0342  0.0345
  0.0328  0.0333  0.0315  0.0329  0.0320  0.0317
  0.0310  0.0310  0.0310  0.0310  0.0310  0.0310
  0.0339  0.0321  0.0324  0.0335  0.0318  0.0320
  0.0398  0.0363  0.0352  0.0371  0.0343  0.0343
  0.0468  0.0419  0.0386  0.0413  0.0374  0.0377
registration optimization eta report
parameter search radius
    6.0000    6.9000    6.0000   10.4940    6.0000    6.0000
100000*second partial in parameter space
       44.       22.       22.        8.       17.       19.
  0.0475  0.0419  0.0394  0.0402  0.0373  0.0378
  0.0392  0.0366  0.0342  0.0382  0.0342  0.0345
  0.0328  0.0333  0.0315  0.0329  0.0320  0.0317
  0.0310  0.0310  0.0310  0.0310  0.0310  0.0310
  0.0339  0.0321  0.0324  0.0335  0.0318  0.0320
  0.0398  0.0363  0.0352  0.0371  0.0343  0.0343
  0.0468  0.0419  0.0386  0.0413  0.0374  0.0377
   -2.8387    7.0575    5.5562  -24.5219    2.7362    1.7362
eta,q 0.96903  9.84113

---------------------------------------------------------------------
imgreg_4dfp /opt/freesurfer/average/711-2C_as_mni_average_305 /opt/freesurfer/average/711-2B_as_mni_average_305_mask talsrcimg_g11 none talsrcimg_to_711-2C_as_mni_average_305_t4 3335
---------------------------------------------------------------------

freesurfer imgreg_4dfp.c
/opt/freesurfer/average/711-2C_as_mni_average_305.4dfp.img
       256       256       256         1
  1.000000  1.000000  1.000000
orientation T byte_order littleendian
Reading image: /opt/freesurfer/average/711-2C_as_mni_average_305.4dfp.img
dimensions:      256       256       256
mmppix:       1.0000   -1.0000   -1.0000
center:     128.0000 -129.0000 -129.0000
/opt/freesurfer/average/711-2B_as_mni_average_305_mask.4dfp.img
       256       256       256         1
  1.000000  1.000000  1.000000
orientation T byte_order littleendian
Reading mask: /opt/freesurfer/average/711-2B_as_mni_average_305_mask.4dfp.img (2306576 pixels)
talsrcimg_g11.4dfp.img
       256       256       256         1
  1.000000  1.000000  1.000000
orientation T byte_order littleendian
Reading image: talsrcimg_g11.4dfp.img
dimensions:      256       256       256
mmppix:       1.0000   -1.0000   -1.0000
center:     128.0000 -129.0000 -129.0000
fimgreg.f
image alignment mode   3335 decimal      D07 hex
parameters
   -2.8387    7.0575    5.5562   -0.1599   -9.0014   -9.1234
   -0.7760   -5.5987    3.0263   41.3534    4.7738  -41.4567
eta,q 0.96905  9.92695
niter,ni,del,rscale     5    3    5.0000    1.2000
parameter  5  3.608930 ->  0.500000 qaram    1.1500
parameter 12 -0.560422 -> -0.500000 qaram    1.1500
parameters
   -3.0269    7.4957    5.9085   -2.2011  -13.1414   -8.8353
    1.9394   -6.5496    4.1662   38.6272    1.4707  -37.3167
eta,q 0.97290  9.61599
  0.0335  0.0329  0.0323  0.0320  0.0276  0.0298  0.0318  0.0307  0.0306  0.0288  0.0278  0.0301
  0.0320  0.0319  0.0316  0.0313  0.0283  0.0290  0.0304  0.0291  0.0295  0.0279  0.0275  0.0290
  0.0311  0.0312  0.0311  0.0309  0.0294  0.0286  0.0292  0.0283  0.0287  0.0277  0.0275  0.0281
  0.0309  0.0309  0.0309  0.0309  0.0308  0.0285  0.0285  0.0283  0.0282  0.0282  0.0277  0.0275
  0.0315  0.0309  0.0309  0.0317  0.0323  0.0284  0.0283  0.0289  0.0282  0.0290  0.0280  0.0272
  0.0327  0.0312  0.0311  0.0333  0.0336  0.0287  0.0284  0.0303  0.0286  0.0302  0.0285  0.0271
  0.0344  0.0318  0.0316  0.0350  0.0351  0.0297  0.0290  0.0324  0.0295  0.0315  0.0291  0.0274
niter,ni,del,rscale     6    3    5.0000    1.2000
parameters
   -3.0505    7.5976    6.2641   -2.2212  -16.4929   -8.9252
    1.2535   -6.4099    4.4908   39.1811    1.9440  -37.5899
eta,q 0.97359  9.50106
  0.0300  0.0297  0.0288  0.0293  0.0278  0.0279  0.0284  0.0300  0.0286  0.0291  0.0272  0.0280
  0.0284  0.0283  0.0280  0.0283  0.0268  0.0271  0.0272  0.0280  0.0275  0.0279  0.0268  0.0271
  0.0275  0.0274  0.0274  0.0275  0.0265  0.0266  0.0266  0.0268  0.0268  0.0270  0.0265  0.0266
  0.0271  0.0271  0.0271  0.0271  0.0271  0.0265  0.0265  0.0264  0.0265  0.0264  0.0264  0.0264
  0.0274  0.0273  0.0271  0.0272  0.0284  0.0265  0.0269  0.0268  0.0266  0.0266  0.0265  0.0266
  0.0284  0.0280  0.0274  0.0281  0.0301  0.0269  0.0279  0.0279  0.0273  0.0273  0.0267  0.0273
  0.0302  0.0293  0.0281  0.0296  0.0319  0.0281  0.0292  0.0297  0.0283  0.0285  0.0270  0.0282
niter,ni,del,rscale     5    3    5.0000    1.2000
parameters
   -3.0533    7.8789    6.1038   -1.9226  -16.9437   -9.1979
    1.2024   -6.4466    4.5839   39.6141    1.5314  -37.8038
eta,q 0.97367  9.49566
  0.0294  0.0296  0.0276  0.0287  0.0291  0.0277  0.0287  0.0297  0.0284  0.0289  0.0270  0.0279
  0.0278  0.0280  0.0269  0.0277  0.0278  0.0269  0.0274  0.0278  0.0273  0.0278  0.0266  0.0271
  0.0268  0.0269  0.0265  0.0268  0.0267  0.0265  0.0266  0.0267  0.0266  0.0269  0.0264  0.0265
  0.0264  0.0264  0.0264  0.0264  0.0263  0.0263  0.0264  0.0264  0.0263  0.0263  0.0263  0.0263
  0.0267  0.0265  0.0266  0.0264  0.0269  0.0264  0.0267  0.0267  0.0266  0.0265  0.0264  0.0265
  0.0277  0.0272  0.0271  0.0272  0.0281  0.0269  0.0275  0.0279  0.0273  0.0273  0.0267  0.0272
  0.0295  0.0284  0.0279  0.0286  0.0299  0.0281  0.0287  0.0298  0.0283  0.0285  0.0271  0.0281
niter,ni,del,rscale     4    3    5.0000    1.2000
parameters
   -3.0518    7.9585    5.9421   -1.8676  -17.1862   -9.4283
    1.1852   -6.4340    4.6844   39.8224    1.2713  -37.9690
eta,q 0.97369  9.48459
  0.0293  0.0291  0.0275  0.0285  0.0292  0.0277  0.0286  0.0297  0.0284  0.0288  0.0270  0.0279
  0.0277  0.0276  0.0268  0.0276  0.0279  0.0269  0.0274  0.0278  0.0273  0.0277  0.0266  0.0271
  0.0267  0.0267  0.0264  0.0267  0.0268  0.0264  0.0266  0.0267  0.0266  0.0268  0.0264  0.0265
  0.0263  0.0263  0.0263  0.0263  0.0263  0.0263  0.0263  0.0263  0.0263  0.0263  0.0263  0.0263
  0.0266  0.0266  0.0265  0.0264  0.0268  0.0264  0.0266  0.0267  0.0266  0.0265  0.0264  0.0265
  0.0277  0.0274  0.0270  0.0272  0.0280  0.0269  0.0274  0.0278  0.0272  0.0274  0.0267  0.0272
  0.0294  0.0288  0.0279  0.0287  0.0297  0.0281  0.0287  0.0297  0.0283  0.0287  0.0271  0.0281
niter,ni,del,rscale     3    3    5.0000    1.2000
parameters
   -3.0398    7.9897    5.8311   -1.8459  -17.3108   -9.5868
    1.1665   -6.4260    4.7365   39.9237    1.1332  -38.0784
eta,q 0.97369  9.47723
  0.0293  0.0290  0.0276  0.0285  0.0293  0.0277  0.0286  0.0297  0.0284  0.0287  0.0270  0.0280
  0.0277  0.0276  0.0268  0.0275  0.0279  0.0269  0.0274  0.0278  0.0273  0.0276  0.0266  0.0271
  0.0267  0.0266  0.0264  0.0267  0.0268  0.0264  0.0266  0.0267  0.0266  0.0267  0.0264  0.0265
  0.0263  0.0263  0.0263  0.0263  0.0263  0.0263  0.0263  0.0263  0.0263  0.0263  0.0263  0.0263
  0.0266  0.0266  0.0265  0.0264  0.0267  0.0264  0.0266  0.0267  0.0265  0.0266  0.0264  0.0265
  0.0276  0.0275  0.0270  0.0273  0.0279  0.0268  0.0274  0.0278  0.0272  0.0274  0.0267  0.0271
  0.0293  0.0288  0.0278  0.0288  0.0296  0.0280  0.0287  0.0297  0.0283  0.0287  0.0271  0.0280
niter,ni,del,rscale     2    3    5.0000    1.2000
parameters
   -3.0322    8.0036    5.7594   -1.8358  -17.3797   -9.6862
    1.1564   -6.4182    4.7689   39.9824    1.0581  -38.1494
eta,q 0.97370  9.47282
  0.0293  0.0289  0.0276  0.0285  0.0293  0.0278  0.0286  0.0297  0.0284  0.0287  0.0270  0.0280
  0.0277  0.0275  0.0269  0.0275  0.0279  0.0269  0.0274  0.0278  0.0273  0.0276  0.0266  0.0271
  0.0267  0.0266  0.0264  0.0267  0.0268  0.0264  0.0266  0.0266  0.0266  0.0267  0.0264  0.0265
  0.0263  0.0263  0.0263  0.0263  0.0263  0.0263  0.0263  0.0263  0.0263  0.0263  0.0263  0.0263
  0.0266  0.0266  0.0265  0.0264  0.0267  0.0264  0.0266  0.0267  0.0266  0.0266  0.0264  0.0265
  0.0276  0.0275  0.0270  0.0273  0.0279  0.0268  0.0274  0.0278  0.0273  0.0274  0.0267  0.0271
  0.0293  0.0289  0.0278  0.0288  0.0296  0.0280  0.0287  0.0297  0.0284  0.0287  0.0271  0.0280
niter,ni,del,rscale     1    3    5.0000    1.2000
parameters
   -3.0259    8.0108    5.7185   -1.8313  -17.4144   -9.7229
    1.1574   -6.4148    4.7872   40.0131    0.9906  -38.1872
eta,q 0.97370  9.47115
  0.0293  0.0289  0.0276  0.0285  0.0293  0.0278  0.0286  0.0297  0.0284  0.0287  0.0270  0.0280
  0.0277  0.0275  0.0269  0.0275  0.0280  0.0269  0.0274  0.0278  0.0273  0.0276  0.0266  0.0271
  0.0267  0.0266  0.0264  0.0267  0.0268  0.0264  0.0266  0.0266  0.0266  0.0267  0.0264  0.0265
  0.0263  0.0263  0.0263  0.0263  0.0263  0.0263  0.0263  0.0263  0.0263  0.0263  0.0263  0.0263
  0.0266  0.0266  0.0265  0.0264  0.0267  0.0264  0.0266  0.0267  0.0266  0.0266  0.0264  0.0265
  0.0276  0.0275  0.0270  0.0273  0.0278  0.0268  0.0274  0.0278  0.0273  0.0275  0.0267  0.0271
  0.0293  0.0289  0.0277  0.0287  0.0295  0.0280  0.0286  0.0297  0.0284  0.0287  0.0271  0.0280
registration optimization eta report
parameter search radius
    2.4000    2.4000    2.4000    7.2000    8.2800    7.2000
    7.2000    7.2000    7.2000    7.2000    7.2000    8.2800
100000*second partial in parameter space
       52.       45.       24.        4.        4.        3.
        5.        7.        4.        5.        1.        2.
  0.0293  0.0289  0.0276  0.0285  0.0293  0.0278  0.0286  0.0297  0.0284  0.0287  0.0270  0.0280
  0.0277  0.0275  0.0269  0.0275  0.0280  0.0269  0.0274  0.0278  0.0273  0.0276  0.0266  0.0271
  0.0267  0.0266  0.0264  0.0267  0.0268  0.0264  0.0266  0.0266  0.0266  0.0267  0.0264  0.0265
  0.0263  0.0263  0.0263  0.0263  0.0263  0.0263  0.0263  0.0263  0.0263  0.0263  0.0263  0.0263
  0.0266  0.0266  0.0265  0.0264  0.0267  0.0264  0.0266  0.0267  0.0266  0.0266  0.0264  0.0265
  0.0276  0.0275  0.0270  0.0273  0.0278  0.0268  0.0274  0.0278  0.0273  0.0275  0.0267  0.0271
  0.0293  0.0289  0.0277  0.0287  0.0295  0.0280  0.0286  0.0297  0.0284  0.0287  0.0271  0.0280
   -3.0259    8.0108    5.7185   -1.8313  -17.4144   -9.7229
    1.1574   -6.4148    4.7872   40.0131    0.9906  -38.1872
eta,q 0.97370  9.47115

---------------------------------------------------------------------
imgreg_4dfp /opt/freesurfer/average/711-2C_as_mni_average_305 /opt/freesurfer/average/711-2B_as_mni_average_305_mask talsrcimg_g11 none talsrcimg_to_711-2C_as_mni_average_305_t4 2311
---------------------------------------------------------------------

freesurfer imgreg_4dfp.c
/opt/freesurfer/average/711-2C_as_mni_average_305.4dfp.img
       256       256       256         1
  1.000000  1.000000  1.000000
orientation T byte_order littleendian
Reading image: /opt/freesurfer/average/711-2C_as_mni_average_305.4dfp.img
dimensions:      256       256       256
mmppix:       1.0000   -1.0000   -1.0000
center:     128.0000 -129.0000 -129.0000
/opt/freesurfer/average/711-2B_as_mni_average_305_mask.4dfp.img
       256       256       256         1
  1.000000  1.000000  1.000000
orientation T byte_order littleendian
Reading mask: /opt/freesurfer/average/711-2B_as_mni_average_305_mask.4dfp.img (2306576 pixels)
talsrcimg_g11.4dfp.img
       256       256       256         1
  1.000000  1.000000  1.000000
orientation T byte_order littleendian
Reading image: talsrcimg_g11.4dfp.img
dimensions:      256       256       256
mmppix:       1.0000   -1.0000   -1.0000
center:     128.0000 -129.0000 -129.0000
fimgreg.f
image alignment mode   2311 decimal      907 hex
parameters
   -3.0259    8.0108    5.7185   -1.8313  -17.4144   -9.7229
    1.1574   -6.4148    4.7872   40.0131    0.9906  -38.1872
eta,q 0.97370  9.47116
niter,ni,del,rscale     5    3    5.0000    0.8000
parameters
   -2.9972    8.0095    5.6914   -1.4219  -17.2340   -9.3861
    1.1299   -6.4178    4.7990   40.1660    0.7733  -38.3094
eta,q 0.97373  9.51500
  0.0277  0.0275  0.0269  0.0275  0.0276  0.0269  0.0274  0.0279  0.0273  0.0276  0.0266  0.0268
  0.0269  0.0269  0.0266  0.0269  0.0270  0.0266  0.0268  0.0269  0.0267  0.0270  0.0264  0.0265
  0.0265  0.0264  0.0264  0.0265  0.0265  0.0263  0.0264  0.0264  0.0264  0.0265  0.0263  0.0263
  0.0263  0.0263  0.0263  0.0263  0.0263  0.0263  0.0263  0.0263  0.0263  0.0263  0.0263  0.0263
  0.0264  0.0264  0.0264  0.0263  0.0264  0.0263  0.0264  0.0265  0.0264  0.0264  0.0263  0.0263
  0.0269  0.0269  0.0266  0.0266  0.0268  0.0264  0.0268  0.0270  0.0267  0.0268  0.0265  0.0266
  0.0276  0.0275  0.0269  0.0273  0.0275  0.0268  0.0274  0.0278  0.0273  0.0275  0.0267  0.0269
niter,ni,del,rscale     4    3    5.0000    0.7000
parameters
   -2.9985    8.0079    5.7317   -1.3517  -17.2647   -9.1806
    1.1378   -6.4337    4.8131   40.2354    0.6782  -38.3524
eta,q 0.97374  9.52728
  0.0273  0.0272  0.0268  0.0272  0.0273  0.0267  0.0271  0.0275  0.0270  0.0273  0.0265  0.0267
  0.0267  0.0267  0.0265  0.0267  0.0267  0.0265  0.0266  0.0268  0.0266  0.0268  0.0264  0.0265
  0.0264  0.0264  0.0263  0.0264  0.0264  0.0263  0.0263  0.0264  0.0263  0.0264  0.0263  0.0263
  0.0263  0.0263  0.0263  0.0263  0.0263  0.0263  0.0263  0.0263  0.0263  0.0263  0.0263  0.0263
  0.0264  0.0264  0.0263  0.0263  0.0264  0.0263  0.0264  0.0264  0.0264  0.0264  0.0263  0.0263
  0.0267  0.0267  0.0265  0.0266  0.0267  0.0264  0.0266  0.0268  0.0266  0.0267  0.0264  0.0265
  0.0273  0.0272  0.0267  0.0272  0.0273  0.0267  0.0271  0.0275  0.0270  0.0273  0.0266  0.0267
niter,ni,del,rscale     3    3    5.0000    0.6000
parameters
   -2.9972    8.0203    5.7660   -1.2755  -17.2823   -8.9715
    1.1210   -6.4540    4.8161   40.2890    0.5825  -38.4045
eta,q 0.97374  9.54087
  0.0270  0.0270  0.0266  0.0269  0.0270  0.0266  0.0269  0.0272  0.0268  0.0271  0.0265  0.0266
  0.0266  0.0266  0.0264  0.0266  0.0266  0.0264  0.0265  0.0266  0.0265  0.0266  0.0263  0.0264
  0.0264  0.0263  0.0263  0.0264  0.0264  0.0263  0.0263  0.0263  0.0263  0.0264  0.0263  0.0263
  0.0263  0.0263  0.0263  0.0263  0.0263  0.0263  0.0263  0.0263  0.0263  0.0263  0.0263  0.0263
  0.0263  0.0263  0.0263  0.0263  0.0263  0.0263  0.0263  0.0264  0.0263  0.0263  0.0263  0.0263
  0.0266  0.0266  0.0264  0.0265  0.0266  0.0263  0.0265  0.0267  0.0265  0.0266  0.0264  0.0264
  0.0270  0.0270  0.0266  0.0269  0.0270  0.0265  0.0269  0.0272  0.0268  0.0270  0.0265  0.0266
niter,ni,del,rscale     2    3    5.0000    0.5000
parameters
   -2.9958    8.0269    5.8087   -1.2164  -17.2921   -8.7477
    1.1146   -6.4800    4.8126   40.3260    0.4905  -38.4379
eta,q 0.97375  9.55372
  0.0268  0.0268  0.0265  0.0267  0.0268  0.0265  0.0267  0.0269  0.0267  0.0268  0.0264  0.0265
  0.0265  0.0265  0.0264  0.0265  0.0265  0.0264  0.0264  0.0265  0.0264  0.0265  0.0263  0.0264
  0.0263  0.0263  0.0263  0.0263  0.0263  0.0263  0.0263  0.0263  0.0263  0.0263  0.0263  0.0263
  0.0263  0.0263  0.0263  0.0263  0.0263  0.0263  0.0263  0.0263  0.0263  0.0263  0.0263  0.0263
  0.0263  0.0263  0.0263  0.0263  0.0263  0.0263  0.0263  0.0263  0.0263  0.0263  0.0263  0.0263
  0.0265  0.0265  0.0263  0.0264  0.0265  0.0263  0.0265  0.0266  0.0264  0.0265  0.0263  0.0264
  0.0268  0.0267  0.0265  0.0267  0.0268  0.0264  0.0267  0.0269  0.0267  0.0268  0.0264  0.0265
niter,ni,del,rscale     1    3    5.0000    0.4000
parameters
   -2.9957    8.0344    5.8537   -1.1738  -17.3091   -8.4539
    1.1133   -6.5175    4.7894   40.3500    0.4610  -38.5057
eta,q 0.97375  9.56941
  0.0266  0.0266  0.0264  0.0266  0.0266  0.0264  0.0265  0.0267  0.0265  0.0266  0.0263  0.0264
  0.0264  0.0264  0.0263  0.0264  0.0264  0.0263  0.0264  0.0264  0.0264  0.0264  0.0263  0.0263
  0.0263  0.0263  0.0263  0.0263  0.0263  0.0263  0.0263  0.0263  0.0263  0.0263  0.0263  0.0263
  0.0263  0.0263  0.0263  0.0263  0.0263  0.0263  0.0263  0.0263  0.0263  0.0262  0.0263  0.0263
  0.0263  0.0263  0.0263  0.0263  0.0263  0.0262  0.0263  0.0263  0.0263  0.0263  0.0263  0.0263
  0.0264  0.0264  0.0263  0.0264  0.0264  0.0263  0.0264  0.0264  0.0264  0.0264  0.0263  0.0263
  0.0266  0.0266  0.0264  0.0265  0.0266  0.0264  0.0265  0.0267  0.0265  0.0266  0.0264  0.0264
registration optimization eta report
parameter search radius
    0.8000    0.8000    0.8000    2.4000    2.4000    2.4000
    2.4000    2.4000    2.4000    2.4000    2.4000    2.4000
100000*second partial in parameter space
       55.       50.       25.        5.        6.        2.
        5.        7.        4.        6.        2.        3.
  0.0266  0.0266  0.0264  0.0266  0.0266  0.0264  0.0265  0.0267  0.0265  0.0266  0.0263  0.0264
  0.0264  0.0264  0.0263  0.0264  0.0264  0.0263  0.0264  0.0264  0.0264  0.0264  0.0263  0.0263
  0.0263  0.0263  0.0263  0.0263  0.0263  0.0263  0.0263  0.0263  0.0263  0.0263  0.0263  0.0263
  0.0263  0.0263  0.0263  0.0263  0.0263  0.0263  0.0263  0.0263  0.0263  0.0262  0.0263  0.0263
  0.0263  0.0263  0.0263  0.0263  0.0263  0.0262  0.0263  0.0263  0.0263  0.0263  0.0263  0.0263
  0.0264  0.0264  0.0263  0.0264  0.0264  0.0263  0.0264  0.0264  0.0264  0.0264  0.0263  0.0263
  0.0266  0.0266  0.0264  0.0265  0.0266  0.0264  0.0265  0.0267  0.0265  0.0266  0.0264  0.0264
   -2.9957    8.0344    5.8537   -1.1738  -17.3091   -8.4539
    1.1133   -6.5175    4.7894   40.3500    0.4610  -38.5057
eta,q 0.97375  9.56941

---------------------------------------------------------------------
imgreg_4dfp /opt/freesurfer/average/711-2C_as_mni_average_305 /opt/freesurfer/average/711-2B_as_mni_average_305_mask talsrcimg_g11 none talsrcimg_to_711-2C_as_mni_average_305_t4 2311
---------------------------------------------------------------------

freesurfer imgreg_4dfp.c
/opt/freesurfer/average/711-2C_as_mni_average_305.4dfp.img
       256       256       256         1
  1.000000  1.000000  1.000000
orientation T byte_order littleendian
Reading image: /opt/freesurfer/average/711-2C_as_mni_average_305.4dfp.img
dimensions:      256       256       256
mmppix:       1.0000   -1.0000   -1.0000
center:     128.0000 -129.0000 -129.0000
/opt/freesurfer/average/711-2B_as_mni_average_305_mask.4dfp.img
       256       256       256         1
  1.000000  1.000000  1.000000
orientation T byte_order littleendian
Reading mask: /opt/freesurfer/average/711-2B_as_mni_average_305_mask.4dfp.img (2306576 pixels)
talsrcimg_g11.4dfp.img
       256       256       256         1
  1.000000  1.000000  1.000000
orientation T byte_order littleendian
Reading image: talsrcimg_g11.4dfp.img
dimensions:      256       256       256
mmppix:       1.0000   -1.0000   -1.0000
center:     128.0000 -129.0000 -129.0000
fimgreg.f
image alignment mode   2311 decimal      907 hex
parameters
   -2.9957    8.0344    5.8537   -1.1738  -17.3091   -8.4539
    1.1133   -6.5175    4.7894   40.3500    0.4610  -38.5057
eta,q 0.97375  9.56942
niter,ni,del,rscale     5    3    5.0000    0.8000
parameters
   -3.0157    8.0437    5.9218   -1.4127  -17.3653   -8.8378
    1.1942   -6.4523    4.7968   40.3550    0.6766  -38.3591
eta,q 0.97374  9.53781
  0.0276  0.0275  0.0269  0.0273  0.0275  0.0268  0.0274  0.0280  0.0273  0.0276  0.0267  0.0269
  0.0269  0.0268  0.0266  0.0267  0.0269  0.0265  0.0268  0.0270  0.0267  0.0269  0.0265  0.0266
  0.0264  0.0264  0.0263  0.0264  0.0264  0.0263  0.0264  0.0264  0.0264  0.0264  0.0263  0.0264
  0.0262  0.0263  0.0262  0.0262  0.0263  0.0263  0.0263  0.0263  0.0263  0.0263  0.0263  0.0263
  0.0264  0.0264  0.0263  0.0264  0.0264  0.0263  0.0264  0.0264  0.0264  0.0264  0.0263  0.0263
  0.0269  0.0268  0.0265  0.0268  0.0269  0.0265  0.0267  0.0270  0.0267  0.0269  0.0264  0.0265
  0.0277  0.0275  0.0268  0.0277  0.0276  0.0271  0.0273  0.0278  0.0273  0.0276  0.0266  0.0268
niter,ni,del,rscale     4    3    5.0000    0.7000
parameters
   -3.0083    8.0490    5.8608   -1.3452  -17.3384   -8.8796
    1.1614   -6.4588    4.7907   40.3390    0.6479  -38.3660
eta,q 0.97374  9.53999
  0.0273  0.0272  0.0267  0.0272  0.0273  0.0267  0.0271  0.0275  0.0270  0.0273  0.0266  0.0267
  0.0267  0.0267  0.0264  0.0267  0.0268  0.0265  0.0266  0.0268  0.0266  0.0267  0.0264  0.0265
  0.0264  0.0264  0.0263  0.0264  0.0264  0.0263  0.0263  0.0264  0.0263  0.0264  0.0263  0.0263
  0.0263  0.0263  0.0263  0.0263  0.0263  0.0263  0.0263  0.0263  0.0263  0.0263  0.0263  0.0263
  0.0264  0.0264  0.0263  0.0263  0.0264  0.0263  0.0264  0.0264  0.0263  0.0264  0.0263  0.0263
  0.0267  0.0267  0.0265  0.0266  0.0267  0.0264  0.0267  0.0268  0.0266  0.0267  0.0264  0.0265
  0.0273  0.0272  0.0268  0.0272  0.0273  0.0268  0.0271  0.0275  0.0270  0.0273  0.0265  0.0267
niter,ni,del,rscale     3    3    5.0000    0.6000
parameters
   -3.0036    8.0416    5.8440   -1.2768  -17.3210   -8.7725
    1.1576   -6.4768    4.7964   40.3383    0.5690  -38.4174
eta,q 0.97374  9.54898
  0.0270  0.0270  0.0266  0.0269  0.0270  0.0266  0.0269  0.0272  0.0268  0.0270  0.0265  0.0266
  0.0266  0.0266  0.0264  0.0266  0.0266  0.0264  0.0265  0.0266  0.0265  0.0266  0.0263  0.0264
  0.0264  0.0263  0.0263  0.0264  0.0264  0.0263  0.0263  0.0263  0.0263  0.0263  0.0263  0.0263
  0.0263  0.0263  0.0263  0.0263  0.0263  0.0263  0.0263  0.0263  0.0263  0.0263  0.0263  0.0263
  0.0263  0.0263  0.0263  0.0263  0.0263  0.0263  0.0263  0.0264  0.0263  0.0263  0.0263  0.0263
  0.0266  0.0266  0.0264  0.0265  0.0266  0.0263  0.0265  0.0267  0.0265  0.0266  0.0264  0.0264
  0.0270  0.0270  0.0266  0.0269  0.0270  0.0266  0.0269  0.0272  0.0268  0.0270  0.0265  0.0266
niter,ni,del,rscale     2    3    5.0000    0.5000
parameters
   -3.0003    8.0416    5.8532   -1.2235  -17.3197   -8.6178
    1.1389   -6.4875    4.7913   40.3599    0.4984  -38.4621
eta,q 0.97375  9.55914
  0.0268  0.0267  0.0265  0.0267  0.0268  0.0265  0.0267  0.0269  0.0267  0.0268  0.0264  0.0265
  0.0265  0.0265  0.0264  0.0265  0.0265  0.0264  0.0264  0.0265  0.0264  0.0265  0.0263  0.0264
  0.0263  0.0263  0.0263  0.0263  0.0263  0.0263  0.0263  0.0263  0.0263  0.0263  0.0263  0.0263
  0.0263  0.0263  0.0263  0.0263  0.0263  0.0263  0.0263  0.0263  0.0263  0.0263  0.0263  0.0263
  0.0263  0.0263  0.0263  0.0263  0.0263  0.0263  0.0263  0.0263  0.0263  0.0263  0.0263  0.0263
  0.0265  0.0265  0.0264  0.0264  0.0265  0.0263  0.0265  0.0265  0.0264  0.0265  0.0263  0.0264
  0.0268  0.0267  0.0265  0.0267  0.0268  0.0265  0.0267  0.0269  0.0267  0.0268  0.0264  0.0265
niter,ni,del,rscale     1    3    5.0000    0.4000
parameters
   -2.9963    8.0422    5.8780   -1.1796  -17.3311   -8.3861
    1.1436   -6.5211    4.7790   40.3704    0.4579  -38.5201
eta,q 0.97375  9.57168
  0.0266  0.0266  0.0264  0.0265  0.0266  0.0264  0.0265  0.0267  0.0265  0.0266  0.0263  0.0264
  0.0264  0.0264  0.0263  0.0264  0.0264  0.0263  0.0264  0.0264  0.0264  0.0264  0.0263  0.0263
  0.0263  0.0263  0.0263  0.0263  0.0263  0.0263  0.0263  0.0263  0.0263  0.0263  0.0263  0.0263
  0.0263  0.0263  0.0263  0.0263  0.0263  0.0263  0.0262  0.0262  0.0262  0.0262  0.0262  0.0263
  0.0263  0.0263  0.0263  0.0263  0.0263  0.0262  0.0263  0.0263  0.0263  0.0263  0.0263  0.0263
  0.0264  0.0264  0.0263  0.0264  0.0264  0.0263  0.0264  0.0264  0.0264  0.0264  0.0263  0.0263
  0.0266  0.0266  0.0264  0.0265  0.0266  0.0264  0.0265  0.0267  0.0265  0.0266  0.0264  0.0264
registration optimization eta report
parameter search radius
    0.8000    0.8000    0.8000    2.4000    2.4000    2.4000
    2.4000    2.4000    2.4000    2.4000    2.4000    2.4000
100000*second partial in parameter space
       54.       50.       24.        5.        6.        2.
        5.        7.        4.        7.        2.        3.
  0.0266  0.0266  0.0264  0.0265  0.0266  0.0264  0.0265  0.0267  0.0265  0.0266  0.0263  0.0264
  0.0264  0.0264  0.0263  0.0264  0.0264  0.0263  0.0264  0.0264  0.0264  0.0264  0.0263  0.0263
  0.0263  0.0263  0.0263  0.0263  0.0263  0.0263  0.0263  0.0263  0.0263  0.0263  0.0263  0.0263
  0.0263  0.0263  0.0263  0.0263  0.0263  0.0263  0.0262  0.0262  0.0262  0.0262  0.0262  0.0263
  0.0263  0.0263  0.0263  0.0263  0.0263  0.0262  0.0263  0.0263  0.0263  0.0263  0.0263  0.0263
  0.0264  0.0264  0.0263  0.0264  0.0264  0.0263  0.0264  0.0264  0.0264  0.0264  0.0263  0.0263
  0.0266  0.0266  0.0264  0.0265  0.0266  0.0264  0.0265  0.0267  0.0265  0.0266  0.0264  0.0264
   -2.9963    8.0422    5.8780   -1.1796  -17.3311   -8.3861
    1.1436   -6.5211    4.7790   40.3704    0.4579  -38.5201
eta,q 0.97375  9.57168

---------------------------------------------------------------------
compute_vox2vox talsrcimg talsrcimg_to_711-2C_as_mni_average_305_t4 /opt/freesurfer/average/711-2C_as_mni_average_305
---------------------------------------------------------------------

freesurfer compute_vox2vox.c
Reading: talsrcimg.4dfp.ifh
Reading: talsrcimg_to_711-2C_as_mni_average_305_t4
Reading: /opt/freesurfer/average/711-2C_as_mni_average_305.4dfp.ifh
Writing: talsrcimg_to_711-2C_as_mni_average_305_t4_vox2vox.txt

start time Wed Mar 11 12:36:32 CET 2026
end		time Wed Mar 11 12:37:58 CET 2026

mpr2mni305 success

avi2talxfm orig_nu.mgz /opt/freesurfer/average/mni305.cor.mgz talsrcimg_to_711-2C_as_mni_average_305_t4_vox2vox.txt transforms/talairach.auto.xfm
avi2talxfm done
mv -f /out/sourcedata/freesurfer/sub-v2s17x50002_ses-1/mri/talsrcimg_to_711-2C_as_mni_average_305_t4_vox2vox.txt /out/sourcedata/freesurfer/sub-v2s17x50002_ses-1/mri/transforms/talsrcimg_to_711-2C_as_mni_average_305_t4_vox2vox.txt
lta_convert --src orig_nu.mgz --trg /opt/freesurfer/average/mni305.cor.mgz --inxfm transforms/talairach.auto.xfm --outlta transforms/talairach.auto.xfm.lta --subject fsaverage
7.3.2

--src: orig_nu.mgz src image (geometry).
--trg: /opt/freesurfer/average/mni305.cor.mgz trg image (geometry).
--inmni: transforms/talairach.auto.xfm input MNI/XFM transform.
--outlta: transforms/talairach.auto.xfm.lta output LTA.
--s: fsaverage subject name
 LTA read, type : 1
 1.01085   0.06481   0.01621  -0.99499;
-0.02458   0.90402   0.42157  -8.63733;
-0.04643  -0.44521   1.00284   4.45667;
 0.00000   0.00000   0.00000   1.00000;
setting subject to fsaverage
Writing  LTA to file transforms/talairach.auto.xfm.lta...
lta_convert successful.
 
 
Started at Wed Mar 11 12:36:32 CET 2026
Ended   at Wed Mar 11 12:37:58 CET 2026
talairach_avi done
