status file for recon-all
Wed Mar 11 14:38:14 CET 2026
#@# Tessellate rh Wed Mar 11 14:38:14 CET 2026
#@# Smooth1 rh Wed Mar 11 14:38:16 CET 2026
#@# Inflation1 rh Wed Mar 11 14:38:18 CET 2026
#@# QSphere rh Wed Mar 11 14:38:24 CET 2026
#@# Fix Topology rh Wed Mar 11 14:38:56 CET 2026
#@# Smooth2 rh Wed Mar 11 14:48:30 CET 2026
#@# Inflation2 rh Wed Mar 11 14:48:32 CET 2026
#@# Curv .H and .K rh Wed Mar 11 14:48:38 CET 2026
#@# Sphere rh Wed Mar 11 14:49:11 CET 2026
#@# Surf Reg rh Wed Mar 11 14:50:39 CET 2026
#@# Jacobian white rh Wed Mar 11 14:52:34 CET 2026
#@# AvgCurv rh Wed Mar 11 14:52:34 CET 2026
#@# Cortical Parc rh Wed Mar 11 14:52:35 CET 2026
#@# white curv rh Wed Mar 11 14:56:36 CET 2026
#@# white area rh Wed Mar 11 14:56:37 CET 2026
#@# pial curv rh Wed Mar 11 14:56:37 CET 2026
#@# pial area rh Wed Mar 11 14:56:38 CET 2026
#@# thickness rh Wed Mar 11 14:56:38 CET 2026
#@# area and vertex vol rh Wed Mar 11 14:56:56 CET 2026
#@# Curvature Stats rh Wed Mar 11 14:56:57 CET 2026
#@# Cortical Parc 2 rh Wed Mar 11 14:56:58 CET 2026
#@# Cortical Parc 3 rh Wed Mar 11 14:57:07 CET 2026
#@# WM/GM Contrast rh Wed Mar 11 14:57:13 CET 2026
recon-all -s sub-v2s17x50048_ses-1 finished without error at Wed Mar 11 14:57:15 CET 2026



#New# invocation of recon-all 



status file for recon-all
Wed Mar 11 15:02:02 CET 2026
#@# white curv rh Wed Mar 11 15:02:02 CET 2026
#@# white area rh Wed Mar 11 15:02:02 CET 2026
#@# pial curv rh Wed Mar 11 15:02:02 CET 2026
#@# pial area rh Wed Mar 11 15:02:02 CET 2026
#@# thickness rh Wed Mar 11 15:02:02 CET 2026
#@# area and vertex vol rh Wed Mar 11 15:02:02 CET 2026
#@# Parcellation Stats rh Wed Mar 11 15:02:02 CET 2026
#@# Parcellation Stats 2 rh Wed Mar 11 15:02:14 CET 2026
#@# Parcellation Stats 3 rh Wed Mar 11 15:02:20 CET 2026
#@# BA_exvivo Labels rh Wed Mar 11 15:02:26 CET 2026
recon-all -s sub-v2s17x50048_ses-1 finished without error at Wed Mar 11 15:04:02 CET 2026
