status file for recon-all
Wed Mar 11 13:16:47 CET 2026
#@# MotionCor Wed Mar 11 13:16:50 CET 2026
#@# Talairach Wed Mar 11 13:16:56 CET 2026
#@# Talairach Failure Detection Wed Mar 11 13:19:46 CET 2026
#@# Nu Intensity Correction Wed Mar 11 13:19:46 CET 2026
#@# Intensity Normalization Wed Mar 11 13:22:32 CET 2026
recon-all -s sub-v2s17x50048_ses-1 finished without error at Wed Mar 11 13:23:28 CET 2026



#New# invocation of recon-all 



status file for recon-all
Wed Mar 11 13:28:48 CET 2026
#@# EM Registration Wed Mar 11 13:28:48 CET 2026
recon-all -s sub-v2s17x50048_ses-1 finished without error at Wed Mar 11 13:29:58 CET 2026



#New# invocation of recon-all 



status file for recon-all
Wed Mar 11 13:30:00 CET 2026
#@# CA Normalize Wed Mar 11 13:30:00 CET 2026
#@# CA Reg Wed Mar 11 13:30:53 CET 2026
#@# SubCort Seg Wed Mar 11 14:01:42 CET 2026
#@# CC Seg Wed Mar 11 14:19:27 CET 2026
#@# Merge ASeg Wed Mar 11 14:19:50 CET 2026
#@# Intensity Normalization2 Wed Mar 11 14:19:50 CET 2026
#@# Mask BFS Wed Mar 11 14:21:11 CET 2026
#@# WM Segmentation Wed Mar 11 14:21:11 CET 2026
#@# Fill Wed Mar 11 14:22:39 CET 2026
recon-all -s sub-v2s17x50048_ses-1 finished without error at Wed Mar 11 14:23:16 CET 2026



#New# invocation of recon-all 



status file for recon-all
Wed Mar 11 14:57:21 CET 2026
#@# white curv lh Wed Mar 11 14:57:21 CET 2026
#@# white area lh Wed Mar 11 14:57:21 CET 2026
#@# pial curv lh Wed Mar 11 14:57:21 CET 2026
#@# pial area lh Wed Mar 11 14:57:21 CET 2026
#@# thickness lh Wed Mar 11 14:57:21 CET 2026
#@# area and vertex vol lh Wed Mar 11 14:57:21 CET 2026
#@# white curv rh Wed Mar 11 14:57:21 CET 2026
#@# white area rh Wed Mar 11 14:57:21 CET 2026
#@# pial curv rh Wed Mar 11 14:57:21 CET 2026
#@# pial area rh Wed Mar 11 14:57:21 CET 2026
#@# thickness rh Wed Mar 11 14:57:21 CET 2026
#@# area and vertex vol rh Wed Mar 11 14:57:21 CET 2026
#@# Cortical ribbon mask Wed Mar 11 14:57:21 CET 2026
recon-all -s sub-v2s17x50048_ses-1 finished without error at Wed Mar 11 14:59:58 CET 2026



#New# invocation of recon-all 



status file for recon-all
Wed Mar 11 15:04:06 CET 2026
#@# white curv lh Wed Mar 11 15:04:06 CET 2026
#@# white area lh Wed Mar 11 15:04:06 CET 2026
#@# pial curv lh Wed Mar 11 15:04:06 CET 2026
#@# pial area lh Wed Mar 11 15:04:06 CET 2026
#@# thickness lh Wed Mar 11 15:04:06 CET 2026
#@# area and vertex vol lh Wed Mar 11 15:04:06 CET 2026
#@# white curv rh Wed Mar 11 15:04:06 CET 2026
#@# white area rh Wed Mar 11 15:04:06 CET 2026
#@# pial curv rh Wed Mar 11 15:04:06 CET 2026
#@# pial area rh Wed Mar 11 15:04:06 CET 2026
#@# thickness rh Wed Mar 11 15:04:06 CET 2026
#@# area and vertex vol rh Wed Mar 11 15:04:06 CET 2026
#@# Curvature Stats lh Wed Mar 11 15:04:06 CET 2026
#@# Curvature Stats rh Wed Mar 11 15:04:08 CET 2026
#@# Relabel Hypointensities Wed Mar 11 15:04:09 CET 2026
#@# APas-to-ASeg Wed Mar 11 15:04:19 CET 2026
#@# AParc-to-ASeg aparc Wed Mar 11 15:04:24 CET 2026
#@# AParc-to-ASeg aparc.a2009s Wed Mar 11 15:04:41 CET 2026
#@# AParc-to-ASeg aparc.DKTatlas Wed Mar 11 15:04:59 CET 2026
#@# WMParc Wed Mar 11 15:05:17 CET 2026
#@# ASeg Stats Wed Mar 11 15:07:13 CET 2026
recon-all -s sub-v2s17x50048_ses-1 finished without error at Wed Mar 11 15:07:31 CET 2026
