status file for recon-all
Wed Mar 11 14:23:20 CET 2026
#@# Tessellate lh Wed Mar 11 14:23:20 CET 2026
#@# Smooth1 lh Wed Mar 11 14:23:23 CET 2026
#@# Inflation1 lh Wed Mar 11 14:23:24 CET 2026
#@# QSphere lh Wed Mar 11 14:23:30 CET 2026
#@# Fix Topology lh Wed Mar 11 14:24:05 CET 2026
#@# Smooth2 lh Wed Mar 11 14:28:33 CET 2026
#@# Inflation2 lh Wed Mar 11 14:28:35 CET 2026
#@# Curv .H and .K lh Wed Mar 11 14:28:41 CET 2026
#@# Sphere lh Wed Mar 11 14:29:12 CET 2026
#@# Surf Reg lh Wed Mar 11 14:31:31 CET 2026
#@# Jacobian white lh Wed Mar 11 14:33:52 CET 2026
#@# AvgCurv lh Wed Mar 11 14:33:53 CET 2026
#@# Cortical Parc lh Wed Mar 11 14:33:53 CET 2026
#@# white curv lh Wed Mar 11 14:37:36 CET 2026
#@# white area lh Wed Mar 11 14:37:37 CET 2026
#@# pial curv lh Wed Mar 11 14:37:38 CET 2026
#@# pial area lh Wed Mar 11 14:37:39 CET 2026
#@# thickness lh Wed Mar 11 14:37:39 CET 2026
#@# area and vertex vol lh Wed Mar 11 14:37:55 CET 2026
#@# Curvature Stats lh Wed Mar 11 14:37:55 CET 2026
#@# Cortical Parc 2 lh Wed Mar 11 14:37:57 CET 2026
#@# Cortical Parc 3 lh Wed Mar 11 14:38:04 CET 2026
#@# WM/GM Contrast lh Wed Mar 11 14:38:10 CET 2026
recon-all -s sub-v2s17x50048_ses-1 finished without error at Wed Mar 11 14:38:12 CET 2026



#New# invocation of recon-all 



status file for recon-all
Wed Mar 11 15:00:02 CET 2026
#@# white curv lh Wed Mar 11 15:00:02 CET 2026
#@# white area lh Wed Mar 11 15:00:02 CET 2026
#@# pial curv lh Wed Mar 11 15:00:02 CET 2026
#@# pial area lh Wed Mar 11 15:00:02 CET 2026
#@# thickness lh Wed Mar 11 15:00:02 CET 2026
#@# area and vertex vol lh Wed Mar 11 15:00:02 CET 2026
#@# Parcellation Stats lh Wed Mar 11 15:00:02 CET 2026
#@# Parcellation Stats 2 lh Wed Mar 11 15:00:13 CET 2026
#@# Parcellation Stats 3 lh Wed Mar 11 15:00:18 CET 2026
#@# BA_exvivo Labels lh Wed Mar 11 15:00:24 CET 2026
recon-all -s sub-v2s17x50048_ses-1 finished without error at Wed Mar 11 15:01:59 CET 2026
