status file for recon-all
Wed Mar 11 14:12:24 CET 2026
#@# Tessellate lh Wed Mar 11 14:12:24 CET 2026
#@# Smooth1 lh Wed Mar 11 14:12:27 CET 2026
#@# Inflation1 lh Wed Mar 11 14:12:30 CET 2026
#@# QSphere lh Wed Mar 11 14:12:39 CET 2026
#@# Fix Topology lh Wed Mar 11 14:13:33 CET 2026
#@# Smooth2 lh Wed Mar 11 14:22:44 CET 2026
#@# Inflation2 lh Wed Mar 11 14:22:47 CET 2026
#@# Curv .H and .K lh Wed Mar 11 14:22:57 CET 2026
#@# Sphere lh Wed Mar 11 14:23:41 CET 2026
#@# Surf Reg lh Wed Mar 11 14:26:10 CET 2026
#@# Jacobian white lh Wed Mar 11 14:28:51 CET 2026
#@# AvgCurv lh Wed Mar 11 14:28:52 CET 2026
#@# Cortical Parc lh Wed Mar 11 14:28:52 CET 2026
#@# white curv lh Wed Mar 11 14:34:11 CET 2026
#@# white area lh Wed Mar 11 14:34:12 CET 2026
#@# pial curv lh Wed Mar 11 14:34:13 CET 2026
#@# pial area lh Wed Mar 11 14:34:14 CET 2026
#@# thickness lh Wed Mar 11 14:34:15 CET 2026
#@# area and vertex vol lh Wed Mar 11 14:34:42 CET 2026
#@# Curvature Stats lh Wed Mar 11 14:34:43 CET 2026
#@# Cortical Parc 2 lh Wed Mar 11 14:34:45 CET 2026
#@# Cortical Parc 3 lh Wed Mar 11 14:34:57 CET 2026
#@# WM/GM Contrast lh Wed Mar 11 14:35:06 CET 2026
recon-all -s sub-v2s17x50005_ses-1 finished without error at Wed Mar 11 14:35:09 CET 2026



#New# invocation of recon-all 



status file for recon-all
Wed Mar 11 14:57:54 CET 2026
#@# white curv lh Wed Mar 11 14:57:54 CET 2026
#@# white area lh Wed Mar 11 14:57:54 CET 2026
#@# pial curv lh Wed Mar 11 14:57:54 CET 2026
#@# pial area lh Wed Mar 11 14:57:54 CET 2026
#@# thickness lh Wed Mar 11 14:57:54 CET 2026
#@# area and vertex vol lh Wed Mar 11 14:57:54 CET 2026
#@# Parcellation Stats lh Wed Mar 11 14:57:54 CET 2026
#@# Parcellation Stats 2 lh Wed Mar 11 14:58:10 CET 2026
#@# Parcellation Stats 3 lh Wed Mar 11 14:58:18 CET 2026
#@# BA_exvivo Labels lh Wed Mar 11 14:58:26 CET 2026
recon-all -s sub-v2s17x50005_ses-1 finished without error at Wed Mar 11 15:00:40 CET 2026
