status file for recon-all
Wed Mar 11 14:35:10 CET 2026
#@# Tessellate rh Wed Mar 11 14:35:10 CET 2026
#@# Smooth1 rh Wed Mar 11 14:35:13 CET 2026
#@# Inflation1 rh Wed Mar 11 14:35:16 CET 2026
#@# QSphere rh Wed Mar 11 14:35:25 CET 2026
#@# Fix Topology rh Wed Mar 11 14:36:27 CET 2026
#@# Smooth2 rh Wed Mar 11 14:42:25 CET 2026
#@# Inflation2 rh Wed Mar 11 14:42:28 CET 2026
#@# Curv .H and .K rh Wed Mar 11 14:42:38 CET 2026
#@# Sphere rh Wed Mar 11 14:43:21 CET 2026
#@# Surf Reg rh Wed Mar 11 14:45:10 CET 2026
#@# Jacobian white rh Wed Mar 11 14:47:52 CET 2026
#@# AvgCurv rh Wed Mar 11 14:47:53 CET 2026
#@# Cortical Parc rh Wed Mar 11 14:47:53 CET 2026
#@# white curv rh Wed Mar 11 14:53:13 CET 2026
#@# white area rh Wed Mar 11 14:53:14 CET 2026
#@# pial curv rh Wed Mar 11 14:53:15 CET 2026
#@# pial area rh Wed Mar 11 14:53:16 CET 2026
#@# thickness rh Wed Mar 11 14:53:17 CET 2026
#@# area and vertex vol rh Wed Mar 11 14:53:44 CET 2026
#@# Curvature Stats rh Wed Mar 11 14:53:45 CET 2026
#@# Cortical Parc 2 rh Wed Mar 11 14:53:47 CET 2026
#@# Cortical Parc 3 rh Wed Mar 11 14:53:59 CET 2026
#@# WM/GM Contrast rh Wed Mar 11 14:54:08 CET 2026
recon-all -s sub-v2s17x50005_ses-1 finished without error at Wed Mar 11 14:54:10 CET 2026



#New# invocation of recon-all 



status file for recon-all
Wed Mar 11 15:00:42 CET 2026
#@# white curv rh Wed Mar 11 15:00:42 CET 2026
#@# white area rh Wed Mar 11 15:00:42 CET 2026
#@# pial curv rh Wed Mar 11 15:00:42 CET 2026
#@# pial area rh Wed Mar 11 15:00:42 CET 2026
#@# thickness rh Wed Mar 11 15:00:42 CET 2026
#@# area and vertex vol rh Wed Mar 11 15:00:42 CET 2026
#@# Parcellation Stats rh Wed Mar 11 15:00:42 CET 2026
#@# Parcellation Stats 2 rh Wed Mar 11 15:00:58 CET 2026
#@# Parcellation Stats 3 rh Wed Mar 11 15:01:06 CET 2026
#@# BA_exvivo Labels rh Wed Mar 11 15:01:14 CET 2026
recon-all -s sub-v2s17x50005_ses-1 finished without error at Wed Mar 11 15:03:28 CET 2026
