status file for recon-all
Wed Mar 11 12:37:10 CET 2026
#@# MotionCor Wed Mar 11 12:37:14 CET 2026
#@# Talairach Wed Mar 11 12:37:22 CET 2026
#@# Talairach Failure Detection Wed Mar 11 12:41:50 CET 2026
#@# Nu Intensity Correction Wed Mar 11 12:41:50 CET 2026
#@# Intensity Normalization Wed Mar 11 12:45:06 CET 2026
recon-all -s sub-v2s17x50005_ses-1 finished without error at Wed Mar 11 12:46:34 CET 2026



#New# invocation of recon-all 



status file for recon-all
Wed Mar 11 12:53:24 CET 2026
#@# EM Registration Wed Mar 11 12:53:24 CET 2026
recon-all -s sub-v2s17x50005_ses-1 finished without error at Wed Mar 11 12:54:47 CET 2026



#New# invocation of recon-all 



status file for recon-all
Wed Mar 11 12:54:50 CET 2026
#@# CA Normalize Wed Mar 11 12:54:50 CET 2026
#@# CA Reg Wed Mar 11 12:56:08 CET 2026
#@# SubCort Seg Wed Mar 11 13:37:02 CET 2026
#@# CC Seg Wed Mar 11 14:06:29 CET 2026
#@# Merge ASeg Wed Mar 11 14:07:03 CET 2026
#@# Intensity Normalization2 Wed Mar 11 14:07:03 CET 2026
#@# Mask BFS Wed Mar 11 14:09:16 CET 2026
#@# WM Segmentation Wed Mar 11 14:09:17 CET 2026
#@# Fill Wed Mar 11 14:11:16 CET 2026
recon-all -s sub-v2s17x50005_ses-1 finished without error at Wed Mar 11 14:12:19 CET 2026



#New# invocation of recon-all 



status file for recon-all
Wed Mar 11 14:54:14 CET 2026
#@# white curv lh Wed Mar 11 14:54:14 CET 2026
#@# white area lh Wed Mar 11 14:54:14 CET 2026
#@# pial curv lh Wed Mar 11 14:54:14 CET 2026
#@# pial area lh Wed Mar 11 14:54:14 CET 2026
#@# thickness lh Wed Mar 11 14:54:14 CET 2026
#@# area and vertex vol lh Wed Mar 11 14:54:14 CET 2026
#@# white curv rh Wed Mar 11 14:54:14 CET 2026
#@# white area rh Wed Mar 11 14:54:14 CET 2026
#@# pial curv rh Wed Mar 11 14:54:14 CET 2026
#@# pial area rh Wed Mar 11 14:54:14 CET 2026
#@# thickness rh Wed Mar 11 14:54:14 CET 2026
#@# area and vertex vol rh Wed Mar 11 14:54:14 CET 2026
#@# Cortical ribbon mask Wed Mar 11 14:54:14 CET 2026
recon-all -s sub-v2s17x50005_ses-1 finished without error at Wed Mar 11 14:57:49 CET 2026



#New# invocation of recon-all 



status file for recon-all
Wed Mar 11 15:03:34 CET 2026
#@# white curv lh Wed Mar 11 15:03:34 CET 2026
#@# white area lh Wed Mar 11 15:03:34 CET 2026
#@# pial curv lh Wed Mar 11 15:03:34 CET 2026
#@# pial area lh Wed Mar 11 15:03:34 CET 2026
#@# thickness lh Wed Mar 11 15:03:34 CET 2026
#@# area and vertex vol lh Wed Mar 11 15:03:34 CET 2026
#@# white curv rh Wed Mar 11 15:03:34 CET 2026
#@# white area rh Wed Mar 11 15:03:34 CET 2026
#@# pial curv rh Wed Mar 11 15:03:34 CET 2026
#@# pial area rh Wed Mar 11 15:03:34 CET 2026
#@# thickness rh Wed Mar 11 15:03:34 CET 2026
#@# area and vertex vol rh Wed Mar 11 15:03:34 CET 2026
#@# Curvature Stats lh Wed Mar 11 15:03:34 CET 2026
#@# Curvature Stats rh Wed Mar 11 15:03:36 CET 2026
#@# Relabel Hypointensities Wed Mar 11 15:03:38 CET 2026
#@# APas-to-ASeg Wed Mar 11 15:03:53 CET 2026
#@# AParc-to-ASeg aparc Wed Mar 11 15:03:59 CET 2026
#@# AParc-to-ASeg aparc.a2009s Wed Mar 11 15:04:25 CET 2026
#@# AParc-to-ASeg aparc.DKTatlas Wed Mar 11 15:04:52 CET 2026
#@# WMParc Wed Mar 11 15:05:18 CET 2026
#@# ASeg Stats Wed Mar 11 15:08:56 CET 2026
recon-all -s sub-v2s17x50005_ses-1 finished without error at Wed Mar 11 15:09:27 CET 2026
