/out/sourcedata/freesurfer/sub-v2s17x50031_ses-1/mri
/opt/freesurfer/bin/talairach_avi
--i orig_nu.mgz --xfm transforms/talairach.auto.xfm
talairach_avi 7.3.2
Linux dna087 5.14.0-427.37.1.el9_4.x86_64 #1 SMP PREEMPT_DYNAMIC Fri Sep 13 12:41:50 EDT 2024 x86_64 x86_64 x86_64 GNU/Linux
Wed Mar 11 13:16:11 CET 2026
mri_convert orig_nu.mgz talsrcimg.img 
reading from orig_nu.mgz...
TR=0.00, TE=0.00, TI=0.00, flip angle=0.00
i_ras = (-1, 0, 0)
j_ras = (0, 0, -1)
k_ras = (0, 1, 0)
writing to talsrcimg.img...
Analyze Output Matrix
-1.00000   0.00000   0.00000   130.97778;
 0.00000   0.00000   1.00000  -137.00446;
 0.00000  -1.00000   0.00000   98.35733;
 0.00000   0.00000   0.00000   1.00000;
--------------------
INFO: set hdr.hist.orient to -1
mpr2mni305 talsrcimg
Wed Mar 11 13:16:12 CET 2026
/opt/freesurfer/bin/mpr2mni305 talsrcimg
mpr2mni305 7.3.2
target=711-2C_as_mni_average_305

---------------------------------------------------------------------
analyzeto4dfp talsrcimg -O0 -y
---------------------------------------------------------------------

freesurfer ifh2hdr.c
Wed Mar 11 13:16:12 2026
Writing: talsrcimg.4dfp.hdr
freesurfer analyzeto4dfp.c
Reading: talsrcimg.hdr
header size 348 bytes
hdr.dime.datatype	offset=70	value=2
hdr.dime.bitpix		offset=72	value=8
hdr.hist.orient		offset=252	value=-1
dimensionality     4
dimensions       256       256       256         1
Reading: talsrcimg.img
Writing: talsrcimg.4dfp.img
Writing: talsrcimg.4dfp.ifh
ifh2hdr talsrcimg -r0to208
ori=2

---------------------------------------------------------------------
gauss_4dfp talsrcimg 1.1
---------------------------------------------------------------------

freesurfer gauss_4dfp.c
Reading: talsrcimg.4dfp.img
Writing: talsrcimg_g11.4dfp.img
image dimensions 256 256 256 padded to 288 288 288
processing volume 1freesurfer ifh2hdr.c
Wed Mar 11 13:16:13 2026
Writing: talsrcimg_g11.4dfp.hdr

Writing: talsrcimg_g11.4dfp.ifh
including: talsrcimg.4dfp.img.rec in talsrcimg_g11.4dfp.img.rec

---------------------------------------------------------------------
imgreg_4dfp /opt/freesurfer/average/711-2C_as_mni_average_305 none talsrcimg_g11 none talsrcimg_to_711-2C_as_mni_average_305_t4 4355
---------------------------------------------------------------------

freesurfer imgreg_4dfp.c
/opt/freesurfer/average/711-2C_as_mni_average_305.4dfp.img
       256       256       256         1
  1.000000  1.000000  1.000000
orientation T byte_order littleendian
Reading image: /opt/freesurfer/average/711-2C_as_mni_average_305.4dfp.img
dimensions:      256       256       256
mmppix:       1.0000   -1.0000   -1.0000
center:     128.0000 -129.0000 -129.0000
talsrcimg_g11.4dfp.img
       256       256       256         1
  1.000000  1.000000  1.000000
orientation T byte_order littleendian
Reading image: talsrcimg_g11.4dfp.img
dimensions:      256       256       256
mmppix:       1.0000   -1.0000   -1.0000
center:     128.0000 -129.0000 -129.0000
t4_read: open error in t4_sub.f l:  41 t4_file(1:l)talsrcimg_to_711-2C_as_mni_average_305_t4 
t4_read: transform initialized to I4
rotation matrix determinant  1.000000
image alignment mode   4355 decimal     1103 hex
   -7.5000  -45.0000  -45.0000 8096.0537   13.3709
    0.0000  -45.0000  -45.0000 8428.6113   13.3589
    7.5000  -45.0000  -45.0000 8088.2749   13.3487
   -7.5000  -37.5000  -45.0000 8658.4805   13.2586
    0.0000  -37.5000  -45.0000 9004.0605   13.2447
    7.5000  -37.5000  -45.0000 8623.5850   13.2372
   -7.5000  -30.0000  -45.0000 9553.4463   13.1899
    0.0000  -30.0000  -45.0000 9950.9922   13.1750
    7.5000  -30.0000  -45.0000 9523.7109   13.1717
   -7.5000  -22.5000  -45.000010405.7480   13.1472
    0.0000  -22.5000  -45.000010848.0615   13.1339
    7.5000  -22.5000  -45.000010385.0332   13.1326
   -7.5000  -15.0000  -45.000011169.7734   13.1162
    0.0000  -15.0000  -45.000011654.0254   13.1056
    7.5000  -15.0000  -45.000011129.0420   13.1032
   -7.5000   -7.5000  -45.000011787.7363   13.0746
    0.0000   -7.5000  -45.000012302.7412   13.0651
    7.5000   -7.5000  -45.000011733.4580   13.0594
   -7.5000    0.0000  -45.000012263.8574   13.0223
    0.0000    0.0000  -45.000012806.2754   13.0117
    7.5000    0.0000  -45.000012214.3887   13.0040
   -7.5000    7.5000  -45.000011836.4482   13.0065
    0.0000    7.5000  -45.000012353.3867   12.9935
    7.5000    7.5000  -45.000011791.6758   12.9879
   -7.5000   15.0000  -45.000011317.7090   13.0022
    0.0000   15.0000  -45.000011802.7344   12.9879
    7.5000   15.0000  -45.000011278.0156   12.9859
   -7.5000   22.5000  -45.000010691.4072   13.0419
    0.0000   22.5000  -45.000011183.0039   13.0288
    7.5000   22.5000  -45.000010659.7197   13.0285
   -7.5000   30.0000  -45.000010013.7549   12.9865
    0.0000   30.0000  -45.000010466.1104   12.9771
    7.5000   30.0000  -45.0000 9972.4346   12.9765
   -7.5000   37.5000  -45.0000 9683.7490   13.0903
    0.0000   37.5000  -45.000010099.3496   13.0809
    7.5000   37.5000  -45.0000 9620.3604   13.0756
   -7.5000   45.0000  -45.0000 8973.4639   12.9371
    0.0000   45.0000  -45.0000 9362.0850   12.9261
    7.5000   45.0000  -45.0000 8913.6074   12.9197
   -7.5000  -45.0000  -37.5000 8627.9082   13.3207
    0.0000  -45.0000  -37.5000 8994.5967   13.3111
    7.5000  -45.0000  -37.5000 8614.6875   13.3040
   -7.5000  -37.5000  -37.5000 9241.8467   13.2101
    0.0000  -37.5000  -37.5000 9645.0068   13.1996
    7.5000  -37.5000  -37.5000 9221.2939   13.1945
   -7.5000  -30.0000  -37.500010207.3770   13.1447
    0.0000  -30.0000  -37.500010643.8623   13.1330
    7.5000  -30.0000  -37.500010175.5635   13.1313
   -7.5000  -22.5000  -37.500011114.3496   13.1019
    0.0000  -22.5000  -37.500011590.6553   13.0907
    7.5000  -22.5000  -37.500011078.9941   13.0906
   -7.5000  -15.0000  -37.500011889.0137   13.0665
    0.0000  -15.0000  -37.500012421.4912   13.0568
    7.5000  -15.0000  -37.500011848.9639   13.0559
   -7.5000   -7.5000  -37.500012553.7158   13.0193
    0.0000   -7.5000  -37.500013102.6738   13.0109
    7.5000   -7.5000  -37.500012507.8906   13.0075
   -7.5000    0.0000  -37.500013074.1494   12.9643
    0.0000    0.0000  -37.500013655.4229   12.9559
    7.5000    0.0000  -37.500013002.8008   12.9512
   -7.5000    7.5000  -37.500012590.7070   12.9516
    0.0000    7.5000  -37.500013146.8184   12.9418
    7.5000    7.5000  -37.500012535.8438   12.9385
   -7.5000   15.0000  -37.500012010.1914   12.9521
    0.0000   15.0000  -37.500012532.1514   12.9411
    7.5000   15.0000  -37.500011953.8047   12.9406
   -7.5000   22.5000  -37.500011368.2246   12.9935
    0.0000   22.5000  -37.500011871.8330   12.9825
    7.5000   22.5000  -37.500011312.8457   12.9833
   -7.5000   30.0000  -37.500010633.8574   12.9344
    0.0000   30.0000  -37.500011109.0117   12.9260
    7.5000   30.0000  -37.500010584.1494   12.9271
   -7.5000   37.5000  -37.500010237.0508   13.0316
    0.0000   37.5000  -37.500010692.9307   13.0233
    7.5000   37.5000  -37.500010184.1416   13.0212
   -7.5000   45.0000  -37.5000 9457.3398   12.8748
    0.0000   45.0000  -37.5000 9872.3281   12.8666
    7.5000   45.0000  -37.5000 9399.1631   12.8636
   -7.5000  -45.0000  -30.0000 9309.0146   13.8307
    0.0000  -45.0000  -30.0000 9720.6162   13.8240
    7.5000  -45.0000  -30.0000 9285.2539   13.8167
   -7.5000  -37.5000  -30.0000 9969.8740   13.7194
    0.0000  -37.5000  -30.000010414.9688   13.7115
    7.5000  -37.5000  -30.0000 9950.6934   13.7056
   -7.5000  -30.0000  -30.000011025.3350   13.6555
    0.0000  -30.0000  -30.000011505.9639   13.6464
    7.5000  -30.0000  -30.000010992.0332   13.6438
   -7.5000  -22.5000  -30.000011994.7920   13.6094
    0.0000  -22.5000  -30.000012524.3330   13.6013
    7.5000  -22.5000  -30.000011959.5264   13.6008
   -7.5000  -15.0000  -30.000012816.2051   13.5654
    0.0000  -15.0000  -30.000013384.4561   13.5593
    7.5000  -15.0000  -30.000012800.5010   13.5584
   -7.5000   -7.5000  -30.000013526.0215   13.5103
    0.0000   -7.5000  -30.000014134.8369   13.5052
    7.5000   -7.5000  -30.000013491.6240   13.5019
   -7.5000    0.0000  -30.000014108.1221   13.4519
    0.0000    0.0000  -30.000014739.5547   13.4463
    7.5000    0.0000  -30.000014034.9355   13.4415
   -7.5000    7.5000  -30.000013571.6768   13.4438
    0.0000    7.5000  -30.000014161.6562   13.4366
    7.5000    7.5000  -30.000013492.8291   13.4326
   -7.5000   15.0000  -30.000012898.5547   13.4503
    0.0000   15.0000  -30.000013458.6016   13.4419
    7.5000   15.0000  -30.000012821.0889   13.4406
   -7.5000   22.5000  -30.000012197.0342   13.4925
    0.0000   22.5000  -30.000012734.2451   13.4846
    7.5000   22.5000  -30.000012137.5635   13.4852
   -7.5000   30.0000  -30.000011412.7891   13.4285
    0.0000   30.0000  -30.000011924.8809   13.4236
    7.5000   30.0000  -30.000011364.3037   13.4254
   -7.5000   37.5000  -30.000010973.1387   13.5239
    0.0000   37.5000  -30.000011469.7363   13.5190
    7.5000   37.5000  -30.000010922.9131   13.5182
   -7.5000   45.0000  -30.000010103.5000   13.3702
    0.0000   45.0000  -30.000010546.8066   13.3654
    7.5000   45.0000  -30.000010065.2695   13.3632
   -7.5000  -45.0000  -22.5000 9973.0518   14.2715
    0.0000  -45.0000  -22.500010429.2852   14.2655
    7.5000  -45.0000  -22.5000 9956.1895   14.2546
   -7.5000  -37.5000  -22.500010694.9199   14.1573
    0.0000  -37.5000  -22.500011189.2266   14.1484
    7.5000  -37.5000  -22.500010680.9268   14.1389
   -7.5000  -30.0000  -22.500011814.5381   14.0904
    0.0000  -30.0000  -22.500012348.0762   14.0805
    7.5000  -30.0000  -22.500011785.9307   14.0750
   -7.5000  -22.5000  -22.500012845.3408   14.0386
    0.0000  -22.5000  -22.500013418.5186   14.0320
    7.5000  -22.5000  -22.500012813.1826   14.0298
   -7.5000  -15.0000  -22.500013708.7598   13.9886
    0.0000  -15.0000  -22.500014312.1719   13.9859
    7.5000  -15.0000  -22.500013682.3252   13.9837
   -7.5000   -7.5000  -22.500014469.0830   13.9308
    0.0000   -7.5000  -22.500015115.5303   13.9285
    7.5000   -7.5000  -22.500014414.5547   13.9230
   -7.5000    0.0000  -22.500015098.2773   13.8720
    0.0000    0.0000  -22.500015790.6689   13.8673
    7.5000    0.0000  -22.500014997.3584   13.8592
   -7.5000    7.5000  -22.500014529.1543   13.8662
    0.0000    7.5000  -22.500015186.7119   13.8582
    7.5000    7.5000  -22.500014408.2471   13.8509
   -7.5000   15.0000  -22.500013782.6113   13.8740
    0.0000   15.0000  -22.500014408.2812   13.8648
    7.5000   15.0000  -22.500013686.7451   13.8610
   -7.5000   22.5000  -22.500012999.9170   13.9146
    0.0000   22.5000  -22.500013583.7148   13.9082
    7.5000   22.5000  -22.500012922.6416   13.9074
   -7.5000   30.0000  -22.500012140.3750   13.8484
    0.0000   30.0000  -22.500012689.2041   13.8470
    7.5000   30.0000  -22.500012071.1123   13.8478
   -7.5000   37.5000  -22.500011651.1650   13.9456
    0.0000   37.5000  -22.500012176.2842   13.9435
    7.5000   37.5000  -22.500011599.3271   13.9407
   -7.5000   45.0000  -22.500010730.1055   13.7974
    0.0000   45.0000  -22.500011197.2725   13.7935
    7.5000   45.0000  -22.500010683.2207   13.7885
   -7.5000  -45.0000  -15.000010628.2969   14.5916
    0.0000  -45.0000  -15.000011105.2617   14.5832
    7.5000  -45.0000  -15.000010614.5742   14.5689
   -7.5000  -37.5000  -15.000011412.8682   14.4706
    0.0000  -37.5000  -15.000011934.1826   14.4578
    7.5000  -37.5000  -15.000011406.5654   14.4452
   -7.5000  -30.0000  -15.000012598.9482   14.3961
    0.0000  -30.0000  -15.000013159.8486   14.3823
    7.5000  -30.0000  -15.000012561.8828   14.3746
   -7.5000  -22.5000  -15.000013681.8408   14.3395
    0.0000  -22.5000  -15.000014293.2090   14.3308
    7.5000  -22.5000  -15.000013642.3174   14.3269
   -7.5000  -15.0000  -15.000014594.6553   14.2889
    0.0000  -15.0000  -15.000015251.5234   14.2859
    7.5000  -15.0000  -15.000014555.3096   14.2820
   -7.5000   -7.5000  -15.000015405.8799   14.2330
    0.0000   -7.5000  -15.000016101.7324   14.2304
    7.5000   -7.5000  -15.000015335.4414   14.2225
   -7.5000    0.0000  -15.000016047.4600   14.1744
    0.0000    0.0000  -15.000016780.0977   14.1677
    7.5000    0.0000  -15.000015927.4199   14.1564
   -7.5000    7.5000  -15.000015449.1729   14.1664
    0.0000    7.5000  -15.000016154.5039   14.1549
    7.5000    7.5000  -15.000015301.6582   14.1447
   -7.5000   15.0000  -15.000014669.4590   14.1707
    0.0000   15.0000  -15.000015340.9043   14.1578
    7.5000   15.0000  -15.000014550.7969   14.1518
   -7.5000   22.5000  -15.000013816.2900   14.2097
    0.0000   22.5000  -15.000014446.2520   14.2012
    7.5000   22.5000  -15.000013699.9990   14.1989
   -7.5000   30.0000  -15.000012877.4531   14.1465
    0.0000   30.0000  -15.000013464.4873   14.1448
    7.5000   30.0000  -15.000012784.3037   14.1438
   -7.5000   37.5000  -15.000012344.4756   14.2482
    0.0000   37.5000  -15.000012891.4727   14.2457
    7.5000   37.5000  -15.000012260.5068   14.2397
   -7.5000   45.0000  -15.000011351.2480   14.1043
    0.0000   45.0000  -15.000011846.3633   14.0980
    7.5000   45.0000  -15.000011283.5723   14.0894
   -7.5000  -45.0000   -7.500011311.2852   14.7422
    0.0000  -45.0000   -7.500011811.5254   14.7303
    7.5000  -45.0000   -7.500011300.2217   14.7158
   -7.5000  -37.5000   -7.500012153.8857   14.6122
    0.0000  -37.5000   -7.500012692.7549   14.5963
    7.5000  -37.5000   -7.500012143.2383   14.5843
   -7.5000  -30.0000   -7.500013382.9102   14.5286
    0.0000  -30.0000   -7.500013981.0820   14.5117
    7.5000  -30.0000   -7.500013368.9043   14.5048
   -7.5000  -22.5000   -7.500014514.0195   14.4697
    0.0000  -22.5000   -7.500015175.6660   14.4570
    7.5000  -22.5000   -7.500014495.4727   14.4534
   -7.5000  -15.0000   -7.500015497.6553   14.4235
    0.0000  -15.0000   -7.500016187.4844   14.4159
    7.5000  -15.0000   -7.500015454.4375   14.4118
   -7.5000   -7.5000   -7.500016352.6826   14.3715
    0.0000   -7.5000   -7.500017074.2578   14.3647
    7.5000   -7.5000   -7.500016276.2939   14.3564
   -7.5000    0.0000   -7.500017008.7754   14.3115
    0.0000    0.0000   -7.500017762.0059   14.3015
    7.5000    0.0000   -7.500016889.0840   14.2901
   -7.5000    7.5000   -7.500016317.8184   14.2980
    0.0000    7.5000   -7.500017069.6426   14.2835
    7.5000    7.5000   -7.500016169.9014   14.2739
   -7.5000   15.0000   -7.500015504.5488   14.2964
    0.0000   15.0000   -7.500016230.0703   14.2805
    7.5000   15.0000   -7.500015370.1318   14.2753
   -7.5000   22.5000   -7.500014590.0332   14.3344
    0.0000   22.5000   -7.500015257.1455   14.3221
    7.5000   22.5000   -7.500014445.6924   14.3198
   -7.5000   30.0000   -7.500013579.1123   14.2784
    0.0000   30.0000   -7.500014197.1484   14.2721
    7.5000   30.0000   -7.500013449.0850   14.2703
   -7.5000   37.5000   -7.500013005.3301   14.3854
    0.0000   37.5000   -7.500013580.1025   14.3787
    7.5000   37.5000   -7.500012891.2119   14.3712
   -7.5000   45.0000   -7.500011953.5420   14.2421
    0.0000   45.0000   -7.500012478.7695   14.2318
    7.5000   45.0000   -7.500011860.8984   14.2222
   -7.5000  -45.0000    0.000011930.2188   14.7498
    0.0000  -45.0000    0.000012465.5977   14.7364
    7.5000  -45.0000    0.000011921.2383   14.7249
   -7.5000  -37.5000    0.000012801.5215   14.6144
    0.0000  -37.5000    0.000013366.2734   14.5990
    7.5000  -37.5000    0.000012801.2617   14.5904
   -7.5000  -30.0000    0.000014074.1455   14.5267
    0.0000  -30.0000    0.000014693.6504   14.5103
    7.5000  -30.0000    0.000014071.5518   14.5063
   -7.5000  -22.5000    0.000015238.1934   14.4673
    0.0000  -22.5000    0.000015905.0703   14.4529
    7.5000  -22.5000    0.000015220.9219   14.4512
   -7.5000  -15.0000    0.000016277.8057   14.4238
    0.0000  -15.0000    0.000016965.5859   14.4123
    7.5000  -15.0000    0.000016227.9258   14.4095
   -7.5000   -7.5000    0.000017187.6387   14.3721
    0.0000   -7.5000    0.000017892.5684   14.3619
    7.5000   -7.5000    0.000017118.0508   14.3555
   -7.5000    0.0000    0.000017853.2773   14.3096
    0.0000    0.0000    0.000018636.1895   14.2981
    7.5000    0.0000    0.000017755.0762   14.2896
   -7.5000    7.5000    0.000017124.2070   14.2931
    0.0000    7.5000    0.000017899.7422   14.2790
    7.5000    7.5000    0.000016999.3418   14.2726
   -7.5000   15.0000    0.000016215.0234   14.2897
    0.0000   15.0000    0.000016940.0410   14.2742
    7.5000   15.0000    0.000016094.9727   14.2718
   -7.5000   22.5000    0.000015216.0645   14.3295
    0.0000   22.5000    0.000015874.9473   14.3154
    7.5000   22.5000    0.000015087.9248   14.3147
   -7.5000   30.0000    0.000014142.1670   14.2780
    0.0000   30.0000    0.000014768.0479   14.2679
    7.5000   30.0000    0.000014037.7334   14.2670
   -7.5000   37.5000    0.000013551.8164   14.3857
    0.0000   37.5000    0.000014143.0488   14.3757
    7.5000   37.5000    0.000013435.7129   14.3697
   -7.5000   45.0000    0.000012489.0615   14.2408
    0.0000   45.0000    0.000013025.8330   14.2291
    7.5000   45.0000    0.000012379.5039   14.2219
   -7.5000  -45.0000    7.500011597.6748   14.7717
    0.0000  -45.0000    7.500012116.1670   14.7609
    7.5000  -45.0000    7.500011589.5566   14.7529
   -7.5000  -37.5000    7.500012440.6475   14.6397
    0.0000  -37.5000    7.500012977.3086   14.6281
    7.5000  -37.5000    7.500012432.0176   14.6222
   -7.5000  -30.0000    7.500013689.4043   14.5574
    0.0000  -30.0000    7.500014267.3818   14.5446
    7.5000  -30.0000    7.500013686.1523   14.5425
   -7.5000  -22.5000    7.500014780.8936   14.4999
    0.0000  -22.5000    7.500015412.0293   14.4877
    7.5000  -22.5000    7.500014789.1250   14.4874
   -7.5000  -15.0000    7.500015771.8184   14.4531
    0.0000  -15.0000    7.500016395.6484   14.4426
    7.5000  -15.0000    7.500015738.0146   14.4415
   -7.5000   -7.5000    7.500016696.9707   14.3963
    0.0000   -7.5000    7.500017403.5098   14.3872
    7.5000   -7.5000    7.500016638.0312   14.3833
   -7.5000    0.0000    7.500017402.6328   14.3316
    0.0000    0.0000    7.500018222.2168   14.3224
    7.5000    0.0000    7.500017338.9922   14.3171
   -7.5000    7.5000    7.500016731.0469   14.3183
    0.0000    7.5000    7.500017496.6738   14.3078
    7.5000    7.5000    7.500016645.7832   14.3040
   -7.5000   15.0000    7.500015794.7646   14.3200
    0.0000   15.0000    7.500016448.9727   14.3081
    7.5000   15.0000    7.500015679.0986   14.3074
   -7.5000   22.5000    7.500014741.9199   14.3617
    0.0000   22.5000    7.500015318.8135   14.3498
    7.5000   22.5000    7.500014648.2969   14.3504
   -7.5000   30.0000    7.500013702.7393   14.3060
    0.0000   30.0000    7.500014253.0625   14.2968
    7.5000   30.0000    7.500013619.3838   14.2979
   -7.5000   37.5000    7.500013142.0430   14.4086
    0.0000   37.5000    7.500013681.4629   14.3997
    7.5000   37.5000    7.500013043.1973   14.3971
   -7.5000   45.0000    7.500012134.6797   14.2605
    0.0000   45.0000    7.500012631.6973   14.2515
    7.5000   45.0000    7.500012022.3057   14.2481
   -7.5000  -45.0000   15.000011162.1182   14.8085
    0.0000  -45.0000   15.000011664.4385   14.8013
    7.5000  -45.0000   15.000011163.6504   14.7933
   -7.5000  -37.5000   15.000011964.7744   14.6830
    0.0000  -37.5000   15.000012482.4912   14.6745
    7.5000  -37.5000   15.000011961.8496   14.6680
   -7.5000  -30.0000   15.000013152.5293   14.6080
    0.0000  -30.0000   15.000013696.5986   14.5983
    7.5000  -30.0000   15.000013160.9473   14.5952
   -7.5000  -22.5000   15.000014214.2998   14.5518
    0.0000  -22.5000   15.000014780.4150   14.5432
    7.5000  -22.5000   15.000014224.4248   14.5426
   -7.5000  -15.0000   15.000015161.8330   14.5003
    0.0000  -15.0000   15.000015698.5879   14.4940
    7.5000  -15.0000   15.000015152.5469   14.4928
   -7.5000   -7.5000   15.000016038.5576   14.4387
    0.0000   -7.5000   15.000016682.5469   14.4334
    7.5000   -7.5000   15.000016018.3047   14.4296
   -7.5000    0.0000   15.000016754.7051   14.3739
    0.0000    0.0000   15.000017491.5664   14.3681
    7.5000    0.0000   15.000016689.9414   14.3627
   -7.5000    7.5000   15.000016176.5020   14.3657
    0.0000    7.5000   15.000016886.3203   14.3582
    7.5000    7.5000   15.000016033.6172   14.3537
   -7.5000   15.0000   15.000015291.4521   14.3733
    0.0000   15.0000   15.000015910.9561   14.3644
    7.5000   15.0000   15.000015121.3926   14.3628
   -7.5000   22.5000   15.000014219.6855   14.4155
    0.0000   22.5000   15.000014780.7100   14.4071
    7.5000   22.5000   15.000014115.8760   14.4076
   -7.5000   30.0000   15.000013202.1367   14.3530
    0.0000   30.0000   15.000013702.0234   14.3479
    7.5000   30.0000   15.000013113.3730   14.3495
   -7.5000   37.5000   15.000012650.0947   14.4508
    0.0000   37.5000   15.000013126.6895   14.4457
    7.5000   37.5000   15.000012564.0371   14.4446
   -7.5000   45.0000   15.000011691.2510   14.3018
    0.0000   45.0000   15.000012130.0527   14.2967
    7.5000   45.0000   15.000011597.4990   14.2942
   -7.5000  -45.0000   22.500010613.9932   14.8659
    0.0000  -45.0000   22.500011079.3613   14.8595
    7.5000  -45.0000   22.500010612.9883   14.8479
   -7.5000  -37.5000   22.500011384.4717   14.7436
    0.0000  -37.5000   22.500011864.1768   14.7341
    7.5000  -37.5000   22.500011370.4502   14.7239
   -7.5000  -30.0000   22.500012509.1621   14.6705
    0.0000  -30.0000   22.500013009.1182   14.6602
    7.5000  -30.0000   22.500012493.2031   14.6543
   -7.5000  -22.5000   22.500013562.5049   14.6132
    0.0000  -22.5000   22.500014088.1182   14.6065
    7.5000  -22.5000   22.500013556.9609   14.6039
   -7.5000  -15.0000   22.500014514.6758   14.5598
    0.0000  -15.0000   22.500015042.6416   14.5571
    7.5000  -15.0000   22.500014480.4277   14.5544
   -7.5000   -7.5000   22.500015332.8135   14.4986
    0.0000   -7.5000   22.500015933.3105   14.4962
    7.5000   -7.5000   22.500015288.0518   14.4901
   -7.5000    0.0000   22.500015959.3555   14.4363
    0.0000    0.0000   22.500016602.6680   14.4313
    7.5000    0.0000   22.500015884.8965   14.4226
   -7.5000    7.5000   22.500015376.4053   14.4303
    0.0000    7.5000   22.500015971.6953   14.4219
    7.5000    7.5000   22.500015254.6465   14.4140
   -7.5000   15.0000   22.500014571.1465   14.4388
    0.0000   15.0000   22.500015161.5459   14.4293
    7.5000   15.0000   22.500014440.0420   14.4249
   -7.5000   22.5000   22.500013599.8281   14.4790
    0.0000   22.5000   22.500014164.0977   14.4724
    7.5000   22.5000   22.500013500.2549   14.4713
   -7.5000   30.0000   22.500012623.0244   14.4121
    0.0000   30.0000   22.500013146.5342   14.4106
    7.5000   30.0000   22.500012552.8291   14.4111
   -7.5000   37.5000   22.500012096.2051   14.5094
    0.0000   37.5000   22.500012584.1934   14.5073
    7.5000   37.5000   22.500012036.0850   14.5041
   -7.5000   45.0000   22.500011166.0830   14.3609
    0.0000   45.0000   22.500011608.1025   14.3568
    7.5000   45.0000   22.500011099.0957   14.3513
   -7.5000  -45.0000   30.0000 9964.8252   14.9407
    0.0000  -45.0000   30.000010409.5420   14.9319
    7.5000  -45.0000   30.0000 9966.3564   14.9167
   -7.5000  -37.5000   30.000010714.5283   14.8170
    0.0000  -37.5000   30.000011190.5107   14.8036
    7.5000  -37.5000   30.000010688.6113   14.7903
   -7.5000  -30.0000   30.000011780.2539   14.7411
    0.0000  -30.0000   30.000012283.5117   14.7268
    7.5000  -30.0000   30.000011754.0859   14.7185
   -7.5000  -22.5000   30.000012790.3652   14.6833
    0.0000  -22.5000   30.000013315.7969   14.6744
    7.5000  -22.5000   30.000012746.4219   14.6700
   -7.5000  -15.0000   30.000013703.6357   14.6330
    0.0000  -15.0000   30.000014245.3574   14.6298
    7.5000  -15.0000   30.000013639.6084   14.6254
   -7.5000   -7.5000   30.000014447.0176   14.5769
    0.0000   -7.5000   30.000015032.5850   14.5741
    7.5000   -7.5000   30.000014379.8027   14.5655
   -7.5000    0.0000   30.000015021.8330   14.5176
    0.0000    0.0000   30.000015599.0898   14.5105
    7.5000    0.0000   30.000014942.3262   14.4985
   -7.5000    7.5000   30.000014431.3643   14.5091
    0.0000    7.5000   30.000014979.8086   14.4970
    7.5000    7.5000   30.000014343.9756   14.4861
   -7.5000   15.0000   30.000013707.1562   14.5134
    0.0000   15.0000   30.000014240.8721   14.5000
    7.5000   15.0000   30.000013601.8994   14.4933
   -7.5000   22.5000   30.000012832.5205   14.5515
    0.0000   22.5000   30.000013338.4219   14.5428
    7.5000   22.5000   30.000012747.5293   14.5399
   -7.5000   30.0000   30.000011923.7363   14.4850
    0.0000   30.0000   30.000012401.8984   14.4832
    7.5000   30.0000   30.000011865.0967   14.4817
   -7.5000   37.5000   30.000011428.4551   14.5862
    0.0000   37.5000   30.000011883.9365   14.5835
    7.5000   37.5000   30.000011366.7314   14.5770
   -7.5000   45.0000   30.000010547.6631   14.4373
    0.0000   45.0000   30.000010957.6260   14.4306
    7.5000   45.0000   30.000010469.5615   14.4213
   -7.5000  -45.0000   37.5000 9658.2900   15.0265
    0.0000  -45.0000   37.500010093.4717   15.0138
    7.5000  -45.0000   37.5000 9655.7324   14.9985
   -7.5000  -37.5000   37.500010392.7246   14.8953
    0.0000  -37.5000   37.500010870.4248   14.8786
    7.5000  -37.5000   37.500010379.9062   14.8658
   -7.5000  -30.0000   37.500011438.1494   14.8118
    0.0000  -30.0000   37.500011949.6572   14.7942
    7.5000  -30.0000   37.500011413.6670   14.7866
   -7.5000  -22.5000   37.500012411.2705   14.7536
    0.0000  -22.5000   37.500012956.9893   14.7405
    7.5000  -22.5000   37.500012375.8418   14.7363
   -7.5000  -15.0000   37.500013266.9805   14.7101
    0.0000  -15.0000   37.500013853.0850   14.7022
    7.5000  -15.0000   37.500013233.8467   14.6975
   -7.5000   -7.5000   37.500013983.0205   14.6603
    0.0000   -7.5000   37.500014587.6416   14.6532
    7.5000   -7.5000   37.500013932.8799   14.6442
   -7.5000    0.0000   37.500014545.6055   14.6016
    0.0000    0.0000   37.500015136.4717   14.5910
    7.5000    0.0000   37.500014473.7822   14.5788
   -7.5000    7.5000   37.500013954.8584   14.5870
    0.0000    7.5000   37.500014509.5303   14.5718
    7.5000    7.5000   37.500013892.9492   14.5614
   -7.5000   15.0000   37.500013239.3945   14.5845
    0.0000   15.0000   37.500013771.9443   14.5679
    7.5000   15.0000   37.500013160.2109   14.5620
   -7.5000   22.5000   37.500012414.7617   14.6226
    0.0000   22.5000   37.500012923.9414   14.6099
    7.5000   22.5000   37.500012351.7227   14.6070
   -7.5000   30.0000   37.500011554.4150   14.5617
    0.0000   30.0000   37.500012017.7734   14.5551
    7.5000   30.0000   37.500011499.3398   14.5528
   -7.5000   37.5000   37.500011091.2529   14.6686
    0.0000   37.5000   37.500011550.2021   14.6615
    7.5000   37.5000   37.500011032.1436   14.6534
   -7.5000   45.0000   37.500010245.4092   14.5171
    0.0000   45.0000   37.500010659.9414   14.5062
    7.5000   45.0000   37.500010172.6357   14.4958
   -7.5000  -45.0000   45.0000 8928.8330   15.1139
    0.0000  -45.0000   45.0000 9335.5508   15.0999
    7.5000  -45.0000   45.0000 8922.4033   15.0874
   -7.5000  -37.5000   45.0000 9597.0996   14.9804
    0.0000  -37.5000   45.000010056.9316   14.9642
    7.5000  -37.5000   45.0000 9593.4248   14.9549
   -7.5000  -30.0000   45.000010570.7842   14.8960
    0.0000  -30.0000   45.000011064.1484   14.8789
    7.5000  -30.0000   45.000010558.4434   14.8744
   -7.5000  -22.5000   45.000011451.3398   14.8406
    0.0000  -22.5000   45.000011975.5859   14.8255
    7.5000  -22.5000   45.000011428.1445   14.8236
   -7.5000  -15.0000   45.000012225.4268   14.8019
    0.0000  -15.0000   45.000012798.2363   14.7900
    7.5000  -15.0000   45.000012213.7432   14.7869
   -7.5000   -7.5000   45.000012885.5654   14.7555
    0.0000   -7.5000   45.000013463.3936   14.7448
    7.5000   -7.5000   45.000012851.6855   14.7377
   -7.5000    0.0000   45.000013377.0869   14.6971
    0.0000    0.0000   45.000013964.0518   14.6851
    7.5000    0.0000   45.000013338.7256   14.6756
   -7.5000    7.5000   45.000012835.0957   14.6792
    0.0000    7.5000   45.000013372.8047   14.6644
    7.5000    7.5000   45.000012808.3115   14.6573
   -7.5000   15.0000   45.000012162.7441   14.6739
    0.0000   15.0000   45.000012667.3818   14.6578
    7.5000   15.0000   45.000012130.4639   14.6549
   -7.5000   22.5000   45.000011420.2090   14.7129
    0.0000   22.5000   45.000011882.6123   14.6983
    7.5000   22.5000   45.000011378.8789   14.6975
   -7.5000   30.0000   45.000010628.4062   14.6536
    0.0000   30.0000   45.000011059.6934   14.6431
    7.5000   30.0000   45.000010586.9922   14.6420
   -7.5000   37.5000   45.000010219.0078   14.7648
    0.0000   37.5000   45.000010644.2598   14.7542
    7.5000   37.5000   45.000010180.7588   14.7476
   -7.5000   45.0000   45.0000 9462.5127   14.6193
    0.0000   45.0000   45.0000 9843.8721   14.6069
    7.5000   45.0000   45.0000 9404.8799   14.5988

---------------------------------------------------------------------
imgreg_4dfp /opt/freesurfer/average/711-2C_as_mni_average_305 /opt/freesurfer/average/711-2B_as_mni_average_305_mask talsrcimg_g11 none talsrcimg_to_711-2C_as_mni_average_305_t4 4355
---------------------------------------------------------------------

freesurfer imgreg_4dfp.c
/opt/freesurfer/average/711-2C_as_mni_average_305.4dfp.img
       256       256       256         1
  1.000000  1.000000  1.000000
orientation T byte_order littleendian
Reading image: /opt/freesurfer/average/711-2C_as_mni_average_305.4dfp.img
dimensions:      256       256       256
mmppix:       1.0000   -1.0000   -1.0000
center:     128.0000 -129.0000 -129.0000
/opt/freesurfer/average/711-2B_as_mni_average_305_mask.4dfp.img
       256       256       256         1
  1.000000  1.000000  1.000000
orientation T byte_order littleendian
Reading mask: /opt/freesurfer/average/711-2B_as_mni_average_305_mask.4dfp.img (2306576 pixels)
talsrcimg_g11.4dfp.img
       256       256       256         1
  1.000000  1.000000  1.000000
orientation T byte_order littleendian
Reading image: talsrcimg_g11.4dfp.img
dimensions:      256       256       256
mmppix:       1.0000   -1.0000   -1.0000
center:     128.0000 -129.0000 -129.0000
rotation matrix determinant  1.000000
image alignment mode   4355 decimal     1103 hex
   -7.5000  -45.0000  -45.0000 2109.9812   17.8594
    0.0000  -45.0000  -45.0000 2122.6646   17.7443
    7.5000  -45.0000  -45.0000 2104.4380   17.9424
   -7.5000  -37.5000  -45.0000 2164.9272   16.6972
    0.0000  -37.5000  -45.0000 2174.6370   16.6156
    7.5000  -37.5000  -45.0000 2156.2742   16.7990
   -7.5000  -30.0000  -45.0000 2209.8179   15.7896
    0.0000  -30.0000  -45.0000 2223.6392   15.7498
    7.5000  -30.0000  -45.0000 2203.5740   15.9029
   -7.5000  -22.5000  -45.0000 2251.0579   15.1118
    0.0000  -22.5000  -45.0000 2259.7048   15.0686
    7.5000  -22.5000  -45.0000 2240.9805   15.2373
   -7.5000  -15.0000  -45.0000 2276.3792   14.6028
    0.0000  -15.0000  -45.0000 2286.2883   14.5757
    7.5000  -15.0000  -45.0000 2265.4929   14.7196
   -7.5000   -7.5000  -45.0000 2282.2092   14.2729
    0.0000   -7.5000  -45.0000 2291.7161   14.2456
    7.5000   -7.5000  -45.0000 2271.0791   14.3794
   -7.5000    0.0000  -45.0000 2280.7983   14.0766
    0.0000    0.0000  -45.0000 2290.4055   14.0022
    7.5000    0.0000  -45.0000 2271.8267   14.1758
   -7.5000    7.5000  -45.0000 2278.1804   14.0232
    0.0000    7.5000  -45.0000 2288.4224   13.9550
    7.5000    7.5000  -45.0000 2269.2598   14.1252
   -7.5000   15.0000  -45.0000 2265.8333   14.2954
    0.0000   15.0000  -45.0000 2276.3818   14.2114
    7.5000   15.0000  -45.0000 2255.0278   14.4109
   -7.5000   22.5000  -45.0000 2229.7791   14.8494
    0.0000   22.5000  -45.0000 2245.3567   14.7781
    7.5000   22.5000  -45.0000 2223.1565   14.9684
   -7.5000   30.0000  -45.0000 2182.6602   15.6507
    0.0000   30.0000  -45.0000 2197.9900   15.5864
    7.5000   30.0000  -45.0000 2174.6367   15.7802
   -7.5000   37.5000  -45.0000 2118.7605   16.7465
    0.0000   37.5000  -45.0000 2128.8633   16.6955
    7.5000   37.5000  -45.0000 2107.9563   16.8914
   -7.5000   45.0000  -45.0000 2039.0298   18.1781
    0.0000   45.0000  -45.0000 2050.0283   18.0930
    7.5000   45.0000  -45.0000 2029.9569   18.3625
   -7.5000  -45.0000  -37.5000 2196.9324   16.4135
    0.0000  -45.0000  -37.5000 2211.3347   16.3159
    7.5000  -45.0000  -37.5000 2191.9824   16.4982
   -7.5000  -37.5000  -37.5000 2257.7109   15.3330
    0.0000  -37.5000  -37.5000 2275.0171   15.2624
    7.5000  -37.5000  -37.5000 2254.2485   15.4292
   -7.5000  -30.0000  -37.5000 2312.8918   14.5204
    0.0000  -30.0000  -37.5000 2325.3765   14.4642
    7.5000  -30.0000  -37.5000 2306.6157   14.6074
   -7.5000  -22.5000  -37.5000 2350.7358   13.8911
    0.0000  -22.5000  -37.5000 2360.4314   13.8664
    7.5000  -22.5000  -37.5000 2343.4795   14.0109
   -7.5000  -15.0000  -37.5000 2371.4448   13.4281
    0.0000  -15.0000  -37.5000 2385.3984   13.4133
    7.5000  -15.0000  -37.5000 2363.1016   13.5436
   -7.5000   -7.5000  -37.5000 2381.3245   13.1342
    0.0000   -7.5000  -37.5000 2393.9509   13.0910
    7.5000   -7.5000  -37.5000 2372.7290   13.2062
   -7.5000    0.0000  -37.5000 2379.6201   12.9520
    0.0000    0.0000  -37.5000 2392.5090   12.9090
    7.5000    0.0000  -37.5000 2370.8569   13.0382
   -7.5000    7.5000  -37.5000 2375.0068   12.9294
    0.0000    7.5000  -37.5000 2386.0393   12.8626
    7.5000    7.5000  -37.5000 2366.6631   13.0263
   -7.5000   15.0000  -37.5000 2358.7322   13.1502
    0.0000   15.0000  -37.5000 2371.1372   13.0752
    7.5000   15.0000  -37.5000 2349.4910   13.2514
   -7.5000   22.5000  -37.5000 2325.2542   13.6403
    0.0000   22.5000  -37.5000 2339.2324   13.5614
    7.5000   22.5000  -37.5000 2314.9226   13.7557
   -7.5000   30.0000  -37.5000 2277.2891   14.3676
    0.0000   30.0000  -37.5000 2289.0022   14.2884
    7.5000   30.0000  -37.5000 2266.3992   14.4872
   -7.5000   37.5000  -37.5000 2208.1577   15.3726
    0.0000   37.5000  -37.5000 2220.6001   15.2955
    7.5000   37.5000  -37.5000 2198.9026   15.5102
   -7.5000   45.0000  -37.5000 2124.1106   16.6728
    0.0000   45.0000  -37.5000 2133.3740   16.6057
    7.5000   45.0000  -37.5000 2115.3359   16.8501
   -7.5000  -45.0000  -30.0000 2326.2751   15.6521
    0.0000  -45.0000  -30.0000 2342.1013   15.6257
    7.5000  -45.0000  -30.0000 2321.0098   15.7535
   -7.5000  -37.5000  -30.0000 2391.3313   14.6300
    0.0000  -37.5000  -30.0000 2408.2437   14.5808
    7.5000  -37.5000  -30.0000 2387.5691   14.7053
   -7.5000  -30.0000  -30.0000 2449.6104   13.8246
    0.0000  -30.0000  -30.0000 2463.3845   13.7700
    7.5000  -30.0000  -30.0000 2443.3857   13.9105
   -7.5000  -22.5000  -30.0000 2486.9897   13.1890
    0.0000  -22.5000  -30.0000 2500.9768   13.1537
    7.5000  -22.5000  -30.0000 2480.3550   13.2962
   -7.5000  -15.0000  -30.0000 2512.3933   12.7585
    0.0000  -15.0000  -30.0000 2525.9998   12.7067
    7.5000  -15.0000  -30.0000 2506.3088   12.8334
   -7.5000   -7.5000  -30.0000 2528.6582   12.4756
    0.0000   -7.5000  -30.0000 2543.2217   12.4076
    7.5000   -7.5000  -30.0000 2520.1309   12.5347
   -7.5000    0.0000  -30.0000 2532.8992   12.3310
    0.0000    0.0000  -30.0000 2545.4321   12.2845
    7.5000    0.0000  -30.0000 2521.0742   12.3886
   -7.5000    7.5000  -30.0000 2527.7427   12.3271
    0.0000    7.5000  -30.0000 2538.7202   12.2585
    7.5000    7.5000  -30.0000 2515.2944   12.3930
   -7.5000   15.0000  -30.0000 2506.2891   12.5428
    0.0000   15.0000  -30.0000 2518.8062   12.4628
    7.5000   15.0000  -30.0000 2494.8328   12.6249
   -7.5000   22.5000  -30.0000 2471.2078   12.9922
    0.0000   22.5000  -30.0000 2485.3157   12.9115
    7.5000   22.5000  -30.0000 2460.8486   13.0914
   -7.5000   30.0000  -30.0000 2417.8608   13.6742
    0.0000   30.0000  -30.0000 2430.5432   13.5971
    7.5000   30.0000  -30.0000 2406.0237   13.7910
   -7.5000   37.5000  -30.0000 2343.6272   14.6273
    0.0000   37.5000  -30.0000 2356.8171   14.5543
    7.5000   37.5000  -30.0000 2333.1787   14.7493
   -7.5000   45.0000  -30.0000 2248.2424   15.8939
    0.0000   45.0000  -30.0000 2259.2966   15.8127
    7.5000   45.0000  -30.0000 2240.4644   16.0092
   -7.5000  -45.0000  -22.5000 2425.6428   14.9576
    0.0000  -45.0000  -22.5000 2443.9409   14.9263
    7.5000  -45.0000  -22.5000 2423.4314   15.0470
   -7.5000  -37.5000  -22.5000 2493.4961   13.9398
    0.0000  -37.5000  -22.5000 2510.2644   13.8934
    7.5000  -37.5000  -22.5000 2488.7986   14.0145
   -7.5000  -30.0000  -22.5000 2549.7151   13.1064
    0.0000  -30.0000  -22.5000 2566.1060   13.0667
    7.5000  -30.0000  -22.5000 2546.5642   13.2069
   -7.5000  -22.5000  -22.5000 2593.0867   12.4880
    0.0000  -22.5000  -22.5000 2607.6660   12.4421
    7.5000  -22.5000  -22.5000 2588.8313   12.5552
   -7.5000  -15.0000  -22.5000 2620.9653   12.0582
    0.0000  -15.0000  -22.5000 2629.4868   12.0029
    7.5000  -15.0000  -22.5000 2615.6816   12.1175
   -7.5000   -7.5000  -22.5000 2643.1929   11.7704
    0.0000   -7.5000  -22.5000 2654.6633   11.7123
    7.5000   -7.5000  -22.5000 2634.8645   11.8174
   -7.5000    0.0000  -22.5000 2658.3904   11.6219
    0.0000    0.0000  -22.5000 2671.9487   11.5542
    7.5000    0.0000  -22.5000 2642.7278   11.6682
   -7.5000    7.5000  -22.5000 2658.8474   11.6399
    0.0000    7.5000  -22.5000 2669.4597   11.5662
    7.5000    7.5000  -22.5000 2640.9758   11.6914
   -7.5000   15.0000  -22.5000 2637.6885   11.8499
    0.0000   15.0000  -22.5000 2651.4656   11.7736
    7.5000   15.0000  -22.5000 2624.5791   11.9167
   -7.5000   22.5000  -22.5000 2597.7139   12.2776
    0.0000   22.5000  -22.5000 2616.0457   12.1989
    7.5000   22.5000  -22.5000 2587.3171   12.3662
   -7.5000   30.0000  -22.5000 2536.0957   12.9291
    0.0000   30.0000  -22.5000 2551.9414   12.8525
    7.5000   30.0000  -22.5000 2522.5474   13.0313
   -7.5000   37.5000  -22.5000 2450.2737   13.8390
    0.0000   37.5000  -22.5000 2463.6802   13.7619
    7.5000   37.5000  -22.5000 2439.9546   13.9320
   -7.5000   45.0000  -22.5000 2346.8538   15.0573
    0.0000   45.0000  -22.5000 2357.5652   14.9796
    7.5000   45.0000  -22.5000 2339.5374   15.1760
   -7.5000  -45.0000  -15.0000 2490.8782   14.3398
    0.0000  -45.0000  -15.0000 2507.8643   14.2725
    7.5000  -45.0000  -15.0000 2487.0588   14.4024
   -7.5000  -37.5000  -15.0000 2557.0635   13.3035
    0.0000  -37.5000  -15.0000 2575.2856   13.2570
    7.5000  -37.5000  -15.0000 2558.4775   13.3938
   -7.5000  -30.0000  -15.0000 2615.8948   12.4776
    0.0000  -30.0000  -15.0000 2630.5242   12.4292
    7.5000  -30.0000  -15.0000 2609.8535   12.5451
   -7.5000  -22.5000  -15.0000 2663.9255   11.8295
    0.0000  -22.5000  -15.0000 2678.0691   11.7766
    7.5000  -22.5000  -15.0000 2658.4312   11.9017
   -7.5000  -15.0000  -15.0000 2699.7705   11.3782
    0.0000  -15.0000  -15.0000 2715.2080   11.3186
    7.5000  -15.0000  -15.0000 2695.6511   11.4494
   -7.5000   -7.5000  -15.0000 2731.5068   11.0979
    0.0000   -7.5000  -15.0000 2744.5295   11.0286
    7.5000   -7.5000  -15.0000 2722.4978   11.1527
   -7.5000    0.0000  -15.0000 2755.3782   10.9482
    0.0000    0.0000  -15.0000 2769.0938   10.8743
    7.5000    0.0000  -15.0000 2738.8672   10.9898
   -7.5000    7.5000  -15.0000 2764.3950   10.9749
    0.0000    7.5000  -15.0000 2776.5518   10.8967
    7.5000    7.5000  -15.0000 2744.0977   11.0164
   -7.5000   15.0000  -15.0000 2746.7979   11.1782
    0.0000   15.0000  -15.0000 2764.6609   11.1031
    7.5000   15.0000  -15.0000 2733.4038   11.2380
   -7.5000   22.5000  -15.0000 2704.6064   11.5986
    0.0000   22.5000  -15.0000 2723.7471   11.5220
    7.5000   22.5000  -15.0000 2688.3149   11.6757
   -7.5000   30.0000  -15.0000 2633.5210   12.2301
    0.0000   30.0000  -15.0000 2649.8818   12.1536
    7.5000   30.0000  -15.0000 2615.8386   12.3180
   -7.5000   37.5000  -15.0000 2538.8540   13.1194
    0.0000   37.5000  -15.0000 2550.3135   13.0299
    7.5000   37.5000  -15.0000 2524.6230   13.1987
   -7.5000   45.0000  -15.0000 2424.7261   14.3103
    0.0000   45.0000  -15.0000 2434.9976   14.2182
    7.5000   45.0000  -15.0000 2414.8513   14.3934
   -7.5000  -45.0000   -7.5000 2528.7781   13.8524
    0.0000  -45.0000   -7.5000 2546.5925   13.7611
    7.5000  -45.0000   -7.5000 2526.1562   13.9389
   -7.5000  -37.5000   -7.5000 2595.8340   12.7827
    0.0000  -37.5000   -7.5000 2614.9626   12.7099
    7.5000  -37.5000   -7.5000 2597.4565   12.8726
   -7.5000  -30.0000   -7.5000 2654.1265   11.9223
    0.0000  -30.0000   -7.5000 2671.9971   11.8546
    7.5000  -30.0000   -7.5000 2652.4233   11.9963
   -7.5000  -22.5000   -7.5000 2711.6484   11.2545
    0.0000  -22.5000   -7.5000 2728.6040   11.1907
    7.5000  -22.5000   -7.5000 2709.2607   11.3336
   -7.5000  -15.0000   -7.5000 2761.6970   10.7916
    0.0000  -15.0000   -7.5000 2778.1184   10.7222
    7.5000  -15.0000   -7.5000 2756.4260   10.8601
   -7.5000   -7.5000   -7.5000 2806.4514   10.5109
    0.0000   -7.5000   -7.5000 2822.1624   10.4253
    7.5000   -7.5000   -7.5000 2796.0833   10.5637
   -7.5000    0.0000   -7.5000 2843.5347   10.3662
    0.0000    0.0000   -7.5000 2859.0073   10.2655
    7.5000    0.0000   -7.5000 2823.8130   10.4083
   -7.5000    7.5000   -7.5000 2854.8784   10.3705
    0.0000    7.5000   -7.5000 2876.2456   10.2817
    7.5000    7.5000   -7.5000 2833.8225   10.4196
   -7.5000   15.0000   -7.5000 2839.4988   10.5567
    0.0000   15.0000   -7.5000 2862.8845   10.4725
    7.5000   15.0000   -7.5000 2826.4502   10.6055
   -7.5000   22.5000   -7.5000 2790.0850   10.9629
    0.0000   22.5000   -7.5000 2811.5278   10.8776
    7.5000   22.5000   -7.5000 2775.0908   11.0301
   -7.5000   30.0000   -7.5000 2705.8357   11.5961
    0.0000   30.0000   -7.5000 2726.5408   11.5074
    7.5000   30.0000   -7.5000 2688.5994   11.6675
   -7.5000   37.5000   -7.5000 2600.8818   12.4742
    0.0000   37.5000   -7.5000 2616.3186   12.3810
    7.5000   37.5000   -7.5000 2585.3098   12.5490
   -7.5000   45.0000   -7.5000 2478.1624   13.6588
    0.0000   45.0000   -7.5000 2493.6506   13.5558
    7.5000   45.0000   -7.5000 2466.5984   13.7271
   -7.5000  -45.0000    0.0000 2547.0918   13.5333
    0.0000  -45.0000    0.0000 2570.2446   13.4174
    7.5000  -45.0000    0.0000 2548.8738   13.6321
   -7.5000  -37.5000    0.0000 2614.3723   12.4113
    0.0000  -37.5000    0.0000 2636.6511   12.3196
    7.5000  -37.5000    0.0000 2618.9031   12.5270
   -7.5000  -30.0000    0.0000 2673.7563   11.5246
    0.0000  -30.0000    0.0000 2693.5979   11.4232
    7.5000  -30.0000    0.0000 2675.9355   11.6132
   -7.5000  -22.5000    0.0000 2733.7778   10.8403
    0.0000  -22.5000    0.0000 2751.5369   10.7546
    7.5000  -22.5000    0.0000 2731.7737   10.9169
   -7.5000  -15.0000    0.0000 2800.5935   10.3799
    0.0000  -15.0000    0.0000 2819.0037   10.2843
    7.5000  -15.0000    0.0000 2794.2878   10.4260
   -7.5000   -7.5000    0.0000 2865.1152   10.0926
    0.0000   -7.5000    0.0000 2882.7209    9.9860
    7.5000   -7.5000    0.0000 2853.8135   10.1382
   -7.5000    0.0000    0.0000 2917.8948    9.9366
    0.0000    0.0000    0.0000 2944.3547    9.8220
    7.5000    0.0000    0.0000 2897.5054    9.9879
   -7.5000    7.5000    0.0000 2937.8406    9.9397
    0.0000    7.5000    0.0000 2974.7583    9.8325
    7.5000    7.5000    0.0000 2915.1592   10.0021
   -7.5000   15.0000    0.0000 2914.0640   10.1109
    0.0000   15.0000    0.0000 2947.7625   10.0015
    7.5000   15.0000    0.0000 2896.5278   10.1686
   -7.5000   22.5000    0.0000 2856.3879   10.4713
    0.0000   22.5000    0.0000 2880.1255   10.3718
    7.5000   22.5000    0.0000 2839.1689   10.5523
   -7.5000   30.0000    0.0000 2759.1721   11.1026
    0.0000   30.0000    0.0000 2785.3083   10.9887
    7.5000   30.0000    0.0000 2745.6772   11.1814
   -7.5000   37.5000    0.0000 2642.2737   12.0153
    0.0000   37.5000    0.0000 2664.2859   11.8868
    7.5000   37.5000    0.0000 2628.0872   12.0818
   -7.5000   45.0000    0.0000 2512.3079   13.1870
    0.0000   45.0000    0.0000 2529.6077   13.0723
    7.5000   45.0000    0.0000 2497.4709   13.2704
   -7.5000  -45.0000    7.5000 2554.0422   13.3396
    0.0000  -45.0000    7.5000 2585.8530   13.2116
    7.5000  -45.0000    7.5000 2560.4258   13.4375
   -7.5000  -37.5000    7.5000 2623.3010   12.1989
    0.0000  -37.5000    7.5000 2646.0383   12.0646
    7.5000  -37.5000    7.5000 2627.4368   12.2944
   -7.5000  -30.0000    7.5000 2687.1250   11.2876
    0.0000  -30.0000    7.5000 2704.2163   11.1547
    7.5000  -30.0000    7.5000 2687.3569   11.3649
   -7.5000  -22.5000    7.5000 2750.7842   10.5877
    0.0000  -22.5000    7.5000 2768.4185   10.4709
    7.5000  -22.5000    7.5000 2750.3667   10.6717
   -7.5000  -15.0000    7.5000 2821.3335   10.1051
    0.0000  -15.0000    7.5000 2842.5410    9.9815
    7.5000  -15.0000    7.5000 2815.8079   10.1692
   -7.5000   -7.5000    7.5000 2900.6506    9.8316
    0.0000   -7.5000    7.5000 2925.5857    9.6867
    7.5000   -7.5000    7.5000 2889.9985    9.8780
   -7.5000    0.0000    7.5000 2966.2349    9.6887
    0.0000    0.0000    7.5000 3008.1763    9.5615
    7.5000    0.0000    7.5000 2948.9282    9.7360
   -7.5000    7.5000    7.5000 3001.9065    9.6935
    0.0000    7.5000    7.5000 3054.6460    9.5666
    7.5000    7.5000    7.5000 2976.2490    9.7480
   -7.5000   15.0000    7.5000 2971.3867    9.8512
    0.0000   15.0000    7.5000 3014.7881    9.7164
    7.5000   15.0000    7.5000 2944.8225    9.9175
   -7.5000   22.5000    7.5000 2895.5942   10.1951
    0.0000   22.5000    7.5000 2926.6072   10.0579
    7.5000   22.5000    7.5000 2878.2092   10.2731
   -7.5000   30.0000    7.5000 2788.4221   10.8134
    0.0000   30.0000    7.5000 2816.1519   10.6844
    7.5000   30.0000    7.5000 2776.2573   10.8836
   -7.5000   37.5000    7.5000 2664.0552   11.7347
    0.0000   37.5000    7.5000 2689.5005   11.6074
    7.5000   37.5000    7.5000 2654.4114   11.7879
   -7.5000   45.0000    7.5000 2528.8403   12.9039
    0.0000   45.0000    7.5000 2547.7603   12.8011
    7.5000   45.0000    7.5000 2516.5488   12.9869
   -7.5000  -45.0000   15.0000 2554.2893   13.3023
    0.0000  -45.0000   15.0000 2586.6125   13.1553
    7.5000  -45.0000   15.0000 2565.5330   13.3839
   -7.5000  -37.5000   15.0000 2622.9324   12.1423
    0.0000  -37.5000   15.0000 2645.9753   11.9827
    7.5000  -37.5000   15.0000 2626.4836   12.2016
   -7.5000  -30.0000   15.0000 2684.6069   11.2067
    0.0000  -30.0000   15.0000 2703.4351   11.0541
    7.5000  -30.0000   15.0000 2687.1060   11.2834
   -7.5000  -22.5000   15.0000 2751.6890   10.5101
    0.0000  -22.5000   15.0000 2772.9797   10.3649
    7.5000  -22.5000   15.0000 2750.5090   10.5969
   -7.5000  -15.0000   15.0000 2822.2422   10.0244
    0.0000  -15.0000   15.0000 2846.2866    9.8626
    7.5000  -15.0000   15.0000 2817.8145   10.1025
   -7.5000   -7.5000   15.0000 2902.4836    9.7625
    0.0000   -7.5000   15.0000 2934.3149    9.5883
    7.5000   -7.5000   15.0000 2891.8997    9.8221
   -7.5000    0.0000   15.0000 2972.3977    9.6185
    0.0000    0.0000   15.0000 3020.1660    9.4820
    7.5000    0.0000   15.0000 2956.6001    9.6710
   -7.5000    7.5000   15.0000 3013.4324    9.6312
    0.0000    7.5000   15.0000 3071.4780    9.4962
    7.5000    7.5000   15.0000 2986.7893    9.6684
   -7.5000   15.0000   15.0000 2980.6506    9.8086
    0.0000   15.0000   15.0000 3026.4751    9.6656
    7.5000   15.0000   15.0000 2957.4456    9.8465
   -7.5000   22.5000   15.0000 2897.2766   10.1595
    0.0000   22.5000   15.0000 2931.5835   10.0213
    7.5000   22.5000   15.0000 2885.9368   10.2135
   -7.5000   30.0000   15.0000 2789.2849   10.7591
    0.0000   30.0000   15.0000 2815.2681   10.6304
    7.5000   30.0000   15.0000 2780.9778   10.8119
   -7.5000   37.5000   15.0000 2662.3804   11.6425
    0.0000   37.5000   15.0000 2685.5552   11.5234
    7.5000   37.5000   15.0000 2657.7712   11.6821
   -7.5000   45.0000   15.0000 2528.0249   12.7630
    0.0000   45.0000   15.0000 2544.7859   12.6507
    7.5000   45.0000   15.0000 2520.7112   12.8346
   -7.5000  -45.0000   22.5000 2541.6013   13.4274
    0.0000  -45.0000   22.5000 2572.2546   13.2458
    7.5000  -45.0000   22.5000 2554.0967   13.4741
   -7.5000  -37.5000   22.5000 2609.2019   12.2496
    0.0000  -37.5000   22.5000 2634.9177   12.0579
    7.5000  -37.5000   22.5000 2614.6851   12.2821
   -7.5000  -30.0000   22.5000 2670.0127   11.3229
    0.0000  -30.0000   22.5000 2692.3777   11.1382
    7.5000  -30.0000   22.5000 2671.9287   11.3722
   -7.5000  -22.5000   22.5000 2740.2478   10.6330
    0.0000  -22.5000   22.5000 2761.2971   10.4688
    7.5000  -22.5000   22.5000 2739.0598   10.6996
   -7.5000  -15.0000   22.5000 2810.6262   10.1610
    0.0000  -15.0000   22.5000 2830.9075    9.9883
    7.5000  -15.0000   22.5000 2805.8674   10.2233
   -7.5000   -7.5000   22.5000 2882.1538    9.8949
    0.0000   -7.5000   22.5000 2908.4004    9.7463
    7.5000   -7.5000   22.5000 2875.6047    9.9459
   -7.5000    0.0000   22.5000 2940.8203    9.7508
    0.0000    0.0000   22.5000 2980.5811    9.6109
    7.5000    0.0000   22.5000 2931.3188    9.7923
   -7.5000    7.5000   22.5000 2973.3096    9.7760
    0.0000    7.5000   22.5000 3012.7002    9.6295
    7.5000    7.5000   22.5000 2955.2749    9.8139
   -7.5000   15.0000   22.5000 2943.1272    9.9763
    0.0000   15.0000   22.5000 2982.7485    9.8271
    7.5000   15.0000   22.5000 2930.1663    9.9980
   -7.5000   22.5000   22.5000 2861.1406   10.3650
    0.0000   22.5000   22.5000 2893.5332   10.2316
    7.5000   22.5000   22.5000 2854.8435   10.3922
   -7.5000   30.0000   22.5000 2758.4131   10.9443
    0.0000   30.0000   22.5000 2784.8335   10.8294
    7.5000   30.0000   22.5000 2755.2373   10.9835
   -7.5000   37.5000   22.5000 2638.1338   11.7711
    0.0000   37.5000   22.5000 2659.7126   11.6546
    7.5000   37.5000   22.5000 2638.3826   11.8070
   -7.5000   45.0000   22.5000 2506.4968   12.8317
    0.0000   45.0000   22.5000 2523.1841   12.7186
    7.5000   45.0000   22.5000 2505.9978   12.8960
   -7.5000  -45.0000   30.0000 2503.6978   13.7329
    0.0000  -45.0000   30.0000 2530.4292   13.5540
    7.5000  -45.0000   30.0000 2516.9805   13.7517
   -7.5000  -37.5000   30.0000 2581.4485   12.5424
    0.0000  -37.5000   30.0000 2605.9873   12.3734
    7.5000  -37.5000   30.0000 2583.6807   12.5643
   -7.5000  -30.0000   30.0000 2645.4797   11.6206
    0.0000  -30.0000   30.0000 2667.0955   11.4516
    7.5000  -30.0000   30.0000 2644.8691   11.6481
   -7.5000  -22.5000   30.0000 2711.6226   10.9378
    0.0000  -22.5000   30.0000 2734.2253   10.7833
    7.5000  -22.5000   30.0000 2710.9048   10.9923
   -7.5000  -15.0000   30.0000 2780.6655   10.4911
    0.0000  -15.0000   30.0000 2801.6147   10.3332
    7.5000  -15.0000   30.0000 2774.5596   10.5375
   -7.5000   -7.5000   30.0000 2841.2908   10.2267
    0.0000   -7.5000   30.0000 2866.9326   10.0839
    7.5000   -7.5000   30.0000 2834.2395   10.2597
   -7.5000    0.0000   30.0000 2884.6235   10.0942
    0.0000    0.0000   30.0000 2913.5618    9.9381
    7.5000    0.0000   30.0000 2875.8274   10.1262
   -7.5000    7.5000   30.0000 2897.1960   10.1518
    0.0000    7.5000   30.0000 2925.1653    9.9919
    7.5000    7.5000   30.0000 2886.3684   10.1717
   -7.5000   15.0000   30.0000 2875.1714   10.3376
    0.0000   15.0000   30.0000 2903.7173   10.2020
    7.5000   15.0000   30.0000 2863.4783   10.3631
   -7.5000   22.5000   30.0000 2802.7063   10.7361
    0.0000   22.5000   30.0000 2827.4292   10.6119
    7.5000   22.5000   30.0000 2795.9048   10.7661
   -7.5000   30.0000   30.0000 2704.7288   11.3147
    0.0000   30.0000   30.0000 2728.2634   11.1889
    7.5000   30.0000   30.0000 2703.8770   11.3450
   -7.5000   37.5000   30.0000 2593.1375   12.1102
    0.0000   37.5000   30.0000 2612.3044   11.9777
    7.5000   37.5000   30.0000 2593.1614   12.1483
   -7.5000   45.0000   30.0000 2465.4854   13.1196
    0.0000   45.0000   30.0000 2484.0320   13.0143
    7.5000   45.0000   30.0000 2466.8494   13.1763
   -7.5000  -45.0000   37.5000 2455.4387   14.1952
    0.0000  -45.0000   37.5000 2479.1523   14.0433
    7.5000  -45.0000   37.5000 2466.5005   14.2210
   -7.5000  -37.5000   37.5000 2537.9351   12.9935
    0.0000  -37.5000   37.5000 2563.5630   12.8396
    7.5000  -37.5000   37.5000 2541.4573   13.0218
   -7.5000  -30.0000   37.5000 2607.3220   12.0606
    0.0000  -30.0000   37.5000 2633.5972   11.8950
    7.5000  -30.0000   37.5000 2607.9519   12.0765
   -7.5000  -22.5000   37.5000 2671.3206   11.3846
    0.0000  -22.5000   37.5000 2699.6985   11.2356
    7.5000  -22.5000   37.5000 2670.4907   11.4271
   -7.5000  -15.0000   37.5000 2730.2542   10.9615
    0.0000  -15.0000   37.5000 2757.0930   10.8266
    7.5000  -15.0000   37.5000 2724.9399   10.9991
   -7.5000   -7.5000   37.5000 2781.5764   10.7258
    0.0000   -7.5000   37.5000 2809.3518   10.5821
    7.5000   -7.5000   37.5000 2775.7739   10.7522
   -7.5000    0.0000   37.5000 2815.8711   10.6183
    0.0000    0.0000   37.5000 2843.4263   10.4644
    7.5000    0.0000   37.5000 2806.7876   10.6320
   -7.5000    7.5000   37.5000 2813.9663   10.6746
    0.0000    7.5000   37.5000 2836.9856   10.5333
    7.5000    7.5000   37.5000 2806.1555   10.6919
   -7.5000   15.0000   37.5000 2786.3245   10.8697
    0.0000   15.0000   37.5000 2809.9270   10.7425
    7.5000   15.0000   37.5000 2778.1873   10.8984
   -7.5000   22.5000   37.5000 2721.3276   11.2676
    0.0000   22.5000   37.5000 2743.8906   11.1417
    7.5000   22.5000   37.5000 2718.3447   11.2935
   -7.5000   30.0000   37.5000 2634.1335   11.8350
    0.0000   30.0000   37.5000 2653.6162   11.7069
    7.5000   30.0000   37.5000 2635.4285   11.8623
   -7.5000   37.5000   37.5000 2533.9678   12.5793
    0.0000   37.5000   37.5000 2556.3606   12.4663
    7.5000   37.5000   37.5000 2536.0950   12.6243
   -7.5000   45.0000   37.5000 2413.2839   13.6044
    0.0000   45.0000   37.5000 2435.7283   13.4749
    7.5000   45.0000   37.5000 2416.6982   13.6353
   -7.5000  -45.0000   45.0000 2402.0874   14.8647
    0.0000  -45.0000   45.0000 2424.1624   14.7123
    7.5000  -45.0000   45.0000 2408.9827   14.8823
   -7.5000  -37.5000   45.0000 2483.9885   13.6307
    0.0000  -37.5000   45.0000 2512.3904   13.4903
    7.5000  -37.5000   45.0000 2489.3997   13.6447
   -7.5000  -30.0000   45.0000 2557.0481   12.6733
    0.0000  -30.0000   45.0000 2584.0667   12.5458
    7.5000  -30.0000   45.0000 2560.5432   12.7026
   -7.5000  -22.5000   45.0000 2616.3967   12.0141
    0.0000  -22.5000   45.0000 2642.3010   11.8825
    7.5000  -22.5000   45.0000 2614.8291   12.0511
   -7.5000  -15.0000   45.0000 2665.8984   11.5977
    0.0000  -15.0000   45.0000 2694.4148   11.4921
    7.5000  -15.0000   45.0000 2663.6846   11.6471
   -7.5000   -7.5000   45.0000 2709.9509   11.3758
    0.0000   -7.5000   45.0000 2737.6189   11.2527
    7.5000   -7.5000   45.0000 2703.3994   11.4045
   -7.5000    0.0000   45.0000 2731.2222   11.2807
    0.0000    0.0000   45.0000 2756.5754   11.1620
    7.5000    0.0000   45.0000 2724.7795   11.3021
   -7.5000    7.5000   45.0000 2722.6863   11.3565
    0.0000    7.5000   45.0000 2741.5535   11.2343
    7.5000    7.5000   45.0000 2717.4224   11.3814
   -7.5000   15.0000   45.0000 2691.7258   11.5647
    0.0000   15.0000   45.0000 2710.5479   11.4545
    7.5000   15.0000   45.0000 2687.3152   11.6020
   -7.5000   22.5000   45.0000 2635.4634   11.9313
    0.0000   22.5000   45.0000 2653.0647   11.8231
    7.5000   22.5000   45.0000 2632.9995   11.9656
   -7.5000   30.0000   45.0000 2556.8857   12.4670
    0.0000   30.0000   45.0000 2573.0820   12.3433
    7.5000   30.0000   45.0000 2554.8677   12.5047
   -7.5000   37.5000   45.0000 2465.2200   13.1893
    0.0000   37.5000   45.0000 2481.3721   13.0776
    7.5000   37.5000   45.0000 2467.3113   13.2397
   -7.5000   45.0000   45.0000 2354.2993   14.2126
    0.0000   45.0000   45.0000 2370.1702   14.0889
    7.5000   45.0000   45.0000 2355.7183   14.2426

---------------------------------------------------------------------
imgreg_4dfp /opt/freesurfer/average/711-2C_as_mni_average_305 /opt/freesurfer/average/711-2B_as_mni_average_305_mask talsrcimg_g11 none talsrcimg_to_711-2C_as_mni_average_305_t4 1283
---------------------------------------------------------------------

freesurfer imgreg_4dfp.c
/opt/freesurfer/average/711-2C_as_mni_average_305.4dfp.img
       256       256       256         1
  1.000000  1.000000  1.000000
orientation T byte_order littleendian
Reading image: /opt/freesurfer/average/711-2C_as_mni_average_305.4dfp.img
dimensions:      256       256       256
mmppix:       1.0000   -1.0000   -1.0000
center:     128.0000 -129.0000 -129.0000
/opt/freesurfer/average/711-2B_as_mni_average_305_mask.4dfp.img
       256       256       256         1
  1.000000  1.000000  1.000000
orientation T byte_order littleendian
Reading mask: /opt/freesurfer/average/711-2B_as_mni_average_305_mask.4dfp.img (2306576 pixels)
talsrcimg_g11.4dfp.img
       256       256       256         1
  1.000000  1.000000  1.000000
orientation T byte_order littleendian
Reading image: talsrcimg_g11.4dfp.img
dimensions:      256       256       256
mmppix:       1.0000   -1.0000   -1.0000
center:     128.0000 -129.0000 -129.0000
rotation matrix determinant  1.000000
fimgreg.f
image alignment mode   1283 decimal      503 hex
parameters
    0.0000    7.5000   15.0000    0.0000    0.0000    0.0000
eta,q 0.96320  9.50398
niter,ni,del,rscale     5    3   12.0000    1.2000
parameter  4  1.010033 ->  0.500000 qaram    1.1500
parameters
   -0.8233    8.5714   13.0094   -3.4500    0.8813    1.8615
eta,q 0.96768  9.46341
  0.0505  0.0499  0.0401  0.0333  0.0437  0.0408
  0.0432  0.0444  0.0369  0.0329  0.0392  0.0376
  0.0386  0.0402  0.0363  0.0339  0.0353  0.0347
  0.0381  0.0377  0.0373  0.0363  0.0330  0.0328
  0.0420  0.0375  0.0398  0.0394  0.0331  0.0323
  0.0499  0.0394  0.0445  0.0429  0.0354  0.0330
  0.0590  0.0439  0.0509  0.0460  0.0394  0.0350
niter,ni,del,rscale     5    3   12.0000    1.2000
parameters
   -1.1526    9.2890   12.2847   -4.9182    0.8435    2.0195
eta,q 0.96837  9.46867
  0.0493  0.0463  0.0397  0.0363  0.0404  0.0371
  0.0403  0.0398  0.0349  0.0337  0.0363  0.0342
  0.0341  0.0346  0.0321  0.0317  0.0332  0.0322
  0.0323  0.0322  0.0321  0.0318  0.0316  0.0316
  0.0359  0.0328  0.0345  0.0339  0.0328  0.0321
  0.0437  0.0359  0.0383  0.0381  0.0362  0.0338
  0.0527  0.0411  0.0437  0.0428  0.0409  0.0365
niter,ni,del,rscale     4    3   12.0000    1.2000
parameters
   -1.1994    9.5285   12.0164   -5.2803    0.8277    2.0763
eta,q 0.96826  9.47303
  0.0505  0.0443  0.0407  0.0377  0.0406  0.0368
  0.0410  0.0371  0.0355  0.0353  0.0365  0.0340
  0.0343  0.0323  0.0325  0.0327  0.0334  0.0322
  0.0316  0.0316  0.0318  0.0317  0.0317  0.0317
  0.0343  0.0334  0.0336  0.0323  0.0329  0.0322
  0.0418  0.0368  0.0370  0.0355  0.0364  0.0339
  0.0509  0.0413  0.0420  0.0402  0.0410  0.0366
niter,ni,del,rscale     3    3   12.0000    1.2000
parameters
   -1.2036    9.6045   11.9537   -5.3676    0.8171    2.0962
eta,q 0.96821  9.47427
  0.0508  0.0436  0.0414  0.0380  0.0407  0.0367
  0.0413  0.0364  0.0360  0.0357  0.0366  0.0340
  0.0346  0.0319  0.0328  0.0331  0.0334  0.0323
  0.0317  0.0317  0.0318  0.0318  0.0318  0.0318
  0.0343  0.0338  0.0334  0.0320  0.0329  0.0323
  0.0417  0.0372  0.0366  0.0349  0.0365  0.0340
  0.0507  0.0416  0.0414  0.0395  0.0411  0.0366
niter,ni,del,rscale     2    3   12.0000    1.2000
parameters
   -1.2003    9.6250   11.9380   -5.3873    0.8104    2.1020
eta,q 0.96820  9.47471
  0.0509  0.0433  0.0416  0.0381  0.0408  0.0367
  0.0414  0.0362  0.0361  0.0358  0.0367  0.0340
  0.0346  0.0318  0.0329  0.0332  0.0335  0.0323
  0.0318  0.0318  0.0318  0.0318  0.0318  0.0318
  0.0343  0.0339  0.0333  0.0320  0.0329  0.0323
  0.0417  0.0373  0.0365  0.0347  0.0365  0.0340
  0.0507  0.0417  0.0413  0.0393  0.0411  0.0367
registration optimization eta report
parameter search radius
    6.0000    6.0000    6.0000    6.9000    6.0000    6.0000
100000*second partial in parameter space
       52.       30.       26.       14.       25.       14.
  0.0509  0.0433  0.0416  0.0381  0.0408  0.0367
  0.0414  0.0362  0.0361  0.0358  0.0367  0.0340
  0.0346  0.0318  0.0329  0.0332  0.0335  0.0323
  0.0318  0.0318  0.0318  0.0318  0.0318  0.0318
  0.0343  0.0339  0.0333  0.0320  0.0329  0.0323
  0.0417  0.0373  0.0365  0.0347  0.0365  0.0340
  0.0507  0.0417  0.0413  0.0393  0.0411  0.0367
   -1.2003    9.6250   11.9380   -5.3873    0.8104    2.1020
eta,q 0.96820  9.47471

---------------------------------------------------------------------
imgreg_4dfp /opt/freesurfer/average/711-2C_as_mni_average_305 /opt/freesurfer/average/711-2B_as_mni_average_305_mask talsrcimg_g11 none talsrcimg_to_711-2C_as_mni_average_305_t4 3335
---------------------------------------------------------------------

freesurfer imgreg_4dfp.c
/opt/freesurfer/average/711-2C_as_mni_average_305.4dfp.img
       256       256       256         1
  1.000000  1.000000  1.000000
orientation T byte_order littleendian
Reading image: /opt/freesurfer/average/711-2C_as_mni_average_305.4dfp.img
dimensions:      256       256       256
mmppix:       1.0000   -1.0000   -1.0000
center:     128.0000 -129.0000 -129.0000
/opt/freesurfer/average/711-2B_as_mni_average_305_mask.4dfp.img
       256       256       256         1
  1.000000  1.000000  1.000000
orientation T byte_order littleendian
Reading mask: /opt/freesurfer/average/711-2B_as_mni_average_305_mask.4dfp.img (2306576 pixels)
talsrcimg_g11.4dfp.img
       256       256       256         1
  1.000000  1.000000  1.000000
orientation T byte_order littleendian
Reading image: talsrcimg_g11.4dfp.img
dimensions:      256       256       256
mmppix:       1.0000   -1.0000   -1.0000
center:     128.0000 -129.0000 -129.0000
fimgreg.f
image alignment mode   3335 decimal      D07 hex
parameters
   -1.2003    9.6250   11.9380   -0.0773   -0.5038   -0.4517
   -3.5190   -1.7515    3.6675    9.3308    1.4143   -9.3879
eta,q 0.96961  9.50369
niter,ni,del,rscale     5    3    5.0000    1.2000
parameter  4  0.775299 ->  0.500000 qaram    1.1500
parameter  5  1.278042 ->  0.500000 qaram    1.1500
parameters
   -1.2019    9.3361   11.6592   -4.2173   -4.6438   -3.5164
   -2.1168   -0.7146    4.5965    6.6043    1.4616   -9.3527
eta,q 0.97467  8.98074
  0.0338  0.0320  0.0317  0.0284  0.0256  0.0269  0.0290  0.0313  0.0275  0.0263  0.0264  0.0265
  0.0319  0.0310  0.0308  0.0283  0.0262  0.0262  0.0276  0.0288  0.0266  0.0255  0.0258  0.0259
  0.0308  0.0304  0.0304  0.0289  0.0271  0.0259  0.0265  0.0269  0.0260  0.0253  0.0255  0.0255
  0.0304  0.0304  0.0303  0.0303  0.0284  0.0264  0.0260  0.0259  0.0257  0.0257  0.0253  0.0253
  0.0308  0.0308  0.0307  0.0327  0.0302  0.0279  0.0259  0.0259  0.0258  0.0266  0.0254  0.0254
  0.0320  0.0317  0.0315  0.0358  0.0324  0.0303  0.0264  0.0270  0.0261  0.0279  0.0258  0.0258
  0.0338  0.0329  0.0325  0.0394  0.0350  0.0337  0.0273  0.0290  0.0268  0.0297  0.0264  0.0265
niter,ni,del,rscale     6    3    5.0000    1.2000
parameter  5  0.667385 ->  0.500000 qaram    1.3225
parameters
   -1.1891    9.4865   11.2505   -5.7040   -9.4048   -4.2550
   -2.4228   -0.7317    4.5206    6.9932    1.3160  -10.2900
eta,q 0.97580  8.68341
  0.0286  0.0277  0.0264  0.0276  0.0245  0.0264  0.0264  0.0281  0.0257  0.0270  0.0251  0.0251
  0.0268  0.0264  0.0256  0.0263  0.0242  0.0252  0.0251  0.0260  0.0248  0.0255  0.0246  0.0246
  0.0257  0.0257  0.0253  0.0254  0.0245  0.0244  0.0244  0.0247  0.0244  0.0245  0.0243  0.0243
  0.0253  0.0253  0.0253  0.0253  0.0252  0.0242  0.0242  0.0242  0.0242  0.0242  0.0242  0.0242
  0.0257  0.0255  0.0257  0.0260  0.0265  0.0246  0.0246  0.0246  0.0244  0.0245  0.0243  0.0245
  0.0268  0.0261  0.0264  0.0279  0.0281  0.0257  0.0254  0.0260  0.0249  0.0252  0.0247  0.0250
  0.0285  0.0272  0.0273  0.0309  0.0303  0.0279  0.0267  0.0282  0.0257  0.0264  0.0252  0.0257
niter,ni,del,rscale     6    3    5.0000    1.2000
parameters
   -1.1267    9.8031   11.1483   -5.6998  -10.0863   -4.3364
   -2.4344   -0.6738    4.6009    7.6262    1.1824  -10.7026
eta,q 0.97587  8.65623
  0.0274  0.0269  0.0255  0.0271  0.0268  0.0267  0.0265  0.0281  0.0256  0.0270  0.0250  0.0252
  0.0257  0.0255  0.0247  0.0258  0.0253  0.0254  0.0252  0.0260  0.0248  0.0255  0.0245  0.0246
  0.0246  0.0246  0.0243  0.0247  0.0243  0.0245  0.0244  0.0246  0.0243  0.0245  0.0242  0.0242
  0.0242  0.0242  0.0242  0.0242  0.0242  0.0241  0.0241  0.0241  0.0241  0.0241  0.0241  0.0241
  0.0245  0.0243  0.0244  0.0243  0.0247  0.0243  0.0244  0.0245  0.0243  0.0243  0.0242  0.0243
  0.0255  0.0248  0.0249  0.0253  0.0259  0.0252  0.0252  0.0259  0.0248  0.0250  0.0246  0.0248
  0.0271  0.0258  0.0257  0.0276  0.0277  0.0270  0.0264  0.0280  0.0256  0.0261  0.0251  0.0255
niter,ni,del,rscale     5    3    5.0000    1.2000
parameters
   -1.1104    9.9910   11.0547   -5.7189  -10.3580   -4.4514
   -2.4653   -0.6537    4.7084    8.0413    1.0396  -10.9382
eta,q 0.97588  8.64234
  0.0272  0.0266  0.0255  0.0270  0.0270  0.0266  0.0264  0.0280  0.0256  0.0268  0.0250  0.0252
  0.0255  0.0253  0.0247  0.0257  0.0255  0.0253  0.0251  0.0259  0.0248  0.0253  0.0245  0.0246
  0.0245  0.0244  0.0242  0.0247  0.0244  0.0244  0.0243  0.0246  0.0243  0.0244  0.0242  0.0243
  0.0241  0.0241  0.0241  0.0241  0.0241  0.0241  0.0241  0.0241  0.0241  0.0241  0.0241  0.0241
  0.0245  0.0243  0.0243  0.0242  0.0246  0.0243  0.0244  0.0245  0.0243  0.0244  0.0242  0.0243
  0.0255  0.0249  0.0249  0.0253  0.0257  0.0252  0.0252  0.0259  0.0247  0.0251  0.0245  0.0247
  0.0271  0.0259  0.0256  0.0275  0.0273  0.0270  0.0264  0.0280  0.0255  0.0261  0.0251  0.0254
niter,ni,del,rscale     4    3    5.0000    1.2000
parameters
   -1.1013   10.1218   10.9651   -5.7484  -10.5668   -4.5869
   -2.5010   -0.6377    4.8216    8.3449    0.9233  -11.0888
eta,q 0.97587  8.62877
  0.0271  0.0264  0.0254  0.0270  0.0270  0.0266  0.0264  0.0280  0.0256  0.0266  0.0250  0.0252
  0.0255  0.0252  0.0247  0.0257  0.0255  0.0253  0.0251  0.0259  0.0248  0.0252  0.0245  0.0246
  0.0245  0.0244  0.0242  0.0247  0.0244  0.0244  0.0243  0.0246  0.0243  0.0244  0.0242  0.0243
  0.0241  0.0241  0.0241  0.0241  0.0241  0.0241  0.0241  0.0241  0.0241  0.0241  0.0241  0.0241
  0.0245  0.0243  0.0243  0.0242  0.0246  0.0243  0.0244  0.0245  0.0243  0.0244  0.0242  0.0242
  0.0255  0.0249  0.0248  0.0253  0.0256  0.0252  0.0252  0.0259  0.0247  0.0251  0.0245  0.0247
  0.0271  0.0259  0.0256  0.0275  0.0272  0.0270  0.0264  0.0279  0.0255  0.0261  0.0251  0.0254
niter,ni,del,rscale     3    3    5.0000    1.2000
parameters
   -1.0921   10.2256   10.8849   -5.7712  -10.7403   -4.7156
   -2.5395   -0.6239    4.9231    8.5899    0.8153  -11.1918
eta,q 0.97586  8.61668
  0.0271  0.0263  0.0255  0.0270  0.0270  0.0266  0.0264  0.0279  0.0255  0.0265  0.0250  0.0253
  0.0255  0.0251  0.0247  0.0257  0.0255  0.0253  0.0251  0.0259  0.0248  0.0252  0.0245  0.0246
  0.0245  0.0244  0.0242  0.0247  0.0244  0.0244  0.0244  0.0246  0.0243  0.0244  0.0242  0.0243
  0.0241  0.0241  0.0241  0.0241  0.0241  0.0241  0.0241  0.0241  0.0241  0.0241  0.0241  0.0241
  0.0245  0.0243  0.0243  0.0242  0.0246  0.0243  0.0244  0.0246  0.0243  0.0244  0.0242  0.0242
  0.0255  0.0250  0.0248  0.0252  0.0256  0.0252  0.0252  0.0258  0.0247  0.0251  0.0245  0.0247
  0.0271  0.0259  0.0256  0.0275  0.0272  0.0270  0.0264  0.0279  0.0255  0.0261  0.0251  0.0254
niter,ni,del,rscale     2    3    5.0000    1.2000
parameters
   -1.0840   10.3167   10.8105   -5.7937  -10.8965   -4.8438
   -2.5699   -0.6141    5.0008    8.8108    0.7162  -11.2680
eta,q 0.97585  8.60510
  0.0271  0.0263  0.0255  0.0269  0.0269  0.0266  0.0264  0.0279  0.0255  0.0265  0.0250  0.0253
  0.0255  0.0251  0.0247  0.0257  0.0255  0.0253  0.0251  0.0259  0.0248  0.0252  0.0245  0.0247
  0.0245  0.0244  0.0242  0.0247  0.0244  0.0244  0.0244  0.0246  0.0243  0.0244  0.0242  0.0243
  0.0241  0.0241  0.0241  0.0241  0.0241  0.0241  0.0241  0.0241  0.0241  0.0241  0.0241  0.0241
  0.0245  0.0244  0.0243  0.0243  0.0246  0.0243  0.0244  0.0246  0.0243  0.0244  0.0242  0.0243
  0.0255  0.0250  0.0248  0.0252  0.0256  0.0252  0.0252  0.0258  0.0247  0.0251  0.0246  0.0247
  0.0271  0.0259  0.0256  0.0274  0.0271  0.0270  0.0264  0.0279  0.0255  0.0261  0.0251  0.0254
niter,ni,del,rscale     1    3    5.0000    1.2000
parameters
   -1.0759   10.4067   10.7408   -5.8234  -11.0580   -4.9769
   -2.5965   -0.6006    5.0891    9.0341    0.6285  -11.3360
eta,q 0.97585  8.59275
  0.0271  0.0263  0.0255  0.0269  0.0269  0.0266  0.0264  0.0279  0.0255  0.0265  0.0250  0.0253
  0.0255  0.0251  0.0247  0.0257  0.0254  0.0253  0.0251  0.0259  0.0248  0.0252  0.0245  0.0247
  0.0245  0.0244  0.0243  0.0247  0.0244  0.0244  0.0244  0.0246  0.0243  0.0244  0.0243  0.0243
  0.0241  0.0241  0.0241  0.0241  0.0241  0.0241  0.0241  0.0241  0.0241  0.0241  0.0241  0.0241
  0.0245  0.0244  0.0243  0.0243  0.0246  0.0244  0.0244  0.0246  0.0243  0.0244  0.0242  0.0243
  0.0255  0.0250  0.0248  0.0252  0.0255  0.0252  0.0252  0.0258  0.0247  0.0251  0.0246  0.0247
  0.0271  0.0259  0.0256  0.0274  0.0271  0.0270  0.0264  0.0279  0.0255  0.0261  0.0251  0.0254
registration optimization eta report
parameter search radius
    2.4000    2.4000    2.4000    8.2800    9.5220    7.2000
    7.2000    7.2000    7.2000    7.2000    7.2000    7.2000
100000*second partial in parameter space
       51.       34.       24.        4.        3.        5.
        4.        7.        3.        4.        2.        2.
  0.0271  0.0263  0.0255  0.0269  0.0269  0.0266  0.0264  0.0279  0.0255  0.0265  0.0250  0.0253
  0.0255  0.0251  0.0247  0.0257  0.0254  0.0253  0.0251  0.0259  0.0248  0.0252  0.0245  0.0247
  0.0245  0.0244  0.0243  0.0247  0.0244  0.0244  0.0244  0.0246  0.0243  0.0244  0.0243  0.0243
  0.0241  0.0241  0.0241  0.0241  0.0241  0.0241  0.0241  0.0241  0.0241  0.0241  0.0241  0.0241
  0.0245  0.0244  0.0243  0.0243  0.0246  0.0244  0.0244  0.0246  0.0243  0.0244  0.0242  0.0243
  0.0255  0.0250  0.0248  0.0252  0.0255  0.0252  0.0252  0.0258  0.0247  0.0251  0.0246  0.0247
  0.0271  0.0259  0.0256  0.0274  0.0271  0.0270  0.0264  0.0279  0.0255  0.0261  0.0251  0.0254
   -1.0759   10.4067   10.7408   -5.8234  -11.0580   -4.9769
   -2.5965   -0.6006    5.0891    9.0341    0.6285  -11.3360
eta,q 0.97585  8.59275

---------------------------------------------------------------------
imgreg_4dfp /opt/freesurfer/average/711-2C_as_mni_average_305 /opt/freesurfer/average/711-2B_as_mni_average_305_mask talsrcimg_g11 none talsrcimg_to_711-2C_as_mni_average_305_t4 2311
---------------------------------------------------------------------

freesurfer imgreg_4dfp.c
/opt/freesurfer/average/711-2C_as_mni_average_305.4dfp.img
       256       256       256         1
  1.000000  1.000000  1.000000
orientation T byte_order littleendian
Reading image: /opt/freesurfer/average/711-2C_as_mni_average_305.4dfp.img
dimensions:      256       256       256
mmppix:       1.0000   -1.0000   -1.0000
center:     128.0000 -129.0000 -129.0000
/opt/freesurfer/average/711-2B_as_mni_average_305_mask.4dfp.img
       256       256       256         1
  1.000000  1.000000  1.000000
orientation T byte_order littleendian
Reading mask: /opt/freesurfer/average/711-2B_as_mni_average_305_mask.4dfp.img (2306576 pixels)
talsrcimg_g11.4dfp.img
       256       256       256         1
  1.000000  1.000000  1.000000
orientation T byte_order littleendian
Reading image: talsrcimg_g11.4dfp.img
dimensions:      256       256       256
mmppix:       1.0000   -1.0000   -1.0000
center:     128.0000 -129.0000 -129.0000
fimgreg.f
image alignment mode   2311 decimal      907 hex
parameters
   -1.0759   10.4067   10.7408   -5.8234  -11.0580   -4.9769
   -2.5965   -0.6006    5.0891    9.0341    0.6285  -11.3360
eta,q 0.97585  8.59275
niter,ni,del,rscale     5    3    5.0000    0.8000
parameters
   -1.0634   10.4467   10.6381   -5.0748  -11.2350   -4.8821
   -2.6494   -0.5125    5.2223    9.0206    0.6488  -11.2546
eta,q 0.97590  8.62256
  0.0255  0.0251  0.0247  0.0254  0.0249  0.0253  0.0251  0.0259  0.0247  0.0251  0.0245  0.0246
  0.0248  0.0245  0.0244  0.0248  0.0244  0.0246  0.0245  0.0249  0.0244  0.0245  0.0243  0.0243
  0.0243  0.0242  0.0242  0.0244  0.0242  0.0243  0.0242  0.0243  0.0242  0.0242  0.0242  0.0242
  0.0242  0.0242  0.0242  0.0241  0.0241  0.0241  0.0241  0.0241  0.0241  0.0241  0.0241  0.0241
  0.0243  0.0242  0.0243  0.0241  0.0242  0.0242  0.0242  0.0243  0.0242  0.0242  0.0241  0.0241
  0.0247  0.0245  0.0245  0.0244  0.0245  0.0245  0.0246  0.0248  0.0243  0.0246  0.0243  0.0243
  0.0255  0.0249  0.0248  0.0249  0.0250  0.0252  0.0251  0.0258  0.0247  0.0251  0.0245  0.0246
niter,ni,del,rscale     4    3    5.0000    0.7000
parameters
   -1.0670   10.4486   10.6428   -5.0183  -11.2738   -4.8516
   -2.6837   -0.5200    5.2520    8.9772    0.6698  -11.2137
eta,q 0.97590  8.62445
  0.0251  0.0248  0.0246  0.0249  0.0247  0.0250  0.0249  0.0255  0.0246  0.0248  0.0244  0.0245
  0.0246  0.0244  0.0243  0.0245  0.0244  0.0245  0.0244  0.0247  0.0243  0.0244  0.0242  0.0243
  0.0242  0.0242  0.0241  0.0242  0.0242  0.0242  0.0242  0.0243  0.0242  0.0242  0.0241  0.0242
  0.0241  0.0241  0.0241  0.0241  0.0241  0.0241  0.0241  0.0241  0.0241  0.0241  0.0241  0.0241
  0.0242  0.0242  0.0242  0.0242  0.0242  0.0242  0.0242  0.0242  0.0241  0.0242  0.0241  0.0241
  0.0246  0.0244  0.0243  0.0244  0.0244  0.0244  0.0245  0.0247  0.0243  0.0244  0.0242  0.0243
  0.0251  0.0247  0.0246  0.0249  0.0247  0.0250  0.0249  0.0255  0.0246  0.0248  0.0244  0.0245
niter,ni,del,rscale     3    3    5.0000    0.6000
parameters
   -1.0683   10.4339   10.6590   -4.9544  -11.2807   -4.7945
   -2.6857   -0.5131    5.2465    8.8999    0.7056  -11.1526
eta,q 0.97591  8.62881
  0.0249  0.0246  0.0245  0.0247  0.0246  0.0247  0.0247  0.0251  0.0244  0.0246  0.0243  0.0244
  0.0244  0.0243  0.0243  0.0244  0.0243  0.0244  0.0244  0.0245  0.0242  0.0243  0.0242  0.0242
  0.0242  0.0241  0.0241  0.0242  0.0241  0.0242  0.0242  0.0242  0.0241  0.0241  0.0241  0.0241
  0.0241  0.0241  0.0241  0.0241  0.0241  0.0241  0.0241  0.0241  0.0241  0.0241  0.0241  0.0241
  0.0242  0.0242  0.0241  0.0241  0.0242  0.0241  0.0242  0.0242  0.0241  0.0242  0.0241  0.0241
  0.0244  0.0243  0.0243  0.0243  0.0243  0.0243  0.0244  0.0245  0.0242  0.0244  0.0242  0.0242
  0.0249  0.0246  0.0244  0.0247  0.0246  0.0247  0.0247  0.0251  0.0244  0.0247  0.0243  0.0244
niter,ni,del,rscale     2    3    5.0000    0.5000
parameters
   -1.0702   10.4033   10.6848   -4.9043  -11.2579   -4.7255
   -2.6786   -0.5077    5.2310    8.7842    0.7022  -11.0619
eta,q 0.97591  8.63399
  0.0246  0.0244  0.0244  0.0245  0.0244  0.0245  0.0245  0.0248  0.0243  0.0245  0.0243  0.0243
  0.0243  0.0242  0.0242  0.0243  0.0242  0.0243  0.0243  0.0244  0.0242  0.0242  0.0242  0.0242
  0.0242  0.0241  0.0241  0.0241  0.0241  0.0241  0.0241  0.0242  0.0241  0.0241  0.0241  0.0241
  0.0241  0.0241  0.0241  0.0241  0.0241  0.0241  0.0241  0.0241  0.0241  0.0241  0.0241  0.0241
  0.0242  0.0241  0.0241  0.0241  0.0241  0.0241  0.0241  0.0242  0.0241  0.0242  0.0241  0.0241
  0.0243  0.0243  0.0242  0.0243  0.0243  0.0243  0.0243  0.0244  0.0242  0.0243  0.0242  0.0242
  0.0246  0.0245  0.0243  0.0245  0.0244  0.0245  0.0245  0.0248  0.0243  0.0245  0.0243  0.0243
niter,ni,del,rscale     1    3    5.0000    0.4000
parameters
   -1.0708   10.3542   10.7189   -4.8777  -11.2091   -4.6500
   -2.6619   -0.5030    5.1774    8.6162    0.8019  -10.9612
eta,q 0.97591  8.63915
  0.0244  0.0243  0.0243  0.0244  0.0243  0.0244  0.0244  0.0245  0.0242  0.0243  0.0242  0.0242
  0.0242  0.0242  0.0242  0.0242  0.0242  0.0242  0.0242  0.0243  0.0242  0.0242  0.0241  0.0242
  0.0241  0.0241  0.0241  0.0241  0.0241  0.0241  0.0241  0.0241  0.0241  0.0241  0.0241  0.0241
  0.0241  0.0241  0.0241  0.0241  0.0241  0.0241  0.0241  0.0241  0.0241  0.0241  0.0241  0.0241
  0.0241  0.0241  0.0241  0.0241  0.0241  0.0241  0.0241  0.0241  0.0241  0.0241  0.0241  0.0241
  0.0242  0.0242  0.0242  0.0242  0.0242  0.0242  0.0242  0.0243  0.0242  0.0242  0.0241  0.0241
  0.0244  0.0243  0.0242  0.0243  0.0243  0.0244  0.0243  0.0245  0.0242  0.0244  0.0242  0.0242
registration optimization eta report
parameter search radius
    0.8000    0.8000    0.8000    2.4000    2.4000    2.4000
    2.4000    2.4000    2.4000    2.4000    2.4000    2.4000
100000*second partial in parameter space
       53.       34.       25.        5.        4.        5.
        5.        8.        3.        4.        2.        2.
  0.0244  0.0243  0.0243  0.0244  0.0243  0.0244  0.0244  0.0245  0.0242  0.0243  0.0242  0.0242
  0.0242  0.0242  0.0242  0.0242  0.0242  0.0242  0.0242  0.0243  0.0242  0.0242  0.0241  0.0242
  0.0241  0.0241  0.0241  0.0241  0.0241  0.0241  0.0241  0.0241  0.0241  0.0241  0.0241  0.0241
  0.0241  0.0241  0.0241  0.0241  0.0241  0.0241  0.0241  0.0241  0.0241  0.0241  0.0241  0.0241
  0.0241  0.0241  0.0241  0.0241  0.0241  0.0241  0.0241  0.0241  0.0241  0.0241  0.0241  0.0241
  0.0242  0.0242  0.0242  0.0242  0.0242  0.0242  0.0242  0.0243  0.0242  0.0242  0.0241  0.0241
  0.0244  0.0243  0.0242  0.0243  0.0243  0.0244  0.0243  0.0245  0.0242  0.0244  0.0242  0.0242
   -1.0708   10.3542   10.7189   -4.8777  -11.2091   -4.6500
   -2.6619   -0.5030    5.1774    8.6162    0.8019  -10.9612
eta,q 0.97591  8.63915

---------------------------------------------------------------------
imgreg_4dfp /opt/freesurfer/average/711-2C_as_mni_average_305 /opt/freesurfer/average/711-2B_as_mni_average_305_mask talsrcimg_g11 none talsrcimg_to_711-2C_as_mni_average_305_t4 2311
---------------------------------------------------------------------

freesurfer imgreg_4dfp.c
/opt/freesurfer/average/711-2C_as_mni_average_305.4dfp.img
       256       256       256         1
  1.000000  1.000000  1.000000
orientation T byte_order littleendian
Reading image: /opt/freesurfer/average/711-2C_as_mni_average_305.4dfp.img
dimensions:      256       256       256
mmppix:       1.0000   -1.0000   -1.0000
center:     128.0000 -129.0000 -129.0000
/opt/freesurfer/average/711-2B_as_mni_average_305_mask.4dfp.img
       256       256       256         1
  1.000000  1.000000  1.000000
orientation T byte_order littleendian
Reading mask: /opt/freesurfer/average/711-2B_as_mni_average_305_mask.4dfp.img (2306576 pixels)
talsrcimg_g11.4dfp.img
       256       256       256         1
  1.000000  1.000000  1.000000
orientation T byte_order littleendian
Reading image: talsrcimg_g11.4dfp.img
dimensions:      256       256       256
mmppix:       1.0000   -1.0000   -1.0000
center:     128.0000 -129.0000 -129.0000
fimgreg.f
image alignment mode   2311 decimal      907 hex
parameters
   -1.0708   10.3542   10.7189   -4.8777  -11.2091   -4.6500
   -2.6619   -0.5030    5.1774    8.6162    0.8019  -10.9612
eta,q 0.97591  8.63915
niter,ni,del,rscale     5    3    5.0000    0.8000
parameters
   -1.0772   10.3338   10.7894   -5.0617  -11.0127   -4.6696
   -2.6526   -0.5460    5.0844    8.6490    0.7793  -11.1274
eta,q 0.97591  8.63911
  0.0254  0.0250  0.0248  0.0251  0.0250  0.0252  0.0251  0.0258  0.0247  0.0251  0.0245  0.0246
  0.0247  0.0244  0.0244  0.0246  0.0245  0.0246  0.0246  0.0249  0.0243  0.0245  0.0243  0.0243
  0.0242  0.0242  0.0242  0.0242  0.0242  0.0242  0.0242  0.0243  0.0241  0.0242  0.0241  0.0241
  0.0241  0.0241  0.0241  0.0241  0.0241  0.0241  0.0241  0.0241  0.0241  0.0241  0.0241  0.0241
  0.0242  0.0242  0.0241  0.0242  0.0242  0.0242  0.0242  0.0243  0.0242  0.0242  0.0241  0.0242
  0.0247  0.0245  0.0243  0.0246  0.0244  0.0246  0.0246  0.0249  0.0244  0.0245  0.0243  0.0243
  0.0255  0.0250  0.0247  0.0253  0.0248  0.0253  0.0251  0.0259  0.0247  0.0251  0.0245  0.0247
niter,ni,del,rscale     4    3    5.0000    0.7000
parameters
   -1.0787   10.3008   10.7736   -4.9828  -10.9801   -4.6049
   -2.6377   -0.5362    5.0954    8.5840    0.8056  -11.0963
eta,q 0.97591  8.64642
  0.0251  0.0247  0.0246  0.0249  0.0248  0.0250  0.0249  0.0255  0.0246  0.0248  0.0244  0.0245
  0.0246  0.0244  0.0243  0.0245  0.0244  0.0245  0.0244  0.0247  0.0243  0.0244  0.0242  0.0243
  0.0242  0.0241  0.0241  0.0242  0.0241  0.0242  0.0242  0.0242  0.0241  0.0241  0.0241  0.0241
  0.0241  0.0241  0.0241  0.0241  0.0241  0.0241  0.0241  0.0241  0.0241  0.0241  0.0241  0.0241
  0.0242  0.0242  0.0242  0.0242  0.0242  0.0242  0.0242  0.0242  0.0241  0.0242  0.0241  0.0241
  0.0246  0.0244  0.0243  0.0244  0.0244  0.0244  0.0244  0.0247  0.0243  0.0245  0.0242  0.0242
  0.0251  0.0248  0.0246  0.0249  0.0247  0.0250  0.0249  0.0255  0.0246  0.0249  0.0244  0.0245
niter,ni,del,rscale     3    3    5.0000    0.6000
parameters
   -1.0814   10.2730   10.7903   -4.9228  -10.9849   -4.5343
   -2.6319   -0.5357    5.0754    8.4879    0.8736  -11.0259
eta,q 0.97592  8.65118
  0.0249  0.0246  0.0245  0.0247  0.0246  0.0247  0.0247  0.0251  0.0244  0.0246  0.0243  0.0244
  0.0244  0.0243  0.0242  0.0244  0.0243  0.0244  0.0244  0.0245  0.0242  0.0243  0.0242  0.0242
  0.0242  0.0241  0.0241  0.0242  0.0241  0.0242  0.0242  0.0242  0.0241  0.0241  0.0241  0.0241
  0.0241  0.0241  0.0241  0.0241  0.0241  0.0241  0.0241  0.0241  0.0241  0.0241  0.0241  0.0241
  0.0242  0.0242  0.0241  0.0241  0.0242  0.0241  0.0242  0.0242  0.0241  0.0242  0.0241  0.0241
  0.0244  0.0243  0.0242  0.0243  0.0243  0.0243  0.0244  0.0245  0.0242  0.0244  0.0242  0.0242
  0.0249  0.0246  0.0244  0.0247  0.0246  0.0247  0.0247  0.0251  0.0244  0.0247  0.0243  0.0244
niter,ni,del,rscale     2    3    5.0000    0.5000
parameters
   -1.0855   10.2374   10.8158   -4.8811  -10.9462   -4.4637
   -2.6247   -0.5369    5.0303    8.3516    0.9073  -10.9616
eta,q 0.97592  8.65669
  0.0246  0.0244  0.0243  0.0245  0.0244  0.0245  0.0245  0.0248  0.0243  0.0244  0.0242  0.0243
  0.0243  0.0242  0.0242  0.0243  0.0242  0.0243  0.0243  0.0244  0.0242  0.0242  0.0242  0.0242
  0.0241  0.0241  0.0241  0.0241  0.0241  0.0241  0.0241  0.0242  0.0241  0.0241  0.0241  0.0241
  0.0241  0.0241  0.0241  0.0241  0.0241  0.0241  0.0241  0.0241  0.0241  0.0241  0.0241  0.0241
  0.0242  0.0241  0.0241  0.0241  0.0241  0.0241  0.0241  0.0242  0.0241  0.0241  0.0241  0.0241
  0.0243  0.0243  0.0242  0.0243  0.0242  0.0243  0.0243  0.0244  0.0242  0.0243  0.0242  0.0242
  0.0246  0.0245  0.0243  0.0245  0.0244  0.0245  0.0245  0.0248  0.0243  0.0245  0.0242  0.0243
niter,ni,del,rscale     1    3    5.0000    0.4000
parameters
   -1.0850   10.1948   10.8610   -4.8435  -10.9058   -4.3691
   -2.6064   -0.5280    5.0049    8.2111    0.9426  -10.8476
eta,q 0.97593  8.66291
  0.0244  0.0243  0.0243  0.0244  0.0243  0.0244  0.0243  0.0245  0.0242  0.0243  0.0242  0.0242
  0.0242  0.0242  0.0242  0.0242  0.0242  0.0242  0.0242  0.0243  0.0241  0.0242  0.0241  0.0241
  0.0241  0.0241  0.0241  0.0241  0.0241  0.0241  0.0241  0.0241  0.0241  0.0241  0.0241  0.0241
  0.0241  0.0241  0.0241  0.0241  0.0241  0.0241  0.0241  0.0241  0.0241  0.0241  0.0241  0.0241
  0.0241  0.0241  0.0241  0.0241  0.0241  0.0241  0.0241  0.0241  0.0241  0.0241  0.0241  0.0241
  0.0242  0.0242  0.0241  0.0242  0.0242  0.0242  0.0242  0.0243  0.0242  0.0242  0.0241  0.0241
  0.0244  0.0243  0.0242  0.0243  0.0243  0.0243  0.0243  0.0245  0.0242  0.0244  0.0242  0.0242
registration optimization eta report
parameter search radius
    0.8000    0.8000    0.8000    2.4000    2.4000    2.4000
    2.4000    2.4000    2.4000    2.4000    2.4000    2.4000
100000*second partial in parameter space
       53.       35.       25.        5.        4.        5.
        5.        8.        3.        4.        2.        2.
  0.0244  0.0243  0.0243  0.0244  0.0243  0.0244  0.0243  0.0245  0.0242  0.0243  0.0242  0.0242
  0.0242  0.0242  0.0242  0.0242  0.0242  0.0242  0.0242  0.0243  0.0241  0.0242  0.0241  0.0241
  0.0241  0.0241  0.0241  0.0241  0.0241  0.0241  0.0241  0.0241  0.0241  0.0241  0.0241  0.0241
  0.0241  0.0241  0.0241  0.0241  0.0241  0.0241  0.0241  0.0241  0.0241  0.0241  0.0241  0.0241
  0.0241  0.0241  0.0241  0.0241  0.0241  0.0241  0.0241  0.0241  0.0241  0.0241  0.0241  0.0241
  0.0242  0.0242  0.0241  0.0242  0.0242  0.0242  0.0242  0.0243  0.0242  0.0242  0.0241  0.0241
  0.0244  0.0243  0.0242  0.0243  0.0243  0.0243  0.0243  0.0245  0.0242  0.0244  0.0242  0.0242
   -1.0850   10.1948   10.8610   -4.8435  -10.9058   -4.3691
   -2.6064   -0.5280    5.0049    8.2111    0.9426  -10.8476
eta,q 0.97593  8.66291

---------------------------------------------------------------------
compute_vox2vox talsrcimg talsrcimg_to_711-2C_as_mni_average_305_t4 /opt/freesurfer/average/711-2C_as_mni_average_305
---------------------------------------------------------------------

freesurfer compute_vox2vox.c
Reading: talsrcimg.4dfp.ifh
Reading: talsrcimg_to_711-2C_as_mni_average_305_t4
Reading: /opt/freesurfer/average/711-2C_as_mni_average_305.4dfp.ifh
Writing: talsrcimg_to_711-2C_as_mni_average_305_t4_vox2vox.txt

start time Wed Mar 11 13:16:12 CET 2026
end		time Wed Mar 11 13:16:26 CET 2026

mpr2mni305 success

avi2talxfm orig_nu.mgz /opt/freesurfer/average/mni305.cor.mgz talsrcimg_to_711-2C_as_mni_average_305_t4_vox2vox.txt transforms/talairach.auto.xfm
avi2talxfm done
mv -f /out/sourcedata/freesurfer/sub-v2s17x50031_ses-1/mri/talsrcimg_to_711-2C_as_mni_average_305_t4_vox2vox.txt /out/sourcedata/freesurfer/sub-v2s17x50031_ses-1/mri/transforms/talsrcimg_to_711-2C_as_mni_average_305_t4_vox2vox.txt
lta_convert --src orig_nu.mgz --trg /opt/freesurfer/average/mni305.cor.mgz --inxfm transforms/talairach.auto.xfm --outlta transforms/talairach.auto.xfm.lta --subject fsaverage
7.3.2

--src: orig_nu.mgz src image (geometry).
--trg: /opt/freesurfer/average/mni305.cor.mgz trg image (geometry).
--inmni: transforms/talairach.auto.xfm input MNI/XFM transform.
--outlta: transforms/talairach.auto.xfm.lta output LTA.
--s: fsaverage subject name
 LTA read, type : 1
 1.04923   0.00313   0.03108  -0.30714;
-0.01685   1.03482   0.12550  -0.33998;
-0.05739  -0.09555   1.10909   22.90720;
 0.00000   0.00000   0.00000   1.00000;
setting subject to fsaverage
Writing  LTA to file transforms/talairach.auto.xfm.lta...
lta_convert successful.
 
 
Started at Wed Mar 11 13:16:11 CET 2026
Ended   at Wed Mar 11 13:16:26 CET 2026
talairach_avi done
