/out/sourcedata/freesurfer/sub-v2s17x50050_ses-1/mri
/opt/freesurfer/bin/talairach_avi
--i orig_nu.mgz --xfm transforms/talairach.auto.xfm
talairach_avi 7.3.2
Linux dna084 5.14.0-427.37.1.el9_4.x86_64 #1 SMP PREEMPT_DYNAMIC Fri Sep 13 12:41:50 EDT 2024 x86_64 x86_64 x86_64 GNU/Linux
Wed Mar 11 13:21:13 CET 2026
mri_convert orig_nu.mgz talsrcimg.img 
reading from orig_nu.mgz...
TR=0.00, TE=0.00, TI=0.00, flip angle=0.00
i_ras = (-1, 0, 0)
j_ras = (0, 0, -1)
k_ras = (0, 1, 0)
writing to talsrcimg.img...
Analyze Output Matrix
-1.00000   0.00000   0.00000   128.07220;
 0.00000   0.00000   1.00000  -127.94919;
 0.00000  -1.00000   0.00000   124.23964;
 0.00000   0.00000   0.00000   1.00000;
--------------------
INFO: set hdr.hist.orient to -1
mpr2mni305 talsrcimg
Wed Mar 11 13:21:14 CET 2026
/opt/freesurfer/bin/mpr2mni305 talsrcimg
mpr2mni305 7.3.2
target=711-2C_as_mni_average_305

---------------------------------------------------------------------
analyzeto4dfp talsrcimg -O0 -y
---------------------------------------------------------------------

freesurfer ifh2hdr.c
Wed Mar 11 13:21:14 2026
Writing: talsrcimg.4dfp.hdr
freesurfer analyzeto4dfp.c
Reading: talsrcimg.hdr
header size 348 bytes
hdr.dime.datatype	offset=70	value=2
hdr.dime.bitpix		offset=72	value=8
hdr.hist.orient		offset=252	value=-1
dimensionality     4
dimensions       256       256       256         1
Reading: talsrcimg.img
Writing: talsrcimg.4dfp.img
Writing: talsrcimg.4dfp.ifh
ifh2hdr talsrcimg -r0to227
ori=2

---------------------------------------------------------------------
gauss_4dfp talsrcimg 1.1
---------------------------------------------------------------------

freesurfer gauss_4dfp.c
Reading: talsrcimg.4dfp.img
Writing: talsrcimg_g11.4dfp.img
image dimensions 256 256 256 padded to 288 288 288
processing volume 1freesurfer ifh2hdr.c
Wed Mar 11 13:21:15 2026
Writing: talsrcimg_g11.4dfp.hdr

Writing: talsrcimg_g11.4dfp.ifh
including: talsrcimg.4dfp.img.rec in talsrcimg_g11.4dfp.img.rec

---------------------------------------------------------------------
imgreg_4dfp /opt/freesurfer/average/711-2C_as_mni_average_305 none talsrcimg_g11 none talsrcimg_to_711-2C_as_mni_average_305_t4 4355
---------------------------------------------------------------------

freesurfer imgreg_4dfp.c
/opt/freesurfer/average/711-2C_as_mni_average_305.4dfp.img
       256       256       256         1
  1.000000  1.000000  1.000000
orientation T byte_order littleendian
Reading image: /opt/freesurfer/average/711-2C_as_mni_average_305.4dfp.img
dimensions:      256       256       256
mmppix:       1.0000   -1.0000   -1.0000
center:     128.0000 -129.0000 -129.0000
talsrcimg_g11.4dfp.img
       256       256       256         1
  1.000000  1.000000  1.000000
orientation T byte_order littleendian
Reading image: talsrcimg_g11.4dfp.img
dimensions:      256       256       256
mmppix:       1.0000   -1.0000   -1.0000
center:     128.0000 -129.0000 -129.0000
t4_read: open error in t4_sub.f l:  41 t4_file(1:l)talsrcimg_to_711-2C_as_mni_average_305_t4 
t4_read: transform initialized to I4
rotation matrix determinant  1.000000
image alignment mode   4355 decimal     1103 hex
   -7.5000  -45.0000  -45.0000 9902.9980   10.8848
    0.0000  -45.0000  -45.000010337.7920   10.8876
    7.5000  -45.0000  -45.0000 9937.7773   10.8650
   -7.5000  -37.5000  -45.000010446.0498   10.8127
    0.0000  -37.5000  -45.000010910.4932   10.8135
    7.5000  -37.5000  -45.000010481.2051   10.7885
   -7.5000  -30.0000  -45.000011323.4844   10.7579
    0.0000  -30.0000  -45.000011808.8750   10.7571
    7.5000  -30.0000  -45.000011336.4639   10.7312
   -7.5000  -22.5000  -45.000012085.0713   10.7282
    0.0000  -22.5000  -45.000012623.5391   10.7281
    7.5000  -22.5000  -45.000012112.5361   10.7045
   -7.5000  -15.0000  -45.000012746.5176   10.7021
    0.0000  -15.0000  -45.000013310.6729   10.7043
    7.5000  -15.0000  -45.000012784.4697   10.6837
   -7.5000   -7.5000  -45.000013332.1055   10.6640
    0.0000   -7.5000  -45.000013904.4512   10.6669
    7.5000   -7.5000  -45.000013345.0498   10.6479
   -7.5000    0.0000  -45.000013804.0635   10.6213
    0.0000    0.0000  -45.000014378.7725   10.6230
    7.5000    0.0000  -45.000013793.2734   10.6030
   -7.5000    7.5000  -45.000013176.2041   10.6211
    0.0000    7.5000  -45.000013725.2344   10.6210
    7.5000    7.5000  -45.000013170.8643   10.5981
   -7.5000   15.0000  -45.000012474.5820   10.6835
    0.0000   15.0000  -45.000013007.4805   10.6820
    7.5000   15.0000  -45.000012493.0010   10.6569
   -7.5000   22.5000  -45.000011713.6523   10.8345
    0.0000   22.5000  -45.000012205.5859   10.8338
    7.5000   22.5000  -45.000011729.8252   10.8095
   -7.5000   30.0000  -45.000010921.8311   10.8768
    0.0000   30.0000  -45.000011383.1768   10.8779
    7.5000   30.0000  -45.000010947.0254   10.8562
   -7.5000   37.5000  -45.000010488.0625   11.0521
    0.0000   37.5000  -45.000010914.5654   11.0540
    7.5000   37.5000  -45.000010498.6846   11.0333
   -7.5000   45.0000  -45.0000 9735.5674   10.9868
    0.0000   45.0000  -45.000010135.3691   10.9875
    7.5000   45.0000  -45.0000 9727.7764   10.9653
   -7.5000  -45.0000  -37.500010436.1396   10.9053
    0.0000  -45.0000  -37.500010895.2314   10.9067
    7.5000  -45.0000  -37.500010466.2051   10.8850
   -7.5000  -37.5000  -37.500011011.8047   10.8327
    0.0000  -37.5000  -37.500011475.0156   10.8331
    7.5000  -37.5000  -37.500011025.0332   10.8091
   -7.5000  -30.0000  -37.500011948.0674   10.7789
    0.0000  -30.0000  -37.500012434.8193   10.7790
    7.5000  -30.0000  -37.500011947.0029   10.7544
   -7.5000  -22.5000  -37.500012757.9678   10.7492
    0.0000  -22.5000  -37.500013295.9346   10.7501
    7.5000  -22.5000  -37.500012764.0635   10.7280
   -7.5000  -15.0000  -37.500013434.9717   10.7232
    0.0000  -15.0000  -37.500014007.5371   10.7252
    7.5000  -15.0000  -37.500013445.1016   10.7058
   -7.5000   -7.5000  -37.500014031.7100   10.6852
    0.0000   -7.5000  -37.500014621.0029   10.6869
    7.5000   -7.5000  -37.500014024.0117   10.6686
   -7.5000    0.0000  -37.500014483.0264   10.6419
    0.0000    0.0000  -37.500015091.0254   10.6423
    7.5000    0.0000  -37.500014458.7354   10.6231
   -7.5000    7.5000  -37.500013798.8193   10.6416
    0.0000    7.5000  -37.500014388.7275   10.6411
    7.5000    7.5000  -37.500013798.7334   10.6191
   -7.5000   15.0000  -37.500013050.2402   10.7038
    0.0000   15.0000  -37.500013618.5566   10.7032
    7.5000   15.0000  -37.500013074.9707   10.6797
   -7.5000   22.5000  -37.500012241.4844   10.8532
    0.0000   22.5000  -37.500012779.0947   10.8534
    7.5000   22.5000  -37.500012262.1250   10.8307
   -7.5000   30.0000  -37.500011404.0156   10.8935
    0.0000   30.0000  -37.500011872.6445   10.8944
    7.5000   30.0000  -37.500011422.9697   10.8740
   -7.5000   37.5000  -37.500010909.3076   11.0661
    0.0000   37.5000  -37.500011336.4473   11.0668
    7.5000   37.5000  -37.500010917.0752   11.0468
   -7.5000   45.0000  -37.500010096.9541   10.9990
    0.0000   45.0000  -37.500010477.6367   10.9987
    7.5000   45.0000  -37.500010082.6074   10.9775
   -7.5000  -45.0000  -30.000011147.7520   11.3445
    0.0000  -45.0000  -30.000011654.3750   11.3456
    7.5000  -45.0000  -30.000011163.6211   11.3244
   -7.5000  -37.5000  -30.000011756.6055   11.2653
    0.0000  -37.5000  -30.000012263.0967   11.2677
    7.5000  -37.5000  -30.000011754.3379   11.2452
   -7.5000  -30.0000  -30.000012756.5879   11.2064
    0.0000  -30.0000  -30.000013296.0801   11.2101
    7.5000  -30.0000  -30.000012741.3613   11.1870
   -7.5000  -22.5000  -30.000013633.7959   11.1751
    0.0000  -22.5000  -30.000014210.3193   11.1786
    7.5000  -22.5000  -30.000013616.4219   11.1569
   -7.5000  -15.0000  -30.000014371.7773   11.1488
    0.0000  -15.0000  -30.000014990.6074   11.1510
    7.5000  -15.0000  -30.000014349.2197   11.1311
   -7.5000   -7.5000  -30.000014989.8730   11.1088
    0.0000   -7.5000  -30.000015635.3301   11.1095
    7.5000   -7.5000  -30.000014948.8086   11.0907
   -7.5000    0.0000  -30.000015437.6250   11.0620
    0.0000    0.0000  -30.000016110.4658   11.0620
    7.5000    0.0000  -30.000015399.6094   11.0433
   -7.5000    7.5000  -30.000014680.0713   11.0600
    0.0000    7.5000  -30.000015326.8711   11.0614
    7.5000    7.5000  -30.000014644.7148   11.0408
   -7.5000   15.0000  -30.000013850.9766   11.1245
    0.0000   15.0000  -30.000014476.2471   11.1276
    7.5000   15.0000  -30.000013869.7197   11.1058
   -7.5000   22.5000  -30.000012968.5928   11.2794
    0.0000   22.5000  -30.000013529.9570   11.2825
    7.5000   22.5000  -30.000012996.6641   11.2606
   -7.5000   30.0000  -30.000012051.2129   11.3239
    0.0000   30.0000  -30.000012542.6338   11.3254
    7.5000   30.0000  -30.000012081.8086   11.3049
   -7.5000   37.5000  -30.000011515.8789   11.5008
    0.0000   37.5000  -30.000011971.2637   11.5006
    7.5000   37.5000  -30.000011532.0791   11.4804
   -7.5000   45.0000  -30.000010631.3301   11.4360
    0.0000   45.0000  -30.000011021.2100   11.4358
    7.5000   45.0000  -30.000010625.8438   11.4153
   -7.5000  -45.0000  -22.500011802.2949   11.7129
    0.0000  -45.0000  -22.500012352.3799   11.7157
    7.5000  -45.0000  -22.500011814.8135   11.6942
   -7.5000  -37.5000  -22.500012437.2734   11.6279
    0.0000  -37.5000  -22.500012990.8584   11.6332
    7.5000  -37.5000  -22.500012441.8262   11.6112
   -7.5000  -30.0000  -22.500013492.9307   11.5638
    0.0000  -30.0000  -22.500014096.5264   11.5704
    7.5000  -30.0000  -22.500013474.2803   11.5476
   -7.5000  -22.5000  -22.500014382.2705   11.5305
    0.0000  -22.5000  -22.500015037.6543   11.5356
    7.5000  -22.5000  -22.500014375.3066   11.5131
   -7.5000  -15.0000  -22.500015186.8730   11.5036
    0.0000  -15.0000  -22.500015866.1074   11.5061
    7.5000  -15.0000  -22.500015151.9150   11.4845
   -7.5000   -7.5000  -22.500015849.5635   11.4619
    0.0000   -7.5000  -22.500016571.4863   11.4629
    7.5000   -7.5000  -22.500015799.8838   11.4430
   -7.5000    0.0000  -22.500016309.2344   11.4127
    0.0000    0.0000  -22.500017075.9922   11.4143
    7.5000    0.0000  -22.500016262.0508   11.3954
   -7.5000    7.5000  -22.500015481.2500   11.4094
    0.0000    7.5000  -22.500016208.7246   11.4136
    7.5000    7.5000  -22.500015439.7744   11.3937
   -7.5000   15.0000  -22.500014595.1494   11.4756
    0.0000   15.0000  -22.500015277.9443   11.4816
    7.5000   15.0000  -22.500014573.3125   11.4601
   -7.5000   22.5000  -22.500013608.9551   11.6351
    0.0000   22.5000  -22.500014233.9062   11.6402
    7.5000   22.5000  -22.500013625.0684   11.6177
   -7.5000   30.0000  -22.500012619.2314   11.6832
    0.0000   30.0000  -22.500013182.0918   11.6855
    7.5000   30.0000  -22.500012646.3770   11.6639
   -7.5000   37.5000  -22.500012057.2871   11.8640
    0.0000   37.5000  -22.500012559.3203   11.8645
    7.5000   37.5000  -22.500012080.7168   11.8436
   -7.5000   45.0000  -22.500011147.5312   11.8035
    0.0000   45.0000  -22.500011573.1885   11.8050
    7.5000   45.0000  -22.500011129.4551   11.7842
   -7.5000  -45.0000  -15.000012378.3633   11.9654
    0.0000  -45.0000  -15.000013006.6787   11.9699
    7.5000  -45.0000  -15.000012401.6445   11.9472
   -7.5000  -37.5000  -15.000013070.1074   11.8771
    0.0000  -37.5000  -15.000013698.9229   11.8829
    7.5000  -37.5000  -15.000013084.9678   11.8595
   -7.5000  -30.0000  -15.000014166.5742   11.8098
    0.0000  -30.0000  -15.000014844.3203   11.8154
    7.5000  -30.0000  -15.000014156.8359   11.7905
   -7.5000  -22.5000  -15.000015104.2520   11.7750
    0.0000  -22.5000  -15.000015813.7998   11.7788
    7.5000  -22.5000  -15.000015100.5986   11.7538
   -7.5000  -15.0000  -15.000015947.8340   11.7477
    0.0000  -15.0000  -15.000016673.7383   11.7498
    7.5000  -15.0000  -15.000015903.2646   11.7261
   -7.5000   -7.5000  -15.000016638.8691   11.7053
    0.0000   -7.5000  -15.000017431.2715   11.7072
    7.5000   -7.5000  -15.000016586.1172   11.6860
   -7.5000    0.0000  -15.000017123.0645   11.6556
    0.0000    0.0000  -15.000017984.4590   11.6586
    7.5000    0.0000  -15.000017071.1816   11.6386
   -7.5000    7.5000  -15.000016255.7793   11.6520
    0.0000    7.5000  -15.000017049.0645   11.6566
    7.5000    7.5000  -15.000016158.6279   11.6352
   -7.5000   15.0000  -15.000015278.1436   11.7189
    0.0000   15.0000  -15.000016017.0215   11.7238
    7.5000   15.0000  -15.000015214.8691   11.7000
   -7.5000   22.5000  -15.000014216.5566   11.8815
    0.0000   22.5000  -15.000014915.5732   11.8855
    7.5000   22.5000  -15.000014206.8652   11.8605
   -7.5000   30.0000  -15.000013167.3916   11.9329
    0.0000   30.0000  -15.000013792.2578   11.9351
    7.5000   30.0000  -15.000013172.2109   11.9114
   -7.5000   37.5000  -15.000012608.7295   12.1184
    0.0000   37.5000  -15.000013172.7822   12.1200
    7.5000   37.5000  -15.000012617.4551   12.0979
   -7.5000   45.0000  -15.000011666.5225   12.0627
    0.0000   45.0000  -15.000012159.1875   12.0654
    7.5000   45.0000  -15.000011643.9053   12.0433
   -7.5000  -45.0000   -7.500012931.2295   12.0831
    0.0000  -45.0000   -7.500013581.7764   12.0871
    7.5000  -45.0000   -7.500012991.6689   12.0626
   -7.5000  -37.5000   -7.500013663.6406   11.9960
    0.0000  -37.5000   -7.500014337.7529   11.9990
    7.5000  -37.5000   -7.500013703.4053   11.9724
   -7.5000  -30.0000   -7.500014838.1523   11.9283
    0.0000  -30.0000   -7.500015588.2500   11.9298
    7.5000  -30.0000   -7.500014858.0479   11.9018
   -7.5000  -22.5000   -7.500015822.2588   11.8912
    0.0000  -22.5000   -7.500016599.0625   11.8920
    7.5000  -22.5000   -7.500015819.4629   11.8651
   -7.5000  -15.0000   -7.500016690.0664   11.8614
    0.0000  -15.0000   -7.500017473.7031   11.8631
    7.5000  -15.0000   -7.500016639.3848   11.8387
   -7.5000   -7.5000   -7.500017446.2910   11.8179
    0.0000   -7.5000   -7.500018300.7461   11.8205
    7.5000   -7.5000   -7.500017374.0840   11.7985
   -7.5000    0.0000   -7.500017957.6250   11.7688
    0.0000    0.0000   -7.500018918.4297   11.7714
    7.5000    0.0000   -7.500017855.8730   11.7497
   -7.5000    7.5000   -7.500017000.9473   11.7674
    0.0000    7.5000   -7.500017924.1055   11.7693
    7.5000    7.5000   -7.500016872.7617   11.7449
   -7.5000   15.0000   -7.500015981.5850   11.8355
    0.0000   15.0000   -7.500016853.5664   11.8361
    7.5000   15.0000   -7.500015866.1084   11.8091
   -7.5000   22.5000   -7.500014858.3418   11.9981
    0.0000   22.5000   -7.500015679.8174   11.9986
    7.5000   22.5000   -7.500014788.5430   11.9713
   -7.5000   30.0000   -7.500013740.0879   12.0508
    0.0000   30.0000   -7.500014470.8398   12.0520
    7.5000   30.0000   -7.500013673.2109   12.0270
   -7.5000   37.5000   -7.500013161.0830   12.2401
    0.0000   37.5000   -7.500013808.5518   12.2421
    7.5000   37.5000   -7.500013107.1807   12.2188
   -7.5000   45.0000   -7.500012185.2314   12.1879
    0.0000   45.0000   -7.500012761.9629   12.1897
    7.5000   45.0000   -7.500012124.7656   12.1656
   -7.5000  -45.0000    0.000013401.2695   12.0916
    0.0000  -45.0000    0.000014024.0840   12.0944
    7.5000  -45.0000    0.000013461.7178   12.0693
   -7.5000  -37.5000    0.000014141.4414   12.0065
    0.0000  -37.5000    0.000014787.5713   12.0070
    7.5000  -37.5000    0.000014188.7217   11.9792
   -7.5000  -30.0000    0.000015369.4854   11.9404
    0.0000  -30.0000    0.000016068.0791   11.9390
    7.5000  -30.0000    0.000015402.4307   11.9102
   -7.5000  -22.5000    0.000016402.8223   11.9016
    0.0000  -22.5000    0.000017182.4492   11.9010
    7.5000  -22.5000    0.000016406.8066   11.8748
   -7.5000  -15.0000    0.000017333.3516   11.8694
    0.0000  -15.0000    0.000018159.3496   11.8713
    7.5000  -15.0000    0.000017293.4023   11.8484
   -7.5000   -7.5000    0.000018128.4297   11.8247
    0.0000   -7.5000    0.000019134.2441   11.8274
    7.5000   -7.5000    0.000018067.9980   11.8062
   -7.5000    0.0000    0.000018610.5938   11.7758
    0.0000    0.0000    0.000019821.8574   11.7772
    7.5000    0.0000    0.000018517.3359   11.7550
   -7.5000    7.5000    0.000017596.3379   11.7766
    0.0000    7.5000    0.000018771.4434   11.7760
    7.5000    7.5000    0.000017464.9668   11.7504
   -7.5000   15.0000    0.000016594.3613   11.8461
    0.0000   15.0000    0.000017663.4648   11.8438
    7.5000   15.0000    0.000016448.2969   11.8160
   -7.5000   22.5000    0.000015474.3301   12.0084
    0.0000   22.5000    0.000016381.6338   12.0071
    7.5000   22.5000    0.000015349.1631   11.9801
   -7.5000   30.0000    0.000014315.1514   12.0617
    0.0000   30.0000    0.000015063.7314   12.0624
    7.5000   30.0000    0.000014198.2422   12.0384
   -7.5000   37.5000    0.000013686.1533   12.2522
    0.0000   37.5000    0.000014343.8945   12.2538
    7.5000   37.5000    0.000013592.9287   12.2307
   -7.5000   45.0000    0.000012639.8525   12.2012
    0.0000   45.0000    0.000013235.5039   12.2015
    7.5000   45.0000    0.000012566.0264   12.1768
   -7.5000  -45.0000    7.500012805.9443   12.1437
    0.0000  -45.0000    7.500013382.3613   12.1450
    7.5000  -45.0000    7.500012867.9951   12.1209
   -7.5000  -37.5000    7.500013544.5693   12.0588
    0.0000  -37.5000    7.500014135.0508   12.0590
    7.5000  -37.5000    7.500013586.9736   12.0323
   -7.5000  -30.0000    7.500014695.2852   11.9952
    0.0000  -30.0000    7.500015365.3594   11.9949
    7.5000  -30.0000    7.500014752.7969   11.9675
   -7.5000  -22.5000    7.500015737.5420   11.9585
    0.0000  -22.5000    7.500016462.1309   11.9591
    7.5000  -22.5000    7.500015748.5869   11.9344
   -7.5000  -15.0000    7.500016689.6250   11.9279
    0.0000  -15.0000    7.500017470.6191   11.9298
    7.5000  -15.0000    7.500016641.0996   11.9081
   -7.5000   -7.5000    7.500017415.4023   11.8840
    0.0000   -7.5000    7.500018349.1055   11.8856
    7.5000   -7.5000    7.500017314.5977   11.8651
   -7.5000    0.0000    7.500017830.6035   11.8345
    0.0000    0.0000    7.500018810.0664   11.8346
    7.5000    0.0000    7.500017687.1152   11.8132
   -7.5000    7.5000    7.500016887.7148   11.8343
    0.0000    7.5000    7.500017773.3516   11.8334
    7.5000    7.5000    7.500016733.0020   11.8089
   -7.5000   15.0000    7.500015922.1660   11.9035
    0.0000   15.0000    7.500016738.7402   11.9025
    7.5000   15.0000    7.500015762.3535   11.8763
   -7.5000   22.5000    7.500014864.7539   12.0654
    0.0000   22.5000    7.500015605.7715   12.0652
    7.5000   22.5000    7.500014723.6816   12.0399
   -7.5000   30.0000    7.500013722.5781   12.1179
    0.0000   30.0000    7.500014384.9756   12.1186
    7.5000   30.0000    7.500013605.6445   12.0958
   -7.5000   37.5000    7.500013113.6299   12.3074
    0.0000   37.5000    7.500013736.0771   12.3078
    7.5000   37.5000    7.500013015.1562   12.2855
   -7.5000   45.0000    7.500012078.8623   12.2547
    0.0000   45.0000    7.500012658.7842   12.2540
    7.5000   45.0000    7.500012009.8320   12.2303
   -7.5000  -45.0000   15.000012096.9229   12.2023
    0.0000  -45.0000   15.000012638.9248   12.2031
    7.5000  -45.0000   15.000012174.6865   12.1798
   -7.5000  -37.5000   15.000012789.9883   12.1153
    0.0000  -37.5000   15.000013339.3975   12.1174
    7.5000  -37.5000   15.000012842.9209   12.0927
   -7.5000  -30.0000   15.000013877.1836   12.0522
    0.0000  -30.0000   15.000014476.0654   12.0556
    7.5000  -30.0000   15.000013914.4609   12.0302
   -7.5000  -22.5000   15.000014879.1279   12.0187
    0.0000  -22.5000   15.000015511.0088   12.0220
    7.5000  -22.5000   15.000014875.3486   11.9981
   -7.5000  -15.0000   15.000015768.8945   11.9917
    0.0000  -15.0000   15.000016482.2949   11.9937
    7.5000  -15.0000   15.000015732.5361   11.9717
   -7.5000   -7.5000   15.000016405.4082   11.9500
    0.0000   -7.5000   15.000017242.9297   11.9503
    7.5000   -7.5000   15.000016346.0986   11.9295
   -7.5000    0.0000   15.000016828.0430   11.9001
    0.0000    0.0000   15.000017668.0566   11.8997
    7.5000    0.0000   15.000016754.5000   11.8790
   -7.5000    7.5000   15.000015993.7314   11.8967
    0.0000    7.5000   15.000016729.1934   11.8979
    7.5000    7.5000   15.000015886.5010   11.8752
   -7.5000   15.0000   15.000015081.9824   11.9645
    0.0000   15.0000   15.000015757.1328   11.9674
    7.5000   15.0000   15.000014972.4346   11.9433
   -7.5000   22.5000   15.000014048.4463   12.1265
    0.0000   22.5000   15.000014682.2979   12.1294
    7.5000   22.5000   15.000013946.0410   12.1053
   -7.5000   30.0000   15.000012954.0029   12.1784
    0.0000   30.0000   15.000013536.1182   12.1796
    7.5000   30.0000   15.000012849.0605   12.1571
   -7.5000   37.5000   15.000012375.8564   12.3668
    0.0000   37.5000   15.000012926.0283   12.3662
    7.5000   37.5000   15.000012293.8057   12.3441
   -7.5000   45.0000   15.000011413.9893   12.3118
    0.0000   45.0000   15.000011928.7354   12.3112
    7.5000   45.0000   15.000011357.7412   12.2886
   -7.5000  -45.0000   22.500011320.4346   12.3143
    0.0000  -45.0000   22.500011808.9443   12.3167
    7.5000  -45.0000   22.500011370.9551   12.2931
   -7.5000  -37.5000   22.500011938.2207   12.2241
    0.0000  -37.5000   22.500012436.7432   12.2292
    7.5000  -37.5000   22.500011986.2080   12.2051
   -7.5000  -30.0000   22.500012927.7861   12.1603
    0.0000  -30.0000   22.500013455.3574   12.1667
    7.5000  -30.0000   22.500012975.2256   12.1416
   -7.5000  -22.5000   22.500013853.2402   12.1293
    0.0000  -22.5000   22.500014398.6924   12.1342
    7.5000  -22.5000   22.500013868.2158   12.1093
   -7.5000  -15.0000   22.500014666.3633   12.1056
    0.0000  -15.0000   22.500015302.3740   12.1078
    7.5000  -15.0000   22.500014676.6416   12.0840
   -7.5000   -7.5000   22.500015274.7715   12.0661
    0.0000   -7.5000   22.500015997.3838   12.0667
    7.5000   -7.5000   22.500015270.5781   12.0447
   -7.5000    0.0000   22.500015725.5010   12.0169
    0.0000    0.0000   22.500016435.8730   12.0180
    7.5000    0.0000   22.500015703.5059   11.9970
   -7.5000    7.5000   22.500014939.8262   12.0103
    0.0000    7.5000   22.500015568.4326   12.0142
    7.5000    7.5000   22.500014895.0342   11.9920
   -7.5000   15.0000   22.500014082.2998   12.0763
    0.0000   15.0000   22.500014668.7959   12.0822
    7.5000   15.0000   22.500014032.9395   12.0584
   -7.5000   22.5000   22.500013113.4600   12.2397
    0.0000   22.5000   22.500013678.2607   12.2447
    7.5000   22.5000   22.500013069.7656   12.2199
   -7.5000   30.0000   22.500012089.6016   12.2918
    0.0000   30.0000   22.500012612.3242   12.2938
    7.5000   30.0000   22.500012049.0000   12.2700
   -7.5000   37.5000   22.500011554.4180   12.4824
    0.0000   37.5000   22.500012050.6006   12.4824
    7.5000   37.5000   22.500011512.6465   12.4594
   -7.5000   45.0000   22.500010665.3379   12.4276
    0.0000   45.0000   22.500011133.3271   12.4287
    7.5000   45.0000   22.500010636.6338   12.4057
   -7.5000  -45.0000   30.000010451.0947   12.4614
    0.0000  -45.0000   30.000010900.2578   12.4654
    7.5000  -45.0000   30.000010498.3838   12.4403
   -7.5000  -37.5000   30.000011019.0078   12.3693
    0.0000  -37.5000   30.000011488.2227   12.3749
    7.5000  -37.5000   30.000011075.6016   12.3490
   -7.5000  -30.0000   30.000011914.7354   12.3050
    0.0000  -30.0000   30.000012401.7305   12.3105
    7.5000  -30.0000   30.000011978.6533   12.2831
   -7.5000  -22.5000   30.000012764.8945   12.2752
    0.0000  -22.5000   30.000013276.5020   12.2787
    7.5000  -22.5000   30.000012809.1699   12.2511
   -7.5000  -15.0000   30.000013490.9072   12.2535
    0.0000  -15.0000   30.000014077.9238   12.2551
    7.5000  -15.0000   30.000013533.1836   12.2289
   -7.5000   -7.5000   30.000014044.0039   12.2156
    0.0000   -7.5000   30.000014659.7549   12.2170
    7.5000   -7.5000   30.000014075.7236   12.1933
   -7.5000    0.0000   30.000014476.5498   12.1673
    0.0000    0.0000   30.000015076.0840   12.1699
    7.5000    0.0000   30.000014471.3994   12.1474
   -7.5000    7.5000   30.000013726.6992   12.1589
    0.0000    7.5000   30.000014265.7363   12.1633
    7.5000    7.5000   30.000013712.6104   12.1394
   -7.5000   15.0000   30.000012918.4355   12.2238
    0.0000   15.0000   30.000013423.1729   12.2286
    7.5000   15.0000   30.000012896.7207   12.2022
   -7.5000   22.5000   30.000012062.0049   12.3895
    0.0000   22.5000   30.000012540.9297   12.3933
    7.5000   22.5000   30.000012026.7773   12.3657
   -7.5000   30.0000   30.000011157.8955   12.4427
    0.0000   30.0000   30.000011595.8926   12.4445
    7.5000   30.0000   30.000011119.1904   12.4184
   -7.5000   37.5000   30.000010685.8467   12.6383
    0.0000   37.5000   30.000011109.0703   12.6396
    7.5000   37.5000   30.000010654.3135   12.6150
   -7.5000   45.0000   30.0000 9847.4141   12.5854
    0.0000   45.0000   30.000010269.1953   12.5880
    7.5000   45.0000   30.0000 9833.5352   12.5634
   -7.5000  -45.0000   37.500010011.0693   12.7069
    0.0000  -45.0000   37.500010475.4434   12.7107
    7.5000  -45.0000   37.500010067.3877   12.6823
   -7.5000  -37.5000   37.500010545.1377   12.6149
    0.0000  -37.5000   37.500011034.3164   12.6178
    7.5000  -37.5000   37.500010616.1504   12.5875
   -7.5000  -30.0000   37.500011415.1104   12.5515
    0.0000  -30.0000   37.500011917.4814   12.5531
    7.5000  -30.0000   37.500011475.0518   12.5214
   -7.5000  -22.5000   37.500012195.6240   12.5203
    0.0000  -22.5000   37.500012727.0566   12.5213
    7.5000  -22.5000   37.500012239.1162   12.4908
   -7.5000  -15.0000   37.500012873.1631   12.4971
    0.0000  -15.0000   37.500013435.6689   12.4989
    7.5000  -15.0000   37.500012904.4795   12.4709
   -7.5000   -7.5000   37.500013401.0078   12.4591
    0.0000   -7.5000   37.500013951.2080   12.4616
    7.5000   -7.5000   37.500013407.0117   12.4359
   -7.5000    0.0000   37.500013796.5518   12.4121
    0.0000    0.0000   37.500014334.6826   12.4144
    7.5000    0.0000   37.500013776.2773   12.3887
   -7.5000    7.5000   37.500013077.3301   12.4050
    0.0000    7.5000   37.500013582.0791   12.4068
    7.5000    7.5000   37.500013063.7383   12.3785
   -7.5000   15.0000   37.500012313.8672   12.4711
    0.0000   15.0000   37.500012791.2090   12.4718
    7.5000   15.0000   37.500012300.2549   12.4411
   -7.5000   22.5000   37.500011489.8594   12.6406
    0.0000   22.5000   37.500011944.3174   12.6414
    7.5000   22.5000   37.500011483.0361   12.6105
   -7.5000   30.0000   37.500010639.3018   12.6960
    0.0000   30.0000   37.500011052.6699   12.6975
    7.5000   30.0000   37.500010621.1992   12.6690
   -7.5000   37.5000   37.500010188.4854   12.9008
    0.0000   37.5000   37.500010593.5449   12.9030
    7.5000   37.5000   37.500010163.3164   12.8759
   -7.5000   45.0000   37.5000 9405.0518   12.8525
    0.0000   45.0000   37.5000 9799.3643   12.8543
    7.5000   45.0000   37.5000 9384.8057   12.8262
   -7.5000  -45.0000   45.0000 9210.1104   13.0042
    0.0000  -45.0000   45.0000 9646.7139   13.0088
    7.5000  -45.0000   45.0000 9241.7832   12.9792
   -7.5000  -37.5000   45.0000 9697.0859   12.9091
    0.0000  -37.5000   45.000010160.9131   12.9115
    7.5000  -37.5000   45.0000 9744.6934   12.8789
   -7.5000  -30.0000   45.000010482.2812   12.8449
    0.0000  -30.0000   45.000010969.1211   12.8458
    7.5000  -30.0000   45.000010530.5879   12.8119
   -7.5000  -22.5000   45.000011181.9424   12.8128
    0.0000  -22.5000   45.000011696.6367   12.8148
    7.5000  -22.5000   45.000011215.8076   12.7835
   -7.5000  -15.0000   45.000011770.2031   12.7900
    0.0000  -15.0000   45.000012308.4268   12.7944
    7.5000  -15.0000   45.000011795.9131   12.7668
   -7.5000   -7.5000   45.000012238.2627   12.7529
    0.0000   -7.5000   45.000012761.7324   12.7577
    7.5000   -7.5000   45.000012242.4355   12.7319
   -7.5000    0.0000   45.000012586.0518   12.7050
    0.0000    0.0000   45.000013104.7334   12.7082
    7.5000    0.0000   45.000012573.8076   12.6813
   -7.5000    7.5000   45.000011930.9658   12.6972
    0.0000    7.5000   45.000012407.8193   12.6985
    7.5000    7.5000   45.000011931.3906   12.6679
   -7.5000   15.0000   45.000011254.2373   12.7641
    0.0000   15.0000   45.000011689.3896   12.7642
    7.5000   15.0000   45.000011249.2461   12.7311
   -7.5000   22.5000   45.000010490.4600   12.9399
    0.0000   22.5000   45.000010906.3770   12.9413
    7.5000   22.5000   45.000010498.5625   12.9091
   -7.5000   30.0000   45.0000 9714.9229   13.0017
    0.0000   30.0000   45.000010109.4561   13.0051
    7.5000   30.0000   45.0000 9703.0186   12.9763
   -7.5000   37.5000   45.0000 9323.4316   13.2198
    0.0000   37.5000   45.0000 9708.3213   13.2239
    7.5000   37.5000   45.0000 9301.3369   13.1961
   -7.5000   45.0000   45.0000 8613.6592   13.1832
    0.0000   45.0000   45.0000 8977.2773   13.1857
    7.5000   45.0000   45.0000 8584.1670   13.1561

---------------------------------------------------------------------
imgreg_4dfp /opt/freesurfer/average/711-2C_as_mni_average_305 /opt/freesurfer/average/711-2B_as_mni_average_305_mask talsrcimg_g11 none talsrcimg_to_711-2C_as_mni_average_305_t4 4355
---------------------------------------------------------------------

freesurfer imgreg_4dfp.c
/opt/freesurfer/average/711-2C_as_mni_average_305.4dfp.img
       256       256       256         1
  1.000000  1.000000  1.000000
orientation T byte_order littleendian
Reading image: /opt/freesurfer/average/711-2C_as_mni_average_305.4dfp.img
dimensions:      256       256       256
mmppix:       1.0000   -1.0000   -1.0000
center:     128.0000 -129.0000 -129.0000
/opt/freesurfer/average/711-2B_as_mni_average_305_mask.4dfp.img
       256       256       256         1
  1.000000  1.000000  1.000000
orientation T byte_order littleendian
Reading mask: /opt/freesurfer/average/711-2B_as_mni_average_305_mask.4dfp.img (2306576 pixels)
talsrcimg_g11.4dfp.img
       256       256       256         1
  1.000000  1.000000  1.000000
orientation T byte_order littleendian
Reading image: talsrcimg_g11.4dfp.img
dimensions:      256       256       256
mmppix:       1.0000   -1.0000   -1.0000
center:     128.0000 -129.0000 -129.0000
rotation matrix determinant  1.000000
image alignment mode   4355 decimal     1103 hex
   -7.5000  -45.0000  -45.0000 2380.9016   13.1729
    0.0000  -45.0000  -45.0000 2394.8394   13.0818
    7.5000  -45.0000  -45.0000 2384.2805   13.1375
   -7.5000  -37.5000  -45.0000 2425.9907   12.5092
    0.0000  -37.5000  -45.0000 2442.6387   12.4199
    7.5000  -37.5000  -45.0000 2430.6536   12.4791
   -7.5000  -30.0000  -45.0000 2458.0671   12.0172
    0.0000  -30.0000  -45.0000 2473.6428   11.8967
    7.5000  -30.0000  -45.0000 2460.9604   11.9735
   -7.5000  -22.5000  -45.0000 2484.3574   11.6373
    0.0000  -22.5000  -45.0000 2502.0132   11.5289
    7.5000  -22.5000  -45.0000 2489.6614   11.6058
   -7.5000  -15.0000  -45.0000 2504.2285   11.3515
    0.0000  -15.0000  -45.0000 2523.0994   11.2201
    7.5000  -15.0000  -45.0000 2510.9065   11.3105
   -7.5000   -7.5000  -45.0000 2519.3267   11.1434
    0.0000   -7.5000  -45.0000 2541.0776   10.9967
    7.5000   -7.5000  -45.0000 2528.0271   11.0755
   -7.5000    0.0000  -45.0000 2529.9377   11.0630
    0.0000    0.0000  -45.0000 2554.0042   10.9007
    7.5000    0.0000  -45.0000 2537.8416   10.9951
   -7.5000    7.5000  -45.0000 2521.3037   11.1668
    0.0000    7.5000  -45.0000 2544.8230   11.0111
    7.5000    7.5000  -45.0000 2529.1565   11.1031
   -7.5000   15.0000  -45.0000 2492.7407   11.4895
    0.0000   15.0000  -45.0000 2516.2878   11.3294
    7.5000   15.0000  -45.0000 2504.9290   11.4253
   -7.5000   22.5000  -45.0000 2440.2769   12.0287
    0.0000   22.5000  -45.0000 2465.1106   11.8620
    7.5000   22.5000  -45.0000 2451.1965   11.9517
   -7.5000   30.0000  -45.0000 2370.0518   12.7768
    0.0000   30.0000  -45.0000 2395.5977   12.6061
    7.5000   30.0000  -45.0000 2383.4873   12.6841
   -7.5000   37.5000  -45.0000 2287.5120   13.7971
    0.0000   37.5000  -45.0000 2308.6775   13.6340
    7.5000   37.5000  -45.0000 2298.7593   13.7129
   -7.5000   45.0000  -45.0000 2190.4456   15.1526
    0.0000   45.0000  -45.0000 2210.1917   14.9594
    7.5000   45.0000  -45.0000 2196.1218   15.0298
   -7.5000  -45.0000  -37.5000 2463.9788   12.3612
    0.0000  -45.0000  -37.5000 2480.3008   12.2686
    7.5000  -45.0000  -37.5000 2467.4893   12.3227
   -7.5000  -37.5000  -37.5000 2509.7727   11.7336
    0.0000  -37.5000  -37.5000 2525.9292   11.6140
    7.5000  -37.5000  -37.5000 2511.1628   11.6897
   -7.5000  -30.0000  -37.5000 2539.4409   11.2664
    0.0000  -30.0000  -37.5000 2556.4312   11.1357
    7.5000  -30.0000  -37.5000 2540.4517   11.2005
   -7.5000  -22.5000  -37.5000 2566.2986   10.9044
    0.0000  -22.5000  -37.5000 2585.8247   10.7897
    7.5000  -22.5000  -37.5000 2571.8528   10.8673
   -7.5000  -15.0000  -37.5000 2586.0032   10.6471
    0.0000  -15.0000  -37.5000 2605.4919   10.5240
    7.5000  -15.0000  -37.5000 2590.2410   10.6100
   -7.5000   -7.5000  -37.5000 2602.7349   10.4828
    0.0000   -7.5000  -37.5000 2626.4702   10.3387
    7.5000   -7.5000  -37.5000 2611.0962   10.4203
   -7.5000    0.0000  -37.5000 2610.7246   10.3874
    0.0000    0.0000  -37.5000 2637.0635   10.2319
    7.5000    0.0000  -37.5000 2618.9600   10.3306
   -7.5000    7.5000  -37.5000 2609.2656   10.4524
    0.0000    7.5000  -37.5000 2635.5146   10.3066
    7.5000    7.5000  -37.5000 2617.6687   10.4000
   -7.5000   15.0000  -37.5000 2582.4001   10.7384
    0.0000   15.0000  -37.5000 2610.7349   10.5986
    7.5000   15.0000  -37.5000 2593.7458   10.6802
   -7.5000   22.5000  -37.5000 2528.7749   11.2261
    0.0000   22.5000  -37.5000 2558.9238   11.0747
    7.5000   22.5000  -37.5000 2540.7629   11.1558
   -7.5000   30.0000  -37.5000 2453.9243   11.9336
    0.0000   30.0000  -37.5000 2479.3774   11.7555
    7.5000   30.0000  -37.5000 2465.8530   11.8300
   -7.5000   37.5000  -37.5000 2364.0950   12.9020
    0.0000   37.5000  -37.5000 2384.0835   12.7069
    7.5000   37.5000  -37.5000 2372.7058   12.7803
   -7.5000   45.0000  -37.5000 2261.7737   14.1426
    0.0000   45.0000  -37.5000 2275.9443   13.9455
    7.5000   45.0000  -37.5000 2263.7026   14.0301
   -7.5000  -45.0000  -30.0000 2588.7209   12.0392
    0.0000  -45.0000  -30.0000 2608.1084   11.9334
    7.5000  -45.0000  -30.0000 2593.0781   12.0026
   -7.5000  -37.5000  -30.0000 2631.1030   11.3995
    0.0000  -37.5000  -30.0000 2647.2688   11.2889
    7.5000  -37.5000  -30.0000 2631.1028   11.3601
   -7.5000  -30.0000  -30.0000 2664.8130   10.9154
    0.0000  -30.0000  -30.0000 2683.5527   10.7859
    7.5000  -30.0000  -30.0000 2667.6323   10.8627
   -7.5000  -22.5000  -30.0000 2697.0002   10.5755
    0.0000  -22.5000  -30.0000 2718.1299   10.4515
    7.5000  -22.5000  -30.0000 2703.5706   10.5304
   -7.5000  -15.0000  -30.0000 2720.4106   10.3257
    0.0000  -15.0000  -30.0000 2743.2083   10.2180
    7.5000  -15.0000  -30.0000 2726.7861   10.2671
   -7.5000   -7.5000  -30.0000 2739.2749   10.1686
    0.0000   -7.5000  -30.0000 2764.0850   10.0381
    7.5000   -7.5000  -30.0000 2747.9487   10.1070
   -7.5000    0.0000  -30.0000 2751.1326   10.0743
    0.0000    0.0000  -30.0000 2780.2598    9.9356
    7.5000    0.0000  -30.0000 2761.0803   10.0146
   -7.5000    7.5000  -30.0000 2753.5596   10.1358
    0.0000    7.5000  -30.0000 2784.9788    9.9942
    7.5000    7.5000  -30.0000 2762.5437   10.0841
   -7.5000   15.0000  -30.0000 2722.2058   10.4155
    0.0000   15.0000  -30.0000 2756.7842   10.2626
    7.5000   15.0000  -30.0000 2737.4319   10.3545
   -7.5000   22.5000  -30.0000 2667.9116   10.8667
    0.0000   22.5000  -30.0000 2700.0725   10.7124
    7.5000   22.5000  -30.0000 2685.1792   10.7937
   -7.5000   30.0000  -30.0000 2586.0864   11.5471
    0.0000   30.0000  -30.0000 2614.2751   11.3697
    7.5000   30.0000  -30.0000 2601.1082   11.4562
   -7.5000   37.5000  -30.0000 2486.5310   12.4886
    0.0000   37.5000  -30.0000 2509.3970   12.2912
    7.5000   37.5000  -30.0000 2497.6963   12.3823
   -7.5000   45.0000  -30.0000 2375.9111   13.7175
    0.0000   45.0000  -30.0000 2393.6936   13.5298
    7.5000   45.0000  -30.0000 2380.3740   13.6042
   -7.5000  -45.0000  -22.5000 2669.2446   11.7266
    0.0000  -45.0000  -22.5000 2692.0181   11.6014
    7.5000  -45.0000  -22.5000 2677.1641   11.6706
   -7.5000  -37.5000  -22.5000 2708.2620   11.0492
    0.0000  -37.5000  -22.5000 2728.1406   10.9338
    7.5000  -37.5000  -22.5000 2717.4800   11.0116
   -7.5000  -30.0000  -22.5000 2746.2905   10.5408
    0.0000  -30.0000  -22.5000 2770.8994   10.4274
    7.5000  -30.0000  -22.5000 2758.1116   10.5076
   -7.5000  -22.5000  -22.5000 2778.9421   10.1826
    0.0000  -22.5000  -22.5000 2807.1858   10.0877
    7.5000  -22.5000  -22.5000 2793.4409   10.1436
   -7.5000  -15.0000  -22.5000 2813.1956    9.9223
    0.0000  -15.0000  -22.5000 2835.5530    9.8338
    7.5000  -15.0000  -22.5000 2824.1228    9.8749
   -7.5000   -7.5000  -22.5000 2835.0093    9.7893
    0.0000   -7.5000  -22.5000 2863.0583    9.6779
    7.5000   -7.5000  -22.5000 2846.6660    9.7217
   -7.5000    0.0000  -22.5000 2853.8535    9.7102
    0.0000    0.0000  -22.5000 2886.4856    9.5781
    7.5000    0.0000  -22.5000 2866.7456    9.6439
   -7.5000    7.5000  -22.5000 2858.9480    9.7740
    0.0000    7.5000  -22.5000 2895.6565    9.6340
    7.5000    7.5000  -22.5000 2870.6184    9.7120
   -7.5000   15.0000  -22.5000 2828.0085   10.0316
    0.0000   15.0000  -22.5000 2867.9534    9.8780
    7.5000   15.0000  -22.5000 2841.0947    9.9777
   -7.5000   22.5000  -22.5000 2768.9736   10.4640
    0.0000   22.5000  -22.5000 2804.7927   10.3157
    7.5000   22.5000  -22.5000 2788.0686   10.3976
   -7.5000   30.0000  -22.5000 2679.2686   11.1179
    0.0000   30.0000  -22.5000 2716.7979   10.9558
    7.5000   30.0000  -22.5000 2699.9463   11.0431
   -7.5000   37.5000  -22.5000 2573.6980   12.0438
    0.0000   37.5000  -22.5000 2603.2881   11.8676
    7.5000   37.5000  -22.5000 2588.5408   11.9651
   -7.5000   45.0000  -22.5000 2455.5920   13.2762
    0.0000   45.0000  -22.5000 2477.3921   13.0825
    7.5000   45.0000  -22.5000 2463.7224   13.1713
   -7.5000  -45.0000  -15.0000 2708.7561   11.3851
    0.0000  -45.0000  -15.0000 2740.4248   11.2973
    7.5000  -45.0000  -15.0000 2722.4844   11.3422
   -7.5000  -37.5000  -15.0000 2750.4973   10.7260
    0.0000  -37.5000  -15.0000 2776.2793   10.6324
    7.5000  -37.5000  -15.0000 2764.9773   10.6808
   -7.5000  -30.0000  -15.0000 2788.4419   10.2238
    0.0000  -30.0000  -15.0000 2813.6321   10.1292
    7.5000  -30.0000  -15.0000 2801.3218   10.1788
   -7.5000  -22.5000  -15.0000 2824.6597    9.8313
    0.0000  -22.5000  -15.0000 2851.2385    9.7373
    7.5000  -22.5000  -15.0000 2841.7065    9.7978
   -7.5000  -15.0000  -15.0000 2865.3208    9.5642
    0.0000  -15.0000  -15.0000 2892.7747    9.4617
    7.5000  -15.0000  -15.0000 2880.0500    9.5283
   -7.5000   -7.5000  -15.0000 2893.7573    9.4321
    0.0000   -7.5000  -15.0000 2922.2363    9.3276
    7.5000   -7.5000  -15.0000 2907.8518    9.3767
   -7.5000    0.0000  -15.0000 2915.8665    9.3801
    0.0000    0.0000  -15.0000 2951.8193    9.2664
    7.5000    0.0000  -15.0000 2932.4524    9.3189
   -7.5000    7.5000  -15.0000 2926.4265    9.4438
    0.0000    7.5000  -15.0000 2964.2498    9.3215
    7.5000    7.5000  -15.0000 2935.8525    9.3850
   -7.5000   15.0000  -15.0000 2894.2349    9.6900
    0.0000   15.0000  -15.0000 2933.4531    9.5570
    7.5000   15.0000  -15.0000 2903.4309    9.6424
   -7.5000   22.5000  -15.0000 2830.0859   10.1087
    0.0000   22.5000  -15.0000 2871.7080    9.9633
    7.5000   22.5000  -15.0000 2845.6519   10.0606
   -7.5000   30.0000  -15.0000 2736.7883   10.7520
    0.0000   30.0000  -15.0000 2775.0056   10.5906
    7.5000   30.0000  -15.0000 2755.8125   10.6896
   -7.5000   37.5000  -15.0000 2624.2866   11.6836
    0.0000   37.5000  -15.0000 2655.0176   11.5010
    7.5000   37.5000  -15.0000 2639.7615   11.6078
   -7.5000   45.0000  -15.0000 2498.3657   12.9075
    0.0000   45.0000  -15.0000 2523.2441   12.7198
    7.5000   45.0000  -15.0000 2510.8025   12.8188
   -7.5000  -45.0000   -7.5000 2721.1152   11.1381
    0.0000  -45.0000   -7.5000 2744.4763   11.0566
    7.5000  -45.0000   -7.5000 2737.4165   11.1163
   -7.5000  -37.5000   -7.5000 2763.9619   10.4625
    0.0000  -37.5000   -7.5000 2782.7119   10.3651
    7.5000  -37.5000   -7.5000 2782.2385   10.4141
   -7.5000  -30.0000   -7.5000 2805.9080    9.9597
    0.0000  -30.0000   -7.5000 2826.5205    9.8648
    7.5000  -30.0000   -7.5000 2821.6421    9.8890
   -7.5000  -22.5000   -7.5000 2844.7605    9.5790
    0.0000  -22.5000   -7.5000 2868.7861    9.4767
    7.5000  -22.5000   -7.5000 2864.1550    9.5104
   -7.5000  -15.0000   -7.5000 2887.6833    9.3075
    0.0000  -15.0000   -7.5000 2917.2893    9.1894
    7.5000  -15.0000   -7.5000 2909.4946    9.2337
   -7.5000   -7.5000   -7.5000 2930.4905    9.1753
    0.0000   -7.5000   -7.5000 2963.2297    9.0620
    7.5000   -7.5000   -7.5000 2950.2192    9.0916
   -7.5000    0.0000   -7.5000 2956.0488    9.1327
    0.0000    0.0000   -7.5000 2995.9492    9.0455
    7.5000    0.0000   -7.5000 2972.7439    9.0575
   -7.5000    7.5000   -7.5000 2957.9700    9.1880
    0.0000    7.5000   -7.5000 3002.0439    9.1210
    7.5000    7.5000   -7.5000 2967.4351    9.1276
   -7.5000   15.0000   -7.5000 2925.4744    9.4320
    0.0000   15.0000   -7.5000 2966.3684    9.3557
    7.5000   15.0000   -7.5000 2932.3118    9.3854
   -7.5000   22.5000   -7.5000 2859.5969    9.8397
    0.0000   22.5000   -7.5000 2895.9963    9.7605
    7.5000   22.5000   -7.5000 2872.3760    9.7985
   -7.5000   30.0000   -7.5000 2763.9695   10.4876
    0.0000   30.0000   -7.5000 2792.9314   10.3762
    7.5000   30.0000   -7.5000 2776.0198   10.4199
   -7.5000   37.5000   -7.5000 2647.4822   11.3917
    0.0000   37.5000   -7.5000 2673.2468   11.2549
    7.5000   37.5000   -7.5000 2657.3677   11.3254
   -7.5000   45.0000   -7.5000 2515.0474   12.5763
    0.0000   45.0000   -7.5000 2539.5698   12.4334
    7.5000   45.0000   -7.5000 2525.9084   12.5006
   -7.5000  -45.0000    0.0000 2711.6572   11.0924
    0.0000  -45.0000    0.0000 2730.3809   10.9690
    7.5000  -45.0000    0.0000 2726.6345   11.0550
   -7.5000  -37.5000    0.0000 2753.6208   10.3729
    0.0000  -37.5000    0.0000 2770.7249   10.2479
    7.5000  -37.5000    0.0000 2768.7361   10.3213
   -7.5000  -30.0000    0.0000 2800.0852    9.8428
    0.0000  -30.0000    0.0000 2812.5540    9.7091
    7.5000  -30.0000    0.0000 2816.6221    9.7890
   -7.5000  -22.5000    0.0000 2846.0730    9.4676
    0.0000  -22.5000    0.0000 2867.8740    9.3382
    7.5000  -22.5000    0.0000 2863.3457    9.3962
   -7.5000  -15.0000    0.0000 2895.6033    9.2023
    0.0000  -15.0000    0.0000 2921.3374    9.0934
    7.5000  -15.0000    0.0000 2909.6650    9.1431
   -7.5000   -7.5000    0.0000 2947.2158    9.0659
    0.0000   -7.5000    0.0000 2982.1660    8.9794
    7.5000   -7.5000    0.0000 2961.3123    8.9957
   -7.5000    0.0000    0.0000 2972.3784    9.0206
    0.0000    0.0000    0.0000 3019.1072    8.9709
    7.5000    0.0000    0.0000 2986.8611    8.9454
   -7.5000    7.5000    0.0000 2971.0647    9.0820
    0.0000    7.5000    0.0000 3014.2129    9.0358
    7.5000    7.5000    0.0000 2978.2026    9.0107
   -7.5000   15.0000    0.0000 2936.1833    9.3545
    0.0000   15.0000    0.0000 2973.1221    9.3074
    7.5000   15.0000    0.0000 2939.5676    9.2829
   -7.5000   22.5000    0.0000 2864.7202    9.8037
    0.0000   22.5000    0.0000 2894.9126    9.7328
    7.5000   22.5000    0.0000 2873.9312    9.7462
   -7.5000   30.0000    0.0000 2765.6902   10.4528
    0.0000   30.0000    0.0000 2792.2100   10.3376
    7.5000   30.0000    0.0000 2775.8870   10.3872
   -7.5000   37.5000    0.0000 2646.9822   11.3326
    0.0000   37.5000    0.0000 2669.0410   11.1648
    7.5000   37.5000    0.0000 2654.7698   11.2673
   -7.5000   45.0000    0.0000 2514.9070   12.4938
    0.0000   45.0000    0.0000 2534.1997   12.2853
    7.5000   45.0000    0.0000 2519.4404   12.4035
   -7.5000  -45.0000    7.5000 2693.3315   11.1967
    0.0000  -45.0000    7.5000 2715.7529   11.0423
    7.5000  -45.0000    7.5000 2704.7422   11.1564
   -7.5000  -37.5000    7.5000 2734.0054   10.4760
    0.0000  -37.5000    7.5000 2749.7915   10.3264
    7.5000  -37.5000    7.5000 2744.3762   10.4290
   -7.5000  -30.0000    7.5000 2777.1646    9.9164
    0.0000  -30.0000    7.5000 2792.2336    9.7870
    7.5000  -30.0000    7.5000 2790.0208    9.8772
   -7.5000  -22.5000    7.5000 2830.8284    9.5209
    0.0000  -22.5000    7.5000 2847.9893    9.4022
    7.5000  -22.5000    7.5000 2841.5134    9.4685
   -7.5000  -15.0000    7.5000 2888.0669    9.2717
    0.0000  -15.0000    7.5000 2908.9443    9.1490
    7.5000  -15.0000    7.5000 2896.4465    9.2089
   -7.5000   -7.5000    7.5000 2943.1399    9.1469
    0.0000   -7.5000    7.5000 2975.1611    9.0414
    7.5000   -7.5000    7.5000 2949.4109    9.0623
   -7.5000    0.0000    7.5000 2969.8699    9.0586
    0.0000    0.0000    7.5000 3007.8542    8.9722
    7.5000    0.0000    7.5000 2977.0144    8.9834
   -7.5000    7.5000    7.5000 2969.0791    9.1289
    0.0000    7.5000    7.5000 3003.9441    9.0258
    7.5000    7.5000    7.5000 2969.2939    9.0690
   -7.5000   15.0000    7.5000 2922.0215    9.4379
    0.0000   15.0000    7.5000 2956.0879    9.3193
    7.5000   15.0000    7.5000 2920.6360    9.3793
   -7.5000   22.5000    7.5000 2845.1572    9.9428
    0.0000   22.5000    7.5000 2873.9255    9.8331
    7.5000   22.5000    7.5000 2845.5261    9.8779
   -7.5000   30.0000    7.5000 2739.3728   10.6168
    0.0000   30.0000    7.5000 2762.1777   10.5046
    7.5000   30.0000    7.5000 2744.1357   10.5463
   -7.5000   37.5000    7.5000 2623.7412   11.4766
    0.0000   37.5000    7.5000 2641.2068   11.3505
    7.5000   37.5000    7.5000 2629.8748   11.4169
   -7.5000   45.0000    7.5000 2494.1992   12.5816
    0.0000   45.0000    7.5000 2511.4126   12.4245
    7.5000   45.0000    7.5000 2497.8513   12.5078
   -7.5000  -45.0000   15.0000 2662.0349   11.4458
    0.0000  -45.0000   15.0000 2679.7214   11.2862
    7.5000  -45.0000   15.0000 2670.2070   11.4389
   -7.5000  -37.5000   15.0000 2700.4436   10.7059
    0.0000  -37.5000   15.0000 2714.5457   10.5644
    7.5000  -37.5000   15.0000 2706.7222   10.6970
   -7.5000  -30.0000   15.0000 2744.9033   10.1318
    0.0000  -30.0000   15.0000 2757.7285   10.0013
    7.5000  -30.0000   15.0000 2750.5081   10.1124
   -7.5000  -22.5000   15.0000 2798.7769    9.7427
    0.0000  -22.5000   15.0000 2815.5510    9.6083
    7.5000  -22.5000   15.0000 2804.8748    9.6949
   -7.5000  -15.0000   15.0000 2856.6738    9.5007
    0.0000  -15.0000   15.0000 2876.4358    9.3684
    7.5000  -15.0000   15.0000 2863.5015    9.4431
   -7.5000   -7.5000   15.0000 2910.0554    9.3650
    0.0000   -7.5000   15.0000 2940.7703    9.2606
    7.5000   -7.5000   15.0000 2912.5098    9.3009
   -7.5000    0.0000   15.0000 2933.6113    9.2833
    0.0000    0.0000   15.0000 2967.9673    9.1877
    7.5000    0.0000   15.0000 2936.5540    9.2362
   -7.5000    7.5000   15.0000 2933.0076    9.3888
    0.0000    7.5000   15.0000 2962.3235    9.2678
    7.5000    7.5000   15.0000 2929.2642    9.3479
   -7.5000   15.0000   15.0000 2885.2173    9.7002
    0.0000   15.0000   15.0000 2912.8328    9.5698
    7.5000   15.0000   15.0000 2885.6035    9.6497
   -7.5000   22.5000   15.0000 2807.9275   10.1978
    0.0000   22.5000   15.0000 2835.2483   10.0667
    7.5000   22.5000   15.0000 2809.7004   10.1407
   -7.5000   30.0000   15.0000 2698.8401   10.8901
    0.0000   30.0000   15.0000 2721.8208   10.7519
    7.5000   30.0000   15.0000 2703.4705   10.8132
   -7.5000   37.5000   15.0000 2586.0637   11.7494
    0.0000   37.5000   15.0000 2604.9075   11.6202
    7.5000   37.5000   15.0000 2593.7119   11.6784
   -7.5000   45.0000   15.0000 2460.6726   12.8512
    0.0000   45.0000   15.0000 2478.7310   12.7047
    7.5000   45.0000   15.0000 2467.0732   12.7757
   -7.5000  -45.0000   22.5000 2624.3311   11.7872
    0.0000  -45.0000   22.5000 2642.7021   11.6151
    7.5000  -45.0000   22.5000 2633.0420   11.8007
   -7.5000  -37.5000   22.5000 2663.2290   11.0416
    0.0000  -37.5000   22.5000 2679.2104   10.8772
    7.5000  -37.5000   22.5000 2669.7000   11.0401
   -7.5000  -30.0000   22.5000 2707.3262   10.4722
    0.0000  -30.0000   22.5000 2722.9595   10.3133
    7.5000  -30.0000   22.5000 2713.4785   10.4531
   -7.5000  -22.5000   22.5000 2759.4204   10.0902
    0.0000  -22.5000   22.5000 2772.9390    9.9399
    7.5000  -22.5000   22.5000 2763.3586   10.0573
   -7.5000  -15.0000   22.5000 2814.4146    9.8781
    0.0000  -15.0000   22.5000 2829.8083    9.7502
    7.5000  -15.0000   22.5000 2816.9827    9.8347
   -7.5000   -7.5000   22.5000 2857.0005    9.7585
    0.0000   -7.5000   22.5000 2883.0840    9.6578
    7.5000   -7.5000   22.5000 2859.6709    9.7155
   -7.5000    0.0000   22.5000 2873.8774    9.7523
    0.0000    0.0000   22.5000 2906.2874    9.6251
    7.5000    0.0000   22.5000 2877.9937    9.7188
   -7.5000    7.5000   22.5000 2865.2761    9.8962
    0.0000    7.5000   22.5000 2891.9307    9.7530
    7.5000    7.5000   22.5000 2866.6086    9.8669
   -7.5000   15.0000   22.5000 2820.1145   10.1827
    0.0000   15.0000   22.5000 2844.0908   10.0587
    7.5000   15.0000   22.5000 2824.7002   10.1517
   -7.5000   22.5000   22.5000 2750.9614   10.6607
    0.0000   22.5000   22.5000 2773.5388   10.5407
    7.5000   22.5000   22.5000 2751.7456   10.6281
   -7.5000   30.0000   22.5000 2647.9202   11.3196
    0.0000   30.0000   22.5000 2670.4456   11.1836
    7.5000   30.0000   22.5000 2654.3928   11.2609
   -7.5000   37.5000   22.5000 2539.3926   12.1726
    0.0000   37.5000   22.5000 2556.5476   12.0306
    7.5000   37.5000   22.5000 2547.9607   12.1123
   -7.5000   45.0000   22.5000 2417.7490   13.2547
    0.0000   45.0000   22.5000 2436.1069   13.1161
    7.5000   45.0000   22.5000 2427.4956   13.1868
   -7.5000  -45.0000   30.0000 2566.9443   12.2726
    0.0000  -45.0000   30.0000 2589.2139   12.0859
    7.5000  -45.0000   30.0000 2575.8433   12.2989
   -7.5000  -37.5000   30.0000 2614.6182   11.5009
    0.0000  -37.5000   30.0000 2634.6416   11.3126
    7.5000  -37.5000   30.0000 2622.6353   11.5124
   -7.5000  -30.0000   30.0000 2658.9751   10.9408
    0.0000  -30.0000   30.0000 2675.3306   10.7637
    7.5000  -30.0000   30.0000 2666.2422   10.9350
   -7.5000  -22.5000   30.0000 2707.5315   10.6035
    0.0000  -22.5000   30.0000 2724.1580   10.4354
    7.5000  -22.5000   30.0000 2711.2673   10.5846
   -7.5000  -15.0000   30.0000 2757.3289   10.4030
    0.0000  -15.0000   30.0000 2775.8450   10.2589
    7.5000  -15.0000   30.0000 2756.4260   10.3671
   -7.5000   -7.5000   30.0000 2789.2292   10.2986
    0.0000   -7.5000   30.0000 2816.2568   10.1544
    7.5000   -7.5000   30.0000 2794.1038   10.2499
   -7.5000    0.0000   30.0000 2801.4624   10.3537
    0.0000    0.0000   30.0000 2830.4131   10.1816
    7.5000    0.0000   30.0000 2805.8252   10.3013
   -7.5000    7.5000   30.0000 2783.8564   10.5223
    0.0000    7.5000   30.0000 2806.3108   10.3760
    7.5000    7.5000   30.0000 2786.8306   10.4879
   -7.5000   15.0000   30.0000 2739.5815   10.8036
    0.0000   15.0000   30.0000 2760.8870   10.6704
    7.5000   15.0000   30.0000 2741.6780   10.7741
   -7.5000   22.5000   30.0000 2678.5283   11.2718
    0.0000   22.5000   30.0000 2699.5371   11.1340
    7.5000   22.5000   30.0000 2676.7585   11.2372
   -7.5000   30.0000   30.0000 2587.4973   11.9177
    0.0000   30.0000   30.0000 2607.2061   11.7591
    7.5000   30.0000   30.0000 2591.8206   11.8612
   -7.5000   37.5000   30.0000 2487.8696   12.7528
    0.0000   37.5000   30.0000 2502.5076   12.5869
    7.5000   37.5000   30.0000 2496.0750   12.6875
   -7.5000   45.0000   30.0000 2363.4956   13.8195
    0.0000   45.0000   30.0000 2383.1047   13.6635
    7.5000   45.0000   30.0000 2375.9956   13.7670
   -7.5000  -45.0000   37.5000 2506.6577   12.8933
    0.0000  -45.0000   37.5000 2534.9053   12.7088
    7.5000  -45.0000   37.5000 2517.3018   12.9157
   -7.5000  -37.5000   37.5000 2554.0330   12.1017
    0.0000  -37.5000   37.5000 2582.3152   11.9127
    7.5000  -37.5000   37.5000 2561.4624   12.1235
   -7.5000  -30.0000   37.5000 2601.3250   11.5482
    0.0000  -30.0000   37.5000 2625.8179   11.3645
    7.5000  -30.0000   37.5000 2605.5513   11.5621
   -7.5000  -22.5000   37.5000 2640.7495   11.2063
    0.0000  -22.5000   37.5000 2666.8354   11.0447
    7.5000  -22.5000   37.5000 2641.3352   11.2131
   -7.5000  -15.0000   37.5000 2683.4358   11.0352
    0.0000  -15.0000   37.5000 2708.7700   10.8851
    7.5000  -15.0000   37.5000 2681.8396   11.0230
   -7.5000   -7.5000   37.5000 2712.9204   10.9648
    0.0000   -7.5000   37.5000 2738.7532   10.8120
    7.5000   -7.5000   37.5000 2712.2004   10.9383
   -7.5000    0.0000   37.5000 2718.6553   11.0408
    0.0000    0.0000   37.5000 2744.3035   10.8718
    7.5000    0.0000   37.5000 2717.3669   11.0126
   -7.5000    7.5000   37.5000 2695.2163   11.2263
    0.0000    7.5000   37.5000 2716.2180   11.0666
    7.5000    7.5000   37.5000 2699.2988   11.2012
   -7.5000   15.0000   37.5000 2652.9958   11.5401
    0.0000   15.0000   37.5000 2672.8811   11.3891
    7.5000   15.0000   37.5000 2655.8149   11.5124
   -7.5000   22.5000   37.5000 2598.5083   11.9657
    0.0000   22.5000   37.5000 2620.1836   11.8106
    7.5000   22.5000   37.5000 2601.6321   11.9397
   -7.5000   30.0000   37.5000 2522.7551   12.5997
    0.0000   30.0000   37.5000 2542.3430   12.4374
    7.5000   30.0000   37.5000 2526.0198   12.5624
   -7.5000   37.5000   37.5000 2424.9353   13.4255
    0.0000   37.5000   37.5000 2441.6775   13.2548
    7.5000   37.5000   37.5000 2431.1758   13.3738
   -7.5000   45.0000   37.5000 2304.5791   14.5010
    0.0000   45.0000   37.5000 2322.5852   14.3537
    7.5000   45.0000   37.5000 2310.5176   14.4590
   -7.5000  -45.0000   45.0000 2440.3777   13.7220
    0.0000  -45.0000   45.0000 2466.1667   13.5397
    7.5000  -45.0000   45.0000 2444.7075   13.7498
   -7.5000  -37.5000   45.0000 2489.8816   12.8903
    0.0000  -37.5000   45.0000 2515.6707   12.7284
    7.5000  -37.5000   45.0000 2490.7766   12.9204
   -7.5000  -30.0000   45.0000 2532.4214   12.3450
    0.0000  -30.0000   45.0000 2559.1880   12.1827
    7.5000  -30.0000   45.0000 2536.1567   12.3672
   -7.5000  -22.5000   45.0000 2568.9275   12.0056
    0.0000  -22.5000   45.0000 2595.8726   11.8525
    7.5000  -22.5000   45.0000 2570.2456   12.0178
   -7.5000  -15.0000   45.0000 2601.1550   11.8424
    0.0000  -15.0000   45.0000 2629.2412   11.6984
    7.5000  -15.0000   45.0000 2599.5576   11.8335
   -7.5000   -7.5000   45.0000 2619.1206   11.7911
    0.0000   -7.5000   45.0000 2644.6426   11.6464
    7.5000   -7.5000   45.0000 2617.7332   11.7861
   -7.5000    0.0000   45.0000 2621.8750   11.8781
    0.0000    0.0000   45.0000 2644.1741   11.7337
    7.5000    0.0000   45.0000 2618.5337   11.8798
   -7.5000    7.5000   45.0000 2601.8184   12.0766
    0.0000    7.5000   45.0000 2620.8345   11.9349
    7.5000    7.5000   45.0000 2606.4946   12.0681
   -7.5000   15.0000   45.0000 2563.8450   12.4013
    0.0000   15.0000   45.0000 2580.1570   12.2520
    7.5000   15.0000   45.0000 2568.6821   12.3784
   -7.5000   22.5000   45.0000 2511.1736   12.8060
    0.0000   22.5000   45.0000 2530.7456   12.6532
    7.5000   22.5000   45.0000 2518.2842   12.7857
   -7.5000   30.0000   45.0000 2450.9004   13.3969
    0.0000   30.0000   45.0000 2472.0171   13.2213
    7.5000   30.0000   45.0000 2451.9641   13.3684
   -7.5000   37.5000   45.0000 2356.2263   14.2445
    0.0000   37.5000   45.0000 2375.8347   14.0422
    7.5000   37.5000   45.0000 2359.0425   14.1912
   -7.5000   45.0000   45.0000 2237.9475   15.3197
    0.0000   45.0000   45.0000 2257.5127   15.1446
    7.5000   45.0000   45.0000 2241.6340   15.2554

---------------------------------------------------------------------
imgreg_4dfp /opt/freesurfer/average/711-2C_as_mni_average_305 /opt/freesurfer/average/711-2B_as_mni_average_305_mask talsrcimg_g11 none talsrcimg_to_711-2C_as_mni_average_305_t4 1283
---------------------------------------------------------------------

freesurfer imgreg_4dfp.c
/opt/freesurfer/average/711-2C_as_mni_average_305.4dfp.img
       256       256       256         1
  1.000000  1.000000  1.000000
orientation T byte_order littleendian
Reading image: /opt/freesurfer/average/711-2C_as_mni_average_305.4dfp.img
dimensions:      256       256       256
mmppix:       1.0000   -1.0000   -1.0000
center:     128.0000 -129.0000 -129.0000
/opt/freesurfer/average/711-2B_as_mni_average_305_mask.4dfp.img
       256       256       256         1
  1.000000  1.000000  1.000000
orientation T byte_order littleendian
Reading mask: /opt/freesurfer/average/711-2B_as_mni_average_305_mask.4dfp.img (2306576 pixels)
talsrcimg_g11.4dfp.img
       256       256       256         1
  1.000000  1.000000  1.000000
orientation T byte_order littleendian
Reading image: talsrcimg_g11.4dfp.img
dimensions:      256       256       256
mmppix:       1.0000   -1.0000   -1.0000
center:     128.0000 -129.0000 -129.0000
rotation matrix determinant  1.000000
fimgreg.f
image alignment mode   1283 decimal      503 hex
parameters
    0.0000    0.0000    0.0000    0.0000    0.0000    0.0000
eta,q 0.94694  8.95924
niter,ni,del,rscale     5    3   12.0000    1.2000
parameter  4  9.947203 ->  0.500000 qaram    1.1500
parameters
    0.7330    2.4764    2.9789   -3.4500   -0.5481   -0.5533
eta,q 0.95341  8.89482
  0.0620  0.0647  0.0578  0.0437  0.0498  0.0486
  0.0570  0.0599  0.0552  0.0460  0.0483  0.0473
  0.0542  0.0556  0.0533  0.0486  0.0469  0.0467
  0.0536  0.0532  0.0526  0.0520  0.0466  0.0466
  0.0532  0.0528  0.0522  0.0557  0.0473  0.0470
  0.0548  0.0533  0.0519  0.0588  0.0489  0.0480
  0.0585  0.0543  0.0524  0.0614  0.0514  0.0493
niter,ni,del,rscale     5    3   12.0000    1.2000
parameter  4  3.082075 ->  0.500000 qaram    1.3225
parameters
    0.4201    3.3133    1.8139   -7.4175   -0.2492   -0.0459
eta,q 0.95839  8.88216
  0.0539  0.0548  0.0502  0.0393  0.0460  0.0453
  0.0494  0.0498  0.0487  0.0410  0.0438  0.0432
  0.0470  0.0472  0.0473  0.0439  0.0423  0.0421
  0.0466  0.0466  0.0467  0.0468  0.0417  0.0417
  0.0471  0.0470  0.0482  0.0504  0.0418  0.0418
  0.0505  0.0484  0.0513  0.0545  0.0431  0.0426
  0.0559  0.0505  0.0552  0.0576  0.0454  0.0442
niter,ni,del,rscale     5    3   12.0000    1.2000
parameter  4  1.399883 ->  0.500000 qaram    1.5209
parameters
    0.1940    4.6490    1.3507  -11.9801    0.6469    0.0283
eta,q 0.96262  8.93338
  0.0497  0.0506  0.0458  0.0361  0.0448  0.0420
  0.0445  0.0459  0.0442  0.0370  0.0416  0.0397
  0.0419  0.0428  0.0430  0.0388  0.0386  0.0381
  0.0416  0.0416  0.0416  0.0419  0.0374  0.0374
  0.0425  0.0417  0.0419  0.0457  0.0376  0.0379
  0.0459  0.0427  0.0445  0.0498  0.0389  0.0394
  0.0508  0.0447  0.0486  0.0543  0.0416  0.0419
niter,ni,del,rscale     5    3   12.0000    1.2000
parameters
   -0.1856    6.3411   -0.1339  -16.2514    0.4175   -0.4019
eta,q 0.96660  8.94236
  0.0473  0.0481  0.0402  0.0380  0.0394  0.0393
  0.0413  0.0424  0.0374  0.0343  0.0365  0.0358
  0.0377  0.0387  0.0365  0.0337  0.0343  0.0337
  0.0374  0.0373  0.0369  0.0365  0.0335  0.0335
  0.0390  0.0368  0.0385  0.0411  0.0345  0.0350
  0.0435  0.0374  0.0419  0.0462  0.0370  0.0375
  0.0498  0.0400  0.0472  0.0511  0.0405  0.0406
niter,ni,del,rscale     4    3   12.0000    1.2000
parameters
   -0.1947    6.4088   -1.3682  -16.8009    0.4952   -0.6607
eta,q 0.96678  8.94305
  0.0470  0.0438  0.0381  0.0422  0.0393  0.0387
  0.0392  0.0382  0.0349  0.0385  0.0361  0.0355
  0.0342  0.0349  0.0334  0.0346  0.0341  0.0336
  0.0334  0.0334  0.0334  0.0332  0.0333  0.0333
  0.0355  0.0344  0.0350  0.0352  0.0337  0.0344
  0.0400  0.0384  0.0393  0.0396  0.0359  0.0365
  0.0462  0.0432  0.0453  0.0451  0.0391  0.0393
niter,ni,del,rscale     3    3   12.0000    1.2000
parameters
   -0.2163    6.3556   -1.5871  -17.0150    0.5570   -0.6949
eta,q 0.96677  8.94027
  0.0464  0.0426  0.0403  0.0425  0.0392  0.0390
  0.0384  0.0371  0.0363  0.0390  0.0360  0.0358
  0.0336  0.0342  0.0338  0.0350  0.0340  0.0337
  0.0332  0.0332  0.0332  0.0332  0.0332  0.0332
  0.0353  0.0345  0.0339  0.0347  0.0337  0.0342
  0.0397  0.0383  0.0366  0.0388  0.0359  0.0361
  0.0453  0.0422  0.0418  0.0442  0.0390  0.0389
niter,ni,del,rscale     2    3   12.0000    1.2000
parameters
   -0.2330    6.3774   -1.6445  -17.0963    0.5804   -0.6982
eta,q 0.96678  8.94014
  0.0464  0.0428  0.0407  0.0425  0.0391  0.0390
  0.0384  0.0372  0.0365  0.0392  0.0359  0.0359
  0.0336  0.0342  0.0338  0.0352  0.0340  0.0338
  0.0332  0.0332  0.0332  0.0332  0.0332  0.0332
  0.0353  0.0345  0.0338  0.0345  0.0338  0.0342
  0.0397  0.0381  0.0363  0.0384  0.0359  0.0361
  0.0452  0.0418  0.0412  0.0438  0.0391  0.0388
registration optimization eta report
parameter search radius
    6.0000    6.0000    6.0000    9.1253    6.0000    6.0000
100000*second partial in parameter space
       35.       25.       22.       12.       16.       16.
  0.0464  0.0428  0.0407  0.0425  0.0391  0.0390
  0.0384  0.0372  0.0365  0.0392  0.0359  0.0359
  0.0336  0.0342  0.0338  0.0352  0.0340  0.0338
  0.0332  0.0332  0.0332  0.0332  0.0332  0.0332
  0.0353  0.0345  0.0338  0.0345  0.0338  0.0342
  0.0397  0.0381  0.0363  0.0384  0.0359  0.0361
  0.0452  0.0418  0.0412  0.0438  0.0391  0.0388
   -0.2330    6.3774   -1.6445  -17.0963    0.5804   -0.6982
eta,q 0.96678  8.94014

---------------------------------------------------------------------
imgreg_4dfp /opt/freesurfer/average/711-2C_as_mni_average_305 /opt/freesurfer/average/711-2B_as_mni_average_305_mask talsrcimg_g11 none talsrcimg_to_711-2C_as_mni_average_305_t4 3335
---------------------------------------------------------------------

freesurfer imgreg_4dfp.c
/opt/freesurfer/average/711-2C_as_mni_average_305.4dfp.img
       256       256       256         1
  1.000000  1.000000  1.000000
orientation T byte_order littleendian
Reading image: /opt/freesurfer/average/711-2C_as_mni_average_305.4dfp.img
dimensions:      256       256       256
mmppix:       1.0000   -1.0000   -1.0000
center:     128.0000 -129.0000 -129.0000
/opt/freesurfer/average/711-2B_as_mni_average_305_mask.4dfp.img
       256       256       256         1
  1.000000  1.000000  1.000000
orientation T byte_order littleendian
Reading mask: /opt/freesurfer/average/711-2B_as_mni_average_305_mask.4dfp.img (2306576 pixels)
talsrcimg_g11.4dfp.img
       256       256       256         1
  1.000000  1.000000  1.000000
orientation T byte_order littleendian
Reading image: talsrcimg_g11.4dfp.img
dimensions:      256       256       256
mmppix:       1.0000   -1.0000   -1.0000
center:     128.0000 -129.0000 -129.0000
fimgreg.f
image alignment mode   3335 decimal      D07 hex
parameters
   -0.2330    6.3774   -1.6445   -0.0126   -4.4295   -4.4237
    1.4625   -0.6100   -1.2184   29.4075    1.0130  -29.3964
eta,q 0.96792  8.92941
niter,ni,del,rscale     5    3    5.0000    1.2000
parameter  5  1.031633 ->  0.500000 qaram    1.1500
parameters
   -0.1465    6.5033   -1.7157   -1.2999   -8.5695   -7.7673
    2.1915   -0.7464   -0.0040   26.1139   -2.1559  -30.2259
eta,q 0.97005  8.52481
  0.0348  0.0338  0.0332  0.0332  0.0307  0.0310  0.0330  0.0332  0.0324  0.0304  0.0301  0.0309
  0.0334  0.0329  0.0326  0.0325  0.0308  0.0305  0.0317  0.0317  0.0314  0.0301  0.0300  0.0303
  0.0325  0.0323  0.0322  0.0321  0.0313  0.0304  0.0308  0.0307  0.0307  0.0301  0.0300  0.0300
  0.0321  0.0321  0.0321  0.0321  0.0321  0.0309  0.0304  0.0304  0.0304  0.0303  0.0300  0.0300
  0.0323  0.0322  0.0322  0.0325  0.0331  0.0318  0.0305  0.0307  0.0304  0.0309  0.0303  0.0302
  0.0331  0.0327  0.0327  0.0333  0.0345  0.0332  0.0311  0.0318  0.0307  0.0320  0.0308  0.0307
  0.0344  0.0335  0.0334  0.0344  0.0361  0.0353  0.0321  0.0335  0.0314  0.0334  0.0314  0.0314
niter,ni,del,rscale     5    3    5.0000    1.2000
parameters
   -0.3146    6.0622   -2.5481   -0.5860  -10.8247   -9.1133
    1.9661   -0.8708    0.0876   26.3900   -2.9665  -31.5376
eta,q 0.97058  8.43162
  0.0320  0.0310  0.0302  0.0314  0.0305  0.0307  0.0315  0.0321  0.0310  0.0311  0.0298  0.0301
  0.0308  0.0302  0.0298  0.0306  0.0299  0.0298  0.0303  0.0306  0.0302  0.0301  0.0296  0.0297
  0.0301  0.0299  0.0297  0.0300  0.0295  0.0295  0.0296  0.0297  0.0296  0.0296  0.0295  0.0294
  0.0300  0.0299  0.0298  0.0297  0.0297  0.0295  0.0295  0.0295  0.0295  0.0295  0.0295  0.0295
  0.0303  0.0304  0.0303  0.0297  0.0302  0.0300  0.0298  0.0298  0.0296  0.0296  0.0295  0.0297
  0.0313  0.0311  0.0309  0.0302  0.0312  0.0307  0.0306  0.0307  0.0301  0.0300  0.0297  0.0302
  0.0327  0.0322  0.0318  0.0309  0.0325  0.0320  0.0317  0.0324  0.0309  0.0308  0.0301  0.0309
niter,ni,del,rscale     4    3    5.0000    1.2000
parameters
   -0.3093    6.2795   -2.9937   -0.4438  -11.2089   -9.4583
    1.9522   -0.8477    0.2065   27.3246   -3.3840  -32.3966
eta,q 0.97066  8.43482
  0.0318  0.0315  0.0301  0.0308  0.0310  0.0309  0.0315  0.0321  0.0309  0.0312  0.0298  0.0301
  0.0305  0.0304  0.0296  0.0301  0.0301  0.0300  0.0303  0.0305  0.0301  0.0301  0.0295  0.0297
  0.0297  0.0297  0.0294  0.0296  0.0296  0.0294  0.0296  0.0297  0.0295  0.0296  0.0294  0.0294
  0.0294  0.0294  0.0294  0.0294  0.0294  0.0294  0.0294  0.0294  0.0294  0.0294  0.0294  0.0293
  0.0297  0.0296  0.0297  0.0295  0.0296  0.0296  0.0296  0.0296  0.0295  0.0294  0.0294  0.0295
  0.0305  0.0300  0.0302  0.0300  0.0303  0.0302  0.0304  0.0305  0.0300  0.0297  0.0296  0.0300
  0.0319  0.0308  0.0309  0.0308  0.0314  0.0312  0.0315  0.0321  0.0308  0.0304  0.0299  0.0306
niter,ni,del,rscale     3    3    5.0000    1.2000
parameters
   -0.2881    6.4282   -3.3433   -0.3216  -11.5833   -9.8087
    1.9500   -0.7819    0.4350   28.0136   -3.6723  -32.9841
eta,q 0.97071  8.43026
  0.0318  0.0313  0.0301  0.0307  0.0309  0.0308  0.0314  0.0320  0.0309  0.0309  0.0297  0.0301
  0.0305  0.0302  0.0296  0.0301  0.0301  0.0299  0.0303  0.0305  0.0300  0.0300  0.0295  0.0296
  0.0297  0.0296  0.0294  0.0296  0.0295  0.0294  0.0295  0.0296  0.0295  0.0295  0.0293  0.0294
  0.0293  0.0293  0.0293  0.0293  0.0293  0.0293  0.0293  0.0293  0.0293  0.0293  0.0293  0.0293
  0.0296  0.0295  0.0296  0.0295  0.0295  0.0295  0.0296  0.0296  0.0294  0.0293  0.0294  0.0294
  0.0304  0.0300  0.0300  0.0299  0.0302  0.0301  0.0303  0.0304  0.0299  0.0297  0.0295  0.0298
  0.0317  0.0308  0.0307  0.0307  0.0313  0.0312  0.0314  0.0319  0.0307  0.0304  0.0298  0.0304
niter,ni,del,rscale     2    3    5.0000    1.2000
parameters
   -0.2747    6.5779   -3.6144   -0.2663  -11.9165  -10.1709
    1.9244   -0.7658    0.6084   28.6055   -3.8349  -33.3863
eta,q 0.97073  8.41998
  0.0317  0.0312  0.0301  0.0307  0.0308  0.0307  0.0313  0.0320  0.0308  0.0308  0.0297  0.0301
  0.0304  0.0302  0.0296  0.0300  0.0300  0.0299  0.0302  0.0304  0.0300  0.0299  0.0294  0.0296
  0.0296  0.0295  0.0293  0.0295  0.0295  0.0294  0.0295  0.0295  0.0294  0.0295  0.0293  0.0294
  0.0293  0.0293  0.0293  0.0293  0.0293  0.0293  0.0293  0.0293  0.0293  0.0293  0.0293  0.0293
  0.0295  0.0294  0.0295  0.0294  0.0295  0.0295  0.0295  0.0296  0.0294  0.0293  0.0293  0.0294
  0.0304  0.0300  0.0299  0.0299  0.0301  0.0301  0.0303  0.0304  0.0299  0.0297  0.0295  0.0297
  0.0317  0.0308  0.0306  0.0307  0.0312  0.0311  0.0313  0.0319  0.0306  0.0304  0.0297  0.0303
niter,ni,del,rscale     1    3    5.0000    1.2000
parameters
   -0.2731    6.7270   -3.8565   -0.2570  -12.2730  -10.5673
    1.8955   -0.7662    0.7127   29.1982   -3.8629  -33.6471
eta,q 0.97075  8.40386
  0.0317  0.0312  0.0301  0.0306  0.0308  0.0307  0.0313  0.0319  0.0307  0.0307  0.0297  0.0300
  0.0304  0.0301  0.0296  0.0300  0.0300  0.0299  0.0302  0.0304  0.0299  0.0299  0.0294  0.0296
  0.0296  0.0295  0.0293  0.0295  0.0295  0.0294  0.0295  0.0295  0.0294  0.0295  0.0293  0.0294
  0.0293  0.0293  0.0293  0.0293  0.0293  0.0293  0.0293  0.0293  0.0293  0.0293  0.0293  0.0292
  0.0295  0.0294  0.0295  0.0294  0.0295  0.0295  0.0295  0.0295  0.0294  0.0293  0.0293  0.0294
  0.0303  0.0299  0.0299  0.0299  0.0301  0.0300  0.0302  0.0304  0.0299  0.0297  0.0294  0.0297
  0.0317  0.0307  0.0305  0.0307  0.0311  0.0311  0.0313  0.0319  0.0306  0.0303  0.0297  0.0302
registration optimization eta report
parameter search radius
    2.4000    2.4000    2.4000    7.2000    8.2800    7.2000
    7.2000    7.2000    7.2000    7.2000    7.2000    7.2000
100000*second partial in parameter space
       42.       29.       18.        3.        2.        3.
        4.        5.        3.        2.        1.        2.
  0.0317  0.0312  0.0301  0.0306  0.0308  0.0307  0.0313  0.0319  0.0307  0.0307  0.0297  0.0300
  0.0304  0.0301  0.0296  0.0300  0.0300  0.0299  0.0302  0.0304  0.0299  0.0299  0.0294  0.0296
  0.0296  0.0295  0.0293  0.0295  0.0295  0.0294  0.0295  0.0295  0.0294  0.0295  0.0293  0.0294
  0.0293  0.0293  0.0293  0.0293  0.0293  0.0293  0.0293  0.0293  0.0293  0.0293  0.0293  0.0292
  0.0295  0.0294  0.0295  0.0294  0.0295  0.0295  0.0295  0.0295  0.0294  0.0293  0.0293  0.0294
  0.0303  0.0299  0.0299  0.0299  0.0301  0.0300  0.0302  0.0304  0.0299  0.0297  0.0294  0.0297
  0.0317  0.0307  0.0305  0.0307  0.0311  0.0311  0.0313  0.0319  0.0306  0.0303  0.0297  0.0302
   -0.2731    6.7270   -3.8565   -0.2570  -12.2730  -10.5673
    1.8955   -0.7662    0.7127   29.1982   -3.8629  -33.6471
eta,q 0.97075  8.40386

---------------------------------------------------------------------
imgreg_4dfp /opt/freesurfer/average/711-2C_as_mni_average_305 /opt/freesurfer/average/711-2B_as_mni_average_305_mask talsrcimg_g11 none talsrcimg_to_711-2C_as_mni_average_305_t4 2311
---------------------------------------------------------------------

freesurfer imgreg_4dfp.c
/opt/freesurfer/average/711-2C_as_mni_average_305.4dfp.img
       256       256       256         1
  1.000000  1.000000  1.000000
orientation T byte_order littleendian
Reading image: /opt/freesurfer/average/711-2C_as_mni_average_305.4dfp.img
dimensions:      256       256       256
mmppix:       1.0000   -1.0000   -1.0000
center:     128.0000 -129.0000 -129.0000
/opt/freesurfer/average/711-2B_as_mni_average_305_mask.4dfp.img
       256       256       256         1
  1.000000  1.000000  1.000000
orientation T byte_order littleendian
Reading mask: /opt/freesurfer/average/711-2B_as_mni_average_305_mask.4dfp.img (2306576 pixels)
talsrcimg_g11.4dfp.img
       256       256       256         1
  1.000000  1.000000  1.000000
orientation T byte_order littleendian
Reading image: talsrcimg_g11.4dfp.img
dimensions:      256       256       256
mmppix:       1.0000   -1.0000   -1.0000
center:     128.0000 -129.0000 -129.0000
fimgreg.f
image alignment mode   2311 decimal      907 hex
parameters
   -0.2731    6.7270   -3.8565   -0.2569  -12.2730  -10.5673
    1.8955   -0.7662    0.7127   29.1982   -3.8629  -33.6471
eta,q 0.97075  8.40386
niter,ni,del,rscale     5    3    5.0000    0.8000
parameters
   -0.2620    6.8419   -4.0981   -0.0185  -12.3700  -10.8096
    1.8781   -0.7680    0.7831   29.7521   -3.7178  -33.7909
eta,q 0.97076  8.41251
  0.0304  0.0301  0.0296  0.0300  0.0298  0.0298  0.0302  0.0304  0.0299  0.0299  0.0294  0.0296
  0.0298  0.0297  0.0294  0.0297  0.0295  0.0295  0.0297  0.0297  0.0295  0.0296  0.0293  0.0294
  0.0294  0.0294  0.0293  0.0294  0.0293  0.0293  0.0293  0.0294  0.0293  0.0293  0.0293  0.0293
  0.0293  0.0293  0.0293  0.0292  0.0292  0.0292  0.0292  0.0292  0.0292  0.0292  0.0292  0.0292
  0.0294  0.0293  0.0293  0.0293  0.0293  0.0293  0.0294  0.0294  0.0293  0.0293  0.0292  0.0293
  0.0297  0.0295  0.0295  0.0296  0.0295  0.0296  0.0297  0.0297  0.0295  0.0294  0.0293  0.0294
  0.0303  0.0299  0.0298  0.0299  0.0298  0.0300  0.0302  0.0304  0.0298  0.0297  0.0294  0.0296
niter,ni,del,rscale     4    3    5.0000    0.7000
parameters
   -0.2725    6.9411   -4.3152    0.0497  -12.6728  -11.2095
    1.8736   -0.7907    0.7987   30.2711   -3.5313  -33.8765
eta,q 0.97078  8.39796
  0.0301  0.0299  0.0295  0.0298  0.0296  0.0296  0.0299  0.0301  0.0297  0.0297  0.0294  0.0295
  0.0296  0.0295  0.0293  0.0295  0.0294  0.0294  0.0295  0.0296  0.0294  0.0295  0.0293  0.0293
  0.0293  0.0293  0.0292  0.0293  0.0293  0.0292  0.0293  0.0293  0.0293  0.0293  0.0292  0.0293
  0.0292  0.0292  0.0292  0.0292  0.0292  0.0292  0.0292  0.0292  0.0292  0.0292  0.0292  0.0292
  0.0293  0.0293  0.0293  0.0293  0.0293  0.0293  0.0293  0.0293  0.0293  0.0292  0.0292  0.0292
  0.0296  0.0294  0.0295  0.0295  0.0295  0.0295  0.0295  0.0296  0.0294  0.0293  0.0293  0.0293
  0.0301  0.0297  0.0297  0.0298  0.0297  0.0298  0.0299  0.0301  0.0297  0.0295  0.0293  0.0295
niter,ni,del,rscale     3    3    5.0000    0.6000
parameters
   -0.2949    7.1039   -4.5708    0.0722  -13.2213  -11.8788
    1.8841   -0.8111    0.7083   31.0482   -3.0193  -33.7927
eta,q 0.97083  8.36389
  0.0298  0.0297  0.0294  0.0297  0.0294  0.0294  0.0297  0.0298  0.0295  0.0296  0.0293  0.0294
  0.0295  0.0295  0.0293  0.0294  0.0293  0.0293  0.0294  0.0295  0.0293  0.0294  0.0292  0.0293
  0.0293  0.0293  0.0292  0.0293  0.0292  0.0292  0.0292  0.0293  0.0292  0.0293  0.0292  0.0292
  0.0292  0.0292  0.0292  0.0292  0.0292  0.0292  0.0292  0.0292  0.0292  0.0292  0.0292  0.0292
  0.0293  0.0292  0.0293  0.0293  0.0293  0.0293  0.0292  0.0293  0.0292  0.0292  0.0292  0.0292
  0.0295  0.0293  0.0294  0.0294  0.0294  0.0294  0.0294  0.0295  0.0294  0.0292  0.0292  0.0292
  0.0299  0.0295  0.0296  0.0297  0.0296  0.0297  0.0297  0.0298  0.0296  0.0293  0.0293  0.0294
niter,ni,del,rscale     2    3    5.0000    0.5000
parameters
   -0.3416    7.4021   -4.9785    0.0590  -14.2703  -13.0304
    2.0107   -0.8717    0.4638   32.3001   -2.2203  -33.5854
eta,q 0.97099  8.29897
  0.0296  0.0296  0.0292  0.0294  0.0292  0.0292  0.0294  0.0295  0.0293  0.0294  0.0291  0.0292
  0.0293  0.0294  0.0291  0.0293  0.0291  0.0291  0.0292  0.0292  0.0291  0.0292  0.0291  0.0291
  0.0292  0.0293  0.0291  0.0292  0.0291  0.0291  0.0291  0.0291  0.0291  0.0291  0.0290  0.0290
  0.0292  0.0292  0.0291  0.0291  0.0291  0.0291  0.0291  0.0291  0.0291  0.0291  0.0290  0.0290
  0.0292  0.0292  0.0292  0.0292  0.0292  0.0292  0.0291  0.0291  0.0291  0.0290  0.0290  0.0290
  0.0294  0.0292  0.0293  0.0293  0.0293  0.0294  0.0292  0.0293  0.0292  0.0290  0.0290  0.0290
  0.0296  0.0293  0.0295  0.0295  0.0295  0.0296  0.0294  0.0295  0.0294  0.0291  0.0291  0.0291
niter,ni,del,rscale     1    3    5.0000    0.4000
parameter  2 -0.557965 -> -0.500000 qaram    1.1500
parameter  3  0.822988 ->  0.500000 qaram    1.1500
parameter  5  0.670263 ->  0.500000 qaram    1.1500
parameters
   -0.4333    7.8621   -5.4385   -0.0775  -15.6503  -14.0819
    2.3020   -1.0086    0.3714   33.1485   -2.1219  -33.4099
eta,q 0.97124  8.21348
  0.0292  0.0294  0.0289  0.0291  0.0288  0.0288  0.0291  0.0290  0.0289  0.0290  0.0288  0.0289
  0.0291  0.0292  0.0289  0.0290  0.0288  0.0288  0.0289  0.0289  0.0289  0.0289  0.0288  0.0288
  0.0290  0.0291  0.0289  0.0289  0.0288  0.0288  0.0288  0.0288  0.0288  0.0288  0.0288  0.0288
  0.0290  0.0290  0.0289  0.0289  0.0289  0.0288  0.0288  0.0288  0.0288  0.0288  0.0288  0.0288
  0.0291  0.0290  0.0290  0.0289  0.0289  0.0289  0.0288  0.0288  0.0288  0.0288  0.0288  0.0288
  0.0292  0.0289  0.0291  0.0290  0.0290  0.0290  0.0288  0.0289  0.0289  0.0288  0.0288  0.0288
  0.0293  0.0290  0.0292  0.0291  0.0292  0.0292  0.0290  0.0291  0.0290  0.0288  0.0288  0.0288
niter,ni,del,rscale     3    3    5.0000    0.6000
parameters
   -0.5137    8.2280   -6.1073   -0.3768  -17.2114  -15.3547
    2.3725   -1.1197    0.4827   33.7286   -2.3308  -33.0231
eta,q 0.97143  8.10234
  0.0293  0.0296  0.0287  0.0290  0.0287  0.0287  0.0291  0.0292  0.0290  0.0291  0.0287  0.0288
  0.0290  0.0292  0.0287  0.0288  0.0286  0.0286  0.0288  0.0288  0.0288  0.0288  0.0286  0.0287
  0.0288  0.0289  0.0287  0.0287  0.0286  0.0286  0.0286  0.0287  0.0286  0.0286  0.0286  0.0286
  0.0288  0.0288  0.0287  0.0287  0.0287  0.0286  0.0286  0.0286  0.0286  0.0286  0.0286  0.0286
  0.0289  0.0287  0.0289  0.0287  0.0288  0.0288  0.0286  0.0287  0.0286  0.0286  0.0286  0.0286
  0.0291  0.0288  0.0291  0.0289  0.0290  0.0290  0.0288  0.0289  0.0287  0.0287  0.0286  0.0286
  0.0294  0.0290  0.0293  0.0291  0.0292  0.0294  0.0290  0.0292  0.0289  0.0288  0.0287  0.0287
niter,ni,del,rscale     2    3    5.0000    0.5000
parameters
   -0.5376    8.6734   -6.6372   -0.5365  -18.5191  -16.4065
    2.2028   -1.0327    0.5211   33.9596   -2.3612  -32.3096
eta,q 0.97158  8.00563
  0.0289  0.0292  0.0285  0.0287  0.0286  0.0285  0.0287  0.0289  0.0287  0.0288  0.0285  0.0286
  0.0287  0.0289  0.0285  0.0286  0.0285  0.0284  0.0285  0.0286  0.0285  0.0286  0.0285  0.0285
  0.0286  0.0287  0.0285  0.0285  0.0285  0.0284  0.0285  0.0285  0.0285  0.0285  0.0284  0.0285
  0.0286  0.0286  0.0285  0.0285  0.0285  0.0285  0.0284  0.0284  0.0284  0.0284  0.0284  0.0284
  0.0286  0.0285  0.0286  0.0285  0.0286  0.0285  0.0285  0.0285  0.0285  0.0285  0.0284  0.0284
  0.0288  0.0286  0.0287  0.0286  0.0287  0.0287  0.0286  0.0286  0.0285  0.0285  0.0285  0.0284
  0.0290  0.0287  0.0289  0.0288  0.0289  0.0289  0.0288  0.0288  0.0287  0.0287  0.0285  0.0285
niter,ni,del,rscale     1    3    5.0000    0.4000
parameters
   -0.4531    9.0247   -7.0118   -0.6395  -19.1450  -17.2895
    1.9230   -0.8868    0.4002   34.0273   -2.4308  -32.0226
eta,q 0.97167  7.94723
  0.0287  0.0288  0.0284  0.0285  0.0285  0.0284  0.0285  0.0286  0.0285  0.0286  0.0284  0.0284
  0.0286  0.0286  0.0284  0.0284  0.0284  0.0283  0.0284  0.0285  0.0284  0.0284  0.0283  0.0284
  0.0285  0.0285  0.0284  0.0284  0.0284  0.0283  0.0283  0.0284  0.0283  0.0284  0.0283  0.0283
  0.0284  0.0284  0.0284  0.0284  0.0284  0.0284  0.0283  0.0283  0.0283  0.0283  0.0283  0.0283
  0.0284  0.0284  0.0284  0.0284  0.0284  0.0284  0.0284  0.0283  0.0284  0.0284  0.0283  0.0283
  0.0285  0.0284  0.0285  0.0284  0.0285  0.0285  0.0284  0.0284  0.0284  0.0284  0.0284  0.0284
  0.0286  0.0285  0.0286  0.0285  0.0286  0.0286  0.0286  0.0286  0.0285  0.0285  0.0284  0.0284
registration optimization eta report
parameter search radius
    0.8000    0.9200    0.9200    2.4000    2.7600    2.4000
    2.4000    2.4000    2.4000    2.4000    2.4000    2.4000
100000*second partial in parameter space
       33.       27.       14.        2.        2.        3.
        3.        4.        3.        4.        1.        1.
  0.0287  0.0288  0.0284  0.0285  0.0285  0.0284  0.0285  0.0286  0.0285  0.0286  0.0284  0.0284
  0.0286  0.0286  0.0284  0.0284  0.0284  0.0283  0.0284  0.0285  0.0284  0.0284  0.0283  0.0284
  0.0285  0.0285  0.0284  0.0284  0.0284  0.0283  0.0283  0.0284  0.0283  0.0284  0.0283  0.0283
  0.0284  0.0284  0.0284  0.0284  0.0284  0.0284  0.0283  0.0283  0.0283  0.0283  0.0283  0.0283
  0.0284  0.0284  0.0284  0.0284  0.0284  0.0284  0.0284  0.0283  0.0284  0.0284  0.0283  0.0283
  0.0285  0.0284  0.0285  0.0284  0.0285  0.0285  0.0284  0.0284  0.0284  0.0284  0.0284  0.0284
  0.0286  0.0285  0.0286  0.0285  0.0286  0.0286  0.0286  0.0286  0.0285  0.0285  0.0284  0.0284
   -0.4531    9.0247   -7.0118   -0.6395  -19.1450  -17.2895
    1.9230   -0.8868    0.4002   34.0273   -2.4308  -32.0226
eta,q 0.97167  7.94723

---------------------------------------------------------------------
imgreg_4dfp /opt/freesurfer/average/711-2C_as_mni_average_305 /opt/freesurfer/average/711-2B_as_mni_average_305_mask talsrcimg_g11 none talsrcimg_to_711-2C_as_mni_average_305_t4 2311
---------------------------------------------------------------------

freesurfer imgreg_4dfp.c
/opt/freesurfer/average/711-2C_as_mni_average_305.4dfp.img
       256       256       256         1
  1.000000  1.000000  1.000000
orientation T byte_order littleendian
Reading image: /opt/freesurfer/average/711-2C_as_mni_average_305.4dfp.img
dimensions:      256       256       256
mmppix:       1.0000   -1.0000   -1.0000
center:     128.0000 -129.0000 -129.0000
/opt/freesurfer/average/711-2B_as_mni_average_305_mask.4dfp.img
       256       256       256         1
  1.000000  1.000000  1.000000
orientation T byte_order littleendian
Reading mask: /opt/freesurfer/average/711-2B_as_mni_average_305_mask.4dfp.img (2306576 pixels)
talsrcimg_g11.4dfp.img
       256       256       256         1
  1.000000  1.000000  1.000000
orientation T byte_order littleendian
Reading image: talsrcimg_g11.4dfp.img
dimensions:      256       256       256
mmppix:       1.0000   -1.0000   -1.0000
center:     128.0000 -129.0000 -129.0000
fimgreg.f
image alignment mode   2311 decimal      907 hex
parameters
   -0.4531    9.0247   -7.0118   -0.6395  -19.1450  -17.2895
    1.9230   -0.8868    0.4002   34.0273   -2.4308  -32.0226
eta,q 0.97167  7.94723
niter,ni,del,rscale     5    3    5.0000    0.8000
parameters
   -0.3368    9.2143   -7.2906   -1.5739  -19.2106  -18.0109
    1.7096   -0.7240    0.2407   34.4261   -2.5612  -32.1059
eta,q 0.97169  7.89497
  0.0293  0.0292  0.0285  0.0285  0.0289  0.0288  0.0290  0.0294  0.0289  0.0293  0.0285  0.0286
  0.0288  0.0287  0.0284  0.0284  0.0286  0.0285  0.0286  0.0288  0.0286  0.0287  0.0284  0.0284
  0.0285  0.0285  0.0283  0.0284  0.0284  0.0283  0.0284  0.0284  0.0284  0.0284  0.0283  0.0283
  0.0283  0.0283  0.0283  0.0283  0.0283  0.0283  0.0283  0.0283  0.0283  0.0283  0.0283  0.0283
  0.0284  0.0284  0.0284  0.0284  0.0284  0.0285  0.0284  0.0284  0.0284  0.0284  0.0283  0.0283
  0.0286  0.0285  0.0286  0.0286  0.0286  0.0287  0.0287  0.0287  0.0286  0.0286  0.0284  0.0285
  0.0290  0.0288  0.0288  0.0289  0.0289  0.0292  0.0291  0.0292  0.0290  0.0290  0.0285  0.0286
niter,ni,del,rscale     4    3    5.0000    0.7000
parameters
   -0.2210    9.3592   -7.5180   -1.7704  -19.3695  -18.4058
    1.4766   -0.5398    0.1902   34.5202   -2.5040  -32.1996
eta,q 0.97171  7.87228
  0.0290  0.0289  0.0285  0.0285  0.0287  0.0287  0.0288  0.0291  0.0288  0.0290  0.0284  0.0285
  0.0286  0.0286  0.0284  0.0284  0.0285  0.0284  0.0285  0.0287  0.0285  0.0286  0.0284  0.0284
  0.0284  0.0284  0.0283  0.0283  0.0283  0.0283  0.0283  0.0284  0.0283  0.0283  0.0283  0.0283
  0.0283  0.0283  0.0283  0.0283  0.0283  0.0283  0.0283  0.0283  0.0283  0.0283  0.0283  0.0283
  0.0283  0.0283  0.0284  0.0283  0.0284  0.0284  0.0284  0.0284  0.0284  0.0284  0.0283  0.0283
  0.0285  0.0285  0.0285  0.0284  0.0285  0.0286  0.0286  0.0286  0.0285  0.0286  0.0284  0.0284
  0.0288  0.0287  0.0286  0.0286  0.0288  0.0289  0.0289  0.0290  0.0288  0.0289  0.0284  0.0286
niter,ni,del,rscale     3    3    5.0000    0.6000
parameters
   -0.1281    9.4219   -7.6722   -1.7062  -19.4594  -18.6379
    1.3147   -0.4237    0.1694   34.5333   -2.4612  -32.2621
eta,q 0.97172  7.86571
  0.0288  0.0287  0.0284  0.0285  0.0286  0.0286  0.0287  0.0289  0.0286  0.0288  0.0284  0.0285
  0.0285  0.0285  0.0283  0.0284  0.0284  0.0284  0.0284  0.0285  0.0284  0.0285  0.0283  0.0284
  0.0284  0.0283  0.0283  0.0283  0.0283  0.0283  0.0283  0.0284  0.0283  0.0283  0.0283  0.0283
  0.0283  0.0283  0.0283  0.0283  0.0283  0.0283  0.0283  0.0283  0.0283  0.0283  0.0283  0.0283
  0.0283  0.0283  0.0283  0.0283  0.0283  0.0283  0.0283  0.0283  0.0283  0.0284  0.0283  0.0283
  0.0284  0.0284  0.0284  0.0283  0.0285  0.0285  0.0285  0.0285  0.0284  0.0285  0.0283  0.0284
  0.0286  0.0286  0.0285  0.0285  0.0287  0.0287  0.0287  0.0288  0.0286  0.0287  0.0284  0.0285
niter,ni,del,rscale     2    3    5.0000    0.5000
parameters
   -0.0699    9.4263   -7.7637   -1.5336  -19.4710  -18.7605
    1.2188   -0.3536    0.1668   34.4870   -2.4229  -32.3104
eta,q 0.97173  7.86832
  0.0286  0.0285  0.0284  0.0284  0.0285  0.0285  0.0285  0.0287  0.0285  0.0286  0.0284  0.0284
  0.0284  0.0284  0.0283  0.0284  0.0284  0.0284  0.0284  0.0285  0.0284  0.0284  0.0283  0.0283
  0.0283  0.0283  0.0283  0.0283  0.0283  0.0283  0.0283  0.0283  0.0283  0.0283  0.0283  0.0283
  0.0283  0.0283  0.0283  0.0283  0.0283  0.0283  0.0283  0.0283  0.0283  0.0283  0.0283  0.0283
  0.0283  0.0283  0.0283  0.0283  0.0283  0.0283  0.0283  0.0283  0.0283  0.0283  0.0283  0.0283
  0.0284  0.0284  0.0284  0.0283  0.0284  0.0284  0.0284  0.0284  0.0284  0.0284  0.0283  0.0283
  0.0285  0.0285  0.0284  0.0284  0.0285  0.0285  0.0286  0.0286  0.0285  0.0286  0.0284  0.0284
niter,ni,del,rscale     1    3    5.0000    0.4000
parameters
   -0.0311    9.4182   -7.8263   -1.3429  -19.4904  -18.8194
    1.1748   -0.3042    0.1822   34.4502   -2.3990  -32.3754
eta,q 0.97174  7.87356
  0.0285  0.0284  0.0283  0.0284  0.0284  0.0284  0.0284  0.0285  0.0284  0.0285  0.0283  0.0283
  0.0284  0.0283  0.0283  0.0283  0.0283  0.0283  0.0283  0.0284  0.0283  0.0284  0.0283  0.0283
  0.0283  0.0283  0.0283  0.0283  0.0283  0.0283  0.0283  0.0283  0.0283  0.0283  0.0283  0.0283
  0.0283  0.0283  0.0283  0.0283  0.0283  0.0283  0.0283  0.0283  0.0283  0.0283  0.0283  0.0283
  0.0283  0.0283  0.0283  0.0283  0.0283  0.0283  0.0283  0.0283  0.0283  0.0283  0.0283  0.0283
  0.0283  0.0283  0.0283  0.0283  0.0283  0.0283  0.0284  0.0284  0.0283  0.0284  0.0283  0.0283
  0.0284  0.0284  0.0284  0.0284  0.0284  0.0284  0.0285  0.0285  0.0284  0.0285  0.0283  0.0284
registration optimization eta report
parameter search radius
    0.8000    0.8000    0.8000    2.4000    2.4000    2.4000
    2.4000    2.4000    2.4000    2.4000    2.4000    2.4000
100000*second partial in parameter space
       30.       25.       14.        2.        3.        3.
        3.        4.        3.        4.        1.        2.
  0.0285  0.0284  0.0283  0.0284  0.0284  0.0284  0.0284  0.0285  0.0284  0.0285  0.0283  0.0283
  0.0284  0.0283  0.0283  0.0283  0.0283  0.0283  0.0283  0.0284  0.0283  0.0284  0.0283  0.0283
  0.0283  0.0283  0.0283  0.0283  0.0283  0.0283  0.0283  0.0283  0.0283  0.0283  0.0283  0.0283
  0.0283  0.0283  0.0283  0.0283  0.0283  0.0283  0.0283  0.0283  0.0283  0.0283  0.0283  0.0283
  0.0283  0.0283  0.0283  0.0283  0.0283  0.0283  0.0283  0.0283  0.0283  0.0283  0.0283  0.0283
  0.0283  0.0283  0.0283  0.0283  0.0283  0.0283  0.0284  0.0284  0.0283  0.0284  0.0283  0.0283
  0.0284  0.0284  0.0284  0.0284  0.0284  0.0284  0.0285  0.0285  0.0284  0.0285  0.0283  0.0284
   -0.0311    9.4182   -7.8263   -1.3429  -19.4904  -18.8194
    1.1748   -0.3042    0.1822   34.4502   -2.3990  -32.3754
eta,q 0.97174  7.87356

---------------------------------------------------------------------
compute_vox2vox talsrcimg talsrcimg_to_711-2C_as_mni_average_305_t4 /opt/freesurfer/average/711-2C_as_mni_average_305
---------------------------------------------------------------------

freesurfer compute_vox2vox.c
Reading: talsrcimg.4dfp.ifh
Reading: talsrcimg_to_711-2C_as_mni_average_305_t4
Reading: /opt/freesurfer/average/711-2C_as_mni_average_305.4dfp.ifh
Writing: talsrcimg_to_711-2C_as_mni_average_305_t4_vox2vox.txt

start time Wed Mar 11 13:21:14 CET 2026
end		time Wed Mar 11 13:21:27 CET 2026

mpr2mni305 success

avi2talxfm orig_nu.mgz /opt/freesurfer/average/mni305.cor.mgz talsrcimg_to_711-2C_as_mni_average_305_t4_vox2vox.txt transforms/talairach.auto.xfm
avi2talxfm done
mv -f /out/sourcedata/freesurfer/sub-v2s17x50050_ses-1/mri/talsrcimg_to_711-2C_as_mni_average_305_t4_vox2vox.txt /out/sourcedata/freesurfer/sub-v2s17x50050_ses-1/mri/transforms/talsrcimg_to_711-2C_as_mni_average_305_t4_vox2vox.txt
lta_convert --src orig_nu.mgz --trg /opt/freesurfer/average/mni305.cor.mgz --inxfm transforms/talairach.auto.xfm --outlta transforms/talairach.auto.xfm.lta --subject fsaverage
7.3.2

--src: orig_nu.mgz src image (geometry).
--trg: /opt/freesurfer/average/mni305.cor.mgz trg image (geometry).
--inmni: transforms/talairach.auto.xfm input MNI/XFM transform.
--outlta: transforms/talairach.auto.xfm.lta output LTA.
--s: fsaverage subject name
 LTA read, type : 1
 1.01384   0.00861  -0.01133   1.09185;
 0.02481   1.05246   0.42287   5.23756;
-0.01291  -0.45037   1.06117  -8.45708;
 0.00000   0.00000   0.00000   1.00000;
setting subject to fsaverage
Writing  LTA to file transforms/talairach.auto.xfm.lta...
lta_convert successful.
 
 
Started at Wed Mar 11 13:21:13 CET 2026
Ended   at Wed Mar 11 13:21:28 CET 2026
talairach_avi done
