/out/sourcedata/freesurfer/sub-v2s17x50035_ses-1/mri
/opt/freesurfer/bin/talairach_avi
--i orig_nu.mgz --xfm transforms/talairach.auto.xfm
talairach_avi 7.3.2
Linux dna012 5.14.0-427.37.1.el9_4.x86_64 #1 SMP PREEMPT_DYNAMIC Fri Sep 13 12:41:50 EDT 2024 x86_64 x86_64 x86_64 GNU/Linux
Wed Mar 11 13:18:08 CET 2026
mri_convert orig_nu.mgz talsrcimg.img 
reading from orig_nu.mgz...
TR=0.00, TE=0.00, TI=0.00, flip angle=0.00
i_ras = (-1, 0, 0)
j_ras = (0, 0, -1)
k_ras = (0, 1, 0)
writing to talsrcimg.img...
Analyze Output Matrix
-1.00000   0.00000   0.00000   131.70416;
 0.00000   0.00000   1.00000  -174.54309;
 0.00000  -1.00000   0.00000   165.45767;
 0.00000   0.00000   0.00000   1.00000;
--------------------
INFO: set hdr.hist.orient to -1
mpr2mni305 talsrcimg
Wed Mar 11 13:18:08 CET 2026
/opt/freesurfer/bin/mpr2mni305 talsrcimg
mpr2mni305 7.3.2
target=711-2C_as_mni_average_305

---------------------------------------------------------------------
analyzeto4dfp talsrcimg -O0 -y
---------------------------------------------------------------------

freesurfer ifh2hdr.c
Wed Mar 11 13:18:08 2026
Writing: talsrcimg.4dfp.hdr
freesurfer analyzeto4dfp.c
Reading: talsrcimg.hdr
header size 348 bytes
hdr.dime.datatype	offset=70	value=2
hdr.dime.bitpix		offset=72	value=8
hdr.hist.orient		offset=252	value=-1
dimensionality     4
dimensions       256       256       256         1
Reading: talsrcimg.img
Writing: talsrcimg.4dfp.img
Writing: talsrcimg.4dfp.ifh
ifh2hdr talsrcimg -r0to220
ori=2

---------------------------------------------------------------------
gauss_4dfp talsrcimg 1.1
---------------------------------------------------------------------

freesurfer gauss_4dfp.c
Reading: talsrcimg.4dfp.img
Writing: talsrcimg_g11.4dfp.img
image dimensions 256 256 256 padded to 288 288 288
processing volume 1freesurfer ifh2hdr.c
Wed Mar 11 13:18:10 2026
Writing: talsrcimg_g11.4dfp.hdr

Writing: talsrcimg_g11.4dfp.ifh
including: talsrcimg.4dfp.img.rec in talsrcimg_g11.4dfp.img.rec

---------------------------------------------------------------------
imgreg_4dfp /opt/freesurfer/average/711-2C_as_mni_average_305 none talsrcimg_g11 none talsrcimg_to_711-2C_as_mni_average_305_t4 4355
---------------------------------------------------------------------

freesurfer imgreg_4dfp.c
/opt/freesurfer/average/711-2C_as_mni_average_305.4dfp.img
       256       256       256         1
  1.000000  1.000000  1.000000
orientation T byte_order littleendian
Reading image: /opt/freesurfer/average/711-2C_as_mni_average_305.4dfp.img
dimensions:      256       256       256
mmppix:       1.0000   -1.0000   -1.0000
center:     128.0000 -129.0000 -129.0000
talsrcimg_g11.4dfp.img
       256       256       256         1
  1.000000  1.000000  1.000000
orientation T byte_order littleendian
Reading image: talsrcimg_g11.4dfp.img
dimensions:      256       256       256
mmppix:       1.0000   -1.0000   -1.0000
center:     128.0000 -129.0000 -129.0000
t4_read: open error in t4_sub.f l:  41 t4_file(1:l)talsrcimg_to_711-2C_as_mni_average_305_t4 
t4_read: transform initialized to I4
rotation matrix determinant  1.000000
image alignment mode   4355 decimal     1103 hex
   -7.5000  -45.0000  -45.0000 8411.1035   12.8762
    0.0000  -45.0000  -45.0000 8738.8398   12.8803
    7.5000  -45.0000  -45.0000 8353.9111   12.8728
   -7.5000  -37.5000  -45.0000 8872.6338   12.7839
    0.0000  -37.5000  -45.0000 9222.7158   12.7895
    7.5000  -37.5000  -45.0000 8819.2148   12.7852
   -7.5000  -30.0000  -45.0000 9662.6885   12.7172
    0.0000  -30.0000  -45.000010042.4951   12.7242
    7.5000  -30.0000  -45.0000 9595.1016   12.7229
   -7.5000  -22.5000  -45.000010354.5469   12.6481
    0.0000  -22.5000  -45.000010765.4863   12.6545
    7.5000  -22.5000  -45.000010257.4170   12.6526
   -7.5000  -15.0000  -45.000010977.5381   12.5895
    0.0000  -15.0000  -45.000011422.0615   12.5948
    7.5000  -15.0000  -45.000010859.0205   12.5901
   -7.5000   -7.5000  -45.000011497.7559   12.5530
    0.0000   -7.5000  -45.000011973.7705   12.5579
    7.5000   -7.5000  -45.000011355.7070   12.5502
   -7.5000    0.0000  -45.000011892.7393   12.5297
    0.0000    0.0000  -45.000012392.0703   12.5350
    7.5000    0.0000  -45.000011741.2734   12.5265
   -7.5000    7.5000  -45.000011399.0342   12.5424
    0.0000    7.5000  -45.000011851.5312   12.5488
    7.5000    7.5000  -45.000011230.9033   12.5434
   -7.5000   15.0000  -45.000010761.7979   12.5598
    0.0000   15.0000  -45.000011207.4160   12.5670
    7.5000   15.0000  -45.000010624.1611   12.5643
   -7.5000   22.5000  -45.000010057.8086   12.7024
    0.0000   22.5000  -45.000010491.0664   12.7100
    7.5000   22.5000  -45.0000 9962.6797   12.7070
   -7.5000   30.0000  -45.0000 9385.2842   12.7307
    0.0000   30.0000  -45.0000 9791.4414   12.7352
    7.5000   30.0000  -45.0000 9301.1777   12.7274
   -7.5000   37.5000  -45.0000 9095.8174   12.9368
    0.0000   37.5000  -45.0000 9483.1660   12.9405
    7.5000   37.5000  -45.0000 9004.8359   12.9293
   -7.5000   45.0000  -45.0000 8438.6729   12.8852
    0.0000   45.0000  -45.0000 8790.0537   12.8906
    7.5000   45.0000  -45.0000 8348.3809   12.8818
   -7.5000  -45.0000  -37.5000 9015.4385   12.7873
    0.0000  -45.0000  -37.5000 9373.5615   12.7915
    7.5000  -45.0000  -37.5000 8957.3809   12.7881
   -7.5000  -37.5000  -37.5000 9533.9951   12.6920
    0.0000  -37.5000  -37.5000 9921.7305   12.6977
    7.5000  -37.5000  -37.5000 9464.3994   12.6975
   -7.5000  -30.0000  -37.500010397.6104   12.6254
    0.0000  -30.0000  -37.500010823.1562   12.6327
    7.5000  -30.0000  -37.500010310.2168   12.6351
   -7.5000  -22.5000  -37.500011167.6045   12.5584
    0.0000  -22.5000  -37.500011614.5000   12.5658
    7.5000  -22.5000  -37.500011033.1865   12.5671
   -7.5000  -15.0000  -37.500011809.8848   12.5012
    0.0000  -15.0000  -37.500012289.0723   12.5077
    7.5000  -15.0000  -37.500011666.6152   12.5058
   -7.5000   -7.5000  -37.500012349.4463   12.4630
    0.0000   -7.5000  -37.500012854.4385   12.4686
    7.5000   -7.5000  -37.500012179.6553   12.4639
   -7.5000    0.0000  -37.500012746.1143   12.4365
    0.0000    0.0000  -37.500013292.2051   12.4417
    7.5000    0.0000  -37.500012574.1758   12.4369
   -7.5000    7.5000  -37.500012171.6270   12.4466
    0.0000    7.5000  -37.500012670.3115   12.4530
    7.5000    7.5000  -37.500012002.3975   12.4514
   -7.5000   15.0000  -37.500011488.1641   12.4645
    0.0000   15.0000  -37.500011958.9551   12.4719
    7.5000   15.0000  -37.500011328.5752   12.4727
   -7.5000   22.5000  -37.500010749.5684   12.6072
    0.0000   22.5000  -37.500011193.2256   12.6156
    7.5000   22.5000  -37.500010607.8115   12.6158
   -7.5000   30.0000  -37.500010008.9814   12.6363
    0.0000   30.0000  -37.500010439.1162   12.6420
    7.5000   30.0000  -37.5000 9890.6553   12.6374
   -7.5000   37.5000  -37.5000 9645.2412   12.8389
    0.0000   37.5000  -37.500010071.9824   12.8434
    7.5000   37.5000  -37.5000 9552.6279   12.8352
   -7.5000   45.0000  -37.5000 8924.0518   12.7842
    0.0000   45.0000  -37.5000 9299.3047   12.7895
    7.5000   45.0000  -37.5000 8825.2373   12.7835
   -7.5000  -45.0000  -30.0000 9819.2637   13.2571
    0.0000  -45.0000  -30.000010207.5820   13.2610
    7.5000  -45.0000  -30.0000 9714.4033   13.2614
   -7.5000  -37.5000  -30.000010398.2021   13.1569
    0.0000  -37.5000  -30.000010822.3115   13.1618
    7.5000  -37.5000  -30.000010284.2080   13.1642
   -7.5000  -30.0000  -30.000011335.0215   13.0888
    0.0000  -30.0000  -30.000011802.6748   13.0950
    7.5000  -30.0000  -30.000011213.5654   13.0989
   -7.5000  -22.5000  -30.000012143.7344   13.0205
    0.0000  -22.5000  -30.000012660.1328   13.0269
    7.5000  -22.5000  -30.000011995.9326   13.0301
   -7.5000  -15.0000  -30.000012817.9326   12.9604
    0.0000  -15.0000  -30.000013344.4316   12.9662
    7.5000  -15.0000  -30.000012667.6064   12.9672
   -7.5000   -7.5000  -30.000013411.9775   12.9169
    0.0000   -7.5000  -30.000013965.4756   12.9219
    7.5000   -7.5000  -30.000013204.9268   12.9209
   -7.5000    0.0000  -30.000013851.8896   12.8854
    0.0000    0.0000  -30.000014422.3994   12.8903
    7.5000    0.0000  -30.000013613.5234   12.8890
   -7.5000    7.5000  -30.000013189.7939   12.8959
    0.0000    7.5000  -30.000013738.5879   12.9014
    7.5000    7.5000  -30.000012958.3096   12.9023
   -7.5000   15.0000  -30.000012381.7451   12.9174
    0.0000   15.0000  -30.000012914.9170   12.9236
    7.5000   15.0000  -30.000012179.8916   12.9259
   -7.5000   22.5000  -30.000011602.1484   13.0664
    0.0000   22.5000  -30.000012093.6875   13.0739
    7.5000   22.5000  -30.000011423.1348   13.0761
   -7.5000   30.0000  -30.000010789.6348   13.1020
    0.0000   30.0000  -30.000011244.2773   13.1072
    7.5000   30.0000  -30.000010641.8203   13.1064
   -7.5000   37.5000  -30.000010377.7725   13.3126
    0.0000   37.5000  -30.000010825.2764   13.3171
    7.5000   37.5000  -30.000010251.4600   13.3133
   -7.5000   45.0000  -30.0000 9570.0400   13.2622
    0.0000   45.0000  -30.0000 9972.3955   13.2674
    7.5000   45.0000  -30.0000 9446.1182   13.2654
   -7.5000  -45.0000  -22.500010614.0928   13.7018
    0.0000  -45.0000  -22.500011044.0732   13.7058
    7.5000  -45.0000  -22.500010471.9326   13.7051
   -7.5000  -37.5000  -22.500011244.7930   13.5959
    0.0000  -37.5000  -22.500011699.2266   13.6002
    7.5000  -37.5000  -22.500011098.3184   13.5998
   -7.5000  -30.0000  -22.500012223.5654   13.5243
    0.0000  -30.0000  -22.500012707.7285   13.5290
    7.5000  -30.0000  -22.500012070.9668   13.5296
   -7.5000  -22.5000  -22.500013072.6152   13.4535
    0.0000  -22.5000  -22.500013612.8760   13.4585
    7.5000  -22.5000  -22.500012915.3037   13.4597
   -7.5000  -15.0000  -22.500013797.9062   13.3905
    0.0000  -15.0000  -22.500014359.5732   13.3952
    7.5000  -15.0000  -22.500013631.9004   13.3958
   -7.5000   -7.5000  -22.500014436.8984   13.3426
    0.0000   -7.5000  -22.500015013.4492   13.3471
    7.5000   -7.5000  -22.500014205.0137   13.3461
   -7.5000    0.0000  -22.500014924.4482   13.3070
    0.0000    0.0000  -22.500015527.3916   13.3118
    7.5000    0.0000  -22.500014638.7207   13.3094
   -7.5000    7.5000  -22.500014176.1777   13.3176
    0.0000    7.5000  -22.500014783.1367   13.3224
    7.5000    7.5000  -22.500013906.0684   13.3205
   -7.5000   15.0000  -22.500013238.6758   13.3416
    0.0000   15.0000  -22.500013812.3916   13.3464
    7.5000   15.0000  -22.500013008.9766   13.3453
   -7.5000   22.5000  -22.500012402.2158   13.4967
    0.0000   22.5000  -22.500012943.8438   13.5029
    7.5000   22.5000  -22.500012199.2314   13.5034
   -7.5000   30.0000  -22.500011546.2881   13.5403
    0.0000   30.0000  -22.500012038.5889   13.5445
    7.5000   30.0000  -22.500011370.0010   13.5439
   -7.5000   37.5000  -22.500011080.0811   13.7590
    0.0000   37.5000  -22.500011561.3936   13.7631
    7.5000   37.5000  -22.500010930.4912   13.7605
   -7.5000   45.0000  -22.500010170.4453   13.7127
    0.0000   45.0000  -22.500010612.0273   13.7179
    7.5000   45.0000  -22.500010048.5117   13.7165
   -7.5000  -45.0000  -15.000011357.4482   14.0254
    0.0000  -45.0000  -15.000011831.5000   14.0296
    7.5000  -45.0000  -15.000011218.7070   14.0243
   -7.5000  -37.5000  -15.000012033.1113   13.9165
    0.0000  -37.5000  -15.000012523.5264   13.9210
    7.5000  -37.5000  -15.000011892.0439   13.9154
   -7.5000  -30.0000  -15.000013065.2646   13.8406
    0.0000  -30.0000  -15.000013581.4395   13.8454
    7.5000  -30.0000  -15.000012897.8965   13.8410
   -7.5000  -22.5000  -15.000014014.2910   13.7645
    0.0000  -22.5000  -15.000014571.6211   13.7691
    7.5000  -22.5000  -15.000013796.5127   13.7660
   -7.5000  -15.0000  -15.000014802.6123   13.6964
    0.0000  -15.0000  -15.000015392.7920   13.7007
    7.5000  -15.0000  -15.000014551.6611   13.6976
   -7.5000   -7.5000  -15.000015464.9580   13.6459
    0.0000   -7.5000  -15.000016075.8301   13.6505
    7.5000   -7.5000  -15.000015164.8457   13.6457
   -7.5000    0.0000  -15.000015988.7891   13.6098
    0.0000    0.0000  -15.000016619.3047   13.6149
    7.5000    0.0000  -15.000015613.2139   13.6081
   -7.5000    7.5000  -15.000015184.0918   13.6224
    0.0000    7.5000  -15.000015803.9482   13.6276
    7.5000    7.5000  -15.000014818.8867   13.6206
   -7.5000   15.0000  -15.000014163.9531   13.6472
    0.0000   15.0000  -15.000014755.8857   13.6520
    7.5000   15.0000  -15.000013864.2910   13.6459
   -7.5000   22.5000  -15.000013253.1416   13.8042
    0.0000   22.5000  -15.000013836.6816   13.8102
    7.5000   22.5000  -15.000013002.7803   13.8064
   -7.5000   30.0000  -15.000012311.4805   13.8504
    0.0000   30.0000  -15.000012841.8164   13.8539
    7.5000   30.0000  -15.000012092.1230   13.8494
   -7.5000   37.5000  -15.000011788.0859   14.0722
    0.0000   37.5000  -15.000012298.4990   14.0759
    7.5000   37.5000  -15.000011604.3105   14.0699
   -7.5000   45.0000  -15.000010827.3301   14.0307
    0.0000   45.0000  -15.000011295.8604   14.0360
    7.5000   45.0000  -15.000010672.3857   14.0312
   -7.5000  -45.0000   -7.500012111.6465   14.1660
    0.0000  -45.0000   -7.500012609.9492   14.1704
    7.5000  -45.0000   -7.500011980.8789   14.1611
   -7.5000  -37.5000   -7.500012858.2393   14.0565
    0.0000  -37.5000   -7.500013358.5781   14.0618
    7.5000  -37.5000   -7.500012703.0723   14.0539
   -7.5000  -30.0000   -7.500013963.7324   13.9761
    0.0000  -30.0000   -7.500014500.8154   13.9821
    7.5000  -30.0000   -7.500013762.5879   13.9764
   -7.5000  -22.5000   -7.500014968.4814   13.8927
    0.0000  -22.5000   -7.500015554.6553   13.8980
    7.5000  -22.5000   -7.500014717.1885   13.8928
   -7.5000  -15.0000   -7.500015811.6162   13.8188
    0.0000  -15.0000   -7.500016434.3984   13.8234
    7.5000  -15.0000   -7.500015499.3418   13.8166
   -7.5000   -7.5000   -7.500016516.4980   13.7687
    0.0000   -7.5000   -7.500017150.5664   13.7733
    7.5000   -7.5000   -7.500016158.7861   13.7642
   -7.5000    0.0000   -7.500017045.5000   13.7362
    0.0000    0.0000   -7.500017721.5957   13.7414
    7.5000    0.0000   -7.500016613.5215   13.7307
   -7.5000    7.5000   -7.500016170.9434   13.7516
    0.0000    7.5000   -7.500016837.6016   13.7575
    7.5000    7.5000   -7.500015749.2656   13.7482
   -7.5000   15.0000   -7.500015133.9043   13.7744
    0.0000   15.0000   -7.500015757.1982   13.7804
    7.5000   15.0000   -7.500014735.4619   13.7731
   -7.5000   22.5000   -7.500014132.7100   13.9267
    0.0000   22.5000   -7.500014743.1846   13.9334
    7.5000   22.5000   -7.500013806.4922   13.9271
   -7.5000   30.0000   -7.500013114.2852   13.9679
    0.0000   30.0000   -7.500013678.6553   13.9715
    7.5000   30.0000   -7.500012830.4092   13.9622
   -7.5000   37.5000   -7.500012537.0098   14.1872
    0.0000   37.5000   -7.500013094.4541   14.1906
    7.5000   37.5000   -7.500012317.4854   14.1791
   -7.5000   45.0000   -7.500011518.5557   14.1502
    0.0000   45.0000   -7.500012022.1885   14.1556
    7.5000   45.0000   -7.500011327.8506   14.1462
   -7.5000  -45.0000    0.000012809.5254   14.1519
    0.0000  -45.0000    0.000013342.6660   14.1562
    7.5000  -45.0000    0.000012689.5107   14.1465
   -7.5000  -37.5000    0.000013591.0029   14.0405
    0.0000  -37.5000    0.000014151.9189   14.0462
    7.5000  -37.5000    0.000013443.0039   14.0399
   -7.5000  -30.0000    0.000014774.0908   13.9566
    0.0000  -30.0000    0.000015382.3662   13.9638
    7.5000  -30.0000    0.000014566.6074   13.9606
   -7.5000  -22.5000    0.000015784.5635   13.8693
    0.0000  -22.5000    0.000016443.8340   13.8759
    7.5000  -22.5000    0.000015541.7266   13.8718
   -7.5000  -15.0000    0.000016689.1309   13.7933
    0.0000  -15.0000    0.000017360.5801   13.7988
    7.5000  -15.0000    0.000016387.6211   13.7915
   -7.5000   -7.5000    0.000017431.4648   13.7450
    0.0000   -7.5000    0.000018107.6250   13.7499
    7.5000   -7.5000    0.000017079.3047   13.7394
   -7.5000    0.0000    0.000017961.6719   13.7146
    0.0000    0.0000    0.000018682.1973   13.7195
    7.5000    0.0000    0.000017532.8418   13.7083
   -7.5000    7.5000    0.000017018.0801   13.7300
    0.0000    7.5000    0.000017704.9453   13.7361
    7.5000    7.5000    0.000016581.5957   13.7283
   -7.5000   15.0000    0.000015956.0684   13.7502
    0.0000   15.0000    0.000016592.9277   13.7572
    7.5000   15.0000    0.000015530.0889   13.7522
   -7.5000   22.5000    0.000014918.9775   13.8990
    0.0000   22.5000    0.000015525.4307   13.9067
    7.5000   22.5000    0.000014546.7461   13.9012
   -7.5000   30.0000    0.000013793.0479   13.9356
    0.0000   30.0000    0.000014367.5137   13.9400
    7.5000   30.0000    0.000013478.8740   13.9293
   -7.5000   37.5000    0.000013203.8955   14.1510
    0.0000   37.5000    0.000013751.6484   14.1544
    7.5000   37.5000    0.000012912.8320   14.1401
   -7.5000   45.0000    0.000012133.9434   14.1155
    0.0000   45.0000    0.000012671.0479   14.1205
    7.5000   45.0000    0.000011911.5684   14.1088
   -7.5000  -45.0000    7.500012535.4629   14.1365
    0.0000  -45.0000    7.500013066.0586   14.1408
    7.5000  -45.0000    7.500012448.0137   14.1354
   -7.5000  -37.5000    7.500013272.2979   14.0239
    0.0000  -37.5000    7.500013825.7744   14.0297
    7.5000  -37.5000    7.500013176.9658   14.0279
   -7.5000  -30.0000    7.500014397.3994   13.9414
    0.0000  -30.0000    7.500014997.8076   13.9490
    7.5000  -30.0000    7.500014244.4805   13.9500
   -7.5000  -22.5000    7.500015364.8184   13.8572
    0.0000  -22.5000    7.500016012.8359   13.8647
    7.5000  -22.5000    7.500015191.4385   13.8644
   -7.5000  -15.0000    7.500016259.3623   13.7839
    0.0000  -15.0000    7.500016908.2812   13.7903
    7.5000  -15.0000    7.500016027.1973   13.7864
   -7.5000   -7.5000    7.500017028.7598   13.7357
    0.0000   -7.5000    7.500017739.2598   13.7410
    7.5000   -7.5000    7.500016728.0762   13.7341
   -7.5000    0.0000    7.500017543.1445   13.7033
    0.0000    0.0000    7.500018284.5234   13.7082
    7.5000    0.0000    7.500017174.2012   13.7010
   -7.5000    7.5000    7.500016624.8105   13.7165
    0.0000    7.5000    7.500017304.7617   13.7226
    7.5000    7.5000    7.500016262.5732   13.7191
   -7.5000   15.0000    7.500015543.4688   13.7371
    0.0000   15.0000    7.500016160.6875   13.7444
    7.5000   15.0000    7.500015190.9277   13.7436
   -7.5000   22.5000    7.500014485.4287   13.8872
    0.0000   22.5000    7.500015064.3975   13.8956
    7.5000   22.5000    7.500014181.7246   13.8939
   -7.5000   30.0000    7.500013393.4756   13.9254
    0.0000   30.0000    7.500013921.1309   13.9308
    7.5000   30.0000    7.500013112.2568   13.9238
   -7.5000   37.5000    7.500012816.8818   14.1411
    0.0000   37.5000    7.500013325.3281   14.1452
    7.5000   37.5000    7.500012551.8809   14.1341
   -7.5000   45.0000    7.500011793.2695   14.1047
    0.0000   45.0000    7.500012295.7715   14.1097
    7.5000   45.0000    7.500011590.9482   14.1010
   -7.5000  -45.0000   15.000012093.1621   14.1802
    0.0000  -45.0000   15.000012618.0469   14.1842
    7.5000  -45.0000   15.000012056.4961   14.1832
   -7.5000  -37.5000   15.000012790.9238   14.0663
    0.0000  -37.5000   15.000013337.7158   14.0713
    7.5000  -37.5000   15.000012746.1514   14.0725
   -7.5000  -30.0000   15.000013854.2178   13.9864
    0.0000  -30.0000   15.000014440.3525   13.9926
    7.5000  -30.0000   15.000013779.7627   13.9955
   -7.5000  -22.5000   15.000014796.2051   13.9065
    0.0000  -22.5000   15.000015419.7764   13.9129
    7.5000  -22.5000   15.000014701.2705   13.9149
   -7.5000  -15.0000   15.000015697.2148   13.8355
    0.0000  -15.0000   15.000016353.1299   13.8411
    7.5000  -15.0000   15.000015505.1631   13.8407
   -7.5000   -7.5000   15.000016518.2520   13.7850
    0.0000   -7.5000   15.000017225.3672   13.7898
    7.5000   -7.5000   15.000016230.1191   13.7871
   -7.5000    0.0000   15.000017079.8887   13.7481
    0.0000    0.0000   15.000017776.7422   13.7526
    7.5000    0.0000   15.000016706.4062   13.7496
   -7.5000    7.5000   15.000016219.9697   13.7597
    0.0000    7.5000   15.000016867.3750   13.7649
    7.5000    7.5000   15.000015835.8438   13.7643
   -7.5000   15.0000   15.000015093.2686   13.7832
    0.0000   15.0000   15.000015672.7412   13.7892
    7.5000   15.0000   15.000014741.9668   13.7901
   -7.5000   22.5000   15.000013974.7793   13.9373
    0.0000   22.5000   15.000014504.1006   13.9446
    7.5000   22.5000   15.000013700.4902   13.9455
   -7.5000   30.0000   15.000012897.9307   13.9805
    0.0000   30.0000   15.000013357.3271   13.9854
    7.5000   30.0000   15.000012645.0244   13.9830
   -7.5000   37.5000   15.000012320.8662   14.1986
    0.0000   37.5000   15.000012775.6377   14.2027
    7.5000   37.5000   15.000012085.6230   14.1970
   -7.5000   45.0000   15.000011344.4404   14.1588
    0.0000   45.0000   15.000011808.1455   14.1636
    7.5000   45.0000   15.000011151.4805   14.1597
   -7.5000  -45.0000   22.500011519.8320   14.2552
    0.0000  -45.0000   22.500012032.0068   14.2590
    7.5000  -45.0000   22.500011519.6797   14.2573
   -7.5000  -37.5000   22.500012196.9834   14.1417
    0.0000  -37.5000   22.500012744.1367   14.1457
    7.5000  -37.5000   22.500012183.6719   14.1444
   -7.5000  -30.0000   22.500013231.8516   14.0639
    0.0000  -30.0000   22.500013805.5684   14.0684
    7.5000  -30.0000   22.500013177.9014   14.0681
   -7.5000  -22.5000   22.500014157.8076   13.9867
    0.0000  -22.5000   22.500014755.0488   13.9913
    7.5000  -22.5000   22.500014053.9092   13.9915
   -7.5000  -15.0000   22.500014970.0693   13.9171
    0.0000  -15.0000   22.500015592.9873   13.9214
    7.5000  -15.0000   22.500014786.7549   13.9208
   -7.5000   -7.5000   22.500015708.7305   13.8653
    0.0000   -7.5000   22.500016353.5986   13.8694
    7.5000   -7.5000   22.500015426.4082   13.8670
   -7.5000    0.0000   22.500016279.0820   13.8268
    0.0000    0.0000   22.500016902.7598   13.8311
    7.5000    0.0000   22.500015900.8350   13.8275
   -7.5000    7.5000   22.500015515.2715   13.8383
    0.0000    7.5000   22.500016108.6436   13.8428
    7.5000    7.5000   22.500015140.5439   13.8396
   -7.5000   15.0000   22.500014454.0762   13.8640
    0.0000   15.0000   22.500015000.3721   13.8684
    7.5000   15.0000   22.500014107.6455   13.8661
   -7.5000   22.5000   22.500013366.4600   14.0208
    0.0000   22.5000   22.500013869.5312   14.0265
    7.5000   22.5000   22.500013117.0420   14.0258
   -7.5000   30.0000   22.500012329.7871   14.0676
    0.0000   30.0000   22.500012767.1572   14.0713
    7.5000   30.0000   22.500012132.4492   14.0693
   -7.5000   37.5000   22.500011804.6191   14.2889
    0.0000   37.5000   22.500012182.7520   14.2923
    7.5000   37.5000   22.500011609.9395   14.2882
   -7.5000   45.0000   22.500010870.5156   14.2459
    0.0000   45.0000   22.500011258.9902   14.2505
    7.5000   45.0000   22.500010707.6182   14.2477
   -7.5000  -45.0000   30.000010867.7246   14.3370
    0.0000  -45.0000   30.000011345.2637   14.3411
    7.5000  -45.0000   30.000010860.6885   14.3347
   -7.5000  -37.5000   30.000011511.8594   14.2259
    0.0000  -37.5000   30.000012028.9678   14.2302
    7.5000  -37.5000   30.000011490.7197   14.2236
   -7.5000  -30.0000   30.000012488.9092   14.1487
    0.0000  -30.0000   30.000013034.9385   14.1532
    7.5000  -30.0000   30.000012446.5312   14.1478
   -7.5000  -22.5000   30.000013358.5850   14.0702
    0.0000  -22.5000   30.000013934.9785   14.0745
    7.5000  -22.5000   30.000013285.5879   14.0703
   -7.5000  -15.0000   30.000014112.9854   13.9994
    0.0000  -15.0000   30.000014712.9043   14.0032
    7.5000  -15.0000   30.000014001.8984   13.9990
   -7.5000   -7.5000   30.000014750.8750   13.9480
    0.0000   -7.5000   30.000015346.4531   13.9521
    7.5000   -7.5000   30.000014595.4033   13.9460
   -7.5000    0.0000   30.000015211.5029   13.9120
    0.0000    0.0000   30.000015792.8701   13.9166
    7.5000    0.0000   30.000015020.4092   13.9084
   -7.5000    7.5000   30.000014503.1562   13.9256
    0.0000    7.5000   30.000015060.7021   13.9303
    7.5000    7.5000   30.000014304.8623   13.9221
   -7.5000   15.0000   30.000013567.9961   13.9514
    0.0000   15.0000   30.000014093.3330   13.9559
    7.5000   15.0000   30.000013355.6045   13.9487
   -7.5000   22.5000   30.000012643.3301   14.1071
    0.0000   22.5000   30.000013128.5615   14.1126
    7.5000   22.5000   30.000012469.9287   14.1077
   -7.5000   30.0000   30.000011703.8848   14.1524
    0.0000   30.0000   30.000012141.1689   14.1553
    7.5000   30.0000   30.000011560.6260   14.1496
   -7.5000   37.5000   30.000011218.9414   14.3741
    0.0000   37.5000   30.000011622.1514   14.3772
    7.5000   37.5000   30.000011073.7705   14.3698
   -7.5000   45.0000   30.000010305.1211   14.3306
    0.0000   45.0000   30.000010711.5957   14.3353
    7.5000   45.0000   30.000010191.0957   14.3291
   -7.5000  -45.0000   37.500010591.4404   14.3746
    0.0000  -45.0000   37.500011054.1963   14.3785
    7.5000  -45.0000   37.500010572.7471   14.3676
   -7.5000  -37.5000   37.500011215.6816   14.2656
    0.0000  -37.5000   37.500011703.2998   14.2703
    7.5000  -37.5000   37.500011184.7539   14.2609
   -7.5000  -30.0000   37.500012159.5430   14.1862
    0.0000  -30.0000   37.500012687.0166   14.1916
    7.5000  -30.0000   37.500012104.8594   14.1846
   -7.5000  -22.5000   37.500012991.9492   14.1028
    0.0000  -22.5000   37.500013572.7793   14.1073
    7.5000  -22.5000   37.500012928.9424   14.1007
   -7.5000  -15.0000   37.500013730.4189   14.0282
    0.0000  -15.0000   37.500014321.6777   14.0319
    7.5000  -15.0000   37.500013646.5693   14.0236
   -7.5000   -7.5000   37.500014351.7383   13.9786
    0.0000   -7.5000   37.500014939.1191   13.9822
    7.5000   -7.5000   37.500014249.3320   13.9715
   -7.5000    0.0000   37.500014794.4268   13.9472
    0.0000    0.0000   37.500015375.6885   13.9515
    7.5000    0.0000   37.500014681.5771   13.9391
   -7.5000    7.5000   37.500014083.2510   13.9634
    0.0000    7.5000   37.500014632.9717   13.9685
    7.5000    7.5000   37.500013958.3389   13.9576
   -7.5000   15.0000   37.500013192.4170   13.9871
    0.0000   15.0000   37.500013689.5674   13.9923
    7.5000   15.0000   37.500013043.4570   13.9835
   -7.5000   22.5000   37.500012341.5459   14.1377
    0.0000   22.5000   37.500012793.8896   14.1436
    7.5000   22.5000   37.500012188.4619   14.1359
   -7.5000   30.0000   37.500011455.8154   14.1758
    0.0000   30.0000   37.500011867.0000   14.1784
    7.5000   30.0000   37.500011308.7881   14.1675
   -7.5000   37.5000   37.500010988.5742   14.3935
    0.0000   37.5000   37.500011389.3330   14.3957
    7.5000   37.5000   37.500010842.1494   14.3824
   -7.5000   45.0000   37.500010090.6943   14.3513
    0.0000   45.0000   37.500010475.5518   14.3555
    7.5000   45.0000   37.5000 9970.1387   14.3443
   -7.5000  -45.0000   45.0000 9823.4707   14.3995
    0.0000  -45.0000   45.000010241.9561   14.4032
    7.5000  -45.0000   45.0000 9812.0645   14.3921
   -7.5000  -37.5000   45.000010394.2490   14.2924
    0.0000  -37.5000   45.000010856.8936   14.2976
    7.5000  -37.5000   45.000010374.6904   14.2899
   -7.5000  -30.0000   45.000011262.6211   14.2135
    0.0000  -30.0000   45.000011764.8105   14.2203
    7.5000  -30.0000   45.000011229.9346   14.2160
   -7.5000  -22.5000   45.000012026.4004   14.1295
    0.0000  -22.5000   45.000012566.5137   14.1356
    7.5000  -22.5000   45.000011978.3438   14.1305
   -7.5000  -15.0000   45.000012705.3770   14.0555
    0.0000  -15.0000   45.000013256.1914   14.0604
    7.5000  -15.0000   45.000012620.1475   14.0518
   -7.5000   -7.5000   45.000013282.8311   14.0096
    0.0000   -7.5000   45.000013828.6572   14.0136
    7.5000   -7.5000   45.000013186.5166   14.0017
   -7.5000    0.0000   45.000013664.8340   13.9826
    0.0000    0.0000   45.000014225.0869   13.9867
    7.5000    0.0000   45.000013568.2861   13.9738
   -7.5000    7.5000   45.000013006.5264   13.9990
    0.0000    7.5000   45.000013535.9395   14.0044
    7.5000    7.5000   45.000012883.3555   13.9951
   -7.5000   15.0000   45.000012195.7383   14.0205
    0.0000   15.0000   45.000012690.5410   14.0269
    7.5000   15.0000   45.000012061.0928   14.0207
   -7.5000   22.5000   45.000011421.2783   14.1685
    0.0000   22.5000   45.000011866.6807   14.1756
    7.5000   22.5000   45.000011292.2100   14.1690
   -7.5000   30.0000   45.000010608.8750   14.2003
    0.0000   30.0000   45.000011022.5293   14.2040
    7.5000   30.0000   45.000010495.6094   14.1919
   -7.5000   37.5000   45.000010174.6543   14.4178
    0.0000   37.5000   45.000010574.4082   14.4201
    7.5000   37.5000   45.000010076.6621   14.4041
   -7.5000   45.0000   45.0000 9356.1240   14.3862
    0.0000   45.0000   45.0000 9720.0977   14.3901
    7.5000   45.0000   45.0000 9258.9277   14.3767

---------------------------------------------------------------------
imgreg_4dfp /opt/freesurfer/average/711-2C_as_mni_average_305 /opt/freesurfer/average/711-2B_as_mni_average_305_mask talsrcimg_g11 none talsrcimg_to_711-2C_as_mni_average_305_t4 4355
---------------------------------------------------------------------

freesurfer imgreg_4dfp.c
/opt/freesurfer/average/711-2C_as_mni_average_305.4dfp.img
       256       256       256         1
  1.000000  1.000000  1.000000
orientation T byte_order littleendian
Reading image: /opt/freesurfer/average/711-2C_as_mni_average_305.4dfp.img
dimensions:      256       256       256
mmppix:       1.0000   -1.0000   -1.0000
center:     128.0000 -129.0000 -129.0000
/opt/freesurfer/average/711-2B_as_mni_average_305_mask.4dfp.img
       256       256       256         1
  1.000000  1.000000  1.000000
orientation T byte_order littleendian
Reading mask: /opt/freesurfer/average/711-2B_as_mni_average_305_mask.4dfp.img (2306576 pixels)
talsrcimg_g11.4dfp.img
       256       256       256         1
  1.000000  1.000000  1.000000
orientation T byte_order littleendian
Reading image: talsrcimg_g11.4dfp.img
dimensions:      256       256       256
mmppix:       1.0000   -1.0000   -1.0000
center:     128.0000 -129.0000 -129.0000
rotation matrix determinant  1.000000
image alignment mode   4355 decimal     1103 hex
   -7.5000  -45.0000  -45.0000 2143.7090   17.8654
    0.0000  -45.0000  -45.0000 2147.0486   17.8433
    7.5000  -45.0000  -45.0000 2128.0842   18.0459
   -7.5000  -37.5000  -45.0000 2174.5024   17.0656
    0.0000  -37.5000  -45.0000 2178.4841   17.0631
    7.5000  -37.5000  -45.0000 2163.0889   17.2638
   -7.5000  -30.0000  -45.0000 2197.8499   16.4248
    0.0000  -30.0000  -45.0000 2202.1975   16.4139
    7.5000  -30.0000  -45.0000 2186.4512   16.6297
   -7.5000  -22.5000  -45.0000 2224.4578   15.8367
    0.0000  -22.5000  -45.0000 2230.3862   15.8493
    7.5000  -22.5000  -45.0000 2211.8003   16.0584
   -7.5000  -15.0000  -45.0000 2234.1897   15.4212
    0.0000  -15.0000  -45.0000 2239.4524   15.4197
    7.5000  -15.0000  -45.0000 2223.5503   15.5966
   -7.5000   -7.5000  -45.0000 2236.0530   15.1760
    0.0000   -7.5000  -45.0000 2243.4053   15.1607
    7.5000   -7.5000  -45.0000 2224.5513   15.3502
   -7.5000    0.0000  -45.0000 2230.9802   15.0512
    0.0000    0.0000  -45.0000 2238.4851   15.0521
    7.5000    0.0000  -45.0000 2217.0176   15.2500
   -7.5000    7.5000  -45.0000 2223.9551   15.1250
    0.0000    7.5000  -45.0000 2231.2231   15.1014
    7.5000    7.5000  -45.0000 2207.6086   15.3454
   -7.5000   15.0000  -45.0000 2198.6223   15.4721
    0.0000   15.0000  -45.0000 2207.5796   15.4575
    7.5000   15.0000  -45.0000 2182.8064   15.7171
   -7.5000   22.5000  -45.0000 2160.6436   16.1367
    0.0000   22.5000  -45.0000 2172.5569   16.1064
    7.5000   22.5000  -45.0000 2151.7842   16.3878
   -7.5000   30.0000  -45.0000 2110.1030   17.0816
    0.0000   30.0000  -45.0000 2123.3479   17.0519
    7.5000   30.0000  -45.0000 2099.8164   17.3193
   -7.5000   37.5000  -45.0000 2049.4641   18.4134
    0.0000   37.5000  -45.0000 2060.4905   18.3701
    7.5000   37.5000  -45.0000 2034.2012   18.6610
   -7.5000   45.0000  -45.0000 1968.6207   20.1618
    0.0000   45.0000  -45.0000 1980.4712   20.0980
    7.5000   45.0000  -45.0000 1957.5394   20.4645
   -7.5000  -45.0000  -37.5000 2241.0293   16.2521
    0.0000  -45.0000  -37.5000 2242.9065   16.2767
    7.5000  -45.0000  -37.5000 2223.5842   16.4556
   -7.5000  -37.5000  -37.5000 2278.8794   15.5549
    0.0000  -37.5000  -37.5000 2281.7104   15.5642
    7.5000  -37.5000  -37.5000 2263.6064   15.7357
   -7.5000  -30.0000  -37.5000 2308.6682   15.0354
    0.0000  -30.0000  -37.5000 2310.9539   15.0542
    7.5000  -30.0000  -37.5000 2295.7869   15.1929
   -7.5000  -22.5000  -37.5000 2338.7917   14.5489
    0.0000  -22.5000  -37.5000 2341.4868   14.5700
    7.5000  -22.5000  -37.5000 2321.9258   14.7012
   -7.5000  -15.0000  -37.5000 2348.3608   14.1478
    0.0000  -15.0000  -37.5000 2351.5068   14.1491
    7.5000  -15.0000  -37.5000 2332.4866   14.2780
   -7.5000   -7.5000  -37.5000 2342.3562   13.9320
    0.0000   -7.5000  -37.5000 2348.5193   13.9398
    7.5000   -7.5000  -37.5000 2327.7244   14.0766
   -7.5000    0.0000  -37.5000 2330.1724   13.8543
    0.0000    0.0000  -37.5000 2341.6921   13.8470
    7.5000    0.0000  -37.5000 2319.2141   14.0075
   -7.5000    7.5000  -37.5000 2323.4204   13.8829
    0.0000    7.5000  -37.5000 2331.1887   13.8805
    7.5000    7.5000  -37.5000 2312.1965   14.0626
   -7.5000   15.0000  -37.5000 2302.7393   14.1903
    0.0000   15.0000  -37.5000 2311.8928   14.1722
    7.5000   15.0000  -37.5000 2289.7109   14.3703
   -7.5000   22.5000  -37.5000 2266.5266   14.7670
    0.0000   22.5000  -37.5000 2276.9553   14.7460
    7.5000   22.5000  -37.5000 2251.3291   14.9685
   -7.5000   30.0000  -37.5000 2212.3264   15.6317
    0.0000   30.0000  -37.5000 2226.1978   15.5957
    7.5000   30.0000  -37.5000 2199.5925   15.8405
   -7.5000   37.5000  -37.5000 2143.3298   16.8523
    0.0000   37.5000  -37.5000 2156.8047   16.8019
    7.5000   37.5000  -37.5000 2131.6736   17.0587
   -7.5000   45.0000  -37.5000 2057.9966   18.4614
    0.0000   45.0000  -37.5000 2066.7058   18.3908
    7.5000   45.0000  -37.5000 2046.9753   18.6841
   -7.5000  -45.0000  -30.0000 2380.2935   15.4806
    0.0000  -45.0000  -30.0000 2385.2034   15.5170
    7.5000  -45.0000  -30.0000 2360.4832   15.6648
   -7.5000  -37.5000  -30.0000 2425.2012   14.7978
    0.0000  -37.5000  -30.0000 2429.1096   14.8075
    7.5000  -37.5000  -30.0000 2404.3569   14.9642
   -7.5000  -30.0000  -30.0000 2456.3855   14.2968
    0.0000  -30.0000  -30.0000 2460.8997   14.3026
    7.5000  -30.0000  -30.0000 2440.8484   14.4413
   -7.5000  -22.5000  -30.0000 2485.1152   13.8594
    0.0000  -22.5000  -30.0000 2493.0588   13.8647
    7.5000  -22.5000  -30.0000 2464.3752   13.9773
   -7.5000  -15.0000  -30.0000 2490.8560   13.4785
    0.0000  -15.0000  -30.0000 2498.2378   13.4616
    7.5000  -15.0000  -30.0000 2477.4133   13.5824
   -7.5000   -7.5000  -30.0000 2490.7830   13.2789
    0.0000   -7.5000  -30.0000 2501.6785   13.2571
    7.5000   -7.5000  -30.0000 2474.6118   13.3901
   -7.5000    0.0000  -30.0000 2481.1875   13.2185
    0.0000    0.0000  -30.0000 2490.4685   13.2098
    7.5000    0.0000  -30.0000 2467.5723   13.3315
   -7.5000    7.5000  -30.0000 2470.9688   13.2682
    0.0000    7.5000  -30.0000 2482.2456   13.2556
    7.5000    7.5000  -30.0000 2454.7517   13.4027
   -7.5000   15.0000  -30.0000 2446.0813   13.5345
    0.0000   15.0000  -30.0000 2459.6499   13.5056
    7.5000   15.0000  -30.0000 2431.4160   13.6848
   -7.5000   22.5000  -30.0000 2409.1096   14.0292
    0.0000   22.5000  -30.0000 2421.9475   14.0111
    7.5000   22.5000  -30.0000 2394.0474   14.2086
   -7.5000   30.0000  -30.0000 2348.8706   14.8567
    0.0000   30.0000  -30.0000 2361.5422   14.8278
    7.5000   30.0000  -30.0000 2337.6714   15.0408
   -7.5000   37.5000  -30.0000 2276.1228   16.0321
    0.0000   37.5000  -30.0000 2288.3977   16.0030
    7.5000   37.5000  -30.0000 2264.9133   16.2252
   -7.5000   45.0000  -30.0000 2182.6072   17.5951
    0.0000   45.0000  -30.0000 2191.7876   17.5439
    7.5000   45.0000  -30.0000 2168.2429   17.7572
   -7.5000  -45.0000  -22.5000 2494.3147   14.6629
    0.0000  -45.0000  -22.5000 2502.1770   14.6762
    7.5000  -45.0000  -22.5000 2472.3303   14.8250
   -7.5000  -37.5000  -22.5000 2538.6282   14.0054
    0.0000  -37.5000  -22.5000 2547.4370   14.0086
    7.5000  -37.5000  -22.5000 2519.4307   14.1623
   -7.5000  -30.0000  -22.5000 2566.2971   13.4752
    0.0000  -30.0000  -22.5000 2572.6626   13.4726
    7.5000  -30.0000  -22.5000 2550.2610   13.6158
   -7.5000  -22.5000  -22.5000 2593.1675   13.0528
    0.0000  -22.5000  -22.5000 2603.1392   13.0361
    7.5000  -22.5000  -22.5000 2575.8794   13.1582
   -7.5000  -15.0000  -22.5000 2600.2329   12.7154
    0.0000  -15.0000  -22.5000 2611.9788   12.6964
    7.5000  -15.0000  -22.5000 2590.2512   12.8110
   -7.5000   -7.5000  -22.5000 2610.7949   12.5229
    0.0000   -7.5000  -22.5000 2621.6743   12.4908
    7.5000   -7.5000  -22.5000 2597.4832   12.6032
   -7.5000    0.0000  -22.5000 2609.6099   12.4876
    0.0000    0.0000  -22.5000 2618.1143   12.4672
    7.5000    0.0000  -22.5000 2590.3164   12.5716
   -7.5000    7.5000  -22.5000 2597.9475   12.5637
    0.0000    7.5000  -22.5000 2611.8389   12.5472
    7.5000    7.5000  -22.5000 2579.2703   12.6588
   -7.5000   15.0000  -22.5000 2570.4934   12.7973
    0.0000   15.0000  -22.5000 2586.2827   12.7749
    7.5000   15.0000  -22.5000 2553.0486   12.9313
   -7.5000   22.5000  -22.5000 2528.6943   13.2794
    0.0000   22.5000  -22.5000 2546.4031   13.2434
    7.5000   22.5000  -22.5000 2515.6470   13.4113
   -7.5000   30.0000  -22.5000 2467.4819   14.0708
    0.0000   30.0000  -22.5000 2484.7009   14.0354
    7.5000   30.0000  -22.5000 2453.2637   14.2029
   -7.5000   37.5000  -22.5000 2381.8311   15.1467
    0.0000   37.5000  -22.5000 2398.5286   15.1344
    7.5000   37.5000  -22.5000 2368.4775   15.3204
   -7.5000   45.0000  -22.5000 2276.5745   16.6205
    0.0000   45.0000  -22.5000 2288.9307   16.5967
    7.5000   45.0000  -22.5000 2262.3599   16.7852
   -7.5000  -45.0000  -15.0000 2566.5032   13.8858
    0.0000  -45.0000  -15.0000 2575.9016   13.8895
    7.5000  -45.0000  -15.0000 2543.6038   14.0855
   -7.5000  -37.5000  -15.0000 2607.9553   13.2214
    0.0000  -37.5000  -15.0000 2618.4690   13.2128
    7.5000  -37.5000  -15.0000 2590.0525   13.3979
   -7.5000  -30.0000  -15.0000 2637.9358   12.6624
    0.0000  -30.0000  -15.0000 2646.1377   12.6482
    7.5000  -30.0000  -15.0000 2622.8848   12.8208
   -7.5000  -22.5000  -15.0000 2671.3086   12.2317
    0.0000  -22.5000  -15.0000 2682.7971   12.2136
    7.5000  -22.5000  -15.0000 2657.0061   12.3599
   -7.5000  -15.0000  -15.0000 2688.8049   11.9282
    0.0000  -15.0000  -15.0000 2701.7319   11.9038
    7.5000  -15.0000  -15.0000 2676.7600   12.0144
   -7.5000   -7.5000  -15.0000 2704.9951   11.7356
    0.0000   -7.5000  -15.0000 2717.3308   11.7162
    7.5000   -7.5000  -15.0000 2690.7131   11.8180
   -7.5000    0.0000  -15.0000 2711.4800   11.7195
    0.0000    0.0000  -15.0000 2724.7905   11.6969
    7.5000    0.0000  -15.0000 2690.1843   11.7942
   -7.5000    7.5000  -15.0000 2704.7617   11.8132
    0.0000    7.5000  -15.0000 2720.5347   11.7976
    7.5000    7.5000  -15.0000 2681.9309   11.9007
   -7.5000   15.0000  -15.0000 2677.9636   12.0680
    0.0000   15.0000  -15.0000 2695.5676   12.0490
    7.5000   15.0000  -15.0000 2659.1533   12.1779
   -7.5000   22.5000  -15.0000 2637.5491   12.5344
    0.0000   22.5000  -15.0000 2657.4724   12.5073
    7.5000   22.5000  -15.0000 2620.0149   12.6463
   -7.5000   30.0000  -15.0000 2561.8816   13.3026
    0.0000   30.0000  -15.0000 2581.1152   13.2647
    7.5000   30.0000  -15.0000 2546.3381   13.4256
   -7.5000   37.5000  -15.0000 2467.3542   14.3447
    0.0000   37.5000  -15.0000 2483.2500   14.3212
    7.5000   37.5000  -15.0000 2453.0908   14.4865
   -7.5000   45.0000  -15.0000 2353.1641   15.7364
    0.0000   45.0000  -15.0000 2365.1082   15.7151
    7.5000   45.0000  -15.0000 2340.9160   15.9025
   -7.5000  -45.0000   -7.5000 2612.2014   13.2258
    0.0000  -45.0000   -7.5000 2619.7205   13.2243
    7.5000  -45.0000   -7.5000 2592.1807   13.4331
   -7.5000  -37.5000   -7.5000 2662.3967   12.5336
    0.0000  -37.5000   -7.5000 2668.3516   12.5006
    7.5000  -37.5000   -7.5000 2642.2419   12.6980
   -7.5000  -30.0000   -7.5000 2696.9624   11.9464
    0.0000  -30.0000   -7.5000 2701.2578   11.9095
    7.5000  -30.0000   -7.5000 2677.5459   12.0982
   -7.5000  -22.5000   -7.5000 2738.9202   11.4829
    0.0000  -22.5000   -7.5000 2748.7961   11.4522
    7.5000  -22.5000   -7.5000 2719.8845   11.6082
   -7.5000  -15.0000   -7.5000 2764.6008   11.1713
    0.0000  -15.0000   -7.5000 2777.5654   11.1445
    7.5000  -15.0000   -7.5000 2750.4321   11.2838
   -7.5000   -7.5000   -7.5000 2786.3254   10.9928
    0.0000   -7.5000   -7.5000 2799.9114   10.9716
    7.5000   -7.5000   -7.5000 2772.2278   11.0996
   -7.5000    0.0000   -7.5000 2798.9087   10.9736
    0.0000    0.0000   -7.5000 2815.7217   10.9514
    7.5000    0.0000   -7.5000 2779.8970   11.0675
   -7.5000    7.5000   -7.5000 2799.2366   11.0898
    0.0000    7.5000   -7.5000 2819.8049   11.0766
    7.5000    7.5000   -7.5000 2776.8335   11.1987
   -7.5000   15.0000   -7.5000 2774.0850   11.3658
    0.0000   15.0000   -7.5000 2795.0010   11.3444
    7.5000   15.0000   -7.5000 2753.8716   11.4633
   -7.5000   22.5000   -7.5000 2724.1284   11.8487
    0.0000   22.5000   -7.5000 2746.0112   11.8229
    7.5000   22.5000   -7.5000 2708.2134   11.9395
   -7.5000   30.0000   -7.5000 2642.7812   12.5906
    0.0000   30.0000   -7.5000 2660.6870   12.5527
    7.5000   30.0000   -7.5000 2627.0864   12.6862
   -7.5000   37.5000   -7.5000 2536.4160   13.6036
    0.0000   37.5000   -7.5000 2553.6799   13.5774
    7.5000   37.5000   -7.5000 2521.2432   13.7150
   -7.5000   45.0000   -7.5000 2410.9692   14.9417
    0.0000   45.0000   -7.5000 2423.2207   14.9129
    7.5000   45.0000   -7.5000 2397.6855   15.0749
   -7.5000  -45.0000    0.0000 2645.0273   12.7282
    0.0000  -45.0000    0.0000 2651.9666   12.7126
    7.5000  -45.0000    0.0000 2629.2573   12.9435
   -7.5000  -37.5000    0.0000 2693.1858   11.9770
    0.0000  -37.5000    0.0000 2701.6240   11.9581
    7.5000  -37.5000    0.0000 2675.1958   12.1725
   -7.5000  -30.0000    0.0000 2738.1924   11.3787
    0.0000  -30.0000    0.0000 2748.8228   11.3486
    7.5000  -30.0000    0.0000 2717.5571   11.5451
   -7.5000  -22.5000    0.0000 2787.2661   10.9038
    0.0000  -22.5000    0.0000 2798.6140   10.8712
    7.5000  -22.5000    0.0000 2769.3684   11.0541
   -7.5000  -15.0000    0.0000 2831.0237   10.5712
    0.0000  -15.0000    0.0000 2846.2236   10.5291
    7.5000  -15.0000    0.0000 2815.2563   10.6999
   -7.5000   -7.5000    0.0000 2858.7749   10.4234
    0.0000   -7.5000    0.0000 2876.2947   10.3636
    7.5000   -7.5000    0.0000 2845.3196   10.5233
   -7.5000    0.0000    0.0000 2883.5295   10.4055
    0.0000    0.0000    0.0000 2905.9392   10.3694
    7.5000    0.0000    0.0000 2863.9768   10.5281
   -7.5000    7.5000    0.0000 2887.3345   10.5249
    0.0000    7.5000    0.0000 2911.9172   10.5018
    7.5000    7.5000    0.0000 2862.7786   10.6675
   -7.5000   15.0000    0.0000 2858.7319   10.8061
    0.0000   15.0000    0.0000 2879.8618   10.7915
    7.5000   15.0000    0.0000 2835.8167   10.9459
   -7.5000   22.5000    0.0000 2796.1521   11.2804
    0.0000   22.5000    0.0000 2818.9070   11.2535
    7.5000   22.5000    0.0000 2781.9656   11.4092
   -7.5000   30.0000    0.0000 2700.1450   12.0118
    0.0000   30.0000    0.0000 2721.0027   11.9787
    7.5000   30.0000    0.0000 2686.0754   12.1379
   -7.5000   37.5000    0.0000 2585.5698   13.0138
    0.0000   37.5000    0.0000 2601.7063   12.9889
    7.5000   37.5000    0.0000 2566.8008   13.1496
   -7.5000   45.0000    0.0000 2452.6409   14.3294
    0.0000   45.0000    0.0000 2470.5151   14.3160
    7.5000   45.0000    0.0000 2438.7031   14.4833
   -7.5000  -45.0000    7.5000 2662.7566   12.3868
    0.0000  -45.0000    7.5000 2672.0479   12.3664
    7.5000  -45.0000    7.5000 2646.5374   12.6387
   -7.5000  -37.5000    7.5000 2710.6770   11.5976
    0.0000  -37.5000    7.5000 2719.0354   11.5556
    7.5000  -37.5000    7.5000 2696.0518   11.8412
   -7.5000  -30.0000    7.5000 2757.1631   10.9842
    0.0000  -30.0000    7.5000 2770.5696   10.9329
    7.5000  -30.0000    7.5000 2740.5635   11.1855
   -7.5000  -22.5000    7.5000 2810.5632   10.5030
    0.0000  -22.5000    7.5000 2826.4316   10.4562
    7.5000  -22.5000    7.5000 2793.6738   10.6922
   -7.5000  -15.0000    7.5000 2868.9678   10.1724
    0.0000  -15.0000    7.5000 2888.7444   10.1132
    7.5000  -15.0000    7.5000 2851.8047   10.3331
   -7.5000   -7.5000    7.5000 2919.5989   10.0355
    0.0000   -7.5000    7.5000 2943.0645    9.9571
    7.5000   -7.5000    7.5000 2898.6287   10.1766
   -7.5000    0.0000    7.5000 2957.6904   10.0574
    0.0000    0.0000    7.5000 2987.9111    9.9863
    7.5000    0.0000    7.5000 2925.3677   10.2038
   -7.5000    7.5000    7.5000 2960.2551   10.1786
    0.0000    7.5000    7.5000 2993.1550   10.1280
    7.5000    7.5000    7.5000 2928.6196   10.3575
   -7.5000   15.0000    7.5000 2920.1409   10.4414
    0.0000   15.0000    7.5000 2946.6470   10.4006
    7.5000   15.0000    7.5000 2893.8362   10.6235
   -7.5000   22.5000    7.5000 2845.8865   10.9028
    0.0000   22.5000    7.5000 2871.9319   10.8466
    7.5000   22.5000    7.5000 2828.9641   11.0579
   -7.5000   30.0000    7.5000 2741.1106   11.6252
    0.0000   30.0000    7.5000 2763.5105   11.5865
    7.5000   30.0000    7.5000 2725.6052   11.7764
   -7.5000   37.5000    7.5000 2614.8872   12.6481
    0.0000   37.5000    7.5000 2631.7605   12.6142
    7.5000   37.5000    7.5000 2595.4365   12.8065
   -7.5000   45.0000    7.5000 2476.6965   13.9696
    0.0000   45.0000    7.5000 2494.0076   13.9474
    7.5000   45.0000    7.5000 2464.0347   14.1310
   -7.5000  -45.0000   15.0000 2662.3345   12.2248
    0.0000  -45.0000   15.0000 2674.1853   12.1786
    7.5000  -45.0000   15.0000 2645.1057   12.5059
   -7.5000  -37.5000   15.0000 2708.0872   11.4155
    0.0000  -37.5000   15.0000 2717.8911   11.3578
    7.5000  -37.5000   15.0000 2692.2251   11.6916
   -7.5000  -30.0000   15.0000 2756.5276   10.7829
    0.0000  -30.0000   15.0000 2766.2148   10.7209
    7.5000  -30.0000   15.0000 2740.2534   11.0321
   -7.5000  -22.5000   15.0000 2816.9121   10.3003
    0.0000  -22.5000   15.0000 2832.2573   10.2368
    7.5000  -22.5000   15.0000 2802.3364   10.5262
   -7.5000  -15.0000   15.0000 2878.4956    9.9939
    0.0000  -15.0000   15.0000 2898.7202    9.9064
    7.5000  -15.0000   15.0000 2861.0193   10.1776
   -7.5000   -7.5000   15.0000 2944.4246    9.8843
    0.0000   -7.5000   15.0000 2970.2776    9.8145
    7.5000   -7.5000   15.0000 2920.2559   10.0344
   -7.5000    0.0000   15.0000 2998.3477    9.9191
    0.0000    0.0000   15.0000 3033.8704    9.8517
    7.5000    0.0000   15.0000 2956.9106   10.0757
   -7.5000    7.5000   15.0000 3008.2173   10.0607
    0.0000    7.5000   15.0000 3047.8201    9.9686
    7.5000    7.5000   15.0000 2964.3616   10.2342
   -7.5000   15.0000   15.0000 2948.8345   10.3201
    0.0000   15.0000   15.0000 2980.0972   10.2328
    7.5000   15.0000   15.0000 2920.1611   10.4892
   -7.5000   22.5000   15.0000 2862.5752   10.7406
    0.0000   22.5000   15.0000 2888.8118   10.6548
    7.5000   22.5000   15.0000 2846.4844   10.9038
   -7.5000   30.0000   15.0000 2751.5203   11.4618
    0.0000   30.0000   15.0000 2769.2073   11.4069
    7.5000   30.0000   15.0000 2735.3831   11.6297
   -7.5000   37.5000   15.0000 2618.4048   12.4929
    0.0000   37.5000   15.0000 2633.1558   12.4476
    7.5000   37.5000   15.0000 2604.6177   12.6440
   -7.5000   45.0000   15.0000 2478.0361   13.7864
    0.0000   45.0000   15.0000 2494.5586   13.7718
    7.5000   45.0000   15.0000 2466.2493   13.9397
   -7.5000  -45.0000   22.5000 2647.2881   12.2402
    0.0000  -45.0000   22.5000 2659.6384   12.1807
    7.5000  -45.0000   22.5000 2629.8774   12.5437
   -7.5000  -37.5000   22.5000 2691.6135   11.4491
    0.0000  -37.5000   22.5000 2707.1553   11.3907
    7.5000  -37.5000   22.5000 2679.5283   11.7189
   -7.5000  -30.0000   22.5000 2740.4597   10.8226
    0.0000  -30.0000   22.5000 2754.6914   10.7650
    7.5000  -30.0000   22.5000 2729.3599   11.0591
   -7.5000  -22.5000   22.5000 2803.2312   10.3450
    0.0000  -22.5000   22.5000 2818.6667   10.2767
    7.5000  -22.5000   22.5000 2791.1592   10.5557
   -7.5000  -15.0000   22.5000 2862.7905   10.0466
    0.0000  -15.0000   22.5000 2880.2732    9.9597
    7.5000  -15.0000   22.5000 2848.9775   10.2101
   -7.5000   -7.5000   22.5000 2930.3811    9.9195
    0.0000   -7.5000   22.5000 2953.9709    9.8529
    7.5000   -7.5000   22.5000 2911.1035   10.0534
   -7.5000    0.0000   22.5000 2983.1348    9.9397
    0.0000    0.0000   22.5000 3012.4487    9.8470
    7.5000    0.0000   22.5000 2950.4395   10.0803
   -7.5000    7.5000   22.5000 2993.8701   10.1214
    0.0000    7.5000   22.5000 3025.8267   10.0294
    7.5000    7.5000   22.5000 2958.4844   10.2567
   -7.5000   15.0000   22.5000 2938.1724   10.4037
    0.0000   15.0000   22.5000 2965.7234   10.3210
    7.5000   15.0000   22.5000 2910.1426   10.5504
   -7.5000   22.5000   22.5000 2848.0447   10.8381
    0.0000   22.5000   22.5000 2874.7959   10.7453
    7.5000   22.5000   22.5000 2832.7153   10.9813
   -7.5000   30.0000   22.5000 2734.8792   11.5306
    0.0000   30.0000   22.5000 2754.5151   11.4471
    7.5000   30.0000   22.5000 2723.3594   11.6716
   -7.5000   37.5000   22.5000 2607.8269   12.5052
    0.0000   37.5000   22.5000 2617.6326   12.4384
    7.5000   37.5000   22.5000 2596.1211   12.6541
   -7.5000   45.0000   22.5000 2466.5481   13.7470
    0.0000   45.0000   22.5000 2479.3032   13.7163
    7.5000   45.0000   22.5000 2457.7207   13.9004
   -7.5000  -45.0000   30.0000 2612.8325   12.4733
    0.0000  -45.0000   30.0000 2624.1052   12.4026
    7.5000  -45.0000   30.0000 2594.8345   12.7738
   -7.5000  -37.5000   30.0000 2662.5530   11.6855
    0.0000  -37.5000   30.0000 2676.4272   11.6223
    7.5000  -37.5000   30.0000 2645.8347   11.9472
   -7.5000  -30.0000   30.0000 2713.5488   11.0620
    0.0000  -30.0000   30.0000 2731.4016   10.9963
    7.5000  -30.0000   30.0000 2705.2688   11.2833
   -7.5000  -22.5000   30.0000 2770.7288   10.6002
    0.0000  -22.5000   30.0000 2790.7632   10.5295
    7.5000  -22.5000   30.0000 2767.2324   10.7948
   -7.5000  -15.0000   30.0000 2826.2473   10.3029
    0.0000  -15.0000   30.0000 2848.4751   10.2385
    7.5000  -15.0000   30.0000 2823.1807   10.4712
   -7.5000   -7.5000   30.0000 2884.7368   10.1556
    0.0000   -7.5000   30.0000 2909.9561   10.0901
    7.5000   -7.5000   30.0000 2876.7292   10.3104
   -7.5000    0.0000   30.0000 2923.4209   10.1623
    0.0000    0.0000   30.0000 2949.3201   10.0531
    7.5000    0.0000   30.0000 2908.0295   10.3176
   -7.5000    7.5000   30.0000 2928.0125   10.3435
    0.0000    7.5000   30.0000 2953.0823   10.2592
    7.5000    7.5000   30.0000 2910.5120   10.4796
   -7.5000   15.0000   30.0000 2880.7712   10.6632
    0.0000   15.0000   30.0000 2905.5264   10.5772
    7.5000   15.0000   30.0000 2861.0532   10.7947
   -7.5000   22.5000   30.0000 2798.7686   11.1505
    0.0000   22.5000   30.0000 2820.7292   11.0680
    7.5000   22.5000   30.0000 2784.7058   11.2930
   -7.5000   30.0000   30.0000 2694.1582   11.8046
    0.0000   30.0000   30.0000 2713.0974   11.7250
    7.5000   30.0000   30.0000 2684.6892   11.9631
   -7.5000   37.5000   30.0000 2574.9688   12.7091
    0.0000   37.5000   30.0000 2588.1528   12.6509
    7.5000   37.5000   30.0000 2566.2568   12.8619
   -7.5000   45.0000   30.0000 2439.1790   13.8792
    0.0000   45.0000   30.0000 2454.0991   13.8413
    7.5000   45.0000   30.0000 2436.8057   14.0289
   -7.5000  -45.0000   37.5000 2574.3457   12.8611
    0.0000  -45.0000   37.5000 2590.2441   12.7750
    7.5000  -45.0000   37.5000 2559.7473   13.1383
   -7.5000  -37.5000   37.5000 2627.0144   12.0514
    0.0000  -37.5000   37.5000 2642.9473   11.9655
    7.5000  -37.5000   37.5000 2611.7327   12.2911
   -7.5000  -30.0000   37.5000 2680.4937   11.4325
    0.0000  -30.0000   37.5000 2699.9253   11.3527
    7.5000  -30.0000   37.5000 2668.4109   11.6428
   -7.5000  -22.5000   37.5000 2731.8403   10.9813
    0.0000  -22.5000   37.5000 2755.2166   10.9184
    7.5000  -22.5000   37.5000 2725.1143   11.1726
   -7.5000  -15.0000   37.5000 2782.2170   10.6960
    0.0000  -15.0000   37.5000 2805.8601   10.6503
    7.5000  -15.0000   37.5000 2780.0352   10.8824
   -7.5000   -7.5000   37.5000 2827.9861   10.5818
    0.0000   -7.5000   37.5000 2851.5593   10.5111
    7.5000   -7.5000   37.5000 2821.6306   10.7594
   -7.5000    0.0000   37.5000 2851.0347   10.6035
    0.0000    0.0000   37.5000 2871.2578   10.5315
    7.5000    0.0000   37.5000 2844.5713   10.7806
   -7.5000    7.5000   37.5000 2843.7344   10.7930
    0.0000    7.5000   37.5000 2865.2388   10.7190
    7.5000    7.5000   37.5000 2834.7197   10.9445
   -7.5000   15.0000   37.5000 2800.3582   11.0974
    0.0000   15.0000   37.5000 2821.3850   11.0146
    7.5000   15.0000   37.5000 2787.4375   11.2525
   -7.5000   22.5000   37.5000 2729.6306   11.5861
    0.0000   22.5000   37.5000 2747.0476   11.5039
    7.5000   22.5000   37.5000 2715.8374   11.7347
   -7.5000   30.0000   37.5000 2634.9016   12.2713
    0.0000   30.0000   37.5000 2651.5935   12.1727
    7.5000   30.0000   37.5000 2626.9150   12.3763
   -7.5000   37.5000   37.5000 2521.0447   13.1550
    0.0000   37.5000   37.5000 2539.5527   13.0630
    7.5000   37.5000   37.5000 2520.5398   13.2564
   -7.5000   45.0000   37.5000 2396.0632   14.2682
    0.0000   45.0000   37.5000 2415.4260   14.1836
    7.5000   45.0000   37.5000 2397.0754   14.3617
   -7.5000  -45.0000   45.0000 2527.9275   13.3908
    0.0000  -45.0000   45.0000 2539.1450   13.3000
    7.5000  -45.0000   45.0000 2512.7422   13.6651
   -7.5000  -37.5000   45.0000 2581.0063   12.5701
    0.0000  -37.5000   45.0000 2599.5105   12.4922
    7.5000  -37.5000   45.0000 2569.1174   12.8138
   -7.5000  -30.0000   45.0000 2635.7151   11.9532
    0.0000  -30.0000   45.0000 2656.3958   11.8866
    7.5000  -30.0000   45.0000 2624.7207   12.1594
   -7.5000  -22.5000   45.0000 2679.9351   11.5053
    0.0000  -22.5000   45.0000 2702.5232   11.4589
    7.5000  -22.5000   45.0000 2671.9243   11.7061
   -7.5000  -15.0000   45.0000 2720.9805   11.2511
    0.0000  -15.0000   45.0000 2744.8630   11.1994
    7.5000  -15.0000   45.0000 2713.8831   11.4278
   -7.5000   -7.5000   45.0000 2756.1528   11.1853
    0.0000   -7.5000   45.0000 2777.3169   11.1222
    7.5000   -7.5000   45.0000 2748.9624   11.3459
   -7.5000    0.0000   45.0000 2765.2908   11.2349
    0.0000    0.0000   45.0000 2785.2808   11.1797
    7.5000    0.0000   45.0000 2760.0747   11.4034
   -7.5000    7.5000   45.0000 2754.5615   11.4209
    0.0000    7.5000   45.0000 2776.8669   11.3528
    7.5000    7.5000   45.0000 2744.8643   11.5787
   -7.5000   15.0000   45.0000 2710.0806   11.7233
    0.0000   15.0000   45.0000 2734.7969   11.6561
    7.5000   15.0000   45.0000 2702.6226   11.8750
   -7.5000   22.5000   45.0000 2643.0806   12.1954
    0.0000   22.5000   45.0000 2661.6768   12.1305
    7.5000   22.5000   45.0000 2637.3108   12.3473
   -7.5000   30.0000   45.0000 2557.4897   12.8411
    0.0000   30.0000   45.0000 2576.3857   12.7638
    7.5000   30.0000   45.0000 2553.3943   12.9673
   -7.5000   37.5000   45.0000 2457.0718   13.7242
    0.0000   37.5000   45.0000 2474.9651   13.6557
    7.5000   37.5000   45.0000 2455.6934   13.8288
   -7.5000   45.0000   45.0000 2338.2712   14.8210
    0.0000   45.0000   45.0000 2353.7185   14.7581
    7.5000   45.0000   45.0000 2335.1824   14.9274

---------------------------------------------------------------------
imgreg_4dfp /opt/freesurfer/average/711-2C_as_mni_average_305 /opt/freesurfer/average/711-2B_as_mni_average_305_mask talsrcimg_g11 none talsrcimg_to_711-2C_as_mni_average_305_t4 1283
---------------------------------------------------------------------

freesurfer imgreg_4dfp.c
/opt/freesurfer/average/711-2C_as_mni_average_305.4dfp.img
       256       256       256         1
  1.000000  1.000000  1.000000
orientation T byte_order littleendian
Reading image: /opt/freesurfer/average/711-2C_as_mni_average_305.4dfp.img
dimensions:      256       256       256
mmppix:       1.0000   -1.0000   -1.0000
center:     128.0000 -129.0000 -129.0000
/opt/freesurfer/average/711-2B_as_mni_average_305_mask.4dfp.img
       256       256       256         1
  1.000000  1.000000  1.000000
orientation T byte_order littleendian
Reading mask: /opt/freesurfer/average/711-2B_as_mni_average_305_mask.4dfp.img (2306576 pixels)
talsrcimg_g11.4dfp.img
       256       256       256         1
  1.000000  1.000000  1.000000
orientation T byte_order littleendian
Reading image: talsrcimg_g11.4dfp.img
dimensions:      256       256       256
mmppix:       1.0000   -1.0000   -1.0000
center:     128.0000 -129.0000 -129.0000
rotation matrix determinant  1.000000
fimgreg.f
image alignment mode   1283 decimal      503 hex
parameters
    0.0000    7.5000   15.0000    0.0000    0.0000    0.0000
eta,q 0.95597  9.97615
niter,ni,del,rscale     5    3   12.0000    1.2000
parameter  2  0.512744 ->  0.500000 qaram    1.1500
parameter  4  0.628768 ->  0.500000 qaram    1.1500
parameters
   -0.9836    4.0500   16.3003   -3.4500   -2.2333   -1.8903
eta,q 0.96200  9.80672
  0.0554  0.0443  0.0545  0.0401  0.0423  0.0406
  0.0488  0.0418  0.0490  0.0397  0.0396  0.0389
  0.0447  0.0414  0.0443  0.0403  0.0384  0.0380
  0.0443  0.0439  0.0415  0.0409  0.0398  0.0384
  0.0493  0.0479  0.0412  0.0425  0.0432  0.0406
  0.0567  0.0523  0.0434  0.0454  0.0477  0.0432
  0.0634  0.0573  0.0470  0.0485  0.0523  0.0460
niter,ni,del,rscale     6    3   12.0000    1.2000
parameters
   -0.7706    6.1389   16.2493   -4.5423   -2.2901   -2.1171
eta,q 0.96459  9.88204
  0.0577  0.0574  0.0478  0.0409  0.0448  0.0414
  0.0493  0.0489  0.0415  0.0375  0.0399  0.0390
  0.0417  0.0426  0.0372  0.0356  0.0366  0.0364
  0.0380  0.0379  0.0357  0.0357  0.0354  0.0354
  0.0394  0.0357  0.0382  0.0380  0.0368  0.0367
  0.0465  0.0387  0.0424  0.0414  0.0403  0.0394
  0.0562  0.0431  0.0475  0.0438  0.0450  0.0424
niter,ni,del,rscale     5    3   12.0000    1.2000
parameters
   -0.7896    6.5583   16.0517   -5.0417   -2.1648   -2.2780
eta,q 0.96475  9.88752
  0.0560  0.0504  0.0471  0.0418  0.0450  0.0413
  0.0467  0.0436  0.0406  0.0383  0.0402  0.0388
  0.0387  0.0384  0.0364  0.0358  0.0367  0.0363
  0.0354  0.0354  0.0354  0.0353  0.0353  0.0352
  0.0381  0.0372  0.0383  0.0369  0.0363  0.0364
  0.0465  0.0416  0.0425  0.0403  0.0396  0.0390
  0.0566  0.0472  0.0476  0.0432  0.0443  0.0422
niter,ni,del,rscale     4    3   12.0000    1.2000
parameters
   -0.8344    6.7164   15.9440   -5.3230   -2.0580   -2.3653
eta,q 0.96480  9.88634
  0.0558  0.0493  0.0474  0.0420  0.0448  0.0413
  0.0464  0.0426  0.0406  0.0387  0.0400  0.0389
  0.0383  0.0375  0.0362  0.0360  0.0367  0.0364
  0.0352  0.0352  0.0353  0.0352  0.0352  0.0352
  0.0382  0.0376  0.0380  0.0366  0.0363  0.0362
  0.0466  0.0421  0.0421  0.0398  0.0396  0.0387
  0.0566  0.0478  0.0471  0.0429  0.0442  0.0420
niter,ni,del,rscale     3    3   12.0000    1.2000
parameters
   -0.8670    6.7978   15.8822   -5.4949   -1.9912   -2.4116
eta,q 0.96483  9.88457
  0.0558  0.0490  0.0476  0.0422  0.0446  0.0413
  0.0464  0.0423  0.0407  0.0388  0.0399  0.0389
  0.0383  0.0372  0.0362  0.0361  0.0366  0.0364
  0.0352  0.0352  0.0352  0.0352  0.0352  0.0352
  0.0381  0.0377  0.0380  0.0364  0.0362  0.0361
  0.0465  0.0423  0.0420  0.0395  0.0396  0.0386
  0.0565  0.0479  0.0468  0.0427  0.0443  0.0419
niter,ni,del,rscale     2    3   12.0000    1.2000
parameters
   -0.8876    6.8508   15.8476   -5.6049   -1.9505   -2.4385
eta,q 0.96484  9.88298
  0.0558  0.0489  0.0477  0.0422  0.0445  0.0412
  0.0464  0.0422  0.0407  0.0390  0.0398  0.0389
  0.0383  0.0371  0.0362  0.0361  0.0366  0.0364
  0.0352  0.0352  0.0352  0.0352  0.0352  0.0352
  0.0381  0.0377  0.0379  0.0364  0.0363  0.0361
  0.0464  0.0424  0.0419  0.0394  0.0397  0.0385
  0.0564  0.0479  0.0467  0.0426  0.0443  0.0418
niter,ni,del,rscale     1    3   12.0000    1.2000
parameters
   -0.8997    6.8861   15.8261   -5.6748   -1.9252   -2.4529
eta,q 0.96484  9.88187
  0.0559  0.0488  0.0478  0.0423  0.0444  0.0413
  0.0464  0.0421  0.0407  0.0390  0.0398  0.0389
  0.0383  0.0370  0.0362  0.0362  0.0366  0.0364
  0.0352  0.0352  0.0352  0.0352  0.0352  0.0352
  0.0381  0.0377  0.0379  0.0363  0.0363  0.0360
  0.0463  0.0424  0.0419  0.0393  0.0397  0.0385
  0.0563  0.0479  0.0467  0.0425  0.0443  0.0418
registration optimization eta report
parameter search radius
    6.0000    6.9000    6.0000    6.9000    6.0000    6.0000
100000*second partial in parameter space
       57.       27.       33.       15.       25.       17.
  0.0559  0.0488  0.0478  0.0423  0.0444  0.0413
  0.0464  0.0421  0.0407  0.0390  0.0398  0.0389
  0.0383  0.0370  0.0362  0.0362  0.0366  0.0364
  0.0352  0.0352  0.0352  0.0352  0.0352  0.0352
  0.0381  0.0377  0.0379  0.0363  0.0363  0.0360
  0.0463  0.0424  0.0419  0.0393  0.0397  0.0385
  0.0563  0.0479  0.0467  0.0425  0.0443  0.0418
   -0.8997    6.8861   15.8261   -5.6748   -1.9252   -2.4529
eta,q 0.96484  9.88187

---------------------------------------------------------------------
imgreg_4dfp /opt/freesurfer/average/711-2C_as_mni_average_305 /opt/freesurfer/average/711-2B_as_mni_average_305_mask talsrcimg_g11 none talsrcimg_to_711-2C_as_mni_average_305_t4 3335
---------------------------------------------------------------------

freesurfer imgreg_4dfp.c
/opt/freesurfer/average/711-2C_as_mni_average_305.4dfp.img
       256       256       256         1
  1.000000  1.000000  1.000000
orientation T byte_order littleendian
Reading image: /opt/freesurfer/average/711-2C_as_mni_average_305.4dfp.img
dimensions:      256       256       256
mmppix:       1.0000   -1.0000   -1.0000
center:     128.0000 -129.0000 -129.0000
/opt/freesurfer/average/711-2B_as_mni_average_305_mask.4dfp.img
       256       256       256         1
  1.000000  1.000000  1.000000
orientation T byte_order littleendian
Reading mask: /opt/freesurfer/average/711-2B_as_mni_average_305_mask.4dfp.img (2306576 pixels)
talsrcimg_g11.4dfp.img
       256       256       256         1
  1.000000  1.000000  1.000000
orientation T byte_order littleendian
Reading image: talsrcimg_g11.4dfp.img
dimensions:      256       256       256
mmppix:       1.0000   -1.0000   -1.0000
center:     128.0000 -129.0000 -129.0000
fimgreg.f
image alignment mode   3335 decimal      D07 hex
parameters
   -0.8997    6.8861   15.8261   -0.1480   -0.5670   -0.5462
    3.9269    3.7631   -4.2774    9.7360   -3.3594   -9.8825
eta,q 0.96430  9.90035
niter,ni,del,rscale     5    3    5.0000    1.2000
parameter  4  1.245840 ->  0.500000 qaram    1.1500
parameter  5  1.191331 ->  0.500000 qaram    1.1500
parameter  6  0.520005 ->  0.500000 qaram    1.1500
parameters
   -1.0008    7.0599   15.7688   -4.2880   -4.7070   -4.6862
    4.0949    3.6288   -1.8252    8.2874   -3.8653  -10.0614
eta,q 0.97000  9.42149
  0.0382  0.0377  0.0376  0.0320  0.0304  0.0307  0.0327  0.0339  0.0320  0.0313  0.0309  0.0311
  0.0368  0.0367  0.0365  0.0324  0.0307  0.0303  0.0314  0.0320  0.0312  0.0305  0.0304  0.0305
  0.0360  0.0360  0.0359  0.0336  0.0315  0.0301  0.0305  0.0307  0.0306  0.0301  0.0301  0.0301
  0.0357  0.0357  0.0357  0.0357  0.0326  0.0309  0.0302  0.0302  0.0302  0.0301  0.0300  0.0300
  0.0360  0.0358  0.0360  0.0384  0.0341  0.0331  0.0305  0.0307  0.0301  0.0306  0.0302  0.0302
  0.0371  0.0363  0.0367  0.0412  0.0359  0.0365  0.0312  0.0321  0.0302  0.0316  0.0306  0.0306
  0.0387  0.0372  0.0377  0.0445  0.0381  0.0407  0.0325  0.0343  0.0306  0.0330  0.0312  0.0312
niter,ni,del,rscale     7    3    5.0000    1.2000
parameter  5  0.567115 ->  0.500000 qaram    1.3225
parameters
   -1.1027    7.8968   14.8291   -7.3614   -9.4680   -6.9414
    3.4978    3.3175   -2.1033   10.4793   -4.3468  -11.3163
eta,q 0.97144  9.01350
  0.0328  0.0328  0.0301  0.0305  0.0290  0.0299  0.0307  0.0315  0.0299  0.0313  0.0292  0.0293
  0.0312  0.0315  0.0296  0.0298  0.0288  0.0290  0.0296  0.0299  0.0293  0.0301  0.0288  0.0288
  0.0302  0.0306  0.0295  0.0293  0.0288  0.0288  0.0289  0.0289  0.0289  0.0292  0.0286  0.0286
  0.0300  0.0300  0.0298  0.0295  0.0293  0.0287  0.0288  0.0288  0.0287  0.0287  0.0286  0.0286
  0.0304  0.0298  0.0303  0.0309  0.0302  0.0292  0.0292  0.0292  0.0289  0.0286  0.0287  0.0288
  0.0315  0.0299  0.0312  0.0334  0.0314  0.0310  0.0301  0.0302  0.0294  0.0288  0.0289  0.0293
  0.0333  0.0305  0.0322  0.0362  0.0331  0.0346  0.0314  0.0319  0.0301  0.0293  0.0293  0.0300
niter,ni,del,rscale     7    3    5.0000    1.2000
parameter  2 -0.611361 -> -0.500000 qaram    1.1500
parameters
   -0.9460    9.2768   14.3658   -9.3875  -12.9346   -8.6279
    3.0354    3.4806   -2.4535   13.7477   -3.6932  -11.4323
eta,q 0.97298  8.69307
  0.0316  0.0322  0.0287  0.0289  0.0286  0.0290  0.0294  0.0303  0.0288  0.0308  0.0278  0.0281
  0.0300  0.0306  0.0282  0.0284  0.0278  0.0279  0.0282  0.0288  0.0280  0.0293  0.0274  0.0275
  0.0290  0.0294  0.0280  0.0281  0.0276  0.0274  0.0276  0.0277  0.0275  0.0281  0.0272  0.0272
  0.0286  0.0285  0.0280  0.0279  0.0281  0.0276  0.0274  0.0274  0.0274  0.0274  0.0270  0.0270
  0.0287  0.0281  0.0282  0.0283  0.0288  0.0280  0.0278  0.0277  0.0276  0.0271  0.0271  0.0272
  0.0295  0.0280  0.0288  0.0294  0.0299  0.0290  0.0287  0.0287  0.0282  0.0271  0.0273  0.0276
  0.0309  0.0282  0.0296  0.0318  0.0314  0.0315  0.0299  0.0300  0.0291  0.0276  0.0276  0.0282
niter,ni,del,rscale     7    3    5.0000    1.2000
parameter  2 -0.531868 -> -0.500000 qaram    1.3225
parameters
   -0.8131   10.8638   13.7394  -10.8834  -15.0475  -10.0809
    2.7358    3.6488   -2.8958   15.6733   -3.8606  -12.2842
eta,q 0.97428  8.47459
  0.0298  0.0320  0.0269  0.0271  0.0278  0.0276  0.0280  0.0289  0.0274  0.0292  0.0265  0.0265
  0.0283  0.0300  0.0264  0.0264  0.0267  0.0265  0.0268  0.0273  0.0265  0.0276  0.0261  0.0260
  0.0274  0.0282  0.0262  0.0262  0.0261  0.0259  0.0260  0.0263  0.0260  0.0265  0.0258  0.0258
  0.0270  0.0270  0.0263  0.0262  0.0262  0.0260  0.0259  0.0259  0.0259  0.0258  0.0257  0.0257
  0.0272  0.0264  0.0266  0.0264  0.0271  0.0266  0.0262  0.0262  0.0261  0.0257  0.0258  0.0259
  0.0279  0.0264  0.0272  0.0270  0.0284  0.0275  0.0271  0.0272  0.0268  0.0261  0.0261  0.0264
  0.0293  0.0269  0.0281  0.0285  0.0300  0.0294  0.0283  0.0286  0.0279  0.0269  0.0265  0.0270
niter,ni,del,rscale     7    3    5.0000    1.2000
parameters
   -0.7406   11.3181   13.1775  -10.9342  -15.3233  -10.6976
    2.6727    3.7771   -2.9653   16.5985   -3.9321  -12.7044
eta,q 0.97446  8.44637
  0.0283  0.0303  0.0263  0.0271  0.0282  0.0276  0.0278  0.0285  0.0273  0.0282  0.0263  0.0264
  0.0269  0.0279  0.0258  0.0261  0.0268  0.0264  0.0266  0.0270  0.0264  0.0268  0.0259  0.0259
  0.0260  0.0264  0.0256  0.0256  0.0259  0.0257  0.0258  0.0259  0.0258  0.0259  0.0256  0.0256
  0.0257  0.0257  0.0257  0.0256  0.0256  0.0256  0.0255  0.0255  0.0255  0.0255  0.0255  0.0255
  0.0259  0.0258  0.0260  0.0258  0.0260  0.0261  0.0259  0.0259  0.0258  0.0257  0.0256  0.0257
  0.0267  0.0267  0.0266  0.0262  0.0270  0.0268  0.0267  0.0269  0.0264  0.0262  0.0259  0.0261
  0.0280  0.0282  0.0274  0.0271  0.0286  0.0283  0.0279  0.0283  0.0274  0.0271  0.0264  0.0267
niter,ni,del,rscale     6    3    5.0000    1.2000
parameters
   -0.7199   11.5374   12.8693  -10.9894  -15.4322  -11.0915
    2.6402    3.8192   -2.9924   17.0581   -3.9805  -12.8831
eta,q 0.97450  8.42952
  0.0280  0.0295  0.0264  0.0270  0.0282  0.0276  0.0278  0.0284  0.0273  0.0278  0.0263  0.0265
  0.0267  0.0274  0.0259  0.0260  0.0268  0.0264  0.0266  0.0269  0.0263  0.0266  0.0259  0.0259
  0.0258  0.0260  0.0256  0.0255  0.0258  0.0256  0.0257  0.0259  0.0257  0.0258  0.0256  0.0256
  0.0255  0.0255  0.0255  0.0255  0.0255  0.0255  0.0255  0.0255  0.0255  0.0255  0.0255  0.0255
  0.0258  0.0258  0.0258  0.0257  0.0259  0.0260  0.0258  0.0259  0.0257  0.0257  0.0256  0.0256
  0.0266  0.0269  0.0263  0.0261  0.0269  0.0266  0.0266  0.0269  0.0263  0.0263  0.0259  0.0260
  0.0280  0.0284  0.0270  0.0270  0.0283  0.0280  0.0278  0.0283  0.0273  0.0272  0.0263  0.0266
niter,ni,del,rscale     5    3    5.0000    1.2000
parameters
   -0.7146   11.6564   12.6840  -11.0161  -15.5019  -11.3641
    2.6236    3.8291   -2.9941   17.2936   -3.9971  -12.9661
eta,q 0.97452  8.41791
  0.0280  0.0292  0.0265  0.0270  0.0282  0.0276  0.0278  0.0284  0.0272  0.0277  0.0263  0.0265
  0.0266  0.0271  0.0259  0.0260  0.0268  0.0264  0.0266  0.0269  0.0263  0.0264  0.0259  0.0259
  0.0258  0.0259  0.0256  0.0255  0.0258  0.0257  0.0257  0.0258  0.0257  0.0257  0.0256  0.0256
  0.0255  0.0255  0.0255  0.0255  0.0255  0.0255  0.0255  0.0255  0.0255  0.0255  0.0255  0.0255
  0.0258  0.0259  0.0257  0.0257  0.0259  0.0259  0.0258  0.0258  0.0257  0.0257  0.0256  0.0256
  0.0266  0.0269  0.0261  0.0261  0.0268  0.0266  0.0266  0.0269  0.0263  0.0264  0.0259  0.0260
  0.0279  0.0285  0.0268  0.0270  0.0283  0.0278  0.0278  0.0283  0.0273  0.0273  0.0263  0.0265
niter,ni,del,rscale     4    3    5.0000    1.2000
parameters
   -0.7140   11.7278   12.5705  -11.0355  -15.5433  -11.5483
    2.6217    3.8342   -3.0001   17.4340   -4.0111  -13.0035
eta,q 0.97452  8.41009
  0.0279  0.0290  0.0265  0.0271  0.0282  0.0276  0.0278  0.0284  0.0272  0.0276  0.0263  0.0265
  0.0266  0.0270  0.0259  0.0260  0.0268  0.0265  0.0266  0.0269  0.0263  0.0264  0.0259  0.0259
  0.0258  0.0258  0.0256  0.0255  0.0258  0.0257  0.0257  0.0258  0.0257  0.0257  0.0256  0.0256
  0.0255  0.0255  0.0255  0.0255  0.0255  0.0255  0.0255  0.0255  0.0255  0.0255  0.0255  0.0255
  0.0258  0.0259  0.0257  0.0257  0.0258  0.0259  0.0258  0.0259  0.0257  0.0258  0.0256  0.0256
  0.0266  0.0270  0.0261  0.0261  0.0268  0.0265  0.0266  0.0269  0.0263  0.0264  0.0259  0.0259
  0.0279  0.0286  0.0267  0.0269  0.0282  0.0278  0.0278  0.0283  0.0273  0.0273  0.0263  0.0265
niter,ni,del,rscale     3    3    5.0000    1.2000
parameters
   -0.7159   11.7703   12.4977  -11.0502  -15.5723  -11.6714
    2.6170    3.8334   -2.9944   17.5175   -3.9974  -13.0285
eta,q 0.97453  8.40464
  0.0279  0.0289  0.0266  0.0271  0.0282  0.0276  0.0278  0.0284  0.0272  0.0275  0.0263  0.0265
  0.0266  0.0270  0.0259  0.0260  0.0268  0.0265  0.0266  0.0269  0.0263  0.0264  0.0259  0.0259
  0.0257  0.0258  0.0256  0.0255  0.0258  0.0257  0.0257  0.0258  0.0257  0.0257  0.0256  0.0256
  0.0255  0.0255  0.0255  0.0255  0.0255  0.0255  0.0255  0.0255  0.0255  0.0255  0.0255  0.0255
  0.0258  0.0259  0.0256  0.0257  0.0258  0.0259  0.0258  0.0259  0.0257  0.0258  0.0256  0.0256
  0.0266  0.0270  0.0260  0.0261  0.0267  0.0265  0.0266  0.0269  0.0263  0.0264  0.0259  0.0259
  0.0279  0.0286  0.0267  0.0269  0.0282  0.0277  0.0278  0.0283  0.0272  0.0273  0.0263  0.0265
niter,ni,del,rscale     2    3    5.0000    1.2000
parameters
   -0.7183   11.7994   12.4496  -11.0547  -15.5960  -11.7547
    2.6187    3.8305   -2.9995   17.5779   -4.0048  -13.0362
eta,q 0.97452  8.40112
  0.0279  0.0289  0.0266  0.0271  0.0281  0.0276  0.0278  0.0284  0.0272  0.0275  0.0263  0.0265
  0.0266  0.0269  0.0260  0.0260  0.0268  0.0265  0.0266  0.0269  0.0263  0.0263  0.0259  0.0259
  0.0257  0.0258  0.0256  0.0255  0.0258  0.0257  0.0257  0.0258  0.0257  0.0256  0.0256  0.0256
  0.0255  0.0255  0.0255  0.0255  0.0255  0.0255  0.0255  0.0255  0.0255  0.0255  0.0255  0.0255
  0.0258  0.0259  0.0256  0.0257  0.0258  0.0259  0.0258  0.0259  0.0257  0.0258  0.0256  0.0256
  0.0266  0.0270  0.0260  0.0261  0.0267  0.0265  0.0266  0.0269  0.0263  0.0264  0.0259  0.0259
  0.0279  0.0286  0.0267  0.0269  0.0282  0.0277  0.0278  0.0283  0.0272  0.0273  0.0263  0.0265
niter,ni,del,rscale     1    3    5.0000    1.2000
parameters
   -0.7197   11.8184   12.4156  -11.0511  -15.6103  -11.8161
    2.6199    3.8282   -3.0008   17.6193   -3.9888  -13.0495
eta,q 0.97452  8.39891
  0.0279  0.0288  0.0266  0.0271  0.0281  0.0276  0.0278  0.0284  0.0272  0.0275  0.0263  0.0265
  0.0266  0.0269  0.0260  0.0260  0.0268  0.0265  0.0266  0.0269  0.0263  0.0263  0.0259  0.0259
  0.0257  0.0258  0.0256  0.0255  0.0258  0.0257  0.0257  0.0258  0.0257  0.0256  0.0256  0.0256
  0.0255  0.0255  0.0255  0.0255  0.0255  0.0255  0.0255  0.0255  0.0255  0.0255  0.0255  0.0255
  0.0258  0.0259  0.0256  0.0257  0.0258  0.0259  0.0258  0.0259  0.0257  0.0258  0.0256  0.0256
  0.0266  0.0270  0.0260  0.0261  0.0267  0.0265  0.0266  0.0269  0.0263  0.0264  0.0259  0.0259
  0.0279  0.0286  0.0266  0.0269  0.0282  0.0277  0.0278  0.0283  0.0272  0.0273  0.0263  0.0265
registration optimization eta report
parameter search radius
    2.4000    3.1740    2.4000    8.2800    9.5220    8.2800
    7.2000    7.2000    7.2000    7.2000    7.2000    7.2000
100000*second partial in parameter space
       42.       32.       20.        2.        3.        3.
        4.        5.        3.        4.        2.        2.
  0.0279  0.0288  0.0266  0.0271  0.0281  0.0276  0.0278  0.0284  0.0272  0.0275  0.0263  0.0265
  0.0266  0.0269  0.0260  0.0260  0.0268  0.0265  0.0266  0.0269  0.0263  0.0263  0.0259  0.0259
  0.0257  0.0258  0.0256  0.0255  0.0258  0.0257  0.0257  0.0258  0.0257  0.0256  0.0256  0.0256
  0.0255  0.0255  0.0255  0.0255  0.0255  0.0255  0.0255  0.0255  0.0255  0.0255  0.0255  0.0255
  0.0258  0.0259  0.0256  0.0257  0.0258  0.0259  0.0258  0.0259  0.0257  0.0258  0.0256  0.0256
  0.0266  0.0270  0.0260  0.0261  0.0267  0.0265  0.0266  0.0269  0.0263  0.0264  0.0259  0.0259
  0.0279  0.0286  0.0266  0.0269  0.0282  0.0277  0.0278  0.0283  0.0272  0.0273  0.0263  0.0265
   -0.7197   11.8184   12.4156  -11.0511  -15.6103  -11.8161
    2.6199    3.8282   -3.0008   17.6193   -3.9888  -13.0495
eta,q 0.97452  8.39891

---------------------------------------------------------------------
imgreg_4dfp /opt/freesurfer/average/711-2C_as_mni_average_305 /opt/freesurfer/average/711-2B_as_mni_average_305_mask talsrcimg_g11 none talsrcimg_to_711-2C_as_mni_average_305_t4 2311
---------------------------------------------------------------------

freesurfer imgreg_4dfp.c
/opt/freesurfer/average/711-2C_as_mni_average_305.4dfp.img
       256       256       256         1
  1.000000  1.000000  1.000000
orientation T byte_order littleendian
Reading image: /opt/freesurfer/average/711-2C_as_mni_average_305.4dfp.img
dimensions:      256       256       256
mmppix:       1.0000   -1.0000   -1.0000
center:     128.0000 -129.0000 -129.0000
/opt/freesurfer/average/711-2B_as_mni_average_305_mask.4dfp.img
       256       256       256         1
  1.000000  1.000000  1.000000
orientation T byte_order littleendian
Reading mask: /opt/freesurfer/average/711-2B_as_mni_average_305_mask.4dfp.img (2306576 pixels)
talsrcimg_g11.4dfp.img
       256       256       256         1
  1.000000  1.000000  1.000000
orientation T byte_order littleendian
Reading image: talsrcimg_g11.4dfp.img
dimensions:      256       256       256
mmppix:       1.0000   -1.0000   -1.0000
center:     128.0000 -129.0000 -129.0000
fimgreg.f
image alignment mode   2311 decimal      907 hex
parameters
   -0.7197   11.8184   12.4156  -11.0511  -15.6103  -11.8161
    2.6199    3.8282   -3.0008   17.6193   -3.9888  -13.0495
eta,q 0.97452  8.39891
niter,ni,del,rscale     5    3    5.0000    0.8000
parameters
   -0.7267   11.7510   12.3974  -11.5905  -15.5040  -11.9877
    2.5819    3.8318   -2.9617   17.3097   -3.9960  -12.9551
eta,q 0.97457  8.36764
  0.0266  0.0263  0.0260  0.0258  0.0262  0.0262  0.0265  0.0269  0.0263  0.0262  0.0258  0.0259
  0.0259  0.0258  0.0257  0.0255  0.0258  0.0258  0.0259  0.0261  0.0258  0.0258  0.0256  0.0256
  0.0256  0.0255  0.0255  0.0254  0.0256  0.0255  0.0256  0.0256  0.0255  0.0255  0.0255  0.0255
  0.0255  0.0255  0.0255  0.0255  0.0254  0.0254  0.0254  0.0254  0.0254  0.0254  0.0254  0.0254
  0.0256  0.0256  0.0255  0.0256  0.0255  0.0256  0.0256  0.0256  0.0255  0.0256  0.0255  0.0255
  0.0260  0.0259  0.0257  0.0257  0.0258  0.0259  0.0260  0.0261  0.0258  0.0259  0.0256  0.0256
  0.0266  0.0264  0.0260  0.0260  0.0262  0.0263  0.0266  0.0269  0.0263  0.0264  0.0258  0.0259
niter,ni,del,rscale     4    3    5.0000    0.7000
parameters
   -0.7542   11.7372   12.3947  -11.6828  -15.4977  -12.0873
    2.5910    3.8032   -2.9350   17.2338   -3.9914  -12.9326
eta,q 0.97457  8.35893
  0.0263  0.0261  0.0258  0.0258  0.0260  0.0261  0.0263  0.0265  0.0261  0.0261  0.0257  0.0258
  0.0258  0.0257  0.0256  0.0255  0.0257  0.0257  0.0258  0.0259  0.0257  0.0257  0.0256  0.0256
  0.0255  0.0255  0.0255  0.0254  0.0255  0.0255  0.0255  0.0256  0.0255  0.0255  0.0255  0.0255
  0.0254  0.0254  0.0254  0.0254  0.0254  0.0254  0.0254  0.0254  0.0254  0.0254  0.0254  0.0254
  0.0255  0.0255  0.0255  0.0255  0.0255  0.0255  0.0255  0.0256  0.0255  0.0255  0.0255  0.0255
  0.0258  0.0257  0.0256  0.0256  0.0257  0.0258  0.0258  0.0260  0.0257  0.0258  0.0256  0.0256
  0.0263  0.0261  0.0258  0.0258  0.0260  0.0261  0.0263  0.0266  0.0261  0.0261  0.0257  0.0258
niter,ni,del,rscale     3    3    5.0000    0.6000
parameters
   -0.7688   11.7347   12.3780  -11.8546  -15.4793  -12.1714
    2.5959    3.7895   -2.9286   17.1901   -3.9666  -12.9175
eta,q 0.97459  8.34811
  0.0260  0.0259  0.0257  0.0257  0.0259  0.0259  0.0261  0.0263  0.0259  0.0259  0.0257  0.0257
  0.0257  0.0256  0.0255  0.0255  0.0256  0.0256  0.0257  0.0258  0.0256  0.0256  0.0255  0.0255
  0.0255  0.0255  0.0255  0.0254  0.0255  0.0255  0.0255  0.0255  0.0255  0.0255  0.0254  0.0254
  0.0254  0.0254  0.0254  0.0254  0.0254  0.0254  0.0254  0.0254  0.0254  0.0254  0.0254  0.0254
  0.0255  0.0255  0.0255  0.0255  0.0255  0.0255  0.0255  0.0255  0.0255  0.0255  0.0254  0.0254
  0.0257  0.0256  0.0256  0.0256  0.0256  0.0257  0.0257  0.0258  0.0256  0.0257  0.0255  0.0255
  0.0261  0.0259  0.0257  0.0257  0.0259  0.0260  0.0261  0.0263  0.0259  0.0259  0.0257  0.0257
niter,ni,del,rscale     2    3    5.0000    0.5000
parameters
   -0.7840   11.7390   12.3575  -11.9921  -15.4631  -12.2532
    2.5997    3.7697   -2.9299   17.1629   -3.9774  -12.9158
eta,q 0.97459  8.33934
  0.0258  0.0258  0.0256  0.0256  0.0257  0.0258  0.0259  0.0260  0.0257  0.0258  0.0256  0.0256
  0.0256  0.0256  0.0255  0.0255  0.0256  0.0256  0.0256  0.0257  0.0256  0.0256  0.0255  0.0255
  0.0255  0.0254  0.0254  0.0254  0.0254  0.0254  0.0255  0.0255  0.0254  0.0254  0.0254  0.0254
  0.0254  0.0254  0.0254  0.0254  0.0254  0.0254  0.0254  0.0254  0.0254  0.0254  0.0254  0.0254
  0.0255  0.0255  0.0254  0.0255  0.0255  0.0255  0.0255  0.0255  0.0254  0.0255  0.0254  0.0254
  0.0256  0.0256  0.0255  0.0255  0.0255  0.0256  0.0256  0.0257  0.0256  0.0256  0.0255  0.0255
  0.0259  0.0257  0.0256  0.0256  0.0257  0.0258  0.0259  0.0260  0.0257  0.0258  0.0256  0.0256
niter,ni,del,rscale     1    3    5.0000    0.4000
parameters
   -0.7927   11.7414   12.3363  -12.1550  -15.4604  -12.3023
    2.6017    3.7663   -2.9163   17.1452   -4.0016  -12.9016
eta,q 0.97459  8.33006
  0.0257  0.0256  0.0255  0.0255  0.0256  0.0257  0.0257  0.0258  0.0256  0.0256  0.0255  0.0255
  0.0255  0.0255  0.0255  0.0254  0.0255  0.0255  0.0255  0.0256  0.0255  0.0255  0.0255  0.0255
  0.0254  0.0254  0.0254  0.0254  0.0254  0.0254  0.0254  0.0254  0.0254  0.0254  0.0254  0.0254
  0.0254  0.0254  0.0254  0.0254  0.0254  0.0254  0.0254  0.0254  0.0254  0.0254  0.0254  0.0254
  0.0254  0.0254  0.0254  0.0254  0.0254  0.0254  0.0254  0.0254  0.0254  0.0254  0.0254  0.0254
  0.0256  0.0255  0.0255  0.0255  0.0255  0.0255  0.0255  0.0256  0.0255  0.0255  0.0255  0.0255
  0.0257  0.0256  0.0255  0.0255  0.0256  0.0257  0.0257  0.0258  0.0256  0.0256  0.0255  0.0255
registration optimization eta report
parameter search radius
    0.8000    0.8000    0.8000    2.4000    2.4000    2.4000
    2.4000    2.4000    2.4000    2.4000    2.4000    2.4000
100000*second partial in parameter space
       45.       35.       21.        2.        4.        5.
        5.        7.        4.        4.        2.        2.
  0.0257  0.0256  0.0255  0.0255  0.0256  0.0257  0.0257  0.0258  0.0256  0.0256  0.0255  0.0255
  0.0255  0.0255  0.0255  0.0254  0.0255  0.0255  0.0255  0.0256  0.0255  0.0255  0.0255  0.0255
  0.0254  0.0254  0.0254  0.0254  0.0254  0.0254  0.0254  0.0254  0.0254  0.0254  0.0254  0.0254
  0.0254  0.0254  0.0254  0.0254  0.0254  0.0254  0.0254  0.0254  0.0254  0.0254  0.0254  0.0254
  0.0254  0.0254  0.0254  0.0254  0.0254  0.0254  0.0254  0.0254  0.0254  0.0254  0.0254  0.0254
  0.0256  0.0255  0.0255  0.0255  0.0255  0.0255  0.0255  0.0256  0.0255  0.0255  0.0255  0.0255
  0.0257  0.0256  0.0255  0.0255  0.0256  0.0257  0.0257  0.0258  0.0256  0.0256  0.0255  0.0255
   -0.7927   11.7414   12.3363  -12.1550  -15.4604  -12.3023
    2.6017    3.7663   -2.9163   17.1452   -4.0016  -12.9016
eta,q 0.97459  8.33006

---------------------------------------------------------------------
imgreg_4dfp /opt/freesurfer/average/711-2C_as_mni_average_305 /opt/freesurfer/average/711-2B_as_mni_average_305_mask talsrcimg_g11 none talsrcimg_to_711-2C_as_mni_average_305_t4 2311
---------------------------------------------------------------------

freesurfer imgreg_4dfp.c
/opt/freesurfer/average/711-2C_as_mni_average_305.4dfp.img
       256       256       256         1
  1.000000  1.000000  1.000000
orientation T byte_order littleendian
Reading image: /opt/freesurfer/average/711-2C_as_mni_average_305.4dfp.img
dimensions:      256       256       256
mmppix:       1.0000   -1.0000   -1.0000
center:     128.0000 -129.0000 -129.0000
/opt/freesurfer/average/711-2B_as_mni_average_305_mask.4dfp.img
       256       256       256         1
  1.000000  1.000000  1.000000
orientation T byte_order littleendian
Reading mask: /opt/freesurfer/average/711-2B_as_mni_average_305_mask.4dfp.img (2306576 pixels)
talsrcimg_g11.4dfp.img
       256       256       256         1
  1.000000  1.000000  1.000000
orientation T byte_order littleendian
Reading image: talsrcimg_g11.4dfp.img
dimensions:      256       256       256
mmppix:       1.0000   -1.0000   -1.0000
center:     128.0000 -129.0000 -129.0000
fimgreg.f
image alignment mode   2311 decimal      907 hex
parameters
   -0.7927   11.7414   12.3363  -12.1550  -15.4604  -12.3023
    2.6017    3.7663   -2.9163   17.1452   -4.0016  -12.9016
eta,q 0.97459  8.33007
niter,ni,del,rscale     5    3    5.0000    0.8000
parameters
   -0.7891   11.7716   12.3398  -11.5905  -15.5158  -12.1623
    2.6272    3.7548   -2.9242   17.3254   -3.9531  -12.9473
eta,q 0.97457  8.36059
  0.0266  0.0263  0.0259  0.0261  0.0262  0.0264  0.0266  0.0269  0.0263  0.0264  0.0258  0.0259
  0.0259  0.0258  0.0256  0.0257  0.0258  0.0259  0.0259  0.0261  0.0258  0.0259  0.0256  0.0256
  0.0255  0.0255  0.0255  0.0255  0.0255  0.0255  0.0255  0.0256  0.0255  0.0255  0.0255  0.0255
  0.0254  0.0254  0.0254  0.0254  0.0254  0.0254  0.0254  0.0254  0.0254  0.0254  0.0254  0.0254
  0.0255  0.0255  0.0255  0.0255  0.0255  0.0255  0.0256  0.0256  0.0255  0.0255  0.0255  0.0255
  0.0259  0.0258  0.0256  0.0256  0.0258  0.0259  0.0259  0.0261  0.0258  0.0258  0.0256  0.0256
  0.0266  0.0262  0.0259  0.0258  0.0262  0.0262  0.0265  0.0269  0.0263  0.0263  0.0258  0.0259
niter,ni,del,rscale     4    3    5.0000    0.7000
parameters
   -0.7762   11.7580   12.3404  -11.6982  -15.4992  -12.1851
    2.6089    3.7720   -2.9497   17.2898   -3.9518  -12.9380
eta,q 0.97458  8.35519
  0.0263  0.0261  0.0258  0.0258  0.0260  0.0261  0.0263  0.0266  0.0261  0.0261  0.0257  0.0258
  0.0258  0.0257  0.0256  0.0255  0.0257  0.0257  0.0258  0.0260  0.0257  0.0257  0.0256  0.0256
  0.0255  0.0255  0.0255  0.0254  0.0255  0.0255  0.0255  0.0256  0.0255  0.0255  0.0255  0.0255
  0.0254  0.0254  0.0254  0.0254  0.0254  0.0254  0.0254  0.0254  0.0254  0.0254  0.0254  0.0254
  0.0255  0.0255  0.0255  0.0255  0.0255  0.0255  0.0255  0.0256  0.0255  0.0255  0.0255  0.0255
  0.0258  0.0257  0.0256  0.0256  0.0257  0.0258  0.0258  0.0259  0.0257  0.0258  0.0256  0.0256
  0.0263  0.0261  0.0258  0.0258  0.0260  0.0261  0.0263  0.0265  0.0261  0.0261  0.0257  0.0258
niter,ni,del,rscale     3    3    5.0000    0.6000
parameters
   -0.7755   11.7539   12.3403  -11.8407  -15.4941  -12.2341
    2.6104    3.7771   -2.9374   17.2332   -3.9658  -12.9278
eta,q 0.97458  8.34644
  0.0261  0.0259  0.0257  0.0257  0.0259  0.0260  0.0261  0.0263  0.0259  0.0259  0.0257  0.0257
  0.0257  0.0256  0.0256  0.0255  0.0256  0.0257  0.0257  0.0258  0.0256  0.0256  0.0255  0.0255
  0.0255  0.0255  0.0255  0.0254  0.0255  0.0255  0.0255  0.0255  0.0255  0.0255  0.0254  0.0254
  0.0254  0.0254  0.0254  0.0254  0.0254  0.0254  0.0254  0.0254  0.0254  0.0254  0.0254  0.0254
  0.0255  0.0255  0.0255  0.0255  0.0255  0.0255  0.0255  0.0255  0.0255  0.0255  0.0254  0.0254
  0.0257  0.0256  0.0256  0.0256  0.0256  0.0257  0.0257  0.0258  0.0256  0.0257  0.0255  0.0255
  0.0261  0.0259  0.0257  0.0257  0.0259  0.0260  0.0261  0.0263  0.0259  0.0259  0.0257  0.0257
niter,ni,del,rscale     2    3    5.0000    0.5000
parameters
   -0.7857   11.7512   12.3275  -12.0095  -15.4911  -12.2917
    2.6013    3.7675   -2.9254   17.1996   -3.9967  -12.9499
eta,q 0.97459  8.33668
  0.0259  0.0258  0.0256  0.0256  0.0257  0.0258  0.0259  0.0260  0.0257  0.0258  0.0256  0.0256
  0.0256  0.0256  0.0255  0.0255  0.0255  0.0256  0.0256  0.0257  0.0256  0.0256  0.0255  0.0255
  0.0255  0.0254  0.0254  0.0254  0.0254  0.0254  0.0255  0.0255  0.0254  0.0254  0.0254  0.0254
  0.0254  0.0254  0.0254  0.0254  0.0254  0.0254  0.0254  0.0254  0.0254  0.0254  0.0254  0.0254
  0.0255  0.0255  0.0254  0.0255  0.0254  0.0255  0.0255  0.0255  0.0254  0.0255  0.0254  0.0254
  0.0256  0.0256  0.0255  0.0255  0.0255  0.0256  0.0256  0.0257  0.0256  0.0256  0.0255  0.0255
  0.0259  0.0258  0.0256  0.0256  0.0257  0.0258  0.0259  0.0260  0.0257  0.0258  0.0256  0.0256
niter,ni,del,rscale     1    3    5.0000    0.4000
parameters
   -0.7988   11.7591   12.3117  -12.1782  -15.4712  -12.3309
    2.6149    3.7678   -2.9026   17.1811   -4.0257  -12.9298
eta,q 0.97460  8.32817
  0.0257  0.0256  0.0255  0.0255  0.0256  0.0257  0.0257  0.0258  0.0256  0.0256  0.0255  0.0255
  0.0255  0.0255  0.0255  0.0254  0.0255  0.0255  0.0255  0.0256  0.0255  0.0255  0.0255  0.0255
  0.0254  0.0254  0.0254  0.0254  0.0254  0.0254  0.0254  0.0254  0.0254  0.0254  0.0254  0.0254
  0.0254  0.0254  0.0254  0.0254  0.0254  0.0254  0.0254  0.0254  0.0254  0.0254  0.0254  0.0254
  0.0254  0.0254  0.0254  0.0254  0.0254  0.0254  0.0254  0.0255  0.0254  0.0254  0.0254  0.0254
  0.0256  0.0255  0.0255  0.0255  0.0255  0.0255  0.0255  0.0256  0.0255  0.0255  0.0255  0.0255
  0.0257  0.0256  0.0255  0.0255  0.0256  0.0257  0.0257  0.0258  0.0256  0.0256  0.0255  0.0255
registration optimization eta report
parameter search radius
    0.8000    0.8000    0.8000    2.4000    2.4000    2.4000
    2.4000    2.4000    2.4000    2.4000    2.4000    2.4000
100000*second partial in parameter space
       45.       34.       21.        2.        4.        5.
        5.        7.        4.        4.        2.        2.
  0.0257  0.0256  0.0255  0.0255  0.0256  0.0257  0.0257  0.0258  0.0256  0.0256  0.0255  0.0255
  0.0255  0.0255  0.0255  0.0254  0.0255  0.0255  0.0255  0.0256  0.0255  0.0255  0.0255  0.0255
  0.0254  0.0254  0.0254  0.0254  0.0254  0.0254  0.0254  0.0254  0.0254  0.0254  0.0254  0.0254
  0.0254  0.0254  0.0254  0.0254  0.0254  0.0254  0.0254  0.0254  0.0254  0.0254  0.0254  0.0254
  0.0254  0.0254  0.0254  0.0254  0.0254  0.0254  0.0254  0.0255  0.0254  0.0254  0.0254  0.0254
  0.0256  0.0255  0.0255  0.0255  0.0255  0.0255  0.0255  0.0256  0.0255  0.0255  0.0255  0.0255
  0.0257  0.0256  0.0255  0.0255  0.0256  0.0257  0.0257  0.0258  0.0256  0.0256  0.0255  0.0255
   -0.7988   11.7591   12.3117  -12.1782  -15.4712  -12.3309
    2.6149    3.7678   -2.9026   17.1811   -4.0257  -12.9298
eta,q 0.97460  8.32817

---------------------------------------------------------------------
compute_vox2vox talsrcimg talsrcimg_to_711-2C_as_mni_average_305_t4 /opt/freesurfer/average/711-2C_as_mni_average_305
---------------------------------------------------------------------

freesurfer compute_vox2vox.c
Reading: talsrcimg.4dfp.ifh
Reading: talsrcimg_to_711-2C_as_mni_average_305_t4
Reading: /opt/freesurfer/average/711-2C_as_mni_average_305.4dfp.ifh
Writing: talsrcimg_to_711-2C_as_mni_average_305_t4_vox2vox.txt

start time Wed Mar 11 13:18:08 CET 2026
end		time Wed Mar 11 13:19:36 CET 2026

mpr2mni305 success

avi2talxfm orig_nu.mgz /opt/freesurfer/average/mni305.cor.mgz talsrcimg_to_711-2C_as_mni_average_305_t4_vox2vox.txt transforms/talairach.auto.xfm
avi2talxfm done
mv -f /out/sourcedata/freesurfer/sub-v2s17x50035_ses-1/mri/talsrcimg_to_711-2C_as_mni_average_305_t4_vox2vox.txt /out/sourcedata/freesurfer/sub-v2s17x50035_ses-1/mri/transforms/talsrcimg_to_711-2C_as_mni_average_305_t4_vox2vox.txt
lta_convert --src orig_nu.mgz --trg /opt/freesurfer/average/mni305.cor.mgz --inxfm transforms/talairach.auto.xfm --outlta transforms/talairach.auto.xfm.lta --subject fsaverage
7.3.2

--src: orig_nu.mgz src image (geometry).
--trg: /opt/freesurfer/average/mni305.cor.mgz trg image (geometry).
--inmni: transforms/talairach.auto.xfm input MNI/XFM transform.
--outlta: transforms/talairach.auto.xfm.lta output LTA.
--s: fsaverage subject name
 LTA read, type : 1
 1.13544  -0.04070  -0.04135  -1.56276;
 0.05620   1.10544   0.16735   28.66443;
 0.02757  -0.22609   1.14759  -63.12497;
 0.00000   0.00000   0.00000   1.00000;
setting subject to fsaverage
Writing  LTA to file transforms/talairach.auto.xfm.lta...
lta_convert successful.
 
 
Started at Wed Mar 11 13:18:08 CET 2026
Ended   at Wed Mar 11 13:19:36 CET 2026
talairach_avi done
