/out/sourcedata/freesurfer/sub-v2s17x50049_ses-1/mri
/opt/freesurfer/bin/talairach_avi
--i orig_nu.mgz --xfm transforms/talairach.auto.xfm
talairach_avi 7.3.2
Linux dna069 5.14.0-427.37.1.el9_4.x86_64 #1 SMP PREEMPT_DYNAMIC Fri Sep 13 12:41:50 EDT 2024 x86_64 x86_64 x86_64 GNU/Linux
Wed Mar 11 13:20:16 CET 2026
mri_convert orig_nu.mgz talsrcimg.img 
reading from orig_nu.mgz...
TR=0.00, TE=0.00, TI=0.00, flip angle=0.00
i_ras = (-1, 0, 0)
j_ras = (0, 0, -1)
k_ras = (0, 1, 0)
writing to talsrcimg.img...
Analyze Output Matrix
-1.00000   0.00000   0.00000   125.89304;
 0.00000   0.00000   1.00000  -127.94919;
 0.00000  -1.00000   0.00000   129.32437;
 0.00000   0.00000   0.00000   1.00000;
--------------------
INFO: set hdr.hist.orient to -1
mpr2mni305 talsrcimg
Wed Mar 11 13:20:16 CET 2026
/opt/freesurfer/bin/mpr2mni305 talsrcimg
mpr2mni305 7.3.2
target=711-2C_as_mni_average_305

---------------------------------------------------------------------
analyzeto4dfp talsrcimg -O0 -y
---------------------------------------------------------------------

freesurfer ifh2hdr.c
Wed Mar 11 13:20:17 2026
Writing: talsrcimg.4dfp.hdr
freesurfer analyzeto4dfp.c
Reading: talsrcimg.hdr
header size 348 bytes
hdr.dime.datatype	offset=70	value=2
hdr.dime.bitpix		offset=72	value=8
hdr.hist.orient		offset=252	value=-1
dimensionality     4
dimensions       256       256       256         1
Reading: talsrcimg.img
Writing: talsrcimg.4dfp.img
Writing: talsrcimg.4dfp.ifh
ifh2hdr talsrcimg -r0to255
ori=2

---------------------------------------------------------------------
gauss_4dfp talsrcimg 1.1
---------------------------------------------------------------------

freesurfer gauss_4dfp.c
Reading: talsrcimg.4dfp.img
Writing: talsrcimg_g11.4dfp.img
image dimensions 256 256 256 padded to 288 288 288
processing volume 1freesurfer ifh2hdr.c
Wed Mar 11 13:20:18 2026
Writing: talsrcimg_g11.4dfp.hdr

Writing: talsrcimg_g11.4dfp.ifh
including: talsrcimg.4dfp.img.rec in talsrcimg_g11.4dfp.img.rec

---------------------------------------------------------------------
imgreg_4dfp /opt/freesurfer/average/711-2C_as_mni_average_305 none talsrcimg_g11 none talsrcimg_to_711-2C_as_mni_average_305_t4 4355
---------------------------------------------------------------------

freesurfer imgreg_4dfp.c
/opt/freesurfer/average/711-2C_as_mni_average_305.4dfp.img
       256       256       256         1
  1.000000  1.000000  1.000000
orientation T byte_order littleendian
Reading image: /opt/freesurfer/average/711-2C_as_mni_average_305.4dfp.img
dimensions:      256       256       256
mmppix:       1.0000   -1.0000   -1.0000
center:     128.0000 -129.0000 -129.0000
talsrcimg_g11.4dfp.img
       256       256       256         1
  1.000000  1.000000  1.000000
orientation T byte_order littleendian
Reading image: talsrcimg_g11.4dfp.img
dimensions:      256       256       256
mmppix:       1.0000   -1.0000   -1.0000
center:     128.0000 -129.0000 -129.0000
t4_read: open error in t4_sub.f l:  41 t4_file(1:l)talsrcimg_to_711-2C_as_mni_average_305_t4 
t4_read: transform initialized to I4
rotation matrix determinant  1.000000
image alignment mode   4355 decimal     1103 hex
   -7.5000  -45.0000  -45.0000 8972.3574   11.2683
    0.0000  -45.0000  -45.0000 9420.2754   11.2535
    7.5000  -45.0000  -45.0000 9076.2588   11.2135
   -7.5000  -37.5000  -45.0000 9496.8389   11.2311
    0.0000  -37.5000  -45.0000 9970.0830   11.2229
    7.5000  -37.5000  -45.0000 9601.3955   11.1887
   -7.5000  -30.0000  -45.000010303.3584   11.1733
    0.0000  -30.0000  -45.000010809.0879   11.1679
    7.5000  -30.0000  -45.000010410.5635   11.1357
   -7.5000  -22.5000  -45.000010988.0918   11.1086
    0.0000  -22.5000  -45.000011527.8047   11.1001
    7.5000  -22.5000  -45.000011090.3809   11.0656
   -7.5000  -15.0000  -45.000011559.0068   11.0612
    0.0000  -15.0000  -45.000012125.9883   11.0481
    7.5000  -15.0000  -45.000011657.6934   11.0106
   -7.5000   -7.5000  -45.000012039.2607   11.0508
    0.0000   -7.5000  -45.000012633.2930   11.0349
    7.5000   -7.5000  -45.000012124.9844   10.9965
   -7.5000    0.0000  -45.000012444.6826   11.0581
    0.0000    0.0000  -45.000013054.2256   11.0447
    7.5000    0.0000  -45.000012548.7256   11.0092
   -7.5000    7.5000  -45.000011898.8301   11.0656
    0.0000    7.5000  -45.000012471.8711   11.0582
    7.5000    7.5000  -45.000011991.3691   11.0273
   -7.5000   15.0000  -45.000011253.1104   11.0656
    0.0000   15.0000  -45.000011765.6094   11.0605
    7.5000   15.0000  -45.000011310.9541   11.0306
   -7.5000   22.5000  -45.000010516.9287   11.1018
    0.0000   22.5000  -45.000010995.9248   11.0936
    7.5000   22.5000  -45.000010574.9336   11.0607
   -7.5000   30.0000  -45.0000 9747.6396   11.0651
    0.0000   30.0000  -45.000010203.0205   11.0520
    7.5000   30.0000  -45.0000 9796.9326   11.0165
   -7.5000   37.5000  -45.0000 9260.7822   11.2159
    0.0000   37.5000  -45.0000 9686.2285   11.2005
    7.5000   37.5000  -45.0000 9314.9971   11.1654
   -7.5000   45.0000  -45.0000 8504.5098   11.1372
    0.0000   45.0000  -45.0000 8899.2285   11.1235
    7.5000   45.0000  -45.0000 8555.4541   11.0934
   -7.5000  -45.0000  -37.5000 9540.1045   11.2658
    0.0000  -45.0000  -37.500010030.0303   11.2515
    7.5000  -45.0000  -37.5000 9671.0010   11.2125
   -7.5000  -37.5000  -37.500010070.1494   11.2240
    0.0000  -37.5000  -37.500010580.7705   11.2166
    7.5000  -37.5000  -37.500010200.1768   11.1836
   -7.5000  -30.0000  -37.500010916.3965   11.1643
    0.0000  -30.0000  -37.500011459.0684   11.1591
    7.5000  -30.0000  -37.500011021.9893   11.1282
   -7.5000  -22.5000  -37.500011639.3174   11.1030
    0.0000  -22.5000  -37.500012235.1504   11.0942
    7.5000  -22.5000  -37.500011746.1055   11.0605
   -7.5000  -15.0000  -37.500012217.2471   11.0599
    0.0000  -15.0000  -37.500012841.3730   11.0459
    7.5000  -15.0000  -37.500012332.6826   11.0089
   -7.5000   -7.5000  -37.500012695.9326   11.0494
    0.0000   -7.5000  -37.500013360.1221   11.0332
    7.5000   -7.5000  -37.500012810.0576   10.9952
   -7.5000    0.0000  -37.500013115.2910   11.0524
    0.0000    0.0000  -37.500013789.3516   11.0394
    7.5000    0.0000  -37.500013233.1279   11.0048
   -7.5000    7.5000  -37.500012518.3252   11.0554
    0.0000    7.5000  -37.500013160.8184   11.0487
    7.5000    7.5000  -37.500012618.5479   11.0191
   -7.5000   15.0000  -37.500011813.3350   11.0538
    0.0000   15.0000  -37.500012384.7920   11.0489
    7.5000   15.0000  -37.500011871.9365   11.0203
   -7.5000   22.5000  -37.500011015.8008   11.0935
    0.0000   22.5000  -37.500011547.9414   11.0846
    7.5000   22.5000  -37.500011075.0430   11.0525
   -7.5000   30.0000  -37.500010192.2969   11.0627
    0.0000   30.0000  -37.500010672.3535   11.0483
    7.5000   30.0000  -37.500010234.4443   11.0123
   -7.5000   37.5000  -37.5000 9643.4414   11.2126
    0.0000   37.5000  -37.500010091.5908   11.1957
    7.5000   37.5000  -37.5000 9689.1201   11.1599
   -7.5000   45.0000  -37.5000 8813.5371   11.1313
    0.0000   45.0000  -37.5000 9243.9941   11.1166
    7.5000   45.0000  -37.5000 8889.0283   11.0862
   -7.5000  -45.0000  -30.000010282.1299   11.7053
    0.0000  -45.0000  -30.000010811.3701   11.6912
    7.5000  -45.0000  -30.000010419.3701   11.6542
   -7.5000  -37.5000  -30.000010829.3643   11.6608
    0.0000  -37.5000  -30.000011394.3535   11.6525
    7.5000  -37.5000  -30.000010954.7373   11.6207
   -7.5000  -30.0000  -30.000011699.8008   11.6000
    0.0000  -30.0000  -30.000012315.2197   11.5923
    7.5000  -30.0000  -30.000011800.1270   11.5617
   -7.5000  -22.5000  -30.000012479.2520   11.5370
    0.0000  -22.5000  -30.000013118.5518   11.5251
    7.5000  -22.5000  -30.000012581.7334   11.4921
   -7.5000  -15.0000  -30.000013051.9463   11.4918
    0.0000  -15.0000  -30.000013740.0371   11.4755
    7.5000  -15.0000  -30.000013182.0254   11.4400
   -7.5000   -7.5000  -30.000013554.6172   11.4781
    0.0000   -7.5000  -30.000014279.0215   11.4612
    7.5000   -7.5000  -30.000013677.2100   11.4253
   -7.5000    0.0000  -30.000013991.9404   11.4781
    0.0000    0.0000  -30.000014744.0586   11.4655
    7.5000    0.0000  -30.000014118.7715   11.4330
   -7.5000    7.5000  -30.000013333.0859   11.4818
    0.0000    7.5000  -30.000014040.9111   11.4743
    7.5000    7.5000  -30.000013436.7383   11.4459
   -7.5000   15.0000  -30.000012561.7490   11.4830
    0.0000   15.0000  -30.000013211.9004   11.4756
    7.5000   15.0000  -30.000012625.2725   11.4474
   -7.5000   22.5000  -30.000011685.4980   11.5249
    0.0000   22.5000  -30.000012263.0596   11.5130
    7.5000   22.5000  -30.000011739.0654   11.4816
   -7.5000   30.0000  -30.000010790.1572   11.4964
    0.0000   30.0000  -30.000011315.2100   11.4794
    7.5000   30.0000  -30.000010841.3691   11.4447
   -7.5000   37.5000  -30.000010171.7852   11.6488
    0.0000   37.5000  -30.000010680.6318   11.6310
    7.5000   37.5000  -30.000010238.4619   11.5963
   -7.5000   45.0000  -30.0000 9285.0723   11.5669
    0.0000   45.0000  -30.0000 9738.5283   11.5516
    7.5000   45.0000  -30.0000 9352.3525   11.5219
   -7.5000  -45.0000  -22.500010955.5684   12.0880
    0.0000  -45.0000  -22.500011517.0068   12.0739
    7.5000  -45.0000  -22.500011077.1924   12.0383
   -7.5000  -37.5000  -22.500011523.8545   12.0496
    0.0000  -37.5000  -22.500012129.0625   12.0399
    7.5000  -37.5000  -22.500011653.2744   12.0080
   -7.5000  -30.0000  -22.500012435.2129   11.9932
    0.0000  -30.0000  -22.500013098.2188   11.9831
    7.5000  -30.0000  -22.500012552.1162   11.9514
   -7.5000  -22.5000  -22.500013242.7061   11.9256
    0.0000  -22.5000  -22.500013937.0684   11.9113
    7.5000  -22.5000  -22.500013371.8223   11.8780
   -7.5000  -15.0000  -22.500013825.6006   11.8714
    0.0000  -15.0000  -22.500014533.5566   11.8539
    7.5000  -15.0000  -22.500013959.1221   11.8196
   -7.5000   -7.5000  -22.500014331.5010   11.8520
    0.0000   -7.5000  -22.500015070.0332   11.8350
    7.5000   -7.5000  -22.500014462.3389   11.8011
   -7.5000    0.0000  -22.500014773.7012   11.8527
    0.0000    0.0000  -22.500015571.4844   11.8401
    7.5000    0.0000  -22.500014914.9229   11.8091
   -7.5000    7.5000  -22.500014065.3467   11.8639
    0.0000    7.5000  -22.500014839.5449   11.8551
    7.5000    7.5000  -22.500014180.3066   11.8267
   -7.5000   15.0000  -22.500013241.5156   11.8712
    0.0000   15.0000  -22.500013950.7012   11.8615
    7.5000   15.0000  -22.500013333.4385   11.8323
   -7.5000   22.5000  -22.500012293.4053   11.9116
    0.0000   22.5000  -22.500012928.1484   11.8975
    7.5000   22.5000  -22.500012359.7480   11.8660
   -7.5000   30.0000  -22.500011304.0928   11.8781
    0.0000   30.0000  -22.500011879.4971   11.8602
    7.5000   30.0000  -22.500011366.0361   11.8272
   -7.5000   37.5000  -22.500010668.7598   12.0310
    0.0000   37.5000  -22.500011207.7432   12.0139
    7.5000   37.5000  -22.500010741.3613   11.9814
   -7.5000   45.0000  -22.5000 9753.1055   11.9524
    0.0000   45.0000  -22.500010234.4336   11.9376
    7.5000   45.0000  -22.5000 9810.4707   11.9094
   -7.5000  -45.0000  -15.000011576.3496   12.3795
    0.0000  -45.0000  -15.000012168.1064   12.3655
    7.5000  -45.0000  -15.000011695.3291   12.3287
   -7.5000  -37.5000  -15.000012173.6230   12.3459
    0.0000  -37.5000  -15.000012804.5410   12.3359
    7.5000  -37.5000  -15.000012318.9512   12.3022
   -7.5000  -30.0000  -15.000013148.0684   12.2908
    0.0000  -30.0000  -15.000013818.5664   12.2805
    7.5000  -30.0000  -15.000013263.4834   12.2469
   -7.5000  -22.5000  -15.000014002.5498   12.2174
    0.0000  -22.5000  -15.000014701.1709   12.2032
    7.5000  -22.5000  -15.000014108.7520   12.1683
   -7.5000  -15.0000  -15.000014602.1885   12.1557
    0.0000  -15.0000  -15.000015314.0234   12.1386
    7.5000  -15.0000  -15.000014702.8633   12.1032
   -7.5000   -7.5000  -15.000015108.5605   12.1336
    0.0000   -7.5000  -15.000015847.0127   12.1173
    7.5000   -7.5000  -15.000015188.9072   12.0826
   -7.5000    0.0000  -15.000015538.1152   12.1375
    0.0000    0.0000  -15.000016372.3223   12.1251
    7.5000    0.0000  -15.000015643.7451   12.0931
   -7.5000    7.5000  -15.000014782.3555   12.1549
    0.0000    7.5000  -15.000015595.5127   12.1459
    7.5000    7.5000  -15.000014890.3359   12.1159
   -7.5000   15.0000  -15.000013874.1592   12.1650
    0.0000   15.0000  -15.000014621.8936   12.1551
    7.5000   15.0000  -15.000013952.2588   12.1241
   -7.5000   22.5000  -15.000012843.2295   12.2022
    0.0000   22.5000  -15.000013532.6553   12.1883
    7.5000   22.5000  -15.000012907.2646   12.1555
   -7.5000   30.0000  -15.000011786.9961   12.1634
    0.0000   30.0000  -15.000012418.8975   12.1465
    7.5000   30.0000  -15.000011860.5283   12.1134
   -7.5000   37.5000  -15.000011148.8838   12.3187
    0.0000   37.5000  -15.000011737.0039   12.3034
    7.5000   37.5000  -15.000011218.3477   12.2712
   -7.5000   45.0000  -15.000010182.5342   12.2464
    0.0000   45.0000  -15.000010700.9521   12.2330
    7.5000   45.0000  -15.000010230.4824   12.2051
   -7.5000  -45.0000   -7.500012187.6348   12.5291
    0.0000  -45.0000   -7.500012825.0908   12.5143
    7.5000  -45.0000   -7.500012326.4238   12.4737
   -7.5000  -37.5000   -7.500012803.7256   12.4923
    0.0000  -37.5000   -7.500013477.0693   12.4829
    7.5000  -37.5000   -7.500012967.5391   12.4469
   -7.5000  -30.0000   -7.500013826.0430   12.4325
    0.0000  -30.0000   -7.500014500.9082   12.4244
    7.5000  -30.0000   -7.500013940.2314   12.3894
   -7.5000  -22.5000   -7.500014750.5996   12.3568
    0.0000  -22.5000   -7.500015471.5996   12.3453
    7.5000  -22.5000   -7.500014871.3535   12.3085
   -7.5000  -15.0000   -7.500015412.3125   12.2956
    0.0000  -15.0000   -7.500016163.3740   12.2804
    7.5000  -15.0000   -7.500015526.8740   12.2420
   -7.5000   -7.5000   -7.500015985.9189   12.2767
    0.0000   -7.5000   -7.500016722.5938   12.2606
    7.5000   -7.5000   -7.500016038.7422   12.2221
   -7.5000    0.0000   -7.500016385.0156   12.2832
    0.0000    0.0000   -7.500017179.9180   12.2701
    7.5000    0.0000   -7.500016451.4336   12.2346
   -7.5000    7.5000   -7.500015542.2197   12.2989
    0.0000    7.5000   -7.500016320.3936   12.2904
    7.5000    7.5000   -7.500015601.2285   12.2582
   -7.5000   15.0000   -7.500014540.1113   12.3054
    0.0000   15.0000   -7.500015279.9922   12.2977
    7.5000   15.0000   -7.500014582.7383   12.2654
   -7.5000   22.5000   -7.500013434.3965   12.3402
    0.0000   22.5000   -7.500014159.1934   12.3292
    7.5000   22.5000   -7.500013507.7627   12.2943
   -7.5000   30.0000   -7.500012353.1768   12.3018
    0.0000   30.0000   -7.500012972.7031   12.2871
    7.5000   30.0000   -7.500012399.4170   12.2514
   -7.5000   37.5000   -7.500011685.6562   12.4626
    0.0000   37.5000   -7.500012258.6367   12.4479
    7.5000   37.5000   -7.500011728.1094   12.4131
   -7.5000   45.0000   -7.500010664.3604   12.3956
    0.0000   45.0000   -7.500011191.9551   12.3827
    7.5000   45.0000   -7.500010699.7021   12.3528
   -7.5000  -45.0000    0.000012722.2266   12.5508
    0.0000  -45.0000    0.000013325.3340   12.5353
    7.5000  -45.0000    0.000012851.2861   12.4918
   -7.5000  -37.5000    0.000013347.2080   12.5063
    0.0000  -37.5000    0.000013959.7676   12.4981
    7.5000  -37.5000    0.000013478.2900   12.4611
   -7.5000  -30.0000    0.000014371.7490   12.4395
    0.0000  -30.0000    0.000015023.6123   12.4344
    7.5000  -30.0000    0.000014479.6191   12.3995
   -7.5000  -22.5000    0.000015361.0098   12.3654
    0.0000  -22.5000    0.000016164.8174   12.3569
    7.5000  -22.5000    0.000015521.4404   12.3194
   -7.5000  -15.0000    0.000016152.9805   12.3108
    0.0000  -15.0000    0.000016991.4414   12.2971
    7.5000  -15.0000    0.000016300.1982   12.2564
   -7.5000   -7.5000    0.000016755.1484   12.2972
    0.0000   -7.5000    0.000017477.2871   12.2805
    7.5000   -7.5000    0.000016807.9531   12.2389
   -7.5000    0.0000    0.000017148.7207   12.3036
    0.0000    0.0000    0.000017809.3867   12.2897
    7.5000    0.0000    0.000017136.1465   12.2514
   -7.5000    7.5000    0.000016200.4053   12.3123
    0.0000    7.5000    0.000016816.2578   12.3050
    7.5000    7.5000    0.000016173.3584   12.2718
   -7.5000   15.0000    0.000015120.9990   12.3128
    0.0000   15.0000    0.000015722.0654   12.3081
    7.5000   15.0000    0.000015101.9971   12.2759
   -7.5000   22.5000    0.000013970.2988   12.3493
    0.0000   22.5000    0.000014577.8184   12.3410
    7.5000   22.5000    0.000013977.4990   12.3054
   -7.5000   30.0000    0.000012836.8027   12.3166
    0.0000   30.0000    0.000013383.6357   12.3031
    7.5000   30.0000    0.000012828.8018   12.2646
   -7.5000   37.5000    0.000012119.4023   12.4822
    0.0000   37.5000    0.000012648.9355   12.4661
    7.5000   37.5000    0.000012130.6504   12.4282
   -7.5000   45.0000    0.000011042.9150   12.4174
    0.0000   45.0000    0.000011548.1914   12.4032
    7.5000   45.0000    0.000011081.7383   12.3709
   -7.5000  -45.0000    7.500012248.5898   12.5697
    0.0000  -45.0000    7.500012844.9600   12.5543
    7.5000  -45.0000    7.500012394.7051   12.5114
   -7.5000  -37.5000    7.500012853.7334   12.5213
    0.0000  -37.5000    7.500013439.5518   12.5135
    7.5000  -37.5000    7.500012980.0957   12.4774
   -7.5000  -30.0000    7.500013837.9473   12.4531
    0.0000  -30.0000    7.500014426.5537   12.4479
    7.5000  -30.0000    7.500013917.8936   12.4140
   -7.5000  -22.5000    7.500014769.8545   12.3839
    0.0000  -22.5000    7.500015475.1338   12.3746
    7.5000  -22.5000    7.500014895.6641   12.3376
   -7.5000  -15.0000    7.500015523.6875   12.3355
    0.0000  -15.0000    7.500016231.9121   12.3205
    7.5000  -15.0000    7.500015663.0664   12.2798
   -7.5000   -7.5000    7.500016143.7461   12.3238
    0.0000   -7.5000    7.500016781.1250   12.3062
    7.5000   -7.5000    7.500016235.4678   12.2645
   -7.5000    0.0000    7.500016607.1777   12.3270
    0.0000    0.0000    7.500017180.6836   12.3131
    7.5000    0.0000    7.500016632.6875   12.2753
   -7.5000    7.5000    7.500015708.8828   12.3303
    0.0000    7.5000    7.500016224.1025   12.3234
    7.5000    7.5000    7.500015679.8535   12.2910
   -7.5000   15.0000    7.500014601.3525   12.3283
    0.0000   15.0000    7.500015108.0576   12.3234
    7.5000   15.0000    7.500014551.5732   12.2921
   -7.5000   22.5000    7.500013445.6826   12.3684
    0.0000   22.5000    7.500013949.6123   12.3591
    7.5000   22.5000    7.500013385.6006   12.3239
   -7.5000   30.0000    7.500012303.6553   12.3426
    0.0000   30.0000    7.500012799.5645   12.3271
    7.5000   30.0000    7.500012248.6133   12.2877
   -7.5000   37.5000    7.500011638.4863   12.5094
    0.0000   37.5000    7.500012137.1787   12.4912
    7.5000   37.5000    7.500011625.0547   12.4520
   -7.5000   45.0000    7.500010616.2598   12.4423
    0.0000   45.0000    7.500011085.9336   12.4266
    7.5000   45.0000    7.500010613.3018   12.3932
   -7.5000  -45.0000   15.000011639.9141   12.5972
    0.0000  -45.0000   15.000012169.2363   12.5820
    7.5000  -45.0000   15.000011772.4482   12.5420
   -7.5000  -37.5000   15.000012227.3242   12.5514
    0.0000  -37.5000   15.000012732.6279   12.5424
    7.5000  -37.5000   15.000012328.6152   12.5079
   -7.5000  -30.0000   15.000013170.2666   12.4879
    0.0000  -30.0000   15.000013694.5645   12.4795
    7.5000  -30.0000   15.000013243.6338   12.4462
   -7.5000  -22.5000   15.000014053.0820   12.4218
    0.0000  -22.5000   15.000014635.6123   12.4089
    7.5000  -22.5000   15.000014145.6826   12.3731
   -7.5000  -15.0000   15.000014759.4443   12.3737
    0.0000  -15.0000   15.000015332.7285   12.3561
    7.5000  -15.0000   15.000014819.0078   12.3176
   -7.5000   -7.5000   15.000015353.4512   12.3589
    0.0000   -7.5000   15.000015952.7705   12.3406
    7.5000   -7.5000   15.000015393.2959   12.3017
   -7.5000    0.0000   15.000015780.7031   12.3589
    0.0000    0.0000   15.000016439.9805   12.3452
    7.5000    0.0000   15.000015822.4453   12.3100
   -7.5000    7.5000   15.000014932.5420   12.3628
    0.0000    7.5000   15.000015567.4922   12.3546
    7.5000    7.5000   15.000014946.4863   12.3238
   -7.5000   15.0000   15.000013914.9258   12.3640
    0.0000   15.0000   15.000014496.6416   12.3560
    7.5000   15.0000   15.000013903.0195   12.3253
   -7.5000   22.5000   15.000012815.5146   12.4066
    0.0000   22.5000   15.000013368.4355   12.3937
    7.5000   22.5000   15.000012806.5332   12.3596
   -7.5000   30.0000   15.000011705.9912   12.3828
    0.0000   30.0000   15.000012201.2607   12.3644
    7.5000   30.0000   15.000011691.7607   12.3267
   -7.5000   37.5000   15.000011082.9883   12.5473
    0.0000   37.5000   15.000011526.3672   12.5280
    7.5000   37.5000   15.000011072.3848   12.4904
   -7.5000   45.0000   15.000010105.3193   12.4759
    0.0000   45.0000   15.000010492.7334   12.4593
    7.5000   45.0000   15.000010071.4951   12.4271
   -7.5000  -45.0000   22.500010946.8652   12.6441
    0.0000  -45.0000   22.500011426.9316   12.6285
    7.5000  -45.0000   22.500011033.3213   12.5902
   -7.5000  -37.5000   22.500011500.2695   12.6074
    0.0000  -37.5000   22.500011994.2676   12.5964
    7.5000  -37.5000   22.500011564.2842   12.5618
   -7.5000  -30.0000   22.500012404.8926   12.5518
    0.0000  -30.0000   22.500012950.0508   12.5403
    7.5000  -30.0000   22.500012467.4629   12.5060
   -7.5000  -22.5000   22.500013221.9541   12.4845
    0.0000  -22.5000   22.500013791.8086   12.4686
    7.5000  -22.5000   22.500013290.7305   12.4325
   -7.5000  -15.0000   22.500013936.7451   12.4297
    0.0000  -15.0000   22.500014466.9570   12.4104
    7.5000  -15.0000   22.500013952.5098   12.3732
   -7.5000   -7.5000   22.500014511.6719   12.4094
    0.0000   -7.5000   22.500015064.7510   12.3907
    7.5000   -7.5000   22.500014508.7734   12.3540
   -7.5000    0.0000   22.500014907.9053   12.4098
    0.0000    0.0000   22.500015477.4072   12.3957
    7.5000    0.0000   22.500014900.9619   12.3621
   -7.5000    7.5000   22.500014078.2168   12.4209
    0.0000    7.5000   22.500014597.0283   12.4109
    7.5000    7.5000   22.500014032.1797   12.3798
   -7.5000   15.0000   22.500013110.3271   12.4273
    0.0000   15.0000   22.500013603.8271   12.4162
    7.5000   15.0000   22.500013055.7217   12.3845
   -7.5000   22.5000   22.500012119.9658   12.4670
    0.0000   22.5000   22.500012611.1523   12.4513
    7.5000   22.5000   22.500012092.6689   12.4171
   -7.5000   30.0000   22.500011098.9258   12.4356
    0.0000   30.0000   22.500011565.5420   12.4158
    7.5000   30.0000   22.500011088.4365   12.3801
   -7.5000   37.5000   22.500010485.3896   12.5953
    0.0000   37.5000   22.500010929.4814   12.5765
    7.5000   37.5000   22.500010483.6553   12.5412
   -7.5000   45.0000   22.5000 9524.8232   12.5216
    0.0000   45.0000   22.5000 9921.5293   12.5051
    7.5000   45.0000   22.5000 9513.6162   12.4744
   -7.5000  -45.0000   30.000010173.7148   12.7472
    0.0000  -45.0000   30.000010656.4189   12.7311
    7.5000  -45.0000   30.000010254.6738   12.6912
   -7.5000  -37.5000   30.000010726.0596   12.7178
    0.0000  -37.5000   30.000011217.0684   12.7058
    7.5000  -37.5000   30.000010790.2520   12.6690
   -7.5000  -30.0000   30.000011564.7412   12.6668
    0.0000  -30.0000   30.000012105.2822   12.6543
    7.5000  -30.0000   30.000011637.8467   12.6175
   -7.5000  -22.5000   30.000012321.6230   12.5962
    0.0000  -22.5000   30.000012854.0420   12.5797
    7.5000  -22.5000   30.000012378.1582   12.5415
   -7.5000  -15.0000   30.000012970.4150   12.5353
    0.0000  -15.0000   30.000013478.0557   12.5158
    7.5000  -15.0000   30.000012986.6621   12.4770
   -7.5000   -7.5000   30.000013508.9414   12.5119
    0.0000   -7.5000   30.000014029.2344   12.4933
    7.5000   -7.5000   30.000013505.2705   12.4552
   -7.5000    0.0000   30.000013869.1426   12.5152
    0.0000    0.0000   30.000014390.7900   12.5007
    7.5000    0.0000   30.000013844.9863   12.4655
   -7.5000    7.5000   30.000013100.5273   12.5324
    0.0000    7.5000   30.000013582.4814   12.5215
    7.5000    7.5000   30.000013045.4736   12.4884
   -7.5000   15.0000   30.000012189.1025   12.5408
    0.0000   15.0000   30.000012659.6562   12.5289
    7.5000   15.0000   30.000012143.6094   12.4948
   -7.5000   22.5000   30.000011285.4365   12.5765
    0.0000   22.5000   30.000011750.8975   12.5604
    7.5000   22.5000   30.000011257.3818   12.5243
   -7.5000   30.0000   30.000010363.1992   12.5370
    0.0000   30.0000   30.000010796.4541   12.5177
    7.5000   30.0000   30.000010351.7080   12.4814
   -7.5000   37.5000   30.0000 9795.5430   12.6958
    0.0000   37.5000   30.000010214.9355   12.6783
    7.5000   37.5000   30.0000 9799.8877   12.6429
   -7.5000   45.0000   30.0000 8894.5605   12.6236
    0.0000   45.0000   30.0000 9288.1631   12.6083
    7.5000   45.0000   30.0000 8893.4824   12.5773
   -7.5000  -45.0000   37.5000 9787.9727   12.9043
    0.0000  -45.0000   37.500010257.5566   12.8865
    7.5000  -45.0000   37.5000 9877.4150   12.8411
   -7.5000  -37.5000   37.500010318.2363   12.8732
    0.0000  -37.5000   37.500010810.3994   12.8609
    7.5000  -37.5000   37.500010406.5869   12.8201
   -7.5000  -30.0000   37.500011121.3789   12.8185
    0.0000  -30.0000   37.500011677.5166   12.8075
    7.5000  -30.0000   37.500011219.8340   12.7677
   -7.5000  -22.5000   37.500011819.2002   12.7466
    0.0000  -22.5000   37.500012370.9102   12.7321
    7.5000  -22.5000   37.500011885.2881   12.6904
   -7.5000  -15.0000   37.500012431.8418   12.6873
    0.0000  -15.0000   37.500012965.8906   12.6689
    7.5000  -15.0000   37.500012472.5049   12.6255
   -7.5000   -7.5000   37.500012923.8154   12.6669
    0.0000   -7.5000   37.500013476.9316   12.6476
    7.5000   -7.5000   37.500012946.9678   12.6041
   -7.5000    0.0000   37.500013249.1338   12.6729
    0.0000    0.0000   37.500013808.7480   12.6567
    7.5000    0.0000   37.500013264.5215   12.6164
   -7.5000    7.5000   37.500012548.6924   12.6885
    0.0000    7.5000   37.500013052.3809   12.6772
    7.5000    7.5000   37.500012529.1104   12.6402
   -7.5000   15.0000   37.500011689.1328   12.6915
    0.0000   15.0000   37.500012159.6152   12.6811
    7.5000   15.0000   37.500011671.0068   12.6439
   -7.5000   22.5000   37.500010825.7637   12.7250
    0.0000   22.5000   37.500011293.2656   12.7110
    7.5000   22.5000   37.500010829.8848   12.6714
   -7.5000   30.0000   37.5000 9943.3145   12.6848
    0.0000   30.0000   37.500010389.5703   12.6671
    7.5000   30.0000   37.5000 9967.8232   12.6266
   -7.5000   37.5000   37.5000 9410.6885   12.8499
    0.0000   37.5000   37.5000 9836.0928   12.8321
    7.5000   37.5000   37.5000 9440.1543   12.7927
   -7.5000   45.0000   37.5000 8575.8672   12.7818
    0.0000   45.0000   37.5000 8950.2998   12.7660
    7.5000   45.0000   37.5000 8585.9648   12.7316
   -7.5000  -45.0000   45.0000 8995.9473   13.0882
    0.0000  -45.0000   45.0000 9428.5430   13.0691
    7.5000  -45.0000   45.0000 9084.3701   13.0193
   -7.5000  -37.5000   45.0000 9482.2900   13.0498
    0.0000  -37.5000   45.0000 9945.2510   13.0381
    7.5000  -37.5000   45.0000 9582.9092   12.9947
   -7.5000  -30.0000   45.000010220.8291   12.9887
    0.0000  -30.0000   45.000010740.5752   12.9797
    7.5000  -30.0000   45.000010331.9990   12.9385
   -7.5000  -22.5000   45.000010858.9746   12.9190
    0.0000  -22.5000   45.000011380.6963   12.9064
    7.5000  -22.5000   45.000010947.8994   12.8625
   -7.5000  -15.0000   45.000011410.5547   12.8666
    0.0000  -15.0000   45.000011928.0918   12.8488
    7.5000  -15.0000   45.000011490.6396   12.8015
   -7.5000   -7.5000   45.000011853.8838   12.8502
    0.0000   -7.5000   45.000012381.5098   12.8297
    7.5000   -7.5000   45.000011916.9941   12.7815
   -7.5000    0.0000   45.000012133.4043   12.8553
    0.0000    0.0000   45.000012667.1729   12.8379
    7.5000    0.0000   45.000012200.1973   12.7932
   -7.5000    7.5000   45.000011494.9385   12.8642
    0.0000    7.5000   45.000011968.9990   12.8534
    7.5000    7.5000   45.000011522.3496   12.8139
   -7.5000   15.0000   45.000010713.3506   12.8599
    0.0000   15.0000   45.000011163.6123   12.8514
    7.5000   15.0000   45.000010735.3633   12.8129
   -7.5000   22.5000   45.0000 9935.1123   12.8953
    0.0000   22.5000   45.000010354.2021   12.8832
    7.5000   22.5000   45.0000 9954.4316   12.8412
   -7.5000   30.0000   45.0000 9114.8057   12.8606
    0.0000   30.0000   45.0000 9533.2285   12.8432
    7.5000   30.0000   45.0000 9158.6689   12.7984
   -7.5000   37.5000   45.0000 8638.7627   13.0339
    0.0000   37.5000   45.0000 9049.8555   13.0144
    7.5000   37.5000   45.0000 8704.3389   12.9703
   -7.5000   45.0000   45.0000 7872.1577   12.9765
    0.0000   45.0000   45.0000 8233.2119   12.9591
    7.5000   45.0000   45.0000 7916.3213   12.9209

---------------------------------------------------------------------
imgreg_4dfp /opt/freesurfer/average/711-2C_as_mni_average_305 /opt/freesurfer/average/711-2B_as_mni_average_305_mask talsrcimg_g11 none talsrcimg_to_711-2C_as_mni_average_305_t4 4355
---------------------------------------------------------------------

freesurfer imgreg_4dfp.c
/opt/freesurfer/average/711-2C_as_mni_average_305.4dfp.img
       256       256       256         1
  1.000000  1.000000  1.000000
orientation T byte_order littleendian
Reading image: /opt/freesurfer/average/711-2C_as_mni_average_305.4dfp.img
dimensions:      256       256       256
mmppix:       1.0000   -1.0000   -1.0000
center:     128.0000 -129.0000 -129.0000
/opt/freesurfer/average/711-2B_as_mni_average_305_mask.4dfp.img
       256       256       256         1
  1.000000  1.000000  1.000000
orientation T byte_order littleendian
Reading mask: /opt/freesurfer/average/711-2B_as_mni_average_305_mask.4dfp.img (2306576 pixels)
talsrcimg_g11.4dfp.img
       256       256       256         1
  1.000000  1.000000  1.000000
orientation T byte_order littleendian
Reading image: talsrcimg_g11.4dfp.img
dimensions:      256       256       256
mmppix:       1.0000   -1.0000   -1.0000
center:     128.0000 -129.0000 -129.0000
rotation matrix determinant  1.000000
image alignment mode   4355 decimal     1103 hex
   -7.5000  -45.0000  -45.0000 2157.8921   12.3411
    0.0000  -45.0000  -45.0000 2184.8413   12.1867
    7.5000  -45.0000  -45.0000 2172.3374   12.2048
   -7.5000  -37.5000  -45.0000 2225.9121   11.6107
    0.0000  -37.5000  -45.0000 2249.4958   11.4586
    7.5000  -37.5000  -45.0000 2237.1663   11.4836
   -7.5000  -30.0000  -45.0000 2272.0430   11.0287
    0.0000  -30.0000  -45.0000 2295.7607   10.9076
    7.5000  -30.0000  -45.0000 2281.9404   10.9147
   -7.5000  -22.5000  -45.0000 2301.9236   10.6188
    0.0000  -22.5000  -45.0000 2323.3657   10.4923
    7.5000  -22.5000  -45.0000 2313.4326   10.5082
   -7.5000  -15.0000  -45.0000 2318.0901   10.3901
    0.0000  -15.0000  -45.0000 2342.4155   10.2398
    7.5000  -15.0000  -45.0000 2329.5730   10.2728
   -7.5000   -7.5000  -45.0000 2326.4207   10.2826
    0.0000   -7.5000  -45.0000 2352.3896   10.1253
    7.5000   -7.5000  -45.0000 2338.4058   10.1533
   -7.5000    0.0000  -45.0000 2324.1001   10.3439
    0.0000    0.0000  -45.0000 2350.4224   10.1885
    7.5000    0.0000  -45.0000 2338.3821   10.2150
   -7.5000    7.5000  -45.0000 2295.9116   10.6567
    0.0000    7.5000  -45.0000 2321.4385   10.4858
    7.5000    7.5000  -45.0000 2309.2864   10.5288
   -7.5000   15.0000  -45.0000 2245.9668   11.1640
    0.0000   15.0000  -45.0000 2273.3560   10.9768
    7.5000   15.0000  -45.0000 2258.1045   11.0125
   -7.5000   22.5000  -45.0000 2178.3262   11.8452
    0.0000   22.5000  -45.0000 2205.5847   11.6549
    7.5000   22.5000  -45.0000 2190.2300   11.6850
   -7.5000   30.0000  -45.0000 2090.2952   12.7890
    0.0000   30.0000  -45.0000 2117.2314   12.5454
    7.5000   30.0000  -45.0000 2102.5889   12.5978
   -7.5000   37.5000  -45.0000 1990.8225   14.1083
    0.0000   37.5000  -45.0000 2016.1610   13.8246
    7.5000   37.5000  -45.0000 2004.7716   13.8663
   -7.5000   45.0000  -45.0000 1877.9878   15.9670
    0.0000   45.0000  -45.0000 1908.2582   15.6769
    7.5000   45.0000  -45.0000 1893.3149   15.7130
   -7.5000  -45.0000  -37.5000 2251.7849   11.4138
    0.0000  -45.0000  -37.5000 2279.9680   11.2867
    7.5000  -45.0000  -37.5000 2269.1702   11.2881
   -7.5000  -37.5000  -37.5000 2315.1516   10.7485
    0.0000  -37.5000  -37.5000 2340.1418   10.6168
    7.5000  -37.5000  -37.5000 2330.3037   10.6262
   -7.5000  -30.0000  -37.5000 2360.0574   10.2343
    0.0000  -30.0000  -37.5000 2387.8298   10.1011
    7.5000  -30.0000  -37.5000 2376.5137   10.1069
   -7.5000  -22.5000  -37.5000 2393.7434    9.8704
    0.0000  -22.5000  -37.5000 2420.5259    9.7518
    7.5000  -22.5000  -37.5000 2409.9846    9.7491
   -7.5000  -15.0000  -37.5000 2413.1338    9.6461
    0.0000  -15.0000  -37.5000 2439.1909    9.5245
    7.5000  -15.0000  -37.5000 2427.7375    9.5418
   -7.5000   -7.5000  -37.5000 2414.1707    9.5978
    0.0000   -7.5000  -37.5000 2447.0698    9.4628
    7.5000   -7.5000  -37.5000 2435.7590    9.4533
   -7.5000    0.0000  -37.5000 2410.9155    9.6704
    0.0000    0.0000  -37.5000 2441.5327    9.5363
    7.5000    0.0000  -37.5000 2433.7407    9.5386
   -7.5000    7.5000  -37.5000 2384.3420    9.9462
    0.0000    7.5000  -37.5000 2414.9780    9.7979
    7.5000    7.5000  -37.5000 2402.2090    9.8057
   -7.5000   15.0000  -37.5000 2333.6538   10.3846
    0.0000   15.0000  -37.5000 2363.5415   10.2238
    7.5000   15.0000  -37.5000 2346.9138   10.2429
   -7.5000   22.5000  -37.5000 2258.3357   11.0264
    0.0000   22.5000  -37.5000 2289.0710   10.8381
    7.5000   22.5000  -37.5000 2275.6614   10.8555
   -7.5000   30.0000  -37.5000 2164.1758   11.8812
    0.0000   30.0000  -37.5000 2194.0256   11.6640
    7.5000   30.0000  -37.5000 2182.4668   11.6925
   -7.5000   37.5000  -37.5000 2060.8442   13.0574
    0.0000   37.5000  -37.5000 2083.5422   12.8249
    7.5000   37.5000  -37.5000 2075.8232   12.8338
   -7.5000   45.0000  -37.5000 1935.2832   14.7501
    0.0000   45.0000  -37.5000 1967.0916   14.5079
    7.5000   45.0000  -37.5000 1953.7051   14.5330
   -7.5000  -45.0000  -30.0000 2382.7869   10.9502
    0.0000  -45.0000  -30.0000 2407.2151   10.8492
    7.5000  -45.0000  -30.0000 2398.0300   10.8340
   -7.5000  -37.5000  -30.0000 2447.4973   10.3120
    0.0000  -37.5000  -30.0000 2469.9434   10.1991
    7.5000  -37.5000  -30.0000 2461.4402   10.1819
   -7.5000  -30.0000  -30.0000 2489.9612    9.8374
    0.0000  -30.0000  -30.0000 2517.2332    9.7229
    7.5000  -30.0000  -30.0000 2505.1492    9.6934
   -7.5000  -22.5000  -30.0000 2529.7961    9.5051
    0.0000  -22.5000  -30.0000 2559.5903    9.3766
    7.5000  -22.5000  -30.0000 2550.8037    9.3618
   -7.5000  -15.0000  -30.0000 2552.0022    9.2900
    0.0000  -15.0000  -30.0000 2585.3384    9.1532
    7.5000  -15.0000  -30.0000 2572.7236    9.1413
   -7.5000   -7.5000  -30.0000 2563.0027    9.2372
    0.0000   -7.5000  -30.0000 2600.0046    9.1098
    7.5000   -7.5000  -30.0000 2587.4148    9.0845
   -7.5000    0.0000  -30.0000 2554.1589    9.3638
    0.0000    0.0000  -30.0000 2591.8142    9.2386
    7.5000    0.0000  -30.0000 2581.1121    9.2243
   -7.5000    7.5000  -30.0000 2524.0259    9.6377
    0.0000    7.5000  -30.0000 2556.0222    9.5139
    7.5000    7.5000  -30.0000 2544.0469    9.5049
   -7.5000   15.0000  -30.0000 2469.3269   10.0414
    0.0000   15.0000  -30.0000 2500.5391    9.8984
    7.5000   15.0000  -30.0000 2486.8081    9.8921
   -7.5000   22.5000  -30.0000 2388.7151   10.6306
    0.0000   22.5000  -30.0000 2417.4731   10.4588
    7.5000   22.5000  -30.0000 2407.4431   10.4654
   -7.5000   30.0000  -30.0000 2287.5276   11.4386
    0.0000   30.0000  -30.0000 2315.3904   11.2404
    7.5000   30.0000  -30.0000 2311.2883   11.2498
   -7.5000   37.5000  -30.0000 2172.8362   12.5964
    0.0000   37.5000  -30.0000 2196.8796   12.3665
    7.5000   37.5000  -30.0000 2192.3145   12.3618
   -7.5000   45.0000  -30.0000 2039.2632   14.1896
    0.0000   45.0000  -30.0000 2063.6499   13.9261
    7.5000   45.0000  -30.0000 2058.3618   13.9362
   -7.5000  -45.0000  -22.5000 2478.0271   10.4959
    0.0000  -45.0000  -22.5000 2498.1707   10.3767
    7.5000  -45.0000  -22.5000 2488.2983   10.3761
   -7.5000  -37.5000  -22.5000 2539.6887    9.8924
    0.0000  -37.5000  -22.5000 2563.2683    9.7694
    7.5000  -37.5000  -22.5000 2552.8596    9.7545
   -7.5000  -30.0000  -22.5000 2588.8013    9.4228
    0.0000  -30.0000  -22.5000 2620.9583    9.3004
    7.5000  -30.0000  -22.5000 2607.8206    9.2868
   -7.5000  -22.5000  -22.5000 2635.4683    9.0923
    0.0000  -22.5000  -22.5000 2671.2432    8.9660
    7.5000  -22.5000  -22.5000 2661.5059    8.9624
   -7.5000  -15.0000  -22.5000 2665.6936    8.8829
    0.0000  -15.0000  -22.5000 2699.3162    8.7539
    7.5000  -15.0000  -22.5000 2688.7588    8.7506
   -7.5000   -7.5000  -22.5000 2680.6970    8.8385
    0.0000   -7.5000  -22.5000 2718.1494    8.7205
    7.5000   -7.5000  -22.5000 2706.0403    8.6978
   -7.5000    0.0000  -22.5000 2672.8748    8.9919
    0.0000    0.0000  -22.5000 2715.8479    8.8666
    7.5000    0.0000  -22.5000 2702.8271    8.8462
   -7.5000    7.5000  -22.5000 2639.2007    9.2699
    0.0000    7.5000  -22.5000 2678.2070    9.1698
    7.5000    7.5000  -22.5000 2661.8611    9.1422
   -7.5000   15.0000  -22.5000 2577.0000    9.6698
    0.0000   15.0000  -22.5000 2612.9043    9.5519
    7.5000   15.0000  -22.5000 2599.8604    9.5288
   -7.5000   22.5000  -22.5000 2491.0063   10.2129
    0.0000   22.5000  -22.5000 2522.4751   10.0578
    7.5000   22.5000  -22.5000 2511.3145   10.0520
   -7.5000   30.0000  -22.5000 2379.5161   10.9774
    0.0000   30.0000  -22.5000 2409.6753   10.7928
    7.5000   30.0000  -22.5000 2402.9844   10.7903
   -7.5000   37.5000  -22.5000 2252.7639   12.0885
    0.0000   37.5000  -22.5000 2280.4421   11.8791
    7.5000   37.5000  -22.5000 2277.2498   11.8644
   -7.5000   45.0000  -22.5000 2115.7156   13.6085
    0.0000   45.0000  -22.5000 2138.0923   13.3615
    7.5000   45.0000  -22.5000 2130.6321   13.3582
   -7.5000  -45.0000  -15.0000 2527.9707   10.1083
    0.0000  -45.0000  -15.0000 2549.7502    9.9788
    7.5000  -45.0000  -15.0000 2542.7183    9.9898
   -7.5000  -37.5000  -15.0000 2599.3013    9.4954
    0.0000  -37.5000  -15.0000 2623.5049    9.3762
    7.5000  -37.5000  -15.0000 2614.2288    9.3736
   -7.5000  -30.0000  -15.0000 2655.1335    9.0449
    0.0000  -30.0000  -15.0000 2685.5212    8.9174
    7.5000  -30.0000  -15.0000 2674.1318    8.9315
   -7.5000  -22.5000  -15.0000 2710.0000    8.7288
    0.0000  -22.5000  -15.0000 2743.4839    8.6015
    7.5000  -22.5000  -15.0000 2732.3059    8.6091
   -7.5000  -15.0000  -15.0000 2748.5332    8.5131
    0.0000  -15.0000  -15.0000 2786.9771    8.3745
    7.5000  -15.0000  -15.0000 2773.1982    8.3825
   -7.5000   -7.5000  -15.0000 2768.5212    8.4772
    0.0000   -7.5000  -15.0000 2812.1804    8.3389
    7.5000   -7.5000  -15.0000 2792.1030    8.3394
   -7.5000    0.0000  -15.0000 2763.1863    8.6349
    0.0000    0.0000  -15.0000 2817.5149    8.5189
    7.5000    0.0000  -15.0000 2795.9207    8.4988
   -7.5000    7.5000  -15.0000 2725.8918    8.9229
    0.0000    7.5000  -15.0000 2777.4460    8.8261
    7.5000    7.5000  -15.0000 2756.8401    8.8058
   -7.5000   15.0000  -15.0000 2654.2644    9.3263
    0.0000   15.0000  -15.0000 2698.5066    9.2264
    7.5000   15.0000  -15.0000 2680.8396    9.1994
   -7.5000   22.5000  -15.0000 2559.4751    9.8362
    0.0000   22.5000  -15.0000 2597.0352    9.6985
    7.5000   22.5000  -15.0000 2583.2634    9.6808
   -7.5000   30.0000  -15.0000 2441.5671   10.5666
    0.0000   30.0000  -15.0000 2477.8379   10.3884
    7.5000   30.0000  -15.0000 2466.2612   10.3793
   -7.5000   37.5000  -15.0000 2311.1377   11.6126
    0.0000   37.5000  -15.0000 2342.7068   11.4344
    7.5000   37.5000  -15.0000 2332.1670   11.4191
   -7.5000   45.0000  -15.0000 2163.5637   13.0485
    0.0000   45.0000  -15.0000 2189.3306   12.8509
    7.5000   45.0000  -15.0000 2179.9221   12.8502
   -7.5000  -45.0000   -7.5000 2555.0054    9.8415
    0.0000  -45.0000   -7.5000 2581.9041    9.6849
    7.5000  -45.0000   -7.5000 2571.1084    9.7140
   -7.5000  -37.5000   -7.5000 2623.7007    9.2158
    0.0000  -37.5000   -7.5000 2658.6743    9.0709
    7.5000  -37.5000   -7.5000 2646.9263    9.0893
   -7.5000  -30.0000   -7.5000 2690.2861    8.7477
    0.0000  -30.0000   -7.5000 2721.5522    8.5999
    7.5000  -30.0000   -7.5000 2710.4375    8.6183
   -7.5000  -22.5000   -7.5000 2754.0977    8.4304
    0.0000  -22.5000   -7.5000 2795.9878    8.2950
    7.5000  -22.5000   -7.5000 2783.1331    8.3038
   -7.5000  -15.0000   -7.5000 2801.7935    8.2368
    0.0000  -15.0000   -7.5000 2857.0771    8.0720
    7.5000  -15.0000   -7.5000 2838.0757    8.0987
   -7.5000   -7.5000   -7.5000 2835.7754    8.1986
    0.0000   -7.5000   -7.5000 2892.0862    8.0208
    7.5000   -7.5000   -7.5000 2869.5269    8.0438
   -7.5000    0.0000   -7.5000 2830.8145    8.3446
    0.0000    0.0000   -7.5000 2887.4688    8.2024
    7.5000    0.0000   -7.5000 2867.6284    8.1961
   -7.5000    7.5000   -7.5000 2785.1609    8.6354
    0.0000    7.5000   -7.5000 2840.4849    8.5132
    7.5000    7.5000   -7.5000 2820.2681    8.5046
   -7.5000   15.0000   -7.5000 2705.7808    9.0319
    0.0000   15.0000   -7.5000 2755.4236    8.9050
    7.5000   15.0000   -7.5000 2734.3911    8.8927
   -7.5000   22.5000   -7.5000 2601.1528    9.5295
    0.0000   22.5000   -7.5000 2643.1648    9.3915
    7.5000   22.5000   -7.5000 2626.3711    9.3824
   -7.5000   30.0000   -7.5000 2481.8635   10.2317
    0.0000   30.0000   -7.5000 2514.7888   10.0443
    7.5000   30.0000   -7.5000 2502.0212   10.0474
   -7.5000   37.5000   -7.5000 2344.0261   11.2408
    0.0000   37.5000   -7.5000 2374.4290   11.0492
    7.5000   37.5000   -7.5000 2363.1936   11.0540
   -7.5000   45.0000   -7.5000 2188.8210   12.6274
    0.0000   45.0000   -7.5000 2217.8816   12.4131
    7.5000   45.0000   -7.5000 2205.5735   12.4438
   -7.5000  -45.0000    0.0000 2562.3113    9.7015
    0.0000  -45.0000    0.0000 2589.7332    9.4937
    7.5000  -45.0000    0.0000 2580.9941    9.5384
   -7.5000  -37.5000    0.0000 2631.0361    9.0598
    0.0000  -37.5000    0.0000 2666.4443    8.8505
    7.5000  -37.5000    0.0000 2657.2363    8.9033
   -7.5000  -30.0000    0.0000 2703.1707    8.5777
    0.0000  -30.0000    0.0000 2740.2043    8.3748
    7.5000  -30.0000    0.0000 2728.8940    8.4155
   -7.5000  -22.5000    0.0000 2776.2507    8.2668
    0.0000  -22.5000    0.0000 2822.5146    8.0909
    7.5000  -22.5000    0.0000 2809.5923    8.1076
   -7.5000  -15.0000    0.0000 2835.2644    8.0917
    0.0000  -15.0000    0.0000 2900.5078    7.9155
    7.5000  -15.0000    0.0000 2876.9646    7.9358
   -7.5000   -7.5000    0.0000 2874.0149    8.0607
    0.0000   -7.5000    0.0000 2946.7273    7.8570
    7.5000   -7.5000    0.0000 2919.5676    7.8891
   -7.5000    0.0000    0.0000 2869.8835    8.1936
    0.0000    0.0000    0.0000 2936.1763    7.9688
    7.5000    0.0000    0.0000 2913.9951    8.0046
   -7.5000    7.5000    0.0000 2814.6255    8.4735
    0.0000    7.5000    0.0000 2870.7961    8.2514
    7.5000    7.5000    0.0000 2855.3589    8.2910
   -7.5000   15.0000    0.0000 2724.2502    8.8529
    0.0000   15.0000    0.0000 2774.4429    8.6632
    7.5000   15.0000    0.0000 2759.5200    8.6925
   -7.5000   22.5000    0.0000 2616.6860    9.3393
    0.0000   22.5000    0.0000 2655.9919    9.1637
    7.5000   22.5000    0.0000 2644.3167    9.1887
   -7.5000   30.0000    0.0000 2490.9719   10.0357
    0.0000   30.0000    0.0000 2525.1553    9.8416
    7.5000   30.0000    0.0000 2511.9319    9.8568
   -7.5000   37.5000    0.0000 2349.2017   11.0214
    0.0000   37.5000    0.0000 2383.9260   10.8095
    7.5000   37.5000    0.0000 2372.7009   10.8341
   -7.5000   45.0000    0.0000 2192.5618   12.3558
    0.0000   45.0000    0.0000 2221.8730   12.1310
    7.5000   45.0000    0.0000 2215.3240   12.1694
   -7.5000  -45.0000    7.5000 2555.3306    9.6634
    0.0000  -45.0000    7.5000 2586.5569    9.4353
    7.5000  -45.0000    7.5000 2582.7126    9.4828
   -7.5000  -37.5000    7.5000 2626.0442    9.0004
    0.0000  -37.5000    7.5000 2667.2043    8.7733
    7.5000  -37.5000    7.5000 2657.9377    8.8127
   -7.5000  -30.0000    7.5000 2704.2944    8.4991
    0.0000  -30.0000    7.5000 2746.8518    8.2647
    7.5000  -30.0000    7.5000 2737.3772    8.3149
   -7.5000  -22.5000    7.5000 2783.7705    8.1854
    0.0000  -22.5000    7.5000 2832.9060    7.9734
    7.5000  -22.5000    7.5000 2822.2710    8.0069
   -7.5000  -15.0000    7.5000 2844.1633    8.0274
    0.0000  -15.0000    7.5000 2910.9197    7.8220
    7.5000  -15.0000    7.5000 2891.6841    7.8507
   -7.5000   -7.5000    7.5000 2879.7346    8.0485
    0.0000   -7.5000    7.5000 2954.4526    7.7990
    7.5000   -7.5000    7.5000 2931.7266    7.8559
   -7.5000    0.0000    7.5000 2872.3499    8.1923
    0.0000    0.0000    7.5000 2938.0383    7.9368
    7.5000    0.0000    7.5000 2920.6860    7.9914
   -7.5000    7.5000    7.5000 2816.7236    8.4212
    0.0000    7.5000    7.5000 2868.9768    8.1855
    7.5000    7.5000    7.5000 2858.9570    8.2375
   -7.5000   15.0000    7.5000 2722.1567    8.7619
    0.0000   15.0000    7.5000 2769.6128    8.5464
    7.5000   15.0000    7.5000 2760.6638    8.5886
   -7.5000   22.5000    7.5000 2604.6826    9.2775
    0.0000   22.5000    7.5000 2644.3469    9.0740
    7.5000   22.5000    7.5000 2633.7812    9.1046
   -7.5000   30.0000    7.5000 2476.4146   10.0011
    0.0000   30.0000    7.5000 2513.2219    9.7974
    7.5000   30.0000    7.5000 2500.7795    9.8024
   -7.5000   37.5000    7.5000 2337.1565   10.9906
    0.0000   37.5000    7.5000 2373.3342   10.7773
    7.5000   37.5000    7.5000 2363.6035   10.7771
   -7.5000   45.0000    7.5000 2183.6602   12.2832
    0.0000   45.0000    7.5000 2213.1394   12.0813
    7.5000   45.0000    7.5000 2207.2681   12.0749
   -7.5000  -45.0000   15.0000 2544.8391    9.7221
    0.0000  -45.0000   15.0000 2579.0334    9.4612
    7.5000  -45.0000   15.0000 2575.6309    9.5329
   -7.5000  -37.5000   15.0000 2613.5364    9.0578
    0.0000  -37.5000   15.0000 2653.5806    8.8008
    7.5000  -37.5000   15.0000 2646.2944    8.8536
   -7.5000  -30.0000   15.0000 2688.6890    8.5757
    0.0000  -30.0000   15.0000 2730.7913    8.3232
    7.5000  -30.0000   15.0000 2720.0198    8.3810
   -7.5000  -22.5000   15.0000 2763.2639    8.2699
    0.0000  -22.5000   15.0000 2811.5432    8.0459
    7.5000  -22.5000   15.0000 2798.6631    8.0843
   -7.5000  -15.0000   15.0000 2819.1609    8.1137
    0.0000  -15.0000   15.0000 2880.0044    7.8806
    7.5000  -15.0000   15.0000 2861.6943    7.9269
   -7.5000   -7.5000   15.0000 2849.9075    8.1483
    0.0000   -7.5000   15.0000 2918.3337    7.8925
    7.5000   -7.5000   15.0000 2899.1819    7.9345
   -7.5000    0.0000   15.0000 2836.3250    8.2941
    0.0000    0.0000   15.0000 2901.3352    8.0826
    7.5000    0.0000   15.0000 2887.2310    8.0909
   -7.5000    7.5000   15.0000 2779.0842    8.5091
    0.0000    7.5000   15.0000 2835.9492    8.3372
    7.5000    7.5000   15.0000 2824.7666    8.3349
   -7.5000   15.0000   15.0000 2685.9580    8.8737
    0.0000   15.0000   15.0000 2731.8623    8.6939
    7.5000   15.0000   15.0000 2722.4121    8.7086
   -7.5000   22.5000   15.0000 2571.8430    9.3990
    0.0000   22.5000   15.0000 2612.3904    9.1910
    7.5000   22.5000   15.0000 2605.1284    9.2036
   -7.5000   30.0000   15.0000 2441.0420   10.1310
    0.0000   30.0000   15.0000 2477.4370    9.9101
    7.5000   30.0000   15.0000 2470.8811    9.9021
   -7.5000   37.5000   15.0000 2311.6853   11.1086
    0.0000   37.5000   15.0000 2340.1013   10.8752
    7.5000   37.5000   15.0000 2336.1350   10.8549
   -7.5000   45.0000   15.0000 2161.2942   12.3777
    0.0000   45.0000   15.0000 2183.8875   12.1269
    7.5000   45.0000   15.0000 2179.8477   12.1351
   -7.5000  -45.0000   22.5000 2523.6436    9.9269
    0.0000  -45.0000   22.5000 2555.7175    9.6551
    7.5000  -45.0000   22.5000 2551.1252    9.7126
   -7.5000  -37.5000   22.5000 2591.7776    9.2599
    0.0000  -37.5000   22.5000 2629.4050    9.0037
    7.5000  -37.5000   22.5000 2619.9980    9.0461
   -7.5000  -30.0000   22.5000 2664.2476    8.7913
    0.0000  -30.0000   22.5000 2703.6262    8.5477
    7.5000  -30.0000   22.5000 2692.3530    8.5899
   -7.5000  -22.5000   22.5000 2726.5181    8.4966
    0.0000  -22.5000   22.5000 2776.6995    8.2761
    7.5000  -22.5000   22.5000 2761.8826    8.3014
   -7.5000  -15.0000   22.5000 2775.7449    8.3583
    0.0000  -15.0000   22.5000 2832.5281    8.1068
    7.5000  -15.0000   22.5000 2813.6177    8.1443
   -7.5000   -7.5000   22.5000 2796.5286    8.3951
    0.0000   -7.5000   22.5000 2855.9236    8.1458
    7.5000   -7.5000   22.5000 2838.2393    8.1680
   -7.5000    0.0000   22.5000 2776.6646    8.5618
    0.0000    0.0000   22.5000 2832.3462    8.3388
    7.5000    0.0000   22.5000 2819.4360    8.3503
   -7.5000    7.5000   22.5000 2717.5146    8.8020
    0.0000    7.5000   22.5000 2763.5803    8.5911
    7.5000    7.5000   22.5000 2752.6223    8.6061
   -7.5000   15.0000   22.5000 2629.3857    9.1819
    0.0000   15.0000   22.5000 2670.8499    8.9708
    7.5000   15.0000   22.5000 2661.1238    8.9808
   -7.5000   22.5000   22.5000 2524.0652    9.7008
    0.0000   22.5000   22.5000 2564.5415    9.4716
    7.5000   22.5000   22.5000 2558.0251    9.4676
   -7.5000   30.0000   22.5000 2403.9106   10.4331
    0.0000   30.0000   22.5000 2437.3884   10.1889
    7.5000   30.0000   22.5000 2433.4807   10.1713
   -7.5000   37.5000   22.5000 2274.9854   11.3828
    0.0000   37.5000   22.5000 2301.0186   11.1386
    7.5000   37.5000   22.5000 2295.3052   11.1132
   -7.5000   45.0000   22.5000 2123.2463   12.6458
    0.0000   45.0000   22.5000 2144.9893   12.4046
    7.5000   45.0000   22.5000 2141.9438   12.3693
   -7.5000  -45.0000   30.0000 2485.8350   10.2615
    0.0000  -45.0000   30.0000 2520.1240   10.0129
    7.5000  -45.0000   30.0000 2511.3059   10.0524
   -7.5000  -37.5000   30.0000 2554.5056    9.6178
    0.0000  -37.5000   30.0000 2592.0464    9.3749
    7.5000  -37.5000   30.0000 2579.2280    9.4152
   -7.5000  -30.0000   30.0000 2614.0217    9.1645
    0.0000  -30.0000   30.0000 2659.9590    8.9268
    7.5000  -30.0000   30.0000 2649.3408    8.9534
   -7.5000  -22.5000   30.0000 2668.2097    8.8795
    0.0000  -22.5000   30.0000 2720.5171    8.6392
    7.5000  -22.5000   30.0000 2708.2891    8.6572
   -7.5000  -15.0000   30.0000 2707.0820    8.7486
    0.0000  -15.0000   30.0000 2758.6550    8.5032
    7.5000  -15.0000   30.0000 2744.7800    8.5280
   -7.5000   -7.5000   30.0000 2722.8325    8.7798
    0.0000   -7.5000   30.0000 2767.8989    8.5553
    7.5000   -7.5000   30.0000 2756.5984    8.5622
   -7.5000    0.0000   30.0000 2695.5315    8.9677
    0.0000    0.0000   30.0000 2735.7502    8.7582
    7.5000    0.0000   30.0000 2726.5872    8.7580
   -7.5000    7.5000   30.0000 2637.4065    9.2670
    0.0000    7.5000   30.0000 2670.5466    9.0526
    7.5000    7.5000   30.0000 2660.9038    9.0585
   -7.5000   15.0000   30.0000 2554.6929    9.6378
    0.0000   15.0000   30.0000 2590.6108    9.4195
    7.5000   15.0000   30.0000 2579.8191    9.4243
   -7.5000   22.5000   30.0000 2461.7415   10.1316
    0.0000   22.5000   30.0000 2498.1973    9.9029
    7.5000   22.5000   30.0000 2486.5342    9.9085
   -7.5000   30.0000   30.0000 2349.3408   10.8452
    0.0000   30.0000   30.0000 2382.7581   10.5923
    7.5000   30.0000   30.0000 2377.1929   10.5869
   -7.5000   37.5000   30.0000 2222.2253   11.7883
    0.0000   37.5000   30.0000 2250.2908   11.5360
    7.5000   37.5000   30.0000 2246.4487   11.5244
   -7.5000   45.0000   30.0000 2079.9585   13.0267
    0.0000   45.0000   30.0000 2103.6707   12.7906
    7.5000   45.0000   30.0000 2098.1313   12.7822
   -7.5000  -45.0000   37.5000 2438.1255   10.7443
    0.0000  -45.0000   37.5000 2473.7595   10.5018
    7.5000  -45.0000   37.5000 2465.7422   10.5361
   -7.5000  -37.5000   37.5000 2503.2393   10.0984
    0.0000  -37.5000   37.5000 2544.3120    9.8609
    7.5000  -37.5000   37.5000 2534.6462    9.8732
   -7.5000  -30.0000   37.5000 2555.7190    9.6404
    0.0000  -30.0000   37.5000 2608.4866    9.4134
    7.5000  -30.0000   37.5000 2595.9426    9.4220
   -7.5000  -22.5000   37.5000 2597.8193    9.3518
    0.0000  -22.5000   37.5000 2652.0952    9.1298
    7.5000  -22.5000   37.5000 2639.1733    9.1400
   -7.5000  -15.0000   37.5000 2627.1326    9.2418
    0.0000  -15.0000   37.5000 2672.9648    9.0233
    7.5000  -15.0000   37.5000 2660.1716    9.0373
   -7.5000   -7.5000   37.5000 2626.2903    9.2953
    0.0000   -7.5000   37.5000 2667.0259    9.0962
    7.5000   -7.5000   37.5000 2655.8962    9.0885
   -7.5000    0.0000   37.5000 2594.6145    9.4925
    0.0000    0.0000   37.5000 2631.5129    9.3047
    7.5000    0.0000   37.5000 2625.2654    9.2876
   -7.5000    7.5000   37.5000 2543.6172    9.8272
    0.0000    7.5000   37.5000 2570.6213    9.6268
    7.5000    7.5000   37.5000 2564.0691    9.6201
   -7.5000   15.0000   37.5000 2469.1326   10.2191
    0.0000   15.0000   37.5000 2495.8230   10.0164
    7.5000   15.0000   37.5000 2489.1355   10.0155
   -7.5000   22.5000   37.5000 2388.5769   10.7010
    0.0000   22.5000   37.5000 2417.4646   10.4799
    7.5000   22.5000   37.5000 2408.6741   10.4851
   -7.5000   30.0000   37.5000 2287.0344   11.3695
    0.0000   30.0000   37.5000 2319.7441   11.1399
    7.5000   30.0000   37.5000 2310.5959   11.1319
   -7.5000   37.5000   37.5000 2166.6785   12.3127
    0.0000   37.5000   37.5000 2193.6526   12.0597
    7.5000   37.5000   37.5000 2188.6279   12.0488
   -7.5000   45.0000   37.5000 2030.8306   13.6018
    0.0000   45.0000   37.5000 2049.2615   13.3689
    7.5000   45.0000   37.5000 2048.2905   13.3546
   -7.5000  -45.0000   45.0000 2379.9084   11.4033
    0.0000  -45.0000   45.0000 2415.8174   11.1718
    7.5000  -45.0000   45.0000 2406.4893   11.2023
   -7.5000  -37.5000   45.0000 2438.9539   10.7363
    0.0000  -37.5000   45.0000 2477.9111   10.5033
    7.5000  -37.5000   45.0000 2470.1572   10.5253
   -7.5000  -30.0000   45.0000 2485.6482   10.2565
    0.0000  -30.0000   45.0000 2533.6602   10.0455
    7.5000  -30.0000   45.0000 2523.2559   10.0598
   -7.5000  -22.5000   45.0000 2522.1387    9.9760
    0.0000  -22.5000   45.0000 2567.6106    9.7800
    7.5000  -22.5000   45.0000 2559.0786    9.7935
   -7.5000  -15.0000   45.0000 2538.6748    9.8815
    0.0000  -15.0000   45.0000 2576.0757    9.6995
    7.5000  -15.0000   45.0000 2568.6443    9.7112
   -7.5000   -7.5000   45.0000 2527.0085    9.9572
    0.0000   -7.5000   45.0000 2562.1067    9.7720
    7.5000   -7.5000   45.0000 2554.7395    9.7746
   -7.5000    0.0000   45.0000 2492.2327   10.1784
    0.0000    0.0000   45.0000 2522.2456    9.9865
    7.5000    0.0000   45.0000 2520.3745    9.9813
   -7.5000    7.5000   45.0000 2446.8955   10.5187
    0.0000    7.5000   45.0000 2469.8481   10.3215
    7.5000    7.5000   45.0000 2465.9373   10.3335
   -7.5000   15.0000   45.0000 2381.1733   10.9323
    0.0000   15.0000   45.0000 2403.6477   10.7384
    7.5000   15.0000   45.0000 2400.3391   10.7585
   -7.5000   22.5000   45.0000 2306.5977   11.4073
    0.0000   22.5000   45.0000 2327.4189   11.1971
    7.5000   22.5000   45.0000 2324.0793   11.2121
   -7.5000   30.0000   45.0000 2212.9412   12.0559
    0.0000   30.0000   45.0000 2242.4597   11.8157
    7.5000   30.0000   45.0000 2238.6433   11.8092
   -7.5000   37.5000   45.0000 2101.4492   12.9937
    0.0000   37.5000   45.0000 2128.4573   12.7446
    7.5000   37.5000   45.0000 2126.9460   12.7309
   -7.5000   45.0000   45.0000 1971.7610   14.3408
    0.0000   45.0000   45.0000 1992.7432   14.0933
    7.5000   45.0000   45.0000 1990.2163   14.1023

---------------------------------------------------------------------
imgreg_4dfp /opt/freesurfer/average/711-2C_as_mni_average_305 /opt/freesurfer/average/711-2B_as_mni_average_305_mask talsrcimg_g11 none talsrcimg_to_711-2C_as_mni_average_305_t4 1283
---------------------------------------------------------------------

freesurfer imgreg_4dfp.c
/opt/freesurfer/average/711-2C_as_mni_average_305.4dfp.img
       256       256       256         1
  1.000000  1.000000  1.000000
orientation T byte_order littleendian
Reading image: /opt/freesurfer/average/711-2C_as_mni_average_305.4dfp.img
dimensions:      256       256       256
mmppix:       1.0000   -1.0000   -1.0000
center:     128.0000 -129.0000 -129.0000
/opt/freesurfer/average/711-2B_as_mni_average_305_mask.4dfp.img
       256       256       256         1
  1.000000  1.000000  1.000000
orientation T byte_order littleendian
Reading mask: /opt/freesurfer/average/711-2B_as_mni_average_305_mask.4dfp.img (2306576 pixels)
talsrcimg_g11.4dfp.img
       256       256       256         1
  1.000000  1.000000  1.000000
orientation T byte_order littleendian
Reading image: talsrcimg_g11.4dfp.img
dimensions:      256       256       256
mmppix:       1.0000   -1.0000   -1.0000
center:     128.0000 -129.0000 -129.0000
rotation matrix determinant  1.000000
fimgreg.f
image alignment mode   1283 decimal      503 hex
parameters
    0.0000   -7.5000    7.5000    0.0000    0.0000    0.0000
eta,q 0.92666  7.79368
niter,ni,del,rscale     5    3   12.0000    1.2000
parameter  4  1.950617 ->  0.500000 qaram    1.1500
parameters
    1.7487   -4.6973    5.5632   -3.4500   -0.3777   -0.7938
eta,q 0.93508  7.69528
  0.0913  0.0810  0.0719  0.0641  0.0703  0.0690
  0.0838  0.0786  0.0705  0.0646  0.0678  0.0667
  0.0781  0.0759  0.0694  0.0666  0.0657  0.0651
  0.0738  0.0718  0.0696  0.0694  0.0650  0.0650
  0.0720  0.0697  0.0718  0.0725  0.0663  0.0662
  0.0743  0.0701  0.0757  0.0757  0.0689  0.0686
  0.0790  0.0735  0.0810  0.0785  0.0717  0.0717
niter,ni,del,rscale     5    3   12.0000    1.2000
parameters
    2.0068   -4.3586    4.7728   -6.7298   -0.1153   -1.1557
eta,q 0.93584  7.71883
  0.0781  0.0759  0.0700  0.0658  0.0700  0.0680
  0.0720  0.0699  0.0681  0.0650  0.0677  0.0659
  0.0674  0.0663  0.0664  0.0641  0.0656  0.0646
  0.0649  0.0649  0.0648  0.0653  0.0642  0.0642
  0.0663  0.0659  0.0658  0.0681  0.0649  0.0651
  0.0707  0.0696  0.0699  0.0714  0.0668  0.0668
  0.0762  0.0729  0.0750  0.0752  0.0693  0.0688
niter,ni,del,rscale     4    3   12.0000    1.2000
parameter  4  0.639432 ->  0.500000 qaram    1.3225
parameters
    1.8522   -3.0721    3.9973  -10.6973   -0.3094   -0.8671
eta,q 0.93648  7.78878
  0.0755  0.0744  0.0710  0.0636  0.0678  0.0675
  0.0696  0.0687  0.0686  0.0635  0.0656  0.0658
  0.0654  0.0650  0.0655  0.0639  0.0640  0.0644
  0.0642  0.0641  0.0643  0.0644  0.0635  0.0635
  0.0666  0.0646  0.0662  0.0658  0.0644  0.0639
  0.0708  0.0659  0.0710  0.0681  0.0662  0.0653
  0.0762  0.0673  0.0764  0.0710  0.0681  0.0670
niter,ni,del,rscale     4    3   12.0000    1.2000
parameters
    1.8776   -0.4091    3.2408  -14.5433    0.2756   -1.5809
eta,q 0.93807  7.80595
  0.0752  0.0725  0.0674  0.0621  0.0679  0.0652
  0.0692  0.0691  0.0654  0.0617  0.0654  0.0637
  0.0649  0.0665  0.0628  0.0619  0.0628  0.0624
  0.0635  0.0635  0.0617  0.0618  0.0618  0.0618
  0.0656  0.0619  0.0632  0.0641  0.0624  0.0627
  0.0694  0.0619  0.0672  0.0679  0.0640  0.0651
  0.0745  0.0649  0.0723  0.0722  0.0659  0.0674
niter,ni,del,rscale     3    3   12.0000    1.2000
parameters
    1.8447    0.9496    3.0054  -15.7167    0.3983   -1.9249
eta,q 0.93868  7.81979
  0.0733  0.0705  0.0681  0.0645  0.0668  0.0653
  0.0678  0.0665  0.0662  0.0619  0.0643  0.0637
  0.0632  0.0631  0.0638  0.0609  0.0618  0.0621
  0.0619  0.0619  0.0615  0.0616  0.0612  0.0612
  0.0642  0.0614  0.0623  0.0619  0.0623  0.0616
  0.0681  0.0623  0.0657  0.0639  0.0642  0.0640
  0.0731  0.0652  0.0707  0.0673  0.0661  0.0669
niter,ni,del,rscale     2    3   12.0000    1.2000
parameters
    1.9537    1.2092    2.8278  -15.8443    0.3732   -2.0332
eta,q 0.93868  7.82460
  0.0727  0.0684  0.0682  0.0661  0.0664  0.0655
  0.0673  0.0648  0.0664  0.0630  0.0641  0.0639
  0.0627  0.0625  0.0637  0.0611  0.0618  0.0622
  0.0613  0.0613  0.0612  0.0613  0.0613  0.0613
  0.0632  0.0613  0.0622  0.0620  0.0625  0.0614
  0.0667  0.0633  0.0656  0.0632  0.0642  0.0635
  0.0718  0.0679  0.0706  0.0661  0.0661  0.0665
niter,ni,del,rscale     1    3   12.0000    1.2000
parameters
    1.9756    1.2261    2.7977  -15.8665    0.3672   -2.0502
eta,q 0.93867  7.82527
  0.0721  0.0680  0.0684  0.0662  0.0664  0.0656
  0.0669  0.0646  0.0666  0.0631  0.0641  0.0640
  0.0625  0.0625  0.0639  0.0611  0.0619  0.0623
  0.0613  0.0613  0.0613  0.0613  0.0613  0.0613
  0.0633  0.0614  0.0620  0.0620  0.0625  0.0614
  0.0666  0.0637  0.0653  0.0631  0.0643  0.0634
  0.0718  0.0688  0.0701  0.0660  0.0661  0.0664
registration optimization eta report
parameter search radius
    6.0000    6.0000    6.0000    7.9350    6.0000    6.0000
100000*second partial in parameter space
       29.       20.       21.        8.       13.       13.
  0.0721  0.0680  0.0684  0.0662  0.0664  0.0656
  0.0669  0.0646  0.0666  0.0631  0.0641  0.0640
  0.0625  0.0625  0.0639  0.0611  0.0619  0.0623
  0.0613  0.0613  0.0613  0.0613  0.0613  0.0613
  0.0633  0.0614  0.0620  0.0620  0.0625  0.0614
  0.0666  0.0637  0.0653  0.0631  0.0643  0.0634
  0.0718  0.0688  0.0701  0.0660  0.0661  0.0664
    1.9756    1.2261    2.7977  -15.8665    0.3672   -2.0502
eta,q 0.93867  7.82527

---------------------------------------------------------------------
imgreg_4dfp /opt/freesurfer/average/711-2C_as_mni_average_305 /opt/freesurfer/average/711-2B_as_mni_average_305_mask talsrcimg_g11 none talsrcimg_to_711-2C_as_mni_average_305_t4 3335
---------------------------------------------------------------------

freesurfer imgreg_4dfp.c
/opt/freesurfer/average/711-2C_as_mni_average_305.4dfp.img
       256       256       256         1
  1.000000  1.000000  1.000000
orientation T byte_order littleendian
Reading image: /opt/freesurfer/average/711-2C_as_mni_average_305.4dfp.img
dimensions:      256       256       256
mmppix:       1.0000   -1.0000   -1.0000
center:     128.0000 -129.0000 -129.0000
/opt/freesurfer/average/711-2B_as_mni_average_305_mask.4dfp.img
       256       256       256         1
  1.000000  1.000000  1.000000
orientation T byte_order littleendian
Reading mask: /opt/freesurfer/average/711-2B_as_mni_average_305_mask.4dfp.img (2306576 pixels)
talsrcimg_g11.4dfp.img
       256       256       256         1
  1.000000  1.000000  1.000000
orientation T byte_order littleendian
Reading image: talsrcimg_g11.4dfp.img
dimensions:      256       256       256
mmppix:       1.0000   -1.0000   -1.0000
center:     128.0000 -129.0000 -129.0000
fimgreg.f
image alignment mode   3335 decimal      D07 hex
parameters
    1.9756    1.2261    2.7977   -0.0661   -3.8777   -3.8118
    3.6162    0.3621   -3.5774   27.3442    0.6408  -27.3391
eta,q 0.94207  7.78041
niter,ni,del,rscale     5    3    5.0000    1.2000
parameter  4  2.031630 ->  0.500000 qaram    1.1500
parameter  5  2.453038 ->  0.500000 qaram    1.1500
parameter  6  1.396839 ->  0.500000 qaram    1.1500
parameter 10  1.075294 ->  0.500000 qaram    1.1500
parameters
    1.5744    0.8798    2.3261   -4.2061   -8.0177   -7.9518
    0.9588    0.5275   -1.6381   23.2042   -2.7321  -27.8184
eta,q 0.95861  7.26016
  0.0595  0.0589  0.0586  0.0492  0.0462  0.0423  0.0446  0.0480  0.0459  0.0411  0.0417  0.0423
  0.0584  0.0583  0.0580  0.0513  0.0479  0.0435  0.0438  0.0457  0.0448  0.0415  0.0414  0.0418
  0.0579  0.0579  0.0578  0.0543  0.0499  0.0455  0.0436  0.0441  0.0440  0.0423  0.0414  0.0415
  0.0579  0.0579  0.0578  0.0578  0.0520  0.0484  0.0439  0.0436  0.0436  0.0435  0.0416  0.0414
  0.0584  0.0582  0.0581  0.0619  0.0547  0.0520  0.0448  0.0441  0.0436  0.0452  0.0421  0.0416
  0.0595  0.0588  0.0587  0.0668  0.0577  0.0563  0.0460  0.0454  0.0438  0.0474  0.0428  0.0420
  0.0610  0.0597  0.0595  0.0720  0.0609  0.0613  0.0476  0.0476  0.0443  0.0501  0.0437  0.0426
niter,ni,del,rscale     7    3    5.0000    1.2000
parameter  4  0.983472 ->  0.500000 qaram    1.3225
parameter  5  1.863314 ->  0.500000 qaram    1.3225
parameter  6  0.657789 ->  0.500000 qaram    1.3225
parameters
    1.9066    2.0366    2.2563   -8.9671  -12.7787  -12.7128
    0.5707    1.5415   -1.6013   20.4415   -2.7627  -27.7999
eta,q 0.96763  6.78431
  0.0451  0.0443  0.0423  0.0368  0.0327  0.0327  0.0349  0.0376  0.0347  0.0340  0.0330  0.0335
  0.0433  0.0430  0.0415  0.0373  0.0339  0.0328  0.0338  0.0354  0.0337  0.0328  0.0326  0.0329
  0.0420  0.0420  0.0410  0.0386  0.0356  0.0333  0.0331  0.0338  0.0330  0.0324  0.0324  0.0325
  0.0414  0.0413  0.0409  0.0409  0.0376  0.0343  0.0330  0.0329  0.0328  0.0328  0.0324  0.0324
  0.0414  0.0409  0.0411  0.0443  0.0400  0.0362  0.0333  0.0330  0.0330  0.0340  0.0324  0.0325
  0.0421  0.0410  0.0416  0.0485  0.0430  0.0395  0.0341  0.0339  0.0336  0.0358  0.0327  0.0329
  0.0435  0.0414  0.0425  0.0536  0.0461  0.0440  0.0353  0.0357  0.0346  0.0382  0.0330  0.0336
niter,ni,del,rscale     7    3    5.0000    1.2000
parameter  5  0.668028 ->  0.500000 qaram    1.5209
parameters
    2.0963    2.0551    1.5766  -13.6831  -18.2538  -16.5533
    0.6549    1.5236   -1.7074   19.8883   -3.4934  -29.3359
eta,q 0.97082  6.31393
  0.0356  0.0345  0.0329  0.0321  0.0305  0.0307  0.0317  0.0329  0.0310  0.0324  0.0299  0.0299
  0.0339  0.0333  0.0324  0.0315  0.0300  0.0296  0.0304  0.0310  0.0300  0.0306  0.0295  0.0294
  0.0328  0.0326  0.0322  0.0315  0.0303  0.0293  0.0296  0.0297  0.0295  0.0295  0.0293  0.0292
  0.0324  0.0323  0.0323  0.0322  0.0315  0.0300  0.0293  0.0293  0.0293  0.0293  0.0293  0.0293
  0.0325  0.0326  0.0327  0.0338  0.0333  0.0314  0.0295  0.0298  0.0295  0.0299  0.0294  0.0296
  0.0333  0.0333  0.0334  0.0366  0.0356  0.0328  0.0303  0.0310  0.0301  0.0314  0.0298  0.0301
  0.0347  0.0344  0.0343  0.0405  0.0386  0.0351  0.0316  0.0329  0.0311  0.0333  0.0302  0.0307
niter,ni,del,rscale     7    3    5.0000    1.2000
parameters
    2.0740    1.9563    0.8426  -13.9187  -19.0838  -17.1405
    0.6272    1.4912   -1.5718   20.1548   -3.4717  -30.3447
eta,q 0.97094  6.27087
  0.0320  0.0313  0.0297  0.0316  0.0322  0.0322  0.0313  0.0327  0.0308  0.0328  0.0299  0.0299
  0.0305  0.0301  0.0292  0.0303  0.0306  0.0307  0.0301  0.0308  0.0299  0.0309  0.0295  0.0293
  0.0295  0.0294  0.0291  0.0294  0.0295  0.0295  0.0294  0.0295  0.0293  0.0296  0.0292  0.0291
  0.0292  0.0292  0.0292  0.0290  0.0291  0.0291  0.0291  0.0291  0.0291  0.0291  0.0291  0.0291
  0.0295  0.0295  0.0296  0.0293  0.0296  0.0298  0.0294  0.0296  0.0293  0.0294  0.0292  0.0293
  0.0305  0.0304  0.0304  0.0302  0.0313  0.0315  0.0302  0.0308  0.0298  0.0306  0.0294  0.0298
  0.0321  0.0317  0.0314  0.0321  0.0335  0.0329  0.0314  0.0327  0.0307  0.0324  0.0299  0.0304
niter,ni,del,rscale     6    3    5.0000    1.2000
parameters
    2.0403    2.0173    0.6452  -13.7976  -19.1769  -17.3017
    0.5980    1.4264   -1.5454   20.4195   -3.4217  -30.6919
eta,q 0.97095  6.27323
  0.0318  0.0314  0.0302  0.0317  0.0326  0.0325  0.0313  0.0326  0.0307  0.0328  0.0298  0.0300
  0.0303  0.0301  0.0295  0.0303  0.0309  0.0309  0.0301  0.0307  0.0298  0.0308  0.0294  0.0295
  0.0294  0.0293  0.0291  0.0294  0.0297  0.0297  0.0293  0.0294  0.0292  0.0295  0.0292  0.0291
  0.0291  0.0291  0.0291  0.0291  0.0290  0.0291  0.0291  0.0291  0.0291  0.0291  0.0291  0.0291
  0.0294  0.0293  0.0293  0.0292  0.0294  0.0296  0.0293  0.0295  0.0292  0.0294  0.0291  0.0293
  0.0304  0.0300  0.0298  0.0300  0.0309  0.0312  0.0301  0.0308  0.0298  0.0305  0.0294  0.0296
  0.0320  0.0312  0.0306  0.0318  0.0329  0.0326  0.0314  0.0327  0.0307  0.0323  0.0298  0.0302
niter,ni,del,rscale     5    3    5.0000    1.2000
parameters
    2.0253    2.0434    0.5725  -13.7902  -19.2188  -17.3737
    0.5935    1.4041   -1.5561   20.5320   -3.4123  -30.8240
eta,q 0.97094  6.27242
  0.0318  0.0313  0.0303  0.0317  0.0326  0.0325  0.0313  0.0326  0.0307  0.0326  0.0298  0.0301
  0.0303  0.0301  0.0296  0.0303  0.0309  0.0309  0.0301  0.0307  0.0298  0.0307  0.0294  0.0295
  0.0294  0.0293  0.0292  0.0294  0.0297  0.0297  0.0293  0.0294  0.0292  0.0295  0.0292  0.0291
  0.0291  0.0291  0.0291  0.0291  0.0291  0.0291  0.0291  0.0291  0.0291  0.0291  0.0291  0.0291
  0.0294  0.0293  0.0292  0.0293  0.0294  0.0295  0.0293  0.0295  0.0292  0.0294  0.0291  0.0292
  0.0303  0.0301  0.0297  0.0301  0.0308  0.0311  0.0301  0.0307  0.0298  0.0306  0.0294  0.0296
  0.0319  0.0312  0.0305  0.0318  0.0329  0.0325  0.0313  0.0326  0.0307  0.0324  0.0298  0.0301
niter,ni,del,rscale     4    3    5.0000    1.2000
parameters
    2.0213    2.0576    0.5459  -13.7867  -19.2354  -17.4039
    0.5986    1.3981   -1.5621   20.5762   -3.4060  -30.8612
eta,q 0.97093  6.27201
  0.0318  0.0313  0.0303  0.0317  0.0326  0.0325  0.0313  0.0326  0.0307  0.0326  0.0298  0.0301
  0.0303  0.0300  0.0296  0.0303  0.0309  0.0309  0.0301  0.0307  0.0298  0.0307  0.0294  0.0295
  0.0294  0.0293  0.0292  0.0294  0.0297  0.0297  0.0293  0.0295  0.0292  0.0294  0.0292  0.0292
  0.0291  0.0291  0.0291  0.0291  0.0291  0.0291  0.0291  0.0291  0.0291  0.0291  0.0291  0.0291
  0.0293  0.0293  0.0292  0.0293  0.0294  0.0295  0.0293  0.0295  0.0292  0.0295  0.0291  0.0292
  0.0303  0.0301  0.0297  0.0301  0.0308  0.0311  0.0301  0.0307  0.0298  0.0307  0.0294  0.0296
  0.0319  0.0312  0.0304  0.0319  0.0329  0.0325  0.0313  0.0326  0.0307  0.0324  0.0298  0.0301
niter,ni,del,rscale     3    3    5.0000    1.2000
parameters
    2.0187    2.0632    0.5395  -13.7818  -19.2423  -17.4129
    0.6005    1.3964   -1.5681   20.5897   -3.4035  -30.8851
eta,q 0.97094  6.27203
  0.0318  0.0313  0.0304  0.0317  0.0326  0.0325  0.0313  0.0326  0.0307  0.0325  0.0298  0.0301
  0.0303  0.0300  0.0297  0.0303  0.0310  0.0309  0.0301  0.0307  0.0298  0.0306  0.0294  0.0295
  0.0294  0.0293  0.0292  0.0294  0.0297  0.0297  0.0293  0.0295  0.0292  0.0294  0.0292  0.0292
  0.0291  0.0291  0.0291  0.0291  0.0291  0.0291  0.0291  0.0291  0.0291  0.0291  0.0291  0.0291
  0.0294  0.0293  0.0292  0.0293  0.0294  0.0295  0.0293  0.0295  0.0292  0.0295  0.0291  0.0292
  0.0303  0.0301  0.0297  0.0301  0.0308  0.0311  0.0301  0.0307  0.0298  0.0307  0.0294  0.0296
  0.0319  0.0312  0.0304  0.0319  0.0329  0.0325  0.0313  0.0326  0.0307  0.0324  0.0298  0.0301
registration optimization eta report
parameter search radius
    2.4000    2.4000    2.4000    9.5220   10.9503    9.5220
    7.2000    7.2000    7.2000    8.2800    7.2000    7.2000
100000*second partial in parameter space
       48.       38.       23.        3.        3.        4.
        4.        7.        3.        5.        1.        2.
  0.0318  0.0313  0.0304  0.0317  0.0326  0.0325  0.0313  0.0326  0.0307  0.0325  0.0298  0.0301
  0.0303  0.0300  0.0297  0.0303  0.0310  0.0309  0.0301  0.0307  0.0298  0.0306  0.0294  0.0295
  0.0294  0.0293  0.0292  0.0294  0.0297  0.0297  0.0293  0.0295  0.0292  0.0294  0.0292  0.0292
  0.0291  0.0291  0.0291  0.0291  0.0291  0.0291  0.0291  0.0291  0.0291  0.0291  0.0291  0.0291
  0.0294  0.0293  0.0292  0.0293  0.0294  0.0295  0.0293  0.0295  0.0292  0.0295  0.0291  0.0292
  0.0303  0.0301  0.0297  0.0301  0.0308  0.0311  0.0301  0.0307  0.0298  0.0307  0.0294  0.0296
  0.0319  0.0312  0.0304  0.0319  0.0329  0.0325  0.0313  0.0326  0.0307  0.0324  0.0298  0.0301
    2.0187    2.0632    0.5395  -13.7818  -19.2423  -17.4129
    0.6005    1.3964   -1.5681   20.5897   -3.4035  -30.8851
eta,q 0.97094  6.27203

---------------------------------------------------------------------
imgreg_4dfp /opt/freesurfer/average/711-2C_as_mni_average_305 /opt/freesurfer/average/711-2B_as_mni_average_305_mask talsrcimg_g11 none talsrcimg_to_711-2C_as_mni_average_305_t4 2311
---------------------------------------------------------------------

freesurfer imgreg_4dfp.c
/opt/freesurfer/average/711-2C_as_mni_average_305.4dfp.img
       256       256       256         1
  1.000000  1.000000  1.000000
orientation T byte_order littleendian
Reading image: /opt/freesurfer/average/711-2C_as_mni_average_305.4dfp.img
dimensions:      256       256       256
mmppix:       1.0000   -1.0000   -1.0000
center:     128.0000 -129.0000 -129.0000
/opt/freesurfer/average/711-2B_as_mni_average_305_mask.4dfp.img
       256       256       256         1
  1.000000  1.000000  1.000000
orientation T byte_order littleendian
Reading mask: /opt/freesurfer/average/711-2B_as_mni_average_305_mask.4dfp.img (2306576 pixels)
talsrcimg_g11.4dfp.img
       256       256       256         1
  1.000000  1.000000  1.000000
orientation T byte_order littleendian
Reading image: talsrcimg_g11.4dfp.img
dimensions:      256       256       256
mmppix:       1.0000   -1.0000   -1.0000
center:     128.0000 -129.0000 -129.0000
fimgreg.f
image alignment mode   2311 decimal      907 hex
parameters
    2.0187    2.0632    0.5395  -13.7818  -19.2423  -17.4129
    0.6005    1.3964   -1.5681   20.5897   -3.4035  -30.8851
eta,q 0.97094  6.27204
niter,ni,del,rscale     5    3    5.0000    0.8000
parameters
    2.0395    2.0304    0.5443  -13.4321  -18.6037  -17.2660
    0.6386    1.4091   -1.5712   20.4990   -3.2975  -30.9238
eta,q 0.97099  6.30756
  0.0303  0.0300  0.0297  0.0298  0.0301  0.0302  0.0301  0.0307  0.0298  0.0302  0.0294  0.0295
  0.0297  0.0295  0.0293  0.0294  0.0296  0.0297  0.0295  0.0298  0.0294  0.0295  0.0292  0.0292
  0.0292  0.0291  0.0291  0.0292  0.0292  0.0292  0.0291  0.0292  0.0291  0.0291  0.0291  0.0291
  0.0291  0.0291  0.0291  0.0291  0.0290  0.0290  0.0290  0.0290  0.0290  0.0290  0.0290  0.0290
  0.0292  0.0292  0.0291  0.0291  0.0290  0.0291  0.0291  0.0292  0.0291  0.0292  0.0290  0.0291
  0.0296  0.0295  0.0293  0.0293  0.0293  0.0295  0.0295  0.0298  0.0294  0.0296  0.0292  0.0293
  0.0303  0.0301  0.0297  0.0296  0.0297  0.0302  0.0301  0.0307  0.0298  0.0303  0.0293  0.0295
niter,ni,del,rscale     4    3    5.0000    0.7000
parameters
    2.0462    1.9620    0.5477  -13.3866  -18.5185  -17.1752
    0.6353    1.4010   -1.5639   20.4586   -3.2740  -30.9009
eta,q 0.97100  6.31399
  0.0300  0.0297  0.0295  0.0295  0.0297  0.0299  0.0298  0.0303  0.0296  0.0299  0.0293  0.0294
  0.0295  0.0293  0.0292  0.0293  0.0294  0.0295  0.0294  0.0296  0.0293  0.0294  0.0291  0.0292
  0.0291  0.0291  0.0291  0.0291  0.0291  0.0292  0.0291  0.0291  0.0291  0.0291  0.0290  0.0290
  0.0290  0.0290  0.0290  0.0290  0.0290  0.0290  0.0290  0.0290  0.0290  0.0290  0.0290  0.0290
  0.0291  0.0291  0.0291  0.0290  0.0291  0.0290  0.0291  0.0292  0.0291  0.0291  0.0290  0.0290
  0.0294  0.0294  0.0292  0.0292  0.0293  0.0294  0.0294  0.0296  0.0293  0.0294  0.0291  0.0292
  0.0300  0.0299  0.0295  0.0295  0.0297  0.0299  0.0298  0.0303  0.0296  0.0300  0.0293  0.0294
niter,ni,del,rscale     3    3    5.0000    0.6000
parameters
    2.0482    1.9486    0.5645  -13.3284  -18.5034  -17.0805
    0.6353    1.3973   -1.5689   20.4400   -3.2455  -30.9186
eta,q 0.97101  6.31933
  0.0297  0.0296  0.0294  0.0294  0.0295  0.0297  0.0296  0.0299  0.0294  0.0297  0.0292  0.0293
  0.0293  0.0292  0.0292  0.0292  0.0292  0.0294  0.0293  0.0294  0.0292  0.0293  0.0291  0.0291
  0.0291  0.0291  0.0290  0.0291  0.0291  0.0291  0.0291  0.0291  0.0290  0.0291  0.0290  0.0290
  0.0290  0.0290  0.0290  0.0290  0.0290  0.0290  0.0290  0.0290  0.0290  0.0290  0.0290  0.0290
  0.0291  0.0291  0.0290  0.0290  0.0291  0.0290  0.0291  0.0291  0.0291  0.0291  0.0290  0.0290
  0.0293  0.0293  0.0291  0.0292  0.0292  0.0293  0.0293  0.0294  0.0292  0.0293  0.0291  0.0291
  0.0297  0.0296  0.0293  0.0294  0.0295  0.0297  0.0296  0.0299  0.0294  0.0297  0.0292  0.0293
niter,ni,del,rscale     2    3    5.0000    0.5000
parameters
    2.0555    1.9371    0.5775  -13.2924  -18.4674  -16.9932
    0.6306    1.3853   -1.5526   20.4371   -3.2474  -30.9169
eta,q 0.97101  6.32433
  0.0295  0.0294  0.0292  0.0293  0.0294  0.0295  0.0294  0.0296  0.0293  0.0295  0.0291  0.0292
  0.0292  0.0292  0.0291  0.0291  0.0292  0.0293  0.0292  0.0293  0.0291  0.0292  0.0290  0.0291
  0.0291  0.0290  0.0290  0.0290  0.0290  0.0291  0.0290  0.0291  0.0290  0.0290  0.0290  0.0290
  0.0290  0.0290  0.0290  0.0290  0.0290  0.0290  0.0290  0.0290  0.0290  0.0290  0.0290  0.0290
  0.0290  0.0290  0.0290  0.0290  0.0290  0.0290  0.0290  0.0291  0.0290  0.0290  0.0290  0.0290
  0.0292  0.0292  0.0291  0.0291  0.0291  0.0292  0.0292  0.0293  0.0291  0.0292  0.0290  0.0291
  0.0295  0.0294  0.0292  0.0293  0.0293  0.0295  0.0294  0.0296  0.0293  0.0295  0.0291  0.0292
niter,ni,del,rscale     1    3    5.0000    0.4000
parameters
    2.0569    1.9340    0.5892  -13.2313  -18.4807  -16.9074
    0.6108    1.3736   -1.5609   20.4242   -3.2124  -30.9206
eta,q 0.97101  6.32862
  0.0293  0.0293  0.0292  0.0292  0.0292  0.0293  0.0293  0.0294  0.0292  0.0293  0.0291  0.0291
  0.0291  0.0291  0.0291  0.0291  0.0291  0.0292  0.0291  0.0292  0.0291  0.0291  0.0290  0.0290
  0.0290  0.0290  0.0290  0.0290  0.0290  0.0290  0.0290  0.0290  0.0290  0.0290  0.0290  0.0290
  0.0290  0.0290  0.0290  0.0290  0.0290  0.0290  0.0290  0.0290  0.0290  0.0290  0.0290  0.0290
  0.0290  0.0290  0.0290  0.0290  0.0290  0.0290  0.0290  0.0290  0.0290  0.0290  0.0290  0.0290
  0.0291  0.0291  0.0291  0.0291  0.0291  0.0291  0.0291  0.0292  0.0291  0.0291  0.0290  0.0290
  0.0293  0.0293  0.0291  0.0292  0.0292  0.0293  0.0293  0.0294  0.0292  0.0293  0.0291  0.0291
registration optimization eta report
parameter search radius
    0.8000    0.8000    0.8000    2.4000    2.4000    2.4000
    2.4000    2.4000    2.4000    2.4000    2.4000    2.4000
100000*second partial in parameter space
       52.       41.       25.        3.        4.        6.
        5.        7.        4.        5.        2.        2.
  0.0293  0.0293  0.0292  0.0292  0.0292  0.0293  0.0293  0.0294  0.0292  0.0293  0.0291  0.0291
  0.0291  0.0291  0.0291  0.0291  0.0291  0.0292  0.0291  0.0292  0.0291  0.0291  0.0290  0.0290
  0.0290  0.0290  0.0290  0.0290  0.0290  0.0290  0.0290  0.0290  0.0290  0.0290  0.0290  0.0290
  0.0290  0.0290  0.0290  0.0290  0.0290  0.0290  0.0290  0.0290  0.0290  0.0290  0.0290  0.0290
  0.0290  0.0290  0.0290  0.0290  0.0290  0.0290  0.0290  0.0290  0.0290  0.0290  0.0290  0.0290
  0.0291  0.0291  0.0291  0.0291  0.0291  0.0291  0.0291  0.0292  0.0291  0.0291  0.0290  0.0290
  0.0293  0.0293  0.0291  0.0292  0.0292  0.0293  0.0293  0.0294  0.0292  0.0293  0.0291  0.0291
    2.0569    1.9340    0.5892  -13.2313  -18.4807  -16.9074
    0.6108    1.3736   -1.5609   20.4242   -3.2124  -30.9206
eta,q 0.97101  6.32862

---------------------------------------------------------------------
imgreg_4dfp /opt/freesurfer/average/711-2C_as_mni_average_305 /opt/freesurfer/average/711-2B_as_mni_average_305_mask talsrcimg_g11 none talsrcimg_to_711-2C_as_mni_average_305_t4 2311
---------------------------------------------------------------------

freesurfer imgreg_4dfp.c
/opt/freesurfer/average/711-2C_as_mni_average_305.4dfp.img
       256       256       256         1
  1.000000  1.000000  1.000000
orientation T byte_order littleendian
Reading image: /opt/freesurfer/average/711-2C_as_mni_average_305.4dfp.img
dimensions:      256       256       256
mmppix:       1.0000   -1.0000   -1.0000
center:     128.0000 -129.0000 -129.0000
/opt/freesurfer/average/711-2B_as_mni_average_305_mask.4dfp.img
       256       256       256         1
  1.000000  1.000000  1.000000
orientation T byte_order littleendian
Reading mask: /opt/freesurfer/average/711-2B_as_mni_average_305_mask.4dfp.img (2306576 pixels)
talsrcimg_g11.4dfp.img
       256       256       256         1
  1.000000  1.000000  1.000000
orientation T byte_order littleendian
Reading image: talsrcimg_g11.4dfp.img
dimensions:      256       256       256
mmppix:       1.0000   -1.0000   -1.0000
center:     128.0000 -129.0000 -129.0000
fimgreg.f
image alignment mode   2311 decimal      907 hex
parameters
    2.0569    1.9340    0.5892  -13.2313  -18.4807  -16.9074
    0.6108    1.3736   -1.5609   20.4242   -3.2124  -30.9206
eta,q 0.97101  6.32862
niter,ni,del,rscale     5    3    5.0000    0.8000
parameters
    2.0407    1.9520    0.5927  -13.3983  -18.5877  -17.1809
    0.6269    1.4042   -1.5730   20.4433   -3.2789  -30.8632
eta,q 0.97100  6.31088
  0.0303  0.0301  0.0296  0.0296  0.0299  0.0300  0.0301  0.0307  0.0298  0.0303  0.0293  0.0295
  0.0296  0.0295  0.0293  0.0293  0.0294  0.0295  0.0295  0.0298  0.0293  0.0296  0.0292  0.0292
  0.0291  0.0291  0.0291  0.0291  0.0291  0.0291  0.0291  0.0292  0.0291  0.0291  0.0290  0.0291
  0.0290  0.0290  0.0290  0.0290  0.0290  0.0290  0.0290  0.0290  0.0290  0.0290  0.0290  0.0290
  0.0291  0.0291  0.0291  0.0291  0.0291  0.0291  0.0291  0.0292  0.0291  0.0291  0.0290  0.0291
  0.0296  0.0294  0.0293  0.0293  0.0294  0.0296  0.0295  0.0297  0.0294  0.0295  0.0292  0.0292
  0.0303  0.0300  0.0296  0.0297  0.0300  0.0304  0.0301  0.0306  0.0298  0.0303  0.0294  0.0295
niter,ni,del,rscale     4    3    5.0000    0.7000
parameters
    2.0473    1.9580    0.5670  -13.3951  -18.5248  -17.1509
    0.6401    1.4038   -1.5717   20.4391   -3.2680  -30.8839
eta,q 0.97100  6.31384
  0.0300  0.0298  0.0295  0.0295  0.0297  0.0299  0.0299  0.0303  0.0296  0.0300  0.0293  0.0294
  0.0295  0.0294  0.0292  0.0292  0.0293  0.0295  0.0294  0.0296  0.0293  0.0294  0.0291  0.0292
  0.0291  0.0291  0.0290  0.0291  0.0291  0.0292  0.0291  0.0291  0.0291  0.0291  0.0290  0.0290
  0.0290  0.0290  0.0290  0.0290  0.0290  0.0290  0.0290  0.0290  0.0290  0.0290  0.0290  0.0290
  0.0291  0.0291  0.0291  0.0290  0.0291  0.0291  0.0291  0.0292  0.0291  0.0291  0.0290  0.0290
  0.0294  0.0294  0.0292  0.0292  0.0293  0.0294  0.0294  0.0296  0.0293  0.0294  0.0291  0.0292
  0.0300  0.0298  0.0295  0.0295  0.0297  0.0300  0.0298  0.0303  0.0296  0.0300  0.0293  0.0294
niter,ni,del,rscale     3    3    5.0000    0.6000
parameters
    2.0501    1.9459    0.5709  -13.3281  -18.5083  -17.0673
    0.6415    1.4002   -1.5711   20.4325   -3.2309  -30.9004
eta,q 0.97101  6.31936
  0.0297  0.0296  0.0293  0.0294  0.0295  0.0297  0.0296  0.0299  0.0294  0.0297  0.0292  0.0293
  0.0293  0.0293  0.0292  0.0292  0.0292  0.0294  0.0293  0.0294  0.0292  0.0293  0.0291  0.0291
  0.0291  0.0291  0.0290  0.0291  0.0291  0.0291  0.0291  0.0291  0.0290  0.0291  0.0290  0.0290
  0.0290  0.0290  0.0290  0.0290  0.0290  0.0290  0.0290  0.0290  0.0290  0.0290  0.0290  0.0290
  0.0291  0.0291  0.0290  0.0290  0.0291  0.0290  0.0291  0.0291  0.0291  0.0291  0.0290  0.0290
  0.0293  0.0293  0.0291  0.0292  0.0292  0.0293  0.0293  0.0294  0.0292  0.0293  0.0291  0.0291
  0.0297  0.0296  0.0293  0.0294  0.0295  0.0297  0.0296  0.0299  0.0294  0.0297  0.0292  0.0293
niter,ni,del,rscale     2    3    5.0000    0.5000
parameters
    2.0538    1.9404    0.5813  -13.3010  -18.4760  -16.9920
    0.6349    1.3831   -1.5659   20.4286   -3.2301  -30.8992
eta,q 0.97101  6.32355
  0.0295  0.0294  0.0292  0.0293  0.0294  0.0295  0.0294  0.0296  0.0293  0.0295  0.0291  0.0292
  0.0292  0.0292  0.0291  0.0291  0.0292  0.0293  0.0292  0.0293  0.0291  0.0292  0.0290  0.0291
  0.0290  0.0290  0.0290  0.0290  0.0290  0.0291  0.0290  0.0291  0.0290  0.0290  0.0290  0.0290
  0.0290  0.0290  0.0290  0.0290  0.0290  0.0290  0.0290  0.0290  0.0290  0.0290  0.0290  0.0290
  0.0291  0.0290  0.0290  0.0290  0.0290  0.0290  0.0290  0.0291  0.0290  0.0290  0.0290  0.0290
  0.0292  0.0292  0.0291  0.0291  0.0292  0.0292  0.0292  0.0293  0.0291  0.0292  0.0290  0.0291
  0.0295  0.0294  0.0292  0.0293  0.0293  0.0295  0.0294  0.0296  0.0293  0.0295  0.0291  0.0292
niter,ni,del,rscale     1    3    5.0000    0.4000
parameters
    2.0581    1.9336    0.5931  -13.2416  -18.4832  -16.8988
    0.6227    1.3778   -1.5743   20.4192   -3.2034  -30.9006
eta,q 0.97102  6.32823
  0.0293  0.0292  0.0292  0.0292  0.0292  0.0293  0.0293  0.0294  0.0292  0.0293  0.0291  0.0291
  0.0291  0.0291  0.0291  0.0291  0.0291  0.0292  0.0291  0.0292  0.0291  0.0291  0.0290  0.0290
  0.0290  0.0290  0.0290  0.0290  0.0290  0.0290  0.0290  0.0290  0.0290  0.0290  0.0290  0.0290
  0.0290  0.0290  0.0290  0.0290  0.0290  0.0290  0.0290  0.0290  0.0290  0.0290  0.0290  0.0290
  0.0290  0.0290  0.0290  0.0290  0.0290  0.0290  0.0290  0.0290  0.0290  0.0290  0.0290  0.0290
  0.0291  0.0291  0.0291  0.0291  0.0291  0.0291  0.0291  0.0292  0.0291  0.0291  0.0290  0.0291
  0.0293  0.0293  0.0291  0.0292  0.0292  0.0293  0.0293  0.0294  0.0292  0.0293  0.0291  0.0291
registration optimization eta report
parameter search radius
    0.8000    0.8000    0.8000    2.4000    2.4000    2.4000
    2.4000    2.4000    2.4000    2.4000    2.4000    2.4000
100000*second partial in parameter space
       51.       41.       24.        3.        4.        6.
        5.        7.        4.        5.        2.        2.
  0.0293  0.0292  0.0292  0.0292  0.0292  0.0293  0.0293  0.0294  0.0292  0.0293  0.0291  0.0291
  0.0291  0.0291  0.0291  0.0291  0.0291  0.0292  0.0291  0.0292  0.0291  0.0291  0.0290  0.0290
  0.0290  0.0290  0.0290  0.0290  0.0290  0.0290  0.0290  0.0290  0.0290  0.0290  0.0290  0.0290
  0.0290  0.0290  0.0290  0.0290  0.0290  0.0290  0.0290  0.0290  0.0290  0.0290  0.0290  0.0290
  0.0290  0.0290  0.0290  0.0290  0.0290  0.0290  0.0290  0.0290  0.0290  0.0290  0.0290  0.0290
  0.0291  0.0291  0.0291  0.0291  0.0291  0.0291  0.0291  0.0292  0.0291  0.0291  0.0290  0.0291
  0.0293  0.0293  0.0291  0.0292  0.0292  0.0293  0.0293  0.0294  0.0292  0.0293  0.0291  0.0291
    2.0581    1.9336    0.5931  -13.2416  -18.4832  -16.8988
    0.6227    1.3778   -1.5743   20.4192   -3.2034  -30.9006
eta,q 0.97102  6.32823

---------------------------------------------------------------------
compute_vox2vox talsrcimg talsrcimg_to_711-2C_as_mni_average_305_t4 /opt/freesurfer/average/711-2C_as_mni_average_305
---------------------------------------------------------------------

freesurfer compute_vox2vox.c
Reading: talsrcimg.4dfp.ifh
Reading: talsrcimg_to_711-2C_as_mni_average_305_t4
Reading: /opt/freesurfer/average/711-2C_as_mni_average_305.4dfp.ifh
Writing: talsrcimg_to_711-2C_as_mni_average_305_t4_vox2vox.txt

start time Wed Mar 11 13:20:16 CET 2026
end		time Wed Mar 11 13:20:30 CET 2026

mpr2mni305 success

avi2talxfm orig_nu.mgz /opt/freesurfer/average/mni305.cor.mgz talsrcimg_to_711-2C_as_mni_average_305_t4_vox2vox.txt transforms/talairach.auto.xfm
avi2talxfm done
mv -f /out/sourcedata/freesurfer/sub-v2s17x50049_ses-1/mri/talsrcimg_to_711-2C_as_mni_average_305_t4_vox2vox.txt /out/sourcedata/freesurfer/sub-v2s17x50049_ses-1/mri/transforms/talsrcimg_to_711-2C_as_mni_average_305_t4_vox2vox.txt
lta_convert --src orig_nu.mgz --trg /opt/freesurfer/average/mni305.cor.mgz --inxfm transforms/talairach.auto.xfm --outlta transforms/talairach.auto.xfm.lta --subject fsaverage
7.3.2

--src: orig_nu.mgz src image (geometry).
--trg: /opt/freesurfer/average/mni305.cor.mgz trg image (geometry).
--inmni: transforms/talairach.auto.xfm input MNI/XFM transform.
--outlta: transforms/talairach.auto.xfm.lta output LTA.
--s: fsaverage subject name
 LTA read, type : 1
 1.15179  -0.01549  -0.01467   1.25118;
 0.04818   1.10017   0.41667  -2.59874;
 0.01017  -0.27588   1.12208  -2.34529;
 0.00000   0.00000   0.00000   1.00000;
setting subject to fsaverage
Writing  LTA to file transforms/talairach.auto.xfm.lta...
lta_convert successful.
 
 
Started at Wed Mar 11 13:20:16 CET 2026
Ended   at Wed Mar 11 13:20:30 CET 2026
talairach_avi done
