/out/sourcedata/freesurfer/sub-v2s17x50007_ses-1/mri
/opt/freesurfer/bin/talairach_avi
--i orig_nu.mgz --xfm transforms/talairach.auto.xfm
talairach_avi 7.3.2
Linux dna058 5.14.0-427.37.1.el9_4.x86_64 #1 SMP PREEMPT_DYNAMIC Fri Sep 13 12:41:50 EDT 2024 x86_64 x86_64 x86_64 GNU/Linux
Wed Mar 11 12:47:11 CET 2026
mri_convert orig_nu.mgz talsrcimg.img 
reading from orig_nu.mgz...
TR=0.00, TE=0.00, TI=0.00, flip angle=0.00
i_ras = (-1, 0, 0)
j_ras = (0, 0, -1)
k_ras = (0, 1, 0)
writing to talsrcimg.img...
Analyze Output Matrix
-1.00000   0.00000   0.00000   128.07220;
 0.00000   0.00000   1.00000  -134.35098;
 0.00000  -1.00000   0.00000   118.95007;
 0.00000   0.00000   0.00000   1.00000;
--------------------
INFO: set hdr.hist.orient to -1
mpr2mni305 talsrcimg
Wed Mar 11 12:47:12 CET 2026
/opt/freesurfer/bin/mpr2mni305 talsrcimg
mpr2mni305 7.3.2
target=711-2C_as_mni_average_305

---------------------------------------------------------------------
analyzeto4dfp talsrcimg -O0 -y
---------------------------------------------------------------------

freesurfer ifh2hdr.c
Wed Mar 11 12:47:12 2026
Writing: talsrcimg.4dfp.hdr
freesurfer analyzeto4dfp.c
Reading: talsrcimg.hdr
header size 348 bytes
hdr.dime.datatype	offset=70	value=2
hdr.dime.bitpix		offset=72	value=8
hdr.hist.orient		offset=252	value=-1
dimensionality     4
dimensions       256       256       256         1
Reading: talsrcimg.img
Writing: talsrcimg.4dfp.img
Writing: talsrcimg.4dfp.ifh
ifh2hdr talsrcimg -r0to204
ori=2

---------------------------------------------------------------------
gauss_4dfp talsrcimg 1.1
---------------------------------------------------------------------

freesurfer gauss_4dfp.c
Reading: talsrcimg.4dfp.img
Writing: talsrcimg_g11.4dfp.img
image dimensions 256 256 256 padded to 288 288 288
processing volume 1freesurfer ifh2hdr.c
Wed Mar 11 12:47:14 2026
Writing: talsrcimg_g11.4dfp.hdr

Writing: talsrcimg_g11.4dfp.ifh
including: talsrcimg.4dfp.img.rec in talsrcimg_g11.4dfp.img.rec

---------------------------------------------------------------------
imgreg_4dfp /opt/freesurfer/average/711-2C_as_mni_average_305 none talsrcimg_g11 none talsrcimg_to_711-2C_as_mni_average_305_t4 4355
---------------------------------------------------------------------

freesurfer imgreg_4dfp.c
/opt/freesurfer/average/711-2C_as_mni_average_305.4dfp.img
       256       256       256         1
  1.000000  1.000000  1.000000
orientation T byte_order littleendian
Reading image: /opt/freesurfer/average/711-2C_as_mni_average_305.4dfp.img
dimensions:      256       256       256
mmppix:       1.0000   -1.0000   -1.0000
center:     128.0000 -129.0000 -129.0000
talsrcimg_g11.4dfp.img
       256       256       256         1
  1.000000  1.000000  1.000000
orientation T byte_order littleendian
Reading image: talsrcimg_g11.4dfp.img
dimensions:      256       256       256
mmppix:       1.0000   -1.0000   -1.0000
center:     128.0000 -129.0000 -129.0000
t4_read: open error in t4_sub.f l:  41 t4_file(1:l)talsrcimg_to_711-2C_as_mni_average_305_t4 
t4_read: transform initialized to I4
rotation matrix determinant  1.000000
image alignment mode   4355 decimal     1103 hex
   -7.5000  -45.0000  -45.0000 8335.5957   11.9666
    0.0000  -45.0000  -45.0000 8691.2305   11.9662
    7.5000  -45.0000  -45.0000 8338.8516   11.9540
   -7.5000  -37.5000  -45.0000 8857.2080   11.8626
    0.0000  -37.5000  -45.0000 9241.5244   11.8647
    7.5000  -37.5000  -45.0000 8857.1328   11.8527
   -7.5000  -30.0000  -45.0000 9696.1445   11.8017
    0.0000  -30.0000  -45.000010097.2217   11.8033
    7.5000  -30.0000  -45.0000 9684.5371   11.7944
   -7.5000  -22.5000  -45.000010463.2861   11.7393
    0.0000  -22.5000  -45.000010893.7959   11.7376
    7.5000  -22.5000  -45.000010441.3398   11.7322
   -7.5000  -15.0000  -45.000011141.8750   11.6820
    0.0000  -15.0000  -45.000011640.1592   11.6775
    7.5000  -15.0000  -45.000011124.3682   11.6729
   -7.5000   -7.5000  -45.000011771.7959   11.6342
    0.0000   -7.5000  -45.000012309.5605   11.6294
    7.5000   -7.5000  -45.000011748.3340   11.6217
   -7.5000    0.0000  -45.000012318.6807   11.5965
    0.0000    0.0000  -45.000012895.9434   11.5944
    7.5000    0.0000  -45.000012299.9912   11.5833
   -7.5000    7.5000  -45.000011889.8398   11.6166
    0.0000    7.5000  -45.000012435.5225   11.6173
    7.5000    7.5000  -45.000011874.0889   11.6061
   -7.5000   15.0000  -45.000011315.0928   11.6651
    0.0000   15.0000  -45.000011840.2178   11.6658
    7.5000   15.0000  -45.000011313.4043   11.6573
   -7.5000   22.5000  -45.000010698.2090   11.7601
    0.0000   22.5000  -45.000011208.6318   11.7582
    7.5000   22.5000  -45.000010700.6084   11.7529
   -7.5000   30.0000  -45.000010077.1562   11.7366
    0.0000   30.0000  -45.000010574.2129   11.7312
    7.5000   30.0000  -45.000010071.0557   11.7254
   -7.5000   37.5000  -45.0000 9800.6836   11.8596
    0.0000   37.5000  -45.000010277.4834   11.8523
    7.5000   37.5000  -45.0000 9761.8115   11.8422
   -7.5000   45.0000  -45.0000 9189.5176   11.7573
    0.0000   45.0000  -45.0000 9615.1006   11.7524
    7.5000   45.0000  -45.0000 9132.0459   11.7374
   -7.5000  -45.0000  -37.5000 8876.4121   11.9359
    0.0000  -45.0000  -37.5000 9288.0117   11.9368
    7.5000  -45.0000  -37.5000 8893.8135   11.9234
   -7.5000  -37.5000  -37.5000 9434.0078   11.8328
    0.0000  -37.5000  -37.5000 9855.4141   11.8348
    7.5000  -37.5000  -37.5000 9440.8184   11.8220
   -7.5000  -30.0000  -37.500010355.1309   11.7706
    0.0000  -30.0000  -37.500010797.4219   11.7718
    7.5000  -30.0000  -37.500010340.1816   11.7620
   -7.5000  -22.5000  -37.500011165.1211   11.7066
    0.0000  -22.5000  -37.500011651.1016   11.7054
    7.5000  -22.5000  -37.500011145.4932   11.6987
   -7.5000  -15.0000  -37.500011882.9932   11.6489
    0.0000  -15.0000  -37.500012421.0664   11.6461
    7.5000  -15.0000  -37.500011852.1094   11.6399
   -7.5000   -7.5000  -37.500012511.5010   11.6029
    0.0000   -7.5000  -37.500013094.9336   11.6002
    7.5000   -7.5000  -37.500012491.2344   11.5910
   -7.5000    0.0000  -37.500013070.8271   11.5675
    0.0000    0.0000  -37.500013692.7520   11.5666
    7.5000    0.0000  -37.500013057.2471   11.5542
   -7.5000    7.5000  -37.500012609.5898   11.5880
    0.0000    7.5000  -37.500013195.2402   11.5886
    7.5000    7.5000  -37.500012577.5664   11.5765
   -7.5000   15.0000  -37.500012020.1094   11.6347
    0.0000   15.0000  -37.500012587.1914   11.6349
    7.5000   15.0000  -37.500011990.9824   11.6256
   -7.5000   22.5000  -37.500011363.0615   11.7266
    0.0000   22.5000  -37.500011909.9551   11.7254
    7.5000   22.5000  -37.500011322.2432   11.7189
   -7.5000   30.0000  -37.500010664.1406   11.7009
    0.0000   30.0000  -37.500011185.1982   11.6976
    7.5000   30.0000  -37.500010638.2266   11.6908
   -7.5000   37.5000  -37.500010336.4072   11.8246
    0.0000   37.5000  -37.500010846.8447   11.8199
    7.5000   37.5000  -37.500010299.2529   11.8087
   -7.5000   45.0000  -37.5000 9648.1562   11.7257
    0.0000   45.0000  -37.500010119.2217   11.7224
    7.5000   45.0000  -37.5000 9598.3213   11.7063
   -7.5000  -45.0000  -30.0000 9633.3848   12.3937
    0.0000  -45.0000  -30.000010058.9844   12.3950
    7.5000  -45.0000  -30.0000 9635.0811   12.3787
   -7.5000  -37.5000  -30.000010269.9629   12.2838
    0.0000  -37.5000  -30.000010711.1504   12.2857
    7.5000  -37.5000  -30.000010252.2480   12.2700
   -7.5000  -30.0000  -30.000011268.0674   12.2166
    0.0000  -30.0000  -30.000011767.6162   12.2172
    7.5000  -30.0000  -30.000011246.4756   12.2045
   -7.5000  -22.5000  -30.000012133.8857   12.1489
    0.0000  -22.5000  -30.000012688.7090   12.1472
    7.5000  -22.5000  -30.000012107.0986   12.1373
   -7.5000  -15.0000  -30.000012926.4795   12.0884
    0.0000  -15.0000  -30.000013517.2900   12.0854
    7.5000  -15.0000  -30.000012881.0596   12.0759
   -7.5000   -7.5000  -30.000013585.3564   12.0390
    0.0000   -7.5000  -30.000014214.6855   12.0366
    7.5000   -7.5000  -30.000013544.0947   12.0244
   -7.5000    0.0000  -30.000014162.9512   11.9998
    0.0000    0.0000  -30.000014799.9512   11.9990
    7.5000    0.0000  -30.000014125.9648   11.9841
   -7.5000    7.5000  -30.000013613.3340   12.0202
    0.0000    7.5000  -30.000014222.6982   12.0206
    7.5000    7.5000  -30.000013572.3281   12.0060
   -7.5000   15.0000  -30.000012971.7031   12.0681
    0.0000   15.0000  -30.000013569.3623   12.0677
    7.5000   15.0000  -30.000012939.7529   12.0556
   -7.5000   22.5000  -30.000012279.3486   12.1625
    0.0000   22.5000  -30.000012858.0566   12.1610
    7.5000   22.5000  -30.000012233.3809   12.1514
   -7.5000   30.0000  -30.000011498.3193   12.1381
    0.0000   30.0000  -30.000012042.4805   12.1351
    7.5000   30.0000  -30.000011469.7373   12.1252
   -7.5000   37.5000  -30.000011095.5869   12.2640
    0.0000   37.5000  -30.000011628.0127   12.2603
    7.5000   37.5000  -30.000011058.5693   12.2461
   -7.5000   45.0000  -30.000010318.2617   12.1679
    0.0000   45.0000  -30.000010818.1719   12.1652
    7.5000   45.0000  -30.000010278.9736   12.1468
   -7.5000  -45.0000  -22.500010417.7227   12.7948
    0.0000  -45.0000  -22.500010885.7783   12.7948
    7.5000  -45.0000  -22.500010417.6924   12.7774
   -7.5000  -37.5000  -22.500011099.2568   12.6795
    0.0000  -37.5000  -22.500011585.4873   12.6808
    7.5000  -37.5000  -22.500011088.8262   12.6638
   -7.5000  -30.0000  -22.500012167.2217   12.6111
    0.0000  -30.0000  -22.500012712.7236   12.6109
    7.5000  -30.0000  -22.500012150.6709   12.5960
   -7.5000  -22.5000  -22.500013106.5244   12.5421
    0.0000  -22.5000  -22.500013713.5234   12.5385
    7.5000  -22.5000  -22.500013085.4023   12.5259
   -7.5000  -15.0000  -22.500013960.9531   12.4780
    0.0000  -15.0000  -22.500014614.8086   12.4725
    7.5000  -15.0000  -22.500013926.3467   12.4606
   -7.5000   -7.5000  -22.500014673.2002   12.4216
    0.0000   -7.5000  -22.500015344.2373   12.4171
    7.5000   -7.5000  -22.500014623.8740   12.4033
   -7.5000    0.0000  -22.500015256.0469   12.3759
    0.0000    0.0000  -22.500015940.6709   12.3739
    7.5000    0.0000  -22.500015209.7949   12.3581
   -7.5000    7.5000  -22.500014636.8418   12.3975
    0.0000    7.5000  -22.500015295.7812   12.3973
    7.5000    7.5000  -22.500014605.9062   12.3815
   -7.5000   15.0000  -22.500013948.7158   12.4500
    0.0000   15.0000  -22.500014592.2598   12.4488
    7.5000   15.0000  -22.500013916.1953   12.4345
   -7.5000   22.5000  -22.500013185.4893   12.5500
    0.0000   22.5000  -22.500013806.7852   12.5465
    7.5000   22.5000  -22.500013144.6855   12.5343
   -7.5000   30.0000  -22.500012339.8115   12.5280
    0.0000   30.0000  -22.500012928.4062   12.5225
    7.5000   30.0000  -22.500012311.4609   12.5098
   -7.5000   37.5000  -22.500011865.0449   12.6519
    0.0000   37.5000  -22.500012421.5293   12.6462
    7.5000   37.5000  -22.500011826.3613   12.6302
   -7.5000   45.0000  -22.500010989.2451   12.5550
    0.0000   45.0000  -22.500011502.9141   12.5512
    7.5000   45.0000  -22.500010953.5918   12.5322
   -7.5000  -45.0000  -15.000011202.0215   13.0716
    0.0000  -45.0000  -15.000011733.8457   13.0699
    7.5000  -45.0000  -15.000011184.7383   13.0539
   -7.5000  -37.5000  -15.000011923.2461   12.9510
    0.0000  -37.5000  -15.000012476.0303   12.9517
    7.5000  -37.5000  -15.000011909.9082   12.9356
   -7.5000  -30.0000  -15.000013053.3838   12.8819
    0.0000  -30.0000  -15.000013648.9609   12.8812
    7.5000  -30.0000  -15.000013048.8154   12.8668
   -7.5000  -22.5000  -15.000014056.2949   12.8129
    0.0000  -22.5000  -15.000014702.7344   12.8079
    7.5000  -22.5000  -15.000014045.3408   12.7959
   -7.5000  -15.0000  -15.000014963.8145   12.7462
    0.0000  -15.0000  -15.000015649.0039   12.7385
    7.5000  -15.0000  -15.000014941.9170   12.7276
   -7.5000   -7.5000  -15.000015723.3193   12.6838
    0.0000   -7.5000  -15.000016449.2109   12.6768
    7.5000   -7.5000  -15.000015691.7725   12.6644
   -7.5000    0.0000  -15.000016335.8848   12.6317
    0.0000    0.0000  -15.000017097.0332   12.6281
    7.5000    0.0000  -15.000016299.7090   12.6137
   -7.5000    7.5000  -15.000015658.2012   12.6533
    0.0000    7.5000  -15.000016376.9463   12.6525
    7.5000    7.5000  -15.000015625.3887   12.6376
   -7.5000   15.0000  -15.000014902.3340   12.7098
    0.0000   15.0000  -15.000015599.3447   12.7081
    7.5000   15.0000  -15.000014875.5889   12.6944
   -7.5000   22.5000  -15.000014059.0898   12.8155
    0.0000   22.5000  -15.000014697.8525   12.8104
    7.5000   22.5000  -15.000014030.1523   12.7988
   -7.5000   30.0000  -15.000013132.2705   12.7976
    0.0000   30.0000  -15.000013745.3271   12.7893
    7.5000   30.0000  -15.000013115.0547   12.7772
   -7.5000   37.5000  -15.000012589.5049   12.9192
    0.0000   37.5000  -15.000013171.5645   12.9107
    7.5000   37.5000  -15.000012579.1133   12.8957
   -7.5000   45.0000  -15.000011649.3701   12.8201
    0.0000   45.0000  -15.000012174.5869   12.8144
    7.5000   45.0000  -15.000011633.6748   12.7967
   -7.5000  -45.0000   -7.500011977.3857   13.1857
    0.0000  -45.0000   -7.500012557.4014   13.1833
    7.5000  -45.0000   -7.500011959.3770   13.1697
   -7.5000  -37.5000   -7.500012744.0264   13.0628
    0.0000  -37.5000   -7.500013344.3662   13.0635
    7.5000  -37.5000   -7.500012724.7500   13.0498
   -7.5000  -30.0000   -7.500013957.6240   12.9910
    0.0000  -30.0000   -7.500014605.4053   12.9909
    7.5000  -30.0000   -7.500013939.8408   12.9796
   -7.5000  -22.5000   -7.500015038.4551   12.9181
    0.0000  -22.5000   -7.500015750.6230   12.9138
    7.5000  -22.5000   -7.500015012.2881   12.9057
   -7.5000  -15.0000   -7.500015992.8135   12.8478
    0.0000  -15.0000   -7.500016717.2109   12.8401
    7.5000  -15.0000   -7.500015954.6445   12.8334
   -7.5000   -7.5000   -7.500016806.0430   12.7835
    0.0000   -7.5000   -7.500017560.0312   12.7759
    7.5000   -7.5000   -7.500016754.2676   12.7668
   -7.5000    0.0000   -7.500017472.8262   12.7309
    0.0000    0.0000   -7.500018285.5977   12.7267
    7.5000    0.0000   -7.500017406.9805   12.7146
   -7.5000    7.5000   -7.500016717.2793   12.7536
    0.0000    7.5000   -7.500017501.8672   12.7528
    7.5000    7.5000   -7.500016690.4648   12.7402
   -7.5000   15.0000   -7.500015869.7090   12.8108
    0.0000   15.0000   -7.500016610.2441   12.8096
    7.5000   15.0000   -7.500015850.3809   12.7989
   -7.5000   22.5000   -7.500014920.1768   12.9149
    0.0000   22.5000   -7.500015598.4209   12.9102
    7.5000   22.5000   -7.500014895.4551   12.9024
   -7.5000   30.0000   -7.500013917.8525   12.8979
    0.0000   30.0000   -7.500014552.7080   12.8891
    7.5000   30.0000   -7.500013895.2998   12.8810
   -7.5000   37.5000   -7.500013353.9629   13.0201
    0.0000   37.5000   -7.500013956.9521   13.0102
    7.5000   37.5000   -7.500013342.0596   12.9984
   -7.5000   45.0000   -7.500012352.4697   12.9231
    0.0000   45.0000   -7.500012904.4834   12.9160
    7.5000   45.0000   -7.500012339.4863   12.9001
   -7.5000  -45.0000    0.000012635.4922   13.1782
    0.0000  -45.0000    0.000013238.0000   13.1771
    7.5000  -45.0000    0.000012620.0918   13.1646
   -7.5000  -37.5000    0.000013453.0605   13.0545
    0.0000  -37.5000    0.000014072.0254   13.0558
    7.5000  -37.5000    0.000013415.4297   13.0435
   -7.5000  -30.0000    0.000014755.3584   12.9791
    0.0000  -30.0000    0.000015450.1738   12.9798
    7.5000  -30.0000    0.000014707.2812   12.9708
   -7.5000  -22.5000    0.000015922.4502   12.9028
    0.0000  -22.5000    0.000016705.0762   12.9000
    7.5000  -22.5000    0.000015888.9561   12.8948
   -7.5000  -15.0000    0.000016934.0664   12.8317
    0.0000  -15.0000    0.000017733.3262   12.8261
    7.5000  -15.0000    0.000016892.3184   12.8220
   -7.5000   -7.5000    0.000017794.4590   12.7707
    0.0000   -7.5000    0.000018603.5137   12.7650
    7.5000   -7.5000    0.000017701.8672   12.7577
   -7.5000    0.0000    0.000018517.0117   12.7218
    0.0000    0.0000    0.000019415.7324   12.7188
    7.5000    0.0000    0.000018402.1602   12.7078
   -7.5000    7.5000    0.000017725.9277   12.7447
    0.0000    7.5000    0.000018573.2949   12.7445
    7.5000    7.5000    0.000017648.5078   12.7332
   -7.5000   15.0000    0.000016756.1270   12.7989
    0.0000   15.0000    0.000017509.3477   12.7985
    7.5000   15.0000    0.000016716.2793   12.7901
   -7.5000   22.5000    0.000015722.7119   12.8990
    0.0000   22.5000    0.000016400.8027   12.8960
    7.5000   22.5000    0.000015693.4131   12.8910
   -7.5000   30.0000    0.000014641.2959   12.8813
    0.0000   30.0000    0.000015288.9375   12.8747
    7.5000   30.0000    0.000014611.2783   12.8694
   -7.5000   37.5000    0.000014065.5830   13.0070
    0.0000   37.5000    0.000014692.1455   12.9986
    7.5000   37.5000    0.000014024.1426   12.9888
   -7.5000   45.0000    0.000012991.7598   12.9148
    0.0000   45.0000    0.000013593.6885   12.9087
    7.5000   45.0000    0.000012952.1445   12.8935
   -7.5000  -45.0000    7.500012308.6426   13.2203
    0.0000  -45.0000    7.500012895.9072   13.2212
    7.5000  -45.0000    7.500012280.0527   13.2069
   -7.5000  -37.5000    7.500013119.7344   13.0974
    0.0000  -37.5000    7.500013741.9131   13.0994
    7.5000  -37.5000    7.500013077.7275   13.0858
   -7.5000  -30.0000    7.500014395.7725   13.0206
    0.0000  -30.0000    7.500015098.5527   13.0216
    7.5000  -30.0000    7.500014360.6279   13.0114
   -7.5000  -22.5000    7.500015548.2236   12.9432
    0.0000  -22.5000    7.500016330.1602   12.9417
    7.5000  -22.5000    7.500015505.7744   12.9349
   -7.5000  -15.0000    7.500016538.0039   12.8737
    0.0000  -15.0000    7.500017325.0801   12.8704
    7.5000  -15.0000    7.500016465.8496   12.8644
   -7.5000   -7.5000    7.500017402.0605   12.8168
    0.0000   -7.5000    7.500018216.3555   12.8136
    7.5000   -7.5000    7.500017292.8203   12.8043
   -7.5000    0.0000    7.500018124.3047   12.7718
    0.0000    0.0000    7.500019080.4395   12.7705
    7.5000    0.0000    7.500018007.1816   12.7577
   -7.5000    7.5000    7.500017382.2441   12.7944
    0.0000    7.5000    7.500018326.4648   12.7947
    7.5000    7.5000    7.500017264.8438   12.7820
   -7.5000   15.0000    7.500016403.7793   12.8462
    0.0000   15.0000    7.500017240.2109   12.8461
    7.5000   15.0000    7.500016329.4707   12.8364
   -7.5000   22.5000    7.500015355.8809   12.9438
    0.0000   22.5000    7.500016063.6592   12.9421
    7.5000   22.5000    7.500015278.5381   12.9357
   -7.5000   30.0000    7.500014283.1807   12.9247
    0.0000   30.0000    7.500014902.4463   12.9210
    7.5000   30.0000    7.500014184.5801   12.9142
   -7.5000   37.5000    7.500013710.2510   13.0553
    0.0000   37.5000    7.500014317.2979   13.0499
    7.5000   37.5000    7.500013624.9307   13.0384
   -7.5000   45.0000    7.500012674.5088   12.9677
    0.0000   45.0000    7.500013254.5303   12.9637
    7.5000   45.0000    7.500012599.6348   12.9468
   -7.5000  -45.0000   15.000011853.7520   13.2888
    0.0000  -45.0000   15.000012430.3555   13.2903
    7.5000  -45.0000   15.000011824.4775   13.2733
   -7.5000  -37.5000   15.000012619.9600   13.1665
    0.0000  -37.5000   15.000013224.6387   13.1685
    7.5000  -37.5000   15.000012596.2920   13.1523
   -7.5000  -30.0000   15.000013862.7295   13.0903
    0.0000  -30.0000   15.000014528.2598   13.0909
    7.5000  -30.0000   15.000013843.4561   13.0777
   -7.5000  -22.5000   15.000014987.9619   13.0142
    0.0000  -22.5000   15.000015731.8975   13.0122
    7.5000  -22.5000   15.000014959.1318   13.0018
   -7.5000  -15.0000   15.000015970.8457   12.9463
    0.0000  -15.0000   15.000016731.7090   12.9429
    7.5000  -15.0000   15.000015923.1406   12.9330
   -7.5000   -7.5000   15.000016831.5410   12.8906
    0.0000   -7.5000   15.000017676.8340   12.8879
    7.5000   -7.5000   15.000016746.0781   12.8753
   -7.5000    0.0000   15.000017520.1465   12.8465
    0.0000    0.0000   15.000018536.1914   12.8457
    7.5000    0.0000   15.000017389.1797   12.8302
   -7.5000    7.5000   15.000016752.6895   12.8687
    0.0000    7.5000   15.000017734.1094   12.8691
    7.5000    7.5000   15.000016588.8066   12.8540
   -7.5000   15.0000   15.000015813.9033   12.9203
    0.0000   15.0000   15.000016709.0332   12.9198
    7.5000   15.0000   15.000015669.7451   12.9071
   -7.5000   22.5000   15.000014822.1123   13.0185
    0.0000   22.5000   15.000015609.0977   13.0166
    7.5000   22.5000   15.000014695.8955   13.0066
   -7.5000   30.0000   15.000013785.4189   12.9986
    0.0000   30.0000   15.000014469.9258   12.9953
    7.5000   30.0000   15.000013661.6680   12.9849
   -7.5000   37.5000   15.000013231.2979   13.1303
    0.0000   37.5000   15.000013850.2812   13.1262
    7.5000   37.5000   15.000013106.1641   13.1115
   -7.5000   45.0000   15.000012234.4814   13.0420
    0.0000   45.0000   15.000012789.4443   13.0390
    7.5000   45.0000   15.000012123.3730   13.0199
   -7.5000  -45.0000   22.500011290.7422   13.3643
    0.0000  -45.0000   22.500011836.9961   13.3645
    7.5000  -45.0000   22.500011302.5049   13.3465
   -7.5000  -37.5000   22.500012021.5566   13.2414
    0.0000  -37.5000   22.500012602.2646   13.2429
    7.5000  -37.5000   22.500012041.4883   13.2253
   -7.5000  -30.0000   22.500013207.9717   13.1696
    0.0000  -30.0000   22.500013851.3174   13.1695
    7.5000  -30.0000   22.500013205.4844   13.1539
   -7.5000  -22.5000   22.500014285.7939   13.0981
    0.0000  -22.5000   22.500015005.7852   13.0943
    7.5000  -22.5000   22.500014261.4375   13.0810
   -7.5000  -15.0000   22.500015262.8496   13.0322
    0.0000  -15.0000   22.500016007.9307   13.0264
    7.5000  -15.0000   22.500015198.8398   13.0138
   -7.5000   -7.5000   22.500016111.0283   12.9747
    0.0000   -7.5000   22.500016963.8555   12.9700
    7.5000   -7.5000   22.500016016.9561   12.9556
   -7.5000    0.0000   22.500016720.5527   12.9282
    0.0000    0.0000   22.500017665.9844   12.9262
    7.5000    0.0000   22.500016591.7949   12.9098
   -7.5000    7.5000   22.500015974.6816   12.9490
    0.0000    7.5000   22.500016830.4688   12.9489
    7.5000    7.5000   22.500015831.9463   12.9324
   -7.5000   15.0000   22.500015078.1768   13.0016
    0.0000   15.0000   22.500015851.1719   13.0003
    7.5000   15.0000   22.500014958.8613   12.9853
   -7.5000   22.5000   22.500014130.1514   13.1022
    0.0000   22.5000   22.500014819.2891   13.0984
    7.5000   22.5000   22.500014028.9482   13.0856
   -7.5000   30.0000   22.500013128.5078   13.0815
    0.0000   30.0000   22.500013747.0410   13.0757
    7.5000   30.0000   22.500013034.7666   13.0624
   -7.5000   37.5000   22.500012615.3330   13.2102
    0.0000   37.5000   22.500013185.0527   13.2043
    7.5000   37.5000   22.500012495.6016   13.1876
   -7.5000   45.0000   22.500011680.0273   13.1160
    0.0000   45.0000   22.500012202.9941   13.1121
    7.5000   45.0000   22.500011562.8672   13.0924
   -7.5000  -45.0000   30.000010652.2598   13.4555
    0.0000  -45.0000   30.000011169.5801   13.4540
    7.5000  -45.0000   30.000010688.0039   13.4373
   -7.5000  -37.5000   30.000011341.0537   13.3314
    0.0000  -37.5000   30.000011888.2295   13.3325
    7.5000  -37.5000   30.000011370.5869   13.3157
   -7.5000  -30.0000   30.000012434.8428   13.2645
    0.0000  -30.0000   30.000013036.0898   13.2641
    7.5000  -30.0000   30.000012446.7100   13.2489
   -7.5000  -22.5000   30.000013429.3877   13.1979
    0.0000  -22.5000   30.000014077.9326   13.1929
    7.5000  -22.5000   30.000013399.0928   13.1801
   -7.5000  -15.0000   30.000014339.8516   13.1340
    0.0000  -15.0000   30.000015024.5869   13.1260
    7.5000  -15.0000   30.000014273.8350   13.1142
   -7.5000   -7.5000   30.000015146.3809   13.0747
    0.0000   -7.5000   30.000015942.1377   13.0675
    7.5000   -7.5000   30.000015058.7656   13.0543
   -7.5000    0.0000   30.000015725.2539   13.0253
    0.0000    0.0000   30.000016572.5176   13.0220
    7.5000    0.0000   30.000015633.6455   13.0068
   -7.5000    7.5000   30.000015037.0664   13.0445
    0.0000    7.5000   30.000015812.5645   13.0441
    7.5000    7.5000   30.000014952.7344   13.0284
   -7.5000   15.0000   30.000014230.4971   13.0988
    0.0000   15.0000   30.000014956.3662   13.0972
    7.5000   15.0000   30.000014167.4561   13.0827
   -7.5000   22.5000   30.000013319.9443   13.2027
    0.0000   22.5000   30.000013988.6963   13.1976
    7.5000   22.5000   30.000013278.4102   13.1850
   -7.5000   30.0000   30.000012342.3105   13.1825
    0.0000   30.0000   30.000012931.8555   13.1740
    7.5000   30.0000   30.000012301.2607   13.1610
   -7.5000   37.5000   30.000011858.7695   13.3088
    0.0000   37.5000   30.000012390.2314   13.3001
    7.5000   37.5000   30.000011782.4248   13.2843
   -7.5000   45.0000   30.000010978.7949   13.2081
    0.0000   45.0000   30.000011457.9326   13.2025
    7.5000   45.0000   30.000010900.7090   13.1841
   -7.5000  -45.0000   37.500010358.9014   13.5548
    0.0000  -45.0000   37.500010849.5879   13.5529
    7.5000  -45.0000   37.500010389.1836   13.5384
   -7.5000  -37.5000   37.500011018.7939   13.4290
    0.0000  -37.5000   37.500011535.3271   13.4303
    7.5000  -37.5000   37.500011046.3135   13.4157
   -7.5000  -30.0000   37.500012049.4746   13.3627
    0.0000  -30.0000   37.500012625.9766   13.3631
    7.5000  -30.0000   37.500012059.0635   13.3508
   -7.5000  -22.5000   37.500012990.3682   13.2966
    0.0000  -22.5000   37.500013595.3379   13.2924
    7.5000  -22.5000   37.500012967.2266   13.2834
   -7.5000  -15.0000   37.500013863.9746   13.2339
    0.0000  -15.0000   37.500014520.4922   13.2262
    7.5000  -15.0000   37.500013828.3730   13.2185
   -7.5000   -7.5000   37.500014630.0957   13.1773
    0.0000   -7.5000   37.500015384.0332   13.1697
    7.5000   -7.5000   37.500014602.5215   13.1597
   -7.5000    0.0000   37.500015192.2520   13.1302
    0.0000    0.0000   37.500015957.3887   13.1264
    7.5000    0.0000   37.500015143.4658   13.1133
   -7.5000    7.5000   37.500014529.2275   13.1480
    0.0000    7.5000   37.500015210.4590   13.1478
    7.5000    7.5000   37.500014468.8047   13.1341
   -7.5000   15.0000   37.500013774.9043   13.2003
    0.0000   15.0000   37.500014427.3066   13.1996
    7.5000   15.0000   37.500013733.7363   13.1879
   -7.5000   22.5000   37.500012909.0527   13.3030
    0.0000   22.5000   37.500013520.2832   13.2986
    7.5000   22.5000   37.500012876.0137   13.2897
   -7.5000   30.0000   37.500011972.2441   13.2826
    0.0000   30.0000   37.500012512.5215   13.2738
    7.5000   30.0000   37.500011941.4346   13.2646
   -7.5000   37.5000   37.500011494.5566   13.4119
    0.0000   37.5000   37.500011999.1680   13.4020
    7.5000   37.5000   37.500011446.6602   13.3892
   -7.5000   45.0000   37.500010633.1504   13.3107
    0.0000   45.0000   37.500011106.6572   13.3040
    7.5000   45.0000   37.500010577.9912   13.2871
   -7.5000  -45.0000   45.0000 9584.0332   13.6636
    0.0000  -45.0000   45.000010026.2295   13.6639
    7.5000  -45.0000   45.0000 9613.0742   13.6506
   -7.5000  -37.5000   45.000010187.9541   13.5355
    0.0000  -37.5000   45.000010653.4922   13.5383
    7.5000  -37.5000   45.000010208.3867   13.5253
   -7.5000  -30.0000   45.000011110.2188   13.4673
    0.0000  -30.0000   45.000011627.5723   13.4692
    7.5000  -30.0000   45.000011121.9609   13.4595
   -7.5000  -22.5000   45.000011973.7393   13.3991
    0.0000  -22.5000   45.000012528.0566   13.3974
    7.5000  -22.5000   45.000011961.0000   13.3915
   -7.5000  -15.0000   45.000012772.5000   13.3368
    0.0000  -15.0000   45.000013385.9004   13.3323
    7.5000  -15.0000   45.000012768.2832   13.3274
   -7.5000   -7.5000   45.000013479.9072   13.2844
    0.0000   -7.5000   45.000014142.7285   13.2799
    7.5000   -7.5000   45.000013478.9023   13.2715
   -7.5000    0.0000   45.000013964.1777   13.2418
    0.0000    0.0000   45.000014626.0596   13.2401
    7.5000    0.0000   45.000013942.4062   13.2281
   -7.5000    7.5000   45.000013329.2295   13.2586
    0.0000    7.5000   45.000013922.1914   13.2597
    7.5000    7.5000   45.000013281.7109   13.2476
   -7.5000   15.0000   45.000012639.2012   13.3075
    0.0000   15.0000   45.000013203.8477   13.3083
    7.5000   15.0000   45.000012607.5088   13.2991
   -7.5000   22.5000   45.000011859.0498   13.4071
    0.0000   22.5000   45.000012397.4414   13.4052
    7.5000   22.5000   45.000011837.0410   13.3995
   -7.5000   30.0000   45.000011032.9492   13.3846
    0.0000   30.0000   45.000011521.2041   13.3792
    7.5000   30.0000   45.000010997.9336   13.3729
   -7.5000   37.5000   45.000010607.9746   13.5202
    0.0000   37.5000   45.000011073.3516   13.5129
    7.5000   37.5000   45.000010571.3164   13.5019
   -7.5000   45.0000   45.0000 9802.7549   13.4311
    0.0000   45.0000   45.000010252.3398   13.4261
    7.5000   45.0000   45.0000 9767.5293   13.4098

---------------------------------------------------------------------
imgreg_4dfp /opt/freesurfer/average/711-2C_as_mni_average_305 /opt/freesurfer/average/711-2B_as_mni_average_305_mask talsrcimg_g11 none talsrcimg_to_711-2C_as_mni_average_305_t4 4355
---------------------------------------------------------------------

freesurfer imgreg_4dfp.c
/opt/freesurfer/average/711-2C_as_mni_average_305.4dfp.img
       256       256       256         1
  1.000000  1.000000  1.000000
orientation T byte_order littleendian
Reading image: /opt/freesurfer/average/711-2C_as_mni_average_305.4dfp.img
dimensions:      256       256       256
mmppix:       1.0000   -1.0000   -1.0000
center:     128.0000 -129.0000 -129.0000
/opt/freesurfer/average/711-2B_as_mni_average_305_mask.4dfp.img
       256       256       256         1
  1.000000  1.000000  1.000000
orientation T byte_order littleendian
Reading mask: /opt/freesurfer/average/711-2B_as_mni_average_305_mask.4dfp.img (2306576 pixels)
talsrcimg_g11.4dfp.img
       256       256       256         1
  1.000000  1.000000  1.000000
orientation T byte_order littleendian
Reading image: talsrcimg_g11.4dfp.img
dimensions:      256       256       256
mmppix:       1.0000   -1.0000   -1.0000
center:     128.0000 -129.0000 -129.0000
rotation matrix determinant  1.000000
image alignment mode   4355 decimal     1103 hex
   -7.5000  -45.0000  -45.0000 2183.5249   17.1274
    0.0000  -45.0000  -45.0000 2196.1023   17.0533
    7.5000  -45.0000  -45.0000 2177.7012   17.1681
   -7.5000  -37.5000  -45.0000 2232.4927   16.0359
    0.0000  -37.5000  -45.0000 2241.7957   16.0006
    7.5000  -37.5000  -45.0000 2228.6592   16.1005
   -7.5000  -30.0000  -45.0000 2268.4282   15.1781
    0.0000  -30.0000  -45.0000 2277.7349   15.1324
    7.5000  -30.0000  -45.0000 2266.3916   15.2583
   -7.5000  -22.5000  -45.0000 2309.2708   14.4768
    0.0000  -22.5000  -45.0000 2318.3120   14.4119
    7.5000  -22.5000  -45.0000 2304.8484   14.5796
   -7.5000  -15.0000  -45.0000 2336.5029   13.9493
    0.0000  -15.0000  -45.0000 2346.0857   13.9128
    7.5000  -15.0000  -45.0000 2328.2952   14.0442
   -7.5000   -7.5000  -45.0000 2355.4419   13.5711
    0.0000   -7.5000  -45.0000 2366.5352   13.5277
    7.5000   -7.5000  -45.0000 2347.9702   13.6595
   -7.5000    0.0000  -45.0000 2363.9331   13.3909
    0.0000    0.0000  -45.0000 2377.6697   13.3519
    7.5000    0.0000  -45.0000 2355.0435   13.4646
   -7.5000    7.5000  -45.0000 2361.8997   13.4688
    0.0000    7.5000  -45.0000 2379.4294   13.4305
    7.5000    7.5000  -45.0000 2355.2068   13.5357
   -7.5000   15.0000  -45.0000 2339.8899   13.7553
    0.0000   15.0000  -45.0000 2359.2109   13.7145
    7.5000   15.0000  -45.0000 2337.0649   13.8300
   -7.5000   22.5000  -45.0000 2304.3257   14.2319
    0.0000   22.5000  -45.0000 2326.5398   14.2077
    7.5000   22.5000  -45.0000 2306.8152   14.3133
   -7.5000   30.0000  -45.0000 2257.4797   14.9274
    0.0000   30.0000  -45.0000 2278.4478   14.8989
    7.5000   30.0000  -45.0000 2257.4631   15.0223
   -7.5000   37.5000  -45.0000 2196.2625   15.9213
    0.0000   37.5000  -45.0000 2214.7097   15.8785
    7.5000   37.5000  -45.0000 2195.1682   16.0006
   -7.5000   45.0000  -45.0000 2121.8953   17.3201
    0.0000   45.0000  -45.0000 2131.8408   17.2488
    7.5000   45.0000  -45.0000 2119.6531   17.3994
   -7.5000  -45.0000  -37.5000 2263.1328   15.8225
    0.0000  -45.0000  -37.5000 2281.6978   15.7941
    7.5000  -45.0000  -37.5000 2264.7065   15.8947
   -7.5000  -37.5000  -37.5000 2311.6948   14.8426
    0.0000  -37.5000  -37.5000 2325.5808   14.8272
    7.5000  -37.5000  -37.5000 2312.7578   14.9136
   -7.5000  -30.0000  -37.5000 2360.7017   14.0402
    0.0000  -30.0000  -37.5000 2368.6924   14.0229
    7.5000  -30.0000  -37.5000 2358.5698   14.1548
   -7.5000  -22.5000  -37.5000 2397.1497   13.3911
    0.0000  -22.5000  -37.5000 2407.7490   13.3648
    7.5000  -22.5000  -37.5000 2393.9399   13.5013
   -7.5000  -15.0000  -37.5000 2420.2534   12.8798
    0.0000  -15.0000  -37.5000 2434.9158   12.8475
    7.5000  -15.0000  -37.5000 2414.1067   12.9579
   -7.5000   -7.5000  -37.5000 2437.8301   12.5125
    0.0000   -7.5000  -37.5000 2453.7341   12.4802
    7.5000   -7.5000  -37.5000 2432.2881   12.5810
   -7.5000    0.0000  -37.5000 2448.6035   12.3416
    0.0000    0.0000  -37.5000 2464.5273   12.3028
    7.5000    0.0000  -37.5000 2442.9536   12.4077
   -7.5000    7.5000  -37.5000 2454.6045   12.4016
    0.0000    7.5000  -37.5000 2469.5378   12.3531
    7.5000    7.5000  -37.5000 2446.3008   12.4692
   -7.5000   15.0000  -37.5000 2434.2920   12.6725
    0.0000   15.0000  -37.5000 2453.2656   12.6191
    7.5000   15.0000  -37.5000 2430.6467   12.7300
   -7.5000   22.5000  -37.5000 2400.2664   13.1212
    0.0000   22.5000  -37.5000 2423.7876   13.0853
    7.5000   22.5000  -37.5000 2398.2112   13.1955
   -7.5000   30.0000  -37.5000 2347.8689   13.7838
    0.0000   30.0000  -37.5000 2368.0986   13.7363
    7.5000   30.0000  -37.5000 2345.3806   13.8536
   -7.5000   37.5000  -37.5000 2283.0566   14.7137
    0.0000   37.5000  -37.5000 2301.9280   14.6627
    7.5000   37.5000  -37.5000 2279.6013   14.7542
   -7.5000   45.0000  -37.5000 2198.1465   16.0086
    0.0000   45.0000  -37.5000 2214.6462   15.9551
    7.5000   45.0000  -37.5000 2196.2053   16.0560
   -7.5000  -45.0000  -30.0000 2390.1016   15.1610
    0.0000  -45.0000  -30.0000 2405.5969   15.1532
    7.5000  -45.0000  -30.0000 2390.4438   15.2310
   -7.5000  -37.5000  -30.0000 2450.1277   14.2437
    0.0000  -37.5000  -30.0000 2459.3923   14.2090
    7.5000  -37.5000  -30.0000 2446.1848   14.3138
   -7.5000  -30.0000  -30.0000 2501.2402   13.4631
    0.0000  -30.0000  -30.0000 2509.9858   13.4370
    7.5000  -30.0000  -30.0000 2496.1646   13.5441
   -7.5000  -22.5000  -30.0000 2535.2207   12.8163
    0.0000  -22.5000  -30.0000 2545.5002   12.8039
    7.5000  -22.5000  -30.0000 2527.7642   12.9047
   -7.5000  -15.0000  -30.0000 2560.2434   12.3130
    0.0000  -15.0000  -30.0000 2574.4146   12.2761
    7.5000  -15.0000  -30.0000 2550.4990   12.3802
   -7.5000   -7.5000  -30.0000 2575.5505   11.9646
    0.0000   -7.5000  -30.0000 2592.2332   11.9264
    7.5000   -7.5000  -30.0000 2570.9878   12.0313
   -7.5000    0.0000  -30.0000 2593.7102   11.7952
    0.0000    0.0000  -30.0000 2609.6292   11.7377
    7.5000    0.0000  -30.0000 2588.4626   11.8595
   -7.5000    7.5000  -30.0000 2596.2559   11.8294
    0.0000    7.5000  -30.0000 2610.3730   11.7700
    7.5000    7.5000  -30.0000 2588.9670   11.8917
   -7.5000   15.0000  -30.0000 2580.5962   12.0727
    0.0000   15.0000  -30.0000 2597.6934   12.0207
    7.5000   15.0000  -30.0000 2577.1033   12.1352
   -7.5000   22.5000  -30.0000 2549.8809   12.5057
    0.0000   22.5000  -30.0000 2568.5623   12.4524
    7.5000   22.5000  -30.0000 2544.1340   12.5706
   -7.5000   30.0000  -30.0000 2493.2109   13.1617
    0.0000   30.0000  -30.0000 2509.7319   13.0904
    7.5000   30.0000  -30.0000 2489.8630   13.2066
   -7.5000   37.5000  -30.0000 2417.2527   14.0755
    0.0000   37.5000  -30.0000 2434.1335   14.0221
    7.5000   37.5000  -30.0000 2413.7961   14.1038
   -7.5000   45.0000  -30.0000 2322.4722   15.3379
    0.0000   45.0000  -30.0000 2336.5793   15.2645
    7.5000   45.0000  -30.0000 2319.3887   15.3660
   -7.5000  -45.0000  -22.5000 2494.8818   14.4758
    0.0000  -45.0000  -22.5000 2506.9978   14.4753
    7.5000  -45.0000  -22.5000 2494.3726   14.5468
   -7.5000  -37.5000  -22.5000 2557.8237   13.5844
    0.0000  -37.5000  -22.5000 2565.3643   13.5589
    7.5000  -37.5000  -22.5000 2552.4336   13.6364
   -7.5000  -30.0000  -22.5000 2605.4175   12.8064
    0.0000  -30.0000  -22.5000 2614.6665   12.7694
    7.5000  -30.0000  -22.5000 2599.3210   12.8669
   -7.5000  -22.5000  -22.5000 2639.4656   12.1779
    0.0000  -22.5000  -22.5000 2651.6860   12.1428
    7.5000  -22.5000  -22.5000 2632.5408   12.2423
   -7.5000  -15.0000  -22.5000 2670.9775   11.7018
    0.0000  -15.0000  -22.5000 2686.6321   11.6319
    7.5000  -15.0000  -22.5000 2661.8811   11.7553
   -7.5000   -7.5000  -22.5000 2692.1509   11.3916
    0.0000   -7.5000  -22.5000 2710.8318   11.3106
    7.5000   -7.5000  -22.5000 2686.9941   11.4318
   -7.5000    0.0000  -22.5000 2710.6045   11.2343
    0.0000    0.0000  -22.5000 2728.0652   11.1645
    7.5000    0.0000  -22.5000 2704.9028   11.2832
   -7.5000    7.5000  -22.5000 2717.4233   11.2510
    0.0000    7.5000  -22.5000 2736.6851   11.1793
    7.5000    7.5000  -22.5000 2713.2122   11.2958
   -7.5000   15.0000  -22.5000 2705.7034   11.4673
    0.0000   15.0000  -22.5000 2726.2637   11.4025
    7.5000   15.0000  -22.5000 2701.0120   11.5031
   -7.5000   22.5000  -22.5000 2669.2810   11.8841
    0.0000   22.5000  -22.5000 2693.2095   11.8119
    7.5000   22.5000  -22.5000 2667.4202   11.9224
   -7.5000   30.0000  -22.5000 2611.6665   12.5162
    0.0000   30.0000  -22.5000 2632.2703   12.4289
    7.5000   30.0000  -22.5000 2608.4182   12.5387
   -7.5000   37.5000  -22.5000 2525.1985   13.4035
    0.0000   37.5000  -22.5000 2543.4697   13.3187
    7.5000   37.5000  -22.5000 2521.7195   13.4229
   -7.5000   45.0000  -22.5000 2416.6199   14.6009
    0.0000   45.0000  -22.5000 2431.7651   14.5169
    7.5000   45.0000  -22.5000 2415.2317   14.6253
   -7.5000  -45.0000  -15.0000 2567.1443   13.8638
    0.0000  -45.0000  -15.0000 2582.9456   13.8355
    7.5000  -45.0000  -15.0000 2561.8672   13.9285
   -7.5000  -37.5000  -15.0000 2628.9922   12.9528
    0.0000  -37.5000  -15.0000 2644.2678   12.9114
    7.5000  -37.5000  -15.0000 2622.7161   13.0178
   -7.5000  -30.0000  -15.0000 2670.9578   12.1980
    0.0000  -30.0000  -15.0000 2684.9353   12.1316
    7.5000  -30.0000  -15.0000 2667.9341   12.2424
   -7.5000  -22.5000  -15.0000 2711.1499   11.5844
    0.0000  -22.5000  -15.0000 2726.2603   11.5139
    7.5000  -22.5000  -15.0000 2709.1199   11.6121
   -7.5000  -15.0000  -15.0000 2746.6968   11.1272
    0.0000  -15.0000  -15.0000 2765.2983   11.0285
    7.5000  -15.0000  -15.0000 2742.0261   11.1347
   -7.5000   -7.5000  -15.0000 2778.6628   10.8198
    0.0000   -7.5000  -15.0000 2798.3982   10.7171
    7.5000   -7.5000  -15.0000 2773.9868   10.8272
   -7.5000    0.0000  -15.0000 2803.8787   10.6845
    0.0000    0.0000  -15.0000 2825.4490   10.5890
    7.5000    0.0000  -15.0000 2798.7505   10.7061
   -7.5000    7.5000  -15.0000 2817.1743   10.6991
    0.0000    7.5000  -15.0000 2840.8311   10.6025
    7.5000    7.5000  -15.0000 2812.3328   10.7226
   -7.5000   15.0000  -15.0000 2805.2932   10.8992
    0.0000   15.0000  -15.0000 2830.7219   10.8115
    7.5000   15.0000  -15.0000 2800.0210   10.9222
   -7.5000   22.5000  -15.0000 2764.7104   11.2949
    0.0000   22.5000  -15.0000 2790.5918   11.1992
    7.5000   22.5000  -15.0000 2763.6677   11.3105
   -7.5000   30.0000  -15.0000 2697.4026   11.9043
    0.0000   30.0000  -15.0000 2722.3403   11.7971
    7.5000   30.0000  -15.0000 2699.0591   11.9083
   -7.5000   37.5000  -15.0000 2601.7771   12.7538
    0.0000   37.5000  -15.0000 2624.3955   12.6526
    7.5000   37.5000  -15.0000 2604.4438   12.7710
   -7.5000   45.0000  -15.0000 2488.7432   13.9204
    0.0000   45.0000  -15.0000 2507.7617   13.8263
    7.5000   45.0000  -15.0000 2490.5325   13.9328
   -7.5000  -45.0000   -7.5000 2618.1841   13.3502
    0.0000  -45.0000   -7.5000 2636.6907   13.2876
    7.5000  -45.0000   -7.5000 2617.5017   13.3858
   -7.5000  -37.5000   -7.5000 2672.7808   12.4402
    0.0000  -37.5000   -7.5000 2691.6033   12.3686
    7.5000  -37.5000   -7.5000 2670.1130   12.4682
   -7.5000  -30.0000   -7.5000 2718.0002   11.6718
    0.0000  -30.0000   -7.5000 2734.6458   11.5801
    7.5000  -30.0000   -7.5000 2715.6296   11.7098
   -7.5000  -22.5000   -7.5000 2762.7134   11.0601
    0.0000  -22.5000   -7.5000 2782.6963   10.9577
    7.5000  -22.5000   -7.5000 2760.9338   11.0754
   -7.5000  -15.0000   -7.5000 2802.3623   10.5921
    0.0000  -15.0000   -7.5000 2822.7590   10.4905
    7.5000  -15.0000   -7.5000 2802.9006   10.5958
   -7.5000   -7.5000   -7.5000 2841.5427   10.2769
    0.0000   -7.5000   -7.5000 2862.7693   10.1671
    7.5000   -7.5000   -7.5000 2840.1772   10.2876
   -7.5000    0.0000   -7.5000 2877.9963   10.1441
    0.0000    0.0000   -7.5000 2903.1006   10.0352
    7.5000    0.0000   -7.5000 2873.5195   10.1540
   -7.5000    7.5000   -7.5000 2897.6472   10.1586
    0.0000    7.5000   -7.5000 2928.2646   10.0519
    7.5000    7.5000   -7.5000 2894.9246   10.1776
   -7.5000   15.0000   -7.5000 2881.3911   10.3576
    0.0000   15.0000   -7.5000 2914.7458   10.2457
    7.5000   15.0000   -7.5000 2879.4382   10.3926
   -7.5000   22.5000   -7.5000 2835.1216   10.7440
    0.0000   22.5000   -7.5000 2863.8953   10.6209
    7.5000   22.5000   -7.5000 2835.9790   10.7537
   -7.5000   30.0000   -7.5000 2758.6987   11.3350
    0.0000   30.0000   -7.5000 2788.2100   11.2022
    7.5000   30.0000   -7.5000 2762.7996   11.3342
   -7.5000   37.5000   -7.5000 2656.7383   12.1896
    0.0000   37.5000   -7.5000 2684.6384   12.0559
    7.5000   37.5000   -7.5000 2661.2424   12.1969
   -7.5000   45.0000   -7.5000 2537.8547   13.3288
    0.0000   45.0000   -7.5000 2563.8857   13.2025
    7.5000   45.0000   -7.5000 2539.3547   13.3357
   -7.5000  -45.0000    0.0000 2645.8213   12.9877
    0.0000  -45.0000    0.0000 2668.7441   12.8909
    7.5000  -45.0000    0.0000 2651.3984   12.9805
   -7.5000  -37.5000    0.0000 2698.4355   12.0498
    0.0000  -37.5000    0.0000 2716.9194   11.9519
    7.5000  -37.5000    0.0000 2700.0066   12.0737
   -7.5000  -30.0000    0.0000 2746.9910   11.2904
    0.0000  -30.0000    0.0000 2766.1719   11.1740
    7.5000  -30.0000    0.0000 2744.6133   11.3065
   -7.5000  -22.5000    0.0000 2796.7124   10.6594
    0.0000  -22.5000    0.0000 2819.6919   10.5538
    7.5000  -22.5000    0.0000 2797.8762   10.6701
   -7.5000  -15.0000    0.0000 2846.4673   10.1917
    0.0000  -15.0000    0.0000 2869.2905   10.0812
    7.5000  -15.0000    0.0000 2848.5977   10.2092
   -7.5000   -7.5000    0.0000 2889.0334    9.8750
    0.0000   -7.5000    0.0000 2918.1003    9.7457
    7.5000   -7.5000    0.0000 2890.0576    9.8784
   -7.5000    0.0000    0.0000 2933.3823    9.7492
    0.0000    0.0000    0.0000 2964.9460    9.6290
    7.5000    0.0000    0.0000 2931.5483    9.7418
   -7.5000    7.5000    0.0000 2958.0261    9.7660
    0.0000    7.5000    0.0000 2998.3918    9.6397
    7.5000    7.5000    0.0000 2957.6106    9.7736
   -7.5000   15.0000    0.0000 2939.7253    9.9538
    0.0000   15.0000    0.0000 2977.2544    9.8054
    7.5000   15.0000    0.0000 2938.4678    9.9812
   -7.5000   22.5000    0.0000 2886.4077   10.3307
    0.0000   22.5000    0.0000 2917.8464   10.1725
    7.5000   22.5000    0.0000 2887.6404   10.3473
   -7.5000   30.0000    0.0000 2801.7000   10.9054
    0.0000   30.0000    0.0000 2834.3926   10.7505
    7.5000   30.0000    0.0000 2805.1677   10.9110
   -7.5000   37.5000    0.0000 2691.7939   11.7687
    0.0000   37.5000    0.0000 2721.2837   11.6192
    7.5000   37.5000    0.0000 2696.0522   11.7659
   -7.5000   45.0000    0.0000 2568.6365   12.9132
    0.0000   45.0000    0.0000 2596.6306   12.7679
    7.5000   45.0000    0.0000 2570.2556   12.9161
   -7.5000  -45.0000    7.5000 2654.2847   12.7826
    0.0000  -45.0000    7.5000 2676.0151   12.6918
    7.5000  -45.0000    7.5000 2660.2695   12.7908
   -7.5000  -37.5000    7.5000 2708.5928   11.8291
    0.0000  -37.5000    7.5000 2727.3655   11.7394
    7.5000  -37.5000    7.5000 2713.3696   11.8278
   -7.5000  -30.0000    7.5000 2760.6162   11.0402
    0.0000  -30.0000    7.5000 2779.3728   10.9415
    7.5000  -30.0000    7.5000 2765.6240   11.0474
   -7.5000  -22.5000    7.5000 2816.0820   10.3951
    0.0000  -22.5000    7.5000 2839.6812   10.2931
    7.5000  -22.5000    7.5000 2818.8032   10.4039
   -7.5000  -15.0000    7.5000 2869.7190    9.9272
    0.0000  -15.0000    7.5000 2895.6262    9.8064
    7.5000  -15.0000    7.5000 2873.4829    9.9341
   -7.5000   -7.5000    7.5000 2923.2573    9.6357
    0.0000   -7.5000    7.5000 2954.0815    9.4918
    7.5000   -7.5000    7.5000 2925.3838    9.6299
   -7.5000    0.0000    7.5000 2970.1982    9.5261
    0.0000    0.0000    7.5000 3008.9988    9.4034
    7.5000    0.0000    7.5000 2970.9490    9.5130
   -7.5000    7.5000    7.5000 2994.7300    9.5538
    0.0000    7.5000    7.5000 3046.9202    9.4371
    7.5000    7.5000    7.5000 2996.5928    9.5425
   -7.5000   15.0000    7.5000 2969.0430    9.7143
    0.0000   15.0000    7.5000 3015.3796    9.5883
    7.5000   15.0000    7.5000 2972.9106    9.7213
   -7.5000   22.5000    7.5000 2915.5017   10.0500
    0.0000   22.5000    7.5000 2951.4302    9.9078
    7.5000   22.5000    7.5000 2919.5759   10.0612
   -7.5000   30.0000    7.5000 2826.5852   10.6310
    0.0000   30.0000    7.5000 2857.2654   10.4826
    7.5000   30.0000    7.5000 2831.4065   10.6270
   -7.5000   37.5000    7.5000 2708.2974   11.5234
    0.0000   37.5000    7.5000 2738.4526   11.3758
    7.5000   37.5000    7.5000 2714.6394   11.5181
   -7.5000   45.0000    7.5000 2578.9268   12.6616
    0.0000   45.0000    7.5000 2603.2852   12.5401
    7.5000   45.0000    7.5000 2581.7600   12.6723
   -7.5000  -45.0000   15.0000 2650.6560   12.6959
    0.0000  -45.0000   15.0000 2672.4629   12.6131
    7.5000  -45.0000   15.0000 2657.7659   12.7120
   -7.5000  -37.5000   15.0000 2701.6807   11.7428
    0.0000  -37.5000   15.0000 2719.4216   11.6307
    7.5000  -37.5000   15.0000 2708.9871   11.7472
   -7.5000  -30.0000   15.0000 2754.3489   10.9474
    0.0000  -30.0000   15.0000 2770.4146   10.8344
    7.5000  -30.0000   15.0000 2761.1694   10.9580
   -7.5000  -22.5000   15.0000 2813.4539   10.3347
    0.0000  -22.5000   15.0000 2835.0083   10.2177
    7.5000  -22.5000   15.0000 2817.6323   10.3429
   -7.5000  -15.0000   15.0000 2874.4712    9.8583
    0.0000  -15.0000   15.0000 2899.2827    9.7418
    7.5000  -15.0000   15.0000 2877.9568    9.8691
   -7.5000   -7.5000   15.0000 2933.4048    9.5671
    0.0000   -7.5000   15.0000 2966.3787    9.4430
    7.5000   -7.5000   15.0000 2937.1218    9.5738
   -7.5000    0.0000   15.0000 2980.3145    9.4681
    0.0000    0.0000   15.0000 3027.7034    9.3574
    7.5000    0.0000   15.0000 2988.7673    9.4375
   -7.5000    7.5000   15.0000 3004.8601    9.4604
    0.0000    7.5000   15.0000 3061.2234    9.3724
    7.5000    7.5000   15.0000 3007.4548    9.4333
   -7.5000   15.0000   15.0000 2973.2275    9.6357
    0.0000   15.0000   15.0000 3020.8899    9.5463
    7.5000   15.0000   15.0000 2976.5547    9.6212
   -7.5000   22.5000   15.0000 2913.9543   10.0084
    0.0000   22.5000   15.0000 2948.6519    9.9093
    7.5000   22.5000   15.0000 2915.7979   10.0169
   -7.5000   30.0000   15.0000 2823.1262   10.6014
    0.0000   30.0000   15.0000 2850.3035   10.4935
    7.5000   30.0000   15.0000 2826.3325   10.6092
   -7.5000   37.5000   15.0000 2706.1289   11.4795
    0.0000   37.5000   15.0000 2729.0503   11.3658
    7.5000   37.5000   15.0000 2708.5986   11.4778
   -7.5000   45.0000   15.0000 2574.2705   12.5954
    0.0000   45.0000   15.0000 2593.2002   12.4831
    7.5000   45.0000   15.0000 2578.0847   12.5965
   -7.5000  -45.0000   22.5000 2636.9521   12.7622
    0.0000  -45.0000   22.5000 2659.0166   12.6405
    7.5000  -45.0000   22.5000 2648.6704   12.7745
   -7.5000  -37.5000   22.5000 2687.0608   11.8262
    0.0000  -37.5000   22.5000 2704.9124   11.6947
    7.5000  -37.5000   22.5000 2696.9858   11.8483
   -7.5000  -30.0000   22.5000 2740.2832   11.0618
    0.0000  -30.0000   22.5000 2760.7092   10.9093
    7.5000  -30.0000   22.5000 2747.5149   11.0610
   -7.5000  -22.5000   22.5000 2800.1440   10.4393
    0.0000  -22.5000   22.5000 2822.4714   10.3037
    7.5000  -22.5000   22.5000 2806.1125   10.4299
   -7.5000  -15.0000   22.5000 2863.7019    9.9660
    0.0000  -15.0000   22.5000 2887.8828    9.8454
    7.5000  -15.0000   22.5000 2869.2654    9.9645
   -7.5000   -7.5000   22.5000 2923.9346    9.7137
    0.0000   -7.5000   22.5000 2957.4915    9.5837
    7.5000   -7.5000   22.5000 2929.8206    9.6899
   -7.5000    0.0000   22.5000 2970.1033    9.5842
    0.0000    0.0000   22.5000 3016.7134    9.4666
    7.5000    0.0000   22.5000 2976.2673    9.5401
   -7.5000    7.5000   22.5000 2988.8335    9.5631
    0.0000    7.5000   22.5000 3043.2058    9.4355
    7.5000    7.5000   22.5000 2989.2661    9.5416
   -7.5000   15.0000   22.5000 2953.4451    9.7530
    0.0000   15.0000   22.5000 2998.6577    9.6035
    7.5000   15.0000   22.5000 2955.0303    9.7434
   -7.5000   22.5000   22.5000 2887.6799   10.1392
    0.0000   22.5000   22.5000 2920.7625   10.0017
    7.5000   22.5000   22.5000 2889.8030   10.1380
   -7.5000   30.0000   22.5000 2795.6963   10.7696
    0.0000   30.0000   22.5000 2819.4414   10.6206
    7.5000   30.0000   22.5000 2800.9199   10.7418
   -7.5000   37.5000   22.5000 2682.4126   11.6435
    0.0000   37.5000   22.5000 2700.5815   11.4984
    7.5000   37.5000   22.5000 2684.8237   11.6204
   -7.5000   45.0000   22.5000 2552.1453   12.7404
    0.0000   45.0000   22.5000 2570.3250   12.6283
    7.5000   45.0000   22.5000 2556.9382   12.7283
   -7.5000  -45.0000   30.0000 2619.0737   12.9927
    0.0000  -45.0000   30.0000 2640.6121   12.8485
    7.5000  -45.0000   30.0000 2628.9495   13.0275
   -7.5000  -37.5000   30.0000 2669.3586   12.0512
    0.0000  -37.5000   30.0000 2685.3179   11.9069
    7.5000  -37.5000   30.0000 2676.9929   12.0789
   -7.5000  -30.0000   30.0000 2722.6602   11.2983
    0.0000  -30.0000   30.0000 2738.1299   11.1473
    7.5000  -30.0000   30.0000 2727.1147   11.2806
   -7.5000  -22.5000   30.0000 2776.4841   10.6890
    0.0000  -22.5000   30.0000 2798.6184   10.5250
    7.5000  -22.5000   30.0000 2783.4790   10.6539
   -7.5000  -15.0000   30.0000 2835.9470   10.2420
    0.0000  -15.0000   30.0000 2861.2666   10.0811
    7.5000  -15.0000   30.0000 2841.3228   10.2136
   -7.5000   -7.5000   30.0000 2893.2595   10.0063
    0.0000   -7.5000   30.0000 2926.1733    9.8594
    7.5000   -7.5000   30.0000 2895.7092    9.9742
   -7.5000    0.0000   30.0000 2931.9783    9.8887
    0.0000    0.0000   30.0000 2972.8643    9.7625
    7.5000    0.0000   30.0000 2934.7424    9.8617
   -7.5000    7.5000   30.0000 2941.7673    9.8924
    0.0000    7.5000   30.0000 2982.7605    9.7416
    7.5000    7.5000   30.0000 2942.4429    9.8794
   -7.5000   15.0000   30.0000 2904.1753   10.0980
    0.0000   15.0000   30.0000 2939.8567    9.9443
    7.5000   15.0000   30.0000 2907.2598   10.0955
   -7.5000   22.5000   30.0000 2838.8528   10.4823
    0.0000   22.5000   30.0000 2868.1926   10.3353
    7.5000   22.5000   30.0000 2841.8672   10.4794
   -7.5000   30.0000   30.0000 2745.4868   11.0869
    0.0000   30.0000   30.0000 2770.8455   10.9245
    7.5000   30.0000   30.0000 2751.0857   11.0614
   -7.5000   37.5000   30.0000 2640.3745   11.9315
    0.0000   37.5000   30.0000 2659.6528   11.7786
    7.5000   37.5000   30.0000 2643.2043   11.8940
   -7.5000   45.0000   30.0000 2515.7256   13.0304
    0.0000   45.0000   30.0000 2533.2791   12.8896
    7.5000   45.0000   30.0000 2519.5955   13.0017
   -7.5000  -45.0000   37.5000 2585.8367   13.3739
    0.0000  -45.0000   37.5000 2607.1348   13.1825
    7.5000  -45.0000   37.5000 2593.9941   13.3920
   -7.5000  -37.5000   37.5000 2641.0669   12.4072
    0.0000  -37.5000   37.5000 2661.4509   12.2382
    7.5000  -37.5000   37.5000 2650.0520   12.4242
   -7.5000  -30.0000   37.5000 2694.6045   11.6416
    0.0000  -30.0000   37.5000 2715.7749   11.4698
    7.5000  -30.0000   37.5000 2702.4604   11.6315
   -7.5000  -22.5000   37.5000 2747.5234   11.0491
    0.0000  -22.5000   37.5000 2768.4597   10.8775
    7.5000  -22.5000   37.5000 2752.3928   11.0206
   -7.5000  -15.0000   37.5000 2800.9248   10.6513
    0.0000  -15.0000   37.5000 2822.7654   10.4850
    7.5000  -15.0000   37.5000 2803.2710   10.6344
   -7.5000   -7.5000   37.5000 2846.7961   10.4497
    0.0000   -7.5000   37.5000 2874.8159   10.3119
    7.5000   -7.5000   37.5000 2848.9778   10.4382
   -7.5000    0.0000   37.5000 2871.9360   10.3596
    0.0000    0.0000   37.5000 2906.7400   10.2110
    7.5000    0.0000   37.5000 2875.7671   10.3364
   -7.5000    7.5000   37.5000 2872.8938   10.4009
    0.0000    7.5000   37.5000 2901.4297   10.2448
    7.5000    7.5000   37.5000 2871.0085   10.3928
   -7.5000   15.0000   37.5000 2838.2021   10.6126
    0.0000   15.0000   37.5000 2863.5742   10.4712
    7.5000   15.0000   37.5000 2841.8513   10.6113
   -7.5000   22.5000   37.5000 2776.0491   10.9978
    0.0000   22.5000   37.5000 2800.3562   10.8494
    7.5000   22.5000   37.5000 2780.7300   10.9942
   -7.5000   30.0000   37.5000 2688.2861   11.5840
    0.0000   30.0000   37.5000 2709.2510   11.4144
    7.5000   30.0000   37.5000 2693.5847   11.5522
   -7.5000   37.5000   37.5000 2586.5225   12.3765
    0.0000   37.5000   37.5000 2605.7488   12.2198
    7.5000   37.5000   37.5000 2590.7729   12.3447
   -7.5000   45.0000   37.5000 2469.8611   13.4579
    0.0000   45.0000   37.5000 2485.8469   13.3183
    7.5000   45.0000   37.5000 2471.2217   13.4257
   -7.5000  -45.0000   45.0000 2536.3596   13.8850
    0.0000  -45.0000   45.0000 2555.6060   13.6600
    7.5000  -45.0000   45.0000 2544.1721   13.8831
   -7.5000  -37.5000   45.0000 2596.3313   12.9249
    0.0000  -37.5000   45.0000 2616.5332   12.7143
    7.5000  -37.5000   45.0000 2604.5247   12.9194
   -7.5000  -30.0000   45.0000 2648.7944   12.1385
    0.0000  -30.0000   45.0000 2670.6160   11.9505
    7.5000  -30.0000   45.0000 2658.6096   12.1274
   -7.5000  -22.5000   45.0000 2701.0845   11.5691
    0.0000  -22.5000   45.0000 2721.9312   11.3860
    7.5000  -22.5000   45.0000 2705.3684   11.5552
   -7.5000  -15.0000   45.0000 2746.8069   11.1969
    0.0000  -15.0000   45.0000 2772.0706   11.0433
    7.5000  -15.0000   45.0000 2751.9138   11.2022
   -7.5000   -7.5000   45.0000 2784.9551   11.0214
    0.0000   -7.5000   45.0000 2814.2874   10.8751
    7.5000   -7.5000   45.0000 2791.3838   11.0260
   -7.5000    0.0000   45.0000 2795.0217   10.9581
    0.0000    0.0000   45.0000 2826.5420   10.8068
    7.5000    0.0000   45.0000 2802.0010   10.9542
   -7.5000    7.5000   45.0000 2785.8091   11.0358
    0.0000    7.5000   45.0000 2809.3452   10.8859
    7.5000    7.5000   45.0000 2785.3665   11.0332
   -7.5000   15.0000   45.0000 2755.6150   11.2320
    0.0000   15.0000   45.0000 2777.6047   11.1097
    7.5000   15.0000   45.0000 2758.4565   11.2486
   -7.5000   22.5000   45.0000 2697.6353   11.6174
    0.0000   22.5000   45.0000 2719.9241   11.4860
    7.5000   22.5000   45.0000 2701.8970   11.6232
   -7.5000   30.0000   45.0000 2617.7795   12.1763
    0.0000   30.0000   45.0000 2636.1672   12.0263
    7.5000   30.0000   45.0000 2620.2021   12.1711
   -7.5000   37.5000   45.0000 2523.1975   12.9553
    0.0000   37.5000   45.0000 2541.4304   12.8130
    7.5000   37.5000   45.0000 2527.2217   12.9584
   -7.5000   45.0000   45.0000 2409.0200   14.0375
    0.0000   45.0000   45.0000 2428.4502   13.9161
    7.5000   45.0000   45.0000 2415.8887   14.0326

---------------------------------------------------------------------
imgreg_4dfp /opt/freesurfer/average/711-2C_as_mni_average_305 /opt/freesurfer/average/711-2B_as_mni_average_305_mask talsrcimg_g11 none talsrcimg_to_711-2C_as_mni_average_305_t4 1283
---------------------------------------------------------------------

freesurfer imgreg_4dfp.c
/opt/freesurfer/average/711-2C_as_mni_average_305.4dfp.img
       256       256       256         1
  1.000000  1.000000  1.000000
orientation T byte_order littleendian
Reading image: /opt/freesurfer/average/711-2C_as_mni_average_305.4dfp.img
dimensions:      256       256       256
mmppix:       1.0000   -1.0000   -1.0000
center:     128.0000 -129.0000 -129.0000
/opt/freesurfer/average/711-2B_as_mni_average_305_mask.4dfp.img
       256       256       256         1
  1.000000  1.000000  1.000000
orientation T byte_order littleendian
Reading mask: /opt/freesurfer/average/711-2B_as_mni_average_305_mask.4dfp.img (2306576 pixels)
talsrcimg_g11.4dfp.img
       256       256       256         1
  1.000000  1.000000  1.000000
orientation T byte_order littleendian
Reading image: talsrcimg_g11.4dfp.img
dimensions:      256       256       256
mmppix:       1.0000   -1.0000   -1.0000
center:     128.0000 -129.0000 -129.0000
rotation matrix determinant  1.000000
fimgreg.f
image alignment mode   1283 decimal      503 hex
parameters
    0.0000    7.5000   15.0000    0.0000    0.0000    0.0000
eta,q 0.95930  9.37318
niter,ni,del,rscale     5    3   12.0000    1.2000
parameter  4  8.461672 ->  0.500000 qaram    1.1500
parameters
    0.2276    6.3664   15.9496   -3.4500   -0.4907   -0.2071
eta,q 0.96382  9.28677
  0.0547  0.0448  0.0444  0.0337  0.0407  0.0401
  0.0477  0.0419  0.0426  0.0356  0.0387  0.0379
  0.0424  0.0407  0.0409  0.0379  0.0369  0.0367
  0.0406  0.0406  0.0405  0.0405  0.0361  0.0362
  0.0422  0.0420  0.0406  0.0424  0.0369  0.0366
  0.0464  0.0453  0.0410  0.0445  0.0394  0.0382
  0.0526  0.0503  0.0426  0.0477  0.0431  0.0408
niter,ni,del,rscale     5    3   12.0000    1.2000
parameter  4  1.666549 ->  0.500000 qaram    1.3225
parameters
    0.3921    6.9409   15.3833   -7.4175   -1.0644   -0.3851
eta,q 0.96769  9.33828
  0.0520  0.0468  0.0393  0.0321  0.0380  0.0377
  0.0440  0.0419  0.0373  0.0319  0.0352  0.0347
  0.0382  0.0384  0.0363  0.0336  0.0332  0.0329
  0.0362  0.0362  0.0360  0.0360  0.0322  0.0323
  0.0381  0.0365  0.0362  0.0390  0.0336  0.0332
  0.0434  0.0394  0.0380  0.0417  0.0368  0.0353
  0.0499  0.0438  0.0416  0.0439  0.0408  0.0382
niter,ni,del,rscale     5    3   12.0000    1.2000
parameter  4  0.520562 ->  0.500000 qaram    1.5209
parameters
    0.2062    7.7282   14.4478  -11.9801   -1.1024   -0.8544
eta,q 0.96897  9.37109
  0.0482  0.0461  0.0361  0.0325  0.0380  0.0354
  0.0397  0.0394  0.0337  0.0311  0.0347  0.0328
  0.0342  0.0344  0.0325  0.0312  0.0324  0.0314
  0.0323  0.0323  0.0324  0.0323  0.0310  0.0310
  0.0352  0.0332  0.0335  0.0348  0.0316  0.0317
  0.0420  0.0362  0.0358  0.0378  0.0345  0.0340
  0.0495  0.0400  0.0399  0.0412  0.0386  0.0370
niter,ni,del,rscale     5    3   12.0000    1.2000
parameters
    0.0693    9.1140   13.4385  -12.7851   -0.8781   -0.9397
eta,q 0.97011  9.33690
  0.0487  0.0447  0.0342  0.0361  0.0380  0.0348
  0.0392  0.0381  0.0316  0.0331  0.0337  0.0319
  0.0328  0.0336  0.0303  0.0309  0.0310  0.0303
  0.0310  0.0310  0.0302  0.0301  0.0299  0.0299
  0.0342  0.0302  0.0313  0.0320  0.0305  0.0303
  0.0411  0.0321  0.0343  0.0351  0.0331  0.0323
  0.0495  0.0362  0.0386  0.0381  0.0368  0.0349
niter,ni,del,rscale     4    3   12.0000    1.2000
parameters
    0.0424    9.3627   13.2764  -13.2235   -0.8091   -0.9625
eta,q 0.97013  9.33130
  0.0482  0.0401  0.0358  0.0365  0.0376  0.0348
  0.0386  0.0348  0.0324  0.0333  0.0333  0.0319
  0.0320  0.0315  0.0305  0.0313  0.0307  0.0303
  0.0299  0.0299  0.0298  0.0299  0.0299  0.0299
  0.0326  0.0308  0.0304  0.0314  0.0307  0.0303
  0.0393  0.0339  0.0328  0.0346  0.0333  0.0321
  0.0480  0.0385  0.0366  0.0376  0.0371  0.0348
niter,ni,del,rscale     3    3   12.0000    1.2000
parameters
    0.0538    9.5568   13.1653  -13.5617   -0.8076   -0.9428
eta,q 0.97010  9.32802
  0.0482  0.0397  0.0360  0.0366  0.0375  0.0349
  0.0388  0.0346  0.0324  0.0333  0.0331  0.0320
  0.0321  0.0313  0.0305  0.0315  0.0306  0.0303
  0.0299  0.0299  0.0299  0.0299  0.0299  0.0299
  0.0323  0.0308  0.0305  0.0312  0.0308  0.0303
  0.0390  0.0339  0.0328  0.0344  0.0334  0.0321
  0.0478  0.0384  0.0365  0.0375  0.0372  0.0348
niter,ni,del,rscale     2    3   12.0000    1.2000
parameters
    0.0890    9.7257   13.0610  -13.8686   -0.8377   -0.9071
eta,q 0.97004  9.32527
  0.0482  0.0393  0.0361  0.0366  0.0374  0.0350
  0.0389  0.0343  0.0325  0.0332  0.0330  0.0321
  0.0322  0.0313  0.0305  0.0315  0.0306  0.0304
  0.0299  0.0299  0.0299  0.0299  0.0300  0.0300
  0.0322  0.0309  0.0305  0.0311  0.0309  0.0304
  0.0388  0.0338  0.0328  0.0343  0.0335  0.0321
  0.0476  0.0383  0.0366  0.0374  0.0372  0.0349
niter,ni,del,rscale     1    3   12.0000    1.2000
parameters
    0.1320    9.8869   12.9415  -14.1780   -0.8906   -0.8581
eta,q 0.96996  9.32292
  0.0482  0.0391  0.0362  0.0366  0.0373  0.0351
  0.0389  0.0342  0.0325  0.0331  0.0330  0.0323
  0.0323  0.0313  0.0305  0.0314  0.0306  0.0305
  0.0300  0.0300  0.0299  0.0299  0.0300  0.0300
  0.0322  0.0309  0.0306  0.0310  0.0310  0.0305
  0.0387  0.0336  0.0330  0.0342  0.0335  0.0321
  0.0476  0.0381  0.0367  0.0374  0.0372  0.0349
registration optimization eta report
parameter search radius
    6.0000    6.0000    6.0000    9.1253    6.0000    6.0000
100000*second partial in parameter space
       49.       24.       18.        8.       20.       14.
  0.0482  0.0391  0.0362  0.0366  0.0373  0.0351
  0.0389  0.0342  0.0325  0.0331  0.0330  0.0323
  0.0323  0.0313  0.0305  0.0314  0.0306  0.0305
  0.0300  0.0300  0.0299  0.0299  0.0300  0.0300
  0.0322  0.0309  0.0306  0.0310  0.0310  0.0305
  0.0387  0.0336  0.0330  0.0342  0.0335  0.0321
  0.0476  0.0381  0.0367  0.0374  0.0372  0.0349
    0.1320    9.8869   12.9415  -14.1780   -0.8906   -0.8581
eta,q 0.96996  9.32292

---------------------------------------------------------------------
imgreg_4dfp /opt/freesurfer/average/711-2C_as_mni_average_305 /opt/freesurfer/average/711-2B_as_mni_average_305_mask talsrcimg_g11 none talsrcimg_to_711-2C_as_mni_average_305_t4 3335
---------------------------------------------------------------------

freesurfer imgreg_4dfp.c
/opt/freesurfer/average/711-2C_as_mni_average_305.4dfp.img
       256       256       256         1
  1.000000  1.000000  1.000000
orientation T byte_order littleendian
Reading image: /opt/freesurfer/average/711-2C_as_mni_average_305.4dfp.img
dimensions:      256       256       256
mmppix:       1.0000   -1.0000   -1.0000
center:     128.0000 -129.0000 -129.0000
/opt/freesurfer/average/711-2B_as_mni_average_305_mask.4dfp.img
       256       256       256         1
  1.000000  1.000000  1.000000
orientation T byte_order littleendian
Reading mask: /opt/freesurfer/average/711-2B_as_mni_average_305_mask.4dfp.img (2306576 pixels)
talsrcimg_g11.4dfp.img
       256       256       256         1
  1.000000  1.000000  1.000000
orientation T byte_order littleendian
Reading image: talsrcimg_g11.4dfp.img
dimensions:      256       256       256
mmppix:       1.0000   -1.0000   -1.0000
center:     128.0000 -129.0000 -129.0000
fimgreg.f
image alignment mode   3335 decimal      D07 hex
parameters
    0.1320    9.8869   12.9415   -0.0233   -3.0512   -3.0577
    1.0714    1.8736   -1.4974   24.4681   -1.5543  -24.4905
eta,q 0.97030  9.38560
niter,ni,del,rscale     5    3    5.0000    1.2000
parameter  4  0.628451 ->  0.500000 qaram    1.1500
parameter  5  0.525317 ->  0.500000 qaram    1.1500
parameter 10  1.178342 ->  0.500000 qaram    1.1500
parameter 12  1.180745 ->  0.500000 qaram    1.1500
parameters
    0.1945    9.7496   12.7097   -4.1633   -7.1912   -6.6243
    0.9558    2.1671   -1.2489   20.3281   -4.5668  -28.6305
eta,q 0.97407  8.82320
  0.0326  0.0311  0.0306  0.0290  0.0288  0.0284  0.0300  0.0316  0.0296  0.0265  0.0269  0.0257
  0.0310  0.0303  0.0301  0.0289  0.0286  0.0282  0.0291  0.0299  0.0289  0.0267  0.0268  0.0259
  0.0301  0.0298  0.0297  0.0291  0.0286  0.0283  0.0284  0.0288  0.0284  0.0273  0.0268  0.0262
  0.0297  0.0297  0.0297  0.0297  0.0289  0.0286  0.0282  0.0282  0.0282  0.0282  0.0268  0.0268
  0.0300  0.0299  0.0299  0.0309  0.0295  0.0294  0.0285  0.0285  0.0283  0.0294  0.0270  0.0275
  0.0309  0.0305  0.0304  0.0328  0.0303  0.0309  0.0291  0.0295  0.0287  0.0308  0.0272  0.0284
  0.0323  0.0314  0.0311  0.0353  0.0314  0.0330  0.0301  0.0312  0.0294  0.0326  0.0276  0.0293
niter,ni,del,rscale     7    3    5.0000    1.2000
parameters
    0.2384    9.8481   11.6596   -6.0214   -5.1931   -7.2605
    0.6223    2.4608   -0.2446   19.0305   -6.8758  -31.4011
eta,q 0.97480  8.79725
  0.0285  0.0278  0.0261  0.0265  0.0282  0.0274  0.0273  0.0290  0.0272  0.0272  0.0256  0.0258
  0.0272  0.0268  0.0258  0.0260  0.0271  0.0264  0.0263  0.0272  0.0264  0.0260  0.0254  0.0254
  0.0263  0.0261  0.0257  0.0258  0.0263  0.0257  0.0257  0.0260  0.0258  0.0254  0.0254  0.0252
  0.0259  0.0259  0.0259  0.0257  0.0257  0.0256  0.0255  0.0255  0.0255  0.0255  0.0254  0.0254
  0.0262  0.0261  0.0264  0.0260  0.0256  0.0260  0.0258  0.0258  0.0255  0.0261  0.0256  0.0258
  0.0270  0.0266  0.0271  0.0268  0.0259  0.0270  0.0266  0.0268  0.0259  0.0271  0.0258  0.0265
  0.0284  0.0275  0.0280  0.0285  0.0267  0.0282  0.0276  0.0285  0.0265  0.0285  0.0262  0.0275
niter,ni,del,rscale     6    3    5.0000    1.2000
parameters
    0.3065    9.5933   11.8110   -5.8764   -4.1135   -6.5867
    0.3392    2.5478    0.4085   19.1509   -7.5011  -31.8096
eta,q 0.97494  8.88370
  0.0278  0.0267  0.0266  0.0267  0.0277  0.0278  0.0270  0.0285  0.0268  0.0278  0.0255  0.0263
  0.0264  0.0257  0.0258  0.0258  0.0265  0.0265  0.0259  0.0267  0.0259  0.0263  0.0252  0.0256
  0.0255  0.0252  0.0254  0.0254  0.0257  0.0256  0.0252  0.0255  0.0253  0.0254  0.0251  0.0252
  0.0252  0.0252  0.0252  0.0252  0.0251  0.0251  0.0251  0.0251  0.0251  0.0251  0.0251  0.0251
  0.0254  0.0256  0.0252  0.0252  0.0252  0.0253  0.0254  0.0254  0.0251  0.0254  0.0251  0.0253
  0.0262  0.0263  0.0256  0.0256  0.0257  0.0260  0.0262  0.0265  0.0256  0.0263  0.0254  0.0258
  0.0276  0.0274  0.0263  0.0267  0.0267  0.0269  0.0273  0.0283  0.0263  0.0276  0.0257  0.0266
niter,ni,del,rscale     5    3    5.0000    1.2000
parameters
    0.3357    9.4230   11.9387   -5.8229   -3.9511   -6.2856
    0.2030    2.5675    0.5830   18.9865   -7.6189  -31.7507
eta,q 0.97498  8.90234
  0.0277  0.0268  0.0265  0.0265  0.0273  0.0275  0.0270  0.0284  0.0266  0.0277  0.0256  0.0264
  0.0263  0.0257  0.0257  0.0257  0.0262  0.0262  0.0259  0.0266  0.0258  0.0262  0.0253  0.0257
  0.0254  0.0251  0.0252  0.0253  0.0254  0.0254  0.0252  0.0254  0.0252  0.0253  0.0251  0.0252
  0.0251  0.0250  0.0250  0.0250  0.0250  0.0250  0.0250  0.0250  0.0250  0.0250  0.0250  0.0250
  0.0253  0.0254  0.0251  0.0250  0.0252  0.0253  0.0253  0.0254  0.0252  0.0254  0.0251  0.0252
  0.0262  0.0262  0.0255  0.0255  0.0260  0.0261  0.0261  0.0265  0.0257  0.0264  0.0253  0.0256
  0.0276  0.0273  0.0262  0.0267  0.0272  0.0270  0.0272  0.0284  0.0265  0.0278  0.0256  0.0264
niter,ni,del,rscale     4    3    5.0000    1.2000
parameters
    0.3482    9.3609   12.0183   -5.7857   -3.9102   -6.1650
    0.1739    2.5677    0.6073   18.8625   -7.5806  -31.6779
eta,q 0.97499  8.90800
  0.0277  0.0270  0.0264  0.0265  0.0272  0.0274  0.0271  0.0284  0.0266  0.0277  0.0256  0.0264
  0.0263  0.0258  0.0257  0.0257  0.0261  0.0261  0.0260  0.0266  0.0257  0.0262  0.0253  0.0257
  0.0253  0.0252  0.0252  0.0253  0.0253  0.0253  0.0253  0.0254  0.0252  0.0253  0.0251  0.0252
  0.0250  0.0250  0.0250  0.0250  0.0250  0.0250  0.0250  0.0250  0.0250  0.0250  0.0250  0.0250
  0.0253  0.0253  0.0251  0.0250  0.0252  0.0254  0.0253  0.0254  0.0252  0.0254  0.0251  0.0252
  0.0262  0.0260  0.0256  0.0255  0.0260  0.0262  0.0260  0.0266  0.0257  0.0264  0.0253  0.0256
  0.0276  0.0271  0.0263  0.0267  0.0272  0.0271  0.0271  0.0284  0.0266  0.0278  0.0256  0.0264
niter,ni,del,rscale     3    3    5.0000    1.2000
parameters
    0.3530    9.3299   12.0589   -5.7711   -3.8838   -6.1183
    0.1620    2.5667    0.6002   18.7914   -7.5423  -31.6316
eta,q 0.97499  8.91001
  0.0277  0.0270  0.0264  0.0265  0.0272  0.0273  0.0271  0.0284  0.0266  0.0278  0.0256  0.0264
  0.0262  0.0259  0.0256  0.0257  0.0261  0.0261  0.0260  0.0266  0.0257  0.0262  0.0253  0.0257
  0.0253  0.0252  0.0252  0.0253  0.0253  0.0253  0.0252  0.0254  0.0252  0.0253  0.0251  0.0252
  0.0250  0.0250  0.0250  0.0250  0.0250  0.0250  0.0250  0.0250  0.0250  0.0250  0.0250  0.0250
  0.0253  0.0253  0.0251  0.0250  0.0253  0.0254  0.0253  0.0254  0.0252  0.0254  0.0251  0.0252
  0.0262  0.0260  0.0256  0.0255  0.0260  0.0262  0.0260  0.0266  0.0257  0.0264  0.0253  0.0256
  0.0277  0.0271  0.0263  0.0267  0.0273  0.0271  0.0271  0.0284  0.0266  0.0278  0.0256  0.0264
niter,ni,del,rscale     2    3    5.0000    1.2000
parameters
    0.3546    9.3141   12.0771   -5.7626   -3.8682   -6.1002
    0.1628    2.5656    0.5903   18.7557   -7.5083  -31.6032
eta,q 0.97500  8.91092
  0.0276  0.0271  0.0264  0.0265  0.0272  0.0273  0.0271  0.0284  0.0266  0.0278  0.0256  0.0264
  0.0262  0.0259  0.0256  0.0257  0.0261  0.0261  0.0260  0.0266  0.0257  0.0263  0.0253  0.0257
  0.0253  0.0252  0.0252  0.0253  0.0253  0.0253  0.0253  0.0254  0.0252  0.0253  0.0251  0.0252
  0.0250  0.0250  0.0250  0.0250  0.0250  0.0250  0.0250  0.0250  0.0250  0.0250  0.0250  0.0250
  0.0253  0.0253  0.0252  0.0250  0.0253  0.0254  0.0253  0.0254  0.0252  0.0254  0.0251  0.0252
  0.0262  0.0260  0.0256  0.0255  0.0260  0.0262  0.0260  0.0266  0.0257  0.0264  0.0253  0.0256
  0.0277  0.0271  0.0263  0.0267  0.0273  0.0271  0.0271  0.0284  0.0266  0.0277  0.0256  0.0264
registration optimization eta report
parameter search radius
    2.4000    2.4000    2.4000    8.2800    8.2800    7.2000
    7.2000    7.2000    7.2000    8.2800    7.2000    8.2800
100000*second partial in parameter space
       46.       36.       23.        2.        3.        4.
        4.        7.        3.        4.        1.        2.
  0.0276  0.0271  0.0264  0.0265  0.0272  0.0273  0.0271  0.0284  0.0266  0.0278  0.0256  0.0264
  0.0262  0.0259  0.0256  0.0257  0.0261  0.0261  0.0260  0.0266  0.0257  0.0263  0.0253  0.0257
  0.0253  0.0252  0.0252  0.0253  0.0253  0.0253  0.0253  0.0254  0.0252  0.0253  0.0251  0.0252
  0.0250  0.0250  0.0250  0.0250  0.0250  0.0250  0.0250  0.0250  0.0250  0.0250  0.0250  0.0250
  0.0253  0.0253  0.0252  0.0250  0.0253  0.0254  0.0253  0.0254  0.0252  0.0254  0.0251  0.0252
  0.0262  0.0260  0.0256  0.0255  0.0260  0.0262  0.0260  0.0266  0.0257  0.0264  0.0253  0.0256
  0.0277  0.0271  0.0263  0.0267  0.0273  0.0271  0.0271  0.0284  0.0266  0.0277  0.0256  0.0264
    0.3546    9.3141   12.0771   -5.7626   -3.8682   -6.1002
    0.1628    2.5656    0.5903   18.7557   -7.5083  -31.6032
eta,q 0.97500  8.91092

---------------------------------------------------------------------
imgreg_4dfp /opt/freesurfer/average/711-2C_as_mni_average_305 /opt/freesurfer/average/711-2B_as_mni_average_305_mask talsrcimg_g11 none talsrcimg_to_711-2C_as_mni_average_305_t4 2311
---------------------------------------------------------------------

freesurfer imgreg_4dfp.c
/opt/freesurfer/average/711-2C_as_mni_average_305.4dfp.img
       256       256       256         1
  1.000000  1.000000  1.000000
orientation T byte_order littleendian
Reading image: /opt/freesurfer/average/711-2C_as_mni_average_305.4dfp.img
dimensions:      256       256       256
mmppix:       1.0000   -1.0000   -1.0000
center:     128.0000 -129.0000 -129.0000
/opt/freesurfer/average/711-2B_as_mni_average_305_mask.4dfp.img
       256       256       256         1
  1.000000  1.000000  1.000000
orientation T byte_order littleendian
Reading mask: /opt/freesurfer/average/711-2B_as_mni_average_305_mask.4dfp.img (2306576 pixels)
talsrcimg_g11.4dfp.img
       256       256       256         1
  1.000000  1.000000  1.000000
orientation T byte_order littleendian
Reading image: talsrcimg_g11.4dfp.img
dimensions:      256       256       256
mmppix:       1.0000   -1.0000   -1.0000
center:     128.0000 -129.0000 -129.0000
fimgreg.f
image alignment mode   2311 decimal      907 hex
parameters
    0.3546    9.3141   12.0771   -5.7626   -3.8682   -6.1002
    0.1628    2.5656    0.5903   18.7557   -7.5083  -31.6032
eta,q 0.97500  8.91093
niter,ni,del,rscale     5    3    5.0000    0.8000
parameters
    0.3689    9.2784   12.0861   -4.8760   -3.6934   -6.2020
    0.2193    2.6272    0.6453   18.5614   -7.3684  -31.4980
eta,q 0.97504  8.95201
  0.0262  0.0259  0.0256  0.0256  0.0258  0.0261  0.0260  0.0266  0.0257  0.0259  0.0252  0.0255
  0.0256  0.0254  0.0253  0.0253  0.0254  0.0255  0.0254  0.0257  0.0253  0.0254  0.0251  0.0252
  0.0252  0.0251  0.0251  0.0251  0.0251  0.0251  0.0251  0.0252  0.0251  0.0250  0.0250  0.0250
  0.0250  0.0250  0.0250  0.0250  0.0250  0.0250  0.0250  0.0250  0.0250  0.0250  0.0250  0.0250
  0.0251  0.0251  0.0251  0.0250  0.0250  0.0252  0.0251  0.0251  0.0250  0.0251  0.0250  0.0250
  0.0255  0.0255  0.0253  0.0251  0.0253  0.0256  0.0254  0.0256  0.0253  0.0255  0.0251  0.0252
  0.0262  0.0260  0.0256  0.0253  0.0257  0.0261  0.0259  0.0265  0.0257  0.0261  0.0252  0.0254
niter,ni,del,rscale     4    3    5.0000    0.7000
parameters
    0.3879    9.2249   12.0899   -4.8106   -3.6224   -6.2333
    0.2084    2.6406    0.5996   18.4907   -7.2952  -31.4640
eta,q 0.97504  8.95497
  0.0259  0.0256  0.0254  0.0253  0.0256  0.0259  0.0257  0.0262  0.0255  0.0257  0.0252  0.0253
  0.0254  0.0252  0.0252  0.0252  0.0253  0.0254  0.0253  0.0255  0.0252  0.0253  0.0250  0.0251
  0.0251  0.0250  0.0250  0.0250  0.0250  0.0251  0.0250  0.0251  0.0250  0.0250  0.0250  0.0250
  0.0250  0.0250  0.0250  0.0250  0.0250  0.0250  0.0250  0.0250  0.0250  0.0250  0.0250  0.0250
  0.0251  0.0251  0.0250  0.0250  0.0250  0.0251  0.0250  0.0251  0.0250  0.0251  0.0250  0.0250
  0.0254  0.0253  0.0252  0.0251  0.0252  0.0254  0.0253  0.0255  0.0252  0.0253  0.0250  0.0251
  0.0259  0.0257  0.0254  0.0254  0.0256  0.0259  0.0257  0.0262  0.0255  0.0258  0.0252  0.0253
niter,ni,del,rscale     3    3    5.0000    0.6000
parameters
    0.3926    9.2015   12.0953   -4.7121   -3.6022   -6.2428
    0.2264    2.6533    0.5943   18.4629   -7.2658  -31.4521
eta,q 0.97505  8.95937
  0.0257  0.0255  0.0253  0.0252  0.0254  0.0256  0.0255  0.0259  0.0254  0.0255  0.0251  0.0252
  0.0253  0.0252  0.0251  0.0251  0.0252  0.0253  0.0252  0.0254  0.0251  0.0252  0.0250  0.0251
  0.0250  0.0250  0.0250  0.0250  0.0250  0.0250  0.0250  0.0251  0.0250  0.0250  0.0250  0.0250
  0.0250  0.0250  0.0250  0.0250  0.0249  0.0249  0.0250  0.0250  0.0250  0.0250  0.0250  0.0250
  0.0250  0.0250  0.0250  0.0250  0.0250  0.0250  0.0250  0.0250  0.0250  0.0250  0.0250  0.0250
  0.0253  0.0252  0.0251  0.0251  0.0252  0.0253  0.0252  0.0253  0.0251  0.0252  0.0250  0.0251
  0.0257  0.0255  0.0253  0.0252  0.0254  0.0256  0.0255  0.0258  0.0254  0.0256  0.0251  0.0252
niter,ni,del,rscale     2    3    5.0000    0.5000
parameters
    0.3970    9.1955   12.1016   -4.5960   -3.6013   -6.2534
    0.2337    2.6722    0.6037   18.4439   -7.2425  -31.4482
eta,q 0.97505  8.96414
  0.0254  0.0253  0.0252  0.0252  0.0253  0.0254  0.0253  0.0256  0.0252  0.0254  0.0251  0.0251
  0.0252  0.0251  0.0251  0.0251  0.0251  0.0252  0.0251  0.0252  0.0251  0.0251  0.0250  0.0250
  0.0250  0.0250  0.0250  0.0250  0.0250  0.0250  0.0250  0.0250  0.0250  0.0250  0.0250  0.0250
  0.0250  0.0250  0.0250  0.0250  0.0250  0.0250  0.0250  0.0250  0.0250  0.0250  0.0250  0.0249
  0.0250  0.0250  0.0250  0.0250  0.0250  0.0250  0.0250  0.0250  0.0250  0.0250  0.0250  0.0250
  0.0252  0.0251  0.0251  0.0250  0.0251  0.0252  0.0251  0.0252  0.0251  0.0251  0.0250  0.0250
  0.0254  0.0253  0.0252  0.0252  0.0253  0.0254  0.0253  0.0256  0.0252  0.0254  0.0251  0.0251
niter,ni,del,rscale     1    3    5.0000    0.4000
parameters
    0.3957    9.1892   12.0955   -4.5251   -3.6023   -6.2601
    0.2497    2.6790    0.5929   18.4424   -7.1804  -31.4469
eta,q 0.97505  8.96709
  0.0253  0.0252  0.0251  0.0251  0.0252  0.0253  0.0252  0.0254  0.0251  0.0252  0.0250  0.0251
  0.0251  0.0251  0.0250  0.0250  0.0250  0.0251  0.0251  0.0251  0.0250  0.0251  0.0250  0.0250
  0.0250  0.0250  0.0250  0.0250  0.0250  0.0250  0.0250  0.0250  0.0250  0.0250  0.0250  0.0250
  0.0249  0.0249  0.0249  0.0249  0.0250  0.0250  0.0250  0.0250  0.0250  0.0250  0.0250  0.0249
  0.0250  0.0250  0.0250  0.0250  0.0250  0.0250  0.0250  0.0250  0.0250  0.0250  0.0250  0.0250
  0.0251  0.0251  0.0250  0.0250  0.0250  0.0251  0.0251  0.0251  0.0250  0.0251  0.0250  0.0250
  0.0253  0.0252  0.0251  0.0251  0.0252  0.0253  0.0252  0.0254  0.0251  0.0252  0.0250  0.0251
registration optimization eta report
parameter search radius
    0.8000    0.8000    0.8000    2.4000    2.4000    2.4000
    2.4000    2.4000    2.4000    2.4000    2.4000    2.4000
100000*second partial in parameter space
       50.       38.       24.        3.        4.        6.
        4.        7.        3.        5.        1.        2.
  0.0253  0.0252  0.0251  0.0251  0.0252  0.0253  0.0252  0.0254  0.0251  0.0252  0.0250  0.0251
  0.0251  0.0251  0.0250  0.0250  0.0250  0.0251  0.0251  0.0251  0.0250  0.0251  0.0250  0.0250
  0.0250  0.0250  0.0250  0.0250  0.0250  0.0250  0.0250  0.0250  0.0250  0.0250  0.0250  0.0250
  0.0249  0.0249  0.0249  0.0249  0.0250  0.0250  0.0250  0.0250  0.0250  0.0250  0.0250  0.0249
  0.0250  0.0250  0.0250  0.0250  0.0250  0.0250  0.0250  0.0250  0.0250  0.0250  0.0250  0.0250
  0.0251  0.0251  0.0250  0.0250  0.0250  0.0251  0.0251  0.0251  0.0250  0.0251  0.0250  0.0250
  0.0253  0.0252  0.0251  0.0251  0.0252  0.0253  0.0252  0.0254  0.0251  0.0252  0.0250  0.0251
    0.3957    9.1892   12.0955   -4.5251   -3.6023   -6.2601
    0.2497    2.6790    0.5929   18.4424   -7.1804  -31.4469
eta,q 0.97505  8.96709

---------------------------------------------------------------------
imgreg_4dfp /opt/freesurfer/average/711-2C_as_mni_average_305 /opt/freesurfer/average/711-2B_as_mni_average_305_mask talsrcimg_g11 none talsrcimg_to_711-2C_as_mni_average_305_t4 2311
---------------------------------------------------------------------

freesurfer imgreg_4dfp.c
/opt/freesurfer/average/711-2C_as_mni_average_305.4dfp.img
       256       256       256         1
  1.000000  1.000000  1.000000
orientation T byte_order littleendian
Reading image: /opt/freesurfer/average/711-2C_as_mni_average_305.4dfp.img
dimensions:      256       256       256
mmppix:       1.0000   -1.0000   -1.0000
center:     128.0000 -129.0000 -129.0000
/opt/freesurfer/average/711-2B_as_mni_average_305_mask.4dfp.img
       256       256       256         1
  1.000000  1.000000  1.000000
orientation T byte_order littleendian
Reading mask: /opt/freesurfer/average/711-2B_as_mni_average_305_mask.4dfp.img (2306576 pixels)
talsrcimg_g11.4dfp.img
       256       256       256         1
  1.000000  1.000000  1.000000
orientation T byte_order littleendian
Reading image: talsrcimg_g11.4dfp.img
dimensions:      256       256       256
mmppix:       1.0000   -1.0000   -1.0000
center:     128.0000 -129.0000 -129.0000
fimgreg.f
image alignment mode   2311 decimal      907 hex
parameters
    0.3957    9.1892   12.0955   -4.5251   -3.6023   -6.2601
    0.2497    2.6790    0.5929   18.4424   -7.1804  -31.4469
eta,q 0.97505  8.96710
niter,ni,del,rscale     5    3    5.0000    0.8000
parameters
    0.3905    9.2010   12.0915   -4.9516   -3.6093   -6.2146
    0.1970    2.6208    0.5509   18.4739   -7.2855  -31.4538
eta,q 0.97504  8.94910
  0.0262  0.0259  0.0256  0.0254  0.0258  0.0261  0.0259  0.0265  0.0257  0.0260  0.0252  0.0254
  0.0255  0.0254  0.0252  0.0252  0.0253  0.0255  0.0254  0.0257  0.0253  0.0254  0.0251  0.0252
  0.0251  0.0251  0.0250  0.0250  0.0250  0.0251  0.0251  0.0251  0.0250  0.0251  0.0250  0.0250
  0.0249  0.0249  0.0250  0.0250  0.0250  0.0250  0.0250  0.0250  0.0250  0.0250  0.0250  0.0250
  0.0251  0.0251  0.0250  0.0250  0.0251  0.0251  0.0251  0.0251  0.0250  0.0251  0.0250  0.0250
  0.0255  0.0254  0.0252  0.0252  0.0253  0.0255  0.0254  0.0257  0.0253  0.0254  0.0251  0.0252
  0.0262  0.0259  0.0256  0.0256  0.0258  0.0261  0.0260  0.0266  0.0257  0.0260  0.0252  0.0254
niter,ni,del,rscale     4    3    5.0000    0.7000
parameters
    0.3902    9.2101   12.1015   -4.8328   -3.6094   -6.2382
    0.2130    2.6374    0.5793   18.4591   -7.2465  -31.4424
eta,q 0.97505  8.95341
  0.0259  0.0257  0.0254  0.0253  0.0256  0.0259  0.0257  0.0262  0.0255  0.0257  0.0252  0.0253
  0.0254  0.0253  0.0252  0.0252  0.0252  0.0254  0.0253  0.0255  0.0252  0.0253  0.0250  0.0251
  0.0251  0.0250  0.0250  0.0250  0.0250  0.0251  0.0250  0.0251  0.0250  0.0250  0.0250  0.0250
  0.0250  0.0250  0.0250  0.0250  0.0250  0.0250  0.0250  0.0250  0.0249  0.0250  0.0250  0.0250
  0.0251  0.0250  0.0250  0.0250  0.0250  0.0251  0.0250  0.0251  0.0250  0.0250  0.0250  0.0250
  0.0254  0.0253  0.0252  0.0251  0.0252  0.0254  0.0253  0.0255  0.0252  0.0253  0.0250  0.0251
  0.0259  0.0257  0.0254  0.0253  0.0256  0.0259  0.0257  0.0262  0.0255  0.0258  0.0252  0.0253
niter,ni,del,rscale     3    3    5.0000    0.6000
parameters
    0.3935    9.1988   12.0998   -4.6892   -3.5993   -6.2403
    0.2254    2.6552    0.5770   18.4465   -7.2395  -31.4390
eta,q 0.97505  8.96031
  0.0257  0.0255  0.0253  0.0252  0.0254  0.0257  0.0255  0.0259  0.0254  0.0255  0.0251  0.0252
  0.0253  0.0252  0.0251  0.0251  0.0252  0.0253  0.0252  0.0254  0.0251  0.0252  0.0250  0.0251
  0.0250  0.0250  0.0250  0.0250  0.0250  0.0250  0.0250  0.0251  0.0250  0.0250  0.0250  0.0250
  0.0250  0.0250  0.0250  0.0250  0.0250  0.0250  0.0250  0.0250  0.0250  0.0250  0.0249  0.0249
  0.0250  0.0250  0.0250  0.0250  0.0250  0.0250  0.0250  0.0250  0.0250  0.0250  0.0250  0.0250
  0.0253  0.0252  0.0251  0.0251  0.0252  0.0253  0.0252  0.0253  0.0251  0.0252  0.0250  0.0251
  0.0257  0.0255  0.0253  0.0252  0.0254  0.0256  0.0255  0.0258  0.0254  0.0255  0.0251  0.0252
niter,ni,del,rscale     2    3    5.0000    0.5000
parameters
    0.3971    9.1935   12.0979   -4.5957   -3.6016   -6.2588
    0.2364    2.6701    0.5931   18.4505   -7.2250  -31.4519
eta,q 0.97505  8.96399
  0.0254  0.0253  0.0252  0.0252  0.0253  0.0254  0.0253  0.0256  0.0252  0.0254  0.0251  0.0251
  0.0252  0.0251  0.0251  0.0251  0.0251  0.0252  0.0251  0.0252  0.0251  0.0251  0.0250  0.0250
  0.0250  0.0250  0.0250  0.0250  0.0250  0.0250  0.0250  0.0250  0.0250  0.0250  0.0250  0.0250
  0.0249  0.0250  0.0249  0.0249  0.0250  0.0250  0.0250  0.0249  0.0250  0.0249  0.0249  0.0249
  0.0250  0.0250  0.0250  0.0250  0.0250  0.0250  0.0250  0.0250  0.0250  0.0250  0.0250  0.0250
  0.0252  0.0251  0.0251  0.0250  0.0251  0.0252  0.0251  0.0252  0.0251  0.0251  0.0250  0.0250
  0.0254  0.0253  0.0252  0.0252  0.0253  0.0254  0.0253  0.0256  0.0252  0.0254  0.0251  0.0251
niter,ni,del,rscale     1    3    5.0000    0.4000
parameters
    0.3971    9.1899   12.0966   -4.5271   -3.6065   -6.2670
    0.2468    2.6710    0.5950   18.4387   -7.1480  -31.4398
eta,q 0.97505  8.96633
  0.0253  0.0252  0.0251  0.0251  0.0252  0.0253  0.0252  0.0253  0.0251  0.0252  0.0250  0.0251
  0.0251  0.0251  0.0250  0.0250  0.0250  0.0251  0.0251  0.0251  0.0250  0.0251  0.0250  0.0250
  0.0250  0.0250  0.0250  0.0250  0.0250  0.0250  0.0250  0.0250  0.0250  0.0250  0.0250  0.0250
  0.0249  0.0249  0.0249  0.0249  0.0249  0.0249  0.0249  0.0250  0.0250  0.0250  0.0250  0.0249
  0.0250  0.0250  0.0250  0.0250  0.0250  0.0250  0.0250  0.0250  0.0250  0.0250  0.0250  0.0250
  0.0251  0.0251  0.0250  0.0250  0.0251  0.0251  0.0251  0.0251  0.0250  0.0251  0.0250  0.0250
  0.0253  0.0252  0.0251  0.0251  0.0252  0.0253  0.0252  0.0253  0.0251  0.0252  0.0250  0.0251
registration optimization eta report
parameter search radius
    0.8000    0.8000    0.8000    2.4000    2.4000    2.4000
    2.4000    2.4000    2.4000    2.4000    2.4000    2.4000
100000*second partial in parameter space
       50.       38.       24.        3.        4.        6.
        4.        7.        3.        5.        1.        2.
  0.0253  0.0252  0.0251  0.0251  0.0252  0.0253  0.0252  0.0253  0.0251  0.0252  0.0250  0.0251
  0.0251  0.0251  0.0250  0.0250  0.0250  0.0251  0.0251  0.0251  0.0250  0.0251  0.0250  0.0250
  0.0250  0.0250  0.0250  0.0250  0.0250  0.0250  0.0250  0.0250  0.0250  0.0250  0.0250  0.0250
  0.0249  0.0249  0.0249  0.0249  0.0249  0.0249  0.0249  0.0250  0.0250  0.0250  0.0250  0.0249
  0.0250  0.0250  0.0250  0.0250  0.0250  0.0250  0.0250  0.0250  0.0250  0.0250  0.0250  0.0250
  0.0251  0.0251  0.0250  0.0250  0.0251  0.0251  0.0251  0.0251  0.0250  0.0251  0.0250  0.0250
  0.0253  0.0252  0.0251  0.0251  0.0252  0.0253  0.0252  0.0253  0.0251  0.0252  0.0250  0.0251
    0.3971    9.1899   12.0966   -4.5271   -3.6065   -6.2670
    0.2468    2.6710    0.5950   18.4387   -7.1480  -31.4398
eta,q 0.97505  8.96633

---------------------------------------------------------------------
compute_vox2vox talsrcimg talsrcimg_to_711-2C_as_mni_average_305_t4 /opt/freesurfer/average/711-2C_as_mni_average_305
---------------------------------------------------------------------

freesurfer compute_vox2vox.c
Reading: talsrcimg.4dfp.ifh
Reading: talsrcimg_to_711-2C_as_mni_average_305_t4
Reading: /opt/freesurfer/average/711-2C_as_mni_average_305.4dfp.ifh
Writing: talsrcimg_to_711-2C_as_mni_average_305_t4_vox2vox.txt

start time Wed Mar 11 12:47:12 CET 2026
end		time Wed Mar 11 12:48:40 CET 2026

mpr2mni305 success

avi2talxfm orig_nu.mgz /opt/freesurfer/average/mni305.cor.mgz talsrcimg_to_711-2C_as_mni_average_305_t4_vox2vox.txt transforms/talairach.auto.xfm
avi2talxfm done
mv -f /out/sourcedata/freesurfer/sub-v2s17x50007_ses-1/mri/talsrcimg_to_711-2C_as_mni_average_305_t4_vox2vox.txt /out/sourcedata/freesurfer/sub-v2s17x50007_ses-1/mri/transforms/talsrcimg_to_711-2C_as_mni_average_305_t4_vox2vox.txt
lta_convert --src orig_nu.mgz --trg /opt/freesurfer/average/mni305.cor.mgz --inxfm transforms/talairach.auto.xfm --outlta transforms/talairach.auto.xfm.lta --subject fsaverage
7.3.2

--src: orig_nu.mgz src image (geometry).
--trg: /opt/freesurfer/average/mni305.cor.mgz trg image (geometry).
--inmni: transforms/talairach.auto.xfm input MNI/XFM transform.
--outlta: transforms/talairach.auto.xfm.lta output LTA.
--s: fsaverage subject name
 LTA read, type : 1
 1.04543  -0.02750  -0.01165   0.70271;
 0.07288   1.00062   0.32618  -6.42996;
-0.02039  -0.19123   0.97509   1.92654;
 0.00000   0.00000   0.00000   1.00000;
setting subject to fsaverage
Writing  LTA to file transforms/talairach.auto.xfm.lta...
lta_convert successful.
 
 
Started at Wed Mar 11 12:47:11 CET 2026
Ended   at Wed Mar 11 12:48:40 CET 2026
talairach_avi done
