status file for recon-all
Wed Mar 11 15:10:42 CET 2026
#@# Tessellate rh Wed Mar 11 15:10:42 CET 2026
#@# Smooth1 rh Wed Mar 11 15:10:45 CET 2026
#@# Inflation1 rh Wed Mar 11 15:10:47 CET 2026
#@# QSphere rh Wed Mar 11 15:11:01 CET 2026
#@# Fix Topology rh Wed Mar 11 15:11:54 CET 2026
#@# Smooth2 rh Wed Mar 11 15:24:27 CET 2026
#@# Inflation2 rh Wed Mar 11 15:24:29 CET 2026
#@# Curv .H and .K rh Wed Mar 11 15:24:40 CET 2026
#@# Sphere rh Wed Mar 11 15:25:19 CET 2026
#@# Surf Reg rh Wed Mar 11 15:27:15 CET 2026
#@# Jacobian white rh Wed Mar 11 15:29:57 CET 2026
#@# AvgCurv rh Wed Mar 11 15:29:58 CET 2026
#@# Cortical Parc rh Wed Mar 11 15:29:58 CET 2026
#@# white curv rh Wed Mar 11 15:35:30 CET 2026
#@# white area rh Wed Mar 11 15:35:32 CET 2026
#@# pial curv rh Wed Mar 11 15:35:32 CET 2026
#@# pial area rh Wed Mar 11 15:35:34 CET 2026
#@# thickness rh Wed Mar 11 15:35:34 CET 2026
#@# area and vertex vol rh Wed Mar 11 15:35:56 CET 2026
#@# Curvature Stats rh Wed Mar 11 15:35:57 CET 2026
#@# Cortical Parc 2 rh Wed Mar 11 15:35:58 CET 2026
#@# Cortical Parc 3 rh Wed Mar 11 15:36:08 CET 2026
#@# WM/GM Contrast rh Wed Mar 11 15:36:16 CET 2026
recon-all -s sub-v2s17x50031_ses-1 finished without error at Wed Mar 11 15:36:18 CET 2026



#New# invocation of recon-all 



status file for recon-all
Wed Mar 11 15:44:21 CET 2026
#@# white curv rh Wed Mar 11 15:44:21 CET 2026
#@# white area rh Wed Mar 11 15:44:21 CET 2026
#@# pial curv rh Wed Mar 11 15:44:21 CET 2026
#@# pial area rh Wed Mar 11 15:44:21 CET 2026
#@# thickness rh Wed Mar 11 15:44:21 CET 2026
#@# area and vertex vol rh Wed Mar 11 15:44:21 CET 2026
#@# Parcellation Stats rh Wed Mar 11 15:44:21 CET 2026
#@# Parcellation Stats 2 rh Wed Mar 11 15:44:36 CET 2026
#@# Parcellation Stats 3 rh Wed Mar 11 15:44:44 CET 2026
#@# BA_exvivo Labels rh Wed Mar 11 15:44:51 CET 2026
recon-all -s sub-v2s17x50031_ses-1 finished without error at Wed Mar 11 15:46:59 CET 2026
