status file for recon-all
Wed Mar 11 14:40:35 CET 2026
#@# Tessellate lh Wed Mar 11 14:40:35 CET 2026
#@# Smooth1 lh Wed Mar 11 14:40:38 CET 2026
#@# Inflation1 lh Wed Mar 11 14:40:40 CET 2026
#@# QSphere lh Wed Mar 11 14:40:53 CET 2026
#@# Fix Topology lh Wed Mar 11 14:41:47 CET 2026
#@# Smooth2 lh Wed Mar 11 14:57:19 CET 2026
#@# Inflation2 lh Wed Mar 11 14:57:21 CET 2026
#@# Curv .H and .K lh Wed Mar 11 14:57:34 CET 2026
#@# Sphere lh Wed Mar 11 14:58:15 CET 2026
#@# Surf Reg lh Wed Mar 11 15:00:52 CET 2026
#@# Jacobian white lh Wed Mar 11 15:04:06 CET 2026
#@# AvgCurv lh Wed Mar 11 15:04:07 CET 2026
#@# Cortical Parc lh Wed Mar 11 15:04:07 CET 2026
#@# white curv lh Wed Mar 11 15:09:47 CET 2026
#@# white area lh Wed Mar 11 15:09:48 CET 2026
#@# pial curv lh Wed Mar 11 15:09:49 CET 2026
#@# pial area lh Wed Mar 11 15:09:50 CET 2026
#@# thickness lh Wed Mar 11 15:09:51 CET 2026
#@# area and vertex vol lh Wed Mar 11 15:10:13 CET 2026
#@# Curvature Stats lh Wed Mar 11 15:10:14 CET 2026
#@# Cortical Parc 2 lh Wed Mar 11 15:10:16 CET 2026
#@# Cortical Parc 3 lh Wed Mar 11 15:10:27 CET 2026
#@# WM/GM Contrast lh Wed Mar 11 15:10:36 CET 2026
recon-all -s sub-v2s17x50031_ses-1 finished without error at Wed Mar 11 15:10:39 CET 2026



#New# invocation of recon-all 



status file for recon-all
Wed Mar 11 15:41:47 CET 2026
#@# white curv lh Wed Mar 11 15:41:47 CET 2026
#@# white area lh Wed Mar 11 15:41:47 CET 2026
#@# pial curv lh Wed Mar 11 15:41:47 CET 2026
#@# pial area lh Wed Mar 11 15:41:47 CET 2026
#@# thickness lh Wed Mar 11 15:41:47 CET 2026
#@# area and vertex vol lh Wed Mar 11 15:41:47 CET 2026
#@# Parcellation Stats lh Wed Mar 11 15:41:47 CET 2026
#@# Parcellation Stats 2 lh Wed Mar 11 15:42:03 CET 2026
#@# Parcellation Stats 3 lh Wed Mar 11 15:42:11 CET 2026
#@# BA_exvivo Labels lh Wed Mar 11 15:42:18 CET 2026
recon-all -s sub-v2s17x50031_ses-1 finished without error at Wed Mar 11 15:44:20 CET 2026
