status file for recon-all
Wed Mar 11 13:13:26 CET 2026
#@# MotionCor Wed Mar 11 13:13:29 CET 2026
#@# Talairach Wed Mar 11 13:13:35 CET 2026
#@# Talairach Failure Detection Wed Mar 11 13:16:29 CET 2026
#@# Nu Intensity Correction Wed Mar 11 13:16:29 CET 2026
#@# Intensity Normalization Wed Mar 11 13:19:18 CET 2026
recon-all -s sub-v2s17x50031_ses-1 finished without error at Wed Mar 11 13:20:21 CET 2026



#New# invocation of recon-all 



status file for recon-all
Wed Mar 11 13:26:25 CET 2026
#@# EM Registration Wed Mar 11 13:26:25 CET 2026
recon-all -s sub-v2s17x50031_ses-1 finished without error at Wed Mar 11 13:28:36 CET 2026



#New# invocation of recon-all 



status file for recon-all
Wed Mar 11 13:28:39 CET 2026
#@# CA Normalize Wed Mar 11 13:28:39 CET 2026
#@# CA Reg Wed Mar 11 13:29:32 CET 2026
#@# SubCort Seg Wed Mar 11 14:13:44 CET 2026
#@# CC Seg Wed Mar 11 14:36:19 CET 2026
#@# Merge ASeg Wed Mar 11 14:36:41 CET 2026
#@# Intensity Normalization2 Wed Mar 11 14:36:41 CET 2026
#@# Mask BFS Wed Mar 11 14:38:11 CET 2026
#@# WM Segmentation Wed Mar 11 14:38:12 CET 2026
#@# Fill Wed Mar 11 14:39:52 CET 2026
recon-all -s sub-v2s17x50031_ses-1 finished without error at Wed Mar 11 14:40:32 CET 2026



#New# invocation of recon-all 



status file for recon-all
Wed Mar 11 15:36:21 CET 2026
#@# white curv lh Wed Mar 11 15:36:21 CET 2026
#@# white area lh Wed Mar 11 15:36:21 CET 2026
#@# pial curv lh Wed Mar 11 15:36:21 CET 2026
#@# pial area lh Wed Mar 11 15:36:21 CET 2026
#@# thickness lh Wed Mar 11 15:36:21 CET 2026
#@# area and vertex vol lh Wed Mar 11 15:36:21 CET 2026
#@# white curv rh Wed Mar 11 15:36:21 CET 2026
#@# white area rh Wed Mar 11 15:36:21 CET 2026
#@# pial curv rh Wed Mar 11 15:36:21 CET 2026
#@# pial area rh Wed Mar 11 15:36:21 CET 2026
#@# thickness rh Wed Mar 11 15:36:21 CET 2026
#@# area and vertex vol rh Wed Mar 11 15:36:22 CET 2026
#@# Cortical ribbon mask Wed Mar 11 15:36:22 CET 2026
recon-all -s sub-v2s17x50031_ses-1 finished without error at Wed Mar 11 15:41:42 CET 2026



#New# invocation of recon-all 



status file for recon-all
Wed Mar 11 15:47:03 CET 2026
#@# white curv lh Wed Mar 11 15:47:03 CET 2026
#@# white area lh Wed Mar 11 15:47:03 CET 2026
#@# pial curv lh Wed Mar 11 15:47:04 CET 2026
#@# pial area lh Wed Mar 11 15:47:04 CET 2026
#@# thickness lh Wed Mar 11 15:47:04 CET 2026
#@# area and vertex vol lh Wed Mar 11 15:47:04 CET 2026
#@# white curv rh Wed Mar 11 15:47:04 CET 2026
#@# white area rh Wed Mar 11 15:47:04 CET 2026
#@# pial curv rh Wed Mar 11 15:47:04 CET 2026
#@# pial area rh Wed Mar 11 15:47:04 CET 2026
#@# thickness rh Wed Mar 11 15:47:04 CET 2026
#@# area and vertex vol rh Wed Mar 11 15:47:04 CET 2026
#@# Curvature Stats lh Wed Mar 11 15:47:04 CET 2026
#@# Curvature Stats rh Wed Mar 11 15:47:05 CET 2026
#@# Relabel Hypointensities Wed Mar 11 15:47:07 CET 2026
#@# APas-to-ASeg Wed Mar 11 15:47:18 CET 2026
#@# AParc-to-ASeg aparc Wed Mar 11 15:47:24 CET 2026
#@# AParc-to-ASeg aparc.a2009s Wed Mar 11 15:47:48 CET 2026
#@# AParc-to-ASeg aparc.DKTatlas Wed Mar 11 15:48:11 CET 2026
#@# WMParc Wed Mar 11 15:48:37 CET 2026
#@# ASeg Stats Wed Mar 11 15:50:29 CET 2026
recon-all -s sub-v2s17x50031_ses-1 finished without error at Wed Mar 11 15:50:49 CET 2026
