status file for recon-all
Wed Mar 11 14:59:55 CET 2026
#@# Tessellate rh Wed Mar 11 14:59:55 CET 2026
#@# Smooth1 rh Wed Mar 11 14:59:57 CET 2026
#@# Inflation1 rh Wed Mar 11 14:59:59 CET 2026
#@# QSphere rh Wed Mar 11 15:00:10 CET 2026
#@# Fix Topology rh Wed Mar 11 15:00:49 CET 2026
#@# Smooth2 rh Wed Mar 11 15:07:36 CET 2026
#@# Inflation2 rh Wed Mar 11 15:07:38 CET 2026
#@# Curv .H and .K rh Wed Mar 11 15:07:49 CET 2026
#@# Sphere rh Wed Mar 11 15:08:22 CET 2026
#@# Surf Reg rh Wed Mar 11 15:11:49 CET 2026
#@# Jacobian white rh Wed Mar 11 15:16:37 CET 2026
#@# AvgCurv rh Wed Mar 11 15:16:37 CET 2026
#@# Cortical Parc rh Wed Mar 11 15:16:38 CET 2026
#@# white curv rh Wed Mar 11 15:21:07 CET 2026
#@# white area rh Wed Mar 11 15:21:08 CET 2026
#@# pial curv rh Wed Mar 11 15:21:09 CET 2026
#@# pial area rh Wed Mar 11 15:21:10 CET 2026
#@# thickness rh Wed Mar 11 15:21:11 CET 2026
#@# area and vertex vol rh Wed Mar 11 15:21:29 CET 2026
#@# Curvature Stats rh Wed Mar 11 15:21:30 CET 2026
#@# Cortical Parc 2 rh Wed Mar 11 15:21:31 CET 2026
#@# Cortical Parc 3 rh Wed Mar 11 15:21:40 CET 2026
#@# WM/GM Contrast rh Wed Mar 11 15:21:47 CET 2026
recon-all -s sub-v2s17x50049_ses-1 finished without error at Wed Mar 11 15:21:49 CET 2026



#New# invocation of recon-all 



status file for recon-all
Wed Mar 11 15:26:12 CET 2026
#@# white curv rh Wed Mar 11 15:26:12 CET 2026
#@# white area rh Wed Mar 11 15:26:12 CET 2026
#@# pial curv rh Wed Mar 11 15:26:12 CET 2026
#@# pial area rh Wed Mar 11 15:26:12 CET 2026
#@# thickness rh Wed Mar 11 15:26:12 CET 2026
#@# area and vertex vol rh Wed Mar 11 15:26:12 CET 2026
#@# Parcellation Stats rh Wed Mar 11 15:26:12 CET 2026
#@# Parcellation Stats 2 rh Wed Mar 11 15:26:24 CET 2026
#@# Parcellation Stats 3 rh Wed Mar 11 15:26:30 CET 2026
#@# BA_exvivo Labels rh Wed Mar 11 15:26:36 CET 2026
recon-all -s sub-v2s17x50049_ses-1 finished without error at Wed Mar 11 15:28:23 CET 2026
