status file for recon-all
Wed Mar 11 13:17:33 CET 2026
#@# MotionCor Wed Mar 11 13:17:35 CET 2026
#@# Talairach Wed Mar 11 13:17:42 CET 2026
#@# Talairach Failure Detection Wed Mar 11 13:20:32 CET 2026
#@# Nu Intensity Correction Wed Mar 11 13:20:32 CET 2026
#@# Intensity Normalization Wed Mar 11 13:23:20 CET 2026
recon-all -s sub-v2s17x50049_ses-1 finished without error at Wed Mar 11 13:24:16 CET 2026



#New# invocation of recon-all 



status file for recon-all
Wed Mar 11 13:30:09 CET 2026
#@# EM Registration Wed Mar 11 13:30:09 CET 2026
recon-all -s sub-v2s17x50049_ses-1 finished without error at Wed Mar 11 13:32:11 CET 2026



#New# invocation of recon-all 



status file for recon-all
Wed Mar 11 13:32:13 CET 2026
#@# CA Normalize Wed Mar 11 13:32:13 CET 2026
#@# CA Reg Wed Mar 11 13:33:12 CET 2026
#@# SubCort Seg Wed Mar 11 14:15:01 CET 2026
#@# CC Seg Wed Mar 11 14:34:16 CET 2026
#@# Merge ASeg Wed Mar 11 14:34:35 CET 2026
#@# Intensity Normalization2 Wed Mar 11 14:34:35 CET 2026
#@# Mask BFS Wed Mar 11 14:36:02 CET 2026
#@# WM Segmentation Wed Mar 11 14:36:03 CET 2026
#@# Fill Wed Mar 11 14:37:31 CET 2026
recon-all -s sub-v2s17x50049_ses-1 finished without error at Wed Mar 11 14:38:12 CET 2026



#New# invocation of recon-all 



status file for recon-all
Wed Mar 11 15:21:54 CET 2026
#@# white curv lh Wed Mar 11 15:21:54 CET 2026
#@# white area lh Wed Mar 11 15:21:54 CET 2026
#@# pial curv lh Wed Mar 11 15:21:54 CET 2026
#@# pial area lh Wed Mar 11 15:21:54 CET 2026
#@# thickness lh Wed Mar 11 15:21:54 CET 2026
#@# area and vertex vol lh Wed Mar 11 15:21:54 CET 2026
#@# white curv rh Wed Mar 11 15:21:54 CET 2026
#@# white area rh Wed Mar 11 15:21:54 CET 2026
#@# pial curv rh Wed Mar 11 15:21:54 CET 2026
#@# pial area rh Wed Mar 11 15:21:54 CET 2026
#@# thickness rh Wed Mar 11 15:21:54 CET 2026
#@# area and vertex vol rh Wed Mar 11 15:21:54 CET 2026
#@# Cortical ribbon mask Wed Mar 11 15:21:54 CET 2026
recon-all -s sub-v2s17x50049_ses-1 finished without error at Wed Mar 11 15:23:55 CET 2026



#New# invocation of recon-all 



status file for recon-all
Wed Mar 11 15:28:28 CET 2026
#@# white curv lh Wed Mar 11 15:28:28 CET 2026
#@# white area lh Wed Mar 11 15:28:28 CET 2026
#@# pial curv lh Wed Mar 11 15:28:28 CET 2026
#@# pial area lh Wed Mar 11 15:28:28 CET 2026
#@# thickness lh Wed Mar 11 15:28:28 CET 2026
#@# area and vertex vol lh Wed Mar 11 15:28:28 CET 2026
#@# white curv rh Wed Mar 11 15:28:28 CET 2026
#@# white area rh Wed Mar 11 15:28:28 CET 2026
#@# pial curv rh Wed Mar 11 15:28:28 CET 2026
#@# pial area rh Wed Mar 11 15:28:28 CET 2026
#@# thickness rh Wed Mar 11 15:28:28 CET 2026
#@# area and vertex vol rh Wed Mar 11 15:28:28 CET 2026
#@# Curvature Stats lh Wed Mar 11 15:28:28 CET 2026
#@# Curvature Stats rh Wed Mar 11 15:28:30 CET 2026
#@# Relabel Hypointensities Wed Mar 11 15:28:31 CET 2026
#@# APas-to-ASeg Wed Mar 11 15:28:41 CET 2026
#@# AParc-to-ASeg aparc Wed Mar 11 15:28:46 CET 2026
#@# AParc-to-ASeg aparc.a2009s Wed Mar 11 15:29:06 CET 2026
#@# AParc-to-ASeg aparc.DKTatlas Wed Mar 11 15:29:28 CET 2026
#@# WMParc Wed Mar 11 15:29:49 CET 2026
#@# ASeg Stats Wed Mar 11 15:31:43 CET 2026
recon-all -s sub-v2s17x50049_ses-1 finished without error at Wed Mar 11 15:32:03 CET 2026
