status file for recon-all
Wed Mar 11 14:38:17 CET 2026
#@# Tessellate lh Wed Mar 11 14:38:17 CET 2026
#@# Smooth1 lh Wed Mar 11 14:38:20 CET 2026
#@# Inflation1 lh Wed Mar 11 14:38:22 CET 2026
#@# QSphere lh Wed Mar 11 14:38:34 CET 2026
#@# Fix Topology lh Wed Mar 11 14:39:39 CET 2026
#@# Smooth2 lh Wed Mar 11 14:48:36 CET 2026
#@# Inflation2 lh Wed Mar 11 14:48:38 CET 2026
#@# Curv .H and .K lh Wed Mar 11 14:48:48 CET 2026
#@# Sphere lh Wed Mar 11 14:49:21 CET 2026
#@# Surf Reg lh Wed Mar 11 14:51:58 CET 2026
#@# Jacobian white lh Wed Mar 11 14:54:38 CET 2026
#@# AvgCurv lh Wed Mar 11 14:54:39 CET 2026
#@# Cortical Parc lh Wed Mar 11 14:54:39 CET 2026
#@# white curv lh Wed Mar 11 14:59:12 CET 2026
#@# white area lh Wed Mar 11 14:59:13 CET 2026
#@# pial curv lh Wed Mar 11 14:59:13 CET 2026
#@# pial area lh Wed Mar 11 14:59:15 CET 2026
#@# thickness lh Wed Mar 11 14:59:15 CET 2026
#@# area and vertex vol lh Wed Mar 11 14:59:31 CET 2026
#@# Curvature Stats lh Wed Mar 11 14:59:32 CET 2026
#@# Cortical Parc 2 lh Wed Mar 11 14:59:34 CET 2026
#@# Cortical Parc 3 lh Wed Mar 11 14:59:43 CET 2026
#@# WM/GM Contrast lh Wed Mar 11 14:59:50 CET 2026
recon-all -s sub-v2s17x50049_ses-1 finished without error at Wed Mar 11 14:59:52 CET 2026



#New# invocation of recon-all 



status file for recon-all
Wed Mar 11 15:24:00 CET 2026
#@# white curv lh Wed Mar 11 15:24:00 CET 2026
#@# white area lh Wed Mar 11 15:24:00 CET 2026
#@# pial curv lh Wed Mar 11 15:24:00 CET 2026
#@# pial area lh Wed Mar 11 15:24:00 CET 2026
#@# thickness lh Wed Mar 11 15:24:00 CET 2026
#@# area and vertex vol lh Wed Mar 11 15:24:00 CET 2026
#@# Parcellation Stats lh Wed Mar 11 15:24:00 CET 2026
#@# Parcellation Stats 2 lh Wed Mar 11 15:24:12 CET 2026
#@# Parcellation Stats 3 lh Wed Mar 11 15:24:18 CET 2026
#@# BA_exvivo Labels lh Wed Mar 11 15:24:24 CET 2026
recon-all -s sub-v2s17x50049_ses-1 finished without error at Wed Mar 11 15:26:11 CET 2026
