/out/sourcedata/freesurfer/sub-v2s17x50038_ses-1/mri
/opt/freesurfer/bin/talairach_avi
--i orig_nu.mgz --xfm transforms/talairach.auto.xfm
talairach_avi 7.3.2
Linux dna017 5.14.0-427.37.1.el9_4.x86_64 #1 SMP PREEMPT_DYNAMIC Fri Sep 13 12:41:50 EDT 2024 x86_64 x86_64 x86_64 GNU/Linux
Wed Mar 11 13:21:11 CET 2026
mri_convert orig_nu.mgz talsrcimg.img 
reading from orig_nu.mgz...
TR=0.00, TE=0.00, TI=0.00, flip angle=0.00
i_ras = (-1, 0, 0)
j_ras = (0, 0, -1)
k_ras = (0, 1, 0)
writing to talsrcimg.img...
Analyze Output Matrix
-1.00000   0.00000   0.00000   127.51466;
 0.00000   0.00000   1.00000  -132.31731;
 0.00000  -1.00000   0.00000   116.81491;
 0.00000   0.00000   0.00000   1.00000;
--------------------
INFO: set hdr.hist.orient to -1
mpr2mni305 talsrcimg
Wed Mar 11 13:21:12 CET 2026
/opt/freesurfer/bin/mpr2mni305 talsrcimg
mpr2mni305 7.3.2
target=711-2C_as_mni_average_305

---------------------------------------------------------------------
analyzeto4dfp talsrcimg -O0 -y
---------------------------------------------------------------------

freesurfer ifh2hdr.c
Wed Mar 11 13:21:12 2026
Writing: talsrcimg.4dfp.hdr
freesurfer analyzeto4dfp.c
Reading: talsrcimg.hdr
header size 348 bytes
hdr.dime.datatype	offset=70	value=2
hdr.dime.bitpix		offset=72	value=8
hdr.hist.orient		offset=252	value=-1
dimensionality     4
dimensions       256       256       256         1
Reading: talsrcimg.img
Writing: talsrcimg.4dfp.img
Writing: talsrcimg.4dfp.ifh
ifh2hdr talsrcimg -r0to229
ori=2

---------------------------------------------------------------------
gauss_4dfp talsrcimg 1.1
---------------------------------------------------------------------

freesurfer gauss_4dfp.c
Reading: talsrcimg.4dfp.img
Writing: talsrcimg_g11.4dfp.img
image dimensions 256 256 256 padded to 288 288 288
processing volume 1freesurfer ifh2hdr.c
Wed Mar 11 13:21:14 2026
Writing: talsrcimg_g11.4dfp.hdr

Writing: talsrcimg_g11.4dfp.ifh
including: talsrcimg.4dfp.img.rec in talsrcimg_g11.4dfp.img.rec

---------------------------------------------------------------------
imgreg_4dfp /opt/freesurfer/average/711-2C_as_mni_average_305 none talsrcimg_g11 none talsrcimg_to_711-2C_as_mni_average_305_t4 4355
---------------------------------------------------------------------

freesurfer imgreg_4dfp.c
/opt/freesurfer/average/711-2C_as_mni_average_305.4dfp.img
       256       256       256         1
  1.000000  1.000000  1.000000
orientation T byte_order littleendian
Reading image: /opt/freesurfer/average/711-2C_as_mni_average_305.4dfp.img
dimensions:      256       256       256
mmppix:       1.0000   -1.0000   -1.0000
center:     128.0000 -129.0000 -129.0000
talsrcimg_g11.4dfp.img
       256       256       256         1
  1.000000  1.000000  1.000000
orientation T byte_order littleendian
Reading image: talsrcimg_g11.4dfp.img
dimensions:      256       256       256
mmppix:       1.0000   -1.0000   -1.0000
center:     128.0000 -129.0000 -129.0000
t4_read: open error in t4_sub.f l:  41 t4_file(1:l)talsrcimg_to_711-2C_as_mni_average_305_t4 
t4_read: transform initialized to I4
rotation matrix determinant  1.000000
image alignment mode   4355 decimal     1103 hex
   -7.5000  -45.0000  -45.0000 8730.4287   13.1951
    0.0000  -45.0000  -45.0000 9095.4111   13.1780
    7.5000  -45.0000  -45.0000 8715.3799   13.1737
   -7.5000  -37.5000  -45.0000 9198.7861   13.1536
    0.0000  -37.5000  -45.0000 9564.1797   13.1369
    7.5000  -37.5000  -45.0000 9167.2852   13.1264
   -7.5000  -30.0000  -45.0000 9960.6582   13.0930
    0.0000  -30.0000  -45.000010351.3174   13.0776
    7.5000  -30.0000  -45.0000 9921.5264   13.0636
   -7.5000  -22.5000  -45.000010631.3164   13.0292
    0.0000  -22.5000  -45.000011054.2217   13.0146
    7.5000  -22.5000  -45.000010581.6143   13.0037
   -7.5000  -15.0000  -45.000011199.1113   12.9763
    0.0000  -15.0000  -45.000011655.0186   12.9608
    7.5000  -15.0000  -45.000011138.9043   12.9552
   -7.5000   -7.5000  -45.000011709.9570   12.9440
    0.0000   -7.5000  -45.000012199.2129   12.9269
    7.5000   -7.5000  -45.000011657.4463   12.9240
   -7.5000    0.0000  -45.000012130.3428   12.9327
    0.0000    0.0000  -45.000012659.8428   12.9152
    7.5000    0.0000  -45.000012075.8291   12.9100
   -7.5000    7.5000  -45.000011600.7227   12.9517
    0.0000    7.5000  -45.000012094.1670   12.9348
    7.5000    7.5000  -45.000011533.5684   12.9238
   -7.5000   15.0000  -45.000010983.7949   12.9829
    0.0000   15.0000  -45.000011433.9580   12.9674
    7.5000   15.0000  -45.000010906.3682   12.9531
   -7.5000   22.5000  -45.000010268.9639   13.0403
    0.0000   22.5000  -45.000010683.7129   13.0253
    7.5000   22.5000  -45.000010166.1602   13.0142
   -7.5000   30.0000  -45.0000 9525.1523   12.9746
    0.0000   30.0000  -45.0000 9906.2119   12.9578
    7.5000   30.0000  -45.0000 9428.6016   12.9517
   -7.5000   37.5000  -45.0000 9093.0498   13.1244
    0.0000   37.5000  -45.0000 9455.2705   13.1066
    7.5000   37.5000  -45.0000 8991.9102   13.1028
   -7.5000   45.0000  -45.0000 8338.1426   12.9991
    0.0000   45.0000  -45.0000 8666.7695   12.9803
    7.5000   45.0000  -45.0000 8226.6426   12.9741
   -7.5000  -45.0000  -37.5000 9310.4590   13.1845
    0.0000  -45.0000  -37.5000 9702.0020   13.1624
    7.5000  -45.0000  -37.5000 9296.6709   13.1569
   -7.5000  -37.5000  -37.5000 9797.1396   13.1397
    0.0000  -37.5000  -37.500010197.5947   13.1192
    7.5000  -37.5000  -37.5000 9767.9297   13.1093
   -7.5000  -30.0000  -37.500010614.0713   13.0761
    0.0000  -30.0000  -37.500011061.4736   13.0593
    7.5000  -30.0000  -37.500010558.8477   13.0458
   -7.5000  -22.5000  -37.500011326.6094   13.0123
    0.0000  -22.5000  -37.500011826.8760   12.9976
    7.5000  -22.5000  -37.500011259.3828   12.9852
   -7.5000  -15.0000  -37.500011920.4834   12.9603
    0.0000  -15.0000  -37.500012437.6396   12.9438
    7.5000  -15.0000  -37.500011848.8525   12.9352
   -7.5000   -7.5000  -37.500012438.8467   12.9282
    0.0000   -7.5000  -37.500012963.7656   12.9077
    7.5000   -7.5000  -37.500012369.4824   12.9021
   -7.5000    0.0000  -37.500012864.0332   12.9154
    0.0000    0.0000  -37.500013429.7559   12.8928
    7.5000    0.0000  -37.500012808.6084   12.8865
   -7.5000    7.5000  -37.500012293.5303   12.9313
    0.0000    7.5000  -37.500012830.1719   12.9107
    7.5000    7.5000  -37.500012230.1924   12.9002
   -7.5000   15.0000  -37.500011623.6543   12.9598
    0.0000   15.0000  -37.500012109.7070   12.9429
    7.5000   15.0000  -37.500011546.2891   12.9291
   -7.5000   22.5000  -37.500010832.0029   13.0189
    0.0000   22.5000  -37.500011287.7988   13.0040
    7.5000   22.5000  -37.500010748.1797   12.9913
   -7.5000   30.0000  -37.500010013.4180   12.9569
    0.0000   30.0000  -37.500010415.5400   12.9392
    7.5000   30.0000  -37.5000 9913.2471   12.9299
   -7.5000   37.5000  -37.5000 9530.6533   13.1084
    0.0000   37.5000  -37.5000 9926.3574   13.0876
    7.5000   37.5000  -37.5000 9424.9248   13.0806
   -7.5000   45.0000  -37.5000 8717.6299   12.9840
    0.0000   45.0000  -37.5000 9085.0186   12.9620
    7.5000   45.0000  -37.5000 8628.0586   12.9549
   -7.5000  -45.0000  -30.000010077.7061   13.6940
    0.0000  -45.0000  -30.000010522.8057   13.6731
    7.5000  -45.0000  -30.000010061.0635   13.6704
   -7.5000  -37.5000  -30.000010602.5938   13.6402
    0.0000  -37.5000  -30.000011043.6611   13.6226
    7.5000  -37.5000  -30.000010553.6768   13.6172
   -7.5000  -30.0000  -30.000011449.9160   13.5696
    0.0000  -30.0000  -30.000011958.4170   13.5573
    7.5000  -30.0000  -30.000011393.9092   13.5487
   -7.5000  -22.5000  -30.000012216.8867   13.5047
    0.0000  -22.5000  -30.000012746.8574   13.4944
    7.5000  -22.5000  -30.000012155.0420   13.4851
   -7.5000  -15.0000  -30.000012852.8799   13.4535
    0.0000  -15.0000  -30.000013393.7441   13.4400
    7.5000  -15.0000  -30.000012787.7598   13.4329
   -7.5000   -7.5000  -30.000013377.5986   13.4202
    0.0000   -7.5000  -30.000013950.5361   13.4010
    7.5000   -7.5000  -30.000013294.1475   13.3967
   -7.5000    0.0000  -30.000013822.4932   13.4032
    0.0000    0.0000  -30.000014424.0537   13.3817
    7.5000    0.0000  -30.000013720.8945   13.3780
   -7.5000    7.5000  -30.000013206.9287   13.4151
    0.0000    7.5000  -30.000013782.2227   13.3972
    7.5000    7.5000  -30.000013101.7627   13.3910
   -7.5000   15.0000  -30.000012453.8506   13.4423
    0.0000   15.0000  -30.000012993.5645   13.4297
    7.5000   15.0000  -30.000012364.7793   13.4206
   -7.5000   22.5000  -30.000011593.5156   13.5056
    0.0000   22.5000  -30.000012105.1504   13.4952
    7.5000   22.5000  -30.000011492.7500   13.4855
   -7.5000   30.0000  -30.000010700.5586   13.4485
    0.0000   30.0000  -30.000011148.1621   13.4340
    7.5000   30.0000  -30.000010586.3574   13.4261
   -7.5000   37.5000  -30.000010130.5801   13.6057
    0.0000   37.5000  -30.000010565.1055   13.5871
    7.5000   37.5000  -30.000010030.3174   13.5811
   -7.5000   45.0000  -30.0000 9255.0742   13.4848
    0.0000   45.0000  -30.0000 9652.4707   13.4654
    7.5000   45.0000  -30.0000 9167.1230   13.4614
   -7.5000  -45.0000  -22.500010778.2598   14.1238
    0.0000  -45.0000  -22.500011287.2822   14.1103
    7.5000  -45.0000  -22.500010786.7861   14.1129
   -7.5000  -37.5000  -22.500011321.6953   14.0647
    0.0000  -37.5000  -22.500011835.1328   14.0551
    7.5000  -37.5000  -22.500011293.9180   14.0554
   -7.5000  -30.0000  -22.500012247.9941   13.9912
    0.0000  -30.0000  -22.500012788.9512   13.9862
    7.5000  -30.0000  -22.500012188.5879   13.9838
   -7.5000  -22.5000  -22.500013068.3457   13.9262
    0.0000  -22.5000  -22.500013628.4268   13.9219
    7.5000  -22.5000  -22.500012975.9629   13.9189
   -7.5000  -15.0000  -22.500013716.0732   13.8752
    0.0000  -15.0000  -22.500014303.2832   13.8669
    7.5000  -15.0000  -22.500013630.7783   13.8655
   -7.5000   -7.5000  -22.500014260.0449   13.8397
    0.0000   -7.5000  -22.500014890.7666   13.8261
    7.5000   -7.5000  -22.500014158.4834   13.8270
   -7.5000    0.0000  -22.500014717.0215   13.8188
    0.0000    0.0000  -22.500015372.2441   13.8043
    7.5000    0.0000  -22.500014585.5693   13.8055
   -7.5000    7.5000  -22.500014032.3535   13.8293
    0.0000    7.5000  -22.500014652.8906   13.8190
    7.5000    7.5000  -22.500013908.2881   13.8182
   -7.5000   15.0000  -22.500013217.9238   13.8583
    0.0000   15.0000  -22.500013823.5615   13.8527
    7.5000   15.0000  -22.500013107.9980   13.8496
   -7.5000   22.5000  -22.500012270.4590   13.9249
    0.0000   22.5000  -22.500012836.0830   13.9203
    7.5000   22.5000  -22.500012165.3916   13.9167
   -7.5000   30.0000  -22.500011302.1924   13.8704
    0.0000   30.0000  -22.500011801.8154   13.8612
    7.5000   30.0000  -22.500011199.8037   13.8590
   -7.5000   37.5000  -22.500010682.8340   14.0294
    0.0000   37.5000  -22.500011144.2803   14.0169
    7.5000   37.5000  -22.500010584.6338   14.0164
   -7.5000   45.0000  -22.5000 9747.4512   13.9104
    0.0000   45.0000  -22.500010175.5557   13.8978
    7.5000   45.0000  -22.5000 9663.7510   13.8990
   -7.5000  -45.0000  -15.000011490.9395   14.4454
    0.0000  -45.0000  -15.000012021.7686   14.4367
    7.5000  -45.0000  -15.000011489.4004   14.4416
   -7.5000  -37.5000  -15.000012049.4941   14.3874
    0.0000  -37.5000  -15.000012596.1523   14.3818
    7.5000  -37.5000  -15.000012031.0957   14.3830
   -7.5000  -30.0000  -15.000013006.9131   14.3150
    0.0000  -30.0000  -15.000013584.0283   14.3123
    7.5000  -30.0000  -15.000012960.4092   14.3108
   -7.5000  -22.5000  -15.000013836.1025   14.2479
    0.0000  -22.5000  -15.000014449.3838   14.2447
    7.5000  -22.5000  -15.000013768.2324   14.2443
   -7.5000  -15.0000  -15.000014532.4258   14.1939
    0.0000  -15.0000  -15.000015159.4795   14.1870
    7.5000  -15.0000  -15.000014439.1982   14.1892
   -7.5000   -7.5000  -15.000015109.5586   14.1555
    0.0000   -7.5000  -15.000015776.3516   14.1449
    7.5000   -7.5000  -15.000014987.1836   14.1491
   -7.5000    0.0000  -15.000015581.8896   14.1331
    0.0000    0.0000  -15.000016282.6660   14.1232
    7.5000    0.0000  -15.000015425.5547   14.1266
   -7.5000    7.5000  -15.000014827.8525   14.1465
    0.0000    7.5000  -15.000015502.9580   14.1401
    7.5000    7.5000  -15.000014698.2598   14.1402
   -7.5000   15.0000  -15.000013935.6621   14.1793
    0.0000   15.0000  -15.000014588.5781   14.1761
    7.5000   15.0000  -15.000013843.8066   14.1738
   -7.5000   22.5000  -15.000012904.0625   14.2459
    0.0000   22.5000  -15.000013512.2715   14.2423
    7.5000   22.5000  -15.000012810.8896   14.2413
   -7.5000   30.0000  -15.000011849.6475   14.1900
    0.0000   30.0000  -15.000012401.6650   14.1821
    7.5000   30.0000  -15.000011767.8730   14.1836
   -7.5000   37.5000  -15.000011214.5830   14.3486
    0.0000   37.5000  -15.000011724.7598   14.3388
    7.5000   37.5000  -15.000011115.0117   14.3422
   -7.5000   45.0000  -15.000010222.7617   14.2312
    0.0000   45.0000  -15.000010682.8906   14.2213
    7.5000   45.0000  -15.000010122.7305   14.2245
   -7.5000  -45.0000   -7.500012205.4365   14.6252
    0.0000  -45.0000   -7.500012802.3652   14.6140
    7.5000  -45.0000   -7.500012227.3916   14.6149
   -7.5000  -37.5000   -7.500012797.0791   14.5718
    0.0000  -37.5000   -7.500013424.2676   14.5617
    7.5000  -37.5000   -7.500012799.2549   14.5566
   -7.5000  -30.0000   -7.500013777.2041   14.5005
    0.0000  -30.0000   -7.500014438.3604   14.4914
    7.5000  -30.0000   -7.500013769.4736   14.4831
   -7.5000  -22.5000   -7.500014629.1826   14.4281
    0.0000  -22.5000   -7.500015318.3945   14.4187
    7.5000  -22.5000   -7.500014600.7080   14.4134
   -7.5000  -15.0000   -7.500015364.9961   14.3679
    0.0000  -15.0000   -7.500016057.6162   14.3563
    7.5000  -15.0000   -7.500015301.4795   14.3561
   -7.5000   -7.5000   -7.500015968.1279   14.3275
    0.0000   -7.5000   -7.500016701.0820   14.3143
    7.5000   -7.5000   -7.500015875.3008   14.3163
   -7.5000    0.0000   -7.500016455.7188   14.3080
    0.0000    0.0000   -7.500017237.7969   14.2957
    7.5000    0.0000   -7.500016322.5449   14.2953
   -7.5000    7.5000   -7.500015614.2939   14.3271
    0.0000    7.5000   -7.500016381.3926   14.3164
    7.5000    7.5000   -7.500015519.8672   14.3105
   -7.5000   15.0000   -7.500014628.9775   14.3627
    0.0000   15.0000   -7.500015351.4717   14.3533
    7.5000   15.0000   -7.500014560.5635   14.3444
   -7.5000   22.5000   -7.500013547.3066   14.4245
    0.0000   22.5000   -7.500014212.1436   14.4145
    7.5000   22.5000   -7.500013491.7012   14.4088
   -7.5000   30.0000   -7.500012408.6650   14.3635
    0.0000   30.0000   -7.500013010.6309   14.3508
    7.5000   30.0000   -7.500012362.4199   14.3499
   -7.5000   37.5000   -7.500011746.9932   14.5229
    0.0000   37.5000   -7.500012295.1299   14.5096
    7.5000   37.5000   -7.500011672.3525   14.5109
   -7.5000   45.0000   -7.500010690.3447   14.4078
    0.0000   45.0000   -7.500011187.9590   14.3940
    7.5000   45.0000   -7.500010611.7607   14.3928
   -7.5000  -45.0000    0.000012844.4404   14.6681
    0.0000  -45.0000    0.000013487.3584   14.6497
    7.5000  -45.0000    0.000012862.2471   14.6455
   -7.5000  -37.5000    0.000013437.4717   14.6165
    0.0000  -37.5000    0.000014129.3877   14.5984
    7.5000  -37.5000    0.000013474.2734   14.5875
   -7.5000  -30.0000    0.000014457.1797   14.5442
    0.0000  -30.0000    0.000015186.4941   14.5275
    7.5000  -30.0000    0.000014489.2529   14.5127
   -7.5000  -22.5000    0.000015378.4844   14.4684
    0.0000  -22.5000    0.000016112.4619   14.4526
    7.5000  -22.5000    0.000015379.0234   14.4412
   -7.5000  -15.0000    0.000016160.8662   14.4050
    0.0000  -15.0000    0.000016955.1289   14.3881
    7.5000  -15.0000    0.000016130.5664   14.3826
   -7.5000   -7.5000    0.000016807.4141   14.3649
    0.0000   -7.5000    0.000017605.7246   14.3462
    7.5000   -7.5000    0.000016736.8457   14.3436
   -7.5000    0.0000    0.000017262.6660   14.3488
    0.0000    0.0000    0.000018063.3848   14.3296
    7.5000    0.0000    0.000017199.3379   14.3244
   -7.5000    7.5000    0.000016349.2168   14.3703
    0.0000    7.5000    0.000017131.6777   14.3518
    7.5000    7.5000    0.000016326.4971   14.3403
   -7.5000   15.0000    0.000015269.2725   14.4054
    0.0000   15.0000    0.000016044.9521   14.3885
    7.5000   15.0000    0.000015266.2021   14.3734
   -7.5000   22.5000    0.000014139.9756   14.4647
    0.0000   22.5000    0.000014858.2266   14.4484
    7.5000   22.5000    0.000014123.4111   14.4367
   -7.5000   30.0000    0.000012958.8125   14.4018
    0.0000   30.0000    0.000013610.8682   14.3834
    7.5000   30.0000    0.000012933.2832   14.3773
   -7.5000   37.5000    0.000012278.1680   14.5638
    0.0000   37.5000    0.000012836.7002   14.5444
    7.5000   37.5000    0.000012197.9102   14.5406
   -7.5000   45.0000    0.000011141.9961   14.4508
    0.0000   45.0000    0.000011644.6680   14.4302
    7.5000   45.0000    0.000011049.6562   14.4239
   -7.5000  -45.0000    7.500012500.4121   14.6897
    0.0000  -45.0000    7.500013090.4609   14.6655
    7.5000  -45.0000    7.500012485.3340   14.6599
   -7.5000  -37.5000    7.500013046.0215   14.6361
    0.0000  -37.5000    7.500013680.3125   14.6137
    7.5000  -37.5000    7.500013064.8213   14.6032
   -7.5000  -30.0000    7.500014025.7451   14.5622
    0.0000  -30.0000    7.500014684.7109   14.5439
    7.5000  -30.0000    7.500014020.9209   14.5294
   -7.5000  -22.5000    7.500015000.0596   14.4883
    0.0000  -22.5000    7.500015752.1230   14.4723
    7.5000  -22.5000    7.500014961.7549   14.4590
   -7.5000  -15.0000    7.500015807.7793   14.4279
    0.0000  -15.0000    7.500016593.9160   14.4098
    7.5000  -15.0000    7.500015786.2676   14.4008
   -7.5000   -7.5000    7.500016301.5977   14.3899
    0.0000   -7.5000    7.500017030.7871   14.3674
    7.5000   -7.5000    7.500016327.6553   14.3616
   -7.5000    0.0000    7.500016654.8984   14.3738
    0.0000    0.0000    7.500017369.7754   14.3490
    7.5000    0.0000    7.500016698.9238   14.3424
   -7.5000    7.5000    7.500015768.1895   14.3917
    0.0000    7.5000    7.500016494.7363   14.3690
    7.5000    7.5000    7.500015808.1650   14.3578
   -7.5000   15.0000    7.500014749.7900   14.4235
    0.0000   15.0000    7.500015473.4062   14.4050
    7.5000   15.0000    7.500014757.5225   14.3902
   -7.5000   22.5000    7.500013687.6865   14.4847
    0.0000   22.5000    7.500014343.2822   14.4684
    7.5000   22.5000    7.500013640.9287   14.4548
   -7.5000   30.0000    7.500012547.2461   14.4258
    0.0000   30.0000    7.500013118.8184   14.4063
    7.5000   30.0000    7.500012460.0479   14.3965
   -7.5000   37.5000    7.500011884.3291   14.5921
    0.0000   37.5000    7.500012412.6094   14.5693
    7.5000   37.5000    7.500011748.2842   14.5619
   -7.5000   45.0000    7.500010785.6406   14.4806
    0.0000   45.0000    7.500011261.7012   14.4563
    7.5000   45.0000    7.500010674.0107   14.4490
   -7.5000  -45.0000   15.000012032.6924   14.7149
    0.0000  -45.0000   15.000012575.6895   14.6928
    7.5000  -45.0000   15.000012010.7236   14.6901
   -7.5000  -37.5000   15.000012551.9717   14.6579
    0.0000  -37.5000   15.000013105.9033   14.6393
    7.5000  -37.5000   15.000012552.4561   14.6337
   -7.5000  -30.0000   15.000013467.6719   14.5831
    0.0000  -30.0000   15.000014013.2969   14.5702
    7.5000  -30.0000   15.000013458.3643   14.5612
   -7.5000  -22.5000   15.000014423.5693   14.5136
    0.0000  -22.5000   15.000015054.3633   14.5027
    7.5000  -22.5000   15.000014356.9424   14.4929
   -7.5000  -15.0000   15.000015257.7227   14.4578
    0.0000  -15.0000   15.000015964.9541   14.4435
    7.5000  -15.0000   15.000015187.3008   14.4360
   -7.5000   -7.5000   15.000015768.6172   14.4214
    0.0000   -7.5000   15.000016479.0137   14.4009
    7.5000   -7.5000   15.000015742.1523   14.3965
   -7.5000    0.0000   15.000016125.4033   14.4029
    0.0000    0.0000   15.000016839.9648   14.3800
    7.5000    0.0000   15.000016070.0898   14.3761
   -7.5000    7.5000   15.000015227.8418   14.4157
    0.0000    7.5000   15.000015957.5625   14.3967
    7.5000    7.5000   15.000015158.0938   14.3901
   -7.5000   15.0000   15.000014235.7451   14.4451
    0.0000   15.0000   15.000014945.9941   14.4317
    7.5000   15.0000   15.000014133.8086   14.4221
   -7.5000   22.5000   15.000013159.6133   14.5101
    0.0000   22.5000   15.000013777.7490   14.4990
    7.5000   22.5000   15.000013053.5625   14.4887
   -7.5000   30.0000   15.000012023.3623   14.4563
    0.0000   30.0000   15.000012552.3936   14.4409
    7.5000   30.0000   15.000011924.7910   14.4325
   -7.5000   37.5000   15.000011393.1338   14.6251
    0.0000   37.5000   15.000011872.4121   14.6053
    7.5000   37.5000   15.000011270.1455   14.5990
   -7.5000   45.0000   15.000010354.1309   14.5145
    0.0000   45.0000   15.000010781.7207   14.4938
    7.5000   45.0000   15.000010233.4170   14.4896
   -7.5000  -45.0000   22.500011449.7070   14.7573
    0.0000  -45.0000   22.500011948.6680   14.7433
    7.5000  -45.0000   22.500011406.3135   14.7460
   -7.5000  -37.5000   22.500011967.9854   14.7002
    0.0000  -37.5000   22.500012460.2236   14.6904
    7.5000  -37.5000   22.500011930.6738   14.6906
   -7.5000  -30.0000   22.500012866.8350   14.6278
    0.0000  -30.0000   22.500013349.8584   14.6228
    7.5000  -30.0000   22.500012803.0596   14.6203
   -7.5000  -22.5000   22.500013727.2148   14.5619
    0.0000  -22.5000   22.500014275.9307   14.5576
    7.5000  -22.5000   22.500013611.9023   14.5544
   -7.5000  -15.0000   22.500014490.5850   14.5084
    0.0000  -15.0000   22.500015106.2812   14.4997
    7.5000  -15.0000   22.500014350.9463   14.4983
   -7.5000   -7.5000   22.500015047.5166   14.4711
    0.0000   -7.5000   22.500015703.5859   14.4569
    7.5000   -7.5000   22.500014920.0771   14.4577
   -7.5000    0.0000   22.500015438.9902   14.4492
    0.0000    0.0000   22.500016150.8252   14.4341
    7.5000    0.0000   22.500015300.4678   14.4353
   -7.5000    7.5000   22.500014572.7598   14.4602
    0.0000    7.5000   22.500015278.9443   14.4495
    7.5000    7.5000   22.500014450.2939   14.4487
   -7.5000   15.0000   22.500013589.8896   14.4905
    0.0000   15.0000   22.500014243.9336   14.4849
    7.5000   15.0000   22.500013483.0156   14.4816
   -7.5000   22.5000   22.500012538.5576   14.5581
    0.0000   22.5000   22.500013121.0273   14.5535
    7.5000   22.5000   22.500012445.1836   14.5497
   -7.5000   30.0000   22.500011431.3701   14.5058
    0.0000   30.0000   22.500011931.2051   14.4963
    7.5000   30.0000   22.500011349.2363   14.4938
   -7.5000   37.5000   22.500010807.8613   14.6724
    0.0000   37.5000   22.500011268.9727   14.6595
    7.5000   37.5000   22.500010718.0840   14.6589
   -7.5000   45.0000   22.5000 9820.3330   14.5591
    0.0000   45.0000   22.500010215.5068   14.5461
    7.5000   45.0000   22.5000 9728.7559   14.5472
   -7.5000  -45.0000   30.000010728.2148   14.8227
    0.0000  -45.0000   30.000011185.3271   14.8138
    7.5000  -45.0000   30.000010671.2695   14.8187
   -7.5000  -37.5000   30.000011254.6348   14.7690
    0.0000  -37.5000   30.000011709.7568   14.7633
    7.5000  -37.5000   30.000011194.0410   14.7644
   -7.5000  -30.0000   30.000012131.2891   14.7016
    0.0000  -30.0000   30.000012598.2373   14.6990
    7.5000  -30.0000   30.000012057.1943   14.6972
   -7.5000  -22.5000   30.000012942.5400   14.6364
    0.0000  -22.5000   30.000013453.4482   14.6332
    7.5000  -22.5000   30.000012830.6875   14.6327
   -7.5000  -15.0000   30.000013636.4209   14.5810
    0.0000  -15.0000   30.000014146.7510   14.5739
    7.5000  -15.0000   30.000013518.0635   14.5761
   -7.5000   -7.5000   30.000014149.0488   14.5413
    0.0000   -7.5000   30.000014690.6865   14.5304
    7.5000   -7.5000   30.000014045.1309   14.5346
   -7.5000    0.0000   30.000014533.0830   14.5181
    0.0000    0.0000   30.000015105.1172   14.5079
    7.5000    0.0000   30.000014423.7236   14.5114
   -7.5000    7.5000   30.000013716.4600   14.5309
    0.0000    7.5000   30.000014292.8369   14.5242
    7.5000    7.5000   30.000013618.9766   14.5243
   -7.5000   15.0000   30.000012802.5186   14.5629
    0.0000   15.0000   30.000013333.9619   14.5597
    7.5000   15.0000   30.000012710.4805   14.5572
   -7.5000   22.5000   30.000011820.2441   14.6283
    0.0000   22.5000   30.000012315.9834   14.6246
    7.5000   22.5000   30.000011750.6279   14.6234
   -7.5000   30.0000   30.000010805.2207   14.5713
    0.0000   30.0000   30.000011257.4600   14.5634
    7.5000   30.0000   30.000010727.1748   14.5648
   -7.5000   37.5000   30.000010182.7900   14.7334
    0.0000   37.5000   30.000010605.1982   14.7235
    7.5000   37.5000   30.000010103.5850   14.7268
   -7.5000   45.0000   30.0000 9236.8398   14.6164
    0.0000   45.0000   30.0000 9611.2637   14.6064
    7.5000   45.0000   30.0000 9152.6602   14.6096
   -7.5000  -45.0000   37.500010376.6426   14.9470
    0.0000  -45.0000   37.500010796.6543   14.9354
    7.5000  -45.0000   37.500010320.9209   14.9362
   -7.5000  -37.5000   37.500010916.4170   14.8992
    0.0000  -37.5000   37.500011327.9453   14.8888
    7.5000  -37.5000   37.500010848.2178   14.8835
   -7.5000  -30.0000   37.500011786.7383   14.8360
    0.0000  -30.0000   37.500012217.6074   14.8265
    7.5000  -30.0000   37.500011714.2432   14.8178
   -7.5000  -22.5000   37.500012583.6436   14.7673
    0.0000  -22.5000   37.500013042.1924   14.7574
    7.5000  -22.5000   37.500012473.1143   14.7519
   -7.5000  -15.0000   37.500013255.0664   14.7059
    0.0000  -15.0000   37.500013731.3545   14.6938
    7.5000  -15.0000   37.500013133.8057   14.6935
   -7.5000   -7.5000   37.500013757.7520   14.6641
    0.0000   -7.5000   37.500014280.7578   14.6504
    7.5000   -7.5000   37.500013660.7637   14.6524
   -7.5000    0.0000   37.500014110.3438   14.6439
    0.0000    0.0000   37.500014668.0352   14.6310
    7.5000    0.0000   37.500014018.4102   14.6307
   -7.5000    7.5000   37.500013322.2920   14.6613
    0.0000    7.5000   37.500013869.3818   14.6501
    7.5000    7.5000   37.500013243.3193   14.6440
   -7.5000   15.0000   37.500012435.5186   14.6947
    0.0000   15.0000   37.500012957.5020   14.6847
    7.5000   15.0000   37.500012348.3652   14.6755
   -7.5000   22.5000   37.500011487.0352   14.7547
    0.0000   22.5000   37.500011978.2334   14.7443
    7.5000   22.5000   37.500011407.9502   14.7383
   -7.5000   30.0000   37.500010529.5449   14.6902
    0.0000   30.0000   37.500010957.9805   14.6770
    7.5000   30.0000   37.500010440.6875   14.6761
   -7.5000   37.5000   37.5000 9923.2900   14.8513
    0.0000   37.5000   37.500010321.0332   14.8376
    7.5000   37.5000   37.5000 9834.2314   14.8388
   -7.5000   45.0000   37.5000 9000.2539   14.7337
    0.0000   45.0000   37.5000 9353.5840   14.7194
    7.5000   45.0000   37.5000 8898.4365   14.7182
   -7.5000  -45.0000   45.0000 9541.7373   15.0323
    0.0000  -45.0000   45.0000 9920.4756   15.0135
    7.5000  -45.0000   45.0000 9493.0479   15.0093
   -7.5000  -37.5000   45.000010038.3242   14.9870
    0.0000  -37.5000   45.000010429.0742   14.9685
    7.5000  -37.5000   45.0000 9984.7842   14.9574
   -7.5000  -30.0000   45.000010850.4199   14.9249
    0.0000  -30.0000   45.000011291.4502   14.9078
    7.5000  -30.0000   45.000010782.1230   14.8927
   -7.5000  -22.5000   45.000011579.2412   14.8545
    0.0000  -22.5000   45.000012042.9102   14.8382
    7.5000  -22.5000   45.000011476.2373   14.8267
   -7.5000  -15.0000   45.000012226.9238   14.7902
    0.0000  -15.0000   45.000012678.3408   14.7727
    7.5000  -15.0000   45.000012088.4473   14.7673
   -7.5000   -7.5000   45.000012697.1914   14.7480
    0.0000   -7.5000   45.000013187.7139   14.7287
    7.5000   -7.5000   45.000012583.8057   14.7262
   -7.5000    0.0000   45.000013021.9971   14.7306
    0.0000    0.0000   45.000013526.2432   14.7108
    7.5000    0.0000   45.000012899.5469   14.7057
   -7.5000    7.5000   45.000012300.2100   14.7494
    0.0000    7.5000   45.000012810.3428   14.7303
    7.5000    7.5000   45.000012211.8291   14.7186
   -7.5000   15.0000   45.000011488.3916   14.7809
    0.0000   15.0000   45.000011971.3779   14.7634
    7.5000   15.0000   45.000011400.5029   14.7480
   -7.5000   22.5000   45.000010620.7354   14.8376
    0.0000   22.5000   45.000011077.9766   14.8208
    7.5000   22.5000   45.000010533.4639   14.8090
   -7.5000   30.0000   45.0000 9733.3848   14.7687
    0.0000   30.0000   45.000010157.8818   14.7497
    7.5000   30.0000   45.0000 9648.2832   14.7437
   -7.5000   37.5000   45.0000 9178.0957   14.9321
    0.0000   37.5000   45.0000 9557.8477   14.9123
    7.5000   37.5000   45.0000 9085.3242   14.9086
   -7.5000   45.0000   45.0000 8331.7676   14.8236
    0.0000   45.0000   45.0000 8667.9072   14.8026
    7.5000   45.0000   45.0000 8252.2793   14.7963

---------------------------------------------------------------------
imgreg_4dfp /opt/freesurfer/average/711-2C_as_mni_average_305 /opt/freesurfer/average/711-2B_as_mni_average_305_mask talsrcimg_g11 none talsrcimg_to_711-2C_as_mni_average_305_t4 4355
---------------------------------------------------------------------

freesurfer imgreg_4dfp.c
/opt/freesurfer/average/711-2C_as_mni_average_305.4dfp.img
       256       256       256         1
  1.000000  1.000000  1.000000
orientation T byte_order littleendian
Reading image: /opt/freesurfer/average/711-2C_as_mni_average_305.4dfp.img
dimensions:      256       256       256
mmppix:       1.0000   -1.0000   -1.0000
center:     128.0000 -129.0000 -129.0000
/opt/freesurfer/average/711-2B_as_mni_average_305_mask.4dfp.img
       256       256       256         1
  1.000000  1.000000  1.000000
orientation T byte_order littleendian
Reading mask: /opt/freesurfer/average/711-2B_as_mni_average_305_mask.4dfp.img (2306576 pixels)
talsrcimg_g11.4dfp.img
       256       256       256         1
  1.000000  1.000000  1.000000
orientation T byte_order littleendian
Reading image: talsrcimg_g11.4dfp.img
dimensions:      256       256       256
mmppix:       1.0000   -1.0000   -1.0000
center:     128.0000 -129.0000 -129.0000
rotation matrix determinant  1.000000
image alignment mode   4355 decimal     1103 hex
   -7.5000  -45.0000  -45.0000 2129.2964   15.4378
    0.0000  -45.0000  -45.0000 2137.1660   15.4146
    7.5000  -45.0000  -45.0000 2124.9021   15.5735
   -7.5000  -37.5000  -45.0000 2182.7175   14.6153
    0.0000  -37.5000  -45.0000 2188.7009   14.5996
    7.5000  -37.5000  -45.0000 2177.2673   14.7393
   -7.5000  -30.0000  -45.0000 2214.4404   13.9897
    0.0000  -30.0000  -45.0000 2219.7278   13.9549
    7.5000  -30.0000  -45.0000 2209.4727   14.0964
   -7.5000  -22.5000  -45.0000 2237.1738   13.5050
    0.0000  -22.5000  -45.0000 2241.4827   13.4934
    7.5000  -22.5000  -45.0000 2231.0779   13.6200
   -7.5000  -15.0000  -45.0000 2247.3816   13.2473
    0.0000  -15.0000  -45.0000 2253.2288   13.1944
    7.5000  -15.0000  -45.0000 2237.4604   13.3457
   -7.5000   -7.5000  -45.0000 2247.2573   13.1504
    0.0000   -7.5000  -45.0000 2255.0051   13.0977
    7.5000   -7.5000  -45.0000 2237.4138   13.2489
   -7.5000    0.0000  -45.0000 2235.8213   13.2812
    0.0000    0.0000  -45.0000 2239.8416   13.2428
    7.5000    0.0000  -45.0000 2221.1082   13.3831
   -7.5000    7.5000  -45.0000 2200.4617   13.7156
    0.0000    7.5000  -45.0000 2206.0906   13.6763
    7.5000    7.5000  -45.0000 2182.9822   13.8446
   -7.5000   15.0000  -45.0000 2151.1829   14.4234
    0.0000   15.0000  -45.0000 2155.3264   14.3992
    7.5000   15.0000  -45.0000 2134.1348   14.5795
   -7.5000   22.5000  -45.0000 2087.5286   15.3938
    0.0000   22.5000  -45.0000 2091.4197   15.3625
    7.5000   22.5000  -45.0000 2067.4568   15.5525
   -7.5000   30.0000  -45.0000 2004.3499   16.7225
    0.0000   30.0000  -45.0000 2008.4084   16.6467
    7.5000   30.0000  -45.0000 1989.7761   16.9035
   -7.5000   37.5000  -45.0000 1913.0718   18.5898
    0.0000   37.5000  -45.0000 1914.9437   18.4483
    7.5000   37.5000  -45.0000 1897.8740   18.7773
   -7.5000   45.0000  -45.0000 1811.0328   21.2108
    0.0000   45.0000  -45.0000 1810.8137   21.0168
    7.5000   45.0000  -45.0000 1793.9227   21.3441
   -7.5000  -45.0000  -37.5000 2230.2095   14.1598
    0.0000  -45.0000  -37.5000 2239.9841   14.1546
    7.5000  -45.0000  -37.5000 2227.1157   14.2626
   -7.5000  -37.5000  -37.5000 2281.1243   13.4166
    0.0000  -37.5000  -37.5000 2288.2783   13.4283
    7.5000  -37.5000  -37.5000 2277.8765   13.5345
   -7.5000  -30.0000  -37.5000 2318.6182   12.8674
    0.0000  -30.0000  -37.5000 2326.1162   12.8834
    7.5000  -30.0000  -37.5000 2310.3938   12.9695
   -7.5000  -22.5000  -37.5000 2337.5098   12.4888
    0.0000  -22.5000  -37.5000 2346.6597   12.4882
    7.5000  -22.5000  -37.5000 2327.4272   12.5759
   -7.5000  -15.0000  -37.5000 2344.6125   12.2361
    0.0000  -15.0000  -37.5000 2353.0969   12.2175
    7.5000  -15.0000  -37.5000 2330.9661   12.3569
   -7.5000   -7.5000  -37.5000 2343.0984   12.1567
    0.0000   -7.5000  -37.5000 2352.3489   12.1213
    7.5000   -7.5000  -37.5000 2330.3245   12.2594
   -7.5000    0.0000  -37.5000 2332.6189   12.2432
    0.0000    0.0000  -37.5000 2337.7454   12.2314
    7.5000    0.0000  -37.5000 2317.6946   12.3664
   -7.5000    7.5000  -37.5000 2298.8904   12.6460
    0.0000    7.5000  -37.5000 2304.3420   12.5983
    7.5000    7.5000  -37.5000 2282.2402   12.7644
   -7.5000   15.0000  -37.5000 2243.5254   13.2591
    0.0000   15.0000  -37.5000 2247.9260   13.2344
    7.5000   15.0000  -37.5000 2226.7080   13.4105
   -7.5000   22.5000  -37.5000 2174.4897   14.1279
    0.0000   22.5000  -37.5000 2177.9548   14.1067
    7.5000   22.5000  -37.5000 2159.4897   14.2966
   -7.5000   30.0000  -37.5000 2087.8198   15.3506
    0.0000   30.0000  -37.5000 2089.1345   15.2898
    7.5000   30.0000  -37.5000 2071.8320   15.5087
   -7.5000   37.5000  -37.5000 1992.2830   17.0464
    0.0000   37.5000  -37.5000 1994.0750   16.9419
    7.5000   37.5000  -37.5000 1970.6395   17.1803
   -7.5000   45.0000  -37.5000 1885.4601   19.3672
    0.0000   45.0000  -37.5000 1887.3718   19.2330
    7.5000   45.0000  -37.5000 1864.7224   19.4856
   -7.5000  -45.0000  -30.0000 2371.5452   13.5165
    0.0000  -45.0000  -30.0000 2383.2073   13.5636
    7.5000  -45.0000  -30.0000 2369.2717   13.6600
   -7.5000  -37.5000  -30.0000 2424.8923   12.7923
    0.0000  -37.5000  -30.0000 2436.5957   12.8219
    7.5000  -37.5000  -30.0000 2420.6985   12.9214
   -7.5000  -30.0000  -30.0000 2460.9280   12.2681
    0.0000  -30.0000  -30.0000 2471.8840   12.2685
    7.5000  -30.0000  -30.0000 2452.6797   12.3737
   -7.5000  -22.5000  -30.0000 2482.9778   11.9341
    0.0000  -22.5000  -30.0000 2489.8972   11.9426
    7.5000  -22.5000  -30.0000 2471.9214   12.0322
   -7.5000  -15.0000  -30.0000 2494.6655   11.7292
    0.0000  -15.0000  -30.0000 2498.7908   11.6879
    7.5000  -15.0000  -30.0000 2480.9961   11.8170
   -7.5000   -7.5000  -30.0000 2489.2581   11.6671
    0.0000   -7.5000  -30.0000 2499.3240   11.6176
    7.5000   -7.5000  -30.0000 2475.9241   11.7698
   -7.5000    0.0000  -30.0000 2473.6067   11.7723
    0.0000    0.0000  -30.0000 2482.1160   11.7292
    7.5000    0.0000  -30.0000 2455.5054   11.8821
   -7.5000    7.5000  -30.0000 2442.4966   12.1147
    0.0000    7.5000  -30.0000 2450.0569   12.0543
    7.5000    7.5000  -30.0000 2422.1279   12.2234
   -7.5000   15.0000  -30.0000 2384.8711   12.6491
    0.0000   15.0000  -30.0000 2391.0898   12.6237
    7.5000   15.0000  -30.0000 2366.5818   12.8001
   -7.5000   22.5000  -30.0000 2311.8250   13.4359
    0.0000   22.5000  -30.0000 2316.0081   13.4400
    7.5000   22.5000  -30.0000 2290.3523   13.6175
   -7.5000   30.0000  -30.0000 2215.7158   14.5741
    0.0000   30.0000  -30.0000 2219.3611   14.5547
    7.5000   30.0000  -30.0000 2197.4246   14.7198
   -7.5000   37.5000  -30.0000 2104.4209   16.1405
    0.0000   37.5000  -30.0000 2110.7686   16.0743
    7.5000   37.5000  -30.0000 2088.5339   16.2495
   -7.5000   45.0000  -30.0000 1990.6665   18.3024
    0.0000   45.0000  -30.0000 1999.0624   18.2181
    7.5000   45.0000  -30.0000 1976.2954   18.3974
   -7.5000  -45.0000  -22.5000 2477.2717   12.8433
    0.0000  -45.0000  -22.5000 2491.2637   12.8737
    7.5000  -45.0000  -22.5000 2474.9077   12.9984
   -7.5000  -37.5000  -22.5000 2532.2148   12.1272
    0.0000  -37.5000  -22.5000 2545.7542   12.1419
    7.5000  -37.5000  -22.5000 2523.2654   12.2585
   -7.5000  -30.0000  -22.5000 2574.7952   11.6250
    0.0000  -30.0000  -22.5000 2585.2366   11.6194
    7.5000  -30.0000  -22.5000 2562.4460   11.7308
   -7.5000  -22.5000  -22.5000 2610.2173   11.2987
    0.0000  -22.5000  -22.5000 2615.1255   11.2764
    7.5000  -22.5000  -22.5000 2591.9424   11.3764
   -7.5000  -15.0000  -22.5000 2620.8081   11.1235
    0.0000  -15.0000  -22.5000 2624.8582   11.0890
    7.5000  -15.0000  -22.5000 2602.6689   11.1941
   -7.5000   -7.5000  -22.5000 2617.8328   11.0916
    0.0000   -7.5000  -22.5000 2625.0127   11.0611
    7.5000   -7.5000  -22.5000 2598.9102   11.1798
   -7.5000    0.0000  -22.5000 2598.5974   11.2144
    0.0000    0.0000  -22.5000 2608.3071   11.1849
    7.5000    0.0000  -22.5000 2577.9734   11.3143
   -7.5000    7.5000  -22.5000 2565.2014   11.5311
    0.0000    7.5000  -22.5000 2574.5830   11.4979
    7.5000    7.5000  -22.5000 2544.3875   11.6457
   -7.5000   15.0000  -22.5000 2504.7148   12.0244
    0.0000   15.0000  -22.5000 2514.3333   12.0064
    7.5000   15.0000  -22.5000 2484.8796   12.1571
   -7.5000   22.5000  -22.5000 2423.5156   12.7396
    0.0000   22.5000  -22.5000 2430.6069   12.7390
    7.5000   22.5000  -22.5000 2402.3135   12.8921
   -7.5000   30.0000  -22.5000 2321.5562   13.7844
    0.0000   30.0000  -22.5000 2329.3574   13.7571
    7.5000   30.0000  -22.5000 2305.3291   13.9226
   -7.5000   37.5000  -22.5000 2201.9800   15.2401
    0.0000   37.5000  -22.5000 2208.6904   15.1810
    7.5000   37.5000  -22.5000 2185.3682   15.3613
   -7.5000   45.0000  -22.5000 2075.9468   17.2060
    0.0000   45.0000  -22.5000 2080.1392   17.1427
    7.5000   45.0000  -22.5000 2059.2515   17.3415
   -7.5000  -45.0000  -15.0000 2543.3093   12.2844
    0.0000  -45.0000  -15.0000 2555.8210   12.2738
    7.5000  -45.0000  -15.0000 2540.0642   12.3957
   -7.5000  -37.5000  -15.0000 2602.7537   11.5632
    0.0000  -37.5000  -15.0000 2613.1592   11.5400
    7.5000  -37.5000  -15.0000 2593.8040   11.6630
   -7.5000  -30.0000  -15.0000 2652.4460   11.0539
    0.0000  -30.0000  -15.0000 2662.1614   11.0186
    7.5000  -30.0000  -15.0000 2636.7048   11.1493
   -7.5000  -22.5000  -15.0000 2692.2339   10.7052
    0.0000  -22.5000  -15.0000 2698.8115   10.6799
    7.5000  -22.5000  -15.0000 2674.1924   10.7881
   -7.5000  -15.0000  -15.0000 2714.5583   10.5205
    0.0000  -15.0000  -15.0000 2717.6519   10.4985
    7.5000  -15.0000  -15.0000 2690.7664   10.6069
   -7.5000   -7.5000  -15.0000 2718.9617   10.5115
    0.0000   -7.5000  -15.0000 2723.2437   10.4861
    7.5000   -7.5000  -15.0000 2696.9053   10.5962
   -7.5000    0.0000  -15.0000 2705.6929   10.6588
    0.0000    0.0000  -15.0000 2714.6233   10.6307
    7.5000    0.0000  -15.0000 2681.6221   10.7456
   -7.5000    7.5000  -15.0000 2668.0923   10.9888
    0.0000    7.5000  -15.0000 2680.3687   10.9565
    7.5000    7.5000  -15.0000 2646.0510   11.0788
   -7.5000   15.0000  -15.0000 2603.3528   11.4424
    0.0000   15.0000  -15.0000 2615.0388   11.4172
    7.5000   15.0000  -15.0000 2583.3533   11.5669
   -7.5000   22.5000  -15.0000 2514.0122   12.1050
    0.0000   22.5000  -15.0000 2522.1321   12.0820
    7.5000   22.5000  -15.0000 2494.0178   12.2532
   -7.5000   30.0000  -15.0000 2404.2107   13.0739
    0.0000   30.0000  -15.0000 2411.5564   13.0336
    7.5000   30.0000  -15.0000 2386.3625   13.2031
   -7.5000   37.5000  -15.0000 2273.3706   14.4557
    0.0000   37.5000  -15.0000 2280.3848   14.4034
    7.5000   37.5000  -15.0000 2257.1736   14.5748
   -7.5000   45.0000  -15.0000 2137.6934   16.3275
    0.0000   45.0000  -15.0000 2140.3315   16.2545
    7.5000   45.0000  -15.0000 2117.0906   16.4450
   -7.5000  -45.0000   -7.5000 2581.5742   11.7905
    0.0000  -45.0000   -7.5000 2597.1548   11.7835
    7.5000  -45.0000   -7.5000 2582.0139   11.9104
   -7.5000  -37.5000   -7.5000 2647.0054   11.0786
    0.0000  -37.5000   -7.5000 2660.7864   11.0719
    7.5000  -37.5000   -7.5000 2642.6553   11.1745
   -7.5000  -30.0000   -7.5000 2702.1282   10.5653
    0.0000  -30.0000   -7.5000 2712.0408   10.5408
    7.5000  -30.0000   -7.5000 2692.7185   10.6512
   -7.5000  -22.5000   -7.5000 2751.4910   10.2084
    0.0000  -22.5000   -7.5000 2761.6733   10.1791
    7.5000  -22.5000   -7.5000 2736.3306   10.2935
   -7.5000  -15.0000   -7.5000 2786.8750   10.0131
    0.0000  -15.0000   -7.5000 2795.3804    9.9811
    7.5000  -15.0000   -7.5000 2762.9277   10.1087
   -7.5000   -7.5000   -7.5000 2799.2683   10.0031
    0.0000   -7.5000   -7.5000 2808.4771    9.9665
    7.5000   -7.5000   -7.5000 2778.2332   10.0753
   -7.5000    0.0000   -7.5000 2795.6013   10.1701
    0.0000    0.0000   -7.5000 2806.7795   10.1253
    7.5000    0.0000   -7.5000 2766.6892   10.2459
   -7.5000    7.5000   -7.5000 2755.5701   10.4885
    0.0000    7.5000   -7.5000 2769.5833   10.4426
    7.5000    7.5000   -7.5000 2731.7268   10.5666
   -7.5000   15.0000   -7.5000 2679.5005   10.9265
    0.0000   15.0000   -7.5000 2693.3354   10.8932
    7.5000   15.0000   -7.5000 2658.8152   11.0438
   -7.5000   22.5000   -7.5000 2585.2881   11.5659
    0.0000   22.5000   -7.5000 2593.7961   11.5141
    7.5000   22.5000   -7.5000 2563.3699   11.6988
   -7.5000   30.0000   -7.5000 2461.5251   12.4787
    0.0000   30.0000   -7.5000 2472.0103   12.4142
    7.5000   30.0000   -7.5000 2445.1467   12.6052
   -7.5000   37.5000   -7.5000 2328.1821   13.8055
    0.0000   37.5000   -7.5000 2336.4841   13.7422
    7.5000   37.5000   -7.5000 2307.9836   13.9237
   -7.5000   45.0000   -7.5000 2181.3792   15.5875
    0.0000   45.0000   -7.5000 2189.4988   15.5309
    7.5000   45.0000   -7.5000 2166.2312   15.6992
   -7.5000  -45.0000    0.0000 2603.3494   11.4787
    0.0000  -45.0000    0.0000 2619.1021   11.4544
    7.5000  -45.0000    0.0000 2604.2339   11.5626
   -7.5000  -37.5000    0.0000 2670.4634   10.7468
    0.0000  -37.5000    0.0000 2686.9609   10.7106
    7.5000  -37.5000    0.0000 2671.2344   10.8260
   -7.5000  -30.0000    0.0000 2730.0757   10.2164
    0.0000  -30.0000    0.0000 2744.6890   10.1754
    7.5000  -30.0000    0.0000 2728.6748   10.2913
   -7.5000  -22.5000    0.0000 2793.0164    9.8722
    0.0000  -22.5000    0.0000 2808.5493    9.8199
    7.5000  -22.5000    0.0000 2782.7092    9.9446
   -7.5000  -15.0000    0.0000 2841.4375    9.6857
    0.0000  -15.0000    0.0000 2861.5850    9.6179
    7.5000  -15.0000    0.0000 2822.9370    9.7673
   -7.5000   -7.5000    0.0000 2871.8237    9.6384
    0.0000   -7.5000    0.0000 2883.7412    9.5664
    7.5000   -7.5000    0.0000 2844.7659    9.7235
   -7.5000    0.0000    0.0000 2862.4541    9.8332
    0.0000    0.0000    0.0000 2876.2422    9.7542
    7.5000    0.0000    0.0000 2833.7209    9.9086
   -7.5000    7.5000    0.0000 2820.2568   10.1306
    0.0000    7.5000    0.0000 2837.8118   10.0615
    7.5000    7.5000    0.0000 2792.9800   10.2158
   -7.5000   15.0000    0.0000 2733.4561   10.5798
    0.0000   15.0000    0.0000 2755.1997   10.5030
    7.5000   15.0000    0.0000 2710.1992   10.6887
   -7.5000   22.5000    0.0000 2629.7698   11.2023
    0.0000   22.5000    0.0000 2642.7075   11.1308
    7.5000   22.5000    0.0000 2606.5645   11.3402
   -7.5000   30.0000    0.0000 2500.4785   12.0720
    0.0000   30.0000    0.0000 2510.5591   12.0132
    7.5000   30.0000    0.0000 2484.2419   12.2056
   -7.5000   37.5000    0.0000 2364.9690   13.3434
    0.0000   37.5000    0.0000 2372.7861   13.2840
    7.5000   37.5000    0.0000 2344.9858   13.4784
   -7.5000   45.0000    0.0000 2213.4431   15.0443
    0.0000   45.0000    0.0000 2221.5737   15.0024
    7.5000   45.0000    0.0000 2194.9221   15.1736
   -7.5000  -45.0000    7.5000 2600.9463   11.3201
    0.0000  -45.0000    7.5000 2619.6880   11.2301
    7.5000  -45.0000    7.5000 2603.4722   11.3510
   -7.5000  -37.5000    7.5000 2672.5940   10.5471
    0.0000  -37.5000    7.5000 2694.8613   10.4558
    7.5000  -37.5000    7.5000 2677.0403   10.6004
   -7.5000  -30.0000    7.5000 2741.5745   10.0015
    0.0000  -30.0000    7.5000 2760.2349    9.8941
    7.5000  -30.0000    7.5000 2739.6816   10.0543
   -7.5000  -22.5000    7.5000 2816.3081    9.6876
    0.0000  -22.5000    7.5000 2833.1858    9.5840
    7.5000  -22.5000    7.5000 2806.1934    9.7268
   -7.5000  -15.0000    7.5000 2879.5549    9.5107
    0.0000  -15.0000    7.5000 2904.4275    9.4215
    7.5000  -15.0000    7.5000 2863.1328    9.5639
   -7.5000   -7.5000    7.5000 2914.6558    9.4397
    0.0000   -7.5000    7.5000 2944.8213    9.3184
    7.5000   -7.5000    7.5000 2886.2307    9.5312
   -7.5000    0.0000    7.5000 2905.0315    9.5820
    0.0000    0.0000    7.5000 2928.2014    9.4331
    7.5000    0.0000    7.5000 2874.4229    9.6822
   -7.5000    7.5000    7.5000 2854.0740    9.8886
    0.0000    7.5000    7.5000 2874.8318    9.7465
    7.5000    7.5000    7.5000 2826.3474    9.9843
   -7.5000   15.0000    7.5000 2763.0657   10.3438
    0.0000   15.0000    7.5000 2782.6311   10.2352
    7.5000   15.0000    7.5000 2739.7886   10.4297
   -7.5000   22.5000    7.5000 2652.3298   10.9926
    0.0000   22.5000    7.5000 2662.0303   10.9176
    7.5000   22.5000    7.5000 2629.3933   11.0855
   -7.5000   30.0000    7.5000 2514.2642   11.8825
    0.0000   30.0000    7.5000 2523.2349   11.8146
    7.5000   30.0000    7.5000 2498.5693   11.9511
   -7.5000   37.5000    7.5000 2376.2046   13.1055
    0.0000   37.5000    7.5000 2387.0474   13.0389
    7.5000   37.5000    7.5000 2358.9451   13.1881
   -7.5000   45.0000    7.5000 2225.6677   14.7576
    0.0000   45.0000    7.5000 2232.5305   14.6884
    7.5000   45.0000    7.5000 2207.9856   14.8417
   -7.5000  -45.0000   15.0000 2584.4153   11.2968
    0.0000  -45.0000   15.0000 2604.8115   11.1789
    7.5000  -45.0000   15.0000 2587.3833   11.3366
   -7.5000  -37.5000   15.0000 2660.8208   10.4759
    0.0000  -37.5000   15.0000 2683.3005   10.3577
    7.5000  -37.5000   15.0000 2660.4907   10.5296
   -7.5000  -30.0000   15.0000 2736.0247    9.9038
    0.0000  -30.0000   15.0000 2756.5938    9.7662
    7.5000  -30.0000   15.0000 2732.5364    9.9615
   -7.5000  -22.5000   15.0000 2814.1880    9.5858
    0.0000  -22.5000   15.0000 2837.2466    9.4281
    7.5000  -22.5000   15.0000 2806.8572    9.6270
   -7.5000  -15.0000   15.0000 2878.9487    9.4749
    0.0000  -15.0000   15.0000 2909.1641    9.3483
    7.5000  -15.0000   15.0000 2867.2903    9.4935
   -7.5000   -7.5000   15.0000 2914.4988    9.4294
    0.0000   -7.5000   15.0000 2952.5166    9.3084
    7.5000   -7.5000   15.0000 2895.3538    9.4824
   -7.5000    0.0000   15.0000 2908.7942    9.5341
    0.0000    0.0000   15.0000 2938.2375    9.4052
    7.5000    0.0000   15.0000 2885.2715    9.6056
   -7.5000    7.5000   15.0000 2857.0713    9.7969
    0.0000    7.5000   15.0000 2880.5588    9.6826
    7.5000    7.5000   15.0000 2836.8621    9.8566
   -7.5000   15.0000   15.0000 2763.0364   10.2595
    0.0000   15.0000   15.0000 2783.4109   10.1662
    7.5000   15.0000   15.0000 2745.4404   10.3170
   -7.5000   22.5000   15.0000 2645.9202   10.9432
    0.0000   22.5000   15.0000 2656.9292   10.8668
    7.5000   22.5000   15.0000 2629.8289   11.0058
   -7.5000   30.0000   15.0000 2508.4958   11.8432
    0.0000   30.0000   15.0000 2515.1897   11.7870
    7.5000   30.0000   15.0000 2494.4673   11.9150
   -7.5000   37.5000   15.0000 2371.0520   13.0438
    0.0000   37.5000   15.0000 2377.1479   13.0020
    7.5000   37.5000   15.0000 2354.3704   13.1149
   -7.5000   45.0000   15.0000 2220.5396   14.6101
    0.0000   45.0000   15.0000 2226.7163   14.5609
    7.5000   45.0000   15.0000 2203.8831   14.6709
   -7.5000  -45.0000   22.5000 2558.6426   11.4536
    0.0000  -45.0000   22.5000 2583.2446   11.2849
    7.5000  -45.0000   22.5000 2565.4431   11.4785
   -7.5000  -37.5000   22.5000 2632.0981   10.6301
    0.0000  -37.5000   22.5000 2654.7815   10.4695
    7.5000  -37.5000   22.5000 2636.6997   10.6706
   -7.5000  -30.0000   22.5000 2706.8928   10.0322
    0.0000  -30.0000   22.5000 2727.6697    9.8874
    7.5000  -30.0000   22.5000 2703.0300   10.0880
   -7.5000  -22.5000   22.5000 2781.5190    9.6953
    0.0000  -22.5000   22.5000 2802.8782    9.5550
    7.5000  -22.5000   22.5000 2771.0500    9.7386
   -7.5000  -15.0000   22.5000 2846.0859    9.5411
    0.0000  -15.0000   22.5000 2872.2351    9.4392
    7.5000  -15.0000   22.5000 2831.4238    9.5834
   -7.5000   -7.5000   22.5000 2885.3337    9.5329
    0.0000   -7.5000   22.5000 2913.1409    9.4182
    7.5000   -7.5000   22.5000 2866.0989    9.5909
   -7.5000    0.0000   22.5000 2876.9102    9.6787
    0.0000    0.0000   22.5000 2902.5444    9.5818
    7.5000    0.0000   22.5000 2859.3242    9.7269
   -7.5000    7.5000   22.5000 2821.6121    9.9586
    0.0000    7.5000   22.5000 2843.5100    9.8826
    7.5000    7.5000   22.5000 2805.3643   10.0106
   -7.5000   15.0000   22.5000 2730.9827   10.4147
    0.0000   15.0000   22.5000 2748.6296   10.3417
    7.5000   15.0000   22.5000 2717.3657   10.4737
   -7.5000   22.5000   22.5000 2621.9827   11.0571
    0.0000   22.5000   22.5000 2634.0615   10.9691
    7.5000   22.5000   22.5000 2610.4192   11.1097
   -7.5000   30.0000   22.5000 2485.9377   11.9463
    0.0000   30.0000   22.5000 2495.1519   11.8596
    7.5000   30.0000   22.5000 2476.9421   12.0055
   -7.5000   37.5000   22.5000 2349.0288   13.1296
    0.0000   37.5000   22.5000 2359.1750   13.0650
    7.5000   37.5000   22.5000 2337.5625   13.1846
   -7.5000   45.0000   22.5000 2196.5669   14.6527
    0.0000   45.0000   22.5000 2207.5579   14.5747
    7.5000   45.0000   22.5000 2189.1091   14.7289
   -7.5000  -45.0000   30.0000 2524.7432   11.7821
    0.0000  -45.0000   30.0000 2546.6338   11.5873
    7.5000  -45.0000   30.0000 2530.4329   11.7840
   -7.5000  -37.5000   30.0000 2593.5203   10.9596
    0.0000  -37.5000   30.0000 2616.2925   10.7790
    7.5000  -37.5000   30.0000 2598.4343   10.9785
   -7.5000  -30.0000   30.0000 2662.6628   10.3620
    0.0000  -30.0000   30.0000 2681.6770   10.1957
    7.5000  -30.0000   30.0000 2662.2881   10.3965
   -7.5000  -22.5000   30.0000 2727.5991    9.9944
    0.0000  -22.5000   30.0000 2748.4412    9.8647
    7.5000  -22.5000   30.0000 2721.0479   10.0333
   -7.5000  -15.0000   30.0000 2785.2981    9.8288
    0.0000  -15.0000   30.0000 2802.4941    9.6980
    7.5000  -15.0000   30.0000 2771.4490    9.8774
   -7.5000   -7.5000   30.0000 2820.4514    9.7980
    0.0000   -7.5000   30.0000 2839.5330    9.6781
    7.5000   -7.5000   30.0000 2801.8767    9.8647
   -7.5000    0.0000   30.0000 2808.6902    9.9964
    0.0000    0.0000   30.0000 2827.6697    9.8678
    7.5000    0.0000   30.0000 2794.2607   10.0344
   -7.5000    7.5000   30.0000 2752.7295   10.3089
    0.0000    7.5000   30.0000 2770.9890   10.1983
    7.5000    7.5000   30.0000 2739.7988   10.3607
   -7.5000   15.0000   30.0000 2669.4502   10.7740
    0.0000   15.0000   30.0000 2685.1377   10.6736
    7.5000   15.0000   30.0000 2660.7959   10.8231
   -7.5000   22.5000   30.0000 2568.3818   11.3955
    0.0000   22.5000   30.0000 2583.6465   11.2867
    7.5000   22.5000   30.0000 2561.3140   11.4385
   -7.5000   30.0000   30.0000 2450.8171   12.2352
    0.0000   30.0000   30.0000 2464.8540   12.1291
    7.5000   30.0000   30.0000 2442.6521   12.2922
   -7.5000   37.5000   30.0000 2313.0884   13.3833
    0.0000   37.5000   30.0000 2325.1489   13.3098
    7.5000   37.5000   30.0000 2308.7019   13.4260
   -7.5000   45.0000   30.0000 2163.9253   14.8629
    0.0000   45.0000   30.0000 2173.1633   14.8050
    7.5000   45.0000   30.0000 2160.9338   14.9098
   -7.5000  -45.0000   37.5000 2480.5361   12.3181
    0.0000  -45.0000   37.5000 2504.8689   12.0910
    7.5000  -45.0000   37.5000 2486.7151   12.2911
   -7.5000  -37.5000   37.5000 2549.9255   11.4589
    0.0000  -37.5000   37.5000 2575.0640   11.2448
    7.5000  -37.5000   37.5000 2555.4788   11.4434
   -7.5000  -30.0000   37.5000 2614.4080   10.8530
    0.0000  -30.0000   37.5000 2633.8386   10.6671
    7.5000  -30.0000   37.5000 2613.5881   10.8654
   -7.5000  -22.5000   37.5000 2670.9595   10.4894
    0.0000  -22.5000   37.5000 2686.5151   10.3348
    7.5000  -22.5000   37.5000 2663.1008   10.5196
   -7.5000  -15.0000   37.5000 2715.0208   10.3269
    0.0000  -15.0000   37.5000 2728.5879   10.1896
    7.5000  -15.0000   37.5000 2701.2751   10.3656
   -7.5000   -7.5000   37.5000 2735.6614   10.3142
    0.0000   -7.5000   37.5000 2746.7480   10.2098
    7.5000   -7.5000   37.5000 2721.3022   10.3721
   -7.5000    0.0000   37.5000 2715.6663   10.5176
    0.0000    0.0000   37.5000 2731.7168   10.4088
    7.5000    0.0000   37.5000 2706.0652   10.5571
   -7.5000    7.5000   37.5000 2661.1389   10.8585
    0.0000    7.5000   37.5000 2679.1514   10.7444
    7.5000    7.5000   37.5000 2655.3049   10.8929
   -7.5000   15.0000   37.5000 2589.6375   11.2947
    0.0000   15.0000   37.5000 2606.0740   11.2063
    7.5000   15.0000   37.5000 2582.4487   11.3508
   -7.5000   22.5000   37.5000 2504.0459   11.8869
    0.0000   22.5000   37.5000 2518.3767   11.8001
    7.5000   22.5000   37.5000 2494.6880   11.9427
   -7.5000   30.0000   37.5000 2401.0066   12.6910
    0.0000   30.0000   37.5000 2412.9885   12.5958
    7.5000   30.0000   37.5000 2391.4143   12.7642
   -7.5000   37.5000   37.5000 2272.4304   13.7982
    0.0000   37.5000   37.5000 2283.2151   13.7259
    7.5000   37.5000   37.5000 2266.4939   13.8627
   -7.5000   45.0000   37.5000 2127.0847   15.2800
    0.0000   45.0000   37.5000 2134.8257   15.2348
    7.5000   45.0000   37.5000 2117.8032   15.3447
   -7.5000  -45.0000   45.0000 2425.0647   13.0167
    0.0000  -45.0000   45.0000 2449.4407   12.7703
    7.5000  -45.0000   45.0000 2433.6367   12.9677
   -7.5000  -37.5000   45.0000 2493.0198   12.1261
    0.0000  -37.5000   45.0000 2517.3923   11.9025
    7.5000  -37.5000   45.0000 2497.8015   12.0947
   -7.5000  -30.0000   45.0000 2549.5410   11.5213
    0.0000  -30.0000   45.0000 2571.0215   11.3467
    7.5000  -30.0000   45.0000 2547.1050   11.5074
   -7.5000  -22.5000   45.0000 2592.6604   11.1553
    0.0000  -22.5000   45.0000 2614.3279   11.0003
    7.5000  -22.5000   45.0000 2586.4187   11.1613
   -7.5000  -15.0000   45.0000 2629.8123   11.0002
    0.0000  -15.0000   45.0000 2643.5703   10.8610
    7.5000  -15.0000   45.0000 2614.5906   11.0130
   -7.5000   -7.5000   45.0000 2637.0818   11.0061
    0.0000   -7.5000   45.0000 2647.9028   10.9064
    7.5000   -7.5000   45.0000 2627.9973   11.0402
   -7.5000    0.0000   45.0000 2612.1626   11.2252
    0.0000    0.0000   45.0000 2627.0127   11.1129
    7.5000    0.0000   45.0000 2608.4734   11.2338
   -7.5000    7.5000   45.0000 2563.3164   11.5704
    0.0000    7.5000   45.0000 2577.6367   11.4741
    7.5000    7.5000   45.0000 2561.4880   11.5825
   -7.5000   15.0000   45.0000 2500.5210   12.0181
    0.0000   15.0000   45.0000 2513.1484   11.9390
    7.5000   15.0000   45.0000 2494.8459   12.0466
   -7.5000   22.5000   45.0000 2422.3845   12.5858
    0.0000   22.5000   45.0000 2438.7896   12.5120
    7.5000   22.5000   45.0000 2415.6279   12.6462
   -7.5000   30.0000   45.0000 2336.8977   13.3511
    0.0000   30.0000   45.0000 2352.0339   13.2667
    7.5000   30.0000   45.0000 2330.0127   13.4124
   -7.5000   37.5000   45.0000 2220.1553   14.4381
    0.0000   37.5000   45.0000 2227.5728   14.3591
    7.5000   37.5000   45.0000 2210.6792   14.4928
   -7.5000   45.0000   45.0000 2080.7515   15.9592
    0.0000   45.0000   45.0000 2085.7468   15.8973
    7.5000   45.0000   45.0000 2074.7158   16.0124

---------------------------------------------------------------------
imgreg_4dfp /opt/freesurfer/average/711-2C_as_mni_average_305 /opt/freesurfer/average/711-2B_as_mni_average_305_mask talsrcimg_g11 none talsrcimg_to_711-2C_as_mni_average_305_t4 1283
---------------------------------------------------------------------

freesurfer imgreg_4dfp.c
/opt/freesurfer/average/711-2C_as_mni_average_305.4dfp.img
       256       256       256         1
  1.000000  1.000000  1.000000
orientation T byte_order littleendian
Reading image: /opt/freesurfer/average/711-2C_as_mni_average_305.4dfp.img
dimensions:      256       256       256
mmppix:       1.0000   -1.0000   -1.0000
center:     128.0000 -129.0000 -129.0000
/opt/freesurfer/average/711-2B_as_mni_average_305_mask.4dfp.img
       256       256       256         1
  1.000000  1.000000  1.000000
orientation T byte_order littleendian
Reading mask: /opt/freesurfer/average/711-2B_as_mni_average_305_mask.4dfp.img (2306576 pixels)
talsrcimg_g11.4dfp.img
       256       256       256         1
  1.000000  1.000000  1.000000
orientation T byte_order littleendian
Reading image: talsrcimg_g11.4dfp.img
dimensions:      256       256       256
mmppix:       1.0000   -1.0000   -1.0000
center:     128.0000 -129.0000 -129.0000
rotation matrix determinant  1.000000
fimgreg.f
image alignment mode   1283 decimal      503 hex
parameters
    0.0000   -7.5000   15.0000    0.0000    0.0000    0.0000
eta,q 0.92527  9.32743
niter,ni,del,rscale     5    3   12.0000    1.2000
parameter  4  1.339468 ->  0.500000 qaram    1.1500
parameter  6 -0.573282 -> -0.500000 qaram    1.1500
parameters
   -1.4128   -5.6439   13.0666   -3.4500    0.7128    3.4500
eta,q 0.93364  9.20683
  0.0814  0.0822  0.0753  0.0666  0.0750  0.0731
  0.0751  0.0780  0.0727  0.0670  0.0710  0.0707
  0.0724  0.0745  0.0707  0.0683  0.0683  0.0688
  0.0740  0.0723  0.0717  0.0706  0.0672  0.0673
  0.0785  0.0717  0.0756  0.0734  0.0678  0.0664
  0.0846  0.0727  0.0799  0.0764  0.0693  0.0665
  0.0898  0.0749  0.0839  0.0797  0.0718  0.0670
niter,ni,del,rscale     6    3   12.0000    1.2000
parameter  4  1.116311 ->  0.500000 qaram    1.3225
parameter  6 -0.505367 -> -0.500000 qaram    1.3225
parameters
   -1.3892   -4.2458   12.0586   -7.4175    0.9817    7.4175
eta,q 0.93789  9.16875
  0.0807  0.0745  0.0715  0.0619  0.0693  0.0665
  0.0733  0.0706  0.0681  0.0625  0.0654  0.0652
  0.0679  0.0675  0.0661  0.0632  0.0631  0.0639
  0.0664  0.0664  0.0662  0.0658  0.0625  0.0627
  0.0684  0.0662  0.0688  0.0687  0.0637  0.0620
  0.0738  0.0667  0.0722  0.0722  0.0652  0.0622
  0.0799  0.0693  0.0750  0.0758  0.0676  0.0629
niter,ni,del,rscale     7    3   12.0000    1.2000
parameter  4  0.844848 ->  0.500000 qaram    1.5209
parameters
   -1.1264   -2.6709   10.9135  -11.9801    1.1622    5.7050
eta,q 0.94337  9.12966
  0.0763  0.0730  0.0669  0.0573  0.0639  0.0596
  0.0700  0.0676  0.0631  0.0570  0.0610  0.0583
  0.0648  0.0637  0.0609  0.0584  0.0584  0.0567
  0.0621  0.0619  0.0617  0.0609  0.0572  0.0572
  0.0626  0.0617  0.0644  0.0639  0.0583  0.0584
  0.0680  0.0628  0.0677  0.0682  0.0604  0.0603
  0.0747  0.0652  0.0715  0.0741  0.0632  0.0639
niter,ni,del,rscale     7    3   12.0000    1.2000
parameter  4  0.563758 ->  0.500000 qaram    1.7490
parameters
   -1.4795   -0.6056   10.3283  -17.2272    0.5508    3.9101
eta,q 0.94543  9.12960
  0.0695  0.0698  0.0620  0.0554  0.0613  0.0570
  0.0632  0.0653  0.0589  0.0552  0.0577  0.0557
  0.0580  0.0603  0.0563  0.0545  0.0553  0.0548
  0.0566  0.0565  0.0560  0.0557  0.0549  0.0548
  0.0596  0.0559  0.0580  0.0595  0.0570  0.0562
  0.0657  0.0573  0.0607  0.0634  0.0601  0.0579
  0.0724  0.0598  0.0644  0.0682  0.0638  0.0603
niter,ni,del,rscale     7    3   12.0000    1.2000
parameter  2 -0.670833 -> -0.500000 qaram    1.1500
parameters
   -1.4962    2.8444    9.4739  -19.3624    0.4594    3.7285
eta,q 0.94906  9.12132
  0.0701  0.0637  0.0602  0.0596  0.0585  0.0570
  0.0623  0.0594  0.0553  0.0543  0.0545  0.0545
  0.0565  0.0567  0.0518  0.0516  0.0519  0.0519
  0.0546  0.0546  0.0517  0.0513  0.0509  0.0509
  0.0567  0.0526  0.0547  0.0562  0.0522  0.0517
  0.0627  0.0516  0.0599  0.0621  0.0551  0.0544
  0.0700  0.0532  0.0661  0.0671  0.0587  0.0581
niter,ni,del,rscale     7    3   12.0000    1.2000
parameters
   -1.4597    2.1993    8.8996  -19.7857    0.4324    3.7986
eta,q 0.94866  9.12953
  0.0679  0.0591  0.0600  0.0622  0.0588  0.0571
  0.0592  0.0559  0.0558  0.0560  0.0549  0.0547
  0.0531  0.0530  0.0524  0.0526  0.0524  0.0522
  0.0509  0.0509  0.0513  0.0513  0.0514  0.0514
  0.0534  0.0517  0.0535  0.0531  0.0525  0.0519
  0.0596  0.0572  0.0583  0.0581  0.0552  0.0540
  0.0669  0.0652  0.0643  0.0636  0.0587  0.0573
niter,ni,del,rscale     6    3   12.0000    1.2000
parameters
   -1.4528    2.1609    8.7770  -19.9256    0.4200    3.8485
eta,q 0.94858  9.13262
  0.0680  0.0608  0.0611  0.0627  0.0588  0.0570
  0.0595  0.0567  0.0568  0.0565  0.0550  0.0547
  0.0535  0.0536  0.0532  0.0528  0.0524  0.0522
  0.0513  0.0513  0.0514  0.0514  0.0514  0.0514
  0.0538  0.0514  0.0527  0.0526  0.0525  0.0520
  0.0600  0.0554  0.0569  0.0574  0.0552  0.0541
  0.0674  0.0628  0.0626  0.0631  0.0588  0.0573
niter,ni,del,rscale     5    3   12.0000    1.2000
parameters
   -1.4495    2.1698    8.7536  -19.9725    0.4127    3.8688
eta,q 0.94857  9.13350
  0.0680  0.0610  0.0614  0.0628  0.0588  0.0570
  0.0595  0.0568  0.0570  0.0567  0.0550  0.0546
  0.0536  0.0536  0.0534  0.0529  0.0525  0.0522
  0.0514  0.0514  0.0514  0.0514  0.0514  0.0514
  0.0539  0.0515  0.0525  0.0525  0.0525  0.0520
  0.0601  0.0554  0.0566  0.0572  0.0551  0.0541
  0.0675  0.0626  0.0622  0.0630  0.0588  0.0573
registration optimization eta report
parameter search radius
    6.0000    6.9000    6.0000   10.4940    6.0000    7.9350
100000*second partial in parameter space
       44.       22.       28.       10.       20.        9.
  0.0680  0.0610  0.0614  0.0628  0.0588  0.0570
  0.0595  0.0568  0.0570  0.0567  0.0550  0.0546
  0.0536  0.0536  0.0534  0.0529  0.0525  0.0522
  0.0514  0.0514  0.0514  0.0514  0.0514  0.0514
  0.0539  0.0515  0.0525  0.0525  0.0525  0.0520
  0.0601  0.0554  0.0566  0.0572  0.0551  0.0541
  0.0675  0.0626  0.0622  0.0630  0.0588  0.0573
   -1.4495    2.1698    8.7536  -19.9725    0.4127    3.8688
eta,q 0.94857  9.13350

---------------------------------------------------------------------
imgreg_4dfp /opt/freesurfer/average/711-2C_as_mni_average_305 /opt/freesurfer/average/711-2B_as_mni_average_305_mask talsrcimg_g11 none talsrcimg_to_711-2C_as_mni_average_305_t4 3335
---------------------------------------------------------------------

freesurfer imgreg_4dfp.c
/opt/freesurfer/average/711-2C_as_mni_average_305.4dfp.img
       256       256       256         1
  1.000000  1.000000  1.000000
orientation T byte_order littleendian
Reading image: /opt/freesurfer/average/711-2C_as_mni_average_305.4dfp.img
dimensions:      256       256       256
mmppix:       1.0000   -1.0000   -1.0000
center:     128.0000 -129.0000 -129.0000
/opt/freesurfer/average/711-2B_as_mni_average_305_mask.4dfp.img
       256       256       256         1
  1.000000  1.000000  1.000000
orientation T byte_order littleendian
Reading mask: /opt/freesurfer/average/711-2B_as_mni_average_305_mask.4dfp.img (2306576 pixels)
talsrcimg_g11.4dfp.img
       256       256       256         1
  1.000000  1.000000  1.000000
orientation T byte_order littleendian
Reading image: talsrcimg_g11.4dfp.img
dimensions:      256       256       256
mmppix:       1.0000   -1.0000   -1.0000
center:     128.0000 -129.0000 -129.0000
fimgreg.f
image alignment mode   3335 decimal      D07 hex
parameters
   -1.4495    2.1698    8.7536   -0.2305   -6.2119   -6.0167
   -6.0960   -2.9800    6.7470   34.0333    0.7202  -34.1560
eta,q 0.94906  9.20410
niter,ni,del,rscale     5    3    5.0000    1.2000
parameter  4  1.075676 ->  0.500000 qaram    1.1500
parameter  5  2.594294 ->  0.500000 qaram    1.1500
parameter  6  1.251233 ->  0.500000 qaram    1.1500
parameter 10  1.307601 ->  0.500000 qaram    1.1500
parameter 12 -1.158685 -> -0.500000 qaram    1.1500
parameters
   -1.5211    1.8619    8.6890   -4.3705  -10.3519  -10.1567
   -5.7213   -2.4318    7.2393   29.8933    0.3921  -30.0160
eta,q 0.96380  8.67745
  0.0534  0.0520  0.0523  0.0472  0.0417  0.0386  0.0419  0.0445  0.0414  0.0366  0.0386  0.0411
  0.0520  0.0513  0.0515  0.0477  0.0435  0.0395  0.0409  0.0423  0.0406  0.0371  0.0379  0.0396
  0.0512  0.0509  0.0510  0.0488  0.0455  0.0413  0.0402  0.0407  0.0401  0.0382  0.0374  0.0383
  0.0509  0.0509  0.0509  0.0509  0.0479  0.0440  0.0399  0.0399  0.0398  0.0398  0.0373  0.0373
  0.0513  0.0512  0.0511  0.0538  0.0507  0.0476  0.0400  0.0401  0.0399  0.0419  0.0375  0.0366
  0.0522  0.0518  0.0516  0.0572  0.0538  0.0520  0.0406  0.0413  0.0403  0.0444  0.0380  0.0361
  0.0537  0.0527  0.0525  0.0612  0.0571  0.0568  0.0415  0.0434  0.0411  0.0472  0.0388  0.0358
niter,ni,del,rscale     7    3    5.0000    1.2000
parameter  5  1.530609 ->  0.500000 qaram    1.3225
parameter  6  0.619047 ->  0.500000 qaram    1.3225
parameter 10  0.680983 ->  0.500000 qaram    1.3225
parameter 12 -0.535493 -> -0.500000 qaram    1.3225
parameters
   -1.5194    2.6905    8.1335   -7.4373  -15.1129  -14.9177
   -5.9663   -2.5605    7.4837   25.1323   -1.5054  -25.2550
eta,q 0.97052  8.04780
  0.0393  0.0392  0.0369  0.0367  0.0313  0.0313  0.0331  0.0343  0.0330  0.0305  0.0304  0.0331
  0.0376  0.0378  0.0362  0.0361  0.0322  0.0313  0.0321  0.0326  0.0321  0.0300  0.0301  0.0318
  0.0365  0.0368  0.0359  0.0356  0.0336  0.0316  0.0315  0.0316  0.0316  0.0303  0.0300  0.0307
  0.0362  0.0362  0.0360  0.0358  0.0357  0.0325  0.0313  0.0313  0.0313  0.0313  0.0300  0.0300
  0.0365  0.0360  0.0365  0.0370  0.0381  0.0345  0.0316  0.0318  0.0315  0.0330  0.0303  0.0295
  0.0376  0.0361  0.0373  0.0396  0.0411  0.0380  0.0323  0.0328  0.0320  0.0351  0.0306  0.0295
  0.0392  0.0368  0.0385  0.0430  0.0444  0.0426  0.0333  0.0345  0.0328  0.0375  0.0311  0.0299
niter,ni,del,rscale     7    3    5.0000    1.2000
parameter  5  0.583010 ->  0.500000 qaram    1.5209
parameters
   -1.5552    2.6540    8.6562   -8.2104  -20.5881  -16.6629
   -6.4710   -2.2755    7.8064   24.1393   -0.7418  -24.8465
eta,q 0.97195  7.68327
  0.0320  0.0316  0.0315  0.0309  0.0289  0.0304  0.0301  0.0316  0.0301  0.0316  0.0289  0.0303
  0.0306  0.0304  0.0306  0.0301  0.0283  0.0291  0.0289  0.0298  0.0291  0.0294  0.0285  0.0292
  0.0298  0.0297  0.0299  0.0297  0.0284  0.0283  0.0283  0.0286  0.0284  0.0282  0.0282  0.0284
  0.0295  0.0295  0.0295  0.0294  0.0294  0.0282  0.0281  0.0281  0.0281  0.0281  0.0281  0.0280
  0.0298  0.0298  0.0294  0.0295  0.0311  0.0290  0.0285  0.0285  0.0283  0.0290  0.0281  0.0283
  0.0307  0.0305  0.0297  0.0302  0.0334  0.0305  0.0294  0.0295  0.0289  0.0308  0.0283  0.0289
  0.0322  0.0317  0.0303  0.0321  0.0365  0.0336  0.0307  0.0311  0.0298  0.0332  0.0286  0.0299
niter,ni,del,rscale     7    3    5.0000    1.2000
parameters
   -1.5362    2.9165    7.9203   -8.3618  -21.2224  -17.8918
   -6.4959   -2.3655    7.7567   24.5434   -0.9400  -24.9668
eta,q 0.97214  7.60279
  0.0306  0.0309  0.0286  0.0293  0.0312  0.0305  0.0300  0.0310  0.0296  0.0323  0.0284  0.0297
  0.0292  0.0294  0.0281  0.0284  0.0296  0.0290  0.0289  0.0293  0.0287  0.0299  0.0281  0.0287
  0.0284  0.0284  0.0279  0.0281  0.0284  0.0281  0.0281  0.0282  0.0281  0.0284  0.0279  0.0281
  0.0280  0.0280  0.0280  0.0279  0.0279  0.0279  0.0279  0.0279  0.0279  0.0279  0.0279  0.0279
  0.0283  0.0282  0.0285  0.0279  0.0285  0.0288  0.0281  0.0283  0.0281  0.0283  0.0279  0.0281
  0.0291  0.0288  0.0292  0.0282  0.0300  0.0301  0.0289  0.0294  0.0287  0.0296  0.0281  0.0288
  0.0306  0.0298  0.0301  0.0297  0.0323  0.0322  0.0300  0.0311  0.0296  0.0315  0.0284  0.0297
niter,ni,del,rscale     6    3    5.0000    1.2000
parameters
   -1.5665    3.1018    7.2907   -8.7135  -21.7972  -19.1014
   -6.3417   -2.4927    7.8662   25.2566   -1.0905  -24.7915
eta,q 0.97228  7.51792
  0.0302  0.0304  0.0285  0.0290  0.0310  0.0304  0.0299  0.0308  0.0294  0.0322  0.0282  0.0295
  0.0289  0.0290  0.0280  0.0281  0.0293  0.0290  0.0288  0.0291  0.0285  0.0298  0.0279  0.0285
  0.0282  0.0282  0.0278  0.0278  0.0282  0.0280  0.0280  0.0281  0.0280  0.0283  0.0278  0.0279
  0.0279  0.0279  0.0279  0.0278  0.0278  0.0278  0.0277  0.0277  0.0277  0.0277  0.0277  0.0277
  0.0281  0.0280  0.0282  0.0278  0.0283  0.0287  0.0279  0.0282  0.0279  0.0280  0.0278  0.0279
  0.0290  0.0286  0.0289  0.0281  0.0297  0.0302  0.0286  0.0293  0.0284  0.0292  0.0279  0.0285
  0.0304  0.0296  0.0297  0.0294  0.0318  0.0320  0.0297  0.0309  0.0294  0.0309  0.0283  0.0293
niter,ni,del,rscale     5    3    5.0000    1.2000
parameters
   -1.6280    3.4569    6.5999   -9.1215  -22.9147  -20.6579
   -6.0964   -2.7153    7.9201   26.5760   -0.7892  -24.0884
eta,q 0.97260  7.39788
  0.0299  0.0303  0.0282  0.0288  0.0303  0.0301  0.0296  0.0304  0.0292  0.0321  0.0281  0.0291
  0.0287  0.0290  0.0277  0.0279  0.0288  0.0287  0.0285  0.0288  0.0283  0.0299  0.0277  0.0282
  0.0280  0.0281  0.0276  0.0276  0.0278  0.0277  0.0278  0.0278  0.0277  0.0283  0.0275  0.0277
  0.0277  0.0277  0.0277  0.0276  0.0276  0.0275  0.0275  0.0275  0.0275  0.0275  0.0274  0.0274
  0.0280  0.0278  0.0281  0.0277  0.0282  0.0286  0.0277  0.0280  0.0277  0.0276  0.0275  0.0275
  0.0288  0.0282  0.0287  0.0280  0.0297  0.0304  0.0283  0.0291  0.0282  0.0285  0.0276  0.0280
  0.0302  0.0291  0.0295  0.0291  0.0318  0.0322  0.0294  0.0307  0.0292  0.0302  0.0280  0.0287
niter,ni,del,rscale     4    3    5.0000    1.2000
parameters
   -1.7317    4.1338    5.6851   -9.8190  -24.7959  -22.5961
   -5.8576   -2.9099    7.6193   28.3371    0.0673  -23.3999
eta,q 0.97331  7.23087
  0.0295  0.0305  0.0275  0.0283  0.0294  0.0293  0.0290  0.0297  0.0287  0.0319  0.0277  0.0284
  0.0283  0.0291  0.0272  0.0273  0.0280  0.0280  0.0279  0.0282  0.0277  0.0297  0.0272  0.0275
  0.0276  0.0280  0.0271  0.0269  0.0271  0.0271  0.0272  0.0272  0.0271  0.0280  0.0269  0.0270
  0.0274  0.0274  0.0272  0.0271  0.0270  0.0269  0.0269  0.0269  0.0269  0.0269  0.0267  0.0267
  0.0277  0.0272  0.0277  0.0273  0.0280  0.0280  0.0271  0.0274  0.0272  0.0268  0.0267  0.0268
  0.0286  0.0276  0.0284  0.0276  0.0297  0.0302  0.0277  0.0285  0.0279  0.0277  0.0269  0.0273
  0.0299  0.0283  0.0293  0.0286  0.0320  0.0325  0.0287  0.0300  0.0290  0.0294  0.0274  0.0280
niter,ni,del,rscale     3    3    5.0000    1.2000
parameters
   -1.7590    4.7980    4.9253  -10.3262  -25.9579  -23.8671
   -5.8598   -2.8155    7.2677   29.2575    0.5507  -23.5992
eta,q 0.97367  7.13524
  0.0289  0.0300  0.0270  0.0279  0.0294  0.0292  0.0283  0.0295  0.0282  0.0312  0.0273  0.0277
  0.0277  0.0284  0.0266  0.0268  0.0278  0.0277  0.0273  0.0279  0.0272  0.0290  0.0268  0.0270
  0.0270  0.0273  0.0264  0.0263  0.0267  0.0267  0.0266  0.0268  0.0266  0.0273  0.0265  0.0265
  0.0267  0.0267  0.0265  0.0264  0.0264  0.0264  0.0264  0.0264  0.0264  0.0264  0.0263  0.0263
  0.0269  0.0266  0.0269  0.0268  0.0271  0.0271  0.0266  0.0268  0.0267  0.0266  0.0264  0.0266
  0.0277  0.0269  0.0276  0.0272  0.0289  0.0290  0.0273  0.0278  0.0275  0.0278  0.0266  0.0271
  0.0290  0.0276  0.0285  0.0280  0.0312  0.0315  0.0283  0.0293  0.0286  0.0298  0.0271  0.0278
niter,ni,del,rscale     2    3    5.0000    1.2000
parameters
   -1.6868    5.0536    4.5942  -10.4524  -26.2327  -24.3745
   -5.8670   -2.7127    7.1378   29.6757    0.5352  -23.9616
eta,q 0.97369  7.11447
  0.0287  0.0289  0.0271  0.0280  0.0298  0.0295  0.0282  0.0294  0.0283  0.0308  0.0272  0.0277
  0.0275  0.0276  0.0266  0.0269  0.0282  0.0280  0.0272  0.0279  0.0272  0.0286  0.0267  0.0269
  0.0267  0.0267  0.0263  0.0263  0.0269  0.0269  0.0266  0.0268  0.0266  0.0270  0.0264  0.0264
  0.0263  0.0263  0.0263  0.0263  0.0263  0.0263  0.0263  0.0263  0.0263  0.0263  0.0263  0.0263
  0.0265  0.0265  0.0265  0.0267  0.0267  0.0267  0.0266  0.0267  0.0266  0.0267  0.0264  0.0266
  0.0273  0.0270  0.0270  0.0272  0.0282  0.0283  0.0272  0.0277  0.0273  0.0281  0.0267  0.0271
  0.0285  0.0280  0.0278  0.0278  0.0305  0.0306  0.0282  0.0293  0.0284  0.0301  0.0272  0.0278
niter,ni,del,rscale     1    3    5.0000    1.2000
parameters
   -1.6463    5.1454    4.4522  -10.4870  -26.3038  -24.5721
   -5.8680   -2.6516    7.1057   29.8907    0.4528  -24.1789
eta,q 0.97367  7.11034
  0.0286  0.0286  0.0273  0.0281  0.0299  0.0296  0.0282  0.0294  0.0283  0.0306  0.0272  0.0277
  0.0274  0.0273  0.0267  0.0270  0.0283  0.0282  0.0272  0.0278  0.0273  0.0285  0.0267  0.0269
  0.0266  0.0266  0.0264  0.0263  0.0270  0.0269  0.0266  0.0267  0.0266  0.0270  0.0264  0.0265
  0.0263  0.0263  0.0263  0.0263  0.0263  0.0263  0.0263  0.0263  0.0263  0.0263  0.0263  0.0263
  0.0265  0.0265  0.0265  0.0267  0.0266  0.0266  0.0266  0.0267  0.0266  0.0268  0.0264  0.0266
  0.0273  0.0272  0.0269  0.0273  0.0281  0.0280  0.0272  0.0278  0.0273  0.0282  0.0267  0.0271
  0.0285  0.0282  0.0275  0.0278  0.0303  0.0303  0.0282  0.0293  0.0284  0.0303  0.0272  0.0278
registration optimization eta report
parameter search radius
    2.4000    2.4000    2.4000    8.2800   10.9503    9.5220
    7.2000    7.2000    7.2000    9.5220    7.2000    9.5220
100000*second partial in parameter space
       39.       36.       19.        2.        3.        4.
        4.        6.        4.        5.        2.        2.
  0.0286  0.0286  0.0273  0.0281  0.0299  0.0296  0.0282  0.0294  0.0283  0.0306  0.0272  0.0277
  0.0274  0.0273  0.0267  0.0270  0.0283  0.0282  0.0272  0.0278  0.0273  0.0285  0.0267  0.0269
  0.0266  0.0266  0.0264  0.0263  0.0270  0.0269  0.0266  0.0267  0.0266  0.0270  0.0264  0.0265
  0.0263  0.0263  0.0263  0.0263  0.0263  0.0263  0.0263  0.0263  0.0263  0.0263  0.0263  0.0263
  0.0265  0.0265  0.0265  0.0267  0.0266  0.0266  0.0266  0.0267  0.0266  0.0268  0.0264  0.0266
  0.0273  0.0272  0.0269  0.0273  0.0281  0.0280  0.0272  0.0278  0.0273  0.0282  0.0267  0.0271
  0.0285  0.0282  0.0275  0.0278  0.0303  0.0303  0.0282  0.0293  0.0284  0.0303  0.0272  0.0278
   -1.6463    5.1454    4.4522  -10.4870  -26.3038  -24.5721
   -5.8680   -2.6516    7.1057   29.8907    0.4528  -24.1789
eta,q 0.97367  7.11034

---------------------------------------------------------------------
imgreg_4dfp /opt/freesurfer/average/711-2C_as_mni_average_305 /opt/freesurfer/average/711-2B_as_mni_average_305_mask talsrcimg_g11 none talsrcimg_to_711-2C_as_mni_average_305_t4 2311
---------------------------------------------------------------------

freesurfer imgreg_4dfp.c
/opt/freesurfer/average/711-2C_as_mni_average_305.4dfp.img
       256       256       256         1
  1.000000  1.000000  1.000000
orientation T byte_order littleendian
Reading image: /opt/freesurfer/average/711-2C_as_mni_average_305.4dfp.img
dimensions:      256       256       256
mmppix:       1.0000   -1.0000   -1.0000
center:     128.0000 -129.0000 -129.0000
/opt/freesurfer/average/711-2B_as_mni_average_305_mask.4dfp.img
       256       256       256         1
  1.000000  1.000000  1.000000
orientation T byte_order littleendian
Reading mask: /opt/freesurfer/average/711-2B_as_mni_average_305_mask.4dfp.img (2306576 pixels)
talsrcimg_g11.4dfp.img
       256       256       256         1
  1.000000  1.000000  1.000000
orientation T byte_order littleendian
Reading image: talsrcimg_g11.4dfp.img
dimensions:      256       256       256
mmppix:       1.0000   -1.0000   -1.0000
center:     128.0000 -129.0000 -129.0000
fimgreg.f
image alignment mode   2311 decimal      907 hex
parameters
   -1.6463    5.1454    4.4522  -10.4870  -26.3038  -24.5721
   -5.8680   -2.6516    7.1057   29.8907    0.4528  -24.1789
eta,q 0.97367  7.11034
niter,ni,del,rscale     5    3    5.0000    0.8000
parameters
   -1.6145    5.1424    4.4124  -11.3499  -25.6044  -23.9024
   -5.9037   -2.5504    7.0909   29.8391    0.4252  -24.4720
eta,q 0.97380  7.12017
  0.0274  0.0273  0.0268  0.0268  0.0273  0.0275  0.0271  0.0278  0.0271  0.0274  0.0266  0.0266
  0.0268  0.0267  0.0265  0.0264  0.0268  0.0269  0.0266  0.0270  0.0266  0.0268  0.0264  0.0264
  0.0265  0.0264  0.0264  0.0263  0.0265  0.0265  0.0263  0.0264  0.0263  0.0263  0.0262  0.0262
  0.0263  0.0263  0.0263  0.0263  0.0263  0.0262  0.0262  0.0262  0.0262  0.0262  0.0262  0.0262
  0.0264  0.0264  0.0264  0.0265  0.0263  0.0262  0.0263  0.0264  0.0263  0.0264  0.0263  0.0263
  0.0268  0.0268  0.0266  0.0268  0.0265  0.0264  0.0266  0.0269  0.0266  0.0268  0.0264  0.0264
  0.0273  0.0273  0.0268  0.0272  0.0269  0.0270  0.0272  0.0277  0.0272  0.0275  0.0266  0.0267
niter,ni,del,rscale     4    3    5.0000    0.7000
parameters
   -1.6609    5.1192    4.5311  -11.5109  -25.6436  -23.6820
   -5.8492   -2.5923    7.1064   29.8476    0.4366  -24.4790
eta,q 0.97382  7.11860
  0.0270  0.0269  0.0267  0.0268  0.0268  0.0271  0.0269  0.0274  0.0269  0.0272  0.0265  0.0265
  0.0265  0.0265  0.0264  0.0264  0.0265  0.0266  0.0265  0.0267  0.0265  0.0266  0.0263  0.0263
  0.0263  0.0263  0.0263  0.0262  0.0263  0.0263  0.0263  0.0263  0.0263  0.0263  0.0262  0.0262
  0.0262  0.0262  0.0262  0.0262  0.0262  0.0262  0.0262  0.0262  0.0262  0.0262  0.0262  0.0262
  0.0263  0.0263  0.0262  0.0263  0.0263  0.0262  0.0263  0.0263  0.0263  0.0263  0.0262  0.0262
  0.0266  0.0266  0.0263  0.0265  0.0265  0.0264  0.0265  0.0267  0.0265  0.0266  0.0263  0.0263
  0.0271  0.0269  0.0265  0.0268  0.0269  0.0270  0.0269  0.0274  0.0269  0.0271  0.0265  0.0265
niter,ni,del,rscale     3    3    5.0000    0.6000
parameters
   -1.6902    5.1115    4.5824  -11.6328  -25.6326  -23.5489
   -5.8328   -2.6177    7.1032   29.8280    0.4590  -24.4510
eta,q 0.97383  7.11723
  0.0268  0.0267  0.0265  0.0266  0.0267  0.0268  0.0267  0.0271  0.0267  0.0269  0.0264  0.0264
  0.0264  0.0264  0.0263  0.0263  0.0264  0.0265  0.0264  0.0266  0.0264  0.0265  0.0263  0.0263
  0.0262  0.0262  0.0262  0.0262  0.0262  0.0263  0.0262  0.0263  0.0262  0.0262  0.0262  0.0262
  0.0262  0.0262  0.0262  0.0262  0.0262  0.0262  0.0262  0.0262  0.0262  0.0262  0.0262  0.0262
  0.0263  0.0262  0.0262  0.0263  0.0262  0.0262  0.0262  0.0263  0.0262  0.0263  0.0262  0.0262
  0.0265  0.0264  0.0263  0.0264  0.0264  0.0264  0.0264  0.0266  0.0264  0.0265  0.0263  0.0263
  0.0268  0.0267  0.0264  0.0266  0.0267  0.0268  0.0267  0.0271  0.0267  0.0269  0.0264  0.0264
niter,ni,del,rscale     2    3    5.0000    0.5000
parameters
   -1.7098    5.1029    4.6113  -11.7518  -25.6230  -23.4221
   -5.8107   -2.6290    7.0949   29.7877    0.4746  -24.4384
eta,q 0.97384  7.11536
  0.0266  0.0265  0.0264  0.0265  0.0265  0.0266  0.0266  0.0268  0.0265  0.0267  0.0263  0.0263
  0.0264  0.0263  0.0263  0.0263  0.0263  0.0264  0.0263  0.0264  0.0263  0.0264  0.0262  0.0262
  0.0262  0.0262  0.0262  0.0262  0.0262  0.0262  0.0262  0.0262  0.0262  0.0262  0.0262  0.0262
  0.0262  0.0262  0.0262  0.0262  0.0262  0.0262  0.0262  0.0262  0.0262  0.0262  0.0262  0.0262
  0.0262  0.0262  0.0262  0.0262  0.0262  0.0262  0.0262  0.0262  0.0262  0.0262  0.0262  0.0262
  0.0264  0.0263  0.0263  0.0264  0.0263  0.0263  0.0263  0.0265  0.0263  0.0264  0.0262  0.0262
  0.0266  0.0266  0.0264  0.0265  0.0265  0.0266  0.0265  0.0268  0.0265  0.0267  0.0263  0.0263
niter,ni,del,rscale     1    3    5.0000    0.4000
parameters
   -1.7266    5.0948    4.6382  -11.8542  -25.6146  -23.3284
   -5.7942   -2.6474    7.1027   29.7734    0.4751  -24.4270
eta,q 0.97384  7.11385
  0.0264  0.0264  0.0263  0.0264  0.0264  0.0264  0.0264  0.0266  0.0264  0.0265  0.0263  0.0263
  0.0263  0.0263  0.0262  0.0262  0.0263  0.0263  0.0263  0.0263  0.0263  0.0263  0.0262  0.0262
  0.0262  0.0262  0.0262  0.0262  0.0262  0.0262  0.0262  0.0262  0.0262  0.0262  0.0262  0.0262
  0.0262  0.0262  0.0262  0.0262  0.0262  0.0262  0.0262  0.0262  0.0262  0.0262  0.0262  0.0262
  0.0262  0.0262  0.0262  0.0262  0.0262  0.0262  0.0262  0.0262  0.0262  0.0262  0.0262  0.0262
  0.0263  0.0263  0.0262  0.0263  0.0263  0.0263  0.0263  0.0264  0.0263  0.0263  0.0262  0.0262
  0.0264  0.0264  0.0263  0.0264  0.0264  0.0264  0.0264  0.0266  0.0264  0.0265  0.0263  0.0263
registration optimization eta report
parameter search radius
    0.8000    0.8000    0.8000    2.4000    2.4000    2.4000
    2.4000    2.4000    2.4000    2.4000    2.4000    2.4000
100000*second partial in parameter space
       43.       38.       21.        4.        4.        5.
        4.        7.        4.        6.        2.        2.
  0.0264  0.0264  0.0263  0.0264  0.0264  0.0264  0.0264  0.0266  0.0264  0.0265  0.0263  0.0263
  0.0263  0.0263  0.0262  0.0262  0.0263  0.0263  0.0263  0.0263  0.0263  0.0263  0.0262  0.0262
  0.0262  0.0262  0.0262  0.0262  0.0262  0.0262  0.0262  0.0262  0.0262  0.0262  0.0262  0.0262
  0.0262  0.0262  0.0262  0.0262  0.0262  0.0262  0.0262  0.0262  0.0262  0.0262  0.0262  0.0262
  0.0262  0.0262  0.0262  0.0262  0.0262  0.0262  0.0262  0.0262  0.0262  0.0262  0.0262  0.0262
  0.0263  0.0263  0.0262  0.0263  0.0263  0.0263  0.0263  0.0264  0.0263  0.0263  0.0262  0.0262
  0.0264  0.0264  0.0263  0.0264  0.0264  0.0264  0.0264  0.0266  0.0264  0.0265  0.0263  0.0263
   -1.7266    5.0948    4.6382  -11.8542  -25.6146  -23.3284
   -5.7942   -2.6474    7.1027   29.7734    0.4751  -24.4270
eta,q 0.97384  7.11385

---------------------------------------------------------------------
imgreg_4dfp /opt/freesurfer/average/711-2C_as_mni_average_305 /opt/freesurfer/average/711-2B_as_mni_average_305_mask talsrcimg_g11 none talsrcimg_to_711-2C_as_mni_average_305_t4 2311
---------------------------------------------------------------------

freesurfer imgreg_4dfp.c
/opt/freesurfer/average/711-2C_as_mni_average_305.4dfp.img
       256       256       256         1
  1.000000  1.000000  1.000000
orientation T byte_order littleendian
Reading image: /opt/freesurfer/average/711-2C_as_mni_average_305.4dfp.img
dimensions:      256       256       256
mmppix:       1.0000   -1.0000   -1.0000
center:     128.0000 -129.0000 -129.0000
/opt/freesurfer/average/711-2B_as_mni_average_305_mask.4dfp.img
       256       256       256         1
  1.000000  1.000000  1.000000
orientation T byte_order littleendian
Reading mask: /opt/freesurfer/average/711-2B_as_mni_average_305_mask.4dfp.img (2306576 pixels)
talsrcimg_g11.4dfp.img
       256       256       256         1
  1.000000  1.000000  1.000000
orientation T byte_order littleendian
Reading image: talsrcimg_g11.4dfp.img
dimensions:      256       256       256
mmppix:       1.0000   -1.0000   -1.0000
center:     128.0000 -129.0000 -129.0000
fimgreg.f
image alignment mode   2311 decimal      907 hex
parameters
   -1.7266    5.0948    4.6382  -11.8542  -25.6146  -23.3284
   -5.7942   -2.6474    7.1027   29.7734    0.4751  -24.4270
eta,q 0.97384  7.11385
niter,ni,del,rscale     5    3    5.0000    0.8000
parameters
   -1.7233    5.1209    4.6577  -11.5039  -25.7636  -23.6337
   -5.7993   -2.6577    7.1083   29.8322    0.5204  -24.3992
eta,q 0.97382  7.11544
  0.0273  0.0272  0.0267  0.0271  0.0270  0.0271  0.0271  0.0277  0.0271  0.0274  0.0266  0.0266
  0.0266  0.0266  0.0264  0.0266  0.0265  0.0266  0.0266  0.0269  0.0266  0.0268  0.0264  0.0264
  0.0263  0.0263  0.0262  0.0262  0.0263  0.0263  0.0263  0.0264  0.0263  0.0263  0.0262  0.0262
  0.0262  0.0262  0.0262  0.0262  0.0262  0.0262  0.0262  0.0262  0.0262  0.0262  0.0262  0.0262
  0.0263  0.0263  0.0262  0.0263  0.0263  0.0263  0.0263  0.0264  0.0263  0.0263  0.0262  0.0262
  0.0267  0.0266  0.0264  0.0265  0.0266  0.0267  0.0266  0.0269  0.0266  0.0267  0.0264  0.0264
  0.0272  0.0271  0.0267  0.0268  0.0271  0.0275  0.0271  0.0277  0.0271  0.0274  0.0266  0.0266
niter,ni,del,rscale     4    3    5.0000    0.7000
parameters
   -1.7047    5.1161    4.5987  -11.5479  -25.6848  -23.6160
   -5.8159   -2.6399    7.1077   29.8246    0.4932  -24.4307
eta,q 0.97383  7.11683
  0.0270  0.0269  0.0265  0.0268  0.0269  0.0270  0.0269  0.0274  0.0269  0.0271  0.0265  0.0265
  0.0266  0.0265  0.0263  0.0264  0.0265  0.0266  0.0265  0.0267  0.0265  0.0266  0.0263  0.0263
  0.0263  0.0263  0.0262  0.0262  0.0263  0.0263  0.0263  0.0263  0.0263  0.0263  0.0262  0.0262
  0.0262  0.0262  0.0262  0.0262  0.0262  0.0262  0.0262  0.0262  0.0262  0.0262  0.0262  0.0262
  0.0263  0.0263  0.0262  0.0263  0.0262  0.0262  0.0263  0.0263  0.0263  0.0263  0.0262  0.0262
  0.0265  0.0265  0.0264  0.0265  0.0264  0.0265  0.0265  0.0267  0.0265  0.0266  0.0263  0.0263
  0.0270  0.0269  0.0266  0.0268  0.0268  0.0271  0.0269  0.0274  0.0269  0.0271  0.0265  0.0265
niter,ni,del,rscale     3    3    5.0000    0.6000
parameters
   -1.7051    5.1094    4.6015  -11.6515  -25.6434  -23.5249
   -5.8078   -2.6335    7.1012   29.8074    0.5114  -24.4443
eta,q 0.97384  7.11633
  0.0268  0.0267  0.0265  0.0266  0.0267  0.0268  0.0267  0.0271  0.0267  0.0269  0.0264  0.0264
  0.0264  0.0264  0.0263  0.0263  0.0264  0.0265  0.0264  0.0266  0.0264  0.0265  0.0263  0.0263
  0.0262  0.0262  0.0262  0.0262  0.0262  0.0263  0.0262  0.0263  0.0262  0.0262  0.0262  0.0262
  0.0262  0.0262  0.0262  0.0262  0.0262  0.0262  0.0262  0.0262  0.0262  0.0262  0.0262  0.0262
  0.0262  0.0262  0.0262  0.0263  0.0262  0.0262  0.0262  0.0263  0.0262  0.0263  0.0262  0.0262
  0.0265  0.0264  0.0263  0.0264  0.0264  0.0264  0.0264  0.0266  0.0264  0.0265  0.0263  0.0263
  0.0268  0.0267  0.0265  0.0266  0.0267  0.0268  0.0267  0.0271  0.0267  0.0269  0.0264  0.0264
niter,ni,del,rscale     2    3    5.0000    0.5000
parameters
   -1.7156    5.1063    4.6143  -11.7557  -25.6199  -23.4121
   -5.8041   -2.6443    7.0968   29.7846    0.4818  -24.4277
eta,q 0.97384  7.11548
  0.0266  0.0265  0.0264  0.0265  0.0265  0.0266  0.0266  0.0268  0.0265  0.0267  0.0263  0.0263
  0.0264  0.0263  0.0263  0.0263  0.0263  0.0264  0.0263  0.0264  0.0263  0.0264  0.0262  0.0262
  0.0262  0.0262  0.0262  0.0262  0.0262  0.0262  0.0262  0.0262  0.0262  0.0262  0.0262  0.0262
  0.0262  0.0262  0.0262  0.0262  0.0262  0.0262  0.0262  0.0262  0.0262  0.0262  0.0262  0.0262
  0.0262  0.0262  0.0262  0.0262  0.0262  0.0262  0.0262  0.0262  0.0262  0.0262  0.0262  0.0262
  0.0264  0.0263  0.0263  0.0264  0.0263  0.0263  0.0263  0.0265  0.0263  0.0264  0.0262  0.0262
  0.0266  0.0265  0.0264  0.0265  0.0265  0.0266  0.0266  0.0268  0.0265  0.0267  0.0263  0.0263
niter,ni,del,rscale     1    3    5.0000    0.4000
parameters
   -1.7291    5.0962    4.6402  -11.8604  -25.6006  -23.3264
   -5.7929   -2.6513    7.1070   29.7620    0.5046  -24.3921
eta,q 0.97384  7.11365
  0.0264  0.0264  0.0263  0.0264  0.0264  0.0264  0.0264  0.0266  0.0264  0.0265  0.0263  0.0263
  0.0263  0.0263  0.0262  0.0262  0.0263  0.0263  0.0263  0.0263  0.0263  0.0263  0.0262  0.0262
  0.0262  0.0262  0.0262  0.0262  0.0262  0.0262  0.0262  0.0262  0.0262  0.0262  0.0262  0.0262
  0.0262  0.0262  0.0262  0.0262  0.0262  0.0262  0.0262  0.0262  0.0262  0.0262  0.0262  0.0262
  0.0262  0.0262  0.0262  0.0262  0.0262  0.0262  0.0262  0.0262  0.0262  0.0262  0.0262  0.0262
  0.0263  0.0263  0.0262  0.0263  0.0263  0.0263  0.0263  0.0263  0.0263  0.0263  0.0262  0.0262
  0.0264  0.0264  0.0263  0.0264  0.0264  0.0264  0.0264  0.0266  0.0264  0.0265  0.0263  0.0263
registration optimization eta report
parameter search radius
    0.8000    0.8000    0.8000    2.4000    2.4000    2.4000
    2.4000    2.4000    2.4000    2.4000    2.4000    2.4000
100000*second partial in parameter space
       43.       38.       21.        4.        4.        5.
        4.        7.        4.        6.        2.        2.
  0.0264  0.0264  0.0263  0.0264  0.0264  0.0264  0.0264  0.0266  0.0264  0.0265  0.0263  0.0263
  0.0263  0.0263  0.0262  0.0262  0.0263  0.0263  0.0263  0.0263  0.0263  0.0263  0.0262  0.0262
  0.0262  0.0262  0.0262  0.0262  0.0262  0.0262  0.0262  0.0262  0.0262  0.0262  0.0262  0.0262
  0.0262  0.0262  0.0262  0.0262  0.0262  0.0262  0.0262  0.0262  0.0262  0.0262  0.0262  0.0262
  0.0262  0.0262  0.0262  0.0262  0.0262  0.0262  0.0262  0.0262  0.0262  0.0262  0.0262  0.0262
  0.0263  0.0263  0.0262  0.0263  0.0263  0.0263  0.0263  0.0263  0.0263  0.0263  0.0262  0.0262
  0.0264  0.0264  0.0263  0.0264  0.0264  0.0264  0.0264  0.0266  0.0264  0.0265  0.0263  0.0263
   -1.7291    5.0962    4.6402  -11.8604  -25.6006  -23.3264
   -5.7929   -2.6513    7.1070   29.7620    0.5046  -24.3921
eta,q 0.97384  7.11365

---------------------------------------------------------------------
compute_vox2vox talsrcimg talsrcimg_to_711-2C_as_mni_average_305_t4 /opt/freesurfer/average/711-2C_as_mni_average_305
---------------------------------------------------------------------

freesurfer compute_vox2vox.c
Reading: talsrcimg.4dfp.ifh
Reading: talsrcimg_to_711-2C_as_mni_average_305_t4
Reading: /opt/freesurfer/average/711-2C_as_mni_average_305.4dfp.ifh
Writing: talsrcimg_to_711-2C_as_mni_average_305_t4_vox2vox.txt

start time Wed Mar 11 13:21:12 CET 2026
end		time Wed Mar 11 13:22:40 CET 2026

mpr2mni305 success

avi2talxfm orig_nu.mgz /opt/freesurfer/average/mni305.cor.mgz talsrcimg_to_711-2C_as_mni_average_305_t4_vox2vox.txt transforms/talairach.auto.xfm
avi2talxfm done
mv -f /out/sourcedata/freesurfer/sub-v2s17x50038_ses-1/mri/talsrcimg_to_711-2C_as_mni_average_305_t4_vox2vox.txt /out/sourcedata/freesurfer/sub-v2s17x50038_ses-1/mri/transforms/talsrcimg_to_711-2C_as_mni_average_305_t4_vox2vox.txt
lta_convert --src orig_nu.mgz --trg /opt/freesurfer/average/mni305.cor.mgz --inxfm transforms/talairach.auto.xfm --outlta transforms/talairach.auto.xfm.lta --subject fsaverage
7.3.2

--src: orig_nu.mgz src image (geometry).
--trg: /opt/freesurfer/average/mni305.cor.mgz trg image (geometry).
--inmni: transforms/talairach.auto.xfm input MNI/XFM transform.
--outlta: transforms/talairach.auto.xfm.lta output LTA.
--s: fsaverage subject name
 LTA read, type : 1
 1.12735   0.00436   0.08921   4.25478;
-0.03697   1.15685   0.37640   1.17581;
-0.09290  -0.46319   1.18500   8.25125;
 0.00000   0.00000   0.00000   1.00000;
setting subject to fsaverage
Writing  LTA to file transforms/talairach.auto.xfm.lta...
lta_convert successful.
 
 
Started at Wed Mar 11 13:21:11 CET 2026
Ended   at Wed Mar 11 13:22:40 CET 2026
talairach_avi done
