/out/sourcedata/freesurfer/sub-v2s17x50029_ses-1/mri
/opt/freesurfer/bin/talairach_avi
--i orig_nu.mgz --xfm transforms/talairach.auto.xfm
talairach_avi 7.3.2
Linux dna008 5.14.0-427.37.1.el9_4.x86_64 #1 SMP PREEMPT_DYNAMIC Fri Sep 13 12:41:50 EDT 2024 x86_64 x86_64 x86_64 GNU/Linux
Wed Mar 11 13:11:19 CET 2026
mri_convert orig_nu.mgz talsrcimg.img 
reading from orig_nu.mgz...
TR=0.00, TE=0.00, TI=0.00, flip angle=0.00
i_ras = (-1, 0, 0)
j_ras = (0, 0, -1)
k_ras = (0, 1, 0)
writing to talsrcimg.img...
Analyze Output Matrix
-1.00000   0.00000   0.00000   126.61942;
 0.00000   0.00000   1.00000  -130.73856;
 0.00000  -1.00000   0.00000   125.60526;
 0.00000   0.00000   0.00000   1.00000;
--------------------
INFO: set hdr.hist.orient to -1
mpr2mni305 talsrcimg
Wed Mar 11 13:11:19 CET 2026
/opt/freesurfer/bin/mpr2mni305 talsrcimg
mpr2mni305 7.3.2
target=711-2C_as_mni_average_305

---------------------------------------------------------------------
analyzeto4dfp talsrcimg -O0 -y
---------------------------------------------------------------------

freesurfer ifh2hdr.c
Wed Mar 11 13:11:20 2026
Writing: talsrcimg.4dfp.hdr
freesurfer analyzeto4dfp.c
Reading: talsrcimg.hdr
header size 348 bytes
hdr.dime.datatype	offset=70	value=2
hdr.dime.bitpix		offset=72	value=8
hdr.hist.orient		offset=252	value=-1
dimensionality     4
dimensions       256       256       256         1
Reading: talsrcimg.img
Writing: talsrcimg.4dfp.img
Writing: talsrcimg.4dfp.ifh
ifh2hdr talsrcimg -r0to206
ori=2

---------------------------------------------------------------------
gauss_4dfp talsrcimg 1.1
---------------------------------------------------------------------

freesurfer gauss_4dfp.c
Reading: talsrcimg.4dfp.img
Writing: talsrcimg_g11.4dfp.img
image dimensions 256 256 256 padded to 288 288 288
processing volume 1freesurfer ifh2hdr.c
Wed Mar 11 13:11:21 2026
Writing: talsrcimg_g11.4dfp.hdr

Writing: talsrcimg_g11.4dfp.ifh
including: talsrcimg.4dfp.img.rec in talsrcimg_g11.4dfp.img.rec

---------------------------------------------------------------------
imgreg_4dfp /opt/freesurfer/average/711-2C_as_mni_average_305 none talsrcimg_g11 none talsrcimg_to_711-2C_as_mni_average_305_t4 4355
---------------------------------------------------------------------

freesurfer imgreg_4dfp.c
/opt/freesurfer/average/711-2C_as_mni_average_305.4dfp.img
       256       256       256         1
  1.000000  1.000000  1.000000
orientation T byte_order littleendian
Reading image: /opt/freesurfer/average/711-2C_as_mni_average_305.4dfp.img
dimensions:      256       256       256
mmppix:       1.0000   -1.0000   -1.0000
center:     128.0000 -129.0000 -129.0000
talsrcimg_g11.4dfp.img
       256       256       256         1
  1.000000  1.000000  1.000000
orientation T byte_order littleendian
Reading image: talsrcimg_g11.4dfp.img
dimensions:      256       256       256
mmppix:       1.0000   -1.0000   -1.0000
center:     128.0000 -129.0000 -129.0000
t4_read: open error in t4_sub.f l:  41 t4_file(1:l)talsrcimg_to_711-2C_as_mni_average_305_t4 
t4_read: transform initialized to I4
rotation matrix determinant  1.000000
image alignment mode   4355 decimal     1103 hex
   -7.5000  -45.0000  -45.0000 8190.2007   12.8266
    0.0000  -45.0000  -45.0000 8557.1768   12.8124
    7.5000  -45.0000  -45.0000 8224.6191   12.8020
   -7.5000  -37.5000  -45.0000 8690.9062   12.6040
    0.0000  -37.5000  -45.0000 9097.6328   12.5899
    7.5000  -37.5000  -45.0000 8740.5957   12.5784
   -7.5000  -30.0000  -45.0000 9580.7471   12.4729
    0.0000  -30.0000  -45.000010046.2910   12.4622
    7.5000  -30.0000  -45.0000 9649.8867   12.4540
   -7.5000  -22.5000  -45.000010526.6123   12.3993
    0.0000  -22.5000  -45.000011021.0020   12.3925
    7.5000  -22.5000  -45.000010594.1123   12.3900
   -7.5000  -15.0000  -45.000011357.7725   12.3289
    0.0000  -15.0000  -45.000011882.2920   12.3223
    7.5000  -15.0000  -45.000011429.6904   12.3219
   -7.5000   -7.5000  -45.000012064.3965   12.2710
    0.0000   -7.5000  -45.000012654.8564   12.2603
    7.5000   -7.5000  -45.000012143.7090   12.2563
   -7.5000    0.0000  -45.000012648.4004   12.2342
    0.0000    0.0000  -45.000013287.0762   12.2199
    7.5000    0.0000  -45.000012745.0576   12.2116
   -7.5000    7.5000  -45.000012315.3760   12.2575
    0.0000    7.5000  -45.000012950.7148   12.2433
    7.5000    7.5000  -45.000012420.9385   12.2335
   -7.5000   15.0000  -45.000011848.0078   12.2725
    0.0000   15.0000  -45.000012435.0654   12.2616
    7.5000   15.0000  -45.000011929.9561   12.2546
   -7.5000   22.5000  -45.000011255.8965   12.2706
    0.0000   22.5000  -45.000011816.4521   12.2636
    7.5000   22.5000  -45.000011336.4375   12.2617
   -7.5000   30.0000  -45.000010603.4424   12.1721
    0.0000   30.0000  -45.000011131.5439   12.1645
    7.5000   30.0000  -45.000010671.1016   12.1639
   -7.5000   37.5000  -45.000010337.9941   12.2855
    0.0000   37.5000  -45.000010864.8330   12.2726
    7.5000   37.5000  -45.000010402.1299   12.2683
   -7.5000   45.0000  -45.0000 9665.2373   12.1618
    0.0000   45.0000  -45.000010161.6455   12.1426
    7.5000   45.0000  -45.0000 9718.4277   12.1323
   -7.5000  -45.0000  -37.5000 8692.4707   12.8028
    0.0000  -45.0000  -37.5000 9101.8721   12.7871
    7.5000  -45.0000  -37.5000 8738.2705   12.7770
   -7.5000  -37.5000  -37.5000 9261.2646   12.5738
    0.0000  -37.5000  -37.5000 9719.0762   12.5592
    7.5000  -37.5000  -37.5000 9326.3301   12.5497
   -7.5000  -30.0000  -37.500010243.7979   12.4400
    0.0000  -30.0000  -37.500010746.1973   12.4298
    7.5000  -30.0000  -37.500010314.7012   12.4244
   -7.5000  -22.5000  -37.500011250.4531   12.3698
    0.0000  -22.5000  -37.500011789.4443   12.3633
    7.5000  -22.5000  -37.500011309.8799   12.3627
   -7.5000  -15.0000  -37.500012129.6523   12.3045
    0.0000  -15.0000  -37.500012709.0371   12.2973
    7.5000  -15.0000  -37.500012188.7715   12.2974
   -7.5000   -7.5000  -37.500012862.8926   12.2477
    0.0000   -7.5000  -37.500013525.8340   12.2357
    7.5000   -7.5000  -37.500012946.0771   12.2313
   -7.5000    0.0000  -37.500013459.5977   12.2082
    0.0000    0.0000  -37.500014165.0879   12.1924
    7.5000    0.0000  -37.500013565.6133   12.1841
   -7.5000    7.5000  -37.500013099.3828   12.2256
    0.0000    7.5000  -37.500013757.8115   12.2109
    7.5000    7.5000  -37.500013197.3135   12.2028
   -7.5000   15.0000  -37.500012577.3438   12.2379
    0.0000   15.0000  -37.500013195.5938   12.2274
    7.5000   15.0000  -37.500012671.9355   12.2230
   -7.5000   22.5000  -37.500011927.5078   12.2399
    0.0000   22.5000  -37.500012510.8418   12.2331
    7.5000   22.5000  -37.500012007.0547   12.2330
   -7.5000   30.0000  -37.500011228.8154   12.1465
    0.0000   30.0000  -37.500011797.7129   12.1384
    7.5000   30.0000  -37.500011293.7090   12.1383
   -7.5000   37.5000  -37.500010921.8027   12.2615
    0.0000   37.5000  -37.500011487.2998   12.2474
    7.5000   37.5000  -37.500010993.8408   12.2426
   -7.5000   45.0000  -37.500010165.6328   12.1349
    0.0000   45.0000  -37.500010691.4561   12.1149
    7.5000   45.0000  -37.500010237.8545   12.1051
   -7.5000  -45.0000  -30.0000 9382.8164   13.3036
    0.0000  -45.0000  -30.0000 9845.6162   13.2887
    7.5000  -45.0000  -30.0000 9433.7002   13.2772
   -7.5000  -37.5000  -30.000010025.8174   13.0628
    0.0000  -37.5000  -30.000010541.5830   13.0501
    7.5000  -37.5000  -30.000010096.0293   13.0390
   -7.5000  -30.0000  -30.000011094.3125   12.9248
    0.0000  -30.0000  -30.000011640.2568   12.9169
    7.5000  -30.0000  -30.000011172.6738   12.9093
   -7.5000  -22.5000  -30.000012145.7344   12.8528
    0.0000  -22.5000  -30.000012739.3057   12.8478
    7.5000  -22.5000  -30.000012210.5684   12.8448
   -7.5000  -15.0000  -30.000013084.2539   12.7833
    0.0000  -15.0000  -30.000013718.6143   12.7768
    7.5000  -15.0000  -30.000013162.9307   12.7748
   -7.5000   -7.5000  -30.000013885.0410   12.7205
    0.0000   -7.5000  -30.000014577.4219   12.7086
    7.5000   -7.5000  -30.000013982.4189   12.7027
   -7.5000    0.0000  -30.000014563.3545   12.6754
    0.0000    0.0000  -30.000015292.1514   12.6603
    7.5000    0.0000  -30.000014670.0127   12.6508
   -7.5000    7.5000  -30.000014158.7734   12.6929
    0.0000    7.5000  -30.000014842.8643   12.6799
    7.5000    7.5000  -30.000014242.0273   12.6703
   -7.5000   15.0000  -30.000013578.8564   12.7085
    0.0000   15.0000  -30.000014197.1934   12.7002
    7.5000   15.0000  -30.000013640.7451   12.6937
   -7.5000   22.5000  -30.000012833.9355   12.7123
    0.0000   22.5000  -30.000013411.1475   12.7071
    7.5000   22.5000  -30.000012884.7246   12.7046
   -7.5000   30.0000  -30.000012061.1543   12.6175
    0.0000   30.0000  -30.000012627.6748   12.6101
    7.5000   30.0000  -30.000012106.9238   12.6083
   -7.5000   37.5000  -30.000011704.5938   12.7330
    0.0000   37.5000  -30.000012298.1709   12.7189
    7.5000   37.5000  -30.000011789.1338   12.7124
   -7.5000   45.0000  -30.000010860.3379   12.6060
    0.0000   45.0000  -30.000011405.1553   12.5868
    7.5000   45.0000  -30.000010951.2422   12.5752
   -7.5000  -45.0000  -22.500010058.7031   13.7272
    0.0000  -45.0000  -22.500010549.1182   13.7159
    7.5000  -45.0000  -22.500010102.1875   13.7031
   -7.5000  -37.5000  -22.500010748.6787   13.4824
    0.0000  -37.5000  -22.500011294.2773   13.4730
    7.5000  -37.5000  -22.500010821.4697   13.4584
   -7.5000  -30.0000  -22.500011892.2910   13.3440
    0.0000  -30.0000  -22.500012480.1104   13.3382
    7.5000  -30.0000  -22.500011967.3076   13.3251
   -7.5000  -22.5000  -22.500013020.2793   13.2666
    0.0000  -22.5000  -22.500013630.2441   13.2632
    7.5000  -22.5000  -22.500013084.5938   13.2553
   -7.5000  -15.0000  -22.500014009.3145   13.1871
    0.0000  -15.0000  -22.500014675.1377   13.1824
    7.5000  -15.0000  -22.500014102.5342   13.1778
   -7.5000   -7.5000  -22.500014870.4844   13.1164
    0.0000   -7.5000  -22.500015592.0576   13.1071
    7.5000   -7.5000  -22.500014980.0137   13.1002
   -7.5000    0.0000  -22.500015620.0752   13.0686
    0.0000    0.0000  -22.500016379.3975   13.0567
    7.5000    0.0000  -22.500015718.2168   13.0461
   -7.5000    7.5000  -22.500015182.6592   13.0920
    0.0000    7.5000  -22.500015904.8311   13.0821
    7.5000    7.5000  -22.500015231.3203   13.0692
   -7.5000   15.0000  -22.500014494.1807   13.1143
    0.0000   15.0000  -22.500015173.4277   13.1081
    7.5000   15.0000  -22.500014550.9541   13.0963
   -7.5000   22.5000  -22.500013682.6924   13.1168
    0.0000   22.5000  -22.500014318.0273   13.1130
    7.5000   22.5000  -22.500013726.3828   13.1058
   -7.5000   30.0000  -22.500012820.8467   13.0158
    0.0000   30.0000  -22.500013425.6660   13.0103
    7.5000   30.0000  -22.500012873.6973   13.0059
   -7.5000   37.5000  -22.500012437.2109   13.1280
    0.0000   37.5000  -22.500013042.7021   13.1162
    7.5000   37.5000  -22.500012510.9990   13.1083
   -7.5000   45.0000  -22.500011528.0176   13.0033
    0.0000   45.0000  -22.500012078.2422   12.9864
    7.5000   45.0000  -22.500011601.9971   12.9728
   -7.5000  -45.0000  -15.000010686.2080   14.0290
    0.0000  -45.0000  -15.000011190.5371   14.0196
    7.5000  -45.0000  -15.000010753.6045   14.0062
   -7.5000  -37.5000  -15.000011448.0195   13.7839
    0.0000  -37.5000  -15.000011999.8496   13.7750
    7.5000  -37.5000  -15.000011521.9492   13.7579
   -7.5000  -30.0000  -15.000012656.1836   13.6435
    0.0000  -30.0000  -15.000013269.5615   13.6374
    7.5000  -30.0000  -15.000012736.2764   13.6208
   -7.5000  -22.5000  -15.000013840.8809   13.5581
    0.0000  -22.5000  -15.000014502.9404   13.5548
    7.5000  -22.5000  -15.000013909.6895   13.5445
   -7.5000  -15.0000  -15.000014893.3096   13.4684
    0.0000  -15.0000  -15.000015642.0938   13.4646
    7.5000  -15.0000  -15.000014996.7637   13.4595
   -7.5000   -7.5000  -15.000015852.6523   13.3924
    0.0000   -7.5000  -15.000016642.4980   13.3848
    7.5000   -7.5000  -15.000015943.9561   13.3781
   -7.5000    0.0000  -15.000016639.8008   13.3455
    0.0000    0.0000  -15.000017511.3105   13.3353
    7.5000    0.0000  -15.000016734.4961   13.3243
   -7.5000    7.5000  -15.000016135.5312   13.3760
    0.0000    7.5000  -15.000016982.2773   13.3665
    7.5000    7.5000  -15.000016193.0576   13.3514
   -7.5000   15.0000  -15.000015393.0312   13.4024
    0.0000   15.0000  -15.000016171.1699   13.3958
    7.5000   15.0000  -15.000015418.3613   13.3806
   -7.5000   22.5000  -15.000014526.6299   13.4005
    0.0000   22.5000  -15.000015254.1660   13.3968
    7.5000   22.5000  -15.000014548.2295   13.3873
   -7.5000   30.0000  -15.000013574.7754   13.2938
    0.0000   30.0000  -15.000014256.1055   13.2892
    7.5000   30.0000  -15.000013611.7480   13.2842
   -7.5000   37.5000  -15.000013151.6670   13.4044
    0.0000   37.5000  -15.000013791.6074   13.3940
    7.5000   37.5000  -15.000013212.4990   13.3863
   -7.5000   45.0000  -15.000012193.5879   13.2846
    0.0000   45.0000  -15.000012760.8760   13.2686
    7.5000   45.0000  -15.000012248.6387   13.2541
   -7.5000  -45.0000   -7.500011317.5293   14.1771
    0.0000  -45.0000   -7.500011875.1328   14.1648
    7.5000  -45.0000   -7.500011411.2441   14.1521
   -7.5000  -37.5000   -7.500012127.8760   13.9290
    0.0000  -37.5000   -7.500012727.9580   13.9167
    7.5000  -37.5000   -7.500012215.6123   13.9007
   -7.5000  -30.0000   -7.500013423.2080   13.7824
    0.0000  -30.0000   -7.500014098.7441   13.7730
    7.5000  -30.0000   -7.500013527.4219   13.7587
   -7.5000  -22.5000   -7.500014697.3350   13.6922
    0.0000  -22.5000   -7.500015426.2578   13.6865
    7.5000  -22.5000   -7.500014775.8926   13.6790
   -7.5000  -15.0000   -7.500015819.9648   13.6009
    0.0000  -15.0000   -7.500016644.3379   13.5954
    7.5000  -15.0000   -7.500015900.7715   13.5923
   -7.5000   -7.5000   -7.500016811.5234   13.5268
    0.0000   -7.5000   -7.500017693.4609   13.5173
    7.5000   -7.5000   -7.500016890.6602   13.5118
   -7.5000    0.0000   -7.500017684.8281   13.4828
    0.0000    0.0000   -7.500018677.5879   13.4700
    7.5000    0.0000   -7.500017778.8711   13.4596
   -7.5000    7.5000   -7.500017118.2344   13.5138
    0.0000    7.5000   -7.500018104.0840   13.5010
    7.5000    7.5000   -7.500017207.9238   13.4870
   -7.5000   15.0000   -7.500016267.2744   13.5369
    0.0000   15.0000   -7.500017193.7871   13.5270
    7.5000   15.0000   -7.500016306.7266   13.5141
   -7.5000   22.5000   -7.500015325.2695   13.5306
    0.0000   22.5000   -7.500016151.1768   13.5245
    7.5000   22.5000   -7.500015339.8760   13.5176
   -7.5000   30.0000   -7.500014333.2461   13.4249
    0.0000   30.0000   -7.500015067.4199   13.4183
    7.5000   30.0000   -7.500014333.2041   13.4151
   -7.5000   37.5000   -7.500013864.0400   13.5400
    0.0000   37.5000   -7.500014527.5332   13.5277
    7.5000   37.5000   -7.500013883.6670   13.5214
   -7.5000   45.0000   -7.500012842.4727   13.4251
    0.0000   45.0000   -7.500013448.8271   13.4063
    7.5000   45.0000   -7.500012899.2744   13.3929
   -7.5000  -45.0000    0.000011890.7861   14.2055
    0.0000  -45.0000    0.000012469.6494   14.1889
    7.5000  -45.0000    0.000012005.4590   14.1773
   -7.5000  -37.5000    0.000012743.4990   13.9510
    0.0000  -37.5000    0.000013366.8408   13.9347
    7.5000  -37.5000    0.000012842.9795   13.9218
   -7.5000  -30.0000    0.000014100.2139   13.7976
    0.0000  -30.0000    0.000014795.3262   13.7849
    7.5000  -30.0000    0.000014215.3994   13.7758
   -7.5000  -22.5000    0.000015402.3604   13.7080
    0.0000  -22.5000    0.000016176.2900   13.6995
    7.5000  -22.5000    0.000015506.2842   13.6964
   -7.5000  -15.0000    0.000016553.0742   13.6223
    0.0000  -15.0000    0.000017419.7539   13.6139
    7.5000  -15.0000    0.000016650.1074   13.6131
   -7.5000   -7.5000    0.000017599.6113   13.5526
    0.0000   -7.5000    0.000018537.1582   13.5396
    7.5000   -7.5000    0.000017685.4277   13.5347
   -7.5000    0.0000    0.000018562.2207   13.5086
    0.0000    0.0000    0.000019644.6699   13.4918
    7.5000    0.0000    0.000018667.9316   13.4822
   -7.5000    7.5000    0.000017978.5039   13.5342
    0.0000    7.5000    0.000019094.9277   13.5176
    7.5000    7.5000    0.000018125.1484   13.5065
   -7.5000   15.0000    0.000017062.1855   13.5511
    0.0000   15.0000    0.000018129.0879   13.5382
    7.5000   15.0000    0.000017146.3496   13.5301
   -7.5000   22.5000    0.000016023.1943   13.5457
    0.0000   22.5000    0.000016928.5410   13.5370
    7.5000   22.5000    0.000016030.7842   13.5344
   -7.5000   30.0000    0.000014966.7617   13.4468
    0.0000   30.0000    0.000015758.8145   13.4372
    7.5000   30.0000    0.000014954.9678   13.4361
   -7.5000   37.5000    0.000014472.6455   13.5677
    0.0000   37.5000    0.000015211.8574   13.5523
    7.5000   37.5000    0.000014468.2100   13.5471
   -7.5000   45.0000    0.000013430.3721   13.4543
    0.0000   45.0000    0.000014119.8555   13.4321
    7.5000   45.0000    0.000013445.2920   13.4203
   -7.5000  -45.0000    7.500011535.6348   14.2368
    0.0000  -45.0000    7.500012081.5615   14.2187
    7.5000  -45.0000    7.500011642.2490   14.2072
   -7.5000  -37.5000    7.500012341.2500   13.9761
    0.0000  -37.5000    7.500012921.0127   13.9593
    7.5000  -37.5000    7.500012437.8779   13.9485
   -7.5000  -30.0000    7.500013644.8213   13.8209
    0.0000  -30.0000    7.500014292.1689   13.8088
    7.5000  -30.0000    7.500013762.5996   13.8026
   -7.5000  -22.5000    7.500014898.9678   13.7361
    0.0000  -22.5000    7.500015634.7959   13.7279
    7.5000  -22.5000    7.500015013.4170   13.7270
   -7.5000  -15.0000    7.500015973.8506   13.6569
    0.0000  -15.0000    7.500016777.5215   13.6480
    7.5000  -15.0000    7.500016090.9766   13.6477
   -7.5000   -7.5000    7.500017014.6855   13.5899
    0.0000   -7.5000    7.500017855.6523   13.5755
    7.5000   -7.5000    7.500017099.1602   13.5703
   -7.5000    0.0000    7.500017996.6484   13.5435
    0.0000    0.0000    7.500019029.9512   13.5252
    7.5000    0.0000    7.500018112.6797   13.5156
   -7.5000    7.5000    7.500017478.4395   13.5632
    0.0000    7.5000    7.500018683.0430   13.5461
    7.5000    7.5000    7.500017657.0664   13.5368
   -7.5000   15.0000    7.500016645.4727   13.5774
    0.0000   15.0000    7.500017803.8535   13.5650
    7.5000   15.0000    7.500016750.1230   13.5598
   -7.5000   22.5000    7.500015573.0674   13.5758
    0.0000   22.5000    7.500016576.7754   13.5674
    7.5000   22.5000    7.500015593.8311   13.5670
   -7.5000   30.0000    7.500014500.6436   13.4818
    0.0000   30.0000    7.500015389.1709   13.4718
    7.5000   30.0000    7.500014496.2578   13.4713
   -7.5000   37.5000    7.500014012.7754   13.6061
    0.0000   37.5000    7.500014822.9990   13.5895
    7.5000   37.5000    7.500014004.2080   13.5838
   -7.5000   45.0000    7.500012990.0498   13.4900
    0.0000   45.0000    7.500013724.0742   13.4670
    7.5000   45.0000    7.500012980.5430   13.4557
   -7.5000  -45.0000   15.000011036.6426   14.2855
    0.0000  -45.0000   15.000011566.8164   14.2696
    7.5000  -45.0000   15.000011144.6416   14.2576
   -7.5000  -37.5000   15.000011788.2344   14.0230
    0.0000  -37.5000   15.000012326.1133   14.0095
    7.5000  -37.5000   15.000011901.1631   13.9979
   -7.5000  -30.0000   15.000013030.4580   13.8710
    0.0000  -30.0000   15.000013605.5664   13.8624
    7.5000  -30.0000   15.000013155.3779   13.8546
   -7.5000  -22.5000   15.000014220.4297   13.7898
    0.0000  -22.5000   15.000014855.4453   13.7843
    7.5000  -22.5000   15.000014351.9961   13.7815
   -7.5000  -15.0000   15.000015267.8770   13.7118
    0.0000  -15.0000   15.000015949.4854   13.7047
    7.5000  -15.0000   15.000015410.4512   13.7029
   -7.5000   -7.5000   15.000016301.5234   13.6432
    0.0000   -7.5000   15.000017015.7578   13.6303
    7.5000   -7.5000   15.000016387.3555   13.6243
   -7.5000    0.0000   15.000017214.7676   13.5942
    0.0000    0.0000   15.000018154.3594   13.5779
    7.5000    0.0000   15.000017310.8789   13.5679
   -7.5000    7.5000   15.000016686.9375   13.6129
    0.0000    7.5000   15.000017780.5020   13.5989
    7.5000    7.5000   15.000016798.8652   13.5888
   -7.5000   15.0000   15.000015888.6064   13.6298
    0.0000   15.0000   15.000016978.3516   13.6208
    7.5000   15.0000   15.000015929.9697   13.6141
   -7.5000   22.5000   15.000014909.4951   13.6310
    0.0000   22.5000   15.000015901.6064   13.6252
    7.5000   22.5000   15.000014913.6279   13.6229
   -7.5000   30.0000   15.000013875.8672   13.5348
    0.0000   30.0000   15.000014775.8076   13.5267
    7.5000   30.0000   15.000013903.1719   13.5250
   -7.5000   37.5000   15.000013363.2822   13.6560
    0.0000   37.5000   15.000014191.8672   13.6408
    7.5000   37.5000   15.000013397.7188   13.6340
   -7.5000   45.0000   15.000012397.4688   13.5352
    0.0000   45.0000   15.000013099.8545   13.5144
    7.5000   45.0000   15.000012415.3350   13.5022
   -7.5000  -45.0000   22.500010427.7324   14.3387
    0.0000  -45.0000   22.500010906.2627   14.3274
    7.5000  -45.0000   22.500010527.9209   14.3148
   -7.5000  -37.5000   22.500011144.0322   14.0824
    0.0000  -37.5000   22.500011629.0371   14.0731
    7.5000  -37.5000   22.500011242.2656   14.0585
   -7.5000  -30.0000   22.500012306.2783   13.9378
    0.0000  -30.0000   22.500012848.8955   13.9322
    7.5000  -30.0000   22.500012433.9902   13.9193
   -7.5000  -22.5000   22.500013440.7520   13.8570
    0.0000  -22.5000   22.500014029.8818   13.8538
    7.5000  -22.5000   22.500013581.6729   13.8463
   -7.5000  -15.0000   22.500014463.3701   13.7739
    0.0000  -15.0000   22.500015086.4404   13.7694
    7.5000  -15.0000   22.500014605.3721   13.7653
   -7.5000   -7.5000   22.500015476.2432   13.7015
    0.0000   -7.5000   22.500016149.3350   13.6922
    7.5000   -7.5000   22.500015567.6621   13.6857
   -7.5000    0.0000   22.500016334.5596   13.6530
    0.0000    0.0000   22.500017145.8496   13.6410
    7.5000    0.0000   22.500016392.7891   13.6305
   -7.5000    7.5000   22.500015793.5234   13.6773
    0.0000    7.5000   22.500016630.9004   13.6673
    7.5000    7.5000   22.500015841.1963   13.6545
   -7.5000   15.0000   22.500015001.3730   13.7003
    0.0000   15.0000   22.500015758.2959   13.6943
    7.5000   15.0000   22.500015014.5889   13.6826
   -7.5000   22.5000   22.500014104.2998   13.7002
    0.0000   22.5000   22.500014789.2568   13.6967
    7.5000   22.5000   22.500014102.7002   13.6899
   -7.5000   30.0000   22.500013150.8955   13.5956
    0.0000   30.0000   22.500013796.7461   13.5901
    7.5000   30.0000   22.500013186.9609   13.5863
   -7.5000   37.5000   22.500012672.9141   13.7108
    0.0000   37.5000   22.500013288.7832   13.6988
    7.5000   37.5000   22.500012714.6885   13.6912
   -7.5000   45.0000   22.500011764.6182   13.5875
    0.0000   45.0000   22.500012342.6797   13.5702
    7.5000   45.0000   22.500011798.0391   13.5566
   -7.5000  -45.0000   30.0000 9731.5420   14.4079
    0.0000  -45.0000   30.000010200.1816   14.3989
    7.5000  -45.0000   30.0000 9822.6992   14.3861
   -7.5000  -37.5000   30.000010420.1338   14.1587
    0.0000  -37.5000   30.000010900.5371   14.1504
    7.5000  -37.5000   30.000010502.5283   14.1337
   -7.5000  -30.0000   30.000011533.4395   14.0180
    0.0000  -30.0000   30.000012047.3184   14.0125
    7.5000  -30.0000   30.000011635.0703   13.9963
   -7.5000  -22.5000   30.000012583.9678   13.9341
    0.0000  -22.5000   30.000013123.4053   13.9315
    7.5000  -22.5000   30.000012710.2324   13.9219
   -7.5000  -15.0000   30.000013554.7041   13.8456
    0.0000  -15.0000   30.000014105.7324   13.8424
    7.5000  -15.0000   30.000013671.3125   13.8381
   -7.5000   -7.5000   30.000014468.1123   13.7720
    0.0000   -7.5000   30.000015079.8350   13.7649
    7.5000   -7.5000   30.000014566.0234   13.7591
   -7.5000    0.0000   30.000015205.9766   13.7284
    0.0000    0.0000   30.000015910.8818   13.7185
    7.5000    0.0000   30.000015286.3721   13.7081
   -7.5000    7.5000   30.000014668.4688   13.7594
    0.0000    7.5000   30.000015347.6445   13.7503
    7.5000    7.5000   30.000014728.9209   13.7357
   -7.5000   15.0000   30.000013931.2100   13.7856
    0.0000   15.0000   30.000014557.3506   13.7796
    7.5000   15.0000   30.000013978.4961   13.7649
   -7.5000   22.5000   30.000013119.5938   13.7805
    0.0000   22.5000   30.000013724.0293   13.7775
    7.5000   22.5000   30.000013150.9746   13.7687
   -7.5000   30.0000   30.000012259.7100   13.6675
    0.0000   30.0000   30.000012839.6465   13.6634
    7.5000   30.0000   30.000012290.0176   13.6593
   -7.5000   37.5000   30.000011805.3965   13.7808
    0.0000   37.5000   30.000012359.8164   13.7705
    7.5000   37.5000   30.000011834.1768   13.7636
   -7.5000   45.0000   30.000010986.3809   13.6582
    0.0000   45.0000   30.000011489.4492   13.6422
    7.5000   45.0000   30.000010997.4053   13.6280
   -7.5000  -45.0000   37.5000 9453.0732   14.5717
    0.0000  -45.0000   37.5000 9906.3604   14.5594
    7.5000  -45.0000   37.5000 9518.7793   14.5471
   -7.5000  -37.5000   37.500010116.9717   14.3197
    0.0000  -37.5000   37.500010585.6348   14.3075
    7.5000  -37.5000   37.500010189.7344   14.2916
   -7.5000  -30.0000   37.500011196.4033   14.1739
    0.0000  -30.0000   37.500011696.1035   14.1647
    7.5000  -30.0000   37.500011293.8896   14.1506
   -7.5000  -22.5000   37.500012205.0156   14.0870
    0.0000  -22.5000   37.500012738.2207   14.0817
    7.5000  -22.5000   37.500012315.3799   14.0748
   -7.5000  -15.0000   37.500013113.3086   13.9987
    0.0000  -15.0000   37.500013682.2217   13.9935
    7.5000  -15.0000   37.500013225.4004   13.9913
   -7.5000   -7.5000   37.500013953.1123   13.9287
    0.0000   -7.5000   37.500014592.0781   13.9193
    7.5000   -7.5000   37.500014077.0967   13.9146
   -7.5000    0.0000   37.500014625.5498   13.8899
    0.0000    0.0000   37.500015297.4688   13.8770
    7.5000    0.0000   37.500014727.0068   13.8671
   -7.5000    7.5000   37.500014106.9561   13.9217
    0.0000    7.5000   37.500014729.6240   13.9090
    7.5000    7.5000   37.500014176.2217   13.8951
   -7.5000   15.0000   37.500013398.4053   13.9443
    0.0000   15.0000   37.500013983.6846   13.9347
    7.5000   15.0000   37.500013453.8115   13.9220
   -7.5000   22.5000   37.500012610.8506   13.9352
    0.0000   22.5000   37.500013190.4268   13.9295
    7.5000   22.5000   37.500012644.5342   13.9232
   -7.5000   30.0000   37.500011799.7100   13.8209
    0.0000   30.0000   37.500012364.9971   13.8146
    7.5000   30.0000   37.500011832.0361   13.8123
   -7.5000   37.5000   37.500011375.6895   13.9403
    0.0000   37.5000   37.500011918.3701   13.9278
    7.5000   37.5000   37.500011421.2832   13.9222
   -7.5000   45.0000   37.500010583.8809   13.8206
    0.0000   45.0000   37.500011077.3506   13.8012
    7.5000   45.0000   37.500010613.0537   13.7880
   -7.5000  -45.0000   45.0000 8759.1123   14.7310
    0.0000  -45.0000   45.0000 9185.1318   14.7138
    7.5000  -45.0000   45.0000 8802.8896   14.7023
   -7.5000  -37.5000   45.0000 9348.7393   14.4673
    0.0000  -37.5000   45.0000 9793.7041   14.4504
    7.5000  -37.5000   45.0000 9416.1582   14.4375
   -7.5000  -30.0000   45.000010332.5908   14.3127
    0.0000  -30.0000   45.000010809.4961   14.2996
    7.5000  -30.0000   45.000010424.8135   14.2906
   -7.5000  -22.5000   45.000011271.5273   14.2274
    0.0000  -22.5000   45.000011786.9229   14.2187
    7.5000  -22.5000   45.000011374.7939   14.2165
   -7.5000  -15.0000   45.000012095.1885   14.1461
    0.0000  -15.0000   45.000012644.2725   14.1374
    7.5000  -15.0000   45.000012202.4482   14.1378
   -7.5000   -7.5000   45.000012836.0391   14.0816
    0.0000   -7.5000   45.000013437.0068   14.0682
    7.5000   -7.5000   45.000012955.8730   14.0642
   -7.5000    0.0000   45.000013437.6758   14.0435
    0.0000    0.0000   45.000014040.8525   14.0260
    7.5000    0.0000   45.000013531.8623   14.0167
   -7.5000    7.5000   45.000012935.0000   14.0693
    0.0000    7.5000   45.000013497.0332   14.0519
    7.5000    7.5000   45.000013010.8926   14.0409
   -7.5000   15.0000   45.000012278.8555   14.0853
    0.0000   15.0000   45.000012800.8193   14.0718
    7.5000   15.0000   45.000012339.5107   14.0640
   -7.5000   22.5000   45.000011560.5957   14.0769
    0.0000   22.5000   45.000012059.7119   14.0678
    7.5000   22.5000   45.000011598.4062   14.0662
   -7.5000   30.0000   45.000010818.4941   13.9674
    0.0000   30.0000   45.000011323.5439   13.9574
    7.5000   30.0000   45.000010852.9795   13.9574
   -7.5000   37.5000   45.000010440.9395   14.0958
    0.0000   37.5000   45.000010925.7480   14.0797
    7.5000   37.5000   45.000010478.6660   14.0751
   -7.5000   45.0000   45.0000 9710.0059   13.9845
    0.0000   45.0000   45.000010164.1543   13.9609
    7.5000   45.0000   45.0000 9747.5635   13.9490

---------------------------------------------------------------------
imgreg_4dfp /opt/freesurfer/average/711-2C_as_mni_average_305 /opt/freesurfer/average/711-2B_as_mni_average_305_mask talsrcimg_g11 none talsrcimg_to_711-2C_as_mni_average_305_t4 4355
---------------------------------------------------------------------

freesurfer imgreg_4dfp.c
/opt/freesurfer/average/711-2C_as_mni_average_305.4dfp.img
       256       256       256         1
  1.000000  1.000000  1.000000
orientation T byte_order littleendian
Reading image: /opt/freesurfer/average/711-2C_as_mni_average_305.4dfp.img
dimensions:      256       256       256
mmppix:       1.0000   -1.0000   -1.0000
center:     128.0000 -129.0000 -129.0000
/opt/freesurfer/average/711-2B_as_mni_average_305_mask.4dfp.img
       256       256       256         1
  1.000000  1.000000  1.000000
orientation T byte_order littleendian
Reading mask: /opt/freesurfer/average/711-2B_as_mni_average_305_mask.4dfp.img (2306576 pixels)
talsrcimg_g11.4dfp.img
       256       256       256         1
  1.000000  1.000000  1.000000
orientation T byte_order littleendian
Reading image: talsrcimg_g11.4dfp.img
dimensions:      256       256       256
mmppix:       1.0000   -1.0000   -1.0000
center:     128.0000 -129.0000 -129.0000
rotation matrix determinant  1.000000
image alignment mode   4355 decimal     1103 hex
   -7.5000  -45.0000  -45.0000 2180.1365   18.5051
    0.0000  -45.0000  -45.0000 2192.8213   18.3426
    7.5000  -45.0000  -45.0000 2181.6252   18.4287
   -7.5000  -37.5000  -45.0000 2229.0161   17.3874
    0.0000  -37.5000  -45.0000 2242.6143   17.2111
    7.5000  -37.5000  -45.0000 2233.3728   17.3251
   -7.5000  -30.0000  -45.0000 2277.6248   16.4222
    0.0000  -30.0000  -45.0000 2292.4121   16.3063
    7.5000  -30.0000  -45.0000 2283.3406   16.3925
   -7.5000  -22.5000  -45.0000 2324.7410   15.6789
    0.0000  -22.5000  -45.0000 2339.0728   15.5724
    7.5000  -22.5000  -45.0000 2328.2761   15.6454
   -7.5000  -15.0000  -45.0000 2354.2200   15.0742
    0.0000  -15.0000  -45.0000 2364.1377   14.9588
    7.5000  -15.0000  -45.0000 2353.9341   15.0739
   -7.5000   -7.5000  -45.0000 2369.6399   14.6510
    0.0000   -7.5000  -45.0000 2387.2810   14.5239
    7.5000   -7.5000  -45.0000 2373.5166   14.6190
   -7.5000    0.0000  -45.0000 2377.8311   14.3784
    0.0000    0.0000  -45.0000 2398.6707   14.2302
    7.5000    0.0000  -45.0000 2388.8445   14.2966
   -7.5000    7.5000  -45.0000 2388.2563   14.2378
    0.0000    7.5000  -45.0000 2409.9565   14.0773
    7.5000    7.5000  -45.0000 2400.4485   14.1342
   -7.5000   15.0000  -45.0000 2387.3435   14.3271
    0.0000   15.0000  -45.0000 2409.8162   14.1484
    7.5000   15.0000  -45.0000 2399.4592   14.2032
   -7.5000   22.5000  -45.0000 2373.4243   14.6539
    0.0000   22.5000  -45.0000 2397.2568   14.4745
    7.5000   22.5000  -45.0000 2388.5371   14.5168
   -7.5000   30.0000  -45.0000 2346.4563   15.1649
    0.0000   30.0000  -45.0000 2370.3105   14.9650
    7.5000   30.0000  -45.0000 2362.6636   15.0535
   -7.5000   37.5000  -45.0000 2301.2441   15.9058
    0.0000   37.5000  -45.0000 2324.1255   15.7159
    7.5000   37.5000  -45.0000 2315.6108   15.7802
   -7.5000   45.0000  -45.0000 2241.0933   16.9219
    0.0000   45.0000  -45.0000 2261.7727   16.7233
    7.5000   45.0000  -45.0000 2255.5508   16.7942
   -7.5000  -45.0000  -37.5000 2262.8359   16.9939
    0.0000  -45.0000  -37.5000 2276.6575   16.8723
    7.5000  -45.0000  -37.5000 2268.2666   16.9553
   -7.5000  -37.5000  -37.5000 2319.0830   15.9788
    0.0000  -37.5000  -37.5000 2336.9897   15.8657
    7.5000  -37.5000  -37.5000 2326.7571   15.9476
   -7.5000  -30.0000  -37.5000 2373.0046   15.1805
    0.0000  -30.0000  -37.5000 2389.1211   15.0715
    7.5000  -30.0000  -37.5000 2381.0554   15.1364
   -7.5000  -22.5000  -37.5000 2418.1355   14.5198
    0.0000  -22.5000  -37.5000 2431.5286   14.4078
    7.5000  -22.5000  -37.5000 2422.8811   14.4709
   -7.5000  -15.0000  -37.5000 2446.0137   13.9824
    0.0000  -15.0000  -37.5000 2458.4385   13.8649
    7.5000  -15.0000  -37.5000 2447.0684   13.9613
   -7.5000   -7.5000  -37.5000 2462.1658   13.5747
    0.0000   -7.5000  -37.5000 2484.9221   13.4194
    7.5000   -7.5000  -37.5000 2470.6609   13.5362
   -7.5000    0.0000  -37.5000 2464.4119   13.3386
    0.0000    0.0000  -37.5000 2489.2954   13.1770
    7.5000    0.0000  -37.5000 2478.2290   13.2507
   -7.5000    7.5000  -37.5000 2475.8301   13.1625
    0.0000    7.5000  -37.5000 2496.9653   12.9950
    7.5000    7.5000  -37.5000 2489.3967   13.0779
   -7.5000   15.0000  -37.5000 2477.4812   13.2177
    0.0000   15.0000  -37.5000 2499.9199   13.0339
    7.5000   15.0000  -37.5000 2490.8940   13.1135
   -7.5000   22.5000  -37.5000 2462.5825   13.4960
    0.0000   22.5000  -37.5000 2487.2822   13.2908
    7.5000   22.5000  -37.5000 2477.8750   13.3769
   -7.5000   30.0000  -37.5000 2438.8159   13.9952
    0.0000   30.0000  -37.5000 2463.6316   13.7631
    7.5000   30.0000  -37.5000 2455.1238   13.8779
   -7.5000   37.5000  -37.5000 2391.3845   14.7015
    0.0000   37.5000  -37.5000 2416.0408   14.4749
    7.5000   37.5000  -37.5000 2404.9897   14.5704
   -7.5000   45.0000  -37.5000 2326.3503   15.6650
    0.0000   45.0000  -37.5000 2348.2317   15.4364
    7.5000   45.0000  -37.5000 2339.7622   15.5322
   -7.5000  -45.0000  -30.0000 2391.3430   16.2697
    0.0000  -45.0000  -30.0000 2412.6379   16.1763
    7.5000  -45.0000  -30.0000 2400.3284   16.2336
   -7.5000  -37.5000  -30.0000 2458.0010   15.3041
    0.0000  -37.5000  -30.0000 2478.1882   15.1826
    7.5000  -37.5000  -30.0000 2464.0986   15.2542
   -7.5000  -30.0000  -30.0000 2511.9524   14.5223
    0.0000  -30.0000  -30.0000 2525.7803   14.3970
    7.5000  -30.0000  -30.0000 2518.5708   14.4854
   -7.5000  -22.5000  -30.0000 2549.9541   13.9009
    0.0000  -22.5000  -30.0000 2566.9368   13.7630
    7.5000  -22.5000  -30.0000 2556.3196   13.8473
   -7.5000  -15.0000  -30.0000 2577.5120   13.3825
    0.0000  -15.0000  -30.0000 2594.2700   13.2495
    7.5000  -15.0000  -30.0000 2582.5459   13.3286
   -7.5000   -7.5000  -30.0000 2601.9634   12.9928
    0.0000   -7.5000  -30.0000 2624.1240   12.8202
    7.5000   -7.5000  -30.0000 2611.2126   12.9215
   -7.5000    0.0000  -30.0000 2612.6921   12.7595
    0.0000    0.0000  -30.0000 2636.0925   12.5652
    7.5000    0.0000  -30.0000 2627.9644   12.6605
   -7.5000    7.5000  -30.0000 2623.0002   12.6216
    0.0000    7.5000  -30.0000 2643.4592   12.4416
    7.5000    7.5000  -30.0000 2636.3975   12.5250
   -7.5000   15.0000  -30.0000 2624.1653   12.6668
    0.0000   15.0000  -30.0000 2644.7324   12.4600
    7.5000   15.0000  -30.0000 2638.7002   12.5310
   -7.5000   22.5000  -30.0000 2610.8474   12.9090
    0.0000   22.5000  -30.0000 2631.8354   12.6891
    7.5000   22.5000  -30.0000 2626.1963   12.7650
   -7.5000   30.0000  -30.0000 2582.3787   13.3591
    0.0000   30.0000  -30.0000 2605.7053   13.1289
    7.5000   30.0000  -30.0000 2597.8269   13.2373
   -7.5000   37.5000  -30.0000 2531.6282   14.0440
    0.0000   37.5000  -30.0000 2558.1326   13.8192
    7.5000   37.5000  -30.0000 2548.2871   13.9089
   -7.5000   45.0000  -30.0000 2458.7476   14.9706
    0.0000   45.0000  -30.0000 2483.6052   14.7581
    7.5000   45.0000  -30.0000 2475.2832   14.8523
   -7.5000  -45.0000  -22.5000 2497.1558   15.5430
    0.0000  -45.0000  -22.5000 2516.1758   15.4667
    7.5000  -45.0000  -22.5000 2503.6626   15.5093
   -7.5000  -37.5000  -22.5000 2561.0391   14.6017
    0.0000  -37.5000  -22.5000 2582.1550   14.5064
    7.5000  -37.5000  -22.5000 2569.1675   14.5708
   -7.5000  -30.0000  -22.5000 2611.7732   13.8401
    0.0000  -30.0000  -22.5000 2629.3975   13.7213
    7.5000  -30.0000  -22.5000 2619.2490   13.8002
   -7.5000  -22.5000  -22.5000 2650.7815   13.2273
    0.0000  -22.5000  -22.5000 2666.6025   13.0659
    7.5000  -22.5000  -22.5000 2659.3208   13.1425
   -7.5000  -15.0000  -22.5000 2680.9741   12.7093
    0.0000  -15.0000  -22.5000 2698.8865   12.5417
    7.5000  -15.0000  -22.5000 2689.9536   12.6145
   -7.5000   -7.5000  -22.5000 2704.4521   12.3520
    0.0000   -7.5000  -22.5000 2724.1006   12.1703
    7.5000   -7.5000  -22.5000 2719.1689   12.2590
   -7.5000    0.0000  -22.5000 2726.4824   12.1000
    0.0000    0.0000  -22.5000 2749.5295   11.9035
    7.5000    0.0000  -22.5000 2742.4072   11.9823
   -7.5000    7.5000  -22.5000 2742.0793   11.9924
    0.0000    7.5000  -22.5000 2764.6157   11.7914
    7.5000    7.5000  -22.5000 2753.0352   11.8691
   -7.5000   15.0000  -22.5000 2743.3652   12.0107
    0.0000   15.0000  -22.5000 2766.4695   11.7955
    7.5000   15.0000  -22.5000 2759.7532   11.8670
   -7.5000   22.5000  -22.5000 2730.2639   12.2250
    0.0000   22.5000  -22.5000 2756.9451   12.0175
    7.5000   22.5000  -22.5000 2749.4612   12.0910
   -7.5000   30.0000  -22.5000 2697.5283   12.6416
    0.0000   30.0000  -22.5000 2727.7954   12.4349
    7.5000   30.0000  -22.5000 2717.5349   12.5162
   -7.5000   37.5000  -22.5000 2643.1272   13.3022
    0.0000   37.5000  -22.5000 2674.8088   13.0761
    7.5000   37.5000  -22.5000 2663.6997   13.1739
   -7.5000   45.0000  -22.5000 2563.8308   14.2354
    0.0000   45.0000  -22.5000 2590.2825   14.0023
    7.5000   45.0000  -22.5000 2583.0859   14.1029
   -7.5000  -45.0000  -15.0000 2560.1587   14.9133
    0.0000  -45.0000  -15.0000 2577.1135   14.8109
    7.5000  -45.0000  -15.0000 2569.8550   14.9011
   -7.5000  -37.5000  -15.0000 2628.3884   13.9873
    0.0000  -37.5000  -15.0000 2646.6030   13.8793
    7.5000  -37.5000  -15.0000 2636.7385   13.9517
   -7.5000  -30.0000  -15.0000 2675.0188   13.2097
    0.0000  -30.0000  -15.0000 2694.3438   13.0951
    7.5000  -30.0000  -15.0000 2681.7351   13.1600
   -7.5000  -22.5000  -15.0000 2713.0054   12.5817
    0.0000  -22.5000  -15.0000 2729.0186   12.4518
    7.5000  -22.5000  -15.0000 2721.6267   12.5274
   -7.5000  -15.0000  -15.0000 2747.6086   12.0662
    0.0000  -15.0000  -15.0000 2767.4753   11.9275
    7.5000  -15.0000  -15.0000 2760.9614   11.9940
   -7.5000   -7.5000  -15.0000 2778.3818   11.6997
    0.0000   -7.5000  -15.0000 2799.4746   11.5420
    7.5000   -7.5000  -15.0000 2797.2922   11.6115
   -7.5000    0.0000  -15.0000 2804.9377   11.4839
    0.0000    0.0000  -15.0000 2831.3667   11.2965
    7.5000    0.0000  -15.0000 2823.4204   11.3661
   -7.5000    7.5000  -15.0000 2827.1633   11.3471
    0.0000    7.5000  -15.0000 2855.1816   11.1537
    7.5000    7.5000  -15.0000 2842.3396   11.2112
   -7.5000   15.0000  -15.0000 2840.2122   11.3562
    0.0000   15.0000  -15.0000 2867.2954   11.1588
    7.5000   15.0000  -15.0000 2854.4045   11.2146
   -7.5000   22.5000  -15.0000 2826.1982   11.5633
    0.0000   22.5000  -15.0000 2861.3950   11.3474
    7.5000   22.5000  -15.0000 2847.8909   11.4347
   -7.5000   30.0000  -15.0000 2787.6982   11.9618
    0.0000   30.0000  -15.0000 2822.0730   11.7372
    7.5000   30.0000  -15.0000 2809.6548   11.8467
   -7.5000   37.5000  -15.0000 2726.9736   12.6221
    0.0000   37.5000  -15.0000 2759.5400   12.3767
    7.5000   37.5000  -15.0000 2749.8892   12.4777
   -7.5000   45.0000  -15.0000 2643.0662   13.5573
    0.0000   45.0000  -15.0000 2667.7776   13.3035
    7.5000   45.0000  -15.0000 2661.9358   13.4038
   -7.5000  -45.0000   -7.5000 2596.9851   14.4670
    0.0000  -45.0000   -7.5000 2617.8733   14.3417
    7.5000  -45.0000   -7.5000 2612.5154   14.4439
   -7.5000  -37.5000   -7.5000 2662.2312   13.5167
    0.0000  -37.5000   -7.5000 2684.3911   13.3987
    7.5000  -37.5000   -7.5000 2672.8818   13.4507
   -7.5000  -30.0000   -7.5000 2706.7576   12.7061
    0.0000  -30.0000   -7.5000 2730.7266   12.5842
    7.5000  -30.0000   -7.5000 2722.7983   12.6434
   -7.5000  -22.5000   -7.5000 2748.6475   12.0633
    0.0000  -22.5000   -7.5000 2768.7231   11.9285
    7.5000  -22.5000   -7.5000 2761.3379   11.9904
   -7.5000  -15.0000   -7.5000 2790.7747   11.5448
    0.0000  -15.0000   -7.5000 2816.7839   11.4054
    7.5000  -15.0000   -7.5000 2806.4553   11.4466
   -7.5000   -7.5000   -7.5000 2831.5640   11.1524
    0.0000   -7.5000   -7.5000 2857.8508   11.0022
    7.5000   -7.5000   -7.5000 2853.0933   11.0569
   -7.5000    0.0000   -7.5000 2867.6433   10.9457
    0.0000    0.0000   -7.5000 2897.2705   10.7763
    7.5000    0.0000   -7.5000 2888.2712   10.8306
   -7.5000    7.5000   -7.5000 2899.5630   10.7941
    0.0000    7.5000   -7.5000 2934.1362   10.6111
    7.5000    7.5000   -7.5000 2920.7092   10.6761
   -7.5000   15.0000   -7.5000 2915.0679   10.7939
    0.0000   15.0000   -7.5000 2948.1318   10.5828
    7.5000   15.0000   -7.5000 2931.7812   10.6627
   -7.5000   22.5000   -7.5000 2900.8279   10.9638
    0.0000   22.5000   -7.5000 2937.2603   10.7215
    7.5000   22.5000   -7.5000 2920.4600   10.8390
   -7.5000   30.0000   -7.5000 2856.1738   11.3787
    0.0000   30.0000   -7.5000 2891.7539   11.1180
    7.5000   30.0000   -7.5000 2879.3076   11.2409
   -7.5000   37.5000   -7.5000 2789.1331   12.0343
    0.0000   37.5000   -7.5000 2820.3896   11.7683
    7.5000   37.5000   -7.5000 2809.3940   11.8877
   -7.5000   45.0000   -7.5000 2693.9885   12.9779
    0.0000   45.0000   -7.5000 2723.4753   12.6902
    7.5000   45.0000   -7.5000 2717.1755   12.8191
   -7.5000  -45.0000    0.0000 2617.1128   14.2159
    0.0000  -45.0000    0.0000 2643.1289   14.0591
    7.5000  -45.0000    0.0000 2636.5342   14.1933
   -7.5000  -37.5000    0.0000 2672.0430   13.2229
    0.0000  -37.5000    0.0000 2701.5747   13.0611
    7.5000  -37.5000    0.0000 2692.4399   13.1528
   -7.5000  -30.0000    0.0000 2715.4043   12.3945
    0.0000  -30.0000    0.0000 2739.9832   12.2264
    7.5000  -30.0000    0.0000 2740.5630   12.3091
   -7.5000  -22.5000    0.0000 2762.8652   11.7338
    0.0000  -22.5000    0.0000 2782.2566   11.5677
    7.5000  -22.5000    0.0000 2782.6372   11.6138
   -7.5000  -15.0000    0.0000 2813.7571   11.1719
    0.0000  -15.0000    0.0000 2837.5017   11.0298
    7.5000  -15.0000    0.0000 2831.9893   11.0721
   -7.5000   -7.5000    0.0000 2864.1621   10.7977
    0.0000   -7.5000    0.0000 2894.1624   10.6217
    7.5000   -7.5000    0.0000 2886.5518   10.6744
   -7.5000    0.0000    0.0000 2914.0215   10.5749
    0.0000    0.0000    0.0000 2949.4802   10.4068
    7.5000    0.0000    0.0000 2938.7449   10.4594
   -7.5000    7.5000    0.0000 2954.7332   10.4511
    0.0000    7.5000    0.0000 2995.0903   10.3000
    7.5000    7.5000    0.0000 2978.2844   10.3456
   -7.5000   15.0000    0.0000 2969.8059   10.4390
    0.0000   15.0000    0.0000 3013.1021   10.2331
    7.5000   15.0000    0.0000 2988.2393   10.3195
   -7.5000   22.5000    0.0000 2949.7166   10.5856
    0.0000   22.5000    0.0000 2988.5574   10.3493
    7.5000   22.5000    0.0000 2968.1125   10.4555
   -7.5000   30.0000    0.0000 2904.1846   10.9787
    0.0000   30.0000    0.0000 2938.7568   10.7168
    7.5000   30.0000    0.0000 2924.1580   10.8408
   -7.5000   37.5000    0.0000 2826.1553   11.6554
    0.0000   37.5000    0.0000 2860.0823   11.3736
    7.5000   37.5000    0.0000 2848.6555   11.4919
   -7.5000   45.0000    0.0000 2727.8376   12.6108
    0.0000   45.0000    0.0000 2756.5908   12.3343
    7.5000   45.0000    0.0000 2749.3230   12.4288
   -7.5000  -45.0000    7.5000 2627.9309   14.0992
    0.0000  -45.0000    7.5000 2655.2979   13.8707
    7.5000  -45.0000    7.5000 2647.9773   14.0488
   -7.5000  -37.5000    7.5000 2678.3933   13.0676
    0.0000  -37.5000    7.5000 2702.9390   12.8527
    7.5000  -37.5000    7.5000 2698.0759   12.9793
   -7.5000  -30.0000    7.5000 2720.0146   12.2047
    0.0000  -30.0000    7.5000 2739.6536   12.0167
    7.5000  -30.0000    7.5000 2741.3376   12.1128
   -7.5000  -22.5000    7.5000 2767.7554   11.5038
    0.0000  -22.5000    7.5000 2789.2290   11.3252
    7.5000  -22.5000    7.5000 2786.0808   11.3990
   -7.5000  -15.0000    7.5000 2820.7002   10.9578
    0.0000  -15.0000    7.5000 2846.9985   10.7806
    7.5000  -15.0000    7.5000 2841.6997   10.8582
   -7.5000   -7.5000    7.5000 2883.9763   10.5711
    0.0000   -7.5000    7.5000 2915.4172   10.3654
    7.5000   -7.5000    7.5000 2907.0679   10.4511
   -7.5000    0.0000    7.5000 2940.7456   10.3884
    0.0000    0.0000    7.5000 2984.4434   10.1894
    7.5000    0.0000    7.5000 2968.9407   10.2661
   -7.5000    7.5000    7.5000 2987.1001   10.3072
    0.0000    7.5000    7.5000 3042.6538   10.1466
    7.5000    7.5000    7.5000 3019.1516   10.1862
   -7.5000   15.0000    7.5000 3000.6021   10.3033
    0.0000   15.0000    7.5000 3054.2175   10.1817
    7.5000   15.0000    7.5000 3027.7280   10.1784
   -7.5000   22.5000    7.5000 2969.9216   10.4555
    0.0000   22.5000    7.5000 3015.4043   10.3038
    7.5000   22.5000    7.5000 2990.4336   10.3252
   -7.5000   30.0000    7.5000 2919.1750   10.8161
    0.0000   30.0000    7.5000 2958.8140   10.6407
    7.5000   30.0000    7.5000 2940.3193   10.6767
   -7.5000   37.5000    7.5000 2838.1763   11.4787
    0.0000   37.5000    7.5000 2874.0256   11.2662
    7.5000   37.5000    7.5000 2861.4246   11.3180
   -7.5000   45.0000    7.5000 2735.0618   12.4293
    0.0000   45.0000    7.5000 2766.7673   12.2079
    7.5000   45.0000    7.5000 2753.0813   12.2606
   -7.5000  -45.0000   15.0000 2628.2739   14.0728
    0.0000  -45.0000   15.0000 2655.6416   13.8427
    7.5000  -45.0000   15.0000 2645.4475   14.0296
   -7.5000  -37.5000   15.0000 2672.5381   13.0092
    0.0000  -37.5000   15.0000 2694.6133   12.7541
    7.5000  -37.5000   15.0000 2688.7727   12.9254
   -7.5000  -30.0000   15.0000 2709.3015   12.1406
    0.0000  -30.0000   15.0000 2729.5586   11.9000
    7.5000  -30.0000   15.0000 2728.3293   12.0602
   -7.5000  -22.5000   15.0000 2755.9700   11.4363
    0.0000  -22.5000   15.0000 2778.6860   11.2160
    7.5000  -22.5000   15.0000 2776.8291   11.3468
   -7.5000  -15.0000   15.0000 2807.9563   10.9200
    0.0000  -15.0000   15.0000 2836.5247   10.7048
    7.5000  -15.0000   15.0000 2835.5662   10.8200
   -7.5000   -7.5000   15.0000 2873.2322   10.5648
    0.0000   -7.5000   15.0000 2906.3848   10.3414
    7.5000   -7.5000   15.0000 2897.5183   10.4626
   -7.5000    0.0000   15.0000 2935.9094   10.3926
    0.0000    0.0000   15.0000 2981.9783   10.2149
    7.5000    0.0000   15.0000 2960.5347   10.3037
   -7.5000    7.5000   15.0000 2984.4407   10.3033
    0.0000    7.5000   15.0000 3044.8887   10.1805
    7.5000    7.5000   15.0000 3010.1570   10.2200
   -7.5000   15.0000   15.0000 2993.5078   10.3017
    0.0000   15.0000   15.0000 3056.7532   10.2070
    7.5000   15.0000   15.0000 3019.1958   10.1997
   -7.5000   22.5000   15.0000 2959.1667   10.5172
    0.0000   22.5000   15.0000 3009.8594   10.3796
    7.5000   22.5000   15.0000 2984.7786   10.3825
   -7.5000   30.0000   15.0000 2900.3091   10.9284
    0.0000   30.0000   15.0000 2941.4514   10.7771
    7.5000   30.0000   15.0000 2927.0667   10.7959
   -7.5000   37.5000   15.0000 2818.7153   11.5764
    0.0000   37.5000   15.0000 2852.3035   11.4087
    7.5000   37.5000   15.0000 2840.7637   11.4322
   -7.5000   45.0000   15.0000 2717.8501   12.4824
    0.0000   45.0000   15.0000 2743.3311   12.2903
    7.5000   45.0000   15.0000 2731.5886   12.3335
   -7.5000  -45.0000   22.5000 2604.3511   14.1570
    0.0000  -45.0000   22.5000 2629.4094   13.8925
    7.5000  -45.0000   22.5000 2616.9397   14.1425
   -7.5000  -37.5000   22.5000 2651.8704   13.0878
    0.0000  -37.5000   22.5000 2671.4868   12.8097
    7.5000  -37.5000   22.5000 2663.8430   13.0267
   -7.5000  -30.0000   22.5000 2686.9016   12.2346
    0.0000  -30.0000   22.5000 2704.9028   11.9692
    7.5000  -30.0000   22.5000 2703.2329   12.1766
   -7.5000  -22.5000   22.5000 2732.7119   11.5694
    0.0000  -22.5000   22.5000 2748.8777   11.3296
    7.5000  -22.5000   22.5000 2749.4529   11.4922
   -7.5000  -15.0000   22.5000 2784.0671   11.0709
    0.0000  -15.0000   22.5000 2807.6152   10.8500
    7.5000  -15.0000   22.5000 2805.7690   10.9752
   -7.5000   -7.5000   22.5000 2847.9119   10.7457
    0.0000   -7.5000   22.5000 2877.0977   10.5223
    7.5000   -7.5000   22.5000 2868.5669   10.6370
   -7.5000    0.0000   22.5000 2906.9675   10.5864
    0.0000    0.0000   22.5000 2944.4714   10.4048
    7.5000    0.0000   22.5000 2927.7549   10.4857
   -7.5000    7.5000   22.5000 2948.8970   10.4985
    0.0000    7.5000   22.5000 2997.5303   10.3353
    7.5000    7.5000   22.5000 2972.3623   10.4131
   -7.5000   15.0000   22.5000 2958.0632   10.5257
    0.0000   15.0000   22.5000 3008.2600   10.3360
    7.5000   15.0000   22.5000 2980.9304   10.4103
   -7.5000   22.5000   22.5000 2927.7766   10.7918
    0.0000   22.5000   22.5000 2973.5767   10.5651
    7.5000   22.5000   22.5000 2951.2661   10.6600
   -7.5000   30.0000   22.5000 2864.5571   11.2230
    0.0000   30.0000   22.5000 2904.2996   10.9897
    7.5000   30.0000   22.5000 2891.0186   11.0825
   -7.5000   37.5000   22.5000 2777.9756   11.8973
    0.0000   37.5000   22.5000 2809.1731   11.6633
    7.5000   37.5000   22.5000 2801.2148   11.7384
   -7.5000   45.0000   22.5000 2678.1570   12.7889
    0.0000   45.0000   22.5000 2703.3967   12.5733
    7.5000   45.0000   22.5000 2696.0591   12.6289
   -7.5000  -45.0000   30.0000 2552.5984   14.4827
    0.0000  -45.0000   30.0000 2576.1687   14.2028
    7.5000  -45.0000   30.0000 2565.6702   14.4696
   -7.5000  -37.5000   30.0000 2606.8835   13.4007
    0.0000  -37.5000   30.0000 2625.5261   13.1258
    7.5000  -37.5000   30.0000 2614.6594   13.3549
   -7.5000  -30.0000   30.0000 2648.1689   12.5709
    0.0000  -30.0000   30.0000 2664.7563   12.2985
    7.5000  -30.0000   30.0000 2658.0227   12.5087
   -7.5000  -22.5000   30.0000 2691.7737   11.9120
    0.0000  -22.5000   30.0000 2710.5112   11.6570
    7.5000  -22.5000   30.0000 2706.4036   11.8384
   -7.5000  -15.0000   30.0000 2745.9934   11.4320
    0.0000  -15.0000   30.0000 2765.8467   11.1802
    7.5000  -15.0000   30.0000 2763.6467   11.3512
   -7.5000   -7.5000   30.0000 2805.5205   11.1376
    0.0000   -7.5000   30.0000 2827.0291   10.8832
    7.5000   -7.5000   30.0000 2824.5325   11.0296
   -7.5000    0.0000   30.0000 2857.2278   10.9671
    0.0000    0.0000   30.0000 2884.8984   10.7471
    7.5000    0.0000   30.0000 2875.1292   10.8464
   -7.5000    7.5000   30.0000 2890.4011   10.9044
    0.0000    7.5000   30.0000 2922.4092   10.6916
    7.5000    7.5000   30.0000 2906.7605   10.7935
   -7.5000   15.0000   30.0000 2889.4712   10.9908
    0.0000   15.0000   30.0000 2922.6489   10.7693
    7.5000   15.0000   30.0000 2909.6079   10.8707
   -7.5000   22.5000   30.0000 2865.1621   11.2493
    0.0000   22.5000   30.0000 2898.3831   11.0456
    7.5000   22.5000   30.0000 2887.3706   11.1171
   -7.5000   30.0000   30.0000 2810.1121   11.6707
    0.0000   30.0000   30.0000 2843.3623   11.4490
    7.5000   30.0000   30.0000 2830.1702   11.5280
   -7.5000   37.5000   30.0000 2725.6118   12.3072
    0.0000   37.5000   30.0000 2752.9822   12.0857
    7.5000   37.5000   30.0000 2745.9751   12.1494
   -7.5000   45.0000   30.0000 2627.4478   13.1849
    0.0000   45.0000   30.0000 2648.6648   12.9646
    7.5000   45.0000   30.0000 2645.9141   13.0220
   -7.5000  -45.0000   37.5000 2498.9463   15.0464
    0.0000  -45.0000   37.5000 2518.0483   14.7985
    7.5000  -45.0000   37.5000 2505.9451   15.0303
   -7.5000  -37.5000   37.5000 2555.3345   13.9509
    0.0000  -37.5000   37.5000 2577.0259   13.6697
    7.5000  -37.5000   37.5000 2562.7002   13.9017
   -7.5000  -30.0000   37.5000 2602.0767   13.0869
    0.0000  -30.0000   37.5000 2624.2678   12.7989
    7.5000  -30.0000   37.5000 2613.2339   13.0202
   -7.5000  -22.5000   37.5000 2647.6772   12.4310
    0.0000  -22.5000   37.5000 2673.4541   12.1371
    7.5000  -22.5000   37.5000 2663.3889   12.3481
   -7.5000  -15.0000   37.5000 2695.3003   11.9457
    0.0000  -15.0000   37.5000 2724.7961   11.6619
    7.5000  -15.0000   37.5000 2714.0544   11.8485
   -7.5000   -7.5000   37.5000 2746.0532   11.6719
    0.0000   -7.5000   37.5000 2776.6794   11.4089
    7.5000   -7.5000   37.5000 2767.4255   11.5592
   -7.5000    0.0000   37.5000 2787.7261   11.5187
    0.0000    0.0000   37.5000 2817.3228   11.2747
    7.5000    0.0000   37.5000 2807.9766   11.3938
   -7.5000    7.5000   37.5000 2811.2688   11.4976
    0.0000    7.5000   37.5000 2839.7849   11.2610
    7.5000    7.5000   37.5000 2829.7322   11.3620
   -7.5000   15.0000   37.5000 2806.3132   11.6245
    0.0000   15.0000   37.5000 2834.8074   11.3975
    7.5000   15.0000   37.5000 2824.6467   11.4945
   -7.5000   22.5000   37.5000 2779.7402   11.8807
    0.0000   22.5000   37.5000 2812.9958   11.6669
    7.5000   22.5000   37.5000 2799.1819   11.7506
   -7.5000   30.0000   37.5000 2732.8257   12.2969
    0.0000   30.0000   37.5000 2766.2539   12.0778
    7.5000   30.0000   37.5000 2751.2261   12.1632
   -7.5000   37.5000   37.5000 2658.6990   12.8928
    0.0000   37.5000   37.5000 2682.8049   12.6842
    7.5000   37.5000   37.5000 2677.4006   12.7639
   -7.5000   45.0000   37.5000 2568.4023   13.7421
    0.0000   45.0000   37.5000 2590.7644   13.5167
    7.5000   45.0000   37.5000 2587.2617   13.5905
   -7.5000  -45.0000   45.0000 2437.2244   15.7985
    0.0000  -45.0000   45.0000 2459.3218   15.5926
    7.5000  -45.0000   45.0000 2441.2480   15.7878
   -7.5000  -37.5000   45.0000 2494.2839   14.6390
    0.0000  -37.5000   45.0000 2518.9250   14.4029
    7.5000  -37.5000   45.0000 2503.1226   14.6112
   -7.5000  -30.0000   45.0000 2543.0000   13.7470
    0.0000  -30.0000   45.0000 2570.0088   13.4780
    7.5000  -30.0000   45.0000 2555.9954   13.7051
   -7.5000  -22.5000   45.0000 2592.8799   13.1002
    0.0000  -22.5000   45.0000 2621.8037   12.8324
    7.5000  -22.5000   45.0000 2607.2458   13.0280
   -7.5000  -15.0000   45.0000 2634.9214   12.6355
    0.0000  -15.0000   45.0000 2664.4819   12.3690
    7.5000  -15.0000   45.0000 2651.2031   12.5577
   -7.5000   -7.5000   45.0000 2676.6094   12.3779
    0.0000   -7.5000   45.0000 2709.2244   12.1195
    7.5000   -7.5000   45.0000 2695.7947   12.2705
   -7.5000    0.0000   45.0000 2709.9775   12.2585
    0.0000    0.0000   45.0000 2740.1538   12.0067
    7.5000    0.0000   45.0000 2727.1904   12.1308
   -7.5000    7.5000   45.0000 2723.9741   12.2546
    0.0000    7.5000   45.0000 2752.8118   12.0254
    7.5000    7.5000   45.0000 2743.8298   12.1448
   -7.5000   15.0000   45.0000 2714.8904   12.4074
    0.0000   15.0000   45.0000 2740.2458   12.1867
    7.5000   15.0000   45.0000 2730.7988   12.3007
   -7.5000   22.5000   45.0000 2690.7261   12.6590
    0.0000   22.5000   45.0000 2714.6130   12.4472
    7.5000   22.5000   45.0000 2706.6533   12.5443
   -7.5000   30.0000   45.0000 2646.3914   13.0761
    0.0000   30.0000   45.0000 2675.4216   12.8414
    7.5000   30.0000   45.0000 2663.4473   12.9312
   -7.5000   37.5000   45.0000 2585.2051   13.6417
    0.0000   37.5000   45.0000 2608.0598   13.4038
    7.5000   37.5000   45.0000 2597.9741   13.5059
   -7.5000   45.0000   45.0000 2499.4116   14.4511
    0.0000   45.0000   45.0000 2522.4250   14.2228
    7.5000   45.0000   45.0000 2511.2690   14.3139

---------------------------------------------------------------------
imgreg_4dfp /opt/freesurfer/average/711-2C_as_mni_average_305 /opt/freesurfer/average/711-2B_as_mni_average_305_mask talsrcimg_g11 none talsrcimg_to_711-2C_as_mni_average_305_t4 1283
---------------------------------------------------------------------

freesurfer imgreg_4dfp.c
/opt/freesurfer/average/711-2C_as_mni_average_305.4dfp.img
       256       256       256         1
  1.000000  1.000000  1.000000
orientation T byte_order littleendian
Reading image: /opt/freesurfer/average/711-2C_as_mni_average_305.4dfp.img
dimensions:      256       256       256
mmppix:       1.0000   -1.0000   -1.0000
center:     128.0000 -129.0000 -129.0000
/opt/freesurfer/average/711-2B_as_mni_average_305_mask.4dfp.img
       256       256       256         1
  1.000000  1.000000  1.000000
orientation T byte_order littleendian
Reading mask: /opt/freesurfer/average/711-2B_as_mni_average_305_mask.4dfp.img (2306576 pixels)
talsrcimg_g11.4dfp.img
       256       256       256         1
  1.000000  1.000000  1.000000
orientation T byte_order littleendian
Reading image: talsrcimg_g11.4dfp.img
dimensions:      256       256       256
mmppix:       1.0000   -1.0000   -1.0000
center:     128.0000 -129.0000 -129.0000
rotation matrix determinant  1.000000
fimgreg.f
image alignment mode   1283 decimal      503 hex
parameters
    0.0000   15.0000   15.0000    0.0000    0.0000    0.0000
eta,q 0.95824 10.21416
niter,ni,del,rscale     5    3   12.0000    1.2000
parameter  3  0.643238 ->  0.500000 qaram    1.1500
parameter  4  1.602192 ->  0.500000 qaram    1.1500
parameters
    0.8975   12.4872   11.5500   -3.4500    0.7251   -1.5934
eta,q 0.96628 10.16652
  0.0578  0.0436  0.0391  0.0326  0.0421  0.0365
  0.0497  0.0410  0.0382  0.0340  0.0384  0.0344
  0.0444  0.0406  0.0388  0.0356  0.0358  0.0337
  0.0419  0.0420  0.0403  0.0381  0.0343  0.0341
  0.0430  0.0451  0.0431  0.0417  0.0344  0.0355
  0.0458  0.0508  0.0467  0.0454  0.0363  0.0382
  0.0500  0.0561  0.0513  0.0492  0.0392  0.0414
niter,ni,del,rscale     6    3   12.0000    1.2000
parameter  4  0.835365 ->  0.500000 qaram    1.3225
parameters
    0.7307   12.8463   11.6693   -7.4175    1.4556   -1.8126
eta,q 0.96873 10.15945
  0.0457  0.0436  0.0435  0.0308  0.0392  0.0357
  0.0392  0.0384  0.0385  0.0312  0.0356  0.0334
  0.0348  0.0350  0.0350  0.0321  0.0329  0.0318
  0.0337  0.0337  0.0336  0.0336  0.0314  0.0313
  0.0359  0.0341  0.0344  0.0362  0.0316  0.0319
  0.0405  0.0371  0.0374  0.0401  0.0334  0.0337
  0.0465  0.0414  0.0433  0.0445  0.0363  0.0365
niter,ni,del,rscale     6    3   12.0000    1.2000
parameters
    0.5004   14.2778   10.8019  -10.2319    1.6589   -1.5323
eta,q 0.97118 10.08331
  0.0438  0.0441  0.0400  0.0324  0.0369  0.0352
  0.0367  0.0378  0.0342  0.0292  0.0333  0.0323
  0.0321  0.0332  0.0307  0.0289  0.0302  0.0300
  0.0313  0.0312  0.0309  0.0304  0.0288  0.0288
  0.0337  0.0311  0.0338  0.0327  0.0300  0.0294
  0.0386  0.0327  0.0386  0.0355  0.0327  0.0313
  0.0451  0.0355  0.0452  0.0402  0.0359  0.0344
niter,ni,del,rscale     5    3   12.0000    1.2000
parameters
    0.5537   14.8110   10.1466  -10.6095    1.5477   -1.4756
eta,q 0.97167 10.07033
  0.0444  0.0418  0.0398  0.0355  0.0360  0.0347
  0.0366  0.0349  0.0328  0.0320  0.0323  0.0317
  0.0306  0.0303  0.0287  0.0289  0.0293  0.0293
  0.0288  0.0288  0.0289  0.0285  0.0284  0.0283
  0.0313  0.0299  0.0322  0.0304  0.0300  0.0292
  0.0366  0.0330  0.0373  0.0333  0.0329  0.0314
  0.0434  0.0373  0.0430  0.0363  0.0362  0.0346
niter,ni,del,rscale     4    3   12.0000    1.2000
parameters
    0.6861   14.9544   10.0254  -10.8144    1.4368   -1.4572
eta,q 0.97169 10.06750
  0.0448  0.0402  0.0415  0.0358  0.0360  0.0346
  0.0368  0.0335  0.0344  0.0325  0.0323  0.0317
  0.0303  0.0293  0.0293  0.0292  0.0293  0.0293
  0.0283  0.0284  0.0284  0.0284  0.0283  0.0283
  0.0309  0.0302  0.0310  0.0302  0.0300  0.0292
  0.0363  0.0339  0.0359  0.0332  0.0329  0.0315
  0.0429  0.0381  0.0413  0.0361  0.0362  0.0347
niter,ni,del,rscale     3    3   12.0000    1.2000
parameters
    0.7598   15.0126    9.9846  -10.9001    1.3774   -1.4508
eta,q 0.97167 10.06656
  0.0446  0.0399  0.0416  0.0360  0.0361  0.0346
  0.0366  0.0332  0.0347  0.0327  0.0324  0.0317
  0.0301  0.0292  0.0294  0.0293  0.0293  0.0293
  0.0283  0.0283  0.0284  0.0284  0.0283  0.0283
  0.0311  0.0303  0.0308  0.0300  0.0299  0.0292
  0.0366  0.0341  0.0356  0.0331  0.0328  0.0316
  0.0431  0.0383  0.0410  0.0360  0.0361  0.0347
niter,ni,del,rscale     2    3   12.0000    1.2000
parameters
    0.7957   15.0365    9.9699  -10.9327    1.3489   -1.4484
eta,q 0.97166 10.06630
  0.0445  0.0398  0.0417  0.0361  0.0362  0.0346
  0.0364  0.0331  0.0347  0.0328  0.0325  0.0317
  0.0300  0.0291  0.0295  0.0294  0.0294  0.0293
  0.0283  0.0283  0.0284  0.0284  0.0283  0.0283
  0.0312  0.0304  0.0307  0.0300  0.0299  0.0292
  0.0368  0.0342  0.0356  0.0330  0.0328  0.0316
  0.0433  0.0384  0.0409  0.0359  0.0361  0.0347
registration optimization eta report
parameter search radius
    6.0000    6.0000    6.9000    7.9350    6.0000    6.0000
100000*second partial in parameter space
       42.       29.       27.       12.       21.       17.
  0.0445  0.0398  0.0417  0.0361  0.0362  0.0346
  0.0364  0.0331  0.0347  0.0328  0.0325  0.0317
  0.0300  0.0291  0.0295  0.0294  0.0294  0.0293
  0.0283  0.0283  0.0284  0.0284  0.0283  0.0283
  0.0312  0.0304  0.0307  0.0300  0.0299  0.0292
  0.0368  0.0342  0.0356  0.0330  0.0328  0.0316
  0.0433  0.0384  0.0409  0.0359  0.0361  0.0347
    0.7957   15.0365    9.9699  -10.9327    1.3489   -1.4484
eta,q 0.97166 10.06630

---------------------------------------------------------------------
imgreg_4dfp /opt/freesurfer/average/711-2C_as_mni_average_305 /opt/freesurfer/average/711-2B_as_mni_average_305_mask talsrcimg_g11 none talsrcimg_to_711-2C_as_mni_average_305_t4 3335
---------------------------------------------------------------------

freesurfer imgreg_4dfp.c
/opt/freesurfer/average/711-2C_as_mni_average_305.4dfp.img
       256       256       256         1
  1.000000  1.000000  1.000000
orientation T byte_order littleendian
Reading image: /opt/freesurfer/average/711-2C_as_mni_average_305.4dfp.img
dimensions:      256       256       256
mmppix:       1.0000   -1.0000   -1.0000
center:     128.0000 -129.0000 -129.0000
/opt/freesurfer/average/711-2B_as_mni_average_305_mask.4dfp.img
       256       256       256         1
  1.000000  1.000000  1.000000
orientation T byte_order littleendian
Reading mask: /opt/freesurfer/average/711-2B_as_mni_average_305_mask.4dfp.img (2306576 pixels)
talsrcimg_g11.4dfp.img
       256       256       256         1
  1.000000  1.000000  1.000000
orientation T byte_order littleendian
Reading image: talsrcimg_g11.4dfp.img
dimensions:      256       256       256
mmppix:       1.0000   -1.0000   -1.0000
center:     128.0000 -129.0000 -129.0000
fimgreg.f
image alignment mode   3335 decimal      D07 hex
parameters
    0.7957   15.0365    9.9699   -0.0597   -1.8576   -1.8421
    2.9281   -1.8311   -2.5270   19.0180    2.3540  -18.9603
eta,q 0.97238 10.15813
niter,ni,del,rscale     5    3    5.0000    1.2000
parameter  5  1.416624 ->  0.500000 qaram    1.1500
parameters
    0.7662   14.5940    9.9487   -1.2178   -5.9976   -4.9894
    3.0068   -1.6186   -2.1257   16.1820    3.6704  -17.9179
eta,q 0.97494  9.83559
  0.0303  0.0288  0.0292  0.0289  0.0257  0.0265  0.0277  0.0294  0.0274  0.0261  0.0266  0.0265
  0.0288  0.0279  0.0283  0.0281  0.0260  0.0258  0.0266  0.0275  0.0264  0.0253  0.0259  0.0258
  0.0279  0.0276  0.0277  0.0276  0.0266  0.0256  0.0259  0.0262  0.0258  0.0251  0.0254  0.0253
  0.0276  0.0276  0.0275  0.0275  0.0275  0.0261  0.0256  0.0256  0.0256  0.0256  0.0251  0.0251
  0.0280  0.0281  0.0277  0.0280  0.0286  0.0275  0.0258  0.0259  0.0257  0.0265  0.0251  0.0251
  0.0289  0.0289  0.0283  0.0289  0.0300  0.0298  0.0266  0.0271  0.0262  0.0278  0.0253  0.0254
  0.0304  0.0300  0.0292  0.0304  0.0314  0.0327  0.0276  0.0291  0.0270  0.0294  0.0258  0.0259
niter,ni,del,rscale     5    3    5.0000    1.2000
parameters
    0.6615   14.1994    9.5496   -0.7205   -7.8525   -5.7263
    2.8991   -1.7789   -2.3741   15.7907    4.0576  -17.8636
eta,q 0.97528  9.75708
  0.0276  0.0266  0.0260  0.0271  0.0263  0.0267  0.0269  0.0284  0.0264  0.0270  0.0259  0.0259
  0.0262  0.0255  0.0253  0.0261  0.0252  0.0258  0.0257  0.0265  0.0255  0.0257  0.0253  0.0253
  0.0253  0.0250  0.0250  0.0254  0.0247  0.0251  0.0250  0.0252  0.0249  0.0249  0.0249  0.0249
  0.0251  0.0251  0.0250  0.0249  0.0249  0.0247  0.0247  0.0247  0.0247  0.0247  0.0247  0.0247
  0.0255  0.0256  0.0253  0.0250  0.0257  0.0250  0.0250  0.0252  0.0250  0.0252  0.0248  0.0249
  0.0265  0.0266  0.0260  0.0256  0.0268  0.0261  0.0258  0.0266  0.0257  0.0261  0.0251  0.0253
  0.0281  0.0280  0.0270  0.0267  0.0283  0.0283  0.0270  0.0288  0.0266  0.0274  0.0257  0.0259
niter,ni,del,rscale     4    3    5.0000    1.2000
parameters
    0.6342   14.2386    9.3922   -0.4078   -7.8030   -5.9642
    2.9700   -1.8457   -2.4844   15.7831    4.1390  -17.9912
eta,q 0.97528  9.76186
  0.0275  0.0272  0.0260  0.0269  0.0273  0.0269  0.0270  0.0284  0.0265  0.0272  0.0258  0.0258
  0.0260  0.0258  0.0252  0.0259  0.0260  0.0259  0.0258  0.0266  0.0255  0.0259  0.0252  0.0252
  0.0250  0.0250  0.0248  0.0251  0.0250  0.0251  0.0250  0.0252  0.0249  0.0250  0.0249  0.0249
  0.0247  0.0247  0.0247  0.0247  0.0247  0.0247  0.0247  0.0247  0.0247  0.0247  0.0247  0.0247
  0.0251  0.0250  0.0250  0.0249  0.0251  0.0248  0.0250  0.0252  0.0250  0.0250  0.0248  0.0249
  0.0261  0.0258  0.0255  0.0255  0.0260  0.0258  0.0257  0.0265  0.0256  0.0259  0.0252  0.0253
  0.0276  0.0269  0.0264  0.0267  0.0272  0.0276  0.0269  0.0287  0.0266  0.0272  0.0258  0.0259
niter,ni,del,rscale     3    3    5.0000    1.2000
parameters
    0.6295   14.2451    9.3032   -0.3650   -7.7516   -6.0511
    3.0116   -1.8539   -2.5067   15.8142    4.1589  -18.0713
eta,q 0.97527  9.76237
  0.0275  0.0271  0.0261  0.0268  0.0273  0.0270  0.0269  0.0285  0.0265  0.0272  0.0258  0.0259
  0.0260  0.0257  0.0253  0.0258  0.0260  0.0259  0.0258  0.0266  0.0255  0.0259  0.0252  0.0253
  0.0251  0.0249  0.0248  0.0251  0.0251  0.0252  0.0250  0.0253  0.0249  0.0250  0.0248  0.0249
  0.0247  0.0247  0.0247  0.0247  0.0247  0.0247  0.0247  0.0247  0.0247  0.0247  0.0247  0.0247
  0.0250  0.0250  0.0249  0.0249  0.0251  0.0248  0.0250  0.0252  0.0250  0.0250  0.0248  0.0249
  0.0260  0.0258  0.0255  0.0256  0.0260  0.0257  0.0258  0.0265  0.0256  0.0259  0.0252  0.0253
  0.0276  0.0270  0.0263  0.0269  0.0272  0.0275  0.0269  0.0286  0.0265  0.0271  0.0258  0.0259
niter,ni,del,rscale     2    3    5.0000    1.2000
parameters
    0.6304   14.2509    9.2680   -0.3591   -7.7322   -6.0851
    3.0204   -1.8528   -2.5069   15.8355    4.1715  -18.1254
eta,q 0.97527  9.76239
  0.0275  0.0271  0.0262  0.0268  0.0273  0.0270  0.0269  0.0285  0.0265  0.0272  0.0258  0.0259
  0.0260  0.0257  0.0254  0.0258  0.0260  0.0260  0.0258  0.0266  0.0255  0.0259  0.0252  0.0253
  0.0251  0.0250  0.0249  0.0251  0.0251  0.0252  0.0250  0.0253  0.0249  0.0250  0.0249  0.0249
  0.0247  0.0247  0.0247  0.0247  0.0247  0.0247  0.0247  0.0247  0.0247  0.0247  0.0247  0.0247
  0.0250  0.0250  0.0249  0.0249  0.0251  0.0248  0.0250  0.0252  0.0250  0.0250  0.0249  0.0249
  0.0260  0.0258  0.0254  0.0256  0.0260  0.0256  0.0258  0.0265  0.0256  0.0259  0.0252  0.0253
  0.0276  0.0270  0.0262  0.0269  0.0272  0.0274  0.0269  0.0286  0.0265  0.0271  0.0258  0.0259
niter,ni,del,rscale     1    3    5.0000    1.2000
parameters
    0.6316   14.2542    9.2521   -0.3571   -7.7241   -6.0948
    3.0202   -1.8550   -2.5074   15.8533    4.1784  -18.1431
eta,q 0.97527  9.76258
  0.0275  0.0271  0.0262  0.0268  0.0273  0.0270  0.0269  0.0285  0.0265  0.0272  0.0258  0.0259
  0.0260  0.0257  0.0254  0.0258  0.0260  0.0260  0.0258  0.0266  0.0255  0.0259  0.0252  0.0253
  0.0251  0.0250  0.0249  0.0251  0.0251  0.0252  0.0250  0.0253  0.0249  0.0250  0.0249  0.0249
  0.0247  0.0247  0.0247  0.0247  0.0247  0.0247  0.0247  0.0247  0.0247  0.0247  0.0247  0.0247
  0.0250  0.0250  0.0249  0.0249  0.0251  0.0248  0.0250  0.0252  0.0250  0.0250  0.0249  0.0249
  0.0260  0.0258  0.0254  0.0257  0.0260  0.0256  0.0258  0.0265  0.0256  0.0259  0.0252  0.0253
  0.0276  0.0270  0.0262  0.0269  0.0272  0.0274  0.0269  0.0286  0.0265  0.0271  0.0258  0.0259
registration optimization eta report
parameter search radius
    2.4000    2.4000    2.4000    7.2000    8.2800    7.2000
    7.2000    7.2000    7.2000    7.2000    7.2000    7.2000
100000*second partial in parameter space
       49.       40.       25.        4.        4.        5.
        4.        7.        3.        5.        2.        2.
  0.0275  0.0271  0.0262  0.0268  0.0273  0.0270  0.0269  0.0285  0.0265  0.0272  0.0258  0.0259
  0.0260  0.0257  0.0254  0.0258  0.0260  0.0260  0.0258  0.0266  0.0255  0.0259  0.0252  0.0253
  0.0251  0.0250  0.0249  0.0251  0.0251  0.0252  0.0250  0.0253  0.0249  0.0250  0.0249  0.0249
  0.0247  0.0247  0.0247  0.0247  0.0247  0.0247  0.0247  0.0247  0.0247  0.0247  0.0247  0.0247
  0.0250  0.0250  0.0249  0.0249  0.0251  0.0248  0.0250  0.0252  0.0250  0.0250  0.0249  0.0249
  0.0260  0.0258  0.0254  0.0257  0.0260  0.0256  0.0258  0.0265  0.0256  0.0259  0.0252  0.0253
  0.0276  0.0270  0.0262  0.0269  0.0272  0.0274  0.0269  0.0286  0.0265  0.0271  0.0258  0.0259
    0.6316   14.2542    9.2521   -0.3571   -7.7241   -6.0948
    3.0202   -1.8550   -2.5074   15.8533    4.1784  -18.1431
eta,q 0.97527  9.76258

---------------------------------------------------------------------
imgreg_4dfp /opt/freesurfer/average/711-2C_as_mni_average_305 /opt/freesurfer/average/711-2B_as_mni_average_305_mask talsrcimg_g11 none talsrcimg_to_711-2C_as_mni_average_305_t4 2311
---------------------------------------------------------------------

freesurfer imgreg_4dfp.c
/opt/freesurfer/average/711-2C_as_mni_average_305.4dfp.img
       256       256       256         1
  1.000000  1.000000  1.000000
orientation T byte_order littleendian
Reading image: /opt/freesurfer/average/711-2C_as_mni_average_305.4dfp.img
dimensions:      256       256       256
mmppix:       1.0000   -1.0000   -1.0000
center:     128.0000 -129.0000 -129.0000
/opt/freesurfer/average/711-2B_as_mni_average_305_mask.4dfp.img
       256       256       256         1
  1.000000  1.000000  1.000000
orientation T byte_order littleendian
Reading mask: /opt/freesurfer/average/711-2B_as_mni_average_305_mask.4dfp.img (2306576 pixels)
talsrcimg_g11.4dfp.img
       256       256       256         1
  1.000000  1.000000  1.000000
orientation T byte_order littleendian
Reading image: talsrcimg_g11.4dfp.img
dimensions:      256       256       256
mmppix:       1.0000   -1.0000   -1.0000
center:     128.0000 -129.0000 -129.0000
fimgreg.f
image alignment mode   2311 decimal      907 hex
parameters
    0.6316   14.2542    9.2521   -0.3571   -7.7241   -6.0948
    3.0202   -1.8550   -2.5074   15.8533    4.1784  -18.1431
eta,q 0.97527  9.76259
niter,ni,del,rscale     5    3    5.0000    0.8000
parameters
    0.6390   14.2144    9.2229   -0.1002   -7.8082   -5.6338
    3.0053   -1.7987   -2.5492   15.7730    4.0868  -18.2066
eta,q 0.97531  9.78885
  0.0260  0.0257  0.0254  0.0258  0.0257  0.0259  0.0257  0.0266  0.0255  0.0258  0.0252  0.0252
  0.0253  0.0252  0.0250  0.0253  0.0252  0.0254  0.0252  0.0256  0.0250  0.0252  0.0249  0.0250
  0.0249  0.0248  0.0248  0.0249  0.0248  0.0250  0.0248  0.0249  0.0248  0.0248  0.0247  0.0248
  0.0247  0.0247  0.0247  0.0247  0.0247  0.0247  0.0247  0.0247  0.0247  0.0247  0.0247  0.0247
  0.0249  0.0249  0.0248  0.0248  0.0249  0.0247  0.0248  0.0249  0.0248  0.0248  0.0248  0.0248
  0.0253  0.0252  0.0250  0.0251  0.0252  0.0250  0.0252  0.0255  0.0251  0.0253  0.0249  0.0250
  0.0260  0.0258  0.0254  0.0257  0.0258  0.0257  0.0257  0.0265  0.0255  0.0259  0.0252  0.0253
niter,ni,del,rscale     4    3    5.0000    0.7000
parameters
    0.6548   14.2128    9.3565   -0.1198   -7.9067   -5.3258
    3.0083   -1.7864   -2.5518   15.7709    4.0428  -18.1349
eta,q 0.97533  9.79728
  0.0257  0.0255  0.0253  0.0255  0.0254  0.0256  0.0255  0.0261  0.0253  0.0256  0.0251  0.0251
  0.0252  0.0250  0.0250  0.0251  0.0250  0.0252  0.0250  0.0254  0.0249  0.0251  0.0248  0.0249
  0.0248  0.0248  0.0248  0.0248  0.0248  0.0249  0.0248  0.0248  0.0247  0.0248  0.0247  0.0247
  0.0247  0.0247  0.0247  0.0247  0.0247  0.0247  0.0247  0.0247  0.0247  0.0247  0.0247  0.0247
  0.0248  0.0248  0.0247  0.0248  0.0248  0.0247  0.0248  0.0248  0.0247  0.0248  0.0247  0.0247
  0.0251  0.0251  0.0249  0.0251  0.0251  0.0250  0.0250  0.0253  0.0250  0.0251  0.0249  0.0249
  0.0257  0.0255  0.0251  0.0255  0.0255  0.0255  0.0255  0.0261  0.0253  0.0256  0.0251  0.0251
niter,ni,del,rscale     3    3    5.0000    0.6000
parameters
    0.6529   14.2084    9.4584   -0.1380   -7.9908   -5.0925
    3.0182   -1.7940   -2.5609   15.7492    4.0083  -18.0650
eta,q 0.97535  9.80306
  0.0254  0.0253  0.0251  0.0253  0.0252  0.0254  0.0253  0.0257  0.0251  0.0253  0.0249  0.0250
  0.0250  0.0249  0.0249  0.0250  0.0249  0.0251  0.0249  0.0252  0.0249  0.0250  0.0248  0.0248
  0.0248  0.0247  0.0247  0.0247  0.0247  0.0248  0.0247  0.0248  0.0247  0.0247  0.0247  0.0247
  0.0247  0.0247  0.0247  0.0247  0.0247  0.0247  0.0246  0.0246  0.0247  0.0247  0.0247  0.0247
  0.0248  0.0247  0.0247  0.0247  0.0247  0.0247  0.0247  0.0248  0.0247  0.0247  0.0247  0.0247
  0.0250  0.0249  0.0248  0.0250  0.0250  0.0249  0.0249  0.0252  0.0249  0.0250  0.0248  0.0248
  0.0254  0.0253  0.0250  0.0253  0.0253  0.0253  0.0253  0.0258  0.0251  0.0254  0.0250  0.0250
niter,ni,del,rscale     2    3    5.0000    0.5000
parameters
    0.6481   14.1984    9.5416   -0.1594   -8.0350   -4.8928
    3.0081   -1.8055   -2.5764   15.7269    3.9682  -17.9987
eta,q 0.97535  9.80862
  0.0252  0.0251  0.0250  0.0251  0.0251  0.0252  0.0251  0.0254  0.0250  0.0251  0.0248  0.0249
  0.0249  0.0248  0.0248  0.0249  0.0248  0.0249  0.0248  0.0250  0.0248  0.0249  0.0247  0.0248
  0.0247  0.0247  0.0247  0.0247  0.0247  0.0248  0.0247  0.0247  0.0247  0.0247  0.0247  0.0247
  0.0247  0.0247  0.0247  0.0246  0.0246  0.0246  0.0246  0.0246  0.0246  0.0246  0.0246  0.0246
  0.0247  0.0247  0.0247  0.0247  0.0247  0.0247  0.0247  0.0247  0.0247  0.0247  0.0247  0.0247
  0.0249  0.0248  0.0247  0.0249  0.0249  0.0248  0.0248  0.0250  0.0248  0.0249  0.0247  0.0247
  0.0252  0.0251  0.0249  0.0251  0.0251  0.0251  0.0251  0.0254  0.0250  0.0251  0.0249  0.0249
niter,ni,del,rscale     1    3    5.0000    0.4000
parameters
    0.6479   14.1893    9.6148   -0.1967   -8.0792   -4.7391
    3.0000   -1.8121   -2.5641   15.6901    3.9521  -17.9322
eta,q 0.97536  9.81147
  0.0250  0.0249  0.0249  0.0249  0.0249  0.0250  0.0249  0.0252  0.0249  0.0250  0.0248  0.0248
  0.0248  0.0248  0.0247  0.0248  0.0248  0.0248  0.0248  0.0249  0.0247  0.0248  0.0247  0.0247
  0.0247  0.0247  0.0247  0.0247  0.0247  0.0247  0.0247  0.0247  0.0247  0.0247  0.0247  0.0247
  0.0246  0.0246  0.0246  0.0246  0.0246  0.0246  0.0246  0.0246  0.0246  0.0246  0.0246  0.0246
  0.0247  0.0247  0.0247  0.0247  0.0247  0.0247  0.0247  0.0247  0.0247  0.0247  0.0247  0.0247
  0.0248  0.0248  0.0247  0.0248  0.0248  0.0248  0.0248  0.0249  0.0247  0.0248  0.0247  0.0247
  0.0250  0.0249  0.0248  0.0249  0.0249  0.0249  0.0249  0.0252  0.0249  0.0250  0.0248  0.0248
registration optimization eta report
parameter search radius
    0.8000    0.8000    0.8000    2.4000    2.4000    2.4000
    2.4000    2.4000    2.4000    2.4000    2.4000    2.4000
100000*second partial in parameter space
       52.       42.       28.        5.        5.        6.
        5.        9.        4.        6.        2.        3.
  0.0250  0.0249  0.0249  0.0249  0.0249  0.0250  0.0249  0.0252  0.0249  0.0250  0.0248  0.0248
  0.0248  0.0248  0.0247  0.0248  0.0248  0.0248  0.0248  0.0249  0.0247  0.0248  0.0247  0.0247
  0.0247  0.0247  0.0247  0.0247  0.0247  0.0247  0.0247  0.0247  0.0247  0.0247  0.0247  0.0247
  0.0246  0.0246  0.0246  0.0246  0.0246  0.0246  0.0246  0.0246  0.0246  0.0246  0.0246  0.0246
  0.0247  0.0247  0.0247  0.0247  0.0247  0.0247  0.0247  0.0247  0.0247  0.0247  0.0247  0.0247
  0.0248  0.0248  0.0247  0.0248  0.0248  0.0248  0.0248  0.0249  0.0247  0.0248  0.0247  0.0247
  0.0250  0.0249  0.0248  0.0249  0.0249  0.0249  0.0249  0.0252  0.0249  0.0250  0.0248  0.0248
    0.6479   14.1893    9.6148   -0.1967   -8.0792   -4.7391
    3.0000   -1.8121   -2.5641   15.6901    3.9521  -17.9322
eta,q 0.97536  9.81147

---------------------------------------------------------------------
imgreg_4dfp /opt/freesurfer/average/711-2C_as_mni_average_305 /opt/freesurfer/average/711-2B_as_mni_average_305_mask talsrcimg_g11 none talsrcimg_to_711-2C_as_mni_average_305_t4 2311
---------------------------------------------------------------------

freesurfer imgreg_4dfp.c
/opt/freesurfer/average/711-2C_as_mni_average_305.4dfp.img
       256       256       256         1
  1.000000  1.000000  1.000000
orientation T byte_order littleendian
Reading image: /opt/freesurfer/average/711-2C_as_mni_average_305.4dfp.img
dimensions:      256       256       256
mmppix:       1.0000   -1.0000   -1.0000
center:     128.0000 -129.0000 -129.0000
/opt/freesurfer/average/711-2B_as_mni_average_305_mask.4dfp.img
       256       256       256         1
  1.000000  1.000000  1.000000
orientation T byte_order littleendian
Reading mask: /opt/freesurfer/average/711-2B_as_mni_average_305_mask.4dfp.img (2306576 pixels)
talsrcimg_g11.4dfp.img
       256       256       256         1
  1.000000  1.000000  1.000000
orientation T byte_order littleendian
Reading image: talsrcimg_g11.4dfp.img
dimensions:      256       256       256
mmppix:       1.0000   -1.0000   -1.0000
center:     128.0000 -129.0000 -129.0000
fimgreg.f
image alignment mode   2311 decimal      907 hex
parameters
    0.6479   14.1893    9.6148   -0.1967   -8.0792   -4.7391
    3.0000   -1.8121   -2.5641   15.6901    3.9521  -17.9322
eta,q 0.97536  9.81147
niter,ni,del,rscale     5    3    5.0000    0.8000
parameters
    0.6379   14.2111    9.6580   -0.2573   -8.1048   -5.0339
    2.9996   -1.7991   -2.5387   15.7175    4.0003  -17.8852
eta,q 0.97535  9.79569
  0.0259  0.0258  0.0254  0.0257  0.0257  0.0257  0.0257  0.0265  0.0255  0.0259  0.0252  0.0252
  0.0252  0.0251  0.0250  0.0251  0.0251  0.0252  0.0251  0.0255  0.0250  0.0252  0.0249  0.0249
  0.0248  0.0248  0.0247  0.0248  0.0248  0.0248  0.0248  0.0249  0.0247  0.0248  0.0247  0.0247
  0.0246  0.0246  0.0246  0.0246  0.0246  0.0246  0.0247  0.0247  0.0247  0.0247  0.0247  0.0246
  0.0248  0.0248  0.0247  0.0248  0.0248  0.0248  0.0248  0.0249  0.0247  0.0248  0.0247  0.0247
  0.0252  0.0251  0.0249  0.0251  0.0251  0.0253  0.0251  0.0255  0.0250  0.0252  0.0249  0.0249
  0.0260  0.0257  0.0253  0.0257  0.0257  0.0262  0.0257  0.0265  0.0255  0.0258  0.0252  0.0252
niter,ni,del,rscale     4    3    5.0000    0.7000
parameters
    0.6375   14.2031    9.5801   -0.1891   -8.0522   -5.0451
    2.9934   -1.8036   -2.5556   15.6922    3.9917  -17.9325
eta,q 0.97535  9.79974
  0.0257  0.0255  0.0251  0.0255  0.0255  0.0256  0.0254  0.0261  0.0253  0.0256  0.0250  0.0251
  0.0251  0.0250  0.0249  0.0251  0.0250  0.0251  0.0250  0.0253  0.0249  0.0251  0.0248  0.0248
  0.0248  0.0247  0.0247  0.0248  0.0247  0.0248  0.0247  0.0248  0.0247  0.0248  0.0247  0.0247
  0.0247  0.0247  0.0246  0.0246  0.0247  0.0247  0.0247  0.0247  0.0247  0.0247  0.0247  0.0247
  0.0248  0.0247  0.0247  0.0247  0.0247  0.0247  0.0247  0.0248  0.0247  0.0248  0.0247  0.0247
  0.0251  0.0250  0.0249  0.0250  0.0250  0.0250  0.0250  0.0253  0.0249  0.0251  0.0248  0.0249
  0.0257  0.0255  0.0253  0.0254  0.0254  0.0257  0.0255  0.0261  0.0253  0.0256  0.0251  0.0251
niter,ni,del,rscale     3    3    5.0000    0.6000
parameters
    0.6425   14.1942    9.5689   -0.1633   -8.0538   -4.9547
    3.0112   -1.8016   -2.5559   15.6829    3.9812  -17.9311
eta,q 0.97535  9.80440
  0.0254  0.0252  0.0250  0.0253  0.0252  0.0254  0.0253  0.0257  0.0251  0.0253  0.0249  0.0250
  0.0250  0.0249  0.0248  0.0249  0.0249  0.0250  0.0249  0.0252  0.0249  0.0250  0.0248  0.0248
  0.0247  0.0247  0.0247  0.0247  0.0247  0.0248  0.0247  0.0248  0.0247  0.0247  0.0247  0.0247
  0.0246  0.0246  0.0246  0.0246  0.0246  0.0246  0.0246  0.0246  0.0246  0.0246  0.0246  0.0246
  0.0247  0.0247  0.0247  0.0247  0.0247  0.0247  0.0247  0.0248  0.0247  0.0247  0.0247  0.0247
  0.0250  0.0249  0.0248  0.0249  0.0249  0.0249  0.0249  0.0251  0.0249  0.0250  0.0248  0.0248
  0.0254  0.0253  0.0251  0.0253  0.0252  0.0254  0.0252  0.0257  0.0251  0.0254  0.0249  0.0250
niter,ni,del,rscale     2    3    5.0000    0.5000
parameters
    0.6451   14.1900    9.5994   -0.1739   -8.0576   -4.8222
    3.0060   -1.8065   -2.5732   15.6801    3.9587  -17.9264
eta,q 0.97536  9.80944
  0.0252  0.0251  0.0249  0.0251  0.0251  0.0252  0.0251  0.0254  0.0250  0.0251  0.0248  0.0249
  0.0249  0.0248  0.0248  0.0249  0.0248  0.0249  0.0248  0.0250  0.0248  0.0249  0.0247  0.0247
  0.0247  0.0247  0.0247  0.0247  0.0247  0.0247  0.0247  0.0247  0.0247  0.0247  0.0247  0.0247
  0.0246  0.0246  0.0246  0.0246  0.0246  0.0246  0.0246  0.0246  0.0246  0.0246  0.0246  0.0246
  0.0247  0.0247  0.0247  0.0247  0.0247  0.0247  0.0247  0.0247  0.0247  0.0247  0.0247  0.0247
  0.0249  0.0248  0.0248  0.0249  0.0248  0.0248  0.0248  0.0250  0.0248  0.0249  0.0247  0.0247
  0.0252  0.0251  0.0249  0.0251  0.0251  0.0251  0.0251  0.0254  0.0250  0.0251  0.0249  0.0249
niter,ni,del,rscale     1    3    5.0000    0.4000
parameters
    0.6451   14.1820    9.6465   -0.1934   -8.0902   -4.6941
    3.0061   -1.8156   -2.5806   15.6728    3.9385  -17.8840
eta,q 0.97536  9.81250
  0.0250  0.0249  0.0248  0.0249  0.0249  0.0250  0.0249  0.0251  0.0249  0.0250  0.0248  0.0248
  0.0248  0.0247  0.0247  0.0248  0.0248  0.0248  0.0248  0.0249  0.0247  0.0248  0.0247  0.0247
  0.0247  0.0247  0.0247  0.0247  0.0247  0.0247  0.0247  0.0247  0.0247  0.0247  0.0246  0.0247
  0.0246  0.0246  0.0246  0.0246  0.0246  0.0246  0.0246  0.0246  0.0246  0.0246  0.0246  0.0246
  0.0247  0.0247  0.0247  0.0247  0.0247  0.0247  0.0247  0.0247  0.0247  0.0247  0.0247  0.0247
  0.0248  0.0248  0.0247  0.0248  0.0248  0.0248  0.0248  0.0249  0.0247  0.0248  0.0247  0.0247
  0.0250  0.0249  0.0248  0.0249  0.0249  0.0250  0.0249  0.0252  0.0249  0.0250  0.0248  0.0248
registration optimization eta report
parameter search radius
    0.8000    0.8000    0.8000    2.4000    2.4000    2.4000
    2.4000    2.4000    2.4000    2.4000    2.4000    2.4000
100000*second partial in parameter space
       53.       42.       28.        5.        5.        6.
        5.        9.        4.        6.        2.        3.
  0.0250  0.0249  0.0248  0.0249  0.0249  0.0250  0.0249  0.0251  0.0249  0.0250  0.0248  0.0248
  0.0248  0.0247  0.0247  0.0248  0.0248  0.0248  0.0248  0.0249  0.0247  0.0248  0.0247  0.0247
  0.0247  0.0247  0.0247  0.0247  0.0247  0.0247  0.0247  0.0247  0.0247  0.0247  0.0246  0.0247
  0.0246  0.0246  0.0246  0.0246  0.0246  0.0246  0.0246  0.0246  0.0246  0.0246  0.0246  0.0246
  0.0247  0.0247  0.0247  0.0247  0.0247  0.0247  0.0247  0.0247  0.0247  0.0247  0.0247  0.0247
  0.0248  0.0248  0.0247  0.0248  0.0248  0.0248  0.0248  0.0249  0.0247  0.0248  0.0247  0.0247
  0.0250  0.0249  0.0248  0.0249  0.0249  0.0250  0.0249  0.0252  0.0249  0.0250  0.0248  0.0248
    0.6451   14.1820    9.6465   -0.1934   -8.0902   -4.6941
    3.0061   -1.8156   -2.5806   15.6728    3.9385  -17.8840
eta,q 0.97536  9.81250

---------------------------------------------------------------------
compute_vox2vox talsrcimg talsrcimg_to_711-2C_as_mni_average_305_t4 /opt/freesurfer/average/711-2C_as_mni_average_305
---------------------------------------------------------------------

freesurfer compute_vox2vox.c
Reading: talsrcimg.4dfp.ifh
Reading: talsrcimg_to_711-2C_as_mni_average_305_t4
Reading: /opt/freesurfer/average/711-2C_as_mni_average_305.4dfp.ifh
Writing: talsrcimg_to_711-2C_as_mni_average_305_t4_vox2vox.txt

start time Wed Mar 11 13:11:19 CET 2026
end		time Wed Mar 11 13:12:46 CET 2026

mpr2mni305 success

avi2talxfm orig_nu.mgz /opt/freesurfer/average/mni305.cor.mgz talsrcimg_to_711-2C_as_mni_average_305_t4_vox2vox.txt transforms/talairach.auto.xfm
avi2talxfm done
mv -f /out/sourcedata/freesurfer/sub-v2s17x50029_ses-1/mri/talsrcimg_to_711-2C_as_mni_average_305_t4_vox2vox.txt /out/sourcedata/freesurfer/sub-v2s17x50029_ses-1/mri/transforms/talsrcimg_to_711-2C_as_mni_average_305_t4_vox2vox.txt
lta_convert --src orig_nu.mgz --trg /opt/freesurfer/average/mni305.cor.mgz --inxfm transforms/talairach.auto.xfm --outlta transforms/talairach.auto.xfm.lta --subject fsaverage
7.3.2

--src: orig_nu.mgz src image (geometry).
--trg: /opt/freesurfer/average/mni305.cor.mgz trg image (geometry).
--inmni: transforms/talairach.auto.xfm input MNI/XFM transform.
--outlta: transforms/talairach.auto.xfm.lta output LTA.
--s: fsaverage subject name
 LTA read, type : 1
 1.00028   0.02368  -0.02811   1.87554;
-0.03495   1.01589   0.19882  -10.22308;
 0.03404  -0.17257   1.05333  -10.11136;
 0.00000   0.00000   0.00000   1.00000;
setting subject to fsaverage
Writing  LTA to file transforms/talairach.auto.xfm.lta...
lta_convert successful.
 
 
Started at Wed Mar 11 13:11:19 CET 2026
Ended   at Wed Mar 11 13:12:47 CET 2026
talairach_avi done
