/out/sourcedata/freesurfer/sub-v2s17x50047_ses-1/mri
/opt/freesurfer/bin/talairach_avi
--i orig_nu.mgz --xfm transforms/talairach.auto.xfm
talairach_avi 7.3.2
Linux dna022 5.14.0-427.37.1.el9_4.x86_64 #1 SMP PREEMPT_DYNAMIC Fri Sep 13 12:41:50 EDT 2024 x86_64 x86_64 x86_64 GNU/Linux
Wed Mar 11 13:21:33 CET 2026
mri_convert orig_nu.mgz talsrcimg.img 
reading from orig_nu.mgz...
TR=0.00, TE=0.00, TI=0.00, flip angle=0.00
i_ras = (-1, 0, 0)
j_ras = (0, 0, -1)
k_ras = (0, 1, 0)
writing to talsrcimg.img...
Analyze Output Matrix
-1.00000   0.00000   0.00000   128.79861;
 0.00000   0.00000   1.00000  -127.94919;
 0.00000  -1.00000   0.00000   124.23964;
 0.00000   0.00000   0.00000   1.00000;
--------------------
INFO: set hdr.hist.orient to -1
mpr2mni305 talsrcimg
Wed Mar 11 13:21:33 CET 2026
/opt/freesurfer/bin/mpr2mni305 talsrcimg
mpr2mni305 7.3.2
target=711-2C_as_mni_average_305

---------------------------------------------------------------------
analyzeto4dfp talsrcimg -O0 -y
---------------------------------------------------------------------

freesurfer ifh2hdr.c
Wed Mar 11 13:21:34 2026
Writing: talsrcimg.4dfp.hdr
freesurfer analyzeto4dfp.c
Reading: talsrcimg.hdr
header size 348 bytes
hdr.dime.datatype	offset=70	value=2
hdr.dime.bitpix		offset=72	value=8
hdr.hist.orient		offset=252	value=-1
dimensionality     4
dimensions       256       256       256         1
Reading: talsrcimg.img
Writing: talsrcimg.4dfp.img
Writing: talsrcimg.4dfp.ifh
ifh2hdr talsrcimg -r0to203
ori=2

---------------------------------------------------------------------
gauss_4dfp talsrcimg 1.1
---------------------------------------------------------------------

freesurfer gauss_4dfp.c
Reading: talsrcimg.4dfp.img
Writing: talsrcimg_g11.4dfp.img
image dimensions 256 256 256 padded to 288 288 288
processing volume 1freesurfer ifh2hdr.c
Wed Mar 11 13:21:35 2026
Writing: talsrcimg_g11.4dfp.hdr

Writing: talsrcimg_g11.4dfp.ifh
including: talsrcimg.4dfp.img.rec in talsrcimg_g11.4dfp.img.rec

---------------------------------------------------------------------
imgreg_4dfp /opt/freesurfer/average/711-2C_as_mni_average_305 none talsrcimg_g11 none talsrcimg_to_711-2C_as_mni_average_305_t4 4355
---------------------------------------------------------------------

freesurfer imgreg_4dfp.c
/opt/freesurfer/average/711-2C_as_mni_average_305.4dfp.img
       256       256       256         1
  1.000000  1.000000  1.000000
orientation T byte_order littleendian
Reading image: /opt/freesurfer/average/711-2C_as_mni_average_305.4dfp.img
dimensions:      256       256       256
mmppix:       1.0000   -1.0000   -1.0000
center:     128.0000 -129.0000 -129.0000
talsrcimg_g11.4dfp.img
       256       256       256         1
  1.000000  1.000000  1.000000
orientation T byte_order littleendian
Reading image: talsrcimg_g11.4dfp.img
dimensions:      256       256       256
mmppix:       1.0000   -1.0000   -1.0000
center:     128.0000 -129.0000 -129.0000
t4_read: open error in t4_sub.f l:  41 t4_file(1:l)talsrcimg_to_711-2C_as_mni_average_305_t4 
t4_read: transform initialized to I4
rotation matrix determinant  1.000000
image alignment mode   4355 decimal     1103 hex
   -7.5000  -45.0000  -45.0000 8652.4072   12.0985
    0.0000  -45.0000  -45.0000 9042.8262   12.0987
    7.5000  -45.0000  -45.0000 8642.8848   12.1002
   -7.5000  -37.5000  -45.0000 9201.1084   11.9777
    0.0000  -37.5000  -45.0000 9616.2021   11.9793
    7.5000  -37.5000  -45.0000 9194.1982   11.9809
   -7.5000  -30.0000  -45.000010137.8867   11.9393
    0.0000  -30.0000  -45.000010594.9277   11.9396
    7.5000  -30.0000  -45.000010124.3115   11.9411
   -7.5000  -22.5000  -45.000011049.1816   11.8903
    0.0000  -22.5000  -45.000011551.9697   11.8877
    7.5000  -22.5000  -45.000011027.0693   11.8887
   -7.5000  -15.0000  -45.000011807.9248   11.8326
    0.0000  -15.0000  -45.000012376.7100   11.8286
    7.5000  -15.0000  -45.000011787.4277   11.8289
   -7.5000   -7.5000  -45.000012431.9053   11.7788
    0.0000   -7.5000  -45.000013018.4189   11.7761
    7.5000   -7.5000  -45.000012394.8760   11.7762
   -7.5000    0.0000  -45.000013005.4883   11.7571
    0.0000    0.0000  -45.000013607.0303   11.7570
    7.5000    0.0000  -45.000012946.7783   11.7573
   -7.5000    7.5000  -45.000012573.6758   11.7716
    0.0000    7.5000  -45.000013149.6748   11.7729
    7.5000    7.5000  -45.000012518.1816   11.7734
   -7.5000   15.0000  -45.000012014.3203   11.7953
    0.0000   15.0000  -45.000012564.5645   11.7953
    7.5000   15.0000  -45.000011964.1240   11.7959
   -7.5000   22.5000  -45.000011354.9043   11.8198
    0.0000   22.5000  -45.000011886.8057   11.8170
    7.5000   22.5000  -45.000011316.7881   11.8172
   -7.5000   30.0000  -45.000010645.3818   11.7258
    0.0000   30.0000  -45.000011142.6133   11.7216
    7.5000   30.0000  -45.000010608.9141   11.7213
   -7.5000   37.5000  -45.000010273.5059   11.8344
    0.0000   37.5000  -45.000010759.1973   11.8314
    7.5000   37.5000  -45.000010241.0146   11.8313
   -7.5000   45.0000  -45.0000 9536.0781   11.7094
    0.0000   45.0000  -45.0000 9984.5811   11.7095
    7.5000   45.0000  -45.0000 9505.5225   11.7113
   -7.5000  -45.0000  -37.5000 9159.4160   12.0816
    0.0000  -45.0000  -37.5000 9564.8027   12.0793
    7.5000  -45.0000  -37.5000 9148.9385   12.0809
   -7.5000  -37.5000  -37.5000 9759.9639   11.9636
    0.0000  -37.5000  -37.500010194.1191   11.9630
    7.5000  -37.5000  -37.5000 9750.3125   11.9642
   -7.5000  -30.0000  -37.500010760.4697   11.9285
    0.0000  -30.0000  -37.500011234.1650   11.9277
    7.5000  -30.0000  -37.500010745.3916   11.9283
   -7.5000  -22.5000  -37.500011720.7246   11.8801
    0.0000  -22.5000  -37.500012251.1445   11.8772
    7.5000  -22.5000  -37.500011683.7793   11.8774
   -7.5000  -15.0000  -37.500012526.7295   11.8200
    0.0000  -15.0000  -37.500013114.2334   11.8156
    7.5000  -15.0000  -37.500012477.5039   11.8157
   -7.5000   -7.5000  -37.500013173.8105   11.7632
    0.0000   -7.5000  -37.500013794.9414   11.7591
    7.5000   -7.5000  -37.500013129.9043   11.7593
   -7.5000    0.0000  -37.500013738.6455   11.7402
    0.0000    0.0000  -37.500014374.4404   11.7376
    7.5000    0.0000  -37.500013694.6416   11.7379
   -7.5000    7.5000  -37.500013258.3877   11.7572
    0.0000    7.5000  -37.500013871.8945   11.7561
    7.5000    7.5000  -37.500013219.2891   11.7562
   -7.5000   15.0000  -37.500012665.8730   11.7841
    0.0000   15.0000  -37.500013255.9385   11.7829
    7.5000   15.0000  -37.500012619.9717   11.7827
   -7.5000   22.5000  -37.500011971.6758   11.8093
    0.0000   22.5000  -37.500012522.7520   11.8061
    7.5000   22.5000  -37.500011925.2266   11.8056
   -7.5000   30.0000  -37.500011194.6982   11.7136
    0.0000   30.0000  -37.500011719.1191   11.7089
    7.5000   30.0000  -37.500011143.4248   11.7083
   -7.5000   37.5000  -37.500010771.9219   11.8187
    0.0000   37.5000  -37.500011277.5117   11.8141
    7.5000   37.5000  -37.500010725.7383   11.8138
   -7.5000   45.0000  -37.5000 9959.4199   11.6936
    0.0000   45.0000  -37.500010424.9424   11.6913
    7.5000   45.0000  -37.5000 9931.7500   11.6927
   -7.5000  -45.0000  -30.0000 9839.1348   12.5625
    0.0000  -45.0000  -30.000010306.6191   12.5565
    7.5000  -45.0000  -30.0000 9819.2910   12.5554
   -7.5000  -37.5000  -30.000010515.6543   12.4389
    0.0000  -37.5000  -30.000011004.7236   12.4344
    7.5000  -37.5000  -30.000010481.8770   12.4338
   -7.5000  -30.0000  -30.000011565.5713   12.3998
    0.0000  -30.0000  -30.000012090.8672   12.3956
    7.5000  -30.0000  -30.000011534.6016   12.3948
   -7.5000  -22.5000  -30.000012577.6992   12.3456
    0.0000  -22.5000  -30.000013155.7666   12.3400
    7.5000  -22.5000  -30.000012528.6699   12.3383
   -7.5000  -15.0000  -30.000013460.9951   12.2800
    0.0000  -15.0000  -30.000014080.2822   12.2732
    7.5000  -15.0000  -30.000013412.7725   12.2707
   -7.5000   -7.5000  -30.000014159.7109   12.2205
    0.0000   -7.5000  -30.000014824.0010   12.2134
    7.5000   -7.5000  -30.000014122.0488   12.2108
   -7.5000    0.0000  -30.000014752.4922   12.1976
    0.0000    0.0000  -30.000015452.1885   12.1912
    7.5000    0.0000  -30.000014704.8057   12.1890
   -7.5000    7.5000  -30.000014216.8223   12.2160
    0.0000    7.5000  -30.000014897.1611   12.2111
    7.5000    7.5000  -30.000014163.8369   12.2093
   -7.5000   15.0000  -30.000013557.5918   12.2432
    0.0000   15.0000  -30.000014203.2949   12.2387
    7.5000   15.0000  -30.000013491.6328   12.2370
   -7.5000   22.5000  -30.000012788.7041   12.2663
    0.0000   22.5000  -30.000013396.6758   12.2604
    7.5000   22.5000  -30.000012728.8262   12.2580
   -7.5000   30.0000  -30.000011939.3281   12.1686
    0.0000   30.0000  -30.000012527.8994   12.1614
    7.5000   30.0000  -30.000011889.5654   12.1581
   -7.5000   37.5000  -30.000011472.3232   12.2781
    0.0000   37.5000  -30.000012021.3838   12.2703
    7.5000   37.5000  -30.000011427.3486   12.2667
   -7.5000   45.0000  -30.000010584.2822   12.1588
    0.0000   45.0000  -30.000011084.5156   12.1525
    7.5000   45.0000  -30.000010545.2646   12.1504
   -7.5000  -45.0000  -22.500010507.3428   12.9891
    0.0000  -45.0000  -22.500011003.8896   12.9816
    7.5000  -45.0000  -22.500010470.7012   12.9779
   -7.5000  -37.5000  -22.500011212.5498   12.8559
    0.0000  -37.5000  -22.500011738.0830   12.8497
    7.5000  -37.5000  -22.500011183.5264   12.8476
   -7.5000  -30.0000  -22.500012293.2334   12.8076
    0.0000  -30.0000  -22.500012867.8535   12.8007
    7.5000  -30.0000  -22.500012273.0938   12.7993
   -7.5000  -22.5000  -22.500013365.6533   12.7468
    0.0000  -22.5000  -22.500013991.5684   12.7380
    7.5000  -22.5000  -22.500013315.5625   12.7351
   -7.5000  -15.0000  -22.500014315.2842   12.6798
    0.0000  -15.0000  -22.500015006.8408   12.6701
    7.5000  -15.0000  -22.500014279.1201   12.6651
   -7.5000   -7.5000  -22.500015065.7002   12.6225
    0.0000   -7.5000  -22.500015811.3232   12.6133
    7.5000   -7.5000  -22.500015029.1729   12.6077
   -7.5000    0.0000  -22.500015674.4775   12.6008
    0.0000    0.0000  -22.500016447.2832   12.5929
    7.5000    0.0000  -22.500015623.9766   12.5881
   -7.5000    7.5000  -22.500015084.8604   12.6166
    0.0000    7.5000  -22.500015821.2402   12.6099
    7.5000    7.5000  -22.500015011.3643   12.6067
   -7.5000   15.0000  -22.500014373.0967   12.6389
    0.0000   15.0000  -22.500015079.1406   12.6317
    7.5000   15.0000  -22.500014292.4902   12.6293
   -7.5000   22.5000  -22.500013537.4951   12.6590
    0.0000   22.5000  -22.500014220.8506   12.6500
    7.5000   22.5000  -22.500013491.5742   12.6464
   -7.5000   30.0000  -22.500012612.0547   12.5636
    0.0000   30.0000  -22.500013267.1787   12.5536
    7.5000   30.0000  -22.500012576.1445   12.5479
   -7.5000   37.5000  -22.500012099.9189   12.6816
    0.0000   37.5000  -22.500012704.9658   12.6715
    7.5000   37.5000  -22.500012053.8438   12.6647
   -7.5000   45.0000  -22.500011138.1230   12.5690
    0.0000   45.0000  -22.500011698.9922   12.5608
    7.5000   45.0000  -22.500011115.9766   12.5555
   -7.5000  -45.0000  -15.000011102.1904   13.2963
    0.0000  -45.0000  -15.000011610.9199   13.2910
    7.5000  -45.0000  -15.000011063.8652   13.2874
   -7.5000  -37.5000  -15.000011841.8291   13.1550
    0.0000  -37.5000  -15.000012398.9102   13.1506
    7.5000  -37.5000  -15.000011826.3760   13.1493
   -7.5000  -30.0000  -15.000013008.7021   13.0996
    0.0000  -30.0000  -15.000013604.7959   13.0932
    7.5000  -30.0000  -15.000012999.5010   13.0929
   -7.5000  -22.5000  -15.000014112.7021   13.0351
    0.0000  -22.5000  -15.000014765.5508   13.0259
    7.5000  -22.5000  -15.000014081.5293   13.0239
   -7.5000  -15.0000  -15.000015118.8535   12.9689
    0.0000  -15.0000  -15.000015839.8535   12.9586
    7.5000  -15.0000  -15.000015097.0342   12.9538
   -7.5000   -7.5000  -15.000015928.0479   12.9136
    0.0000   -7.5000  -15.000016710.2715   12.9052
    7.5000   -7.5000  -15.000015911.7559   12.8993
   -7.5000    0.0000  -15.000016556.1621   12.8925
    0.0000    0.0000  -15.000017370.9434   12.8867
    7.5000    0.0000  -15.000016511.0508   12.8819
   -7.5000    7.5000  -15.000015900.3701   12.9058
    0.0000    7.5000  -15.000016689.8652   12.9008
    7.5000    7.5000  -15.000015825.0039   12.8983
   -7.5000   15.0000  -15.000015128.4248   12.9243
    0.0000   15.0000  -15.000015890.6338   12.9176
    7.5000   15.0000  -15.000015062.3477   12.9162
   -7.5000   22.5000  -15.000014231.0557   12.9432
    0.0000   22.5000  -15.000014971.3994   12.9337
    7.5000   22.5000  -15.000014189.5537   12.9309
   -7.5000   30.0000  -15.000013248.1143   12.8503
    0.0000   30.0000  -15.000013949.2578   12.8397
    7.5000   30.0000  -15.000013231.7549   12.8343
   -7.5000   37.5000  -15.000012696.7383   12.9744
    0.0000   37.5000  -15.000013347.5439   12.9650
    7.5000   37.5000  -15.000012667.7969   12.9583
   -7.5000   45.0000  -15.000011691.1777   12.8654
    0.0000   45.0000  -15.000012290.6787   12.8590
    7.5000   45.0000  -15.000011670.6504   12.8540
   -7.5000  -45.0000   -7.500011672.3809   13.4373
    0.0000  -45.0000   -7.500012183.5850   13.4357
    7.5000  -45.0000   -7.500011669.5000   13.4344
   -7.5000  -37.5000   -7.500012477.0605   13.2943
    0.0000  -37.5000   -7.500013028.2773   13.2936
    7.5000  -37.5000   -7.500012464.5889   13.2938
   -7.5000  -30.0000   -7.500013729.0645   13.2394
    0.0000  -30.0000   -7.500014338.4229   13.2364
    7.5000  -30.0000   -7.500013732.1230   13.2373
   -7.5000  -22.5000   -7.500014880.1924   13.1761
    0.0000  -22.5000   -7.500015535.1367   13.1696
    7.5000  -22.5000   -7.500014863.2734   13.1693
   -7.5000  -15.0000   -7.500015942.7607   13.1097
    0.0000  -15.0000   -7.500016669.9746   13.1019
    7.5000  -15.0000   -7.500015921.7383   13.0995
   -7.5000   -7.5000   -7.500016797.3652   13.0516
    0.0000   -7.5000   -7.500017587.7441   13.0460
    7.5000   -7.5000   -7.500016778.3105   13.0428
   -7.5000    0.0000   -7.500017462.4277   13.0279
    0.0000    0.0000   -7.500018306.8477   13.0255
    7.5000    0.0000   -7.500017418.6797   13.0229
   -7.5000    7.5000   -7.500016741.9160   13.0410
    0.0000    7.5000   -7.500017552.1367   13.0396
    7.5000    7.5000   -7.500016690.8105   13.0385
   -7.5000   15.0000   -7.500015901.2188   13.0611
    0.0000   15.0000   -7.500016669.9180   13.0576
    7.5000   15.0000   -7.500015847.1348   13.0574
   -7.5000   22.5000   -7.500014960.6582   13.0811
    0.0000   22.5000   -7.500015707.8057   13.0743
    7.5000   22.5000   -7.500014908.6816   13.0732
   -7.5000   30.0000   -7.500013898.4590   12.9887
    0.0000   30.0000   -7.500014619.3018   12.9806
    7.5000   30.0000   -7.500013848.9707   12.9776
   -7.5000   37.5000   -7.500013308.7695   13.1120
    0.0000   37.5000   -7.500013974.2930   13.1059
    7.5000   37.5000   -7.500013247.6465   13.1021
   -7.5000   45.0000   -7.500012260.0605   13.0007
    0.0000   45.0000   -7.500012874.2158   12.9981
    7.5000   45.0000   -7.500012207.2432   12.9963
   -7.5000  -45.0000    0.000012135.7314   13.4415
    0.0000  -45.0000    0.000012682.1562   13.4411
    7.5000  -45.0000    0.000012146.6514   13.4425
   -7.5000  -37.5000    0.000012991.0957   13.3011
    0.0000  -37.5000    0.000013570.9639   13.3022
    7.5000  -37.5000    0.000013004.1504   13.3037
   -7.5000  -30.0000    0.000014313.4453   13.2516
    0.0000  -30.0000    0.000014963.7432   13.2512
    7.5000  -30.0000    0.000014340.1221   13.2525
   -7.5000  -22.5000    0.000015506.7598   13.1912
    0.0000  -22.5000    0.000016188.9316   13.1875
    7.5000  -22.5000    0.000015520.9365   13.1882
   -7.5000  -15.0000    0.000016619.3027   13.1222
    0.0000  -15.0000    0.000017348.8340   13.1169
    7.5000  -15.0000    0.000016584.9434   13.1169
   -7.5000   -7.5000    0.000017552.5371   13.0583
    0.0000   -7.5000    0.000018321.1348   13.0544
    7.5000   -7.5000    0.000017506.9688   13.0542
   -7.5000    0.0000    0.000018288.0176   13.0310
    0.0000    0.0000    0.000019152.6445   13.0299
    7.5000    0.0000    0.000018216.4355   13.0298
   -7.5000    7.5000    0.000017544.4180   13.0467
    0.0000    7.5000    0.000018388.8379   13.0471
    7.5000    7.5000    0.000017468.6777   13.0472
   -7.5000   15.0000    0.000016616.5625   13.0724
    0.0000   15.0000    0.000017411.6836   13.0715
    7.5000   15.0000    0.000016537.1230   13.0717
   -7.5000   22.5000    0.000015603.9658   13.0957
    0.0000   22.5000    0.000016362.0449   13.0917
    7.5000   22.5000    0.000015521.9033   13.0915
   -7.5000   30.0000    0.000014508.5322   13.0016
    0.0000   30.0000    0.000015210.2920   12.9960
    7.5000   30.0000    0.000014416.6562   12.9953
   -7.5000   37.5000    0.000013882.6025   13.1194
    0.0000   37.5000    0.000014520.7207   13.1151
    7.5000   37.5000    0.000013811.1729   13.1146
   -7.5000   45.0000    0.000012798.4824   13.0043
    0.0000   45.0000    0.000013398.1309   13.0034
    7.5000   45.0000    0.000012738.6982   13.0049
   -7.5000  -45.0000    7.500011667.8613   13.4609
    0.0000  -45.0000    7.500012183.6152   13.4578
    7.5000  -45.0000    7.500011676.7979   13.4593
   -7.5000  -37.5000    7.500012507.1191   13.3251
    0.0000  -37.5000    7.500013052.8682   13.3238
    7.5000  -37.5000    7.500012514.3105   13.3249
   -7.5000  -30.0000    7.500013776.4414   13.2819
    0.0000  -30.0000    7.500014376.1494   13.2803
    7.5000  -30.0000    7.500013804.2568   13.2807
   -7.5000  -22.5000    7.500014908.1523   13.2241
    0.0000  -22.5000    7.500015534.5459   13.2201
    7.5000  -22.5000    7.500014937.6562   13.2200
   -7.5000  -15.0000    7.500015945.5762   13.1534
    0.0000  -15.0000    7.500016620.3164   13.1478
    7.5000  -15.0000    7.500015950.9971   13.1475
   -7.5000   -7.5000    7.500016897.4688   13.0865
    0.0000   -7.5000    7.500017617.7207   13.0811
    7.5000   -7.5000    7.500016873.9629   13.0811
   -7.5000    0.0000    7.500017658.6934   13.0583
    0.0000    0.0000    7.500018467.9453   13.0546
    7.5000    0.0000    7.500017602.7715   13.0546
   -7.5000    7.5000    7.500016944.8320   13.0773
    0.0000    7.5000    7.500017757.6738   13.0753
    7.5000    7.5000    7.500016875.0684   13.0750
   -7.5000   15.0000    7.500016037.2959   13.1076
    0.0000   15.0000    7.500016793.2793   13.1055
    7.5000   15.0000    7.500015949.1816   13.1049
   -7.5000   22.5000    7.500015045.1602   13.1319
    0.0000   22.5000    7.500015760.5654   13.1276
    7.5000   22.5000    7.500014966.3232   13.1266
   -7.5000   30.0000    7.500013971.7100   13.0350
    0.0000   30.0000    7.500014646.9551   13.0291
    7.5000   30.0000    7.500013915.4287   13.0281
   -7.5000   37.5000    7.500013384.0703   13.1495
    0.0000   37.5000    7.500013998.9629   13.1436
    7.5000   37.5000    7.500013344.2598   13.1429
   -7.5000   45.0000    7.500012359.3867   13.0343
    0.0000   45.0000    7.500012918.7812   13.0309
    7.5000   45.0000    7.500012316.8428   13.0320
   -7.5000  -45.0000   15.000011086.5312   13.5113
    0.0000  -45.0000   15.000011587.7607   13.5041
    7.5000  -45.0000   15.000011090.3369   13.5025
   -7.5000  -37.5000   15.000011872.7324   13.3763
    0.0000  -37.5000   15.000012399.4141   13.3707
    7.5000  -37.5000   15.000011884.3896   13.3696
   -7.5000  -30.0000   15.000013083.7529   13.3336
    0.0000  -30.0000   15.000013668.6553   13.3283
    7.5000  -30.0000   15.000013126.2002   13.3270
   -7.5000  -22.5000   15.000014156.6270   13.2753
    0.0000  -22.5000   15.000014760.5518   13.2685
    7.5000  -22.5000   15.000014207.5020   13.2662
   -7.5000  -15.0000   15.000015169.3164   13.2050
    0.0000  -15.0000   15.000015789.5527   13.1967
    7.5000  -15.0000   15.000015186.9287   13.1937
   -7.5000   -7.5000   15.000016118.0791   13.1406
    0.0000   -7.5000   15.000016757.4844   13.1321
    7.5000   -7.5000   15.000016093.5205   13.1289
   -7.5000    0.0000   15.000016856.7480   13.1150
    0.0000    0.0000   15.000017582.7129   13.1073
    7.5000    0.0000   15.000016816.2891   13.1044
   -7.5000    7.5000   15.000016184.5361   13.1343
    0.0000    7.5000   15.000016839.5938   13.1282
    7.5000    7.5000   15.000016113.2051   13.1258
   -7.5000   15.0000   15.000015315.7754   13.1623
    0.0000   15.0000   15.000015891.9746   13.1566
    7.5000   15.0000   15.000015221.3135   13.1543
   -7.5000   22.5000   15.000014347.8262   13.1829
    0.0000   22.5000   15.000014916.0742   13.1756
    7.5000   22.5000   15.000014274.5439   13.1726
   -7.5000   30.0000   15.000013326.3301   13.0832
    0.0000   30.0000   15.000013902.1113   13.0745
    7.5000   30.0000   15.000013272.0000   13.0707
   -7.5000   37.5000   15.000012756.5068   13.1985
    0.0000   37.5000   15.000013283.2568   13.1891
    7.5000   37.5000   15.000012694.4541   13.1849
   -7.5000   45.0000   15.000011758.1904   13.0856
    0.0000   45.0000   15.000012236.8730   13.0779
    7.5000   45.0000   15.000011702.0508   13.0752
   -7.5000  -45.0000   22.500010408.6240   13.6012
    0.0000  -45.0000   22.500010897.7490   13.5924
    7.5000  -45.0000   22.500010413.5605   13.5878
   -7.5000  -37.5000   22.500011146.7109   13.4626
    0.0000  -37.5000   22.500011661.8623   13.4551
    7.5000  -37.5000   22.500011163.6758   13.4522
   -7.5000  -30.0000   22.500012290.1455   13.4154
    0.0000  -30.0000   22.500012855.5908   13.4071
    7.5000  -30.0000   22.500012337.9980   13.4050
   -7.5000  -22.5000   22.500013316.4961   13.3553
    0.0000  -22.5000   22.500013901.9609   13.3451
    7.5000  -22.5000   22.500013367.7803   13.3414
   -7.5000  -15.0000   22.500014269.9482   13.2888
    0.0000  -15.0000   22.500014863.8320   13.2775
    7.5000  -15.0000   22.500014302.2490   13.2717
   -7.5000   -7.5000   22.500015143.1953   13.2311
    0.0000   -7.5000   22.500015765.1855   13.2204
    7.5000   -7.5000   22.500015150.5215   13.2138
   -7.5000    0.0000   22.500015841.3037   13.2090
    0.0000    0.0000   22.500016545.3105   13.1997
    7.5000    0.0000   22.500015832.9658   13.1939
   -7.5000    7.5000   22.500015261.4463   13.2250
    0.0000    7.5000   22.500015855.4580   13.2169
    7.5000    7.5000   22.500015178.8145   13.2128
   -7.5000   15.0000   22.500014448.8506   13.2456
    0.0000   15.0000   22.500014983.1396   13.2369
    7.5000   15.0000   22.500014355.4883   13.2338
   -7.5000   22.5000   22.500013548.8076   13.2614
    0.0000   22.5000   22.500014072.3535   13.2509
    7.5000   22.5000   22.500013461.2266   13.2465
   -7.5000   30.0000   22.500012572.7559   13.1621
    0.0000   30.0000   22.500013080.9746   13.1504
    7.5000   30.0000   22.500012508.0332   13.1439
   -7.5000   37.5000   22.500012016.1816   13.2835
    0.0000   37.5000   22.500012493.9189   13.2718
    7.5000   37.5000   22.500011946.2188   13.2640
   -7.5000   45.0000   22.500011059.4316   13.1732
    0.0000   45.0000   22.500011508.5205   13.1635
    7.5000   45.0000   22.500010996.6758   13.1572
   -7.5000  -45.0000   30.0000 9660.6084   13.7364
    0.0000  -45.0000   30.000010141.5615   13.7299
    7.5000  -45.0000   30.0000 9691.0117   13.7255
   -7.5000  -37.5000   30.000010363.6533   13.5936
    0.0000  -37.5000   30.000010879.5820   13.5879
    7.5000  -37.5000   30.000010407.1045   13.5858
   -7.5000  -30.0000   30.000011448.5371   13.5428
    0.0000  -30.0000   30.000012004.3271   13.5350
    7.5000  -30.0000   30.000011490.7500   13.5339
   -7.5000  -22.5000   30.000012417.4600   13.4827
    0.0000  -22.5000   30.000012985.8828   13.4719
    7.5000  -22.5000   30.000012450.1084   13.4691
   -7.5000  -15.0000   30.000013276.3037   13.4202
    0.0000  -15.0000   30.000013859.5400   13.4083
    7.5000  -15.0000   30.000013307.8877   13.4027
   -7.5000   -7.5000   30.000014059.5771   13.3668
    0.0000   -7.5000   30.000014672.8281   13.3569
    7.5000   -7.5000   30.000014085.6094   13.3502
   -7.5000    0.0000   30.000014727.9131   13.3461
    0.0000    0.0000   30.000015379.0879   13.3389
    7.5000    0.0000   30.000014721.1162   13.3332
   -7.5000    7.5000   30.000014174.6318   13.3588
    0.0000    7.5000   30.000014741.8447   13.3523
    7.5000    7.5000   30.000014115.5811   13.3489
   -7.5000   15.0000   30.000013432.0430   13.3730
    0.0000   15.0000   30.000013967.2959   13.3647
    7.5000   15.0000   30.000013374.0781   13.3625
   -7.5000   22.5000   30.000012603.4619   13.3865
    0.0000   22.5000   30.000013115.5762   13.3753
    7.5000   22.5000   30.000012533.4863   13.3718
   -7.5000   30.0000   30.000011701.7012   13.2881
    0.0000   30.0000   30.000012172.9863   13.2759
    7.5000   30.0000   30.000011640.3613   13.2697
   -7.5000   37.5000   30.000011171.9170   13.4149
    0.0000   37.5000   30.000011621.0342   13.4040
    7.5000   37.5000   30.000011125.5771   13.3965
   -7.5000   45.0000   30.000010286.1104   13.3042
    0.0000   45.0000   30.000010708.9121   13.2963
    7.5000   45.0000   30.000010242.5000   13.2905
   -7.5000  -45.0000   37.5000 9314.9678   13.9284
    0.0000  -45.0000   37.5000 9775.5693   13.9246
    7.5000  -45.0000   37.5000 9345.4658   13.9225
   -7.5000  -37.5000   37.5000 9979.4521   13.7833
    0.0000  -37.5000   37.500010465.2637   13.7808
    7.5000  -37.5000   37.500010014.3359   13.7799
   -7.5000  -30.0000   37.500011015.6621   13.7354
    0.0000  -30.0000   37.500011560.8867   13.7307
    7.5000  -30.0000   37.500011063.5127   13.7307
   -7.5000  -22.5000   37.500011973.2314   13.6788
    0.0000  -22.5000   37.500012548.0117   13.6705
    7.5000  -22.5000   37.500012003.2471   13.6696
   -7.5000  -15.0000   37.500012804.5117   13.6175
    0.0000  -15.0000   37.500013411.1748   13.6075
    7.5000  -15.0000   37.500012828.4688   13.6046
   -7.5000   -7.5000   37.500013538.3926   13.5613
    0.0000   -7.5000   37.500014178.3428   13.5533
    7.5000   -7.5000   37.500013573.5596   13.5494
   -7.5000    0.0000   37.500014144.9326   13.5373
    0.0000    0.0000   37.500014796.0918   13.5325
    7.5000    0.0000   37.500014158.2803   13.5289
   -7.5000    7.5000   37.500013590.9385   13.5495
    0.0000    7.5000   37.500014174.7930   13.5461
    7.5000    7.5000   37.500013563.8652   13.5439
   -7.5000   15.0000   37.500012862.0645   13.5641
    0.0000   15.0000   37.500013403.1133   13.5587
    7.5000   15.0000   37.500012832.0137   13.5577
   -7.5000   22.5000   37.500012071.9541   13.5796
    0.0000   22.5000   37.500012572.8076   13.5708
    7.5000   22.5000   37.500012029.8594   13.5692
   -7.5000   30.0000   37.500011204.1953   13.4802
    0.0000   30.0000   37.500011678.9424   13.4698
    7.5000   30.0000   37.500011183.0830   13.4664
   -7.5000   37.5000   37.500010716.2217   13.6072
    0.0000   37.5000   37.500011164.9961   13.5985
    7.5000   37.5000   37.500010699.1484   13.5942
   -7.5000   45.0000   37.5000 9884.4395   13.4912
    0.0000   45.0000   37.500010303.4062   13.4860
    7.5000   45.0000   37.5000 9855.1914   13.4836
   -7.5000  -45.0000   45.0000 8601.0566   14.1263
    0.0000  -45.0000   45.0000 9027.3906   14.1228
    7.5000  -45.0000   45.0000 8637.8623   14.1239
   -7.5000  -37.5000   45.0000 9208.2529   13.9827
    0.0000  -37.5000   45.0000 9665.1465   13.9811
    7.5000  -37.5000   45.0000 9235.3418   13.9824
   -7.5000  -30.0000   45.000010165.8438   13.9426
    0.0000  -30.0000   45.000010672.8281   13.9393
    7.5000  -30.0000   45.000010206.3213   13.9401
   -7.5000  -22.5000   45.000011043.0303   13.8890
    0.0000  -22.5000   45.000011588.5684   13.8818
    7.5000  -22.5000   45.000011074.2686   13.8815
   -7.5000  -15.0000   45.000011793.8281   13.8236
    0.0000  -15.0000   45.000012377.5811   13.8142
    7.5000  -15.0000   45.000011827.7793   13.8130
   -7.5000   -7.5000   45.000012460.7656   13.7599
    0.0000   -7.5000   45.000013080.0840   13.7521
    7.5000   -7.5000   45.000012494.5996   13.7509
   -7.5000    0.0000   45.000012997.9922   13.7321
    0.0000    0.0000   45.000013607.4404   13.7276
    7.5000    0.0000   45.000013006.1201   13.7272
   -7.5000    7.5000   45.000012470.2393   13.7488
    0.0000    7.5000   45.000013030.4570   13.7463
    7.5000    7.5000   45.000012455.2578   13.7462
   -7.5000   15.0000   45.000011791.9258   13.7691
    0.0000   15.0000   45.000012317.5010   13.7651
    7.5000   15.0000   45.000011783.2793   13.7649
   -7.5000   22.5000   45.000011067.1738   13.7867
    0.0000   22.5000   45.000011552.8643   13.7790
    7.5000   22.5000   45.000011054.0488   13.7779
   -7.5000   30.0000   45.000010279.3721   13.6810
    0.0000   30.0000   45.000010732.1992   13.6712
    7.5000   30.0000   45.000010271.9824   13.6695
   -7.5000   37.5000   45.0000 9832.8311   13.8045
    0.0000   37.5000   45.000010270.7217   13.7963
    7.5000   37.5000   45.0000 9832.8340   13.7951
   -7.5000   45.0000   45.0000 9079.9336   13.6926
    0.0000   45.0000   45.0000 9485.3379   13.6883
    7.5000   45.0000   45.0000 9077.2803   13.6900

---------------------------------------------------------------------
imgreg_4dfp /opt/freesurfer/average/711-2C_as_mni_average_305 /opt/freesurfer/average/711-2B_as_mni_average_305_mask talsrcimg_g11 none talsrcimg_to_711-2C_as_mni_average_305_t4 4355
---------------------------------------------------------------------

freesurfer imgreg_4dfp.c
/opt/freesurfer/average/711-2C_as_mni_average_305.4dfp.img
       256       256       256         1
  1.000000  1.000000  1.000000
orientation T byte_order littleendian
Reading image: /opt/freesurfer/average/711-2C_as_mni_average_305.4dfp.img
dimensions:      256       256       256
mmppix:       1.0000   -1.0000   -1.0000
center:     128.0000 -129.0000 -129.0000
/opt/freesurfer/average/711-2B_as_mni_average_305_mask.4dfp.img
       256       256       256         1
  1.000000  1.000000  1.000000
orientation T byte_order littleendian
Reading mask: /opt/freesurfer/average/711-2B_as_mni_average_305_mask.4dfp.img (2306576 pixels)
talsrcimg_g11.4dfp.img
       256       256       256         1
  1.000000  1.000000  1.000000
orientation T byte_order littleendian
Reading image: talsrcimg_g11.4dfp.img
dimensions:      256       256       256
mmppix:       1.0000   -1.0000   -1.0000
center:     128.0000 -129.0000 -129.0000
rotation matrix determinant  1.000000
image alignment mode   4355 decimal     1103 hex
   -7.5000  -45.0000  -45.0000 2199.1404   15.3057
    0.0000  -45.0000  -45.0000 2212.2900   15.3291
    7.5000  -45.0000  -45.0000 2195.6140   15.4672
   -7.5000  -37.5000  -45.0000 2262.6584   14.3967
    0.0000  -37.5000  -45.0000 2275.5132   14.4093
    7.5000  -37.5000  -45.0000 2260.1338   14.5257
   -7.5000  -30.0000  -45.0000 2319.4028   13.6654
    0.0000  -30.0000  -45.0000 2329.4282   13.6592
    7.5000  -30.0000  -45.0000 2313.7227   13.7841
   -7.5000  -22.5000  -45.0000 2362.3330   13.0895
    0.0000  -22.5000  -45.0000 2374.3687   13.0785
    7.5000  -22.5000  -45.0000 2355.1470   13.1937
   -7.5000  -15.0000  -45.0000 2387.3484   12.5934
    0.0000  -15.0000  -45.0000 2404.4478   12.5749
    7.5000  -15.0000  -45.0000 2382.3687   12.6898
   -7.5000   -7.5000  -45.0000 2400.5120   12.2701
    0.0000   -7.5000  -45.0000 2419.2051   12.2162
    7.5000   -7.5000  -45.0000 2399.0999   12.3295
   -7.5000    0.0000  -45.0000 2416.1375   12.0704
    0.0000    0.0000  -45.0000 2430.9233   12.0058
    7.5000    0.0000  -45.0000 2411.6501   12.1289
   -7.5000    7.5000  -45.0000 2417.8560   12.0365
    0.0000    7.5000  -45.0000 2432.7200   11.9820
    7.5000    7.5000  -45.0000 2414.4749   12.0991
   -7.5000   15.0000  -45.0000 2402.8423   12.2341
    0.0000   15.0000  -45.0000 2419.8555   12.1693
    7.5000   15.0000  -45.0000 2396.3015   12.3004
   -7.5000   22.5000  -45.0000 2364.4973   12.6446
    0.0000   22.5000  -45.0000 2383.2214   12.5731
    7.5000   22.5000  -45.0000 2359.8018   12.7108
   -7.5000   30.0000  -45.0000 2310.7136   13.2556
    0.0000   30.0000  -45.0000 2330.8950   13.1558
    7.5000   30.0000  -45.0000 2307.0366   13.2949
   -7.5000   37.5000  -45.0000 2242.8296   14.0959
    0.0000   37.5000  -45.0000 2259.8589   13.9971
    7.5000   37.5000  -45.0000 2237.9595   14.1362
   -7.5000   45.0000  -45.0000 2160.4968   15.2644
    0.0000   45.0000  -45.0000 2176.4172   15.1731
    7.5000   45.0000  -45.0000 2158.0613   15.3137
   -7.5000  -45.0000  -37.5000 2279.8413   14.2215
    0.0000  -45.0000  -37.5000 2293.0933   14.2087
    7.5000  -45.0000  -37.5000 2276.7249   14.3459
   -7.5000  -37.5000  -37.5000 2347.8398   13.3953
    0.0000  -37.5000  -37.5000 2360.6287   13.3666
    7.5000  -37.5000  -37.5000 2343.6179   13.4872
   -7.5000  -30.0000  -37.5000 2409.1438   12.7290
    0.0000  -30.0000  -37.5000 2421.2224   12.7064
    7.5000  -30.0000  -37.5000 2403.1001   12.8206
   -7.5000  -22.5000  -37.5000 2453.1187   12.1781
    0.0000  -22.5000  -37.5000 2466.3469   12.1533
    7.5000  -22.5000  -37.5000 2445.2427   12.2667
   -7.5000  -15.0000  -37.5000 2478.2793   11.7258
    0.0000  -15.0000  -37.5000 2493.3584   11.7082
    7.5000  -15.0000  -37.5000 2471.5730   11.8055
   -7.5000   -7.5000  -37.5000 2497.7192   11.4163
    0.0000   -7.5000  -37.5000 2514.4553   11.3671
    7.5000   -7.5000  -37.5000 2494.4854   11.4725
   -7.5000    0.0000  -37.5000 2505.8599   11.2562
    0.0000    0.0000  -37.5000 2524.5635   11.1912
    7.5000    0.0000  -37.5000 2504.6265   11.2953
   -7.5000    7.5000  -37.5000 2508.5090   11.2179
    0.0000    7.5000  -37.5000 2527.9824   11.1451
    7.5000    7.5000  -37.5000 2506.5452   11.2744
   -7.5000   15.0000  -37.5000 2492.5627   11.4024
    0.0000   15.0000  -37.5000 2512.2744   11.3166
    7.5000   15.0000  -37.5000 2489.1384   11.4546
   -7.5000   22.5000  -37.5000 2460.4202   11.7459
    0.0000   22.5000  -37.5000 2477.0610   11.6618
    7.5000   22.5000  -37.5000 2455.0676   11.7918
   -7.5000   30.0000  -37.5000 2402.5168   12.2758
    0.0000   30.0000  -37.5000 2421.8271   12.1602
    7.5000   30.0000  -37.5000 2396.4846   12.2936
   -7.5000   37.5000  -37.5000 2328.4031   13.0312
    0.0000   37.5000  -37.5000 2348.6682   12.9075
    7.5000   37.5000  -37.5000 2325.2173   13.0423
   -7.5000   45.0000  -37.5000 2240.0400   14.0913
    0.0000   45.0000  -37.5000 2254.6399   13.9754
    7.5000   45.0000  -37.5000 2237.1096   14.1279
   -7.5000  -45.0000  -30.0000 2403.6174   13.7333
    0.0000  -45.0000  -30.0000 2418.5176   13.7194
    7.5000  -45.0000  -30.0000 2401.2053   13.8343
   -7.5000  -37.5000  -30.0000 2478.6868   12.9278
    0.0000  -37.5000  -30.0000 2492.3101   12.9131
    7.5000  -37.5000  -30.0000 2471.6838   13.0143
   -7.5000  -30.0000  -30.0000 2535.4834   12.2574
    0.0000  -30.0000  -30.0000 2549.8501   12.2369
    7.5000  -30.0000  -30.0000 2530.0691   12.3596
   -7.5000  -22.5000  -30.0000 2579.6326   11.7262
    0.0000  -22.5000  -30.0000 2597.4836   11.6988
    7.5000  -22.5000  -30.0000 2570.3413   11.7994
   -7.5000  -15.0000  -30.0000 2611.1626   11.3096
    0.0000  -15.0000  -30.0000 2628.6260   11.2750
    7.5000  -15.0000  -30.0000 2603.3560   11.3754
   -7.5000   -7.5000  -30.0000 2637.0068   11.0070
    0.0000   -7.5000  -30.0000 2656.0300   10.9635
    7.5000   -7.5000  -30.0000 2632.2375   11.0539
   -7.5000    0.0000  -30.0000 2651.2385   10.8712
    0.0000    0.0000  -30.0000 2672.3889   10.7911
    7.5000    0.0000  -30.0000 2649.4956   10.8823
   -7.5000    7.5000  -30.0000 2653.6768   10.8393
    0.0000    7.5000  -30.0000 2675.1138   10.7593
    7.5000    7.5000  -30.0000 2648.3948   10.8625
   -7.5000   15.0000  -30.0000 2640.2117   11.0054
    0.0000   15.0000  -30.0000 2660.1487   10.9121
    7.5000   15.0000  -30.0000 2633.6538   11.0236
   -7.5000   22.5000  -30.0000 2605.0063   11.3209
    0.0000   22.5000  -30.0000 2624.1592   11.2163
    7.5000   22.5000  -30.0000 2597.8015   11.3325
   -7.5000   30.0000  -30.0000 2543.4900   11.8045
    0.0000   30.0000  -30.0000 2567.1750   11.6734
    7.5000   30.0000  -30.0000 2541.4094   11.7972
   -7.5000   37.5000  -30.0000 2463.0283   12.5013
    0.0000   37.5000  -30.0000 2486.8726   12.3744
    7.5000   37.5000  -30.0000 2463.1812   12.4945
   -7.5000   45.0000  -30.0000 2366.3926   13.5145
    0.0000   45.0000  -30.0000 2384.7681   13.3860
    7.5000   45.0000  -30.0000 2363.9368   13.5245
   -7.5000  -45.0000  -22.5000 2497.7512   13.2512
    0.0000  -45.0000  -22.5000 2513.4229   13.2114
    7.5000  -45.0000  -22.5000 2493.0452   13.3340
   -7.5000  -37.5000  -22.5000 2569.5361   12.4316
    0.0000  -37.5000  -22.5000 2583.8706   12.3981
    7.5000  -37.5000  -22.5000 2561.1882   12.5264
   -7.5000  -30.0000  -22.5000 2621.9666   11.7489
    0.0000  -30.0000  -22.5000 2635.6206   11.7036
    7.5000  -30.0000  -22.5000 2614.4971   11.8501
   -7.5000  -22.5000  -22.5000 2671.8926   11.2179
    0.0000  -22.5000  -22.5000 2688.9363   11.1540
    7.5000  -22.5000  -22.5000 2663.1023   11.2843
   -7.5000  -15.0000  -22.5000 2712.6255   10.8109
    0.0000  -15.0000  -22.5000 2730.5715   10.7554
    7.5000  -15.0000  -22.5000 2705.1489   10.8539
   -7.5000   -7.5000  -22.5000 2738.8169   10.5479
    0.0000   -7.5000  -22.5000 2760.4248   10.4885
    7.5000   -7.5000  -22.5000 2733.5950   10.5681
   -7.5000    0.0000  -22.5000 2758.9375   10.4145
    0.0000    0.0000  -22.5000 2782.8828   10.3373
    7.5000    0.0000  -22.5000 2753.5823   10.4025
   -7.5000    7.5000  -22.5000 2766.9189   10.3708
    0.0000    7.5000  -22.5000 2791.6638   10.2846
    7.5000    7.5000  -22.5000 2759.5269   10.3751
   -7.5000   15.0000  -22.5000 2761.2273   10.5198
    0.0000   15.0000  -22.5000 2783.0088   10.4445
    7.5000   15.0000  -22.5000 2751.5674   10.5237
   -7.5000   22.5000  -22.5000 2722.3411   10.8368
    0.0000   22.5000  -22.5000 2745.7786   10.7268
    7.5000   22.5000  -22.5000 2717.9497   10.8257
   -7.5000   30.0000  -22.5000 2656.6738   11.3042
    0.0000   30.0000  -22.5000 2684.0366   11.1703
    7.5000   30.0000  -22.5000 2657.9780   11.2699
   -7.5000   37.5000  -22.5000 2569.7534   11.9613
    0.0000   37.5000  -22.5000 2598.4753   11.8340
    7.5000   37.5000  -22.5000 2575.0000   11.9426
   -7.5000   45.0000  -22.5000 2463.8423   12.9474
    0.0000   45.0000  -22.5000 2489.3115   12.8233
    7.5000   45.0000  -22.5000 2465.0723   12.9574
   -7.5000  -45.0000  -15.0000 2554.4512   12.8117
    0.0000  -45.0000  -15.0000 2568.6003   12.7594
    7.5000  -45.0000  -15.0000 2546.5315   12.9292
   -7.5000  -37.5000  -15.0000 2623.6057   11.9976
    0.0000  -37.5000  -15.0000 2641.8552   11.9268
    7.5000  -37.5000  -15.0000 2614.6343   12.1011
   -7.5000  -30.0000  -15.0000 2678.2283   11.3148
    0.0000  -30.0000  -15.0000 2692.1948   11.2336
    7.5000  -30.0000  -15.0000 2669.8418   11.3929
   -7.5000  -22.5000  -15.0000 2729.0374   10.7745
    0.0000  -22.5000  -15.0000 2745.5640   10.6878
    7.5000  -22.5000  -15.0000 2718.6809   10.8231
   -7.5000  -15.0000  -15.0000 2773.6472   10.3616
    0.0000  -15.0000  -15.0000 2791.1206   10.2848
    7.5000  -15.0000  -15.0000 2766.0793   10.4117
   -7.5000   -7.5000  -15.0000 2805.8113   10.0906
    0.0000   -7.5000  -15.0000 2831.6787   10.0202
    7.5000   -7.5000  -15.0000 2804.0354   10.1236
   -7.5000    0.0000  -15.0000 2832.7661    9.9396
    0.0000    0.0000  -15.0000 2860.2405    9.8580
    7.5000    0.0000  -15.0000 2827.6443    9.9545
   -7.5000    7.5000  -15.0000 2851.9424    9.9114
    0.0000    7.5000  -15.0000 2881.9653    9.8201
    7.5000    7.5000  -15.0000 2842.9436    9.9170
   -7.5000   15.0000  -15.0000 2847.7090   10.0596
    0.0000   15.0000  -15.0000 2880.0288    9.9665
    7.5000   15.0000  -15.0000 2841.5850   10.0635
   -7.5000   22.5000  -15.0000 2805.8911   10.3762
    0.0000   22.5000  -15.0000 2840.1580   10.2590
    7.5000   22.5000  -15.0000 2803.9377   10.3666
   -7.5000   30.0000  -15.0000 2736.6062   10.8225
    0.0000   30.0000  -15.0000 2770.6069   10.6944
    7.5000   30.0000  -15.0000 2739.8442   10.8104
   -7.5000   37.5000  -15.0000 2644.6763   11.4716
    0.0000   37.5000  -15.0000 2677.9067   11.3392
    7.5000   37.5000  -15.0000 2649.2617   11.4610
   -7.5000   45.0000  -15.0000 2528.8291   12.4473
    0.0000   45.0000  -15.0000 2559.1423   12.3225
    7.5000   45.0000  -15.0000 2533.0195   12.4729
   -7.5000  -45.0000   -7.5000 2582.7048   12.4797
    0.0000  -45.0000   -7.5000 2600.9788   12.3977
    7.5000  -45.0000   -7.5000 2581.5073   12.6410
   -7.5000  -37.5000   -7.5000 2653.7734   11.6347
    0.0000  -37.5000   -7.5000 2672.9536   11.5274
    7.5000  -37.5000   -7.5000 2645.4089   11.7504
   -7.5000  -30.0000   -7.5000 2710.1277   10.9430
    0.0000  -30.0000   -7.5000 2725.9036   10.8478
    7.5000  -30.0000   -7.5000 2702.9944   11.0288
   -7.5000  -22.5000   -7.5000 2759.6267   10.4064
    0.0000  -22.5000   -7.5000 2776.7297   10.3146
    7.5000  -22.5000   -7.5000 2749.9512   10.4665
   -7.5000  -15.0000   -7.5000 2809.5037   10.0012
    0.0000  -15.0000   -7.5000 2832.3188    9.9087
    7.5000  -15.0000   -7.5000 2803.0403   10.0390
   -7.5000   -7.5000   -7.5000 2851.6711    9.7048
    0.0000   -7.5000   -7.5000 2882.7959    9.6142
    7.5000   -7.5000   -7.5000 2847.7939    9.7467
   -7.5000    0.0000   -7.5000 2884.7170    9.5394
    0.0000    0.0000   -7.5000 2918.6016    9.4366
    7.5000    0.0000   -7.5000 2884.2502    9.5590
   -7.5000    7.5000   -7.5000 2912.3047    9.5134
    0.0000    7.5000   -7.5000 2948.8645    9.4098
    7.5000    7.5000   -7.5000 2908.8452    9.5196
   -7.5000   15.0000   -7.5000 2909.0803    9.6505
    0.0000   15.0000   -7.5000 2947.2710    9.5502
    7.5000   15.0000   -7.5000 2903.6365    9.6673
   -7.5000   22.5000   -7.5000 2864.4917    9.9550
    0.0000   22.5000   -7.5000 2907.2998    9.8372
    7.5000   22.5000   -7.5000 2864.8708    9.9581
   -7.5000   30.0000   -7.5000 2789.0549   10.3904
    0.0000   30.0000   -7.5000 2830.0535   10.2713
    7.5000   30.0000   -7.5000 2793.3906   10.3869
   -7.5000   37.5000   -7.5000 2689.8213   11.0660
    0.0000   37.5000   -7.5000 2724.9646   10.9258
    7.5000   37.5000   -7.5000 2695.8103   11.0446
   -7.5000   45.0000   -7.5000 2568.5449   12.0434
    0.0000   45.0000   -7.5000 2598.7463   11.9146
    7.5000   45.0000   -7.5000 2574.7170   12.0494
   -7.5000  -45.0000    0.0000 2595.6738   12.3598
    0.0000  -45.0000    0.0000 2617.7136   12.2491
    7.5000  -45.0000    0.0000 2593.3884   12.4950
   -7.5000  -37.5000    0.0000 2659.7676   11.4515
    0.0000  -37.5000    0.0000 2680.7378   11.3406
    7.5000  -37.5000    0.0000 2654.1968   11.5596
   -7.5000  -30.0000    0.0000 2716.8293   10.7319
    0.0000  -30.0000    0.0000 2738.2100   10.6226
    7.5000  -30.0000    0.0000 2712.3467   10.8331
   -7.5000  -22.5000    0.0000 2766.6648   10.1777
    0.0000  -22.5000    0.0000 2786.9443   10.0619
    7.5000  -22.5000    0.0000 2762.9253   10.2407
   -7.5000  -15.0000    0.0000 2823.7390    9.7481
    0.0000  -15.0000    0.0000 2847.9355    9.6173
    7.5000  -15.0000    0.0000 2820.0701    9.7800
   -7.5000   -7.5000    0.0000 2878.8386    9.4527
    0.0000   -7.5000    0.0000 2909.8125    9.3325
    7.5000   -7.5000    0.0000 2878.3994    9.4693
   -7.5000    0.0000    0.0000 2924.1687    9.3019
    0.0000    0.0000    0.0000 2964.6255    9.1697
    7.5000    0.0000    0.0000 2927.1804    9.3000
   -7.5000    7.5000    0.0000 2950.6501    9.2902
    0.0000    7.5000    0.0000 2994.6643    9.1724
    7.5000    7.5000    0.0000 2954.0557    9.2807
   -7.5000   15.0000    0.0000 2942.9009    9.4218
    0.0000   15.0000    0.0000 2989.7087    9.3040
    7.5000   15.0000    0.0000 2943.3760    9.4211
   -7.5000   22.5000    0.0000 2897.6919    9.6886
    0.0000   22.5000    0.0000 2942.7444    9.5750
    7.5000   22.5000    0.0000 2902.7197    9.6869
   -7.5000   30.0000    0.0000 2819.6128   10.1365
    0.0000   30.0000    0.0000 2858.4534   10.0219
    7.5000   30.0000    0.0000 2826.1748   10.1319
   -7.5000   37.5000    0.0000 2712.6526   10.8256
    0.0000   37.5000    0.0000 2745.7246   10.6905
    7.5000   37.5000    0.0000 2723.3640   10.8070
   -7.5000   45.0000    0.0000 2586.6543   11.7983
    0.0000   45.0000    0.0000 2616.0818   11.6760
    7.5000   45.0000    0.0000 2593.9211   11.8032
   -7.5000  -45.0000    7.5000 2597.3962   12.3833
    0.0000  -45.0000    7.5000 2619.9106   12.2470
    7.5000  -45.0000    7.5000 2593.1838   12.4895
   -7.5000  -37.5000    7.5000 2651.4434   11.4428
    0.0000  -37.5000    7.5000 2675.2761   11.2992
    7.5000  -37.5000    7.5000 2648.6626   11.5367
   -7.5000  -30.0000    7.5000 2702.8267   10.7018
    0.0000  -30.0000    7.5000 2721.5879   10.5585
    7.5000  -30.0000    7.5000 2702.2529   10.7749
   -7.5000  -22.5000    7.5000 2753.2842   10.0985
    0.0000  -22.5000    7.5000 2768.9631    9.9513
    7.5000  -22.5000    7.5000 2751.9207   10.1483
   -7.5000  -15.0000    7.5000 2811.9270    9.6415
    0.0000  -15.0000    7.5000 2837.0408    9.4915
    7.5000  -15.0000    7.5000 2809.7244    9.6780
   -7.5000   -7.5000    7.5000 2877.5317    9.3586
    0.0000   -7.5000    7.5000 2912.8984    9.2037
    7.5000   -7.5000    7.5000 2880.0007    9.3730
   -7.5000    0.0000    7.5000 2935.0049    9.2229
    0.0000    0.0000    7.5000 2973.6985    9.0707
    7.5000    0.0000    7.5000 2938.9277    9.2141
   -7.5000    7.5000    7.5000 2962.3167    9.2126
    0.0000    7.5000    7.5000 3011.7839    9.0685
    7.5000    7.5000    7.5000 2969.5505    9.1921
   -7.5000   15.0000    7.5000 2952.9883    9.3411
    0.0000   15.0000    7.5000 3001.5762    9.1931
    7.5000   15.0000    7.5000 2956.8079    9.3220
   -7.5000   22.5000    7.5000 2903.6450    9.6274
    0.0000   22.5000    7.5000 2947.6106    9.4782
    7.5000   22.5000    7.5000 2909.6614    9.6221
   -7.5000   30.0000    7.5000 2817.2246   10.1073
    0.0000   30.0000    7.5000 2858.5366    9.9605
    7.5000   30.0000    7.5000 2828.8320   10.1008
   -7.5000   37.5000    7.5000 2711.7046   10.7997
    0.0000   37.5000    7.5000 2742.1133   10.6582
    7.5000   37.5000    7.5000 2722.4888   10.7915
   -7.5000   45.0000    7.5000 2583.2603   11.7619
    0.0000   45.0000    7.5000 2611.0205   11.6269
    7.5000   45.0000    7.5000 2594.2517   11.7433
   -7.5000  -45.0000   15.0000 2587.5105   12.5341
    0.0000  -45.0000   15.0000 2611.8232   12.3672
    7.5000  -45.0000   15.0000 2580.1758   12.6162
   -7.5000  -37.5000   15.0000 2635.0750   11.5726
    0.0000  -37.5000   15.0000 2657.5596   11.4006
    7.5000  -37.5000   15.0000 2632.2983   11.6419
   -7.5000  -30.0000   15.0000 2678.9475   10.8017
    0.0000  -30.0000   15.0000 2702.3494   10.6296
    7.5000  -30.0000   15.0000 2680.3708   10.8627
   -7.5000  -22.5000   15.0000 2722.3579   10.1873
    0.0000  -22.5000   15.0000 2744.9182   10.0147
    7.5000  -22.5000   15.0000 2727.6541   10.2195
   -7.5000  -15.0000   15.0000 2782.5747    9.7273
    0.0000  -15.0000   15.0000 2808.8855    9.5371
    7.5000  -15.0000   15.0000 2788.1650    9.7400
   -7.5000   -7.5000   15.0000 2853.4355    9.4486
    0.0000   -7.5000   15.0000 2886.1233    9.2512
    7.5000   -7.5000   15.0000 2860.5667    9.4412
   -7.5000    0.0000   15.0000 2913.4595    9.3302
    0.0000    0.0000   15.0000 2950.8726    9.1427
    7.5000    0.0000   15.0000 2919.6436    9.3061
   -7.5000    7.5000   15.0000 2942.7866    9.3071
    0.0000    7.5000   15.0000 2990.9302    9.1387
    7.5000    7.5000   15.0000 2951.7986    9.2865
   -7.5000   15.0000   15.0000 2932.7476    9.4454
    0.0000   15.0000   15.0000 2979.4644    9.2410
    7.5000   15.0000   15.0000 2941.1440    9.4217
   -7.5000   22.5000   15.0000 2880.1511    9.7593
    0.0000   22.5000   15.0000 2921.9897    9.5532
    7.5000   22.5000   15.0000 2892.1028    9.7331
   -7.5000   30.0000   15.0000 2796.1731   10.2506
    0.0000   30.0000   15.0000 2836.9290   10.0520
    7.5000   30.0000   15.0000 2811.1294   10.2134
   -7.5000   37.5000   15.0000 2690.5647   10.9590
    0.0000   37.5000   15.0000 2717.0173   10.7848
    7.5000   37.5000   15.0000 2699.7842   10.9280
   -7.5000   45.0000   15.0000 2565.2708   11.9015
    0.0000   45.0000   15.0000 2587.4121   11.7471
    7.5000   45.0000   15.0000 2574.4329   11.8618
   -7.5000  -45.0000   22.5000 2564.6941   12.8196
    0.0000  -45.0000   22.5000 2587.6204   12.6607
    7.5000  -45.0000   22.5000 2557.0515   12.8752
   -7.5000  -37.5000   22.5000 2604.8916   11.8302
    0.0000  -37.5000   22.5000 2630.4380   11.6569
    7.5000  -37.5000   22.5000 2602.1697   11.8736
   -7.5000  -30.0000   22.5000 2647.6567   11.0490
    0.0000  -30.0000   22.5000 2672.8704   10.8712
    7.5000  -30.0000   22.5000 2649.7053   11.0853
   -7.5000  -22.5000   22.5000 2690.3867   10.4390
    0.0000  -22.5000   22.5000 2712.0657   10.2430
    7.5000  -22.5000   22.5000 2695.7185   10.4468
   -7.5000  -15.0000   22.5000 2742.3008    9.9826
    0.0000  -15.0000   22.5000 2768.7561    9.7799
    7.5000  -15.0000   22.5000 2752.6921    9.9802
   -7.5000   -7.5000   22.5000 2807.7112    9.7128
    0.0000   -7.5000   22.5000 2839.5557    9.5065
    7.5000   -7.5000   22.5000 2820.1836    9.6888
   -7.5000    0.0000   22.5000 2865.6729    9.6069
    0.0000    0.0000   22.5000 2904.4878    9.4227
    7.5000    0.0000   22.5000 2877.6169    9.5744
   -7.5000    7.5000   22.5000 2894.9460    9.6120
    0.0000    7.5000   22.5000 2938.7712    9.4228
    7.5000    7.5000   22.5000 2904.0317    9.5902
   -7.5000   15.0000   22.5000 2880.5911    9.7824
    0.0000   15.0000   22.5000 2917.7480    9.5702
    7.5000   15.0000   22.5000 2889.2903    9.7506
   -7.5000   22.5000   22.5000 2831.9932   10.1056
    0.0000   22.5000   22.5000 2867.6128    9.9097
    7.5000   22.5000   22.5000 2845.1877   10.0645
   -7.5000   30.0000   22.5000 2752.5918   10.5826
    0.0000   30.0000   22.5000 2785.5393   10.3873
    7.5000   30.0000   22.5000 2769.2222   10.5322
   -7.5000   37.5000   22.5000 2651.3071   11.2629
    0.0000   37.5000   22.5000 2680.1838   11.0623
    7.5000   37.5000   22.5000 2665.2693   11.2065
   -7.5000   45.0000   22.5000 2528.7295   12.1814
    0.0000   45.0000   22.5000 2553.9709   12.0173
    7.5000   45.0000   22.5000 2538.6008   12.1355
   -7.5000  -45.0000   30.0000 2516.3069   13.2332
    0.0000  -45.0000   30.0000 2540.5830   13.0974
    7.5000  -45.0000   30.0000 2512.9590   13.2925
   -7.5000  -37.5000   30.0000 2563.5796   12.2172
    0.0000  -37.5000   30.0000 2589.4724   12.0606
    7.5000  -37.5000   30.0000 2562.4937   12.2782
   -7.5000  -30.0000   30.0000 2607.3481   11.4353
    0.0000  -30.0000   30.0000 2632.1165   11.2588
    7.5000  -30.0000   30.0000 2607.5540   11.4565
   -7.5000  -22.5000   30.0000 2650.4116   10.8278
    0.0000  -22.5000   30.0000 2675.1731   10.6253
    7.5000  -22.5000   30.0000 2654.8660   10.8051
   -7.5000  -15.0000   30.0000 2696.5151   10.3781
    0.0000  -15.0000   30.0000 2726.4448   10.1808
    7.5000  -15.0000   30.0000 2708.3933   10.3533
   -7.5000   -7.5000   30.0000 2750.4604   10.1347
    0.0000   -7.5000   30.0000 2783.0591    9.9440
    7.5000   -7.5000   30.0000 2766.0586   10.1044
   -7.5000    0.0000   30.0000 2799.6099   10.0367
    0.0000    0.0000   30.0000 2836.1416    9.8748
    7.5000    0.0000   30.0000 2814.3645   10.0191
   -7.5000    7.5000   30.0000 2818.5210   10.0845
    0.0000    7.5000   30.0000 2858.1748    9.8956
    7.5000    7.5000   30.0000 2832.2769   10.0489
   -7.5000   15.0000   30.0000 2801.0605   10.3096
    0.0000   15.0000   30.0000 2834.8945   10.1192
    7.5000   15.0000   30.0000 2816.2764   10.2616
   -7.5000   22.5000   30.0000 2754.1594   10.6430
    0.0000   22.5000   30.0000 2787.1377   10.4787
    7.5000   22.5000   30.0000 2768.2883   10.6062
   -7.5000   30.0000   30.0000 2685.6575   11.0937
    0.0000   30.0000   30.0000 2716.1960   10.9295
    7.5000   30.0000   30.0000 2701.1387   11.0472
   -7.5000   37.5000   30.0000 2595.9321   11.7200
    0.0000   37.5000   30.0000 2623.9370   11.5482
    7.5000   37.5000   30.0000 2611.2812   11.6596
   -7.5000   45.0000   30.0000 2479.5486   12.6062
    0.0000   45.0000   30.0000 2505.5278   12.4386
    7.5000   45.0000   30.0000 2493.5315   12.5526
   -7.5000  -45.0000   37.5000 2458.6941   13.8451
    0.0000  -45.0000   37.5000 2479.1997   13.6967
    7.5000  -45.0000   37.5000 2457.2939   13.8800
   -7.5000  -37.5000   37.5000 2507.2576   12.7619
    0.0000  -37.5000   37.5000 2528.9741   12.6079
    7.5000  -37.5000   37.5000 2508.1321   12.8143
   -7.5000  -30.0000   37.5000 2551.5005   11.9583
    0.0000  -30.0000   37.5000 2578.4705   11.7866
    7.5000  -30.0000   37.5000 2557.2698   11.9727
   -7.5000  -22.5000   37.5000 2600.8127   11.3580
    0.0000  -22.5000   37.5000 2630.7842   11.1560
    7.5000  -22.5000   37.5000 2606.2070   11.3333
   -7.5000  -15.0000   37.5000 2641.1167   10.9446
    0.0000  -15.0000   37.5000 2678.4495   10.7484
    7.5000  -15.0000   37.5000 2655.1624   10.9048
   -7.5000   -7.5000   37.5000 2689.4573   10.7063
    0.0000   -7.5000   37.5000 2725.6460   10.5241
    7.5000   -7.5000   37.5000 2704.8823   10.6682
   -7.5000    0.0000   37.5000 2722.6714   10.6224
    0.0000    0.0000   37.5000 2761.3123   10.4637
    7.5000    0.0000   37.5000 2741.3560   10.5882
   -7.5000    7.5000   37.5000 2733.4753   10.7001
    0.0000    7.5000   37.5000 2770.6504   10.5316
    7.5000    7.5000   37.5000 2748.4609   10.6666
   -7.5000   15.0000   37.5000 2711.3528   10.9407
    0.0000   15.0000   37.5000 2742.3804   10.7843
    7.5000   15.0000   37.5000 2726.0149   10.9055
   -7.5000   22.5000   37.5000 2664.5667   11.3023
    0.0000   22.5000   37.5000 2693.4504   11.1484
    7.5000   22.5000   37.5000 2679.4214   11.2525
   -7.5000   30.0000   37.5000 2601.5581   11.7550
    0.0000   30.0000   37.5000 2634.6147   11.5893
    7.5000   30.0000   37.5000 2620.6099   11.6940
   -7.5000   37.5000   37.5000 2527.2249   12.3285
    0.0000   37.5000   37.5000 2554.5339   12.1645
    7.5000   37.5000   37.5000 2542.1392   12.2827
   -7.5000   45.0000   37.5000 2424.9734   13.1562
    0.0000   45.0000   37.5000 2448.8896   12.9951
    7.5000   45.0000   37.5000 2437.1484   13.1056
   -7.5000  -45.0000   45.0000 2394.0193   14.6227
    0.0000  -45.0000   45.0000 2412.5378   14.4952
    7.5000  -45.0000   45.0000 2396.1677   14.6475
   -7.5000  -37.5000   45.0000 2446.2725   13.5004
    0.0000  -37.5000   45.0000 2468.6941   13.3512
    7.5000  -37.5000   45.0000 2448.9028   13.4957
   -7.5000  -30.0000   45.0000 2491.6968   12.6695
    0.0000  -30.0000   45.0000 2519.4788   12.5137
    7.5000  -30.0000   45.0000 2496.4922   12.6594
   -7.5000  -22.5000   45.0000 2536.1968   12.0499
    0.0000  -22.5000   45.0000 2567.1458   11.8741
    7.5000  -22.5000   45.0000 2544.7188   12.0318
   -7.5000  -15.0000   45.0000 2573.1494   11.6432
    0.0000  -15.0000   45.0000 2608.2900   11.4700
    7.5000  -15.0000   45.0000 2587.1230   11.5965
   -7.5000   -7.5000   45.0000 2612.4631   11.4060
    0.0000   -7.5000   45.0000 2650.6060   11.2723
    7.5000   -7.5000   45.0000 2626.6316   11.3830
   -7.5000    0.0000   45.0000 2634.7136   11.3595
    0.0000    0.0000   45.0000 2674.6467   11.2188
    7.5000    0.0000   45.0000 2652.9907   11.3184
   -7.5000    7.5000   45.0000 2639.7483   11.4603
    0.0000    7.5000   45.0000 2673.7961   11.3130
    7.5000    7.5000   45.0000 2653.8784   11.4134
   -7.5000   15.0000   45.0000 2615.8025   11.7139
    0.0000   15.0000   45.0000 2644.6997   11.5670
    7.5000   15.0000   45.0000 2631.9058   11.6729
   -7.5000   22.5000   45.0000 2573.7935   12.0682
    0.0000   22.5000   45.0000 2598.8665   11.9369
    7.5000   22.5000   45.0000 2587.7358   12.0203
   -7.5000   30.0000   45.0000 2515.6494   12.5152
    0.0000   30.0000   45.0000 2542.2466   12.3777
    7.5000   30.0000   45.0000 2530.0903   12.4546
   -7.5000   37.5000   45.0000 2447.3748   13.0709
    0.0000   37.5000   45.0000 2475.0085   12.9221
    7.5000   37.5000   45.0000 2461.8247   13.0060
   -7.5000   45.0000   45.0000 2358.9199   13.8585
    0.0000   45.0000   45.0000 2386.1077   13.6800
    7.5000   45.0000   45.0000 2371.8015   13.7977

---------------------------------------------------------------------
imgreg_4dfp /opt/freesurfer/average/711-2C_as_mni_average_305 /opt/freesurfer/average/711-2B_as_mni_average_305_mask talsrcimg_g11 none talsrcimg_to_711-2C_as_mni_average_305_t4 1283
---------------------------------------------------------------------

freesurfer imgreg_4dfp.c
/opt/freesurfer/average/711-2C_as_mni_average_305.4dfp.img
       256       256       256         1
  1.000000  1.000000  1.000000
orientation T byte_order littleendian
Reading image: /opt/freesurfer/average/711-2C_as_mni_average_305.4dfp.img
dimensions:      256       256       256
mmppix:       1.0000   -1.0000   -1.0000
center:     128.0000 -129.0000 -129.0000
/opt/freesurfer/average/711-2B_as_mni_average_305_mask.4dfp.img
       256       256       256         1
  1.000000  1.000000  1.000000
orientation T byte_order littleendian
Reading mask: /opt/freesurfer/average/711-2B_as_mni_average_305_mask.4dfp.img (2306576 pixels)
talsrcimg_g11.4dfp.img
       256       256       256         1
  1.000000  1.000000  1.000000
orientation T byte_order littleendian
Reading image: talsrcimg_g11.4dfp.img
dimensions:      256       256       256
mmppix:       1.0000   -1.0000   -1.0000
center:     128.0000 -129.0000 -129.0000
rotation matrix determinant  1.000000
fimgreg.f
image alignment mode   1283 decimal      503 hex
parameters
    0.0000    7.5000    7.5000    0.0000    0.0000    0.0000
eta,q 0.94284  9.09864
niter,ni,del,rscale     5    3   12.0000    1.2000
parameter  2 -0.560486 -> -0.500000 qaram    1.1500
parameter  4 -3.157678 ->  0.500000 qaram    1.1500
parameters
   -0.0106   10.9500    6.9686   -3.4500   -0.4487   -2.4336
eta,q 0.95250  9.01599
  0.0696  0.0667  0.0584  0.0441  0.0528  0.0497
  0.0624  0.0627  0.0563  0.0475  0.0508  0.0480
  0.0580  0.0597  0.0557  0.0516  0.0493  0.0475
  0.0574  0.0574  0.0561  0.0562  0.0486  0.0486
  0.0599  0.0562  0.0564  0.0598  0.0492  0.0506
  0.0637  0.0560  0.0572  0.0625  0.0514  0.0530
  0.0683  0.0570  0.0591  0.0645  0.0548  0.0558
niter,ni,del,rscale     6    3   12.0000    1.2000
parameter  4  1.836234 ->  0.500000 qaram    1.3225
parameters
   -0.2602   11.3974    7.1810   -7.4175   -0.0503   -2.3939
eta,q 0.95893  8.98843
  0.0619  0.0588  0.0529  0.0392  0.0509  0.0463
  0.0537  0.0538  0.0505  0.0405  0.0467  0.0436
  0.0484  0.0493  0.0485  0.0433  0.0430  0.0417
  0.0475  0.0473  0.0473  0.0473  0.0411  0.0411
  0.0513  0.0486  0.0477  0.0527  0.0421  0.0418
  0.0569  0.0517  0.0495  0.0585  0.0449  0.0435
  0.0625  0.0564  0.0527  0.0625  0.0489  0.0461
niter,ni,del,rscale     6    3   12.0000    1.2000
parameter  4  0.883461 ->  0.500000 qaram    1.5209
parameters
   -0.2219   12.1333    6.6622  -11.9801   -0.3379   -2.0077
eta,q 0.96245  8.98495
  0.0588  0.0557  0.0468  0.0367  0.0453  0.0435
  0.0495  0.0487  0.0433  0.0372  0.0411  0.0413
  0.0431  0.0433  0.0412  0.0387  0.0383  0.0391
  0.0411  0.0411  0.0412  0.0410  0.0376  0.0376
  0.0442  0.0427  0.0427  0.0452  0.0389  0.0381
  0.0505  0.0462  0.0451  0.0506  0.0422  0.0401
  0.0571  0.0500  0.0487  0.0573  0.0469  0.0426
niter,ni,del,rscale     6    3   12.0000    1.2000
parameters
   -0.0707   13.3118    5.2738  -15.6947   -0.5481   -1.8045
eta,q 0.96619  8.97100
  0.0555  0.0521  0.0412  0.0382  0.0426  0.0411
  0.0462  0.0451  0.0374  0.0349  0.0383  0.0379
  0.0398  0.0398  0.0363  0.0340  0.0350  0.0353
  0.0375  0.0376  0.0374  0.0365  0.0338  0.0338
  0.0400  0.0378  0.0395  0.0396  0.0351  0.0347
  0.0459  0.0401  0.0423  0.0451  0.0392  0.0372
  0.0531  0.0447  0.0455  0.0511  0.0441  0.0404
niter,ni,del,rscale     5    3   12.0000    1.2000
parameters
    0.1095   14.1691    4.3923  -16.9967   -0.5692   -2.1002
eta,q 0.96666  8.97871
  0.0531  0.0492  0.0401  0.0397  0.0424  0.0396
  0.0434  0.0432  0.0355  0.0377  0.0384  0.0365
  0.0363  0.0371  0.0332  0.0346  0.0349  0.0343
  0.0338  0.0338  0.0338  0.0333  0.0333  0.0333
  0.0366  0.0349  0.0363  0.0359  0.0345  0.0345
  0.0426  0.0382  0.0396  0.0397  0.0382  0.0375
  0.0503  0.0438  0.0436  0.0458  0.0429  0.0410
niter,ni,del,rscale     4    3   12.0000    1.2000
parameters
    0.1808   14.4328    4.0337  -17.6780   -0.5622   -2.2357
eta,q 0.96635  8.98578
  0.0525  0.0470  0.0407  0.0396  0.0424  0.0399
  0.0427  0.0409  0.0362  0.0385  0.0386  0.0370
  0.0356  0.0352  0.0336  0.0356  0.0351  0.0347
  0.0333  0.0334  0.0334  0.0333  0.0336  0.0336
  0.0365  0.0351  0.0352  0.0345  0.0349  0.0345
  0.0429  0.0393  0.0381  0.0382  0.0383  0.0372
  0.0508  0.0451  0.0418  0.0437  0.0426  0.0408
niter,ni,del,rscale     3    3   12.0000    1.2000
parameters
    0.1888   14.5804    3.8353  -18.0289   -0.5530   -2.2923
eta,q 0.96610  8.99082
  0.0523  0.0464  0.0409  0.0396  0.0424  0.0401
  0.0427  0.0402  0.0364  0.0386  0.0387  0.0372
  0.0358  0.0349  0.0340  0.0362  0.0352  0.0350
  0.0336  0.0337  0.0337  0.0337  0.0339  0.0339
  0.0368  0.0353  0.0351  0.0340  0.0352  0.0346
  0.0434  0.0396  0.0377  0.0376  0.0384  0.0372
  0.0513  0.0451  0.0412  0.0427  0.0425  0.0406
niter,ni,del,rscale     2    3   12.0000    1.2000
parameters
    0.1868   14.6578    3.7346  -18.1888   -0.5426   -2.3110
eta,q 0.96597  8.99317
  0.0524  0.0460  0.0411  0.0396  0.0424  0.0402
  0.0428  0.0397  0.0365  0.0387  0.0387  0.0373
  0.0361  0.0348  0.0343  0.0364  0.0353  0.0352
  0.0339  0.0339  0.0339  0.0339  0.0340  0.0340
  0.0371  0.0355  0.0352  0.0338  0.0353  0.0347
  0.0436  0.0397  0.0375  0.0372  0.0385  0.0371
  0.0516  0.0450  0.0409  0.0422  0.0425  0.0405
niter,ni,del,rscale     1    3   12.0000    1.2000
parameters
    0.1827   14.6945    3.6893  -18.2564   -0.5372   -2.3182
eta,q 0.96592  8.99424
  0.0524  0.0458  0.0412  0.0397  0.0424  0.0402
  0.0429  0.0395  0.0366  0.0386  0.0387  0.0373
  0.0362  0.0348  0.0343  0.0366  0.0353  0.0352
  0.0340  0.0340  0.0340  0.0340  0.0341  0.0341
  0.0371  0.0356  0.0352  0.0337  0.0354  0.0347
  0.0437  0.0398  0.0374  0.0371  0.0385  0.0371
  0.0516  0.0449  0.0407  0.0420  0.0425  0.0405
registration optimization eta report
parameter search radius
    6.0000    6.9000    6.0000    9.1253    6.0000    6.0000
100000*second partial in parameter space
       49.       24.       19.        8.       23.       17.
  0.0524  0.0458  0.0412  0.0397  0.0424  0.0402
  0.0429  0.0395  0.0366  0.0386  0.0387  0.0373
  0.0362  0.0348  0.0343  0.0366  0.0353  0.0352
  0.0340  0.0340  0.0340  0.0340  0.0341  0.0341
  0.0371  0.0356  0.0352  0.0337  0.0354  0.0347
  0.0437  0.0398  0.0374  0.0371  0.0385  0.0371
  0.0516  0.0449  0.0407  0.0420  0.0425  0.0405
    0.1827   14.6945    3.6893  -18.2564   -0.5372   -2.3182
eta,q 0.96592  8.99424

---------------------------------------------------------------------
imgreg_4dfp /opt/freesurfer/average/711-2C_as_mni_average_305 /opt/freesurfer/average/711-2B_as_mni_average_305_mask talsrcimg_g11 none talsrcimg_to_711-2C_as_mni_average_305_t4 3335
---------------------------------------------------------------------

freesurfer imgreg_4dfp.c
/opt/freesurfer/average/711-2C_as_mni_average_305.4dfp.img
       256       256       256         1
  1.000000  1.000000  1.000000
orientation T byte_order littleendian
Reading image: /opt/freesurfer/average/711-2C_as_mni_average_305.4dfp.img
dimensions:      256       256       256
mmppix:       1.0000   -1.0000   -1.0000
center:     128.0000 -129.0000 -129.0000
/opt/freesurfer/average/711-2B_as_mni_average_305_mask.4dfp.img
       256       256       256         1
  1.000000  1.000000  1.000000
orientation T byte_order littleendian
Reading mask: /opt/freesurfer/average/711-2B_as_mni_average_305_mask.4dfp.img (2306576 pixels)
talsrcimg_g11.4dfp.img
       256       256       256         1
  1.000000  1.000000  1.000000
orientation T byte_order littleendian
Reading image: talsrcimg_g11.4dfp.img
dimensions:      256       256       256
mmppix:       1.0000   -1.0000   -1.0000
center:     128.0000 -129.0000 -129.0000
fimgreg.f
image alignment mode   3335 decimal      D07 hex
parameters
    0.1827   14.6945    3.6893   -0.0862   -5.0994   -5.0378
    3.5478    2.1568   -4.0447   31.2653   -0.9376  -31.3256
eta,q 0.96719  9.05485
niter,ni,del,rscale     5    3    5.0000    1.2000
parameter  4  0.709816 ->  0.500000 qaram    1.1500
parameter  5  1.926341 ->  0.500000 qaram    1.1500
parameters
    0.1787   14.7706    3.7845   -4.2262   -9.2394   -7.8208
    1.7388    3.0380   -3.1064   27.8883   -0.5378  -28.5777
eta,q 0.97188  8.52285
  0.0355  0.0345  0.0344  0.0317  0.0281  0.0298  0.0301  0.0331  0.0307  0.0289  0.0294  0.0306
  0.0340  0.0336  0.0335  0.0315  0.0290  0.0292  0.0293  0.0310  0.0298  0.0284  0.0288  0.0296
  0.0331  0.0330  0.0330  0.0319  0.0301  0.0290  0.0289  0.0296  0.0292  0.0283  0.0285  0.0288
  0.0328  0.0328  0.0328  0.0328  0.0316  0.0293  0.0290  0.0289  0.0288  0.0288  0.0283  0.0283
  0.0331  0.0330  0.0329  0.0343  0.0332  0.0302  0.0297  0.0290  0.0288  0.0296  0.0284  0.0281
  0.0340  0.0335  0.0334  0.0366  0.0351  0.0319  0.0307  0.0299  0.0292  0.0309  0.0287  0.0282
  0.0355  0.0343  0.0341  0.0393  0.0373  0.0342  0.0321  0.0315  0.0300  0.0324  0.0292  0.0286
niter,ni,del,rscale     6    3    5.0000    1.2000
parameter  5  0.849723 ->  0.500000 qaram    1.3225
parameters
    0.4333   14.6056    3.7422   -5.2461  -14.0004   -8.1397
    1.4143    2.9722   -3.6727   27.3613   -0.0488  -29.2230
eta,q 0.97305  8.27425
  0.0315  0.0297  0.0294  0.0303  0.0269  0.0287  0.0291  0.0302  0.0284  0.0285  0.0279  0.0279
  0.0298  0.0287  0.0287  0.0291  0.0269  0.0279  0.0279  0.0285  0.0276  0.0275  0.0274  0.0273
  0.0287  0.0282  0.0282  0.0283  0.0273  0.0272  0.0272  0.0274  0.0271  0.0271  0.0271  0.0270
  0.0281  0.0281  0.0281  0.0281  0.0281  0.0270  0.0270  0.0270  0.0270  0.0270  0.0270  0.0270
  0.0282  0.0284  0.0282  0.0286  0.0291  0.0272  0.0274  0.0275  0.0273  0.0273  0.0270  0.0272
  0.0290  0.0291  0.0287  0.0299  0.0306  0.0279  0.0282  0.0286  0.0280  0.0279  0.0273  0.0276
  0.0303  0.0301  0.0295  0.0320  0.0324  0.0293  0.0295  0.0303  0.0290  0.0290  0.0277  0.0281
niter,ni,del,rscale     6    3    5.0000    1.2000
parameters
    0.4621   15.0177    3.6243   -5.4113  -17.0153   -8.5539
    1.5253    2.8786   -3.6515   28.2382    0.1205  -29.8268
eta,q 0.97336  8.15010
  0.0298  0.0294  0.0280  0.0296  0.0277  0.0283  0.0290  0.0298  0.0283  0.0288  0.0274  0.0274
  0.0283  0.0282  0.0274  0.0283  0.0269  0.0275  0.0278  0.0281  0.0274  0.0276  0.0270  0.0269
  0.0273  0.0273  0.0270  0.0274  0.0266  0.0269  0.0270  0.0270  0.0268  0.0269  0.0267  0.0267
  0.0270  0.0269  0.0269  0.0269  0.0269  0.0266  0.0266  0.0266  0.0266  0.0266  0.0267  0.0267
  0.0272  0.0270  0.0271  0.0272  0.0276  0.0269  0.0269  0.0271  0.0268  0.0268  0.0267  0.0268
  0.0282  0.0274  0.0275  0.0282  0.0287  0.0276  0.0277  0.0282  0.0274  0.0272  0.0270  0.0272
  0.0297  0.0281  0.0283  0.0300  0.0302  0.0289  0.0289  0.0299  0.0283  0.0279  0.0274  0.0276
niter,ni,del,rscale     5    3    5.0000    1.2000
parameters
    0.4259   15.7523    3.2182   -5.6866  -18.7775   -9.5328
    1.6280    2.7128   -3.4883   29.8298    0.2818  -30.1197
eta,q 0.97375  8.05650
  0.0292  0.0294  0.0272  0.0289  0.0279  0.0277  0.0286  0.0293  0.0280  0.0289  0.0270  0.0270
  0.0278  0.0281  0.0267  0.0277  0.0268  0.0270  0.0274  0.0277  0.0271  0.0277  0.0266  0.0266
  0.0269  0.0272  0.0265  0.0269  0.0263  0.0265  0.0266  0.0266  0.0265  0.0268  0.0264  0.0263
  0.0266  0.0266  0.0265  0.0265  0.0265  0.0263  0.0263  0.0263  0.0263  0.0263  0.0263  0.0263
  0.0270  0.0265  0.0267  0.0267  0.0271  0.0267  0.0266  0.0268  0.0265  0.0263  0.0263  0.0264
  0.0279  0.0267  0.0272  0.0277  0.0280  0.0275  0.0273  0.0279  0.0270  0.0267  0.0266  0.0267
  0.0294  0.0273  0.0280  0.0295  0.0292  0.0289  0.0285  0.0295  0.0279  0.0273  0.0270  0.0271
niter,ni,del,rscale     4    3    5.0000    1.2000
parameters
    0.3579   16.4907    2.6168   -6.0836  -20.6646  -10.6191
    1.7412    2.5870   -3.4169   31.2047    0.4377  -30.5399
eta,q 0.97415  7.95045
  0.0287  0.0291  0.0266  0.0281  0.0275  0.0272  0.0280  0.0288  0.0276  0.0287  0.0266  0.0265
  0.0273  0.0278  0.0262  0.0271  0.0265  0.0265  0.0269  0.0272  0.0267  0.0274  0.0262  0.0261
  0.0265  0.0268  0.0260  0.0264  0.0259  0.0260  0.0262  0.0262  0.0261  0.0264  0.0260  0.0259
  0.0263  0.0263  0.0261  0.0260  0.0260  0.0259  0.0259  0.0259  0.0259  0.0259  0.0259  0.0259
  0.0266  0.0261  0.0264  0.0262  0.0267  0.0263  0.0261  0.0264  0.0261  0.0259  0.0259  0.0260
  0.0275  0.0263  0.0269  0.0272  0.0278  0.0271  0.0268  0.0274  0.0266  0.0264  0.0261  0.0263
  0.0290  0.0269  0.0276  0.0289  0.0290  0.0285  0.0279  0.0289  0.0275  0.0271  0.0265  0.0266
niter,ni,del,rscale     3    3    5.0000    1.2000
parameters
    0.3120   17.0999    2.1141   -6.4808  -21.8112  -11.3435
    1.7373    2.5841   -3.3881   32.0383    0.3842  -30.8010
eta,q 0.97433  7.87946
  0.0281  0.0286  0.0263  0.0276  0.0276  0.0271  0.0276  0.0286  0.0274  0.0284  0.0263  0.0263
  0.0269  0.0273  0.0259  0.0267  0.0265  0.0264  0.0266  0.0270  0.0264  0.0270  0.0260  0.0259
  0.0261  0.0264  0.0257  0.0260  0.0258  0.0258  0.0259  0.0260  0.0259  0.0261  0.0258  0.0257
  0.0258  0.0258  0.0257  0.0257  0.0257  0.0257  0.0257  0.0257  0.0257  0.0257  0.0257  0.0257
  0.0261  0.0257  0.0260  0.0259  0.0263  0.0259  0.0259  0.0261  0.0259  0.0258  0.0257  0.0258
  0.0270  0.0260  0.0264  0.0267  0.0273  0.0267  0.0266  0.0271  0.0264  0.0264  0.0260  0.0260
  0.0283  0.0267  0.0271  0.0283  0.0286  0.0279  0.0276  0.0285  0.0273  0.0273  0.0263  0.0264
niter,ni,del,rscale     2    3    5.0000    1.2000
parameters
    0.3286   17.4254    1.8156   -6.6900  -22.3206  -11.7438
    1.6549    2.6627   -3.3866   32.4463    0.3217  -30.9176
eta,q 0.97436  7.84560
  0.0280  0.0279  0.0263  0.0275  0.0279  0.0271  0.0275  0.0286  0.0273  0.0281  0.0262  0.0263
  0.0267  0.0268  0.0259  0.0266  0.0266  0.0264  0.0265  0.0270  0.0264  0.0268  0.0259  0.0259
  0.0259  0.0260  0.0257  0.0259  0.0258  0.0258  0.0259  0.0260  0.0258  0.0259  0.0257  0.0257
  0.0257  0.0257  0.0256  0.0256  0.0256  0.0256  0.0256  0.0256  0.0256  0.0256  0.0256  0.0256
  0.0259  0.0257  0.0258  0.0257  0.0261  0.0258  0.0259  0.0260  0.0258  0.0259  0.0257  0.0257
  0.0267  0.0261  0.0262  0.0265  0.0271  0.0265  0.0265  0.0270  0.0264  0.0266  0.0259  0.0260
  0.0279  0.0270  0.0268  0.0280  0.0283  0.0276  0.0276  0.0284  0.0273  0.0275  0.0263  0.0263
niter,ni,del,rscale     1    3    5.0000    1.2000
parameters
    0.3642   17.5747    1.6555   -6.7855  -22.5351  -11.9725
    1.5767    2.7346   -3.3948   32.6471    0.3017  -30.9371
eta,q 0.97435  7.82951
  0.0279  0.0276  0.0264  0.0275  0.0281  0.0271  0.0275  0.0286  0.0273  0.0280  0.0262  0.0263
  0.0267  0.0266  0.0260  0.0266  0.0267  0.0264  0.0265  0.0270  0.0264  0.0267  0.0259  0.0259
  0.0259  0.0259  0.0257  0.0259  0.0259  0.0259  0.0259  0.0260  0.0258  0.0259  0.0257  0.0257
  0.0256  0.0256  0.0256  0.0256  0.0256  0.0256  0.0256  0.0256  0.0256  0.0256  0.0257  0.0257
  0.0259  0.0258  0.0258  0.0257  0.0260  0.0258  0.0259  0.0260  0.0258  0.0260  0.0257  0.0257
  0.0266  0.0263  0.0261  0.0264  0.0270  0.0264  0.0265  0.0270  0.0264  0.0267  0.0259  0.0260
  0.0278  0.0272  0.0266  0.0278  0.0282  0.0275  0.0276  0.0284  0.0273  0.0276  0.0263  0.0263
registration optimization eta report
parameter search radius
    2.4000    2.4000    2.4000    8.2800    9.5220    7.2000
    7.2000    7.2000    7.2000    7.2000    7.2000    7.2000
100000*second partial in parameter space
       38.       31.       15.        3.        3.        3.
        4.        5.        3.        4.        1.        1.
  0.0279  0.0276  0.0264  0.0275  0.0281  0.0271  0.0275  0.0286  0.0273  0.0280  0.0262  0.0263
  0.0267  0.0266  0.0260  0.0266  0.0267  0.0264  0.0265  0.0270  0.0264  0.0267  0.0259  0.0259
  0.0259  0.0259  0.0257  0.0259  0.0259  0.0259  0.0259  0.0260  0.0258  0.0259  0.0257  0.0257
  0.0256  0.0256  0.0256  0.0256  0.0256  0.0256  0.0256  0.0256  0.0256  0.0256  0.0257  0.0257
  0.0259  0.0258  0.0258  0.0257  0.0260  0.0258  0.0259  0.0260  0.0258  0.0260  0.0257  0.0257
  0.0266  0.0263  0.0261  0.0264  0.0270  0.0264  0.0265  0.0270  0.0264  0.0267  0.0259  0.0260
  0.0278  0.0272  0.0266  0.0278  0.0282  0.0275  0.0276  0.0284  0.0273  0.0276  0.0263  0.0263
    0.3642   17.5747    1.6555   -6.7855  -22.5351  -11.9725
    1.5767    2.7346   -3.3948   32.6471    0.3017  -30.9371
eta,q 0.97435  7.82951

---------------------------------------------------------------------
imgreg_4dfp /opt/freesurfer/average/711-2C_as_mni_average_305 /opt/freesurfer/average/711-2B_as_mni_average_305_mask talsrcimg_g11 none talsrcimg_to_711-2C_as_mni_average_305_t4 2311
---------------------------------------------------------------------

freesurfer imgreg_4dfp.c
/opt/freesurfer/average/711-2C_as_mni_average_305.4dfp.img
       256       256       256         1
  1.000000  1.000000  1.000000
orientation T byte_order littleendian
Reading image: /opt/freesurfer/average/711-2C_as_mni_average_305.4dfp.img
dimensions:      256       256       256
mmppix:       1.0000   -1.0000   -1.0000
center:     128.0000 -129.0000 -129.0000
/opt/freesurfer/average/711-2B_as_mni_average_305_mask.4dfp.img
       256       256       256         1
  1.000000  1.000000  1.000000
orientation T byte_order littleendian
Reading mask: /opt/freesurfer/average/711-2B_as_mni_average_305_mask.4dfp.img (2306576 pixels)
talsrcimg_g11.4dfp.img
       256       256       256         1
  1.000000  1.000000  1.000000
orientation T byte_order littleendian
Reading image: talsrcimg_g11.4dfp.img
dimensions:      256       256       256
mmppix:       1.0000   -1.0000   -1.0000
center:     128.0000 -129.0000 -129.0000
fimgreg.f
image alignment mode   2311 decimal      907 hex
parameters
    0.3642   17.5747    1.6555   -6.7855  -22.5351  -11.9725
    1.5767    2.7346   -3.3948   32.6471    0.3017  -30.9371
eta,q 0.97435  7.82952
niter,ni,del,rscale     5    3    5.0000    0.8000
parameters
    0.4028   17.6407    1.5768   -6.2830  -22.6707  -11.7745
    1.6504    2.6876   -3.3866   32.4588    0.3653  -31.0430
eta,q 0.97438  7.84686
  0.0267  0.0265  0.0260  0.0264  0.0263  0.0264  0.0265  0.0270  0.0264  0.0266  0.0259  0.0259
  0.0261  0.0260  0.0258  0.0260  0.0259  0.0260  0.0261  0.0262  0.0260  0.0260  0.0257  0.0257
  0.0258  0.0258  0.0257  0.0258  0.0257  0.0258  0.0257  0.0258  0.0257  0.0257  0.0256  0.0256
  0.0257  0.0256  0.0256  0.0256  0.0256  0.0256  0.0256  0.0256  0.0256  0.0256  0.0256  0.0256
  0.0257  0.0257  0.0257  0.0256  0.0257  0.0257  0.0257  0.0258  0.0257  0.0258  0.0256  0.0257
  0.0261  0.0260  0.0258  0.0258  0.0260  0.0259  0.0260  0.0263  0.0260  0.0262  0.0257  0.0258
  0.0266  0.0264  0.0261  0.0262  0.0264  0.0263  0.0265  0.0270  0.0264  0.0267  0.0259  0.0259
niter,ni,del,rscale     4    3    5.0000    0.7000
parameters
    0.3850   17.6089    1.6443   -6.1951  -22.6317  -11.6304
    1.7102    2.6146   -3.3925   32.3814    0.4012  -31.0809
eta,q 0.97439  7.85555
  0.0264  0.0262  0.0259  0.0261  0.0262  0.0262  0.0263  0.0267  0.0262  0.0264  0.0258  0.0258
  0.0259  0.0259  0.0258  0.0259  0.0259  0.0259  0.0259  0.0261  0.0259  0.0259  0.0257  0.0257
  0.0257  0.0257  0.0257  0.0257  0.0257  0.0257  0.0257  0.0257  0.0257  0.0257  0.0256  0.0256
  0.0256  0.0256  0.0256  0.0256  0.0256  0.0256  0.0256  0.0256  0.0256  0.0256  0.0256  0.0256
  0.0257  0.0257  0.0256  0.0256  0.0257  0.0256  0.0257  0.0258  0.0257  0.0257  0.0256  0.0256
  0.0260  0.0259  0.0257  0.0258  0.0259  0.0258  0.0259  0.0262  0.0259  0.0260  0.0257  0.0257
  0.0264  0.0262  0.0259  0.0261  0.0262  0.0262  0.0263  0.0267  0.0262  0.0264  0.0258  0.0258
niter,ni,del,rscale     3    3    5.0000    0.6000
parameters
    0.3633   17.5823    1.6911   -6.0898  -22.5842  -11.5140
    1.7699    2.5659   -3.3815   32.2886    0.4444  -31.0517
eta,q 0.97441  7.86328
  0.0261  0.0260  0.0258  0.0260  0.0260  0.0261  0.0261  0.0264  0.0260  0.0262  0.0258  0.0258
  0.0258  0.0258  0.0257  0.0258  0.0258  0.0258  0.0259  0.0260  0.0258  0.0258  0.0257  0.0257
  0.0257  0.0256  0.0256  0.0257  0.0257  0.0257  0.0257  0.0257  0.0256  0.0256  0.0256  0.0256
  0.0256  0.0256  0.0256  0.0256  0.0256  0.0256  0.0256  0.0256  0.0256  0.0256  0.0256  0.0256
  0.0257  0.0257  0.0256  0.0256  0.0256  0.0256  0.0257  0.0257  0.0256  0.0257  0.0256  0.0256
  0.0259  0.0258  0.0257  0.0257  0.0258  0.0258  0.0258  0.0260  0.0258  0.0259  0.0257  0.0257
  0.0262  0.0261  0.0258  0.0260  0.0260  0.0260  0.0261  0.0264  0.0260  0.0262  0.0258  0.0258
niter,ni,del,rscale     2    3    5.0000    0.5000
parameters
    0.3477   17.5577    1.7375   -5.9908  -22.5435  -11.4161
    1.8217    2.5213   -3.3859   32.1935    0.4624  -31.0693
eta,q 0.97441  7.87048
  0.0260  0.0259  0.0258  0.0259  0.0259  0.0259  0.0260  0.0262  0.0259  0.0260  0.0257  0.0257
  0.0258  0.0257  0.0257  0.0257  0.0257  0.0258  0.0258  0.0258  0.0257  0.0258  0.0256  0.0256
  0.0256  0.0256  0.0256  0.0256  0.0256  0.0256  0.0256  0.0257  0.0256  0.0256  0.0256  0.0256
  0.0256  0.0256  0.0256  0.0256  0.0256  0.0256  0.0256  0.0256  0.0256  0.0256  0.0256  0.0256
  0.0256  0.0256  0.0256  0.0256  0.0256  0.0256  0.0256  0.0257  0.0256  0.0257  0.0256  0.0256
  0.0258  0.0257  0.0257  0.0257  0.0257  0.0257  0.0257  0.0259  0.0257  0.0258  0.0256  0.0256
  0.0260  0.0259  0.0257  0.0259  0.0259  0.0259  0.0259  0.0262  0.0259  0.0260  0.0257  0.0257
niter,ni,del,rscale     1    3    5.0000    0.4000
parameters
    0.3320   17.5342    1.7634   -5.8877  -22.5067  -11.3353
    1.8685    2.4818   -3.3603   32.1230    0.4580  -31.0525
eta,q 0.97441  7.87716
  0.0258  0.0258  0.0257  0.0258  0.0258  0.0258  0.0258  0.0260  0.0258  0.0259  0.0257  0.0257
  0.0257  0.0257  0.0256  0.0257  0.0257  0.0257  0.0257  0.0258  0.0257  0.0257  0.0256  0.0256
  0.0256  0.0256  0.0256  0.0256  0.0256  0.0256  0.0256  0.0256  0.0256  0.0256  0.0256  0.0256
  0.0256  0.0256  0.0256  0.0256  0.0256  0.0256  0.0256  0.0256  0.0256  0.0256  0.0256  0.0256
  0.0256  0.0256  0.0256  0.0256  0.0256  0.0256  0.0256  0.0256  0.0256  0.0256  0.0256  0.0256
  0.0257  0.0257  0.0256  0.0257  0.0257  0.0257  0.0257  0.0258  0.0257  0.0257  0.0256  0.0256
  0.0259  0.0258  0.0257  0.0258  0.0258  0.0258  0.0258  0.0260  0.0258  0.0259  0.0257  0.0257
registration optimization eta report
parameter search radius
    0.8000    0.8000    0.8000    2.4000    2.4000    2.4000
    2.4000    2.4000    2.4000    2.4000    2.4000    2.4000
100000*second partial in parameter space
       40.       31.       15.        3.        3.        4.
        4.        7.        3.        5.        1.        1.
  0.0258  0.0258  0.0257  0.0258  0.0258  0.0258  0.0258  0.0260  0.0258  0.0259  0.0257  0.0257
  0.0257  0.0257  0.0256  0.0257  0.0257  0.0257  0.0257  0.0258  0.0257  0.0257  0.0256  0.0256
  0.0256  0.0256  0.0256  0.0256  0.0256  0.0256  0.0256  0.0256  0.0256  0.0256  0.0256  0.0256
  0.0256  0.0256  0.0256  0.0256  0.0256  0.0256  0.0256  0.0256  0.0256  0.0256  0.0256  0.0256
  0.0256  0.0256  0.0256  0.0256  0.0256  0.0256  0.0256  0.0256  0.0256  0.0256  0.0256  0.0256
  0.0257  0.0257  0.0256  0.0257  0.0257  0.0257  0.0257  0.0258  0.0257  0.0257  0.0256  0.0256
  0.0259  0.0258  0.0257  0.0258  0.0258  0.0258  0.0258  0.0260  0.0258  0.0259  0.0257  0.0257
    0.3320   17.5342    1.7634   -5.8877  -22.5067  -11.3353
    1.8685    2.4818   -3.3603   32.1230    0.4580  -31.0525
eta,q 0.97441  7.87716

---------------------------------------------------------------------
imgreg_4dfp /opt/freesurfer/average/711-2C_as_mni_average_305 /opt/freesurfer/average/711-2B_as_mni_average_305_mask talsrcimg_g11 none talsrcimg_to_711-2C_as_mni_average_305_t4 2311
---------------------------------------------------------------------

freesurfer imgreg_4dfp.c
/opt/freesurfer/average/711-2C_as_mni_average_305.4dfp.img
       256       256       256         1
  1.000000  1.000000  1.000000
orientation T byte_order littleendian
Reading image: /opt/freesurfer/average/711-2C_as_mni_average_305.4dfp.img
dimensions:      256       256       256
mmppix:       1.0000   -1.0000   -1.0000
center:     128.0000 -129.0000 -129.0000
/opt/freesurfer/average/711-2B_as_mni_average_305_mask.4dfp.img
       256       256       256         1
  1.000000  1.000000  1.000000
orientation T byte_order littleendian
Reading mask: /opt/freesurfer/average/711-2B_as_mni_average_305_mask.4dfp.img (2306576 pixels)
talsrcimg_g11.4dfp.img
       256       256       256         1
  1.000000  1.000000  1.000000
orientation T byte_order littleendian
Reading image: talsrcimg_g11.4dfp.img
dimensions:      256       256       256
mmppix:       1.0000   -1.0000   -1.0000
center:     128.0000 -129.0000 -129.0000
fimgreg.f
image alignment mode   2311 decimal      907 hex
parameters
    0.3320   17.5342    1.7634   -5.8877  -22.5067  -11.3353
    1.8685    2.4818   -3.3603   32.1230    0.4580  -31.0525
eta,q 0.97441  7.87716
niter,ni,del,rscale     5    3    5.0000    0.8000
parameters
    0.3083   17.5099    1.7916   -6.1657  -22.5065  -11.4488
    1.8202    2.5265   -3.3607   32.3021    0.3940  -31.0984
eta,q 0.97440  7.86704
  0.0266  0.0264  0.0260  0.0262  0.0263  0.0264  0.0265  0.0270  0.0264  0.0267  0.0259  0.0259
  0.0260  0.0259  0.0258  0.0259  0.0259  0.0260  0.0260  0.0263  0.0259  0.0261  0.0257  0.0257
  0.0257  0.0257  0.0256  0.0257  0.0257  0.0257  0.0257  0.0258  0.0257  0.0257  0.0256  0.0256
  0.0256  0.0256  0.0256  0.0256  0.0256  0.0256  0.0256  0.0256  0.0256  0.0256  0.0256  0.0256
  0.0257  0.0257  0.0256  0.0257  0.0257  0.0257  0.0257  0.0258  0.0257  0.0257  0.0256  0.0256
  0.0261  0.0260  0.0258  0.0259  0.0259  0.0260  0.0260  0.0262  0.0259  0.0261  0.0257  0.0257
  0.0266  0.0264  0.0260  0.0264  0.0263  0.0265  0.0265  0.0270  0.0263  0.0265  0.0259  0.0259
niter,ni,del,rscale     4    3    5.0000    0.7000
parameters
    0.3263   17.5433    1.7501   -6.1193  -22.5461  -11.4626
    1.8108    2.5388   -3.3693   32.2957    0.4061  -31.1161
eta,q 0.97441  7.86665
  0.0264  0.0262  0.0259  0.0261  0.0262  0.0262  0.0263  0.0267  0.0262  0.0264  0.0258  0.0258
  0.0260  0.0259  0.0257  0.0259  0.0259  0.0259  0.0259  0.0261  0.0259  0.0260  0.0257  0.0257
  0.0257  0.0257  0.0256  0.0257  0.0257  0.0257  0.0257  0.0257  0.0256  0.0257  0.0256  0.0256
  0.0256  0.0256  0.0256  0.0256  0.0256  0.0256  0.0256  0.0256  0.0256  0.0256  0.0256  0.0256
  0.0257  0.0256  0.0256  0.0256  0.0257  0.0257  0.0257  0.0257  0.0257  0.0257  0.0256  0.0256
  0.0259  0.0258  0.0257  0.0258  0.0259  0.0259  0.0259  0.0261  0.0259  0.0260  0.0257  0.0257
  0.0264  0.0262  0.0259  0.0261  0.0262  0.0262  0.0263  0.0267  0.0262  0.0264  0.0258  0.0258
niter,ni,del,rscale     3    3    5.0000    0.6000
parameters
    0.3320   17.5488    1.7441   -6.0449  -22.5434  -11.4398
    1.8130    2.5269   -3.3654   32.2422    0.4085  -31.1022
eta,q 0.97441  7.86907
  0.0262  0.0261  0.0258  0.0260  0.0260  0.0261  0.0261  0.0264  0.0260  0.0262  0.0257  0.0258
  0.0259  0.0258  0.0257  0.0258  0.0258  0.0258  0.0258  0.0260  0.0258  0.0258  0.0257  0.0257
  0.0257  0.0256  0.0256  0.0257  0.0256  0.0257  0.0257  0.0257  0.0256  0.0256  0.0256  0.0256
  0.0256  0.0256  0.0256  0.0256  0.0256  0.0256  0.0256  0.0256  0.0256  0.0256  0.0256  0.0256
  0.0257  0.0256  0.0256  0.0256  0.0256  0.0256  0.0257  0.0257  0.0256  0.0257  0.0256  0.0256
  0.0258  0.0258  0.0257  0.0257  0.0258  0.0258  0.0258  0.0260  0.0258  0.0259  0.0257  0.0257
  0.0262  0.0260  0.0258  0.0260  0.0260  0.0261  0.0261  0.0264  0.0260  0.0262  0.0258  0.0258
niter,ni,del,rscale     2    3    5.0000    0.5000
parameters
    0.3327   17.5385    1.7591   -5.9602  -22.5296  -11.3793
    1.8465    2.5044   -3.3683   32.1780    0.4085  -31.0675
eta,q 0.97441  7.87329
  0.0260  0.0259  0.0258  0.0259  0.0259  0.0259  0.0260  0.0262  0.0259  0.0260  0.0257  0.0257
  0.0258  0.0257  0.0257  0.0257  0.0257  0.0258  0.0258  0.0259  0.0257  0.0258  0.0256  0.0256
  0.0256  0.0256  0.0256  0.0256  0.0256  0.0256  0.0256  0.0257  0.0256  0.0256  0.0256  0.0256
  0.0256  0.0256  0.0256  0.0256  0.0256  0.0256  0.0256  0.0256  0.0256  0.0256  0.0256  0.0256
  0.0256  0.0256  0.0256  0.0256  0.0256  0.0256  0.0256  0.0257  0.0256  0.0257  0.0256  0.0256
  0.0258  0.0257  0.0257  0.0257  0.0257  0.0257  0.0258  0.0259  0.0257  0.0258  0.0256  0.0256
  0.0260  0.0259  0.0257  0.0259  0.0259  0.0259  0.0259  0.0262  0.0259  0.0260  0.0257  0.0257
niter,ni,del,rscale     1    3    5.0000    0.4000
parameters
    0.3211   17.5284    1.7756   -5.8691  -22.5090  -11.3226
    1.8908    2.4704   -3.3499   32.1109    0.4586  -31.0657
eta,q 0.97441  7.87830
  0.0258  0.0258  0.0257  0.0258  0.0258  0.0258  0.0258  0.0260  0.0258  0.0259  0.0257  0.0257
  0.0257  0.0257  0.0256  0.0257  0.0257  0.0257  0.0257  0.0258  0.0257  0.0257  0.0256  0.0256
  0.0256  0.0256  0.0256  0.0256  0.0256  0.0256  0.0256  0.0256  0.0256  0.0256  0.0256  0.0256
  0.0256  0.0256  0.0256  0.0256  0.0256  0.0256  0.0256  0.0256  0.0256  0.0256  0.0256  0.0256
  0.0256  0.0256  0.0256  0.0256  0.0256  0.0256  0.0256  0.0256  0.0256  0.0256  0.0256  0.0256
  0.0257  0.0257  0.0256  0.0257  0.0257  0.0257  0.0257  0.0258  0.0257  0.0257  0.0256  0.0256
  0.0258  0.0258  0.0257  0.0258  0.0258  0.0258  0.0258  0.0260  0.0258  0.0259  0.0257  0.0257
registration optimization eta report
parameter search radius
    0.8000    0.8000    0.8000    2.4000    2.4000    2.4000
    2.4000    2.4000    2.4000    2.4000    2.4000    2.4000
100000*second partial in parameter space
       40.       32.       16.        3.        3.        4.
        4.        7.        3.        5.        1.        1.
  0.0258  0.0258  0.0257  0.0258  0.0258  0.0258  0.0258  0.0260  0.0258  0.0259  0.0257  0.0257
  0.0257  0.0257  0.0256  0.0257  0.0257  0.0257  0.0257  0.0258  0.0257  0.0257  0.0256  0.0256
  0.0256  0.0256  0.0256  0.0256  0.0256  0.0256  0.0256  0.0256  0.0256  0.0256  0.0256  0.0256
  0.0256  0.0256  0.0256  0.0256  0.0256  0.0256  0.0256  0.0256  0.0256  0.0256  0.0256  0.0256
  0.0256  0.0256  0.0256  0.0256  0.0256  0.0256  0.0256  0.0256  0.0256  0.0256  0.0256  0.0256
  0.0257  0.0257  0.0256  0.0257  0.0257  0.0257  0.0257  0.0258  0.0257  0.0257  0.0256  0.0256
  0.0258  0.0258  0.0257  0.0258  0.0258  0.0258  0.0258  0.0260  0.0258  0.0259  0.0257  0.0257
    0.3211   17.5284    1.7756   -5.8691  -22.5090  -11.3226
    1.8908    2.4704   -3.3499   32.1109    0.4586  -31.0657
eta,q 0.97441  7.87830

---------------------------------------------------------------------
compute_vox2vox talsrcimg talsrcimg_to_711-2C_as_mni_average_305_t4 /opt/freesurfer/average/711-2C_as_mni_average_305
---------------------------------------------------------------------

freesurfer compute_vox2vox.c
Reading: talsrcimg.4dfp.ifh
Reading: talsrcimg_to_711-2C_as_mni_average_305_t4
Reading: /opt/freesurfer/average/711-2C_as_mni_average_305.4dfp.ifh
Writing: talsrcimg_to_711-2C_as_mni_average_305_t4_vox2vox.txt

start time Wed Mar 11 13:21:33 CET 2026
end		time Wed Mar 11 13:23:01 CET 2026

mpr2mni305 success

avi2talxfm orig_nu.mgz /opt/freesurfer/average/mni305.cor.mgz talsrcimg_to_711-2C_as_mni_average_305_t4_vox2vox.txt transforms/talairach.auto.xfm
avi2talxfm done
mv -f /out/sourcedata/freesurfer/sub-v2s17x50047_ses-1/mri/talsrcimg_to_711-2C_as_mni_average_305_t4_vox2vox.txt /out/sourcedata/freesurfer/sub-v2s17x50047_ses-1/mri/transforms/talsrcimg_to_711-2C_as_mni_average_305_t4_vox2vox.txt
lta_convert --src orig_nu.mgz --trg /opt/freesurfer/average/mni305.cor.mgz --inxfm transforms/talairach.auto.xfm --outlta transforms/talairach.auto.xfm.lta --subject fsaverage
7.3.2

--src: orig_nu.mgz src image (geometry).
--trg: /opt/freesurfer/average/mni305.cor.mgz trg image (geometry).
--inmni: transforms/talairach.auto.xfm input MNI/XFM transform.
--outlta: transforms/talairach.auto.xfm.lta output LTA.
--s: fsaverage subject name
 LTA read, type : 1
 1.06126  -0.01763  -0.03296   0.32597;
 0.00924   0.98458   0.39449  -7.83612;
 0.04205  -0.40875   1.12558  -13.62993;
 0.00000   0.00000   0.00000   1.00000;
setting subject to fsaverage
Writing  LTA to file transforms/talairach.auto.xfm.lta...
lta_convert successful.
 
 
Started at Wed Mar 11 13:21:33 CET 2026
Ended   at Wed Mar 11 13:23:02 CET 2026
talairach_avi done
