/out/sourcedata/freesurfer/sub-v2s17x50027_ses-1/mri
/opt/freesurfer/bin/talairach_avi
--i orig_nu.mgz --xfm transforms/talairach.auto.xfm
talairach_avi 7.3.2
Linux dna060 5.14.0-427.37.1.el9_4.x86_64 #1 SMP PREEMPT_DYNAMIC Fri Sep 13 12:41:50 EDT 2024 x86_64 x86_64 x86_64 GNU/Linux
Wed Mar 11 13:04:05 CET 2026
mri_convert orig_nu.mgz talsrcimg.img 
reading from orig_nu.mgz...
TR=0.00, TE=0.00, TI=0.00, flip angle=0.00
i_ras = (-1, 0, 0)
j_ras = (0, 0, -1)
k_ras = (0, 1, 0)
writing to talsrcimg.img...
Analyze Output Matrix
-1.00000   0.00000   0.00000   132.43057;
 0.00000   0.00000   1.00000  -134.45769;
 0.00000  -1.00000   0.00000   104.01688;
 0.00000   0.00000   0.00000   1.00000;
--------------------
INFO: set hdr.hist.orient to -1
mpr2mni305 talsrcimg
Wed Mar 11 13:04:05 CET 2026
/opt/freesurfer/bin/mpr2mni305 talsrcimg
mpr2mni305 7.3.2
target=711-2C_as_mni_average_305

---------------------------------------------------------------------
analyzeto4dfp talsrcimg -O0 -y
---------------------------------------------------------------------

freesurfer ifh2hdr.c
Wed Mar 11 13:04:06 2026
Writing: talsrcimg.4dfp.hdr
freesurfer analyzeto4dfp.c
Reading: talsrcimg.hdr
header size 348 bytes
hdr.dime.datatype	offset=70	value=2
hdr.dime.bitpix		offset=72	value=8
hdr.hist.orient		offset=252	value=-1
dimensionality     4
dimensions       256       256       256         1
Reading: talsrcimg.img
Writing: talsrcimg.4dfp.img
Writing: talsrcimg.4dfp.ifh
ifh2hdr talsrcimg -r0to225
ori=2

---------------------------------------------------------------------
gauss_4dfp talsrcimg 1.1
---------------------------------------------------------------------

freesurfer gauss_4dfp.c
Reading: talsrcimg.4dfp.img
Writing: talsrcimg_g11.4dfp.img
image dimensions 256 256 256 padded to 288 288 288
processing volume 1freesurfer ifh2hdr.c
Wed Mar 11 13:04:07 2026
Writing: talsrcimg_g11.4dfp.hdr

Writing: talsrcimg_g11.4dfp.ifh
including: talsrcimg.4dfp.img.rec in talsrcimg_g11.4dfp.img.rec

---------------------------------------------------------------------
imgreg_4dfp /opt/freesurfer/average/711-2C_as_mni_average_305 none talsrcimg_g11 none talsrcimg_to_711-2C_as_mni_average_305_t4 4355
---------------------------------------------------------------------

freesurfer imgreg_4dfp.c
/opt/freesurfer/average/711-2C_as_mni_average_305.4dfp.img
       256       256       256         1
  1.000000  1.000000  1.000000
orientation T byte_order littleendian
Reading image: /opt/freesurfer/average/711-2C_as_mni_average_305.4dfp.img
dimensions:      256       256       256
mmppix:       1.0000   -1.0000   -1.0000
center:     128.0000 -129.0000 -129.0000
talsrcimg_g11.4dfp.img
       256       256       256         1
  1.000000  1.000000  1.000000
orientation T byte_order littleendian
Reading image: talsrcimg_g11.4dfp.img
dimensions:      256       256       256
mmppix:       1.0000   -1.0000   -1.0000
center:     128.0000 -129.0000 -129.0000
t4_read: open error in t4_sub.f l:  41 t4_file(1:l)talsrcimg_to_711-2C_as_mni_average_305_t4 
t4_read: transform initialized to I4
rotation matrix determinant  1.000000
image alignment mode   4355 decimal     1103 hex
   -7.5000  -45.0000  -45.0000 8781.2490   13.8673
    0.0000  -45.0000  -45.0000 9099.1035   13.8495
    7.5000  -45.0000  -45.0000 8676.4453   13.8391
   -7.5000  -37.5000  -45.0000 9361.4082   13.8117
    0.0000  -37.5000  -45.0000 9722.8486   13.7970
    7.5000  -37.5000  -45.0000 9248.9482   13.7901
   -7.5000  -30.0000  -45.000010247.5000   13.7540
    0.0000  -30.0000  -45.000010669.5986   13.7409
    7.5000  -30.0000  -45.000010145.4268   13.7349
   -7.5000  -22.5000  -45.000011087.2666   13.6904
    0.0000  -22.5000  -45.000011543.6152   13.6753
    7.5000  -22.5000  -45.000010982.0654   13.6659
   -7.5000  -15.0000  -45.000011770.0420   13.6223
    0.0000  -15.0000  -45.000012239.2793   13.6042
    7.5000  -15.0000  -45.000011661.6885   13.5915
   -7.5000   -7.5000  -45.000012325.0967   13.5705
    0.0000   -7.5000  -45.000012825.8906   13.5520
    7.5000   -7.5000  -45.000012236.6562   13.5393
   -7.5000    0.0000  -45.000012759.1885   13.5678
    0.0000    0.0000  -45.000013279.0791   13.5507
    7.5000    0.0000  -45.000012672.5801   13.5408
   -7.5000    7.5000  -45.000012197.0879   13.5754
    0.0000    7.5000  -45.000012716.6387   13.5611
    7.5000    7.5000  -45.000012139.0986   13.5545
   -7.5000   15.0000  -45.000011563.2119   13.5802
    0.0000   15.0000  -45.000012065.7910   13.5673
    7.5000   15.0000  -45.000011488.5020   13.5615
   -7.5000   22.5000  -45.000010872.9355   13.5835
    0.0000   22.5000  -45.000011318.1826   13.5687
    7.5000   22.5000  -45.000010783.8027   13.5595
   -7.5000   30.0000  -45.000010092.9580   13.4904
    0.0000   30.0000  -45.000010495.7559   13.4737
    7.5000   30.0000  -45.0000 9994.5430   13.4614
   -7.5000   37.5000  -45.0000 9672.5625   13.6356
    0.0000   37.5000  -45.000010051.1406   13.6190
    7.5000   37.5000  -45.0000 9573.8936   13.6069
   -7.5000   45.0000  -45.0000 8887.0068   13.4970
    0.0000   45.0000  -45.0000 9237.9668   13.4828
    7.5000   45.0000  -45.0000 8797.6289   13.4740
   -7.5000  -45.0000  -37.5000 9342.0625   13.8378
    0.0000  -45.0000  -37.5000 9692.7139   13.8239
    7.5000  -45.0000  -37.5000 9226.8721   13.8150
   -7.5000  -37.5000  -37.5000 9946.9639   13.7770
    0.0000  -37.5000  -37.500010330.4551   13.7645
    7.5000  -37.5000  -37.5000 9826.0410   13.7579
   -7.5000  -30.0000  -37.500010881.9258   13.7183
    0.0000  -30.0000  -37.500011320.5605   13.7055
    7.5000  -30.0000  -37.500010753.7666   13.6983
   -7.5000  -22.5000  -37.500011764.4648   13.6587
    0.0000  -22.5000  -37.500012224.8916   13.6433
    7.5000  -22.5000  -37.500011614.3281   13.6322
   -7.5000  -15.0000  -37.500012450.9287   13.5943
    0.0000  -15.0000  -37.500012945.7490   13.5770
    7.5000  -15.0000  -37.500012332.5312   13.5633
   -7.5000   -7.5000  -37.500013018.8936   13.5414
    0.0000   -7.5000  -37.500013562.7314   13.5256
    7.5000   -7.5000  -37.500012920.2012   13.5137
   -7.5000    0.0000  -37.500013464.2041   13.5341
    0.0000    0.0000  -37.500014025.9072   13.5206
    7.5000    0.0000  -37.500013346.0928   13.5122
   -7.5000    7.5000  -37.500012873.0156   13.5374
    0.0000    7.5000  -37.500013411.9570   13.5252
    7.5000    7.5000  -37.500012756.8809   13.5190
   -7.5000   15.0000  -37.500012167.4941   13.5419
    0.0000   15.0000  -37.500012678.4766   13.5293
    7.5000   15.0000  -37.500012047.2539   13.5224
   -7.5000   22.5000  -37.500011396.8447   13.5501
    0.0000   22.5000  -37.500011857.6494   13.5349
    7.5000   22.5000  -37.500011285.1309   13.5242
   -7.5000   30.0000  -37.500010559.9971   13.4606
    0.0000   30.0000  -37.500010987.2119   13.4447
    7.5000   30.0000  -37.500010449.7178   13.4315
   -7.5000   37.5000  -37.500010080.4590   13.6032
    0.0000   37.5000  -37.500010478.6943   13.5897
    7.5000   37.5000  -37.5000 9971.4121   13.5784
   -7.5000   45.0000  -37.5000 9228.1416   13.4578
    0.0000   45.0000  -37.5000 9603.8252   13.4481
    7.5000   45.0000  -37.5000 9152.9668   13.4409
   -7.5000  -45.0000  -30.000010019.9590   14.3795
    0.0000  -45.0000  -30.000010396.5752   14.3667
    7.5000  -45.0000  -30.0000 9877.9805   14.3597
   -7.5000  -37.5000  -30.000010664.3838   14.3135
    0.0000  -37.5000  -30.000011079.1709   14.3000
    7.5000  -37.5000  -30.000010520.3428   14.2957
   -7.5000  -30.0000  -30.000011661.0283   14.2535
    0.0000  -30.0000  -30.000012123.7725   14.2375
    7.5000  -30.0000  -30.000011518.9092   14.2325
   -7.5000  -22.5000  -30.000012571.1025   14.1930
    0.0000  -22.5000  -30.000013062.3301   14.1744
    7.5000  -22.5000  -30.000012408.1777   14.1648
   -7.5000  -15.0000  -30.000013281.7734   14.1248
    0.0000  -15.0000  -30.000013806.8350   14.1063
    7.5000  -15.0000  -30.000013141.5928   14.0933
   -7.5000   -7.5000  -30.000013866.1445   14.0662
    0.0000   -7.5000  -30.000014449.2705   14.0513
    7.5000   -7.5000  -30.000013751.9697   14.0406
   -7.5000    0.0000  -30.000014356.2637   14.0546
    0.0000    0.0000  -30.000014952.0039   14.0422
    7.5000    0.0000  -30.000014190.3428   14.0355
   -7.5000    7.5000  -30.000013724.0723   14.0576
    0.0000    7.5000  -30.000014294.8291   14.0443
    7.5000    7.5000  -30.000013536.4688   14.0402
   -7.5000   15.0000  -30.000012935.5723   14.0653
    0.0000   15.0000  -30.000013475.2637   14.0497
    7.5000   15.0000  -30.000012767.9072   14.0449
   -7.5000   22.5000  -30.000012084.7744   14.0757
    0.0000   22.5000  -30.000012565.0938   14.0574
    7.5000   22.5000  -30.000011920.3066   14.0481
   -7.5000   30.0000  -30.000011168.3154   13.9856
    0.0000   30.0000  -30.000011601.4707   13.9682
    7.5000   30.0000  -30.000011019.9453   13.9559
   -7.5000   37.5000  -30.000010640.7207   14.1293
    0.0000   37.5000  -30.000011060.6602   14.1166
    7.5000   37.5000  -30.000010508.6602   14.1063
   -7.5000   45.0000  -30.0000 9719.9414   13.9796
    0.0000   45.0000  -30.000010119.0420   13.9714
    7.5000   45.0000  -30.0000 9620.1514   13.9656
   -7.5000  -45.0000  -22.500010643.1611   14.8599
    0.0000  -45.0000  -22.500011052.5957   14.8449
    7.5000  -45.0000  -22.500010500.4990   14.8387
   -7.5000  -37.5000  -22.500011305.9912   14.7943
    0.0000  -37.5000  -22.500011768.3154   14.7781
    7.5000  -37.5000  -22.500011181.1768   14.7765
   -7.5000  -30.0000  -22.500012361.0566   14.7343
    0.0000  -30.0000  -22.500012875.5771   14.7155
    7.5000  -30.0000  -22.500012228.3008   14.7148
   -7.5000  -22.5000  -22.500013277.6230   14.6697
    0.0000  -22.5000  -22.500013820.4961   14.6488
    7.5000  -22.5000  -22.500013136.7539   14.6428
   -7.5000  -15.0000  -22.500014024.7383   14.5957
    0.0000  -15.0000  -22.500014624.6553   14.5754
    7.5000  -15.0000  -22.500013907.0557   14.5643
   -7.5000   -7.5000  -22.500014638.7578   14.5338
    0.0000   -7.5000  -22.500015288.4854   14.5170
    7.5000   -7.5000  -22.500014501.2764   14.5069
   -7.5000    0.0000  -22.500015118.1094   14.5223
    0.0000    0.0000  -22.500015760.2734   14.5077
    7.5000    0.0000  -22.500014924.4883   14.5018
   -7.5000    7.5000  -22.500014450.7520   14.5285
    0.0000    7.5000  -22.500015065.8477   14.5128
    7.5000    7.5000  -22.500014214.4941   14.5112
   -7.5000   15.0000  -22.500013645.2051   14.5391
    0.0000   15.0000  -22.500014216.3105   14.5207
    7.5000   15.0000  -22.500013403.0566   14.5202
   -7.5000   22.5000  -22.500012722.2520   14.5473
    0.0000   22.5000  -22.500013233.6709   14.5267
    7.5000   22.5000  -22.500012491.3809   14.5209
   -7.5000   30.0000  -22.500011732.9629   14.4547
    0.0000   30.0000  -22.500012200.3477   14.4352
    7.5000   30.0000  -22.500011544.2295   14.4250
   -7.5000   37.5000  -22.500011152.1797   14.6021
    0.0000   37.5000  -22.500011605.1104   14.5870
    7.5000   37.5000  -22.500010989.2051   14.5772
   -7.5000   45.0000  -22.500010171.2754   14.4556
    0.0000   45.0000  -22.500010583.0361   14.4445
    7.5000   45.0000  -22.500010054.8506   14.4391
   -7.5000  -45.0000  -15.000011268.5752   15.2281
    0.0000  -45.0000  -15.000011724.6055   15.2091
    7.5000  -45.0000  -15.000011155.5264   15.2016
   -7.5000  -37.5000  -15.000011951.1533   15.1655
    0.0000  -37.5000  -15.000012448.8975   15.1464
    7.5000  -37.5000  -15.000011838.5146   15.1450
   -7.5000  -30.0000  -15.000013030.6104   15.1041
    0.0000  -30.0000  -15.000013571.5830   15.0841
    7.5000  -30.0000  -15.000012913.4131   15.0851
   -7.5000  -22.5000  -15.000013961.2598   15.0322
    0.0000  -22.5000  -15.000014530.6572   15.0106
    7.5000  -22.5000  -15.000013839.0918   15.0067
   -7.5000  -15.0000  -15.000014750.7891   14.9514
    0.0000  -15.0000  -15.000015394.5254   14.9295
    7.5000  -15.0000  -15.000014611.4990   14.9195
   -7.5000   -7.5000  -15.000015355.0596   14.8884
    0.0000   -7.5000  -15.000016044.6279   14.8685
    7.5000   -7.5000  -15.000015220.6699   14.8578
   -7.5000    0.0000  -15.000015818.4375   14.8811
    0.0000    0.0000  -15.000016492.4453   14.8627
    7.5000    0.0000  -15.000015630.9180   14.8556
   -7.5000    7.5000  -15.000015118.9443   14.8923
    0.0000    7.5000  -15.000015747.6064   14.8737
    7.5000    7.5000  -15.000014857.3613   14.8724
   -7.5000   15.0000  -15.000014262.4902   14.9035
    0.0000   15.0000  -15.000014840.4307   14.8839
    7.5000   15.0000  -15.000013990.3799   14.8851
   -7.5000   22.5000  -15.000013297.0703   14.9060
    0.0000   22.5000  -15.000013824.7676   14.8847
    7.5000   22.5000  -15.000013009.5986   14.8810
   -7.5000   30.0000  -15.000012247.0850   14.8102
    0.0000   30.0000  -15.000012735.2715   14.7893
    7.5000   30.0000  -15.000012006.2725   14.7800
   -7.5000   37.5000  -15.000011622.5840   14.9630
    0.0000   37.5000  -15.000012091.7383   14.9445
    7.5000   37.5000  -15.000011414.8584   14.9340
   -7.5000   45.0000  -15.000010606.7100   14.8268
    0.0000   45.0000  -15.000011028.6992   14.8109
    7.5000   45.0000  -15.000010448.0312   14.8043
   -7.5000  -45.0000   -7.500011889.3623   15.4103
    0.0000  -45.0000   -7.500012390.5645   15.3892
    7.5000  -45.0000   -7.500011811.6602   15.3788
   -7.5000  -37.5000   -7.500012583.0742   15.3479
    0.0000  -37.5000   -7.500013124.5293   15.3288
    7.5000  -37.5000   -7.500012517.9014   15.3240
   -7.5000  -30.0000   -7.500013678.3506   15.2826
    0.0000  -30.0000   -7.500014247.3252   15.2647
    7.5000  -30.0000   -7.500013602.8564   15.2626
   -7.5000  -22.5000   -7.500014642.1416   15.2057
    0.0000  -22.5000   -7.500015248.1357   15.1864
    7.5000  -22.5000   -7.500014547.8789   15.1803
   -7.5000  -15.0000   -7.500015481.6758   15.1224
    0.0000  -15.0000   -7.500016203.1816   15.1010
    7.5000  -15.0000   -7.500015384.9961   15.0898
   -7.5000   -7.5000   -7.500016120.4854   15.0613
    0.0000   -7.5000   -7.500016825.0625   15.0399
    7.5000   -7.5000   -7.500015998.8828   15.0273
   -7.5000    0.0000   -7.500016604.9336   15.0580
    0.0000    0.0000   -7.500017261.2695   15.0377
    7.5000    0.0000   -7.500016411.8438   15.0278
   -7.5000    7.5000   -7.500015870.4209   15.0705
    0.0000    7.5000   -7.500016477.3789   15.0519
    7.5000    7.5000   -7.500015604.1309   15.0474
   -7.5000   15.0000   -7.500014900.9316   15.0792
    0.0000   15.0000   -7.500015497.7529   15.0616
    7.5000   15.0000   -7.500014655.9062   15.0597
   -7.5000   22.5000   -7.500013847.1592   15.0764
    0.0000   22.5000   -7.500014400.6162   15.0573
    7.5000   22.5000   -7.500013584.1533   15.0515
   -7.5000   30.0000   -7.500012739.3438   14.9797
    0.0000   30.0000   -7.500013238.3154   14.9596
    7.5000   30.0000   -7.500012516.2861   14.9488
   -7.5000   37.5000   -7.500012066.1406   15.1374
    0.0000   37.5000   -7.500012539.8564   15.1177
    7.5000   37.5000   -7.500011871.2549   15.1055
   -7.5000   45.0000   -7.500011021.4111   15.0105
    0.0000   45.0000   -7.500011464.4482   14.9926
    7.5000   45.0000   -7.500010860.8096   14.9836
   -7.5000  -45.0000    0.000012425.0820   15.4308
    0.0000  -45.0000    0.000012941.1270   15.4113
    7.5000  -45.0000    0.000012381.0010   15.3999
   -7.5000  -37.5000    0.000013104.3281   15.3636
    0.0000  -37.5000    0.000013667.5967   15.3474
    7.5000  -37.5000    0.000013082.4736   15.3399
   -7.5000  -30.0000    0.000014202.3262   15.2943
    0.0000  -30.0000    0.000014782.3613   15.2800
    7.5000  -30.0000    0.000014167.6602   15.2733
   -7.5000  -22.5000    0.000015203.1309   15.2189
    0.0000  -22.5000    0.000015868.6855   15.2024
    7.5000  -22.5000    0.000015145.4990   15.1920
   -7.5000  -15.0000    0.000016095.4375   15.1395
    0.0000  -15.0000    0.000016813.9004   15.1197
    7.5000  -15.0000    0.000016041.1582   15.1057
   -7.5000   -7.5000    0.000016763.2773   15.0808
    0.0000   -7.5000    0.000017424.0020   15.0605
    7.5000   -7.5000    0.000016686.9434   15.0466
   -7.5000    0.0000    0.000017294.5762   15.0770
    0.0000    0.0000    0.000017913.2852   15.0583
    7.5000    0.0000    0.000017141.7500   15.0474
   -7.5000    7.5000    0.000016510.7871   15.0853
    0.0000    7.5000    0.000017128.8125   15.0695
    7.5000    7.5000    0.000016302.2734   15.0622
   -7.5000   15.0000    0.000015467.9336   15.0904
    0.0000   15.0000    0.000016069.3623   15.0762
    7.5000   15.0000    0.000015271.6484   15.0698
   -7.5000   22.5000    0.000014318.0186   15.0893
    0.0000   22.5000    0.000014873.6611   15.0730
    7.5000   22.5000    0.000014133.0781   15.0629
   -7.5000   30.0000    0.000013147.3457   14.9963
    0.0000   30.0000    0.000013650.1094   14.9779
    7.5000   30.0000    0.000012988.1875   14.9644
   -7.5000   37.5000    0.000012441.8682   15.1563
    0.0000   37.5000    0.000012906.9971   15.1382
    7.5000   37.5000    0.000012283.0986   15.1249
   -7.5000   45.0000    0.000011367.6045   15.0301
    0.0000   45.0000    0.000011809.8389   15.0145
    7.5000   45.0000    0.000011245.1514   15.0048
   -7.5000  -45.0000    7.500011974.0957   15.4302
    0.0000  -45.0000    7.500012484.4180   15.4148
    7.5000  -45.0000    7.500011935.5195   15.4051
   -7.5000  -37.5000    7.500012631.5820   15.3595
    0.0000  -37.5000    7.500013183.3223   15.3458
    7.5000  -37.5000    7.500012616.1064   15.3386
   -7.5000  -30.0000    7.500013664.6406   15.2914
    0.0000  -30.0000    7.500014229.6006   15.2773
    7.5000  -30.0000    7.500013673.3809   15.2694
   -7.5000  -22.5000    7.500014567.5342   15.2226
    0.0000  -22.5000    7.500015182.6953   15.2056
    7.5000  -22.5000    7.500014593.3555   15.1934
   -7.5000  -15.0000    7.500015371.7979   15.1489
    0.0000  -15.0000    7.500015996.5684   15.1299
    7.5000  -15.0000    7.500015366.1348   15.1147
   -7.5000   -7.5000    7.500016088.9014   15.0896
    0.0000   -7.5000    7.500016672.1523   15.0721
    7.5000   -7.5000    7.500016048.3984   15.0590
   -7.5000    0.0000    7.500016668.5977   15.0811
    0.0000    0.0000    7.500017244.6094   15.0663
    7.5000    0.0000    7.500016591.3848   15.0570
   -7.5000    7.5000    7.500015926.2305   15.0849
    0.0000    7.5000    7.500016492.4277   15.0714
    7.5000    7.5000    7.500015782.7852   15.0645
   -7.5000   15.0000    7.500014934.7744   15.0899
    0.0000   15.0000    7.500015493.5742   15.0759
    7.5000   15.0000    7.500014748.6123   15.0683
   -7.5000   22.5000    7.500013793.4727   15.0940
    0.0000   22.5000    7.500014296.6543   15.0772
    7.5000   22.5000    7.500013618.1279   15.0654
   -7.5000   30.0000    7.500012624.8477   15.0047
    0.0000   30.0000    7.500013085.0557   14.9871
    7.5000   30.0000    7.500012500.6084   14.9726
   -7.5000   37.5000    7.500011962.8779   15.1628
    0.0000   37.5000    7.500012379.3955   15.1480
    7.5000   37.5000    7.500011829.8838   15.1355
   -7.5000   45.0000    7.500010945.3867   15.0292
    0.0000   45.0000    7.500011321.6338   15.0186
    7.5000   45.0000    7.500010814.7021   15.0106
   -7.5000  -45.0000   15.000011386.4453   15.4770
    0.0000  -45.0000   15.000011852.8369   15.4637
    7.5000  -45.0000   15.000011343.3848   15.4562
   -7.5000  -37.5000   15.000012011.0361   15.4070
    0.0000  -37.5000   15.000012519.4551   15.3929
    7.5000  -37.5000   15.000011996.5771   15.3884
   -7.5000  -30.0000   15.000012995.1123   15.3435
    0.0000  -30.0000   15.000013537.9482   15.3267
    7.5000  -30.0000   15.000013043.8926   15.3215
   -7.5000  -22.5000   15.000013852.5352   15.2795
    0.0000  -22.5000   15.000014452.8096   15.2600
    7.5000  -22.5000   15.000013932.2832   15.2497
   -7.5000  -15.0000   15.000014617.5732   15.2075
    0.0000  -15.0000   15.000015201.8311   15.1880
    7.5000  -15.0000   15.000014654.5498   15.1740
   -7.5000   -7.5000   15.000015335.7920   15.1450
    0.0000   -7.5000   15.000015896.7129   15.1294
    7.5000   -7.5000   15.000015281.3506   15.1178
   -7.5000    0.0000   15.000015954.3281   15.1326
    0.0000    0.0000   15.000016502.2910   15.1196
    7.5000    0.0000   15.000015784.1670   15.1125
   -7.5000    7.5000   15.000015284.0605   15.1357
    0.0000    7.5000   15.000015772.0117   15.1218
    7.5000    7.5000   15.000015038.4492   15.1175
   -7.5000   15.0000   15.000014319.8135   15.1439
    0.0000   15.0000   15.000014779.4199   15.1274
    7.5000   15.0000   15.000014051.5605   15.1224
   -7.5000   22.5000   15.000013201.4883   15.1514
    0.0000   22.5000   15.000013625.4990   15.1322
    7.5000   22.5000   15.000012967.7754   15.1222
   -7.5000   30.0000   15.000012083.9062   15.0620
    0.0000   30.0000   15.000012488.4404   15.0437
    7.5000   30.0000   15.000011904.6250   15.0305
   -7.5000   37.5000   15.000011441.7695   15.2166
    0.0000   37.5000   15.000011841.6230   15.2034
    7.5000   37.5000   15.000011297.5225   15.1924
   -7.5000   45.0000   15.000010436.2549   15.0750
    0.0000   45.0000   15.000010788.4531   15.0666
    7.5000   45.0000   15.000010306.6006   15.0604
   -7.5000  -45.0000   22.500010664.1807   15.5539
    0.0000  -45.0000   22.500011111.9609   15.5387
    7.5000  -45.0000   22.500010636.6904   15.5325
   -7.5000  -37.5000   22.500011282.1270   15.4894
    0.0000  -37.5000   22.500011770.1357   15.4729
    7.5000  -37.5000   22.500011271.7510   15.4714
   -7.5000  -30.0000   22.500012291.7979   15.4307
    0.0000  -30.0000   22.500012807.6377   15.4113
    7.5000  -30.0000   22.500012291.1074   15.4107
   -7.5000  -22.5000   22.500013169.4707   15.3668
    0.0000  -22.5000   22.500013719.1963   15.3453
    7.5000  -22.5000   22.500013156.2686   15.3389
   -7.5000  -15.0000   22.500013946.1631   15.2925
    0.0000  -15.0000   22.500014455.2910   15.2716
    7.5000  -15.0000   22.500013884.9629   15.2598
   -7.5000   -7.5000   22.500014581.9238   15.2287
    0.0000   -7.5000   22.500015095.3271   15.2116
    7.5000   -7.5000   22.500014494.6777   15.2009
   -7.5000    0.0000   22.500015032.2617   15.2166
    0.0000    0.0000   22.500015550.0566   15.2018
    7.5000    0.0000   22.500014927.1533   15.1956
   -7.5000    7.5000   22.500014310.3438   15.2232
    0.0000    7.5000   22.500014791.3672   15.2071
    7.5000    7.5000   22.500014164.8887   15.2056
   -7.5000   15.0000   22.500013440.3457   15.2345
    0.0000   15.0000   22.500013897.2363   15.2155
    7.5000   15.0000   22.500013262.2500   15.2150
   -7.5000   22.5000   22.500012446.3867   15.2399
    0.0000   22.5000   22.500012861.0273   15.2186
    7.5000   22.5000   22.500012258.4395   15.2125
   -7.5000   30.0000   22.500011450.8760   15.1455
    0.0000   30.0000   22.500011853.8545   15.1255
    7.5000   30.0000   22.500011294.1182   15.1146
   -7.5000   37.5000   22.500010876.5352   15.2983
    0.0000   37.5000   22.500011267.4893   15.2829
    7.5000   37.5000   22.500010721.6895   15.2725
   -7.5000   45.0000   22.5000 9911.4941   15.1544
    0.0000   45.0000   22.500010257.8867   15.1432
    7.5000   45.0000   22.5000 9768.1025   15.1374
   -7.5000  -45.0000   30.0000 9919.0498   15.6450
    0.0000  -45.0000   30.000010345.2793   15.6260
    7.5000  -45.0000   30.0000 9908.1797   15.6183
   -7.5000  -37.5000   30.000010528.1904   15.5874
    0.0000  -37.5000   30.000010994.1123   15.5683
    7.5000  -37.5000   30.000010498.9004   15.5669
   -7.5000  -30.0000   30.000011501.0576   15.5307
    0.0000  -30.0000   30.000012021.1201   15.5105
    7.5000  -30.0000   30.000011480.1514   15.5117
   -7.5000  -22.5000   30.000012340.9883   15.4628
    0.0000  -22.5000   30.000012876.2324   15.4410
    7.5000  -22.5000   30.000012277.7861   15.4369
   -7.5000  -15.0000   30.000013031.1787   15.3851
    0.0000  -15.0000   30.000013554.5391   15.3630
    7.5000  -15.0000   30.000012942.3760   15.3525
   -7.5000   -7.5000   30.000013608.0508   15.3229
    0.0000   -7.5000   30.000014140.2676   15.3029
    7.5000   -7.5000   30.000013501.6035   15.2917
   -7.5000    0.0000   30.000014016.6201   15.3155
    0.0000    0.0000   30.000014557.9053   15.2970
    7.5000    0.0000   30.000013904.7158   15.2895
   -7.5000    7.5000   30.000013302.6279   15.3272
    0.0000    7.5000   30.000013806.4863   15.3085
    7.5000    7.5000   30.000013199.0723   15.3071
   -7.5000   15.0000   30.000012491.1406   15.3389
    0.0000   15.0000   30.000012955.2031   15.3191
    7.5000   15.0000   30.000012364.1494   15.3203
   -7.5000   22.5000   30.000011584.5039   15.3381
    0.0000   22.5000   30.000012030.6982   15.3165
    7.5000   22.5000   30.000011446.6689   15.3126
   -7.5000   30.0000   30.000010684.9932   15.2376
    0.0000   30.0000   30.000011104.3076   15.2164
    7.5000   30.0000   30.000010578.3486   15.2066
   -7.5000   37.5000   30.000010182.6680   15.3915
    0.0000   37.5000   30.000010569.4346   15.3728
    7.5000   37.5000   30.000010051.4014   15.3618
   -7.5000   45.0000   30.0000 9298.4688   15.2528
    0.0000   45.0000   30.0000 9648.1123   15.2369
    7.5000   45.0000   30.0000 9165.9062   15.2298
   -7.5000  -45.0000   37.5000 9557.1133   15.7900
    0.0000  -45.0000   37.5000 9964.8242   15.7688
    7.5000  -45.0000   37.5000 9521.0947   15.7576
   -7.5000  -37.5000   37.500010119.7539   15.7353
    0.0000  -37.5000   37.500010569.1074   15.7163
    7.5000  -37.5000   37.500010081.7217   15.7110
   -7.5000  -30.0000   37.500011047.2666   15.6773
    0.0000  -30.0000   37.500011568.0752   15.6595
    7.5000  -30.0000   37.500011022.9355   15.6571
   -7.5000  -22.5000   37.500011860.3242   15.6067
    0.0000  -22.5000   37.500012383.2910   15.5873
    7.5000  -22.5000   37.500011800.7793   15.5807
   -7.5000  -15.0000   37.500012524.0352   15.5287
    0.0000  -15.0000   37.500013041.5029   15.5069
    7.5000  -15.0000   37.500012459.0264   15.4947
   -7.5000   -7.5000   37.500013053.7705   15.4697
    0.0000   -7.5000   37.500013580.6006   15.4480
    7.5000   -7.5000   37.500012984.6992   15.4342
   -7.5000    0.0000   37.500013448.1035   15.4663
    0.0000    0.0000   37.500013983.2295   15.4457
    7.5000    0.0000   37.500013367.3701   15.4348
   -7.5000    7.5000   37.500012771.4863   15.4795
    0.0000    7.5000   37.500013262.0713   15.4609
    7.5000    7.5000   37.500012691.5879   15.4558
   -7.5000   15.0000   37.500011992.0215   15.4888
    0.0000   15.0000   37.500012443.3994   15.4713
    7.5000   15.0000   37.500011906.5391   15.4690
   -7.5000   22.5000   37.500011118.3887   15.4836
    0.0000   22.5000   37.500011550.0889   15.4645
    7.5000   22.5000   37.500011021.7344   15.4581
   -7.5000   30.0000   37.500010274.3213   15.3798
    0.0000   30.0000   37.500010680.0439   15.3593
    7.5000   30.0000   37.500010177.8779   15.3475
   -7.5000   37.5000   37.5000 9786.0029   15.5372
    0.0000   37.5000   37.500010168.1924   15.5172
    7.5000   37.5000   37.5000 9679.8848   15.5037
   -7.5000   45.0000   37.5000 8959.6104   15.4045
    0.0000   45.0000   37.5000 9296.1523   15.3864
    7.5000   45.0000   37.5000 8853.9766   15.3763
   -7.5000  -45.0000   45.0000 8776.7881   15.9469
    0.0000  -45.0000   45.0000 9136.2637   15.9275
    7.5000  -45.0000   45.0000 8723.3760   15.9147
   -7.5000  -37.5000   45.0000 9288.8730   15.8893
    0.0000  -37.5000   45.0000 9696.4561   15.8734
    7.5000  -37.5000   45.0000 9235.9707   15.8651
   -7.5000  -30.0000   45.000010131.5547   15.8279
    0.0000  -30.0000   45.000010600.4814   15.8140
    7.5000  -30.0000   45.000010095.1807   15.8069
   -7.5000  -22.5000   45.000010856.7129   15.7589
    0.0000  -22.5000   45.000011333.9248   15.7425
    7.5000  -22.5000   45.000010808.5879   15.7313
   -7.5000  -15.0000   45.000011449.7432   15.6853
    0.0000  -15.0000   45.000011923.0391   15.6651
    7.5000  -15.0000   45.000011395.5537   15.6497
   -7.5000   -7.5000   45.000011920.6289   15.6300
    0.0000   -7.5000   45.000012411.1387   15.6094
    7.5000   -7.5000   45.000011873.0459   15.5937
   -7.5000    0.0000   45.000012284.7373   15.6269
    0.0000    0.0000   45.000012791.7510   15.6081
    7.5000    0.0000   45.000012235.8174   15.5956
   -7.5000    7.5000   45.000011689.9668   15.6364
    0.0000    7.5000   45.000012157.0029   15.6208
    7.5000    7.5000   45.000011622.3447   15.6126
   -7.5000   15.0000   45.000010981.1055   15.6415
    0.0000   15.0000   45.000011422.0195   15.6278
    7.5000   15.0000   45.000010915.7275   15.6208
   -7.5000   22.5000   45.000010177.3643   15.6367
    0.0000   22.5000   45.000010605.9619   15.6205
    7.5000   22.5000   45.000010117.7539   15.6095
   -7.5000   30.0000   45.0000 9410.5156   15.5332
    0.0000   30.0000   45.0000 9815.1592   15.5146
    7.5000   30.0000   45.0000 9344.5723   15.4995
   -7.5000   37.5000   45.0000 8978.7891   15.6954
    0.0000   37.5000   45.0000 9345.4873   15.6771
    7.5000   37.5000   45.0000 8898.9199   15.6619
   -7.5000   45.0000   45.0000 8229.4609   15.5726
    0.0000   45.0000   45.0000 8552.2607   15.5570
    7.5000   45.0000   45.0000 8154.2964   15.5456

---------------------------------------------------------------------
imgreg_4dfp /opt/freesurfer/average/711-2C_as_mni_average_305 /opt/freesurfer/average/711-2B_as_mni_average_305_mask talsrcimg_g11 none talsrcimg_to_711-2C_as_mni_average_305_t4 4355
---------------------------------------------------------------------

freesurfer imgreg_4dfp.c
/opt/freesurfer/average/711-2C_as_mni_average_305.4dfp.img
       256       256       256         1
  1.000000  1.000000  1.000000
orientation T byte_order littleendian
Reading image: /opt/freesurfer/average/711-2C_as_mni_average_305.4dfp.img
dimensions:      256       256       256
mmppix:       1.0000   -1.0000   -1.0000
center:     128.0000 -129.0000 -129.0000
/opt/freesurfer/average/711-2B_as_mni_average_305_mask.4dfp.img
       256       256       256         1
  1.000000  1.000000  1.000000
orientation T byte_order littleendian
Reading mask: /opt/freesurfer/average/711-2B_as_mni_average_305_mask.4dfp.img (2306576 pixels)
talsrcimg_g11.4dfp.img
       256       256       256         1
  1.000000  1.000000  1.000000
orientation T byte_order littleendian
Reading image: talsrcimg_g11.4dfp.img
dimensions:      256       256       256
mmppix:       1.0000   -1.0000   -1.0000
center:     128.0000 -129.0000 -129.0000
rotation matrix determinant  1.000000
image alignment mode   4355 decimal     1103 hex
   -7.5000  -45.0000  -45.0000 2141.8328   15.6335
    0.0000  -45.0000  -45.0000 2135.9941   15.6382
    7.5000  -45.0000  -45.0000 2110.2063   15.8378
   -7.5000  -37.5000  -45.0000 2204.0256   14.6749
    0.0000  -37.5000  -45.0000 2202.7065   14.6624
    7.5000  -37.5000  -45.0000 2174.3696   14.8990
   -7.5000  -30.0000  -45.0000 2251.6277   13.9709
    0.0000  -30.0000  -45.0000 2257.3157   13.9546
    7.5000  -30.0000  -45.0000 2228.5073   14.1379
   -7.5000  -22.5000  -45.0000 2286.8833   13.4429
    0.0000  -22.5000  -45.0000 2290.1770   13.4248
    7.5000  -22.5000  -45.0000 2265.5183   13.5712
   -7.5000  -15.0000  -45.0000 2301.3101   13.0457
    0.0000  -15.0000  -45.0000 2304.3198   13.0226
    7.5000  -15.0000  -45.0000 2282.8701   13.1528
   -7.5000   -7.5000  -45.0000 2304.4502   12.8114
    0.0000   -7.5000  -45.0000 2309.6135   12.7673
    7.5000   -7.5000  -45.0000 2291.6709   12.8968
   -7.5000    0.0000  -45.0000 2298.0510   12.7952
    0.0000    0.0000  -45.0000 2303.9595   12.7325
    7.5000    0.0000  -45.0000 2287.1213   12.8649
   -7.5000    7.5000  -45.0000 2278.6692   12.9217
    0.0000    7.5000  -45.0000 2289.8784   12.8619
    7.5000    7.5000  -45.0000 2276.2722   12.9964
   -7.5000   15.0000  -45.0000 2246.7881   13.3350
    0.0000   15.0000  -45.0000 2260.9260   13.2905
    7.5000   15.0000  -45.0000 2241.9333   13.4576
   -7.5000   22.5000  -45.0000 2203.1602   14.0606
    0.0000   22.5000  -45.0000 2214.5386   14.0070
    7.5000   22.5000  -45.0000 2197.3459   14.1896
   -7.5000   30.0000  -45.0000 2136.9915   15.0987
    0.0000   30.0000  -45.0000 2148.0347   15.0303
    7.5000   30.0000  -45.0000 2129.2825   15.2372
   -7.5000   37.5000  -45.0000 2055.3457   16.4983
    0.0000   37.5000  -45.0000 2064.2388   16.4005
    7.5000   37.5000  -45.0000 2044.0457   16.6322
   -7.5000   45.0000  -45.0000 1951.6055   18.3606
    0.0000   45.0000  -45.0000 1963.8966   18.2352
    7.5000   45.0000  -45.0000 1944.1276   18.4847
   -7.5000  -45.0000  -37.5000 2235.5586   14.4382
    0.0000  -45.0000  -37.5000 2229.7073   14.4638
    7.5000  -45.0000  -37.5000 2208.6440   14.6104
   -7.5000  -37.5000  -37.5000 2300.4939   13.5234
    0.0000  -37.5000  -37.5000 2296.5264   13.5366
    7.5000  -37.5000  -37.5000 2270.9561   13.6932
   -7.5000  -30.0000  -37.5000 2347.2119   12.8231
    0.0000  -30.0000  -37.5000 2345.5249   12.8253
    7.5000  -30.0000  -37.5000 2318.4783   12.9764
   -7.5000  -22.5000  -37.5000 2386.3008   12.3545
    0.0000  -22.5000  -37.5000 2384.3047   12.3444
    7.5000  -22.5000  -37.5000 2358.9033   12.4712
   -7.5000  -15.0000  -37.5000 2400.6121   12.0251
    0.0000  -15.0000  -37.5000 2403.5574   11.9876
    7.5000  -15.0000  -37.5000 2381.5806   12.1123
   -7.5000   -7.5000  -37.5000 2406.5913   11.8441
    0.0000   -7.5000  -37.5000 2414.2754   11.7795
    7.5000   -7.5000  -37.5000 2392.5129   11.9113
   -7.5000    0.0000  -37.5000 2403.9434   11.8437
    0.0000    0.0000  -37.5000 2412.7896   11.7855
    7.5000    0.0000  -37.5000 2388.5261   11.8904
   -7.5000    7.5000  -37.5000 2383.1113   12.0280
    0.0000    7.5000  -37.5000 2394.8687   11.9741
    7.5000    7.5000  -37.5000 2375.5896   12.0670
   -7.5000   15.0000  -37.5000 2348.1147   12.4276
    0.0000   15.0000  -37.5000 2360.4351   12.3536
    7.5000   15.0000  -37.5000 2338.7612   12.4879
   -7.5000   22.5000  -37.5000 2293.5581   13.1081
    0.0000   22.5000  -37.5000 2305.7441   13.0289
    7.5000   22.5000  -37.5000 2286.3357   13.1663
   -7.5000   30.0000  -37.5000 2218.4990   14.0578
    0.0000   30.0000  -37.5000 2229.4617   13.9707
    7.5000   30.0000  -37.5000 2209.2039   14.1231
   -7.5000   37.5000  -37.5000 2125.7573   15.3162
    0.0000   37.5000  -37.5000 2134.8259   15.2315
    7.5000   37.5000  -37.5000 2116.2312   15.4130
   -7.5000   45.0000  -37.5000 2017.8167   17.0500
    0.0000   45.0000  -37.5000 2027.8572   16.9326
    7.5000   45.0000  -37.5000 2011.7256   17.1292
   -7.5000  -45.0000  -30.0000 2362.3694   13.8252
    0.0000  -45.0000  -30.0000 2358.0222   13.8381
    7.5000  -45.0000  -30.0000 2335.0593   13.9810
   -7.5000  -37.5000  -30.0000 2428.4224   12.9381
    0.0000  -37.5000  -30.0000 2425.6902   12.9441
    7.5000  -37.5000  -30.0000 2398.0454   13.0834
   -7.5000  -30.0000  -30.0000 2481.8403   12.2788
    0.0000  -30.0000  -30.0000 2479.2073   12.2750
    7.5000  -30.0000  -30.0000 2452.5498   12.4076
   -7.5000  -22.5000  -30.0000 2523.7979   11.8036
    0.0000  -22.5000  -30.0000 2522.1958   11.7772
    7.5000  -22.5000  -30.0000 2495.8457   11.8864
   -7.5000  -15.0000  -30.0000 2543.9648   11.4831
    0.0000  -15.0000  -30.0000 2547.2129   11.4426
    7.5000  -15.0000  -30.0000 2522.2874   11.5574
   -7.5000   -7.5000  -30.0000 2554.1904   11.3363
    0.0000   -7.5000  -30.0000 2560.4956   11.2792
    7.5000   -7.5000  -30.0000 2539.7026   11.3797
   -7.5000    0.0000  -30.0000 2557.7744   11.3470
    0.0000    0.0000  -30.0000 2568.8655   11.2787
    7.5000    0.0000  -30.0000 2541.3313   11.3924
   -7.5000    7.5000  -30.0000 2540.2419   11.5614
    0.0000    7.5000  -30.0000 2553.3708   11.4943
    7.5000    7.5000  -30.0000 2527.8047   11.5978
   -7.5000   15.0000  -30.0000 2495.8577   11.9849
    0.0000   15.0000  -30.0000 2511.2195   11.9068
    7.5000   15.0000  -30.0000 2484.7422   12.0131
   -7.5000   22.5000  -30.0000 2434.0901   12.6436
    0.0000   22.5000  -30.0000 2449.1084   12.5735
    7.5000   22.5000  -30.0000 2422.5742   12.6912
   -7.5000   30.0000  -30.0000 2347.4185   13.5463
    0.0000   30.0000  -30.0000 2358.8037   13.4723
    7.5000   30.0000  -30.0000 2334.6716   13.5890
   -7.5000   37.5000  -30.0000 2244.6345   14.7652
    0.0000   37.5000  -30.0000 2253.7180   14.6928
    7.5000   37.5000  -30.0000 2231.9985   14.8074
   -7.5000   45.0000  -30.0000 2119.6680   16.3918
    0.0000   45.0000  -30.0000 2131.6592   16.2989
    7.5000   45.0000  -30.0000 2111.4287   16.4792
   -7.5000  -45.0000  -22.5000 2449.8047   13.2362
    0.0000  -45.0000  -22.5000 2445.6135   13.2392
    7.5000  -45.0000  -22.5000 2419.0876   13.4052
   -7.5000  -37.5000  -22.5000 2517.3081   12.3401
    0.0000  -37.5000  -22.5000 2516.1028   12.3325
    7.5000  -37.5000  -22.5000 2489.5200   12.4905
   -7.5000  -30.0000  -22.5000 2574.7815   11.6845
    0.0000  -30.0000  -22.5000 2578.7290   11.6674
    7.5000  -30.0000  -22.5000 2550.7983   11.8145
   -7.5000  -22.5000  -22.5000 2621.4417   11.2029
    0.0000  -22.5000  -22.5000 2624.6179   11.1867
    7.5000  -22.5000  -22.5000 2599.1299   11.3209
   -7.5000  -15.0000  -22.5000 2655.8833   10.8885
    0.0000  -15.0000  -22.5000 2661.8318   10.8654
    7.5000  -15.0000  -22.5000 2638.0767   10.9949
   -7.5000   -7.5000  -22.5000 2675.4167   10.7483
    0.0000   -7.5000  -22.5000 2686.4121   10.7298
    7.5000   -7.5000  -22.5000 2661.6401   10.8202
   -7.5000    0.0000  -22.5000 2682.3210   10.7928
    0.0000    0.0000  -22.5000 2695.1626   10.7403
    7.5000    0.0000  -22.5000 2668.8479   10.8394
   -7.5000    7.5000  -22.5000 2663.2529   11.0443
    0.0000    7.5000  -22.5000 2681.7063   10.9950
    7.5000    7.5000  -22.5000 2649.1370   11.0591
   -7.5000   15.0000  -22.5000 2620.4497   11.4704
    0.0000   15.0000  -22.5000 2639.2510   11.4067
    7.5000   15.0000  -22.5000 2603.7820   11.4928
   -7.5000   22.5000  -22.5000 2547.7261   12.1188
    0.0000   22.5000  -22.5000 2563.7156   12.0504
    7.5000   22.5000  -22.5000 2531.6914   12.1475
   -7.5000   30.0000  -22.5000 2445.9910   12.9878
    0.0000   30.0000  -22.5000 2458.6243   12.9105
    7.5000   30.0000  -22.5000 2433.6533   13.0145
   -7.5000   37.5000  -22.5000 2328.5654   14.1450
    0.0000   37.5000  -22.5000 2338.9509   14.0765
    7.5000   37.5000  -22.5000 2315.1436   14.2046
   -7.5000   45.0000  -22.5000 2196.6440   15.7059
    0.0000   45.0000  -22.5000 2205.9744   15.6382
    7.5000   45.0000  -22.5000 2186.2192   15.7922
   -7.5000  -45.0000  -15.0000 2499.4417   12.7621
    0.0000  -45.0000  -15.0000 2497.6802   12.7558
    7.5000  -45.0000  -15.0000 2474.6804   12.9465
   -7.5000  -37.5000  -15.0000 2569.6379   11.8682
    0.0000  -37.5000  -15.0000 2570.5322   11.8511
    7.5000  -37.5000  -15.0000 2542.2004   12.0386
   -7.5000  -30.0000  -15.0000 2636.2529   11.1976
    0.0000  -30.0000  -15.0000 2636.4907   11.1523
    7.5000  -30.0000  -15.0000 2610.0701   11.3381
   -7.5000  -22.5000  -15.0000 2689.9229   10.6959
    0.0000  -22.5000  -15.0000 2695.8596   10.6529
    7.5000  -22.5000  -15.0000 2670.0171   10.8241
   -7.5000  -15.0000  -15.0000 2741.3120   10.3975
    0.0000  -15.0000  -15.0000 2751.3416   10.3584
    7.5000  -15.0000  -15.0000 2722.7642   10.4888
   -7.5000   -7.5000  -15.0000 2775.0217   10.2584
    0.0000   -7.5000  -15.0000 2791.1187   10.2278
    7.5000   -7.5000  -15.0000 2763.9424   10.3300
   -7.5000    0.0000  -15.0000 2787.1450   10.3087
    0.0000    0.0000  -15.0000 2807.0969   10.2540
    7.5000    0.0000  -15.0000 2775.4360   10.3579
   -7.5000    7.5000  -15.0000 2768.6311   10.5852
    0.0000    7.5000  -15.0000 2788.8853   10.5227
    7.5000    7.5000  -15.0000 2748.7185   10.6249
   -7.5000   15.0000  -15.0000 2710.3550   11.0134
    0.0000   15.0000  -15.0000 2732.2144   10.9302
    7.5000   15.0000  -15.0000 2695.1936   11.0475
   -7.5000   22.5000  -15.0000 2626.4058   11.6327
    0.0000   22.5000  -15.0000 2643.0769   11.5452
    7.5000   22.5000  -15.0000 2612.8606   11.6565
   -7.5000   30.0000  -15.0000 2515.0420   12.4514
    0.0000   30.0000  -15.0000 2527.7158   12.3654
    7.5000   30.0000  -15.0000 2502.2021   12.4909
   -7.5000   37.5000  -15.0000 2384.9722   13.5834
    0.0000   37.5000  -15.0000 2394.3872   13.5015
    7.5000   37.5000  -15.0000 2370.3784   13.6430
   -7.5000   45.0000  -15.0000 2247.2419   15.1093
    0.0000   45.0000  -15.0000 2252.6855   15.0334
    7.5000   45.0000  -15.0000 2235.4111   15.1770
   -7.5000  -45.0000   -7.5000 2525.3008   12.3636
    0.0000  -45.0000   -7.5000 2527.5901   12.3419
    7.5000  -45.0000   -7.5000 2507.2837   12.5668
   -7.5000  -37.5000   -7.5000 2598.1633   11.4555
    0.0000  -37.5000   -7.5000 2600.5764   11.4294
    7.5000  -37.5000   -7.5000 2576.1484   11.6350
   -7.5000  -30.0000   -7.5000 2671.0366   10.7653
    0.0000  -30.0000   -7.5000 2672.4370   10.7183
    7.5000  -30.0000   -7.5000 2647.2185   10.9316
   -7.5000  -22.5000   -7.5000 2735.2346   10.2846
    0.0000  -22.5000   -7.5000 2744.3503   10.2240
    7.5000  -22.5000   -7.5000 2715.4885   10.4117
   -7.5000  -15.0000   -7.5000 2802.5168   10.0032
    0.0000  -15.0000   -7.5000 2819.9414    9.9433
    7.5000  -15.0000   -7.5000 2786.9741   10.0967
   -7.5000   -7.5000   -7.5000 2857.2856    9.8730
    0.0000   -7.5000   -7.5000 2881.4419    9.8223
    7.5000   -7.5000   -7.5000 2839.3013    9.9567
   -7.5000    0.0000   -7.5000 2879.1101    9.9305
    0.0000    0.0000   -7.5000 2902.2864    9.8564
    7.5000    0.0000   -7.5000 2858.2314   10.0085
   -7.5000    7.5000   -7.5000 2854.8809   10.2375
    0.0000    7.5000   -7.5000 2877.8633   10.1518
    7.5000    7.5000   -7.5000 2831.9119   10.2877
   -7.5000   15.0000   -7.5000 2777.7236   10.6570
    0.0000   15.0000   -7.5000 2802.8127   10.5809
    7.5000   15.0000   -7.5000 2762.5776   10.7129
   -7.5000   22.5000   -7.5000 2678.7380   11.2002
    0.0000   22.5000   -7.5000 2698.8384   11.1170
    7.5000   22.5000   -7.5000 2665.5334   11.2555
   -7.5000   30.0000   -7.5000 2553.7854   12.0002
    0.0000   30.0000   -7.5000 2568.3999   11.9076
    7.5000   30.0000   -7.5000 2544.4211   12.0530
   -7.5000   37.5000   -7.5000 2418.2156   13.1121
    0.0000   37.5000   -7.5000 2429.4023   13.0289
    7.5000   37.5000   -7.5000 2405.2625   13.1901
   -7.5000   45.0000   -7.5000 2272.0730   14.6012
    0.0000   45.0000   -7.5000 2283.1033   14.5288
    7.5000   45.0000   -7.5000 2260.8130   14.6855
   -7.5000  -45.0000    0.0000 2543.6409   12.1321
    0.0000  -45.0000    0.0000 2545.2241   12.1012
    7.5000  -45.0000    0.0000 2520.7146   12.3695
   -7.5000  -37.5000    0.0000 2618.0955   11.1943
    0.0000  -37.5000    0.0000 2620.8169   11.1445
    7.5000  -37.5000    0.0000 2595.5771   11.4162
   -7.5000  -30.0000    0.0000 2690.8340   10.4708
    0.0000  -30.0000    0.0000 2695.2935   10.4120
    7.5000  -30.0000    0.0000 2667.9880   10.6656
   -7.5000  -22.5000    0.0000 2764.0872    9.9953
    0.0000  -22.5000    0.0000 2776.1489    9.9220
    7.5000  -22.5000    0.0000 2743.6445   10.1505
   -7.5000  -15.0000    0.0000 2843.3923    9.7496
    0.0000  -15.0000    0.0000 2864.4304    9.6869
    7.5000  -15.0000    0.0000 2826.5088    9.8536
   -7.5000   -7.5000    0.0000 2911.5000    9.6078
    0.0000   -7.5000    0.0000 2943.5186    9.5374
    7.5000   -7.5000    0.0000 2883.9229    9.7482
   -7.5000    0.0000    0.0000 2942.8718    9.6900
    0.0000    0.0000    0.0000 2970.3862    9.5649
    7.5000    0.0000    0.0000 2907.1631    9.8185
   -7.5000    7.5000    0.0000 2913.2190    9.9907
    0.0000    7.5000    0.0000 2939.9521    9.8973
    7.5000    7.5000    0.0000 2880.9595   10.0924
   -7.5000   15.0000    0.0000 2820.9128   10.4035
    0.0000   15.0000    0.0000 2845.9509   10.3419
    7.5000   15.0000    0.0000 2799.7505   10.5026
   -7.5000   22.5000    0.0000 2708.7703   10.9234
    0.0000   22.5000    0.0000 2726.8372   10.8531
    7.5000   22.5000    0.0000 2691.3298   11.0285
   -7.5000   30.0000    0.0000 2570.7810   11.6891
    0.0000   30.0000    0.0000 2585.6326   11.6152
    7.5000   30.0000    0.0000 2556.4500   11.7840
   -7.5000   37.5000    0.0000 2427.4084   12.7881
    0.0000   37.5000    0.0000 2440.4348   12.7207
    7.5000   37.5000    0.0000 2416.8655   12.8927
   -7.5000   45.0000    0.0000 2275.0862   14.2472
    0.0000   45.0000    0.0000 2288.0750   14.1994
    7.5000   45.0000    0.0000 2269.8784   14.3695
   -7.5000  -45.0000    7.5000 2555.3711   12.0258
    0.0000  -45.0000    7.5000 2558.7334   11.9613
    7.5000  -45.0000    7.5000 2529.4126   12.2686
   -7.5000  -37.5000    7.5000 2627.4712   11.0889
    0.0000  -37.5000    7.5000 2638.1160   11.0206
    7.5000  -37.5000    7.5000 2605.8533   11.3086
   -7.5000  -30.0000    7.5000 2698.7703   10.3647
    0.0000  -30.0000    7.5000 2711.3350   10.2822
    7.5000  -30.0000    7.5000 2678.6792   10.5669
   -7.5000  -22.5000    7.5000 2775.7673    9.8840
    0.0000  -22.5000    7.5000 2793.5562    9.7882
    7.5000  -22.5000    7.5000 2758.8723   10.0611
   -7.5000  -15.0000    7.5000 2850.3606    9.6141
    0.0000  -15.0000    7.5000 2877.7161    9.5228
    7.5000  -15.0000    7.5000 2832.8330    9.7835
   -7.5000   -7.5000    7.5000 2911.8127    9.5460
    0.0000   -7.5000    7.5000 2944.6440    9.4304
    7.5000   -7.5000    7.5000 2887.3176    9.7024
   -7.5000    0.0000    7.5000 2943.5098    9.6617
    0.0000    0.0000    7.5000 2971.9050    9.5537
    7.5000    0.0000    7.5000 2911.7173    9.8043
   -7.5000    7.5000    7.5000 2921.6921    9.9312
    0.0000    7.5000    7.5000 2943.6599    9.8606
    7.5000    7.5000    7.5000 2882.9172   10.0683
   -7.5000   15.0000    7.5000 2833.1536   10.3087
    0.0000   15.0000    7.5000 2856.8105   10.2392
    7.5000   15.0000    7.5000 2803.6208   10.4196
   -7.5000   22.5000    7.5000 2707.4001   10.8317
    0.0000   22.5000    7.5000 2724.8813   10.7525
    7.5000   22.5000    7.5000 2689.4919   10.9492
   -7.5000   30.0000    7.5000 2563.2788   11.6160
    0.0000   30.0000    7.5000 2577.5015   11.5193
    7.5000   30.0000    7.5000 2550.1375   11.7133
   -7.5000   37.5000    7.5000 2418.1414   12.6843
    0.0000   37.5000    7.5000 2432.2830   12.6093
    7.5000   37.5000    7.5000 2409.9287   12.7950
   -7.5000   45.0000    7.5000 2264.9761   14.0907
    0.0000   45.0000    7.5000 2279.8223   14.0212
    7.5000   45.0000    7.5000 2261.3008   14.2181
   -7.5000  -45.0000   15.0000 2542.2979   12.0955
    0.0000  -45.0000   15.0000 2549.9807   12.0040
    7.5000  -45.0000   15.0000 2518.5352   12.3364
   -7.5000  -37.5000   15.0000 2620.5786   11.1377
    0.0000  -37.5000   15.0000 2633.9216   11.0365
    7.5000  -37.5000   15.0000 2600.4343   11.3430
   -7.5000  -30.0000   15.0000 2690.4490   10.4248
    0.0000  -30.0000   15.0000 2706.1243   10.3217
    7.5000  -30.0000   15.0000 2678.4282   10.6259
   -7.5000  -22.5000   15.0000 2759.2368    9.9626
    0.0000  -22.5000   15.0000 2783.3899    9.8688
    7.5000  -22.5000   15.0000 2754.4382   10.1483
   -7.5000  -15.0000   15.0000 2825.8245    9.7287
    0.0000  -15.0000   15.0000 2854.7163    9.6179
    7.5000  -15.0000   15.0000 2816.4836    9.8931
   -7.5000   -7.5000   15.0000 2877.6218    9.6703
    0.0000   -7.5000   15.0000 2903.5779    9.5591
    7.5000   -7.5000   15.0000 2859.9878    9.8226
   -7.5000    0.0000   15.0000 2890.7632    9.8218
    0.0000    0.0000   15.0000 2916.3484    9.7149
    7.5000    0.0000   15.0000 2870.4119    9.9402
   -7.5000    7.5000   15.0000 2860.0906   10.1004
    0.0000    7.5000   15.0000 2881.3296   10.0102
    7.5000    7.5000   15.0000 2839.6035   10.2017
   -7.5000   15.0000   15.0000 2785.5601   10.4434
    0.0000   15.0000   15.0000 2807.1956   10.3624
    7.5000   15.0000   15.0000 2762.2168   10.5542
   -7.5000   22.5000   15.0000 2673.4070   10.9520
    0.0000   22.5000   15.0000 2690.2087   10.8760
    7.5000   22.5000   15.0000 2654.6226   11.0800
   -7.5000   30.0000   15.0000 2536.9531   11.7140
    0.0000   30.0000   15.0000 2552.9324   11.6324
    7.5000   30.0000   15.0000 2526.0884   11.8275
   -7.5000   37.5000   15.0000 2393.3567   12.7368
    0.0000   37.5000   15.0000 2411.1687   12.6606
    7.5000   37.5000   15.0000 2391.1997   12.8546
   -7.5000   45.0000   15.0000 2243.1345   14.0716
    0.0000   45.0000   15.0000 2256.0098   14.0010
    7.5000   45.0000   15.0000 2242.0054   14.1903
   -7.5000  -45.0000   22.5000 2506.5510   12.3680
    0.0000  -45.0000   22.5000 2515.7314   12.2494
    7.5000  -45.0000   22.5000 2489.2009   12.5615
   -7.5000  -37.5000   22.5000 2588.2334   11.4236
    0.0000  -37.5000   22.5000 2603.3303   11.3024
    7.5000  -37.5000   22.5000 2573.4065   11.6012
   -7.5000  -30.0000   22.5000 2658.2065   10.7479
    0.0000  -30.0000   22.5000 2679.3826   10.6336
    7.5000  -30.0000   22.5000 2648.9116   10.9328
   -7.5000  -22.5000   22.5000 2720.2920   10.3193
    0.0000  -22.5000   22.5000 2748.7681   10.2010
    7.5000  -22.5000   22.5000 2716.8416   10.4583
   -7.5000  -15.0000   22.5000 2777.6860   10.0915
    0.0000  -15.0000   22.5000 2804.6611    9.9610
    7.5000  -15.0000   22.5000 2771.4404   10.2141
   -7.5000   -7.5000   22.5000 2811.8757   10.0209
    0.0000   -7.5000   22.5000 2833.8369    9.9118
    7.5000   -7.5000   22.5000 2804.4128   10.1343
   -7.5000    0.0000   22.5000 2806.4575   10.1394
    0.0000    0.0000   22.5000 2829.9897   10.0269
    7.5000    0.0000   22.5000 2805.0247   10.2352
   -7.5000    7.5000   22.5000 2770.0869   10.3848
    0.0000    7.5000   22.5000 2793.0669   10.2845
    7.5000    7.5000   22.5000 2767.2834   10.4819
   -7.5000   15.0000   22.5000 2704.9448   10.7537
    0.0000   15.0000   22.5000 2726.9106   10.6671
    7.5000   15.0000   22.5000 2695.5210   10.8640
   -7.5000   22.5000   22.5000 2608.0579   11.3034
    0.0000   22.5000   22.5000 2629.2776   11.2244
    7.5000   22.5000   22.5000 2597.9978   11.4003
   -7.5000   30.0000   22.5000 2486.7317   12.0496
    0.0000   30.0000   22.5000 2506.9666   11.9752
    7.5000   30.0000   22.5000 2484.3210   12.1397
   -7.5000   37.5000   22.5000 2354.8188   13.0168
    0.0000   37.5000   22.5000 2374.6768   12.9341
    7.5000   37.5000   22.5000 2354.5090   13.1210
   -7.5000   45.0000   22.5000 2209.8901   14.3120
    0.0000   45.0000   22.5000 2227.8093   14.2120
    7.5000   45.0000   22.5000 2210.6575   14.4005
   -7.5000  -45.0000   30.0000 2461.5508   12.8750
    0.0000  -45.0000   30.0000 2474.3076   12.7540
    7.5000  -45.0000   30.0000 2451.8145   13.0242
   -7.5000  -37.5000   30.0000 2545.7581   11.9254
    0.0000  -37.5000   30.0000 2563.9358   11.8225
    7.5000  -37.5000   30.0000 2533.7195   12.0700
   -7.5000  -30.0000   30.0000 2613.0784   11.2764
    0.0000  -30.0000   30.0000 2639.5049   11.1767
    7.5000  -30.0000   30.0000 2606.5151   11.4130
   -7.5000  -22.5000   30.0000 2669.8604   10.8565
    0.0000  -22.5000   30.0000 2697.5444   10.7421
    7.5000  -22.5000   30.0000 2664.9036   10.9545
   -7.5000  -15.0000   30.0000 2707.1812   10.6019
    0.0000  -15.0000   30.0000 2735.7632   10.4836
    7.5000  -15.0000   30.0000 2703.8311   10.6888
   -7.5000   -7.5000   30.0000 2727.6025   10.5408
    0.0000   -7.5000   30.0000 2746.1431   10.4540
    7.5000   -7.5000   30.0000 2722.7878   10.6249
   -7.5000    0.0000   30.0000 2711.6777   10.6771
    0.0000    0.0000   30.0000 2733.3499   10.5817
    7.5000    0.0000   30.0000 2712.8362   10.7419
   -7.5000    7.5000   30.0000 2668.9812   10.9224
    0.0000    7.5000   30.0000 2688.9255   10.8229
    7.5000    7.5000   30.0000 2673.1462   10.9997
   -7.5000   15.0000   30.0000 2609.6106   11.2811
    0.0000   15.0000   30.0000 2627.2642   11.1951
    7.5000   15.0000   30.0000 2607.3923   11.3781
   -7.5000   22.5000   30.0000 2526.4163   11.8029
    0.0000   22.5000   30.0000 2549.2417   11.7263
    7.5000   22.5000   30.0000 2522.6575   11.8985
   -7.5000   30.0000   30.0000 2419.6621   12.5216
    0.0000   30.0000   30.0000 2442.4705   12.4450
    7.5000   30.0000   30.0000 2423.1033   12.6035
   -7.5000   37.5000   30.0000 2299.9890   13.4903
    0.0000   37.5000   30.0000 2319.0923   13.4026
    7.5000   37.5000   30.0000 2300.4231   13.5471
   -7.5000   45.0000   30.0000 2163.8218   14.7819
    0.0000   45.0000   30.0000 2184.1475   14.6772
    7.5000   45.0000   30.0000 2168.3872   14.8184
   -7.5000  -45.0000   37.5000 2420.0635   13.5610
    0.0000  -45.0000   37.5000 2431.1162   13.4469
    7.5000  -45.0000   37.5000 2404.4822   13.6710
   -7.5000  -37.5000   37.5000 2496.8137   12.5974
    0.0000  -37.5000   37.5000 2514.8960   12.5027
    7.5000  -37.5000   37.5000 2482.4663   12.7100
   -7.5000  -30.0000   37.5000 2556.1545   11.9455
    0.0000  -30.0000   37.5000 2583.6343   11.8644
    7.5000  -30.0000   37.5000 2549.2620   12.0650
   -7.5000  -22.5000   37.5000 2603.7563   11.5411
    0.0000  -22.5000   37.5000 2630.3572   11.4412
    7.5000  -22.5000   37.5000 2597.3643   11.6290
   -7.5000  -15.0000   37.5000 2628.4436   11.3079
    0.0000  -15.0000   37.5000 2651.5503   11.2166
    7.5000  -15.0000   37.5000 2626.2966   11.3767
   -7.5000   -7.5000   37.5000 2634.7764   11.2649
    0.0000   -7.5000   37.5000 2651.2236   11.1856
    7.5000   -7.5000   37.5000 2634.5374   11.3333
   -7.5000    0.0000   37.5000 2612.4824   11.4087
    0.0000    0.0000   37.5000 2631.9902   11.3207
    7.5000    0.0000   37.5000 2616.5344   11.4658
   -7.5000    7.5000   37.5000 2568.5586   11.6664
    0.0000    7.5000   37.5000 2584.6687   11.5721
    7.5000    7.5000   37.5000 2574.1162   11.7242
   -7.5000   15.0000   37.5000 2509.6938   12.0478
    0.0000   15.0000   37.5000 2524.9421   11.9653
    7.5000   15.0000   37.5000 2515.1152   12.1254
   -7.5000   22.5000   37.5000 2438.8186   12.5333
    0.0000   22.5000   37.5000 2458.5645   12.4499
    7.5000   22.5000   37.5000 2442.5508   12.6084
   -7.5000   30.0000   37.5000 2348.3662   13.2133
    0.0000   30.0000   37.5000 2371.5078   13.1030
    7.5000   30.0000   37.5000 2351.9219   13.2551
   -7.5000   37.5000   37.5000 2235.5444   14.1536
    0.0000   37.5000   37.5000 2254.6360   14.0490
    7.5000   37.5000   37.5000 2240.0332   14.1677
   -7.5000   45.0000   37.5000 2106.1648   15.4917
    0.0000   45.0000   37.5000 2123.0444   15.3707
    7.5000   45.0000   37.5000 2114.3140   15.4627
   -7.5000  -45.0000   45.0000 2364.7852   14.4434
    0.0000  -45.0000   45.0000 2374.0452   14.3338
    7.5000  -45.0000   45.0000 2344.9373   14.5191
   -7.5000  -37.5000   45.0000 2432.8188   13.4631
    0.0000  -37.5000   45.0000 2452.7502   13.3556
    7.5000  -37.5000   45.0000 2418.9692   13.5259
   -7.5000  -30.0000   45.0000 2487.6536   12.7859
    0.0000  -30.0000   45.0000 2512.7334   12.6994
    7.5000  -30.0000   45.0000 2479.4355   12.8542
   -7.5000  -22.5000   45.0000 2526.7944   12.3602
    0.0000  -22.5000   45.0000 2550.5225   12.2755
    7.5000  -22.5000   45.0000 2522.4756   12.4254
   -7.5000  -15.0000   45.0000 2540.8293   12.1388
    0.0000  -15.0000   45.0000 2558.5974   12.0571
    7.5000  -15.0000   45.0000 2539.8311   12.1834
   -7.5000   -7.5000   45.0000 2533.6697   12.1271
    0.0000   -7.5000   45.0000 2550.1562   12.0502
    7.5000   -7.5000   45.0000 2537.1309   12.1738
   -7.5000    0.0000   45.0000 2507.2295   12.3103
    0.0000    0.0000   45.0000 2525.8889   12.2230
    7.5000    0.0000   45.0000 2515.2810   12.3510
   -7.5000    7.5000   45.0000 2467.5557   12.5917
    0.0000    7.5000   45.0000 2481.9861   12.5066
    7.5000    7.5000   45.0000 2472.9590   12.6439
   -7.5000   15.0000   45.0000 2414.2485   12.9827
    0.0000   15.0000   45.0000 2429.6243   12.9146
    7.5000   15.0000   45.0000 2420.5122   13.0410
   -7.5000   22.5000   45.0000 2347.7183   13.4645
    0.0000   22.5000   45.0000 2368.5266   13.3863
    7.5000   22.5000   45.0000 2355.5095   13.5082
   -7.5000   30.0000   45.0000 2265.8516   14.1239
    0.0000   30.0000   45.0000 2289.6125   14.0039
    7.5000   30.0000   45.0000 2273.4619   14.1078
   -7.5000   37.5000   45.0000 2165.4121   15.0523
    0.0000   37.5000   45.0000 2184.4385   14.9141
    7.5000   37.5000   45.0000 2170.4800   15.0090
   -7.5000   45.0000   45.0000 2042.3604   16.3791
    0.0000   45.0000   45.0000 2057.5811   16.2388
    7.5000   45.0000   45.0000 2049.4136   16.3220

---------------------------------------------------------------------
imgreg_4dfp /opt/freesurfer/average/711-2C_as_mni_average_305 /opt/freesurfer/average/711-2B_as_mni_average_305_mask talsrcimg_g11 none talsrcimg_to_711-2C_as_mni_average_305_t4 1283
---------------------------------------------------------------------

freesurfer imgreg_4dfp.c
/opt/freesurfer/average/711-2C_as_mni_average_305.4dfp.img
       256       256       256         1
  1.000000  1.000000  1.000000
orientation T byte_order littleendian
Reading image: /opt/freesurfer/average/711-2C_as_mni_average_305.4dfp.img
dimensions:      256       256       256
mmppix:       1.0000   -1.0000   -1.0000
center:     128.0000 -129.0000 -129.0000
/opt/freesurfer/average/711-2B_as_mni_average_305_mask.4dfp.img
       256       256       256         1
  1.000000  1.000000  1.000000
orientation T byte_order littleendian
Reading mask: /opt/freesurfer/average/711-2B_as_mni_average_305_mask.4dfp.img (2306576 pixels)
talsrcimg_g11.4dfp.img
       256       256       256         1
  1.000000  1.000000  1.000000
orientation T byte_order littleendian
Reading image: talsrcimg_g11.4dfp.img
dimensions:      256       256       256
mmppix:       1.0000   -1.0000   -1.0000
center:     128.0000 -129.0000 -129.0000
rotation matrix determinant  1.000000
fimgreg.f
image alignment mode   1283 decimal      503 hex
parameters
    0.0000    0.0000    7.5000    0.0000    0.0000    0.0000
eta,q 0.93339  9.55414
niter,ni,del,rscale     5    3   12.0000    1.2000
parameter  3  1.118979 ->  0.500000 qaram    1.1500
parameter  6  0.724703 ->  0.500000 qaram    1.1500
parameters
   -0.9650    0.0123    4.0500   -2.0025   -0.0142   -3.4500
eta,q 0.93791  9.44645
  0.0765  0.0743  0.0646  0.0648  0.0701  0.0625
  0.0720  0.0709  0.0634  0.0640  0.0671  0.0621
  0.0698  0.0695  0.0653  0.0633  0.0645  0.0623
  0.0694  0.0694  0.0693  0.0638  0.0633  0.0633
  0.0714  0.0695  0.0739  0.0649  0.0640  0.0642
  0.0767  0.0710  0.0784  0.0670  0.0668  0.0653
  0.0832  0.0741  0.0828  0.0704  0.0706  0.0672
niter,ni,del,rscale     6    3   12.0000    1.2000
parameters
   -1.3322    0.5566    2.9833   -3.6451    0.0077   -3.8833
eta,q 0.93792  9.43884
  0.0733  0.0674  0.0696  0.0635  0.0682  0.0647
  0.0685  0.0639  0.0654  0.0626  0.0646  0.0636
  0.0642  0.0627  0.0628  0.0621  0.0624  0.0624
  0.0621  0.0622  0.0620  0.0621  0.0621  0.0621
  0.0638  0.0616  0.0646  0.0633  0.0626  0.0628
  0.0698  0.0625  0.0700  0.0646  0.0645  0.0641
  0.0776  0.0660  0.0759  0.0660  0.0680  0.0654
niter,ni,del,rscale     5    3   12.0000    1.2000
parameters
   -1.4943    1.2622    2.7804   -4.0989    0.1790   -3.9660
eta,q 0.93815  9.44503
  0.0736  0.0670  0.0713  0.0647  0.0682  0.0652
  0.0688  0.0642  0.0666  0.0634  0.0646  0.0639
  0.0645  0.0631  0.0634  0.0624  0.0623  0.0625
  0.0621  0.0622  0.0617  0.0618  0.0619  0.0619
  0.0631  0.0611  0.0629  0.0624  0.0622  0.0625
  0.0686  0.0620  0.0674  0.0642  0.0641  0.0639
  0.0763  0.0658  0.0728  0.0657  0.0675  0.0655
niter,ni,del,rscale     4    3   12.0000    1.2000
parameters
   -1.5821    1.3180    2.6926   -4.2607    0.2659   -4.0055
eta,q 0.93807  9.44512
  0.0737  0.0663  0.0715  0.0650  0.0681  0.0652
  0.0687  0.0641  0.0667  0.0637  0.0645  0.0640
  0.0644  0.0630  0.0635  0.0625  0.0624  0.0626
  0.0619  0.0619  0.0619  0.0619  0.0619  0.0619
  0.0627  0.0611  0.0629  0.0622  0.0623  0.0625
  0.0681  0.0629  0.0671  0.0638  0.0642  0.0639
  0.0758  0.0674  0.0723  0.0656  0.0677  0.0655
niter,ni,del,rscale     3    3   12.0000    1.2000
parameters
   -1.6159    1.3827    2.6710   -4.3331    0.3080   -4.0147
eta,q 0.93806  9.44548
  0.0739  0.0665  0.0717  0.0651  0.0680  0.0653
  0.0689  0.0642  0.0669  0.0638  0.0645  0.0641
  0.0645  0.0630  0.0636  0.0626  0.0624  0.0627
  0.0619  0.0619  0.0619  0.0619  0.0619  0.0619
  0.0626  0.0612  0.0628  0.0621  0.0623  0.0625
  0.0679  0.0630  0.0669  0.0637  0.0643  0.0639
  0.0756  0.0675  0.0721  0.0656  0.0678  0.0655
niter,ni,del,rscale     2    3   12.0000    1.2000
parameters
   -1.6297    1.4093    2.6651   -4.3620    0.3272   -4.0142
eta,q 0.93807  9.44552
  0.0739  0.0665  0.0717  0.0651  0.0679  0.0653
  0.0690  0.0642  0.0669  0.0639  0.0645  0.0641
  0.0646  0.0630  0.0636  0.0626  0.0624  0.0627
  0.0619  0.0619  0.0619  0.0619  0.0619  0.0619
  0.0626  0.0612  0.0628  0.0621  0.0624  0.0625
  0.0678  0.0631  0.0669  0.0637  0.0644  0.0639
  0.0756  0.0677  0.0720  0.0656  0.0679  0.0655
registration optimization eta report
parameter search radius
    6.0000    6.0000    6.9000    6.0000    6.0000    6.9000
100000*second partial in parameter space
       35.       15.       21.        9.       17.        7.
  0.0739  0.0665  0.0717  0.0651  0.0679  0.0653
  0.0690  0.0642  0.0669  0.0639  0.0645  0.0641
  0.0646  0.0630  0.0636  0.0626  0.0624  0.0627
  0.0619  0.0619  0.0619  0.0619  0.0619  0.0619
  0.0626  0.0612  0.0628  0.0621  0.0624  0.0625
  0.0678  0.0631  0.0669  0.0637  0.0644  0.0639
  0.0756  0.0677  0.0720  0.0656  0.0679  0.0655
   -1.6297    1.4093    2.6651   -4.3620    0.3272   -4.0142
eta,q 0.93807  9.44552

---------------------------------------------------------------------
imgreg_4dfp /opt/freesurfer/average/711-2C_as_mni_average_305 /opt/freesurfer/average/711-2B_as_mni_average_305_mask talsrcimg_g11 none talsrcimg_to_711-2C_as_mni_average_305_t4 3335
---------------------------------------------------------------------

freesurfer imgreg_4dfp.c
/opt/freesurfer/average/711-2C_as_mni_average_305.4dfp.img
       256       256       256         1
  1.000000  1.000000  1.000000
orientation T byte_order littleendian
Reading image: /opt/freesurfer/average/711-2C_as_mni_average_305.4dfp.img
dimensions:      256       256       256
mmppix:       1.0000   -1.0000   -1.0000
center:     128.0000 -129.0000 -129.0000
/opt/freesurfer/average/711-2B_as_mni_average_305_mask.4dfp.img
       256       256       256         1
  1.000000  1.000000  1.000000
orientation T byte_order littleendian
Reading mask: /opt/freesurfer/average/711-2B_as_mni_average_305_mask.4dfp.img (2306576 pixels)
talsrcimg_g11.4dfp.img
       256       256       256         1
  1.000000  1.000000  1.000000
orientation T byte_order littleendian
Reading image: talsrcimg_g11.4dfp.img
dimensions:      256       256       256
mmppix:       1.0000   -1.0000   -1.0000
center:     128.0000 -129.0000 -129.0000
fimgreg.f
image alignment mode   3335 decimal      D07 hex
parameters
   -1.6297    1.4093    2.6651   -0.2470   -0.5373   -0.2913
    7.0234   -0.0356   -7.0002    7.6270    0.5710   -7.6057
eta,q 0.93970  9.50678
niter,ni,del,rscale     5    3    5.0000    1.2000
parameter  4  2.023757 ->  0.500000 qaram    1.1500
parameter  5  3.578973 ->  0.500000 qaram    1.1500
parameter  6  1.766457 ->  0.500000 qaram    1.1500
parameter 10  0.888017 ->  0.500000 qaram    1.1500
parameters
   -1.9655    2.0066    3.1706   -4.3870   -4.6773   -4.4313
    6.5701    2.4758   -4.4460    3.4870    0.6393   -8.6758
eta,q 0.95744  8.82732
  0.0616  0.0618  0.0621  0.0528  0.0476  0.0418  0.0463  0.0508  0.0464  0.0426  0.0440  0.0435
  0.0607  0.0611  0.0611  0.0545  0.0497  0.0438  0.0453  0.0479  0.0453  0.0425  0.0432  0.0429
  0.0603  0.0606  0.0605  0.0570  0.0523  0.0468  0.0447  0.0458  0.0446  0.0430  0.0427  0.0426
  0.0603  0.0603  0.0602  0.0601  0.0551  0.0504  0.0446  0.0445  0.0441  0.0439  0.0426  0.0426
  0.0607  0.0602  0.0602  0.0638  0.0582  0.0548  0.0449  0.0441  0.0439  0.0452  0.0428  0.0429
  0.0614  0.0604  0.0604  0.0679  0.0615  0.0601  0.0456  0.0445  0.0441  0.0469  0.0432  0.0434
  0.0626  0.0608  0.0609  0.0724  0.0650  0.0659  0.0468  0.0457  0.0445  0.0487  0.0439  0.0442
niter,ni,del,rscale     7    3    5.0000    1.2000
parameter  4  0.818878 ->  0.500000 qaram    1.3225
parameter  5  1.851249 ->  0.500000 qaram    1.3225
parameter  6  0.697772 ->  0.500000 qaram    1.3225
parameters
   -1.2868    3.1282    2.6013   -9.1480   -9.4383   -9.1923
    7.0942    3.6020   -5.3581    4.2954    0.5156   -6.8033
eta,q 0.96749  8.29075
  0.0462  0.0454  0.0429  0.0392  0.0333  0.0330  0.0352  0.0376  0.0338  0.0361  0.0338  0.0341
  0.0445  0.0441  0.0422  0.0392  0.0348  0.0328  0.0341  0.0355  0.0331  0.0344  0.0331  0.0334
  0.0433  0.0431  0.0419  0.0399  0.0368  0.0334  0.0332  0.0338  0.0327  0.0332  0.0327  0.0329
  0.0426  0.0423  0.0420  0.0419  0.0393  0.0353  0.0329  0.0328  0.0327  0.0326  0.0326  0.0326
  0.0424  0.0420  0.0425  0.0449  0.0423  0.0388  0.0330  0.0327  0.0330  0.0327  0.0327  0.0325
  0.0427  0.0421  0.0433  0.0489  0.0459  0.0435  0.0336  0.0336  0.0336  0.0335  0.0332  0.0327
  0.0436  0.0425  0.0445  0.0534  0.0497  0.0495  0.0347  0.0356  0.0346  0.0350  0.0339  0.0331
niter,ni,del,rscale     7    3    5.0000    1.2000
parameter  2 -0.560404 -> -0.500000 qaram    1.1500
parameter  3  0.502283 ->  0.500000 qaram    1.1500
parameter  5  1.146054 ->  0.500000 qaram    1.5209
parameters
   -0.9220    4.5082    1.2213  -11.7884  -14.9135  -13.3229
    7.1965    3.9877   -5.9622    4.8462    0.4917   -8.1650
eta,q 0.97140  7.79185
  0.0359  0.0360  0.0319  0.0330  0.0281  0.0295  0.0306  0.0319  0.0299  0.0321  0.0294  0.0293
  0.0342  0.0345  0.0315  0.0322  0.0288  0.0288  0.0296  0.0303  0.0291  0.0301  0.0290  0.0289
  0.0331  0.0333  0.0315  0.0317  0.0300  0.0286  0.0289  0.0292  0.0287  0.0290  0.0287  0.0286
  0.0325  0.0324  0.0319  0.0315  0.0317  0.0291  0.0287  0.0287  0.0286  0.0286  0.0286  0.0286
  0.0325  0.0320  0.0326  0.0323  0.0341  0.0309  0.0289  0.0288  0.0289  0.0289  0.0287  0.0289
  0.0331  0.0319  0.0337  0.0347  0.0371  0.0345  0.0295  0.0297  0.0295  0.0298  0.0290  0.0294
  0.0344  0.0323  0.0350  0.0385  0.0407  0.0397  0.0306  0.0314  0.0304  0.0311  0.0294  0.0300
niter,ni,del,rscale     7    3    5.0000    1.2000
parameters
   -0.6926    5.2874    0.5396  -11.4669  -20.2848  -15.0095
    6.9454    4.2201   -6.4056    6.0601    0.6572   -8.1241
eta,q 0.97285  7.51641
  0.0312  0.0326  0.0292  0.0303  0.0283  0.0294  0.0290  0.0303  0.0285  0.0313  0.0280  0.0283
  0.0299  0.0307  0.0286  0.0293  0.0274  0.0281  0.0280  0.0287  0.0277  0.0292  0.0275  0.0277
  0.0290  0.0293  0.0283  0.0287  0.0273  0.0273  0.0274  0.0277  0.0273  0.0278  0.0273  0.0273
  0.0286  0.0286  0.0284  0.0283  0.0283  0.0272  0.0272  0.0272  0.0272  0.0272  0.0272  0.0272
  0.0287  0.0284  0.0289  0.0280  0.0299  0.0277  0.0275  0.0274  0.0274  0.0273  0.0272  0.0273
  0.0293  0.0288  0.0296  0.0286  0.0323  0.0294  0.0282  0.0284  0.0280  0.0281  0.0275  0.0277
  0.0304  0.0297  0.0307  0.0306  0.0356  0.0326  0.0292  0.0300  0.0289  0.0293  0.0279  0.0282
niter,ni,del,rscale     6    3    5.0000    1.2000
parameters
   -0.6894    5.9825    0.2113  -10.9037  -22.0166  -15.8103
    6.9492    4.2571   -6.5699    7.3268    0.9173   -7.8024
eta,q 0.97309  7.44132
  0.0293  0.0310  0.0282  0.0290  0.0291  0.0295  0.0288  0.0299  0.0284  0.0308  0.0278  0.0280
  0.0281  0.0291  0.0275  0.0280  0.0280  0.0282  0.0278  0.0284  0.0276  0.0289  0.0273  0.0275
  0.0274  0.0278  0.0271  0.0274  0.0272  0.0272  0.0272  0.0274  0.0271  0.0276  0.0270  0.0271
  0.0272  0.0272  0.0271  0.0270  0.0270  0.0269  0.0270  0.0270  0.0270  0.0270  0.0269  0.0269
  0.0274  0.0271  0.0273  0.0268  0.0277  0.0272  0.0272  0.0272  0.0272  0.0270  0.0270  0.0270
  0.0281  0.0275  0.0280  0.0273  0.0291  0.0285  0.0278  0.0282  0.0277  0.0278  0.0272  0.0273
  0.0293  0.0284  0.0289  0.0290  0.0311  0.0312  0.0288  0.0299  0.0285  0.0289  0.0277  0.0279
niter,ni,del,rscale     5    3    5.0000    1.2000
parameters
   -0.6582    6.5482   -0.1673  -10.9670  -23.2567  -16.7026
    6.8644    4.3384   -6.5262    8.3676    0.6777   -7.5719
eta,q 0.97325  7.35893
  0.0290  0.0302  0.0279  0.0287  0.0290  0.0293  0.0285  0.0296  0.0284  0.0304  0.0276  0.0278
  0.0279  0.0286  0.0272  0.0277  0.0279  0.0280  0.0276  0.0282  0.0275  0.0286  0.0271  0.0273
  0.0272  0.0275  0.0268  0.0271  0.0271  0.0271  0.0270  0.0272  0.0270  0.0274  0.0268  0.0269
  0.0269  0.0269  0.0268  0.0268  0.0268  0.0268  0.0268  0.0268  0.0268  0.0268  0.0268  0.0268
  0.0271  0.0269  0.0271  0.0267  0.0274  0.0271  0.0270  0.0270  0.0270  0.0269  0.0269  0.0269
  0.0278  0.0273  0.0277  0.0273  0.0287  0.0284  0.0276  0.0280  0.0275  0.0277  0.0272  0.0272
  0.0289  0.0282  0.0286  0.0292  0.0304  0.0310  0.0286  0.0296  0.0284  0.0289  0.0277  0.0277
niter,ni,del,rscale     4    3    5.0000    1.2000
parameters
   -0.6134    6.9855   -0.4727  -10.9874  -24.1292  -17.3655
    6.6996    4.4772   -6.3257    9.1009    0.3519   -7.5346
eta,q 0.97333  7.30304
  0.0288  0.0298  0.0278  0.0285  0.0291  0.0292  0.0283  0.0295  0.0285  0.0301  0.0275  0.0277
  0.0277  0.0283  0.0271  0.0275  0.0279  0.0279  0.0274  0.0281  0.0275  0.0284  0.0270  0.0271
  0.0270  0.0273  0.0267  0.0269  0.0270  0.0270  0.0268  0.0271  0.0269  0.0272  0.0268  0.0268
  0.0268  0.0268  0.0267  0.0267  0.0267  0.0267  0.0267  0.0267  0.0267  0.0267  0.0267  0.0267
  0.0269  0.0268  0.0270  0.0266  0.0272  0.0269  0.0269  0.0269  0.0268  0.0269  0.0268  0.0268
  0.0276  0.0273  0.0275  0.0271  0.0285  0.0281  0.0275  0.0278  0.0274  0.0277  0.0271  0.0271
  0.0287  0.0283  0.0284  0.0289  0.0301  0.0306  0.0285  0.0294  0.0283  0.0291  0.0276  0.0276
niter,ni,del,rscale     3    3    5.0000    1.2000
parameters
   -0.5562    7.2690   -0.6513  -11.0492  -24.6344  -17.7331
    6.4942    4.6248   -6.1518    9.5505    0.1147   -7.5948
eta,q 0.97335  7.27054
  0.0286  0.0295  0.0278  0.0284  0.0293  0.0293  0.0282  0.0294  0.0285  0.0299  0.0275  0.0276
  0.0276  0.0280  0.0271  0.0274  0.0280  0.0280  0.0274  0.0280  0.0275  0.0282  0.0270  0.0271
  0.0269  0.0271  0.0267  0.0269  0.0271  0.0270  0.0268  0.0271  0.0269  0.0271  0.0267  0.0268
  0.0267  0.0267  0.0267  0.0266  0.0266  0.0267  0.0267  0.0267  0.0267  0.0267  0.0267  0.0267
  0.0268  0.0268  0.0269  0.0265  0.0271  0.0268  0.0269  0.0269  0.0268  0.0269  0.0268  0.0268
  0.0274  0.0274  0.0274  0.0271  0.0283  0.0278  0.0275  0.0278  0.0274  0.0278  0.0271  0.0271
  0.0285  0.0285  0.0282  0.0288  0.0299  0.0302  0.0284  0.0293  0.0283  0.0292  0.0276  0.0276
niter,ni,del,rscale     2    3    5.0000    1.2000
parameters
   -0.5004    7.4269   -0.7456  -11.1005  -24.9100  -17.9038
    6.3220    4.7417   -6.0473    9.8050   -0.0296   -7.6635
eta,q 0.97334  7.25351
  0.0286  0.0292  0.0279  0.0284  0.0294  0.0294  0.0282  0.0294  0.0284  0.0298  0.0275  0.0276
  0.0275  0.0279  0.0272  0.0274  0.0281  0.0280  0.0274  0.0280  0.0275  0.0281  0.0270  0.0271
  0.0269  0.0270  0.0268  0.0268  0.0272  0.0271  0.0268  0.0271  0.0269  0.0270  0.0268  0.0268
  0.0267  0.0267  0.0267  0.0267  0.0267  0.0267  0.0267  0.0267  0.0267  0.0267  0.0267  0.0267
  0.0268  0.0269  0.0268  0.0266  0.0271  0.0268  0.0269  0.0269  0.0268  0.0270  0.0268  0.0268
  0.0274  0.0276  0.0273  0.0271  0.0282  0.0277  0.0275  0.0278  0.0274  0.0279  0.0271  0.0271
  0.0284  0.0287  0.0281  0.0288  0.0298  0.0300  0.0284  0.0293  0.0284  0.0293  0.0276  0.0276
niter,ni,del,rscale     1    3    5.0000    1.2000
parameters
   -0.4592    7.5124   -0.7961  -11.1340  -25.0536  -17.9882
    6.2099    4.8176   -5.9935    9.9492   -0.1022   -7.7047
eta,q 0.97333  7.24468
  0.0285  0.0291  0.0279  0.0284  0.0295  0.0294  0.0283  0.0293  0.0284  0.0297  0.0275  0.0276
  0.0275  0.0278  0.0272  0.0274  0.0282  0.0281  0.0274  0.0280  0.0275  0.0281  0.0271  0.0271
  0.0269  0.0269  0.0268  0.0269  0.0272  0.0271  0.0268  0.0271  0.0269  0.0270  0.0268  0.0268
  0.0267  0.0267  0.0267  0.0267  0.0267  0.0267  0.0267  0.0267  0.0267  0.0267  0.0267  0.0267
  0.0268  0.0269  0.0268  0.0266  0.0270  0.0268  0.0269  0.0269  0.0269  0.0270  0.0268  0.0268
  0.0274  0.0276  0.0273  0.0271  0.0282  0.0276  0.0275  0.0278  0.0274  0.0280  0.0271  0.0271
  0.0284  0.0288  0.0280  0.0287  0.0298  0.0299  0.0284  0.0293  0.0284  0.0294  0.0276  0.0276
registration optimization eta report
parameter search radius
    2.4000    2.7600    2.7600    9.5220   10.9503    9.5220
    7.2000    7.2000    7.2000    8.2800    7.2000    7.2000
100000*second partial in parameter space
       32.       30.       17.        2.        2.        3.
        3.        5.        3.        4.        2.        2.
  0.0285  0.0291  0.0279  0.0284  0.0295  0.0294  0.0283  0.0293  0.0284  0.0297  0.0275  0.0276
  0.0275  0.0278  0.0272  0.0274  0.0282  0.0281  0.0274  0.0280  0.0275  0.0281  0.0271  0.0271
  0.0269  0.0269  0.0268  0.0269  0.0272  0.0271  0.0268  0.0271  0.0269  0.0270  0.0268  0.0268
  0.0267  0.0267  0.0267  0.0267  0.0267  0.0267  0.0267  0.0267  0.0267  0.0267  0.0267  0.0267
  0.0268  0.0269  0.0268  0.0266  0.0270  0.0268  0.0269  0.0269  0.0269  0.0270  0.0268  0.0268
  0.0274  0.0276  0.0273  0.0271  0.0282  0.0276  0.0275  0.0278  0.0274  0.0280  0.0271  0.0271
  0.0284  0.0288  0.0280  0.0287  0.0298  0.0299  0.0284  0.0293  0.0284  0.0294  0.0276  0.0276
   -0.4592    7.5124   -0.7961  -11.1340  -25.0536  -17.9882
    6.2099    4.8176   -5.9935    9.9492   -0.1022   -7.7047
eta,q 0.97333  7.24468

---------------------------------------------------------------------
imgreg_4dfp /opt/freesurfer/average/711-2C_as_mni_average_305 /opt/freesurfer/average/711-2B_as_mni_average_305_mask talsrcimg_g11 none talsrcimg_to_711-2C_as_mni_average_305_t4 2311
---------------------------------------------------------------------

freesurfer imgreg_4dfp.c
/opt/freesurfer/average/711-2C_as_mni_average_305.4dfp.img
       256       256       256         1
  1.000000  1.000000  1.000000
orientation T byte_order littleendian
Reading image: /opt/freesurfer/average/711-2C_as_mni_average_305.4dfp.img
dimensions:      256       256       256
mmppix:       1.0000   -1.0000   -1.0000
center:     128.0000 -129.0000 -129.0000
/opt/freesurfer/average/711-2B_as_mni_average_305_mask.4dfp.img
       256       256       256         1
  1.000000  1.000000  1.000000
orientation T byte_order littleendian
Reading mask: /opt/freesurfer/average/711-2B_as_mni_average_305_mask.4dfp.img (2306576 pixels)
talsrcimg_g11.4dfp.img
       256       256       256         1
  1.000000  1.000000  1.000000
orientation T byte_order littleendian
Reading image: talsrcimg_g11.4dfp.img
dimensions:      256       256       256
mmppix:       1.0000   -1.0000   -1.0000
center:     128.0000 -129.0000 -129.0000
fimgreg.f
image alignment mode   2311 decimal      907 hex
parameters
   -0.4592    7.5124   -0.7961  -11.1340  -25.0536  -17.9882
    6.2099    4.8176   -5.9935    9.9492   -0.1022   -7.7047
eta,q 0.97333  7.24468
niter,ni,del,rscale     5    3    5.0000    0.8000
parameters
   -0.4185    7.5104   -0.7929   -9.3908  -24.6889  -16.9209
    6.0704    5.0273   -6.0478    9.6915    0.1262   -8.0382
eta,q 0.97346  7.35965
  0.0275  0.0275  0.0271  0.0271  0.0274  0.0275  0.0273  0.0280  0.0273  0.0275  0.0270  0.0269
  0.0270  0.0270  0.0269  0.0269  0.0271  0.0270  0.0269  0.0273  0.0269  0.0269  0.0268  0.0267
  0.0268  0.0267  0.0267  0.0267  0.0268  0.0267  0.0266  0.0268  0.0266  0.0266  0.0266  0.0266
  0.0267  0.0267  0.0267  0.0267  0.0266  0.0266  0.0266  0.0266  0.0265  0.0266  0.0265  0.0265
  0.0267  0.0268  0.0267  0.0266  0.0266  0.0266  0.0267  0.0266  0.0267  0.0267  0.0266  0.0266
  0.0270  0.0270  0.0269  0.0266  0.0268  0.0267  0.0269  0.0271  0.0269  0.0271  0.0267  0.0268
  0.0274  0.0275  0.0271  0.0267  0.0273  0.0269  0.0274  0.0279  0.0274  0.0277  0.0269  0.0271
niter,ni,del,rscale     4    3    5.0000    0.7000
parameters
   -0.3933    7.4197   -0.6330   -9.5256  -24.4174  -16.5926
    6.0960    5.0527   -6.1321    9.5801    0.2180   -8.1002
eta,q 0.97347  7.37641
  0.0273  0.0271  0.0270  0.0268  0.0272  0.0271  0.0271  0.0276  0.0271  0.0273  0.0269  0.0269
  0.0269  0.0268  0.0267  0.0267  0.0269  0.0268  0.0268  0.0271  0.0268  0.0268  0.0267  0.0267
  0.0266  0.0266  0.0266  0.0266  0.0267  0.0266  0.0266  0.0267  0.0266  0.0266  0.0266  0.0266
  0.0265  0.0265  0.0265  0.0265  0.0265  0.0265  0.0265  0.0265  0.0265  0.0265  0.0265  0.0265
  0.0266  0.0266  0.0265  0.0265  0.0266  0.0266  0.0266  0.0266  0.0266  0.0266  0.0266  0.0266
  0.0268  0.0269  0.0266  0.0266  0.0268  0.0267  0.0268  0.0270  0.0268  0.0269  0.0267  0.0267
  0.0272  0.0272  0.0268  0.0269  0.0271  0.0269  0.0271  0.0277  0.0272  0.0274  0.0268  0.0269
niter,ni,del,rscale     3    3    5.0000    0.6000
parameters
   -0.3931    7.3473   -0.5780   -9.2348  -24.2798  -16.4348
    6.1202    5.0903   -6.1921    9.4646    0.2585   -8.1018
eta,q 0.97350  7.39855
  0.0270  0.0269  0.0268  0.0268  0.0270  0.0269  0.0270  0.0274  0.0269  0.0271  0.0268  0.0268
  0.0268  0.0267  0.0267  0.0267  0.0268  0.0267  0.0267  0.0269  0.0267  0.0267  0.0266  0.0266
  0.0266  0.0266  0.0266  0.0266  0.0266  0.0265  0.0266  0.0266  0.0266  0.0266  0.0265  0.0265
  0.0265  0.0265  0.0265  0.0265  0.0265  0.0265  0.0265  0.0265  0.0265  0.0265  0.0265  0.0265
  0.0266  0.0266  0.0265  0.0265  0.0266  0.0265  0.0266  0.0266  0.0266  0.0266  0.0265  0.0265
  0.0268  0.0268  0.0266  0.0266  0.0267  0.0266  0.0267  0.0269  0.0267  0.0268  0.0266  0.0266
  0.0270  0.0270  0.0268  0.0268  0.0270  0.0268  0.0269  0.0274  0.0270  0.0271  0.0267  0.0268
niter,ni,del,rscale     2    3    5.0000    0.5000
parameters
   -0.3993    7.2967   -0.5428   -9.0019  -24.1860  -16.3546
    6.1292    5.1172   -6.2375    9.3657    0.2623   -8.1097
eta,q 0.97350  7.41393
  0.0269  0.0268  0.0267  0.0267  0.0269  0.0267  0.0268  0.0271  0.0268  0.0269  0.0267  0.0267
  0.0267  0.0266  0.0266  0.0266  0.0267  0.0266  0.0266  0.0268  0.0266  0.0267  0.0266  0.0266
  0.0266  0.0265  0.0265  0.0266  0.0266  0.0265  0.0265  0.0266  0.0265  0.0265  0.0265  0.0265
  0.0265  0.0265  0.0265  0.0265  0.0265  0.0265  0.0265  0.0265  0.0265  0.0265  0.0265  0.0265
  0.0266  0.0266  0.0265  0.0265  0.0265  0.0265  0.0265  0.0266  0.0265  0.0266  0.0265  0.0265
  0.0267  0.0267  0.0266  0.0266  0.0266  0.0266  0.0266  0.0268  0.0266  0.0267  0.0266  0.0266
  0.0269  0.0269  0.0267  0.0267  0.0268  0.0267  0.0268  0.0271  0.0268  0.0269  0.0267  0.0267
niter,ni,del,rscale     1    3    5.0000    0.4000
parameters
   -0.4010    7.2601   -0.5165   -8.8288  -24.1214  -16.3149
    6.1282    5.1482   -6.2529    9.2901    0.2652   -8.0919
eta,q 0.97351  7.42429
  0.0267  0.0267  0.0266  0.0266  0.0267  0.0266  0.0267  0.0269  0.0267  0.0267  0.0266  0.0266
  0.0266  0.0266  0.0266  0.0266  0.0266  0.0266  0.0266  0.0267  0.0266  0.0266  0.0265  0.0265
  0.0265  0.0265  0.0265  0.0265  0.0265  0.0265  0.0265  0.0265  0.0265  0.0265  0.0265  0.0265
  0.0265  0.0265  0.0265  0.0265  0.0265  0.0265  0.0265  0.0265  0.0265  0.0265  0.0265  0.0265
  0.0265  0.0265  0.0265  0.0265  0.0265  0.0265  0.0265  0.0265  0.0265  0.0265  0.0265  0.0265
  0.0266  0.0266  0.0265  0.0265  0.0266  0.0265  0.0266  0.0267  0.0266  0.0266  0.0265  0.0265
  0.0267  0.0267  0.0266  0.0266  0.0267  0.0266  0.0267  0.0269  0.0267  0.0268  0.0266  0.0266
registration optimization eta report
parameter search radius
    0.8000    0.8000    0.8000    2.4000    2.4000    2.4000
    2.4000    2.4000    2.4000    2.4000    2.4000    2.4000
100000*second partial in parameter space
       38.       33.       18.        2.        4.        2.
        3.        7.        4.        5.        2.        2.
  0.0267  0.0267  0.0266  0.0266  0.0267  0.0266  0.0267  0.0269  0.0267  0.0267  0.0266  0.0266
  0.0266  0.0266  0.0266  0.0266  0.0266  0.0266  0.0266  0.0267  0.0266  0.0266  0.0265  0.0265
  0.0265  0.0265  0.0265  0.0265  0.0265  0.0265  0.0265  0.0265  0.0265  0.0265  0.0265  0.0265
  0.0265  0.0265  0.0265  0.0265  0.0265  0.0265  0.0265  0.0265  0.0265  0.0265  0.0265  0.0265
  0.0265  0.0265  0.0265  0.0265  0.0265  0.0265  0.0265  0.0265  0.0265  0.0265  0.0265  0.0265
  0.0266  0.0266  0.0265  0.0265  0.0266  0.0265  0.0266  0.0267  0.0266  0.0266  0.0265  0.0265
  0.0267  0.0267  0.0266  0.0266  0.0267  0.0266  0.0267  0.0269  0.0267  0.0268  0.0266  0.0266
   -0.4010    7.2601   -0.5165   -8.8288  -24.1214  -16.3149
    6.1282    5.1482   -6.2529    9.2901    0.2652   -8.0919
eta,q 0.97351  7.42429

---------------------------------------------------------------------
imgreg_4dfp /opt/freesurfer/average/711-2C_as_mni_average_305 /opt/freesurfer/average/711-2B_as_mni_average_305_mask talsrcimg_g11 none talsrcimg_to_711-2C_as_mni_average_305_t4 2311
---------------------------------------------------------------------

freesurfer imgreg_4dfp.c
/opt/freesurfer/average/711-2C_as_mni_average_305.4dfp.img
       256       256       256         1
  1.000000  1.000000  1.000000
orientation T byte_order littleendian
Reading image: /opt/freesurfer/average/711-2C_as_mni_average_305.4dfp.img
dimensions:      256       256       256
mmppix:       1.0000   -1.0000   -1.0000
center:     128.0000 -129.0000 -129.0000
/opt/freesurfer/average/711-2B_as_mni_average_305_mask.4dfp.img
       256       256       256         1
  1.000000  1.000000  1.000000
orientation T byte_order littleendian
Reading mask: /opt/freesurfer/average/711-2B_as_mni_average_305_mask.4dfp.img (2306576 pixels)
talsrcimg_g11.4dfp.img
       256       256       256         1
  1.000000  1.000000  1.000000
orientation T byte_order littleendian
Reading image: talsrcimg_g11.4dfp.img
dimensions:      256       256       256
mmppix:       1.0000   -1.0000   -1.0000
center:     128.0000 -129.0000 -129.0000
fimgreg.f
image alignment mode   2311 decimal      907 hex
parameters
   -0.4010    7.2601   -0.5165   -8.8288  -24.1214  -16.3149
    6.1282    5.1482   -6.2529    9.2901    0.2652   -8.0919
eta,q 0.97351  7.42429
niter,ni,del,rscale     5    3    5.0000    0.8000
parameters
   -0.4160    7.2529   -0.4929   -9.6012  -24.1853  -16.4409
    6.2517    4.9497   -6.2255    9.3679    0.3112   -8.0076
eta,q 0.97347  7.38765
  0.0274  0.0273  0.0270  0.0268  0.0273  0.0272  0.0274  0.0278  0.0273  0.0276  0.0269  0.0270
  0.0269  0.0269  0.0267  0.0267  0.0269  0.0268  0.0269  0.0271  0.0269  0.0270  0.0267  0.0267
  0.0266  0.0266  0.0265  0.0266  0.0266  0.0266  0.0266  0.0267  0.0266  0.0266  0.0266  0.0266
  0.0265  0.0265  0.0265  0.0265  0.0265  0.0265  0.0265  0.0265  0.0265  0.0265  0.0265  0.0265
  0.0266  0.0266  0.0265  0.0265  0.0266  0.0266  0.0266  0.0267  0.0266  0.0266  0.0266  0.0266
  0.0269  0.0269  0.0267  0.0268  0.0269  0.0268  0.0269  0.0272  0.0269  0.0270  0.0267  0.0267
  0.0275  0.0273  0.0269  0.0273  0.0273  0.0273  0.0273  0.0281  0.0273  0.0275  0.0269  0.0270
niter,ni,del,rscale     4    3    5.0000    0.7000
parameters
   -0.4311    7.2690   -0.5318   -9.4335  -24.1823  -16.4317
    6.2293    4.9754   -6.2360    9.3612    0.3258   -8.0361
eta,q 0.97348  7.39456
  0.0272  0.0272  0.0269  0.0268  0.0271  0.0270  0.0271  0.0276  0.0271  0.0273  0.0268  0.0269
  0.0268  0.0268  0.0267  0.0267  0.0268  0.0267  0.0268  0.0271  0.0268  0.0269  0.0267  0.0267
  0.0266  0.0266  0.0266  0.0266  0.0266  0.0266  0.0266  0.0267  0.0266  0.0266  0.0266  0.0266
  0.0265  0.0265  0.0265  0.0265  0.0265  0.0265  0.0265  0.0265  0.0265  0.0265  0.0265  0.0265
  0.0266  0.0266  0.0266  0.0265  0.0266  0.0266  0.0266  0.0266  0.0266  0.0266  0.0265  0.0266
  0.0268  0.0268  0.0267  0.0266  0.0268  0.0267  0.0268  0.0270  0.0268  0.0269  0.0267  0.0267
  0.0272  0.0271  0.0269  0.0269  0.0271  0.0270  0.0271  0.0277  0.0271  0.0273  0.0268  0.0269
niter,ni,del,rscale     3    3    5.0000    0.6000
parameters
   -0.4267    7.2677   -0.5304   -9.1942  -24.1518  -16.3717
    6.1939    5.0237   -6.2501    9.3431    0.3128   -8.0498
eta,q 0.97350  7.40713
  0.0270  0.0270  0.0268  0.0268  0.0270  0.0269  0.0270  0.0274  0.0270  0.0271  0.0267  0.0268
  0.0268  0.0267  0.0266  0.0267  0.0267  0.0267  0.0267  0.0269  0.0267  0.0268  0.0266  0.0266
  0.0266  0.0266  0.0265  0.0266  0.0266  0.0265  0.0265  0.0266  0.0266  0.0266  0.0265  0.0265
  0.0265  0.0265  0.0265  0.0265  0.0265  0.0265  0.0265  0.0265  0.0265  0.0265  0.0265  0.0265
  0.0266  0.0266  0.0265  0.0265  0.0266  0.0265  0.0266  0.0266  0.0266  0.0266  0.0265  0.0265
  0.0267  0.0267  0.0266  0.0266  0.0267  0.0266  0.0267  0.0269  0.0267  0.0268  0.0266  0.0266
  0.0270  0.0270  0.0268  0.0268  0.0270  0.0268  0.0270  0.0274  0.0270  0.0271  0.0268  0.0268
niter,ni,del,rscale     2    3    5.0000    0.5000
parameters
   -0.4230    7.2506   -0.5132   -8.9708  -24.1308  -16.3061
    6.1841    5.0730   -6.2585    9.2952    0.3081   -8.0571
eta,q 0.97350  7.41881
  0.0269  0.0268  0.0267  0.0267  0.0268  0.0267  0.0268  0.0271  0.0268  0.0269  0.0267  0.0267
  0.0267  0.0266  0.0266  0.0266  0.0267  0.0266  0.0266  0.0268  0.0266  0.0267  0.0266  0.0266
  0.0265  0.0265  0.0265  0.0266  0.0265  0.0265  0.0265  0.0266  0.0265  0.0265  0.0265  0.0265
  0.0265  0.0265  0.0265  0.0265  0.0265  0.0265  0.0265  0.0265  0.0265  0.0265  0.0265  0.0265
  0.0265  0.0265  0.0265  0.0265  0.0265  0.0265  0.0265  0.0265  0.0265  0.0265  0.0265  0.0265
  0.0267  0.0267  0.0266  0.0266  0.0267  0.0266  0.0266  0.0267  0.0266  0.0267  0.0266  0.0266
  0.0269  0.0268  0.0267  0.0267  0.0268  0.0267  0.0268  0.0271  0.0268  0.0269  0.0267  0.0267
niter,ni,del,rscale     1    3    5.0000    0.4000
parameters
   -0.4218    7.2273   -0.4896   -8.8101  -24.0999  -16.2956
    6.1644    5.1167   -6.2768    9.2465    0.2935   -8.0347
eta,q 0.97351  7.42647
  0.0267  0.0267  0.0266  0.0266  0.0267  0.0266  0.0267  0.0269  0.0267  0.0268  0.0266  0.0266
  0.0266  0.0266  0.0266  0.0266  0.0266  0.0265  0.0266  0.0267  0.0266  0.0266  0.0265  0.0265
  0.0265  0.0265  0.0265  0.0265  0.0265  0.0265  0.0265  0.0266  0.0265  0.0265  0.0265  0.0265
  0.0265  0.0265  0.0265  0.0265  0.0265  0.0265  0.0265  0.0265  0.0265  0.0265  0.0265  0.0265
  0.0265  0.0265  0.0265  0.0265  0.0265  0.0265  0.0265  0.0265  0.0265  0.0265  0.0265  0.0265
  0.0266  0.0266  0.0265  0.0265  0.0266  0.0265  0.0266  0.0267  0.0266  0.0266  0.0265  0.0265
  0.0267  0.0267  0.0266  0.0266  0.0267  0.0266  0.0267  0.0269  0.0267  0.0268  0.0266  0.0266
registration optimization eta report
parameter search radius
    0.8000    0.8000    0.8000    2.4000    2.4000    2.4000
    2.4000    2.4000    2.4000    2.4000    2.4000    2.4000
100000*second partial in parameter space
       37.       34.       18.        2.        4.        2.
        4.        7.        4.        5.        2.        2.
  0.0267  0.0267  0.0266  0.0266  0.0267  0.0266  0.0267  0.0269  0.0267  0.0268  0.0266  0.0266
  0.0266  0.0266  0.0266  0.0266  0.0266  0.0265  0.0266  0.0267  0.0266  0.0266  0.0265  0.0265
  0.0265  0.0265  0.0265  0.0265  0.0265  0.0265  0.0265  0.0266  0.0265  0.0265  0.0265  0.0265
  0.0265  0.0265  0.0265  0.0265  0.0265  0.0265  0.0265  0.0265  0.0265  0.0265  0.0265  0.0265
  0.0265  0.0265  0.0265  0.0265  0.0265  0.0265  0.0265  0.0265  0.0265  0.0265  0.0265  0.0265
  0.0266  0.0266  0.0265  0.0265  0.0266  0.0265  0.0266  0.0267  0.0266  0.0266  0.0265  0.0265
  0.0267  0.0267  0.0266  0.0266  0.0267  0.0266  0.0267  0.0269  0.0267  0.0268  0.0266  0.0266
   -0.4218    7.2273   -0.4896   -8.8101  -24.0999  -16.2956
    6.1644    5.1167   -6.2768    9.2465    0.2935   -8.0347
eta,q 0.97351  7.42647

---------------------------------------------------------------------
compute_vox2vox talsrcimg talsrcimg_to_711-2C_as_mni_average_305_t4 /opt/freesurfer/average/711-2C_as_mni_average_305
---------------------------------------------------------------------

freesurfer compute_vox2vox.c
Reading: talsrcimg.4dfp.ifh
Reading: talsrcimg_to_711-2C_as_mni_average_305_t4
Reading: /opt/freesurfer/average/711-2C_as_mni_average_305.4dfp.ifh
Writing: talsrcimg_to_711-2C_as_mni_average_305_t4_vox2vox.txt

start time Wed Mar 11 13:04:05 CET 2026
end		time Wed Mar 11 13:05:36 CET 2026

mpr2mni305 success

avi2talxfm orig_nu.mgz /opt/freesurfer/average/mni305.cor.mgz talsrcimg_to_711-2C_as_mni_average_305_t4_vox2vox.txt transforms/talairach.auto.xfm
avi2talxfm done
mv -f /out/sourcedata/freesurfer/sub-v2s17x50027_ses-1/mri/talsrcimg_to_711-2C_as_mni_average_305_t4_vox2vox.txt /out/sourcedata/freesurfer/sub-v2s17x50027_ses-1/mri/transforms/talsrcimg_to_711-2C_as_mni_average_305_t4_vox2vox.txt
lta_convert --src orig_nu.mgz --trg /opt/freesurfer/average/mni305.cor.mgz --inxfm transforms/talairach.auto.xfm --outlta transforms/talairach.auto.xfm.lta --subject fsaverage
7.3.2

--src: orig_nu.mgz src image (geometry).
--trg: /opt/freesurfer/average/mni305.cor.mgz trg image (geometry).
--inmni: transforms/talairach.auto.xfm input MNI/XFM transform.
--outlta: transforms/talairach.auto.xfm.lta output LTA.
--s: fsaverage subject name
 LTA read, type : 1
 1.09029  -0.05621  -0.09450  -5.34888;
 0.00478   1.18062   0.12459   9.39998;
 0.08958  -0.14848   1.29453   21.68431;
 0.00000   0.00000   0.00000   1.00000;
setting subject to fsaverage
Writing  LTA to file transforms/talairach.auto.xfm.lta...
lta_convert successful.
 
 
Started at Wed Mar 11 13:04:05 CET 2026
Ended   at Wed Mar 11 13:05:36 CET 2026
talairach_avi done
