/out/sourcedata/freesurfer/sub-v2s17x50006_ses-1/mri
/opt/freesurfer/bin/talairach_avi
--i orig_nu.mgz --xfm transforms/talairach.auto.xfm
talairach_avi 7.3.2
Linux dna013 5.14.0-427.37.1.el9_4.x86_64 #1 SMP PREEMPT_DYNAMIC Fri Sep 13 12:41:50 EDT 2024 x86_64 x86_64 x86_64 GNU/Linux
Wed Mar 11 12:46:36 CET 2026
mri_convert orig_nu.mgz talsrcimg.img 
reading from orig_nu.mgz...
TR=0.00, TE=0.00, TI=0.00, flip angle=0.00
i_ras = (-1, 0, 0)
j_ras = (0, 0, -1)
k_ras = (0, 1, 0)
writing to talsrcimg.img...
Analyze Output Matrix
-1.00000   0.00000   0.00000   128.79861;
 0.00000   0.00000   1.00000  -127.94919;
 0.00000  -1.00000   0.00000   101.33832;
 0.00000   0.00000   0.00000   1.00000;
--------------------
INFO: set hdr.hist.orient to -1
mpr2mni305 talsrcimg
Wed Mar 11 12:46:37 CET 2026
/opt/freesurfer/bin/mpr2mni305 talsrcimg
mpr2mni305 7.3.2
target=711-2C_as_mni_average_305

---------------------------------------------------------------------
analyzeto4dfp talsrcimg -O0 -y
---------------------------------------------------------------------

freesurfer ifh2hdr.c
Wed Mar 11 12:46:37 2026
Writing: talsrcimg.4dfp.hdr
freesurfer analyzeto4dfp.c
Reading: talsrcimg.hdr
header size 348 bytes
hdr.dime.datatype	offset=70	value=2
hdr.dime.bitpix		offset=72	value=8
hdr.hist.orient		offset=252	value=-1
dimensionality     4
dimensions       256       256       256         1
Reading: talsrcimg.img
Writing: talsrcimg.4dfp.img
Writing: talsrcimg.4dfp.ifh
ifh2hdr talsrcimg -r0to225
ori=2

---------------------------------------------------------------------
gauss_4dfp talsrcimg 1.1
---------------------------------------------------------------------

freesurfer gauss_4dfp.c
Reading: talsrcimg.4dfp.img
Writing: talsrcimg_g11.4dfp.img
image dimensions 256 256 256 padded to 288 288 288
processing volume 1freesurfer ifh2hdr.c
Wed Mar 11 12:46:38 2026
Writing: talsrcimg_g11.4dfp.hdr

Writing: talsrcimg_g11.4dfp.ifh
including: talsrcimg.4dfp.img.rec in talsrcimg_g11.4dfp.img.rec

---------------------------------------------------------------------
imgreg_4dfp /opt/freesurfer/average/711-2C_as_mni_average_305 none talsrcimg_g11 none talsrcimg_to_711-2C_as_mni_average_305_t4 4355
---------------------------------------------------------------------

freesurfer imgreg_4dfp.c
/opt/freesurfer/average/711-2C_as_mni_average_305.4dfp.img
       256       256       256         1
  1.000000  1.000000  1.000000
orientation T byte_order littleendian
Reading image: /opt/freesurfer/average/711-2C_as_mni_average_305.4dfp.img
dimensions:      256       256       256
mmppix:       1.0000   -1.0000   -1.0000
center:     128.0000 -129.0000 -129.0000
talsrcimg_g11.4dfp.img
       256       256       256         1
  1.000000  1.000000  1.000000
orientation T byte_order littleendian
Reading image: talsrcimg_g11.4dfp.img
dimensions:      256       256       256
mmppix:       1.0000   -1.0000   -1.0000
center:     128.0000 -129.0000 -129.0000
t4_read: open error in t4_sub.f l:  41 t4_file(1:l)talsrcimg_to_711-2C_as_mni_average_305_t4 
t4_read: transform initialized to I4
rotation matrix determinant  1.000000
image alignment mode   4355 decimal     1103 hex
   -7.5000  -45.0000  -45.0000 8713.7764   12.2632
    0.0000  -45.0000  -45.0000 9059.0156   12.2386
    7.5000  -45.0000  -45.0000 8622.0342   12.2234
   -7.5000  -37.5000  -45.0000 9237.4238   12.2051
    0.0000  -37.5000  -45.0000 9616.4492   12.1811
    7.5000  -37.5000  -45.0000 9152.8945   12.1647
   -7.5000  -30.0000  -45.000010088.1826   12.1605
    0.0000  -30.0000  -45.000010494.6533   12.1377
    7.5000  -30.0000  -45.0000 9987.0557   12.1202
   -7.5000  -22.5000  -45.000010864.3926   12.1263
    0.0000  -22.5000  -45.000011327.9004   12.1044
    7.5000  -22.5000  -45.000010766.5586   12.0875
   -7.5000  -15.0000  -45.000011496.7578   12.0894
    0.0000  -15.0000  -45.000011990.8311   12.0671
    7.5000  -15.0000  -45.000011407.8359   12.0522
   -7.5000   -7.5000  -45.000012054.4512   12.0484
    0.0000   -7.5000  -45.000012576.6836   12.0243
    7.5000   -7.5000  -45.000011973.2949   12.0107
   -7.5000    0.0000  -45.000012538.0000   12.0205
    0.0000    0.0000  -45.000013073.5820   11.9954
    7.5000    0.0000  -45.000012465.8242   11.9815
   -7.5000    7.5000  -45.000012029.4053   12.0128
    0.0000    7.5000  -45.000012564.9082   11.9885
    7.5000    7.5000  -45.000011997.0820   11.9732
   -7.5000   15.0000  -45.000011436.1787   12.0250
    0.0000   15.0000  -45.000011954.2158   12.0019
    7.5000   15.0000  -45.000011399.5918   11.9851
   -7.5000   22.5000  -45.000010753.2188   12.0708
    0.0000   22.5000  -45.000011234.9648   12.0485
    7.5000   22.5000  -45.000010737.8291   12.0319
   -7.5000   30.0000  -45.000010010.3223   12.0077
    0.0000   30.0000  -45.000010478.0537   11.9845
    7.5000   30.0000  -45.0000 9997.9238   11.9694
   -7.5000   37.5000  -45.0000 9578.9219   12.1091
    0.0000   37.5000  -45.000010017.9473   12.0843
    7.5000   37.5000  -45.0000 9555.0117   12.0704
   -7.5000   45.0000  -45.0000 8816.0293   11.9317
    0.0000   45.0000  -45.0000 9209.0088   11.9059
    7.5000   45.0000  -45.0000 8784.8584   11.8916
   -7.5000  -45.0000  -37.5000 9277.5322   12.2407
    0.0000  -45.0000  -37.5000 9651.0410   12.2158
    7.5000  -45.0000  -37.5000 9195.7725   12.1983
   -7.5000  -37.5000  -37.5000 9838.5439   12.1800
    0.0000  -37.5000  -37.500010244.2734   12.1567
    7.5000  -37.5000  -37.5000 9767.1279   12.1377
   -7.5000  -30.0000  -37.500010731.9629   12.1327
    0.0000  -30.0000  -37.500011175.2363   12.1104
    7.5000  -30.0000  -37.500010638.8633   12.0895
   -7.5000  -22.5000  -37.500011546.1328   12.0980
    0.0000  -22.5000  -37.500012027.7871   12.0751
    7.5000  -22.5000  -37.500011432.5947   12.0542
   -7.5000  -15.0000  -37.500012215.4053   12.0630
    0.0000  -15.0000  -37.500012724.0811   12.0386
    7.5000  -15.0000  -37.500012123.0000   12.0196
   -7.5000   -7.5000  -37.500012759.0049   12.0226
    0.0000   -7.5000  -37.500013335.7012   11.9968
    7.5000   -7.5000  -37.500012693.1182   11.9801
   -7.5000    0.0000  -37.500013258.4453   11.9929
    0.0000    0.0000  -37.500013838.3213   11.9676
    7.5000    0.0000  -37.500013186.2236   11.9514
   -7.5000    7.5000  -37.500012716.4697   11.9834
    0.0000    7.5000  -37.500013291.0234   11.9598
    7.5000    7.5000  -37.500012661.8408   11.9419
   -7.5000   15.0000  -37.500012076.5479   11.9938
    0.0000   15.0000  -37.500012629.1367   11.9711
    7.5000   15.0000  -37.500012013.9463   11.9509
   -7.5000   22.5000  -37.500011342.7480   12.0399
    0.0000   22.5000  -37.500011866.1973   12.0166
    7.5000   22.5000  -37.500011287.4580   11.9960
   -7.5000   30.0000  -37.500010533.2461   11.9797
    0.0000   30.0000  -37.500011025.0322   11.9546
    7.5000   30.0000  -37.500010503.2744   11.9354
   -7.5000   37.5000  -37.500010046.2344   12.0819
    0.0000   37.5000  -37.500010506.8008   12.0557
    7.5000   37.5000  -37.500010014.9580   12.0388
   -7.5000   45.0000  -37.5000 9223.7734   11.9038
    0.0000   45.0000  -37.5000 9646.5703   11.8783
    7.5000   45.0000  -37.5000 9190.9502   11.8624
   -7.5000  -45.0000  -30.000010041.6924   12.7170
    0.0000  -45.0000  -30.000010449.4941   12.6953
    7.5000  -45.0000  -30.0000 9940.5771   12.6794
   -7.5000  -37.5000  -30.000010645.5518   12.6539
    0.0000  -37.5000  -30.000011066.7490   12.6345
    7.5000  -37.5000  -30.000010542.5400   12.6158
   -7.5000  -30.0000  -30.000011586.5752   12.6038
    0.0000  -30.0000  -30.000012064.0664   12.5857
    7.5000  -30.0000  -30.000011470.9150   12.5631
   -7.5000  -22.5000  -30.000012441.7559   12.5654
    0.0000  -22.5000  -30.000012953.9922   12.5458
    7.5000  -22.5000  -30.000012329.6367   12.5224
   -7.5000  -15.0000  -30.000013147.7129   12.5267
    0.0000  -15.0000  -30.000013703.7168   12.5045
    7.5000  -15.0000  -30.000013072.2227   12.4841
   -7.5000   -7.5000  -30.000013759.9736   12.4822
    0.0000   -7.5000  -30.000014369.3955   12.4587
    7.5000   -7.5000  -30.000013668.8760   12.4426
   -7.5000    0.0000  -30.000014279.0273   12.4498
    0.0000    0.0000  -30.000014899.3311   12.4276
    7.5000    0.0000  -30.000014172.7236   12.4130
   -7.5000    7.5000  -30.000013664.9121   12.4419
    0.0000    7.5000  -30.000014272.1162   12.4221
    7.5000    7.5000  -30.000013583.6602   12.4046
   -7.5000   15.0000  -30.000012945.0420   12.4536
    0.0000   15.0000  -30.000013529.9346   12.4351
    7.5000   15.0000  -30.000012850.7373   12.4134
   -7.5000   22.5000  -30.000012144.3711   12.4997
    0.0000   22.5000  -30.000012690.4551   12.4797
    7.5000   22.5000  -30.000012051.5674   12.4568
   -7.5000   30.0000  -30.000011267.2168   12.4385
    0.0000   30.0000  -30.000011785.1055   12.4157
    7.5000   30.0000  -30.000011205.3418   12.3951
   -7.5000   37.5000  -30.000010714.0957   12.5425
    0.0000   37.5000  -30.000011205.5234   12.5188
    7.5000   37.5000  -30.000010670.1836   12.5027
   -7.5000   45.0000  -30.0000 9809.1377   12.3658
    0.0000   45.0000  -30.000010271.4648   12.3437
    7.5000   45.0000  -30.0000 9778.4658   12.3303
   -7.5000  -45.0000  -22.500010771.0117   13.1168
    0.0000  -45.0000  -22.500011202.7051   13.0989
    7.5000  -45.0000  -22.500010648.8789   13.0882
   -7.5000  -37.5000  -22.500011423.0029   13.0549
    0.0000  -37.5000  -22.500011865.5518   13.0390
    7.5000  -37.5000  -22.500011276.7441   13.0242
   -7.5000  -30.0000  -22.500012419.4531   13.0054
    0.0000  -30.0000  -22.500012914.9648   12.9915
    7.5000  -30.0000  -22.500012261.4971   12.9716
   -7.5000  -22.5000  -22.500013309.0488   12.9628
    0.0000  -22.5000  -22.500013857.4727   12.9485
    7.5000  -22.5000  -22.500013181.7549   12.9277
   -7.5000  -15.0000  -22.500014046.7461   12.9165
    0.0000  -15.0000  -22.500014635.8564   12.8997
    7.5000  -15.0000  -22.500013941.1221   12.8834
   -7.5000   -7.5000  -22.500014717.8320   12.8654
    0.0000   -7.5000  -22.500015337.2510   12.8466
    7.5000   -7.5000  -22.500014569.4531   12.8358
   -7.5000    0.0000  -22.500015252.5371   12.8315
    0.0000    0.0000  -22.500015895.5430   12.8128
    7.5000    0.0000  -22.500015105.1211   12.8034
   -7.5000    7.5000  -22.500014587.3447   12.8284
    0.0000    7.5000  -22.500015226.5996   12.8119
    7.5000    7.5000  -22.500014452.1396   12.7983
   -7.5000   15.0000  -22.500013776.1152   12.8445
    0.0000   15.0000  -22.500014402.5439   12.8301
    7.5000   15.0000  -22.500013669.6807   12.8109
   -7.5000   22.5000  -22.500012904.8350   12.8898
    0.0000   22.5000  -22.500013479.4111   12.8750
    7.5000   22.5000  -22.500012803.2031   12.8547
   -7.5000   30.0000  -22.500011936.5078   12.8242
    0.0000   30.0000  -22.500012477.4746   12.8067
    7.5000   30.0000  -22.500011870.0039   12.7902
   -7.5000   37.5000  -22.500011312.3408   12.9263
    0.0000   37.5000  -22.500011838.3652   12.9072
    7.5000   37.5000  -22.500011277.6787   12.8965
   -7.5000   45.0000  -22.500010376.8740   12.7533
    0.0000   45.0000  -22.500010855.2900   12.7347
    7.5000   45.0000  -22.500010346.5312   12.7265
   -7.5000  -45.0000  -15.000011452.6895   13.4019
    0.0000  -45.0000  -15.000011906.7705   13.3843
    7.5000  -45.0000  -15.000011322.1035   13.3770
   -7.5000  -37.5000  -15.000012143.5459   13.3394
    0.0000  -37.5000  -15.000012626.2109   13.3229
    7.5000  -37.5000  -15.000011987.9668   13.3117
   -7.5000  -30.0000  -15.000013210.9404   13.2896
    0.0000  -30.0000  -15.000013751.6689   13.2759
    7.5000  -30.0000  -15.000013045.6104   13.2600
   -7.5000  -22.5000  -15.000014159.4756   13.2443
    0.0000  -22.5000  -15.000014752.8184   13.2318
    7.5000  -22.5000  -15.000014015.7109   13.2156
   -7.5000  -15.0000  -15.000014918.7227   13.1923
    0.0000  -15.0000  -15.000015550.5908   13.1784
    7.5000  -15.0000  -15.000014775.3262   13.1667
   -7.5000   -7.5000  -15.000015591.3916   13.1368
    0.0000   -7.5000  -15.000016243.7842   13.1199
    7.5000   -7.5000  -15.000015411.9775   13.1130
   -7.5000    0.0000  -15.000016166.5205   13.1016
    0.0000    0.0000  -15.000016840.4805   13.0832
    7.5000    0.0000  -15.000015967.3164   13.0771
   -7.5000    7.5000  -15.000015478.8320   13.1012
    0.0000    7.5000  -15.000016150.5557   13.0840
    7.5000    7.5000  -15.000015287.6289   13.0738
   -7.5000   15.0000  -15.000014596.5322   13.1203
    0.0000   15.0000  -15.000015232.7568   13.1059
    7.5000   15.0000  -15.000014445.3438   13.0907
   -7.5000   22.5000  -15.000013629.9678   13.1657
    0.0000   22.5000  -15.000014224.0361   13.1526
    7.5000   22.5000  -15.000013496.1924   13.1368
   -7.5000   30.0000  -15.000012609.4248   13.0977
    0.0000   30.0000  -15.000013157.3691   13.0828
    7.5000   30.0000  -15.000012489.8633   13.0709
   -7.5000   37.5000  -15.000011929.8076   13.1984
    0.0000   37.5000  -15.000012482.9814   13.1810
    7.5000   37.5000  -15.000011882.2637   13.1741
   -7.5000   45.0000  -15.000010937.8633   13.0281
    0.0000   45.0000  -15.000011436.2344   13.0091
    7.5000   45.0000  -15.000010888.3154   13.0036
   -7.5000  -45.0000   -7.500012119.7979   13.5461
    0.0000  -45.0000   -7.500012616.3955   13.5236
    7.5000  -45.0000   -7.500012015.4004   13.5131
   -7.5000  -37.5000   -7.500012871.6445   13.4800
    0.0000  -37.5000   -7.500013408.8926   13.4580
    7.5000  -37.5000   -7.500012748.2275   13.4451
   -7.5000  -30.0000   -7.500014013.5879   13.4283
    0.0000  -30.0000   -7.500014614.3721   13.4085
    7.5000  -30.0000   -7.500013871.8252   13.3931
   -7.5000  -22.5000   -7.500015035.2588   13.3835
    0.0000  -22.5000   -7.500015665.3682   13.3655
    7.5000  -22.5000   -7.500014885.5400   13.3505
   -7.5000  -15.0000   -7.500015845.7695   13.3326
    0.0000  -15.0000   -7.500016527.1523   13.3142
    7.5000  -15.0000   -7.500015680.5928   13.3027
   -7.5000   -7.5000   -7.500016483.3184   13.2780
    0.0000   -7.5000   -7.500017182.9883   13.2570
    7.5000   -7.5000   -7.500016322.1426   13.2480
   -7.5000    0.0000   -7.500017062.8711   13.2424
    0.0000    0.0000   -7.500017748.2715   13.2193
    7.5000    0.0000   -7.500016863.8516   13.2102
   -7.5000    7.5000   -7.500016325.1611   13.2394
    0.0000    7.5000   -7.500017003.4434   13.2170
    7.5000    7.5000   -7.500016123.2754   13.2052
   -7.5000   15.0000   -7.500015390.3652   13.2575
    0.0000   15.0000   -7.500016047.5303   13.2372
    7.5000   15.0000   -7.500015218.1328   13.2225
   -7.5000   22.5000   -7.500014346.0371   13.3030
    0.0000   22.5000   -7.500014959.3174   13.2844
    7.5000   22.5000   -7.500014188.6035   13.2698
   -7.5000   30.0000   -7.500013243.0273   13.2374
    0.0000   30.0000   -7.500013808.3828   13.2179
    7.5000   30.0000   -7.500013094.3252   13.2062
   -7.5000   37.5000   -7.500012566.3203   13.3401
    0.0000   37.5000   -7.500013140.9014   13.3182
    7.5000   37.5000   -7.500012493.8994   13.3091
   -7.5000   45.0000   -7.500011515.4072   13.1693
    0.0000   45.0000   -7.500012034.4219   13.1452
    7.5000   45.0000   -7.500011451.0771   13.1359
   -7.5000  -45.0000    0.000012732.5664   13.5773
    0.0000  -45.0000    0.000013278.5547   13.5496
    7.5000  -45.0000    0.000012646.0117   13.5332
   -7.5000  -37.5000    0.000013505.6348   13.5067
    0.0000  -37.5000    0.000014092.2500   13.4796
    7.5000  -37.5000    0.000013393.1240   13.4619
   -7.5000  -30.0000    0.000014677.9268   13.4514
    0.0000  -30.0000    0.000015314.8018   13.4255
    7.5000  -30.0000    0.000014555.7393   13.4066
   -7.5000  -22.5000    0.000015748.0166   13.4071
    0.0000  -22.5000    0.000016460.4590   13.3823
    7.5000  -22.5000    0.000015614.0654   13.3642
   -7.5000  -15.0000    0.000016653.7422   13.3599
    0.0000  -15.0000    0.000017421.2969   13.3346
    7.5000  -15.0000    0.000016514.5977   13.3190
   -7.5000   -7.5000    0.000017347.6973   13.3085
    0.0000   -7.5000    0.000018062.8828   13.2814
    7.5000   -7.5000    0.000017216.6660   13.2671
   -7.5000    0.0000    0.000017878.8477   13.2726
    0.0000    0.0000    0.000018532.1211   13.2444
    7.5000    0.0000    0.000017698.6152   13.2297
   -7.5000    7.5000    0.000017062.9531   13.2655
    0.0000    7.5000    0.000017702.5273   13.2382
    7.5000    7.5000    0.000016868.4238   13.2218
   -7.5000   15.0000    0.000016075.8936   13.2804
    0.0000   15.0000    0.000016719.3047   13.2543
    7.5000   15.0000    0.000015878.4902   13.2363
   -7.5000   22.5000    0.000014997.8799   13.3270
    0.0000   22.5000    0.000015609.3252   13.3018
    7.5000   22.5000    0.000014791.5234   13.2841
   -7.5000   30.0000    0.000013839.4326   13.2661
    0.0000   30.0000    0.000014409.3350   13.2399
    7.5000   30.0000    0.000013648.7959   13.2240
   -7.5000   37.5000    0.000013157.8027   13.3722
    0.0000   37.5000    0.000013742.3340   13.3445
    7.5000   37.5000    0.000013042.7412   13.3298
   -7.5000   45.0000    0.000012065.4961   13.2000
    0.0000   45.0000    0.000012586.4727   13.1709
    7.5000   45.0000    0.000011941.1387   13.1558
   -7.5000  -45.0000    7.500012338.5166   13.6078
    0.0000  -45.0000    7.500012901.3350   13.5797
    7.5000  -45.0000    7.500012293.1348   13.5606
   -7.5000  -37.5000    7.500013067.4961   13.5351
    0.0000  -37.5000    7.500013675.0635   13.5087
    7.5000  -37.5000    7.500013022.9492   13.4880
   -7.5000  -30.0000    7.500014183.2090   13.4776
    0.0000  -30.0000    7.500014815.7803   13.4524
    7.5000  -30.0000    7.500014136.7139   13.4296
   -7.5000  -22.5000    7.500015188.7686   13.4342
    0.0000  -22.5000    7.500015894.9131   13.4084
    7.5000  -22.5000    7.500015109.5254   13.3857
   -7.5000  -15.0000    7.500016136.5840   13.3909
    0.0000  -15.0000    7.500016910.9258   13.3633
    7.5000  -15.0000    7.500016027.3887   13.3428
   -7.5000   -7.5000    7.500016935.7461   13.3418
    0.0000   -7.5000    7.500017649.7617   13.3128
    7.5000   -7.5000    7.500016764.4766   13.2948
   -7.5000    0.0000    7.500017503.3379   13.3053
    0.0000    0.0000    7.500018150.5078   13.2768
    7.5000    0.0000    7.500017259.7363   13.2594
   -7.5000    7.5000    7.500016681.8926   13.2956
    0.0000    7.5000    7.500017297.8652   13.2689
    7.5000    7.5000    7.500016411.5547   13.2496
   -7.5000   15.0000    7.500015661.4912   13.3079
    0.0000   15.0000    7.500016276.8193   13.2823
    7.5000   15.0000    7.500015420.8389   13.2604
   -7.5000   22.5000    7.500014571.6895   13.3550
    0.0000   22.5000    7.500015127.6553   13.3288
    7.5000   22.5000    7.500014354.1924   13.3065
   -7.5000   30.0000    7.500013435.5215   13.2976
    0.0000   30.0000    7.500013941.5596   13.2693
    7.5000   30.0000    7.500013241.4551   13.2485
   -7.5000   37.5000    7.500012750.3125   13.4071
    0.0000   37.5000    7.500013286.1162   13.3777
    7.5000   37.5000    7.500012621.6709   13.3595
   -7.5000   45.0000    7.500011672.6680   13.2339
    0.0000   45.0000    7.500012177.1494   13.2051
    7.5000   45.0000    7.500011555.7061   13.1880
   -7.5000  -45.0000   15.000011779.9775   13.6508
    0.0000  -45.0000   15.000012327.2969   13.6271
    7.5000  -45.0000   15.000011759.6123   13.6103
   -7.5000  -37.5000   15.000012474.5137   13.5811
    0.0000  -37.5000   15.000013059.0479   13.5601
    7.5000  -37.5000   15.000012466.5781   13.5402
   -7.5000  -30.0000   15.000013540.2676   13.5258
    0.0000  -30.0000   15.000014165.3213   13.5061
    7.5000  -30.0000   15.000013531.7236   13.4822
   -7.5000  -22.5000   15.000014503.7783   13.4832
    0.0000  -22.5000   15.000015166.0732   13.4618
    7.5000  -22.5000   15.000014464.7891   13.4371
   -7.5000  -15.0000   15.000015405.4209   13.4404
    0.0000  -15.0000   15.000016073.6934   13.4162
    7.5000  -15.0000   15.000015316.2168   13.3947
   -7.5000   -7.5000   15.000016172.0859   13.3902
    0.0000   -7.5000   15.000016798.6895   13.3648
    7.5000   -7.5000   15.000015988.0176   13.3478
   -7.5000    0.0000   15.000016778.0020   13.3533
    0.0000    0.0000   15.000017392.8652   13.3291
    7.5000    0.0000   15.000016521.1973   13.3138
   -7.5000    7.5000   15.000016034.3662   13.3452
    0.0000    7.5000   15.000016669.8848   13.3237
    7.5000    7.5000   15.000015749.2998   13.3052
   -7.5000   15.0000   15.000015049.8467   13.3577
    0.0000   15.0000   15.000015680.4463   13.3375
    7.5000   15.0000   15.000014824.2041   13.3146
   -7.5000   22.5000   15.000013956.8301   13.4032
    0.0000   22.5000   15.000014514.6123   13.3815
    7.5000   22.5000   15.000013759.3096   13.3572
   -7.5000   30.0000   15.000012831.4004   13.3431
    0.0000   30.0000   15.000013356.5449   13.3182
    7.5000   30.0000   15.000012687.9619   13.2965
   -7.5000   37.5000   15.000012191.2354   13.4508
    0.0000   37.5000   15.000012686.4268   13.4251
    7.5000   37.5000   15.000012074.9697   13.4082
   -7.5000   45.0000   15.000011149.6670   13.2764
    0.0000   45.0000   15.000011613.4121   13.2524
    7.5000   45.0000   15.000011052.5674   13.2384
   -7.5000  -45.0000   22.500011102.2598   13.6925
    0.0000  -45.0000   22.500011625.1699   13.6735
    7.5000  -45.0000   22.500011093.2109   13.6625
   -7.5000  -37.5000   22.500011751.7764   13.6298
    0.0000  -37.5000   22.500012302.2461   13.6130
    7.5000  -37.5000   22.500011754.8350   13.5976
   -7.5000  -30.0000   22.500012757.7373   13.5800
    0.0000  -30.0000   22.500013346.4922   13.5653
    7.5000  -30.0000   22.500012783.9785   13.5446
   -7.5000  -22.5000   22.500013689.0176   13.5374
    0.0000  -22.5000   22.500014290.9990   13.5223
    7.5000  -22.5000   22.500013696.8105   13.5007
   -7.5000  -15.0000   22.500014538.2715   13.4907
    0.0000  -15.0000   22.500015128.7549   13.4730
    7.5000  -15.0000   22.500014498.2061   13.4561
   -7.5000   -7.5000   22.500015269.7256   13.4369
    0.0000   -7.5000   22.500015833.4678   13.4171
    7.5000   -7.5000   22.500015134.5225   13.4060
   -7.5000    0.0000   22.500015827.2588   13.4006
    0.0000    0.0000   22.500016431.9434   13.3809
    7.5000    0.0000   22.500015656.0234   13.3712
   -7.5000    7.5000   22.500015137.3252   13.3977
    0.0000    7.5000   22.500015725.5107   13.3802
    7.5000    7.5000   22.500014945.5791   13.3661
   -7.5000   15.0000   22.500014275.1387   13.4134
    0.0000   15.0000   22.500014824.9561   13.3982
    7.5000   15.0000   22.500014082.1729   13.3783
   -7.5000   22.5000   22.500013248.3301   13.4562
    0.0000   22.5000   22.500013738.0098   13.4406
    7.5000   22.5000   22.500013074.3145   13.4195
   -7.5000   30.0000   22.500012164.1367   13.3890
    0.0000   30.0000   22.500012635.7764   13.3706
    7.5000   30.0000   22.500012040.7178   13.3536
   -7.5000   37.5000   22.500011561.1416   13.4920
    0.0000   37.5000   22.500012015.7041   13.4719
    7.5000   37.5000   22.500011444.5654   13.4609
   -7.5000   45.0000   22.500010552.4658   13.3181
    0.0000   45.0000   22.500010974.9688   13.2984
    7.5000   45.0000   22.500010448.7168   13.2901
   -7.5000  -45.0000   30.000010329.8135   13.7714
    0.0000  -45.0000   30.000010810.3633   13.7530
    7.5000  -45.0000   30.000010342.0986   13.7454
   -7.5000  -37.5000   30.000010945.3770   13.7126
    0.0000  -37.5000   30.000011456.0693   13.6954
    7.5000  -37.5000   30.000010974.5029   13.6838
   -7.5000  -30.0000   30.000011881.0088   13.6668
    0.0000  -30.0000   30.000012431.9766   13.6525
    7.5000  -30.0000   30.000011954.5547   13.6360
   -7.5000  -22.5000   30.000012753.8428   13.6252
    0.0000  -22.5000   30.000013315.4082   13.6122
    7.5000  -22.5000   30.000012814.1553   13.5955
   -7.5000  -15.0000   30.000013549.4424   13.5764
    0.0000  -15.0000   30.000014104.2715   13.5620
    7.5000  -15.0000   30.000013561.4727   13.5500
   -7.5000   -7.5000   30.000014208.8975   13.5206
    0.0000   -7.5000   30.000014796.0742   13.5031
    7.5000   -7.5000   30.000014164.1221   13.4961
   -7.5000    0.0000   30.000014715.4170   13.4842
    0.0000    0.0000   30.000015318.4971   13.4651
    7.5000    0.0000   30.000014657.9707   13.4588
   -7.5000    7.5000   30.000014062.4365   13.4839
    0.0000    7.5000   30.000014636.6084   13.4661
    7.5000    7.5000   30.000013994.3486   13.4555
   -7.5000   15.0000   30.000013275.1523   13.5015
    0.0000   15.0000   30.000013798.7344   13.4866
    7.5000   15.0000   30.000013169.2871   13.4708
   -7.5000   22.5000   30.000012354.5732   13.5429
    0.0000   22.5000   30.000012818.8135   13.5293
    7.5000   22.5000   30.000012238.4893   13.5131
   -7.5000   30.0000   30.000011363.3184   13.4709
    0.0000   30.0000   30.000011814.4590   13.4556
    7.5000   30.0000   30.000011275.0791   13.4434
   -7.5000   37.5000   30.000010803.7725   13.5711
    0.0000   37.5000   30.000011245.0107   13.5531
    7.5000   37.5000   30.000010712.4824   13.5461
   -7.5000   45.0000   30.0000 9837.5684   13.3965
    0.0000   45.0000   30.000010241.6621   13.3768
    7.5000   45.0000   30.0000 9764.6113   13.3711
   -7.5000  -45.0000   37.5000 9917.9561   13.9276
    0.0000  -45.0000   37.500010385.4912   13.9036
    7.5000  -45.0000   37.5000 9960.1172   13.8924
   -7.5000  -37.5000   37.500010527.3447   13.8671
    0.0000  -37.5000   37.500011032.9033   13.8438
    7.5000  -37.5000   37.500010568.3916   13.8301
   -7.5000  -30.0000   37.500011468.1406   13.8212
    0.0000  -30.0000   37.500012004.9443   13.8003
    7.5000  -30.0000   37.500011515.4307   13.7841
   -7.5000  -22.5000   37.500012318.5488   13.7815
    0.0000  -22.5000   37.500012864.1230   13.7625
    7.5000  -22.5000   37.500012346.4502   13.7469
   -7.5000  -15.0000   37.500013048.2041   13.7347
    0.0000  -15.0000   37.500013603.2305   13.7154
    7.5000  -15.0000   37.500013053.4336   13.7034
   -7.5000   -7.5000   37.500013656.0967   13.6801
    0.0000   -7.5000   37.500014238.3262   13.6578
    7.5000   -7.5000   37.500013637.2090   13.6483
   -7.5000    0.0000   37.500014116.8887   13.6429
    0.0000    0.0000   37.500014717.7578   13.6184
    7.5000    0.0000   37.500014107.0010   13.6086
   -7.5000    7.5000   37.500013478.9424   13.6402
    0.0000    7.5000   37.500014035.7139   13.6165
    7.5000    7.5000   37.500013460.9902   13.6040
   -7.5000   15.0000   37.500012724.0498   13.6563
    0.0000   15.0000   37.500013241.8535   13.6350
    7.5000   15.0000   37.500012669.6729   13.6195
   -7.5000   22.5000   37.500011849.6543   13.6978
    0.0000   22.5000   37.500012328.5615   13.6784
    7.5000   22.5000   37.500011780.3516   13.6633
   -7.5000   30.0000   37.500010931.2949   13.6264
    0.0000   30.0000   37.500011366.1670   13.6059
    7.5000   30.0000   37.500010870.4111   13.5938
   -7.5000   37.5000   37.500010410.0244   13.7281
    0.0000   37.5000   37.500010830.9941   13.7050
    7.5000   37.5000   37.500010336.0830   13.6954
   -7.5000   45.0000   37.5000 9474.4873   13.5504
    0.0000   45.0000   37.5000 9863.9199   13.5249
    7.5000   45.0000   37.5000 9413.5098   13.5150
   -7.5000  -45.0000   45.0000 9153.7217   14.1172
    0.0000  -45.0000   45.0000 9590.4443   14.0870
    7.5000  -45.0000   45.0000 9192.9287   14.0687
   -7.5000  -37.5000   45.0000 9701.0156   14.0529
    0.0000  -37.5000   45.000010180.8633   14.0238
    7.5000  -37.5000   45.0000 9745.2441   14.0040
   -7.5000  -30.0000   45.000010569.3867   14.0036
    0.0000  -30.0000   45.000011077.8125   13.9759
    7.5000  -30.0000   45.000010600.9561   13.9549
   -7.5000  -22.5000   45.000011344.2227   13.9644
    0.0000  -22.5000   45.000011859.9004   13.9375
    7.5000  -22.5000   45.000011364.2021   13.9176
   -7.5000  -15.0000   45.000012015.1201   13.9213
    0.0000  -15.0000   45.000012536.9160   13.8938
    7.5000  -15.0000   45.000012014.3828   13.8764
   -7.5000   -7.5000   45.000012569.5859   13.8699
    0.0000   -7.5000   45.000013117.2471   13.8404
    7.5000   -7.5000   45.000012564.2295   13.8243
   -7.5000    0.0000   45.000012973.9219   13.8322
    0.0000    0.0000   45.000013541.0547   13.8018
    7.5000    0.0000   45.000012975.3623   13.7851
   -7.5000    7.5000   45.000012378.5752   13.8258
    0.0000    7.5000   45.000012891.1963   13.7965
    7.5000    7.5000   45.000012373.8086   13.7780
   -7.5000   15.0000   45.000011672.3848   13.8377
    0.0000   15.0000   45.000012163.9336   13.8097
    7.5000   15.0000   45.000011646.1992   13.7896
   -7.5000   22.5000   45.000010875.6445   13.8789
    0.0000   22.5000   45.000011342.3027   13.8517
    7.5000   22.5000   45.000010846.6191   13.8322
   -7.5000   30.0000   45.000010042.8701   13.8096
    0.0000   30.0000   45.000010451.7266   13.7811
    7.5000   30.0000   45.0000 9995.2188   13.7635
   -7.5000   37.5000   45.0000 9549.8008   13.9164
    0.0000   37.5000   45.0000 9951.2666   13.8863
    7.5000   37.5000   45.0000 9512.1230   13.8699
   -7.5000   45.0000   45.0000 8714.4678   13.7441
    0.0000   45.0000   45.0000 9085.2461   13.7127
    7.5000   45.0000   45.0000 8687.5664   13.6957

---------------------------------------------------------------------
imgreg_4dfp /opt/freesurfer/average/711-2C_as_mni_average_305 /opt/freesurfer/average/711-2B_as_mni_average_305_mask talsrcimg_g11 none talsrcimg_to_711-2C_as_mni_average_305_t4 4355
---------------------------------------------------------------------

freesurfer imgreg_4dfp.c
/opt/freesurfer/average/711-2C_as_mni_average_305.4dfp.img
       256       256       256         1
  1.000000  1.000000  1.000000
orientation T byte_order littleendian
Reading image: /opt/freesurfer/average/711-2C_as_mni_average_305.4dfp.img
dimensions:      256       256       256
mmppix:       1.0000   -1.0000   -1.0000
center:     128.0000 -129.0000 -129.0000
/opt/freesurfer/average/711-2B_as_mni_average_305_mask.4dfp.img
       256       256       256         1
  1.000000  1.000000  1.000000
orientation T byte_order littleendian
Reading mask: /opt/freesurfer/average/711-2B_as_mni_average_305_mask.4dfp.img (2306576 pixels)
talsrcimg_g11.4dfp.img
       256       256       256         1
  1.000000  1.000000  1.000000
orientation T byte_order littleendian
Reading image: talsrcimg_g11.4dfp.img
dimensions:      256       256       256
mmppix:       1.0000   -1.0000   -1.0000
center:     128.0000 -129.0000 -129.0000
rotation matrix determinant  1.000000
image alignment mode   4355 decimal     1103 hex
   -7.5000  -45.0000  -45.0000 2185.1086   14.5996
    0.0000  -45.0000  -45.0000 2188.8721   14.5572
    7.5000  -45.0000  -45.0000 2163.9988   14.6827
   -7.5000  -37.5000  -45.0000 2252.7246   13.6378
    0.0000  -37.5000  -45.0000 2257.9812   13.5977
    7.5000  -37.5000  -45.0000 2234.8953   13.7091
   -7.5000  -30.0000  -45.0000 2303.5144   12.8822
    0.0000  -30.0000  -45.0000 2308.0464   12.8226
    7.5000  -30.0000  -45.0000 2286.0579   12.9495
   -7.5000  -22.5000  -45.0000 2339.5852   12.3303
    0.0000  -22.5000  -45.0000 2345.7180   12.2730
    7.5000  -22.5000  -45.0000 2322.4827   12.3949
   -7.5000  -15.0000  -45.0000 2352.5979   11.9831
    0.0000  -15.0000  -45.0000 2362.2747   11.9111
    7.5000  -15.0000  -45.0000 2339.7234   12.0352
   -7.5000   -7.5000  -45.0000 2357.6697   11.8162
    0.0000   -7.5000  -45.0000 2368.2605   11.7525
    7.5000   -7.5000  -45.0000 2350.4175   11.8508
   -7.5000    0.0000  -45.0000 2353.1626   11.8056
    0.0000    0.0000  -45.0000 2366.1467   11.7493
    7.5000    0.0000  -45.0000 2347.4917   11.8706
   -7.5000    7.5000  -45.0000 2327.7927   12.0580
    0.0000    7.5000  -45.0000 2343.8882   11.9881
    7.5000    7.5000  -45.0000 2323.6672   12.1046
   -7.5000   15.0000  -45.0000 2282.4580   12.5667
    0.0000   15.0000  -45.0000 2301.1729   12.4955
    7.5000   15.0000  -45.0000 2281.5828   12.6159
   -7.5000   22.5000  -45.0000 2220.9167   13.3098
    0.0000   22.5000  -45.0000 2235.3809   13.2306
    7.5000   22.5000  -45.0000 2220.3677   13.3524
   -7.5000   30.0000  -45.0000 2138.6096   14.3203
    0.0000   30.0000  -45.0000 2152.4421   14.2162
    7.5000   30.0000  -45.0000 2137.5422   14.3643
   -7.5000   37.5000  -45.0000 2046.6791   15.6696
    0.0000   37.5000  -45.0000 2059.9963   15.5329
    7.5000   37.5000  -45.0000 2043.7461   15.7399
   -7.5000   45.0000  -45.0000 1938.3370   17.5457
    0.0000   45.0000  -45.0000 1954.2303   17.3746
    7.5000   45.0000  -45.0000 1943.4016   17.5644
   -7.5000  -45.0000  -37.5000 2276.8257   13.5219
    0.0000  -45.0000  -37.5000 2280.2134   13.4751
    7.5000  -45.0000  -37.5000 2256.7808   13.5983
   -7.5000  -37.5000  -37.5000 2347.3877   12.6178
    0.0000  -37.5000  -37.5000 2350.1960   12.5903
    7.5000  -37.5000  -37.5000 2330.9255   12.7001
   -7.5000  -30.0000  -37.5000 2399.4080   11.9175
    0.0000  -30.0000  -37.5000 2404.1741   11.8705
    7.5000  -30.0000  -37.5000 2379.8240   11.9753
   -7.5000  -22.5000  -37.5000 2434.2317   11.4258
    0.0000  -22.5000  -37.5000 2443.9512   11.3704
    7.5000  -22.5000  -37.5000 2414.9700   11.4599
   -7.5000  -15.0000  -37.5000 2451.9150   11.1135
    0.0000  -15.0000  -37.5000 2464.7036   11.0373
    7.5000  -15.0000  -37.5000 2439.7012   11.1418
   -7.5000   -7.5000  -37.5000 2454.2742   10.9829
    0.0000   -7.5000  -37.5000 2469.3545   10.9204
    7.5000   -7.5000  -37.5000 2448.7197   11.0041
   -7.5000    0.0000  -37.5000 2447.4268   10.9973
    0.0000    0.0000  -37.5000 2461.4961   10.9330
    7.5000    0.0000  -37.5000 2442.8701   11.0289
   -7.5000    7.5000  -37.5000 2418.4102   11.2078
    0.0000    7.5000  -37.5000 2438.3958   11.1341
    7.5000    7.5000  -37.5000 2419.3525   11.2334
   -7.5000   15.0000  -37.5000 2375.2642   11.6460
    0.0000   15.0000  -37.5000 2396.2793   11.5731
    7.5000   15.0000  -37.5000 2374.0796   11.6594
   -7.5000   22.5000  -37.5000 2310.9280   12.3082
    0.0000   22.5000  -37.5000 2330.5439   12.2356
    7.5000   22.5000  -37.5000 2310.8096   12.3292
   -7.5000   30.0000  -37.5000 2223.2883   13.2401
    0.0000   30.0000  -37.5000 2239.3477   13.1445
    7.5000   30.0000  -37.5000 2221.6382   13.2522
   -7.5000   37.5000  -37.5000 2123.4382   14.4921
    0.0000   37.5000  -37.5000 2138.5317   14.3727
    7.5000   37.5000  -37.5000 2121.3989   14.5017
   -7.5000   45.0000  -37.5000 2011.2968   16.1728
    0.0000   45.0000  -37.5000 2029.7316   16.0296
    7.5000   45.0000  -37.5000 2014.8878   16.1689
   -7.5000  -45.0000  -30.0000 2407.2329   12.9868
    0.0000  -45.0000  -30.0000 2412.2849   12.9610
    7.5000  -45.0000  -30.0000 2384.1555   13.0604
   -7.5000  -37.5000  -30.0000 2479.5334   12.1166
    0.0000  -37.5000  -30.0000 2485.4526   12.0731
    7.5000  -37.5000  -30.0000 2458.6240   12.1773
   -7.5000  -30.0000  -30.0000 2531.7202   11.4287
    0.0000  -30.0000  -30.0000 2539.2114   11.3749
    7.5000  -30.0000  -30.0000 2510.5828   11.4582
   -7.5000  -22.5000  -30.0000 2573.2930   10.9469
    0.0000  -22.5000  -30.0000 2582.6157   10.8685
    7.5000  -22.5000  -30.0000 2555.0898   10.9577
   -7.5000  -15.0000  -30.0000 2596.8521   10.6479
    0.0000  -15.0000  -30.0000 2608.9597   10.5707
    7.5000  -15.0000  -30.0000 2588.3630   10.6600
   -7.5000   -7.5000  -30.0000 2606.3711   10.5224
    0.0000   -7.5000  -30.0000 2623.3530   10.4624
    7.5000   -7.5000  -30.0000 2599.0552   10.5362
   -7.5000    0.0000  -30.0000 2597.6516   10.5711
    0.0000    0.0000  -30.0000 2614.2661   10.4879
    7.5000    0.0000  -30.0000 2592.7739   10.5768
   -7.5000    7.5000  -30.0000 2564.5454   10.7777
    0.0000    7.5000  -30.0000 2586.9548   10.7039
    7.5000    7.5000  -30.0000 2565.2485   10.7840
   -7.5000   15.0000  -30.0000 2516.4382   11.1667
    0.0000   15.0000  -30.0000 2540.5513   11.0914
    7.5000   15.0000  -30.0000 2517.3708   11.1729
   -7.5000   22.5000  -30.0000 2447.0972   11.7936
    0.0000   22.5000  -30.0000 2468.1499   11.7110
    7.5000   22.5000  -30.0000 2448.0139   11.7924
   -7.5000   30.0000  -30.0000 2352.9292   12.6591
    0.0000   30.0000  -30.0000 2370.4529   12.5733
    7.5000   30.0000  -30.0000 2351.9331   12.6696
   -7.5000   37.5000  -30.0000 2242.7810   13.8299
    0.0000   37.5000  -30.0000 2257.4385   13.7334
    7.5000   37.5000  -30.0000 2240.9988   13.8592
   -7.5000   45.0000  -30.0000 2119.3567   15.4359
    0.0000   45.0000  -30.0000 2137.2734   15.3167
    7.5000   45.0000  -30.0000 2122.8677   15.4443
   -7.5000  -45.0000  -22.5000 2498.3096   12.4393
    0.0000  -45.0000  -22.5000 2502.4658   12.3921
    7.5000  -45.0000  -22.5000 2473.3616   12.4987
   -7.5000  -37.5000  -22.5000 2575.4006   11.5615
    0.0000  -37.5000  -22.5000 2579.7407   11.5150
    7.5000  -37.5000  -22.5000 2550.1763   11.6106
   -7.5000  -30.0000  -22.5000 2635.9714   10.8631
    0.0000  -30.0000  -22.5000 2641.7996   10.8187
    7.5000  -30.0000  -22.5000 2611.1226   10.9081
   -7.5000  -22.5000  -22.5000 2681.2178   10.3841
    0.0000  -22.5000  -22.5000 2693.3684   10.3258
    7.5000  -22.5000  -22.5000 2666.1763   10.4162
   -7.5000  -15.0000  -22.5000 2707.7385   10.1092
    0.0000  -15.0000  -22.5000 2724.3296   10.0362
    7.5000  -15.0000  -22.5000 2701.9558   10.1263
   -7.5000   -7.5000  -22.5000 2727.2217    9.9958
    0.0000   -7.5000  -22.5000 2740.0962    9.9199
    7.5000   -7.5000  -22.5000 2718.0522    9.9939
   -7.5000    0.0000  -22.5000 2721.7861   10.0389
    0.0000    0.0000  -22.5000 2737.1724    9.9674
    7.5000    0.0000  -22.5000 2714.5828   10.0408
   -7.5000    7.5000  -22.5000 2690.2202   10.2519
    0.0000    7.5000  -22.5000 2712.7471   10.1705
    7.5000    7.5000  -22.5000 2687.4824   10.2515
   -7.5000   15.0000  -22.5000 2634.7441   10.6417
    0.0000   15.0000  -22.5000 2661.7173   10.5594
    7.5000   15.0000  -22.5000 2637.5906   10.6401
   -7.5000   22.5000  -22.5000 2559.1458   11.2307
    0.0000   22.5000  -22.5000 2582.8088   11.1326
    7.5000   22.5000  -22.5000 2563.0688   11.2363
   -7.5000   30.0000  -22.5000 2453.3911   12.0370
    0.0000   30.0000  -22.5000 2474.6091   11.9428
    7.5000   30.0000  -22.5000 2456.2903   12.0584
   -7.5000   37.5000  -22.5000 2332.8125   13.1395
    0.0000   37.5000  -22.5000 2351.1912   13.0570
    7.5000   37.5000  -22.5000 2334.8213   13.1820
   -7.5000   45.0000  -22.5000 2202.4653   14.6670
    0.0000   45.0000  -22.5000 2221.9958   14.5860
    7.5000   45.0000  -22.5000 2207.8865   14.7248
   -7.5000  -45.0000  -15.0000 2546.1917   11.9573
    0.0000  -45.0000  -15.0000 2552.3191   11.9035
    7.5000  -45.0000  -15.0000 2521.6604   12.0290
   -7.5000  -37.5000  -15.0000 2627.1636   11.0729
    0.0000  -37.5000  -15.0000 2632.1333   11.0037
    7.5000  -37.5000  -15.0000 2603.1001   11.1325
   -7.5000  -30.0000  -15.0000 2695.0383   10.3751
    0.0000  -30.0000  -15.0000 2704.1589   10.3201
    7.5000  -30.0000  -15.0000 2675.8694   10.4333
   -7.5000  -22.5000  -15.0000 2754.0366    9.8785
    0.0000  -22.5000  -15.0000 2768.9482    9.8289
    7.5000  -22.5000  -15.0000 2741.3840    9.9408
   -7.5000  -15.0000  -15.0000 2790.1638    9.5823
    0.0000  -15.0000  -15.0000 2808.3423    9.5295
    7.5000  -15.0000  -15.0000 2782.1111    9.6422
   -7.5000   -7.5000  -15.0000 2814.1033    9.4541
    0.0000   -7.5000  -15.0000 2830.1055    9.3857
    7.5000   -7.5000  -15.0000 2805.0779    9.4772
   -7.5000    0.0000  -15.0000 2814.2139    9.5034
    0.0000    0.0000  -15.0000 2833.1238    9.4293
    7.5000    0.0000  -15.0000 2808.9639    9.5216
   -7.5000    7.5000  -15.0000 2787.2822    9.7252
    0.0000    7.5000  -15.0000 2813.1414    9.6407
    7.5000    7.5000  -15.0000 2784.5974    9.7261
   -7.5000   15.0000  -15.0000 2728.2122   10.1123
    0.0000   15.0000  -15.0000 2754.8960   10.0320
    7.5000   15.0000  -15.0000 2731.0637   10.1138
   -7.5000   22.5000  -15.0000 2640.9937   10.6821
    0.0000   22.5000  -15.0000 2665.7561   10.5893
    7.5000   22.5000  -15.0000 2644.1006   10.6982
   -7.5000   30.0000  -15.0000 2531.1951   11.4672
    0.0000   30.0000  -15.0000 2549.8286   11.3836
    7.5000   30.0000  -15.0000 2528.3621   11.4942
   -7.5000   37.5000  -15.0000 2398.5271   12.5454
    0.0000   37.5000  -15.0000 2419.0613   12.4510
    7.5000   37.5000  -15.0000 2401.4644   12.5870
   -7.5000   45.0000  -15.0000 2259.8936   14.0072
    0.0000   45.0000  -15.0000 2281.1501   13.9252
    7.5000   45.0000  -15.0000 2266.3396   14.0565
   -7.5000  -45.0000   -7.5000 2571.7051   11.5627
    0.0000  -45.0000   -7.5000 2577.9663   11.4982
    7.5000  -45.0000   -7.5000 2549.8413   11.6606
   -7.5000  -37.5000   -7.5000 2659.6724   10.6713
    0.0000  -37.5000   -7.5000 2665.4988   10.5955
    7.5000  -37.5000   -7.5000 2637.7180   10.7556
   -7.5000  -30.0000   -7.5000 2732.7502    9.9680
    0.0000  -30.0000   -7.5000 2742.6033    9.9070
    7.5000  -30.0000   -7.5000 2718.1921   10.0484
   -7.5000  -22.5000   -7.5000 2800.5874    9.4716
    0.0000  -22.5000   -7.5000 2818.1694    9.4139
    7.5000  -22.5000   -7.5000 2791.8694    9.5434
   -7.5000  -15.0000   -7.5000 2851.5435    9.1519
    0.0000  -15.0000   -7.5000 2875.3022    9.0868
    7.5000  -15.0000   -7.5000 2841.4001    9.2312
   -7.5000   -7.5000   -7.5000 2881.4238    8.9961
    0.0000   -7.5000   -7.5000 2911.4541    8.9150
    7.5000   -7.5000   -7.5000 2877.7954    9.0624
   -7.5000    0.0000   -7.5000 2890.9934    9.0302
    0.0000    0.0000   -7.5000 2916.8762    8.9406
    7.5000    0.0000   -7.5000 2887.3284    9.0736
   -7.5000    7.5000   -7.5000 2862.4905    9.2490
    0.0000    7.5000   -7.5000 2892.5452    9.1593
    7.5000    7.5000   -7.5000 2862.9668    9.2750
   -7.5000   15.0000   -7.5000 2796.0764    9.6346
    0.0000   15.0000   -7.5000 2827.4092    9.5406
    7.5000   15.0000   -7.5000 2803.5259    9.6538
   -7.5000   22.5000   -7.5000 2697.5671   10.1993
    0.0000   22.5000   -7.5000 2725.4353   10.1008
    7.5000   22.5000   -7.5000 2704.1108   10.2362
   -7.5000   30.0000   -7.5000 2575.0940   10.9771
    0.0000   30.0000   -7.5000 2599.9688   10.8879
    7.5000   30.0000   -7.5000 2576.1729   11.0291
   -7.5000   37.5000   -7.5000 2438.9102   12.0578
    0.0000   37.5000   -7.5000 2463.7251   11.9760
    7.5000   37.5000   -7.5000 2442.0159   12.1270
   -7.5000   45.0000   -7.5000 2295.2146   13.4770
    0.0000   45.0000   -7.5000 2313.6768   13.3928
    7.5000   45.0000   -7.5000 2300.3164   13.5289
   -7.5000  -45.0000    0.0000 2585.8450   11.3255
    0.0000  -45.0000    0.0000 2590.1055   11.2448
    7.5000  -45.0000    0.0000 2567.1477   11.4498
   -7.5000  -37.5000    0.0000 2672.5657   10.4177
    0.0000  -37.5000    0.0000 2681.4893   10.3129
    7.5000  -37.5000    0.0000 2653.8135   10.4975
   -7.5000  -30.0000    0.0000 2747.4556    9.6997
    0.0000  -30.0000    0.0000 2761.5769    9.5989
    7.5000  -30.0000    0.0000 2736.3540    9.7708
   -7.5000  -22.5000    0.0000 2823.0068    9.1980
    0.0000  -22.5000    0.0000 2845.5623    9.1081
    7.5000  -22.5000    0.0000 2816.7161    9.2539
   -7.5000  -15.0000    0.0000 2891.9211    8.8883
    0.0000  -15.0000    0.0000 2924.9353    8.8064
    7.5000  -15.0000    0.0000 2883.8074    8.9514
   -7.5000   -7.5000    0.0000 2937.4561    8.7254
    0.0000   -7.5000    0.0000 2979.3801    8.6270
    7.5000   -7.5000    0.0000 2936.7610    8.7910
   -7.5000    0.0000    0.0000 2952.3613    8.7326
    0.0000    0.0000    0.0000 2990.2300    8.6042
    7.5000    0.0000    0.0000 2947.3003    8.7938
   -7.5000    7.5000    0.0000 2916.6335    8.9371
    0.0000    7.5000    0.0000 2951.0955    8.8317
    7.5000    7.5000    0.0000 2917.4543    8.9870
   -7.5000   15.0000    0.0000 2839.4414    9.3079
    0.0000   15.0000    0.0000 2873.8987    9.2043
    7.5000   15.0000    0.0000 2846.4258    9.3485
   -7.5000   22.5000    0.0000 2735.8877    9.8705
    0.0000   22.5000    0.0000 2766.3811    9.7683
    7.5000   22.5000    0.0000 2744.1367    9.9094
   -7.5000   30.0000    0.0000 2601.9417   10.6843
    0.0000   30.0000    0.0000 2628.2146   10.5896
    7.5000   30.0000    0.0000 2606.7510   10.7301
   -7.5000   37.5000    0.0000 2460.1230   11.7896
    0.0000   37.5000    0.0000 2485.3782   11.7002
    7.5000   37.5000    0.0000 2466.8638   11.8356
   -7.5000   45.0000    0.0000 2313.2185   13.1992
    0.0000   45.0000    0.0000 2332.9126   13.1146
    7.5000   45.0000    0.0000 2321.3069   13.2286
   -7.5000  -45.0000    7.5000 2584.6006   11.2470
    0.0000  -45.0000    7.5000 2591.7659   11.1716
    7.5000  -45.0000    7.5000 2569.7742   11.3905
   -7.5000  -37.5000    7.5000 2670.9739   10.2946
    0.0000  -37.5000    7.5000 2681.5718   10.1971
    7.5000  -37.5000    7.5000 2657.7441   10.4093
   -7.5000  -30.0000    7.5000 2747.8403    9.5626
    0.0000  -30.0000    7.5000 2766.4731    9.4500
    7.5000  -30.0000    7.5000 2742.9155    9.6493
   -7.5000  -22.5000    7.5000 2829.3013    9.0453
    0.0000  -22.5000    7.5000 2854.5042    8.9215
    7.5000  -22.5000    7.5000 2824.4800    9.1151
   -7.5000  -15.0000    7.5000 2909.8359    8.7484
    0.0000  -15.0000    7.5000 2943.2820    8.6439
    7.5000  -15.0000    7.5000 2904.7588    8.8006
   -7.5000   -7.5000    7.5000 2966.7935    8.6350
    0.0000   -7.5000    7.5000 3014.3269    8.5153
    7.5000   -7.5000    7.5000 2963.7939    8.6646
   -7.5000    0.0000    7.5000 2985.7886    8.6515
    0.0000    0.0000    7.5000 3029.1318    8.5224
    7.5000    0.0000    7.5000 2981.3391    8.6812
   -7.5000    7.5000    7.5000 2948.6814    8.8265
    0.0000    7.5000    7.5000 2988.7908    8.7108
    7.5000    7.5000    7.5000 2949.5403    8.8544
   -7.5000   15.0000    7.5000 2860.8579    9.1776
    0.0000   15.0000    7.5000 2897.5867    9.0783
    7.5000   15.0000    7.5000 2869.8081    9.2230
   -7.5000   22.5000    7.5000 2748.4106    9.7264
    0.0000   22.5000    7.5000 2775.9202    9.6444
    7.5000   22.5000    7.5000 2759.0081    9.7837
   -7.5000   30.0000    7.5000 2612.3750   10.5626
    0.0000   30.0000    7.5000 2635.8062   10.4752
    7.5000   30.0000    7.5000 2620.5439   10.6105
   -7.5000   37.5000    7.5000 2465.0598   11.6692
    0.0000   37.5000    7.5000 2490.9546   11.5826
    7.5000   37.5000    7.5000 2473.6956   11.7118
   -7.5000   45.0000    7.5000 2315.0940   13.0568
    0.0000   45.0000    7.5000 2337.1943   12.9789
    7.5000   45.0000    7.5000 2325.8110   13.1060
   -7.5000  -45.0000   15.0000 2573.0247   11.2707
    0.0000  -45.0000   15.0000 2582.6670   11.1966
    7.5000  -45.0000   15.0000 2559.9795   11.4374
   -7.5000  -37.5000   15.0000 2657.0896   10.3249
    0.0000  -37.5000   15.0000 2668.3274   10.2230
    7.5000  -37.5000   15.0000 2651.5996   10.4491
   -7.5000  -30.0000   15.0000 2733.3374    9.5944
    0.0000  -30.0000   15.0000 2753.4194    9.4764
    7.5000  -30.0000   15.0000 2737.6362    9.6933
   -7.5000  -22.5000   15.0000 2816.2034    9.0867
    0.0000  -22.5000   15.0000 2839.8928    8.9588
    7.5000  -22.5000   15.0000 2816.9761    9.1563
   -7.5000  -15.0000   15.0000 2895.5359    8.7896
    0.0000  -15.0000   15.0000 2927.8525    8.6721
    7.5000  -15.0000   15.0000 2895.1108    8.8445
   -7.5000   -7.5000   15.0000 2957.2207    8.6635
    0.0000   -7.5000   15.0000 2998.2444    8.5285
    7.5000   -7.5000   15.0000 2955.0881    8.6965
   -7.5000    0.0000   15.0000 2976.8308    8.6984
    0.0000    0.0000   15.0000 3014.7214    8.5620
    7.5000    0.0000   15.0000 2972.1223    8.7184
   -7.5000    7.5000   15.0000 2940.8584    8.8912
    0.0000    7.5000   15.0000 2977.6230    8.7978
    7.5000    7.5000   15.0000 2936.8513    8.9219
   -7.5000   15.0000   15.0000 2848.5220    9.2581
    0.0000   15.0000   15.0000 2883.9438    9.1880
    7.5000   15.0000   15.0000 2856.7295    9.3053
   -7.5000   22.5000   15.0000 2732.5740    9.7976
    0.0000   22.5000   15.0000 2755.5750    9.7299
    7.5000   22.5000   15.0000 2739.4441    9.8617
   -7.5000   30.0000   15.0000 2597.4890   10.6116
    0.0000   30.0000   15.0000 2619.6909   10.5211
    7.5000   30.0000   15.0000 2607.8132   10.6514
   -7.5000   37.5000   15.0000 2452.2852   11.6892
    0.0000   37.5000   15.0000 2474.7512   11.6052
    7.5000   37.5000   15.0000 2464.2627   11.7249
   -7.5000   45.0000   15.0000 2302.8467   13.0320
    0.0000   45.0000   15.0000 2323.0327   12.9575
    7.5000   45.0000   15.0000 2314.2283   13.0901
   -7.5000  -45.0000   22.5000 2555.0032   11.4407
    0.0000  -45.0000   22.5000 2563.4370   11.3478
    7.5000  -45.0000   22.5000 2540.5869   11.5987
   -7.5000  -37.5000   22.5000 2634.7334   10.4876
    0.0000  -37.5000   22.5000 2648.3367   10.3813
    7.5000  -37.5000   22.5000 2629.1562   10.6162
   -7.5000  -30.0000   22.5000 2709.5571    9.7722
    0.0000  -30.0000   22.5000 2733.1914    9.6438
    7.5000  -30.0000   22.5000 2715.2185    9.8689
   -7.5000  -22.5000   22.5000 2787.5771    9.2877
    0.0000  -22.5000   22.5000 2814.2520    9.1433
    7.5000  -22.5000   22.5000 2793.2427    9.3565
   -7.5000  -15.0000   22.5000 2860.7070    9.0082
    0.0000  -15.0000   22.5000 2890.6755    8.8728
    7.5000  -15.0000   22.5000 2868.6201    9.0561
   -7.5000   -7.5000   22.5000 2914.5735    8.8893
    0.0000   -7.5000   22.5000 2945.0884    8.7472
    7.5000   -7.5000   22.5000 2917.9675    8.9079
   -7.5000    0.0000   22.5000 2926.9912    8.9159
    0.0000    0.0000   22.5000 2959.3494    8.7962
    7.5000    0.0000   22.5000 2928.7839    8.9401
   -7.5000    7.5000   22.5000 2892.7808    9.1202
    0.0000    7.5000   22.5000 2925.9382    9.0178
    7.5000    7.5000   22.5000 2893.3545    9.1524
   -7.5000   15.0000   22.5000 2810.8037    9.5146
    0.0000   15.0000   22.5000 2841.5708    9.4245
    7.5000   15.0000   22.5000 2816.1270    9.5486
   -7.5000   22.5000   22.5000 2695.9539   10.0636
    0.0000   22.5000   22.5000 2715.8037    9.9775
    7.5000   22.5000   22.5000 2700.2146   10.1144
   -7.5000   30.0000   22.5000 2562.7297   10.8368
    0.0000   30.0000   22.5000 2584.6072   10.7408
    7.5000   30.0000   22.5000 2572.9431   10.8650
   -7.5000   37.5000   22.5000 2424.4895   11.8557
    0.0000   37.5000   22.5000 2447.0029   11.7715
    7.5000   37.5000   22.5000 2434.6443   11.8848
   -7.5000   45.0000   22.5000 2277.6736   13.1780
    0.0000   45.0000   22.5000 2297.4409   13.0957
    7.5000   45.0000   22.5000 2287.2258   13.2194
   -7.5000  -45.0000   30.0000 2521.7224   11.7422
    0.0000  -45.0000   30.0000 2533.2844   11.6357
    7.5000  -45.0000   30.0000 2510.0276   11.9110
   -7.5000  -37.5000   30.0000 2605.9163   10.7881
    0.0000  -37.5000   30.0000 2624.5198   10.6743
    7.5000  -37.5000   30.0000 2599.9680   10.9196
   -7.5000  -30.0000   30.0000 2676.4209   10.0836
    0.0000  -30.0000   30.0000 2700.4788    9.9512
    7.5000  -30.0000   30.0000 2681.1147   10.1955
   -7.5000  -22.5000   30.0000 2747.6599    9.6328
    0.0000  -22.5000   30.0000 2773.3301    9.4953
    7.5000  -22.5000   30.0000 2755.2083    9.7039
   -7.5000  -15.0000   30.0000 2813.8896    9.3765
    0.0000  -15.0000   30.0000 2840.0652    9.2424
    7.5000  -15.0000   30.0000 2822.5154    9.4236
   -7.5000   -7.5000   30.0000 2851.3569    9.2694
    0.0000   -7.5000   30.0000 2882.3164    9.1413
    7.5000   -7.5000   30.0000 2861.8584    9.2945
   -7.5000    0.0000   30.0000 2847.2122    9.3220
    0.0000    0.0000   30.0000 2876.4316    9.2084
    7.5000    0.0000   30.0000 2858.2148    9.3529
   -7.5000    7.5000   30.0000 2811.0112    9.5423
    0.0000    7.5000   30.0000 2840.3530    9.4291
    7.5000    7.5000   30.0000 2822.2002    9.5570
   -7.5000   15.0000   30.0000 2742.6765    9.9194
    0.0000   15.0000   30.0000 2766.8137    9.8242
    7.5000   15.0000   30.0000 2747.2732    9.9405
   -7.5000   22.5000   30.0000 2638.0227   10.4704
    0.0000   22.5000   30.0000 2655.9019   10.3814
    7.5000   22.5000   30.0000 2641.9861   10.5019
   -7.5000   30.0000   30.0000 2514.0728   11.2254
    0.0000   30.0000   30.0000 2534.8489   11.1374
    7.5000   30.0000   30.0000 2522.4370   11.2444
   -7.5000   37.5000   30.0000 2379.5525   12.1947
    0.0000   37.5000   30.0000 2404.9390   12.0994
    7.5000   37.5000   30.0000 2391.3191   12.2258
   -7.5000   45.0000   30.0000 2236.7539   13.4764
    0.0000   45.0000   30.0000 2256.6694   13.3810
    7.5000   45.0000   30.0000 2247.4995   13.4847
   -7.5000  -45.0000   37.5000 2480.8291   12.1984
    0.0000  -45.0000   37.5000 2494.9238   12.0708
    7.5000  -45.0000   37.5000 2471.7661   12.3400
   -7.5000  -37.5000   37.5000 2569.2021   11.2264
    0.0000  -37.5000   37.5000 2591.2122   11.1024
    7.5000  -37.5000   37.5000 2564.0286   11.3512
   -7.5000  -30.0000   37.5000 2639.5149   10.5479
    0.0000  -30.0000   37.5000 2666.6897   10.4199
    7.5000  -30.0000   37.5000 2642.1963   10.6356
   -7.5000  -22.5000   37.5000 2703.2305   10.1192
    0.0000  -22.5000   37.5000 2730.2629    9.9818
    7.5000  -22.5000   37.5000 2709.3931   10.1757
   -7.5000  -15.0000   37.5000 2753.9136    9.8663
    0.0000  -15.0000   37.5000 2778.8000    9.7506
    7.5000  -15.0000   37.5000 2760.4165    9.9121
   -7.5000   -7.5000   37.5000 2776.5415    9.7720
    0.0000   -7.5000   37.5000 2803.1545    9.6672
    7.5000   -7.5000   37.5000 2784.1882    9.8072
   -7.5000    0.0000   37.5000 2760.2681    9.8506
    0.0000    0.0000   37.5000 2787.1360    9.7426
    7.5000    0.0000   37.5000 2772.6533    9.8815
   -7.5000    7.5000   37.5000 2718.4424   10.0778
    0.0000    7.5000   37.5000 2744.3433    9.9684
    7.5000    7.5000   37.5000 2733.3416   10.0993
   -7.5000   15.0000   37.5000 2654.9336   10.4571
    0.0000   15.0000   37.5000 2679.1050   10.3595
    7.5000   15.0000   37.5000 2661.7932   10.4854
   -7.5000   22.5000   37.5000 2563.0466   11.0068
    0.0000   22.5000   37.5000 2581.3872   10.9100
    7.5000   22.5000   37.5000 2568.2810   11.0364
   -7.5000   30.0000   37.5000 2451.8499   11.7441
    0.0000   30.0000   37.5000 2468.1016   11.6543
    7.5000   30.0000   37.5000 2461.0205   11.7508
   -7.5000   37.5000   37.5000 2327.3013   12.6796
    0.0000   37.5000   37.5000 2348.7000   12.5928
    7.5000   37.5000   37.5000 2336.9255   12.7003
   -7.5000   45.0000   37.5000 2187.5366   13.9362
    0.0000   45.0000   37.5000 2206.4648   13.8452
    7.5000   45.0000   37.5000 2195.4333   13.9481
   -7.5000  -45.0000   45.0000 2438.5764   12.8105
    0.0000  -45.0000   45.0000 2453.5051   12.6872
    7.5000  -45.0000   45.0000 2430.7471   12.9427
   -7.5000  -37.5000   45.0000 2521.2759   11.8180
    0.0000  -37.5000   45.0000 2545.1357   11.7109
    7.5000  -37.5000   45.0000 2516.3958   11.9432
   -7.5000  -30.0000   45.0000 2586.5244   11.1477
    0.0000  -30.0000   45.0000 2614.2112   11.0362
    7.5000  -30.0000   45.0000 2585.5635   11.2311
   -7.5000  -22.5000   45.0000 2640.0405   10.7232
    0.0000  -22.5000   45.0000 2666.3955   10.5950
    7.5000  -22.5000   45.0000 2642.9099   10.7670
   -7.5000  -15.0000   45.0000 2679.5188   10.4917
    0.0000  -15.0000   45.0000 2703.5898   10.3864
    7.5000  -15.0000   45.0000 2681.9231   10.5227
   -7.5000   -7.5000   45.0000 2691.9556   10.4353
    0.0000   -7.5000   45.0000 2715.2012   10.3390
    7.5000   -7.5000   45.0000 2698.0400   10.4611
   -7.5000    0.0000   45.0000 2667.1123   10.5197
    0.0000    0.0000   45.0000 2692.0857   10.4219
    7.5000    0.0000   45.0000 2679.9436   10.5466
   -7.5000    7.5000   45.0000 2623.4805   10.7573
    0.0000    7.5000   45.0000 2643.5669   10.6511
    7.5000    7.5000   45.0000 2637.2822   10.7833
   -7.5000   15.0000   45.0000 2563.9380   11.1263
    0.0000   15.0000   45.0000 2585.7559   11.0246
    7.5000   15.0000   45.0000 2574.2180   11.1407
   -7.5000   22.5000   45.0000 2481.4609   11.6527
    0.0000   22.5000   45.0000 2503.6304   11.5540
    7.5000   22.5000   45.0000 2489.3835   11.6573
   -7.5000   30.0000   45.0000 2384.1455   12.3551
    0.0000   30.0000   45.0000 2395.9795   12.2577
    7.5000   30.0000   45.0000 2385.9797   12.3631
   -7.5000   37.5000   45.0000 2265.0562   13.2851
    0.0000   37.5000   45.0000 2279.9663   13.2002
    7.5000   37.5000   45.0000 2273.8113   13.2960
   -7.5000   45.0000   45.0000 2129.6877   14.5939
    0.0000   45.0000   45.0000 2148.2498   14.4739
    7.5000   45.0000   45.0000 2142.0022   14.5774

---------------------------------------------------------------------
imgreg_4dfp /opt/freesurfer/average/711-2C_as_mni_average_305 /opt/freesurfer/average/711-2B_as_mni_average_305_mask talsrcimg_g11 none talsrcimg_to_711-2C_as_mni_average_305_t4 1283
---------------------------------------------------------------------

freesurfer imgreg_4dfp.c
/opt/freesurfer/average/711-2C_as_mni_average_305.4dfp.img
       256       256       256         1
  1.000000  1.000000  1.000000
orientation T byte_order littleendian
Reading image: /opt/freesurfer/average/711-2C_as_mni_average_305.4dfp.img
dimensions:      256       256       256
mmppix:       1.0000   -1.0000   -1.0000
center:     128.0000 -129.0000 -129.0000
/opt/freesurfer/average/711-2B_as_mni_average_305_mask.4dfp.img
       256       256       256         1
  1.000000  1.000000  1.000000
orientation T byte_order littleendian
Reading mask: /opt/freesurfer/average/711-2B_as_mni_average_305_mask.4dfp.img (2306576 pixels)
talsrcimg_g11.4dfp.img
       256       256       256         1
  1.000000  1.000000  1.000000
orientation T byte_order littleendian
Reading image: talsrcimg_g11.4dfp.img
dimensions:      256       256       256
mmppix:       1.0000   -1.0000   -1.0000
center:     128.0000 -129.0000 -129.0000
rotation matrix determinant  1.000000
fimgreg.f
image alignment mode   1283 decimal      503 hex
parameters
    0.0000    0.0000    7.5000    0.0000    0.0000    0.0000
eta,q 0.95132  8.52160
niter,ni,del,rscale     5    3   12.0000    1.2000
parameter  4  1.350972 ->  0.500000 qaram    1.1500
parameter  6  1.141871 ->  0.500000 qaram    1.1500
parameters
   -0.2044   -1.0338    8.5423   -3.4500   -2.3028   -3.4500
eta,q 0.95953  8.46491
  0.0591  0.0533  0.0563  0.0429  0.0450  0.0403
  0.0534  0.0503  0.0518  0.0437  0.0434  0.0403
  0.0492  0.0479  0.0487  0.0449  0.0432  0.0413
  0.0473  0.0473  0.0473  0.0473  0.0439  0.0431
  0.0490  0.0498  0.0477  0.0505  0.0455  0.0454
  0.0543  0.0542  0.0492  0.0538  0.0478  0.0479
  0.0611  0.0594  0.0514  0.0573  0.0508  0.0506
niter,ni,del,rscale     6    3   12.0000    1.2000
parameter  4  0.587607 ->  0.500000 qaram    1.3225
parameters
    0.0297   -0.5459    8.2251   -7.4175   -1.7498   -5.8791
eta,q 0.96218  8.45384
  0.0556  0.0518  0.0470  0.0396  0.0460  0.0406
  0.0482  0.0464  0.0429  0.0392  0.0428  0.0386
  0.0427  0.0428  0.0406  0.0394  0.0407  0.0378
  0.0405  0.0404  0.0402  0.0401  0.0393  0.0390
  0.0421  0.0405  0.0416  0.0429  0.0390  0.0408
  0.0468  0.0435  0.0445  0.0473  0.0410  0.0434
  0.0533  0.0493  0.0480  0.0513  0.0443  0.0464
niter,ni,del,rscale     6    3   12.0000    1.2000
parameters
   -0.2145    0.7395    7.5998   -8.9066   -1.3078   -5.9126
eta,q 0.96332  8.45157
  0.0523  0.0507  0.0447  0.0417  0.0446  0.0418
  0.0445  0.0446  0.0399  0.0389  0.0409  0.0391
  0.0394  0.0402  0.0373  0.0370  0.0381  0.0375
  0.0378  0.0378  0.0375  0.0371  0.0368  0.0367
  0.0404  0.0376  0.0400  0.0390  0.0371  0.0373
  0.0467  0.0395  0.0433  0.0422  0.0393  0.0392
  0.0543  0.0430  0.0468  0.0473  0.0428  0.0420
niter,ni,del,rscale     5    3   12.0000    1.2000
parameters
   -0.3624    1.3382    7.4417   -9.3843   -1.1074   -5.8784
eta,q 0.96343  8.45169
  0.0519  0.0478  0.0461  0.0431  0.0440  0.0415
  0.0437  0.0419  0.0404  0.0398  0.0403  0.0389
  0.0384  0.0379  0.0370  0.0373  0.0377  0.0373
  0.0367  0.0367  0.0367  0.0366  0.0366  0.0366
  0.0387  0.0372  0.0390  0.0378  0.0372  0.0369
  0.0450  0.0394  0.0422  0.0406  0.0396  0.0387
  0.0534  0.0440  0.0458  0.0452  0.0432  0.0416
niter,ni,del,rscale     4    3   12.0000    1.2000
parameters
   -0.4213    1.5194    7.3831   -9.5164   -1.0363   -5.8661
eta,q 0.96346  8.45107
  0.0523  0.0464  0.0464  0.0437  0.0437  0.0414
  0.0439  0.0407  0.0405  0.0401  0.0401  0.0389
  0.0385  0.0374  0.0370  0.0375  0.0375  0.0373
  0.0366  0.0366  0.0366  0.0365  0.0365  0.0365
  0.0383  0.0372  0.0387  0.0375  0.0372  0.0368
  0.0445  0.0400  0.0419  0.0402  0.0398  0.0387
  0.0530  0.0451  0.0455  0.0445  0.0435  0.0416
niter,ni,del,rscale     3    3   12.0000    1.2000
parameters
   -0.4425    1.5673    7.3627   -9.5500   -1.0140   -5.8647
eta,q 0.96347  8.45083
  0.0526  0.0459  0.0465  0.0439  0.0436  0.0413
  0.0441  0.0403  0.0406  0.0403  0.0400  0.0388
  0.0385  0.0372  0.0370  0.0375  0.0375  0.0373
  0.0365  0.0365  0.0365  0.0365  0.0365  0.0365
  0.0382  0.0373  0.0386  0.0375  0.0373  0.0368
  0.0444  0.0402  0.0418  0.0400  0.0399  0.0387
  0.0529  0.0455  0.0454  0.0443  0.0436  0.0416
registration optimization eta report
parameter search radius
    6.0000    6.0000    6.0000    7.9350    6.0000    6.9000
100000*second partial in parameter space
       45.       26.       26.       12.       20.       10.
  0.0526  0.0459  0.0465  0.0439  0.0436  0.0413
  0.0441  0.0403  0.0406  0.0403  0.0400  0.0388
  0.0385  0.0372  0.0370  0.0375  0.0375  0.0373
  0.0365  0.0365  0.0365  0.0365  0.0365  0.0365
  0.0382  0.0373  0.0386  0.0375  0.0373  0.0368
  0.0444  0.0402  0.0418  0.0400  0.0399  0.0387
  0.0529  0.0455  0.0454  0.0443  0.0436  0.0416
   -0.4425    1.5673    7.3627   -9.5500   -1.0140   -5.8647
eta,q 0.96347  8.45083

---------------------------------------------------------------------
imgreg_4dfp /opt/freesurfer/average/711-2C_as_mni_average_305 /opt/freesurfer/average/711-2B_as_mni_average_305_mask talsrcimg_g11 none talsrcimg_to_711-2C_as_mni_average_305_t4 3335
---------------------------------------------------------------------

freesurfer imgreg_4dfp.c
/opt/freesurfer/average/711-2C_as_mni_average_305.4dfp.img
       256       256       256         1
  1.000000  1.000000  1.000000
orientation T byte_order littleendian
Reading image: /opt/freesurfer/average/711-2C_as_mni_average_305.4dfp.img
dimensions:      256       256       256
mmppix:       1.0000   -1.0000   -1.0000
center:     128.0000 -129.0000 -129.0000
/opt/freesurfer/average/711-2B_as_mni_average_305_mask.4dfp.img
       256       256       256         1
  1.000000  1.000000  1.000000
orientation T byte_order littleendian
Reading mask: /opt/freesurfer/average/711-2B_as_mni_average_305_mask.4dfp.img (2306576 pixels)
talsrcimg_g11.4dfp.img
       256       256       256         1
  1.000000  1.000000  1.000000
orientation T byte_order littleendian
Reading image: talsrcimg_g11.4dfp.img
dimensions:      256       256       256
mmppix:       1.0000   -1.0000   -1.0000
center:     128.0000 -129.0000 -129.0000
fimgreg.f
image alignment mode   3335 decimal      D07 hex
parameters
   -0.4425    1.5673    7.3627   -0.5390   -1.8720   -1.4013
    9.7842    3.4312  -10.2163   16.3257   -1.7696  -16.5882
eta,q 0.96465  8.49377
niter,ni,del,rscale     5    3    5.0000    1.2000
parameter  4  0.851299 ->  0.500000 qaram    1.1500
parameter  5  1.864931 ->  0.500000 qaram    1.1500
parameters
   -0.3192    1.6976    7.7116   -4.6790   -6.0120   -3.9065
   10.1877    4.0215   -7.3342   13.6040   -3.2112  -19.4672
eta,q 0.97129  8.06145
  0.0387  0.0373  0.0374  0.0329  0.0281  0.0306  0.0322  0.0339  0.0329  0.0300  0.0295  0.0290
  0.0370  0.0363  0.0363  0.0328  0.0293  0.0300  0.0309  0.0318  0.0315  0.0292  0.0291  0.0288
  0.0358  0.0356  0.0357  0.0335  0.0308  0.0297  0.0301  0.0304  0.0304  0.0289  0.0289  0.0287
  0.0354  0.0353  0.0353  0.0353  0.0329  0.0297  0.0297  0.0297  0.0296  0.0293  0.0289  0.0289
  0.0356  0.0355  0.0354  0.0380  0.0353  0.0307  0.0298  0.0298  0.0293  0.0304  0.0291  0.0292
  0.0365  0.0360  0.0358  0.0415  0.0382  0.0329  0.0305  0.0309  0.0295  0.0320  0.0296  0.0298
  0.0381  0.0369  0.0364  0.0453  0.0413  0.0359  0.0317  0.0329  0.0300  0.0340  0.0302  0.0304
niter,ni,del,rscale     6    3    5.0000    1.2000
parameter  5  1.349178 ->  0.500000 qaram    1.3225
parameters
   -0.2490    2.3186    7.9309   -7.0531  -10.7730   -4.0410
    9.6798    3.9809   -6.7863   14.1611   -3.7235  -20.5322
eta,q 0.97389  7.79416
  0.0318  0.0318  0.0299  0.0301  0.0250  0.0279  0.0280  0.0294  0.0283  0.0293  0.0269  0.0269
  0.0302  0.0303  0.0293  0.0292  0.0259  0.0270  0.0270  0.0277  0.0272  0.0277  0.0264  0.0264
  0.0291  0.0293  0.0288  0.0286  0.0271  0.0264  0.0264  0.0265  0.0265  0.0266  0.0262  0.0261
  0.0287  0.0287  0.0286  0.0286  0.0286  0.0262  0.0262  0.0262  0.0262  0.0262  0.0261  0.0261
  0.0290  0.0286  0.0286  0.0296  0.0305  0.0262  0.0265  0.0265  0.0263  0.0263  0.0263  0.0264
  0.0299  0.0289  0.0289  0.0318  0.0331  0.0267  0.0273  0.0277  0.0268  0.0271  0.0266  0.0268
  0.0315  0.0297  0.0296  0.0351  0.0362  0.0284  0.0287  0.0295  0.0278  0.0285  0.0271  0.0275
niter,ni,del,rscale     6    3    5.0000    1.2000
parameter  5  0.628063 ->  0.500000 qaram    1.5209
parameters
   -0.0796    2.6503    8.2373   -6.9859  -16.2481   -3.2171
    9.1908    4.2656   -6.9190   14.8543   -3.6117  -21.1770
eta,q 0.97541  7.62851
  0.0291  0.0286  0.0275  0.0287  0.0253  0.0269  0.0267  0.0281  0.0266  0.0279  0.0255  0.0255
  0.0276  0.0273  0.0268  0.0275  0.0247  0.0259  0.0255  0.0263  0.0255  0.0262  0.0250  0.0250
  0.0265  0.0265  0.0263  0.0267  0.0249  0.0251  0.0248  0.0251  0.0248  0.0251  0.0247  0.0247
  0.0261  0.0261  0.0261  0.0260  0.0260  0.0247  0.0246  0.0246  0.0246  0.0246  0.0246  0.0246
  0.0263  0.0262  0.0261  0.0260  0.0276  0.0246  0.0250  0.0249  0.0249  0.0248  0.0247  0.0248
  0.0270  0.0266  0.0264  0.0270  0.0296  0.0249  0.0260  0.0259  0.0256  0.0256  0.0250  0.0252
  0.0284  0.0275  0.0270  0.0291  0.0324  0.0263  0.0272  0.0276  0.0267  0.0268  0.0254  0.0259
niter,ni,del,rscale     6    3    5.0000    1.2000
parameters
   -0.1465    2.9542    8.2906   -6.4731  -17.0413   -3.2242
    9.2126    4.3008   -6.9790   15.3340   -3.5071  -21.3787
eta,q 0.97553  7.62095
  0.0271  0.0274  0.0258  0.0274  0.0278  0.0264  0.0268  0.0278  0.0264  0.0275  0.0254  0.0255
  0.0257  0.0259  0.0251  0.0262  0.0262  0.0255  0.0256  0.0260  0.0253  0.0259  0.0249  0.0249
  0.0248  0.0250  0.0247  0.0253  0.0249  0.0248  0.0247  0.0248  0.0247  0.0248  0.0246  0.0246
  0.0246  0.0246  0.0246  0.0246  0.0245  0.0245  0.0245  0.0245  0.0245  0.0245  0.0245  0.0245
  0.0250  0.0247  0.0247  0.0244  0.0253  0.0244  0.0248  0.0248  0.0248  0.0247  0.0246  0.0246
  0.0259  0.0253  0.0251  0.0253  0.0269  0.0250  0.0256  0.0259  0.0254  0.0255  0.0249  0.0250
  0.0274  0.0262  0.0257  0.0273  0.0290  0.0268  0.0268  0.0278  0.0265  0.0267  0.0253  0.0256
niter,ni,del,rscale     5    3    5.0000    1.2000
parameters
   -0.1525    3.0848    8.1920   -6.4621  -17.2628   -3.3274
    9.2236    4.3243   -7.0085   15.5771   -3.5091  -21.5632
eta,q 0.97552  7.61262
  0.0272  0.0269  0.0256  0.0271  0.0281  0.0264  0.0268  0.0278  0.0264  0.0273  0.0254  0.0255
  0.0257  0.0255  0.0249  0.0260  0.0265  0.0254  0.0256  0.0260  0.0253  0.0257  0.0249  0.0249
  0.0248  0.0248  0.0246  0.0252  0.0251  0.0248  0.0248  0.0248  0.0247  0.0248  0.0246  0.0246
  0.0245  0.0245  0.0245  0.0245  0.0245  0.0245  0.0245  0.0245  0.0245  0.0245  0.0245  0.0245
  0.0248  0.0247  0.0246  0.0244  0.0250  0.0244  0.0248  0.0248  0.0247  0.0248  0.0246  0.0246
  0.0257  0.0253  0.0251  0.0255  0.0265  0.0251  0.0256  0.0259  0.0254  0.0256  0.0249  0.0250
  0.0272  0.0263  0.0258  0.0277  0.0285  0.0269  0.0268  0.0278  0.0264  0.0268  0.0253  0.0256
niter,ni,del,rscale     4    3    5.0000    1.2000
parameters
   -0.1458    3.1616    8.1401   -6.4842  -17.3607   -3.3843
    9.2212    4.3534   -7.0211   15.7383   -3.5361  -21.6504
eta,q 0.97550  7.60820
  0.0272  0.0267  0.0256  0.0271  0.0281  0.0264  0.0268  0.0278  0.0264  0.0272  0.0254  0.0255
  0.0257  0.0255  0.0250  0.0260  0.0265  0.0255  0.0256  0.0260  0.0253  0.0257  0.0249  0.0250
  0.0248  0.0247  0.0246  0.0252  0.0251  0.0248  0.0248  0.0249  0.0247  0.0248  0.0246  0.0246
  0.0245  0.0245  0.0245  0.0245  0.0245  0.0245  0.0245  0.0245  0.0245  0.0245  0.0245  0.0245
  0.0248  0.0247  0.0246  0.0245  0.0250  0.0245  0.0248  0.0248  0.0248  0.0248  0.0246  0.0246
  0.0257  0.0254  0.0250  0.0255  0.0265  0.0251  0.0256  0.0259  0.0254  0.0256  0.0249  0.0250
  0.0271  0.0264  0.0257  0.0277  0.0284  0.0269  0.0268  0.0278  0.0264  0.0269  0.0253  0.0256
niter,ni,del,rscale     3    3    5.0000    1.2000
parameters
   -0.1385    3.2097    8.1090   -6.4994  -17.4333   -3.4325
    9.2138    4.3752   -7.0205   15.8349   -3.5562  -21.6925
eta,q 0.97549  7.60430
  0.0272  0.0267  0.0256  0.0271  0.0281  0.0264  0.0268  0.0278  0.0264  0.0271  0.0254  0.0255
  0.0257  0.0254  0.0250  0.0260  0.0265  0.0255  0.0256  0.0260  0.0254  0.0256  0.0249  0.0250
  0.0248  0.0247  0.0246  0.0252  0.0252  0.0248  0.0248  0.0249  0.0247  0.0247  0.0246  0.0247
  0.0245  0.0245  0.0245  0.0245  0.0245  0.0245  0.0245  0.0245  0.0245  0.0245  0.0245  0.0245
  0.0248  0.0247  0.0246  0.0245  0.0250  0.0245  0.0248  0.0248  0.0248  0.0248  0.0246  0.0246
  0.0257  0.0254  0.0250  0.0255  0.0264  0.0251  0.0256  0.0259  0.0254  0.0256  0.0249  0.0250
  0.0271  0.0264  0.0257  0.0277  0.0284  0.0269  0.0268  0.0278  0.0264  0.0269  0.0253  0.0256
niter,ni,del,rscale     2    3    5.0000    1.2000
parameters
   -0.1326    3.2407    8.0905   -6.5097  -17.4743   -3.4572
    9.2066    4.3883   -7.0227   15.8957   -3.5839  -21.7294
eta,q 0.97548  7.60227
  0.0272  0.0266  0.0256  0.0271  0.0281  0.0264  0.0268  0.0277  0.0264  0.0271  0.0254  0.0255
  0.0257  0.0254  0.0250  0.0260  0.0265  0.0255  0.0256  0.0260  0.0254  0.0256  0.0249  0.0250
  0.0248  0.0247  0.0246  0.0252  0.0252  0.0248  0.0248  0.0249  0.0247  0.0247  0.0246  0.0247
  0.0245  0.0245  0.0245  0.0245  0.0245  0.0245  0.0245  0.0245  0.0245  0.0245  0.0245  0.0245
  0.0248  0.0248  0.0246  0.0245  0.0250  0.0245  0.0248  0.0248  0.0248  0.0249  0.0246  0.0246
  0.0257  0.0254  0.0250  0.0255  0.0264  0.0251  0.0256  0.0259  0.0254  0.0256  0.0249  0.0250
  0.0271  0.0265  0.0257  0.0277  0.0283  0.0269  0.0268  0.0278  0.0264  0.0269  0.0254  0.0256
niter,ni,del,rscale     1    3    5.0000    1.2000
parameters
   -0.1288    3.2613    8.0755   -6.5194  -17.4998   -3.4790
    9.2009    4.3970   -7.0154   15.9408   -3.5928  -21.7618
eta,q 0.97548  7.60077
  0.0272  0.0266  0.0256  0.0271  0.0281  0.0264  0.0268  0.0277  0.0264  0.0271  0.0254  0.0255
  0.0257  0.0254  0.0250  0.0260  0.0266  0.0255  0.0256  0.0260  0.0254  0.0256  0.0249  0.0250
  0.0248  0.0247  0.0246  0.0252  0.0252  0.0248  0.0248  0.0249  0.0247  0.0248  0.0246  0.0247
  0.0245  0.0245  0.0245  0.0245  0.0245  0.0245  0.0245  0.0245  0.0245  0.0245  0.0245  0.0245
  0.0248  0.0248  0.0246  0.0245  0.0250  0.0245  0.0248  0.0249  0.0248  0.0249  0.0246  0.0246
  0.0257  0.0254  0.0250  0.0255  0.0264  0.0251  0.0256  0.0259  0.0254  0.0257  0.0249  0.0250
  0.0271  0.0265  0.0257  0.0277  0.0283  0.0269  0.0268  0.0278  0.0264  0.0269  0.0253  0.0256
registration optimization eta report
parameter search radius
    2.4000    2.4000    2.4000    8.2800   10.9503    7.2000
    7.2000    7.2000    7.2000    7.2000    7.2000    7.2000
100000*second partial in parameter space
       46.       35.       20.        4.        3.        4.
        4.        6.        4.        5.        2.        2.
  0.0272  0.0266  0.0256  0.0271  0.0281  0.0264  0.0268  0.0277  0.0264  0.0271  0.0254  0.0255
  0.0257  0.0254  0.0250  0.0260  0.0266  0.0255  0.0256  0.0260  0.0254  0.0256  0.0249  0.0250
  0.0248  0.0247  0.0246  0.0252  0.0252  0.0248  0.0248  0.0249  0.0247  0.0248  0.0246  0.0247
  0.0245  0.0245  0.0245  0.0245  0.0245  0.0245  0.0245  0.0245  0.0245  0.0245  0.0245  0.0245
  0.0248  0.0248  0.0246  0.0245  0.0250  0.0245  0.0248  0.0249  0.0248  0.0249  0.0246  0.0246
  0.0257  0.0254  0.0250  0.0255  0.0264  0.0251  0.0256  0.0259  0.0254  0.0257  0.0249  0.0250
  0.0271  0.0265  0.0257  0.0277  0.0283  0.0269  0.0268  0.0278  0.0264  0.0269  0.0253  0.0256
   -0.1288    3.2613    8.0755   -6.5194  -17.4998   -3.4790
    9.2009    4.3970   -7.0154   15.9408   -3.5928  -21.7618
eta,q 0.97548  7.60077

---------------------------------------------------------------------
imgreg_4dfp /opt/freesurfer/average/711-2C_as_mni_average_305 /opt/freesurfer/average/711-2B_as_mni_average_305_mask talsrcimg_g11 none talsrcimg_to_711-2C_as_mni_average_305_t4 2311
---------------------------------------------------------------------

freesurfer imgreg_4dfp.c
/opt/freesurfer/average/711-2C_as_mni_average_305.4dfp.img
       256       256       256         1
  1.000000  1.000000  1.000000
orientation T byte_order littleendian
Reading image: /opt/freesurfer/average/711-2C_as_mni_average_305.4dfp.img
dimensions:      256       256       256
mmppix:       1.0000   -1.0000   -1.0000
center:     128.0000 -129.0000 -129.0000
/opt/freesurfer/average/711-2B_as_mni_average_305_mask.4dfp.img
       256       256       256         1
  1.000000  1.000000  1.000000
orientation T byte_order littleendian
Reading mask: /opt/freesurfer/average/711-2B_as_mni_average_305_mask.4dfp.img (2306576 pixels)
talsrcimg_g11.4dfp.img
       256       256       256         1
  1.000000  1.000000  1.000000
orientation T byte_order littleendian
Reading image: talsrcimg_g11.4dfp.img
dimensions:      256       256       256
mmppix:       1.0000   -1.0000   -1.0000
center:     128.0000 -129.0000 -129.0000
fimgreg.f
image alignment mode   2311 decimal      907 hex
parameters
   -0.1288    3.2613    8.0755   -6.5194  -17.4998   -3.4790
    9.2009    4.3970   -7.0154   15.9407   -3.5928  -21.7618
eta,q 0.97548  7.60076
niter,ni,del,rscale     5    3    5.0000    0.8000
parameters
   -0.1331    3.2373    8.0793   -5.4479  -17.3264   -2.7510
    9.1039    4.4931   -7.1156   15.7617   -3.4651  -21.6498
eta,q 0.97564  7.66913
  0.0257  0.0254  0.0250  0.0258  0.0254  0.0254  0.0255  0.0261  0.0253  0.0254  0.0248  0.0249
  0.0251  0.0249  0.0248  0.0253  0.0249  0.0249  0.0249  0.0251  0.0247  0.0248  0.0246  0.0246
  0.0247  0.0246  0.0246  0.0249  0.0245  0.0246  0.0245  0.0246  0.0244  0.0244  0.0244  0.0244
  0.0245  0.0245  0.0245  0.0245  0.0244  0.0244  0.0244  0.0244  0.0244  0.0244  0.0244  0.0244
  0.0247  0.0246  0.0246  0.0244  0.0245  0.0243  0.0245  0.0245  0.0245  0.0245  0.0244  0.0244
  0.0251  0.0250  0.0247  0.0246  0.0248  0.0245  0.0249  0.0250  0.0248  0.0250  0.0245  0.0246
  0.0257  0.0254  0.0250  0.0251  0.0253  0.0250  0.0256  0.0259  0.0253  0.0256  0.0248  0.0248
niter,ni,del,rscale     4    3    5.0000    0.7000
parameters
   -0.1622    3.0538    8.0837   -5.3168  -17.1715   -2.6326
    9.1622    4.4704   -7.1409   15.4743   -3.4000  -21.4838
eta,q 0.97569  7.68089
  0.0253  0.0249  0.0248  0.0253  0.0252  0.0250  0.0253  0.0256  0.0250  0.0251  0.0247  0.0247
  0.0248  0.0245  0.0245  0.0249  0.0247  0.0246  0.0248  0.0249  0.0246  0.0246  0.0245  0.0245
  0.0245  0.0244  0.0244  0.0245  0.0245  0.0244  0.0244  0.0245  0.0244  0.0244  0.0243  0.0244
  0.0244  0.0244  0.0243  0.0243  0.0243  0.0243  0.0243  0.0243  0.0243  0.0243  0.0243  0.0243
  0.0245  0.0245  0.0244  0.0244  0.0244  0.0243  0.0244  0.0245  0.0244  0.0245  0.0244  0.0243
  0.0248  0.0248  0.0245  0.0247  0.0247  0.0245  0.0247  0.0249  0.0247  0.0248  0.0245  0.0245
  0.0254  0.0253  0.0247  0.0253  0.0251  0.0250  0.0252  0.0256  0.0251  0.0253  0.0246  0.0247
niter,ni,del,rscale     3    3    5.0000    0.6000
parameters
   -0.1839    2.9661    8.1214   -5.1876  -17.0798   -2.4221
    9.1835    4.4425   -7.1439   15.2934   -3.3463  -21.3585
eta,q 0.97572  7.69403
  0.0250  0.0248  0.0246  0.0251  0.0249  0.0248  0.0250  0.0252  0.0248  0.0249  0.0246  0.0246
  0.0246  0.0245  0.0245  0.0247  0.0246  0.0245  0.0246  0.0247  0.0245  0.0245  0.0244  0.0244
  0.0244  0.0243  0.0243  0.0245  0.0244  0.0244  0.0244  0.0244  0.0243  0.0243  0.0243  0.0243
  0.0243  0.0243  0.0243  0.0243  0.0243  0.0243  0.0243  0.0243  0.0243  0.0243  0.0243  0.0243
  0.0244  0.0244  0.0243  0.0243  0.0244  0.0243  0.0244  0.0244  0.0244  0.0244  0.0243  0.0243
  0.0247  0.0246  0.0244  0.0246  0.0246  0.0244  0.0246  0.0247  0.0245  0.0247  0.0244  0.0244
  0.0251  0.0249  0.0246  0.0251  0.0249  0.0247  0.0250  0.0253  0.0248  0.0250  0.0245  0.0246
niter,ni,del,rscale     2    3    5.0000    0.5000
parameters
   -0.1984    2.8976    8.1435   -5.0843  -17.0305   -2.2712
    9.1967    4.4283   -7.1467   15.1606   -3.3097  -21.2695
eta,q 0.97573  7.70320
  0.0248  0.0246  0.0245  0.0249  0.0247  0.0246  0.0248  0.0250  0.0247  0.0247  0.0245  0.0245
  0.0245  0.0244  0.0244  0.0246  0.0245  0.0244  0.0245  0.0246  0.0244  0.0245  0.0244  0.0244
  0.0243  0.0243  0.0243  0.0244  0.0243  0.0243  0.0243  0.0243  0.0243  0.0243  0.0243  0.0243
  0.0243  0.0243  0.0243  0.0243  0.0243  0.0243  0.0243  0.0243  0.0243  0.0243  0.0243  0.0243
  0.0243  0.0243  0.0243  0.0243  0.0243  0.0243  0.0243  0.0244  0.0243  0.0243  0.0243  0.0243
  0.0245  0.0245  0.0244  0.0245  0.0245  0.0243  0.0245  0.0246  0.0244  0.0245  0.0244  0.0244
  0.0248  0.0247  0.0245  0.0248  0.0247  0.0246  0.0247  0.0250  0.0247  0.0248  0.0245  0.0245
niter,ni,del,rscale     1    3    5.0000    0.4000
parameters
   -0.2086    2.8537    8.1586   -5.0108  -17.0106   -2.1051
    9.2008    4.4139   -7.1573   15.0718   -3.2898  -21.2266
eta,q 0.97574  7.71134
  0.0246  0.0245  0.0244  0.0247  0.0246  0.0245  0.0246  0.0247  0.0245  0.0246  0.0244  0.0244
  0.0244  0.0244  0.0243  0.0245  0.0244  0.0244  0.0244  0.0245  0.0244  0.0244  0.0243  0.0243
  0.0243  0.0243  0.0243  0.0243  0.0243  0.0243  0.0243  0.0243  0.0243  0.0243  0.0243  0.0243
  0.0243  0.0243  0.0243  0.0243  0.0243  0.0243  0.0243  0.0243  0.0243  0.0243  0.0243  0.0243
  0.0243  0.0243  0.0243  0.0243  0.0243  0.0243  0.0243  0.0243  0.0243  0.0243  0.0243  0.0243
  0.0244  0.0244  0.0243  0.0244  0.0244  0.0243  0.0244  0.0245  0.0244  0.0244  0.0243  0.0243
  0.0246  0.0245  0.0244  0.0246  0.0245  0.0244  0.0246  0.0247  0.0245  0.0246  0.0244  0.0244
registration optimization eta report
parameter search radius
    0.8000    0.8000    0.8000    2.4000    2.4000    2.4000
    2.4000    2.4000    2.4000    2.4000    2.4000    2.4000
100000*second partial in parameter space
       55.       39.       23.        7.        5.        3.
        5.        8.        4.        5.        2.        2.
  0.0246  0.0245  0.0244  0.0247  0.0246  0.0245  0.0246  0.0247  0.0245  0.0246  0.0244  0.0244
  0.0244  0.0244  0.0243  0.0245  0.0244  0.0244  0.0244  0.0245  0.0244  0.0244  0.0243  0.0243
  0.0243  0.0243  0.0243  0.0243  0.0243  0.0243  0.0243  0.0243  0.0243  0.0243  0.0243  0.0243
  0.0243  0.0243  0.0243  0.0243  0.0243  0.0243  0.0243  0.0243  0.0243  0.0243  0.0243  0.0243
  0.0243  0.0243  0.0243  0.0243  0.0243  0.0243  0.0243  0.0243  0.0243  0.0243  0.0243  0.0243
  0.0244  0.0244  0.0243  0.0244  0.0244  0.0243  0.0244  0.0245  0.0244  0.0244  0.0243  0.0243
  0.0246  0.0245  0.0244  0.0246  0.0245  0.0244  0.0246  0.0247  0.0245  0.0246  0.0244  0.0244
   -0.2086    2.8537    8.1586   -5.0108  -17.0106   -2.1051
    9.2008    4.4139   -7.1573   15.0718   -3.2898  -21.2266
eta,q 0.97574  7.71134

---------------------------------------------------------------------
imgreg_4dfp /opt/freesurfer/average/711-2C_as_mni_average_305 /opt/freesurfer/average/711-2B_as_mni_average_305_mask talsrcimg_g11 none talsrcimg_to_711-2C_as_mni_average_305_t4 2311
---------------------------------------------------------------------

freesurfer imgreg_4dfp.c
/opt/freesurfer/average/711-2C_as_mni_average_305.4dfp.img
       256       256       256         1
  1.000000  1.000000  1.000000
orientation T byte_order littleendian
Reading image: /opt/freesurfer/average/711-2C_as_mni_average_305.4dfp.img
dimensions:      256       256       256
mmppix:       1.0000   -1.0000   -1.0000
center:     128.0000 -129.0000 -129.0000
/opt/freesurfer/average/711-2B_as_mni_average_305_mask.4dfp.img
       256       256       256         1
  1.000000  1.000000  1.000000
orientation T byte_order littleendian
Reading mask: /opt/freesurfer/average/711-2B_as_mni_average_305_mask.4dfp.img (2306576 pixels)
talsrcimg_g11.4dfp.img
       256       256       256         1
  1.000000  1.000000  1.000000
orientation T byte_order littleendian
Reading image: talsrcimg_g11.4dfp.img
dimensions:      256       256       256
mmppix:       1.0000   -1.0000   -1.0000
center:     128.0000 -129.0000 -129.0000
fimgreg.f
image alignment mode   2311 decimal      907 hex
parameters
   -0.2086    2.8537    8.1586   -5.0108  -17.0106   -2.1051
    9.2008    4.4139   -7.1573   15.0718   -3.2898  -21.2266
eta,q 0.97574  7.71134
niter,ni,del,rscale     5    3    5.0000    0.8000
parameters
   -0.2130    2.8507    8.1999   -5.3837  -16.9927   -2.6667
    9.2506    4.3563   -7.1178   15.1582   -3.2991  -21.2660
eta,q 0.97570  7.68000
  0.0256  0.0253  0.0249  0.0254  0.0253  0.0250  0.0255  0.0259  0.0253  0.0256  0.0248  0.0248
  0.0249  0.0247  0.0245  0.0249  0.0248  0.0246  0.0249  0.0250  0.0247  0.0249  0.0245  0.0245
  0.0244  0.0244  0.0243  0.0244  0.0244  0.0244  0.0244  0.0245  0.0244  0.0244  0.0243  0.0244
  0.0243  0.0243  0.0243  0.0243  0.0243  0.0243  0.0243  0.0243  0.0243  0.0243  0.0243  0.0243
  0.0244  0.0244  0.0243  0.0244  0.0244  0.0243  0.0244  0.0245  0.0244  0.0244  0.0244  0.0244
  0.0249  0.0247  0.0245  0.0250  0.0248  0.0247  0.0248  0.0251  0.0247  0.0248  0.0245  0.0245
  0.0257  0.0253  0.0248  0.0259  0.0253  0.0257  0.0255  0.0260  0.0252  0.0255  0.0248  0.0248
niter,ni,del,rscale     4    3    5.0000    0.7000
parameters
   -0.2051    2.9017    8.1785   -5.2951  -16.9959   -2.5188
    9.2133    4.3787   -7.1280   15.1928   -3.3228  -21.2951
eta,q 0.97571  7.68863
  0.0253  0.0251  0.0247  0.0253  0.0251  0.0250  0.0252  0.0256  0.0250  0.0253  0.0246  0.0247
  0.0248  0.0247  0.0245  0.0249  0.0247  0.0246  0.0247  0.0249  0.0246  0.0247  0.0244  0.0245
  0.0244  0.0244  0.0243  0.0245  0.0244  0.0244  0.0244  0.0244  0.0244  0.0244  0.0243  0.0243
  0.0243  0.0243  0.0243  0.0243  0.0243  0.0243  0.0243  0.0243  0.0243  0.0243  0.0243  0.0243
  0.0244  0.0244  0.0243  0.0243  0.0244  0.0243  0.0244  0.0244  0.0244  0.0244  0.0243  0.0243
  0.0248  0.0246  0.0245  0.0247  0.0247  0.0244  0.0247  0.0248  0.0246  0.0247  0.0245  0.0245
  0.0253  0.0250  0.0247  0.0253  0.0251  0.0250  0.0252  0.0256  0.0250  0.0252  0.0247  0.0247
niter,ni,del,rscale     3    3    5.0000    0.6000
parameters
   -0.2027    2.8903    8.1686   -5.1776  -17.0072   -2.3873
    9.1996    4.4003   -7.1419   15.1604   -3.2996  -21.2750
eta,q 0.97572  7.69664
  0.0251  0.0249  0.0246  0.0251  0.0249  0.0248  0.0250  0.0253  0.0248  0.0250  0.0246  0.0246
  0.0246  0.0245  0.0244  0.0247  0.0246  0.0245  0.0246  0.0247  0.0245  0.0246  0.0244  0.0244
  0.0244  0.0243  0.0243  0.0244  0.0244  0.0244  0.0244  0.0244  0.0243  0.0243  0.0243  0.0243
  0.0243  0.0243  0.0243  0.0243  0.0243  0.0243  0.0243  0.0243  0.0243  0.0243  0.0243  0.0243
  0.0244  0.0244  0.0243  0.0243  0.0244  0.0243  0.0244  0.0244  0.0243  0.0244  0.0243  0.0243
  0.0246  0.0246  0.0244  0.0246  0.0246  0.0244  0.0246  0.0247  0.0245  0.0246  0.0244  0.0244
  0.0251  0.0249  0.0246  0.0250  0.0249  0.0248  0.0250  0.0252  0.0248  0.0250  0.0245  0.0246
niter,ni,del,rscale     2    3    5.0000    0.5000
parameters
   -0.2091    2.8672    8.1676   -5.0804  -17.0128   -2.2374
    9.2096    4.4016   -7.1483   15.1075   -3.2707  -21.2304
eta,q 0.97573  7.70446
  0.0248  0.0247  0.0245  0.0249  0.0247  0.0246  0.0248  0.0250  0.0247  0.0247  0.0245  0.0245
  0.0245  0.0244  0.0244  0.0246  0.0245  0.0244  0.0245  0.0246  0.0244  0.0245  0.0244  0.0244
  0.0243  0.0243  0.0243  0.0244  0.0243  0.0243  0.0243  0.0243  0.0243  0.0243  0.0243  0.0243
  0.0243  0.0243  0.0243  0.0243  0.0243  0.0243  0.0243  0.0243  0.0243  0.0243  0.0243  0.0243
  0.0243  0.0243  0.0243  0.0243  0.0243  0.0243  0.0243  0.0243  0.0243  0.0243  0.0243  0.0243
  0.0245  0.0245  0.0244  0.0245  0.0245  0.0243  0.0245  0.0246  0.0244  0.0245  0.0244  0.0244
  0.0248  0.0247  0.0245  0.0248  0.0247  0.0246  0.0247  0.0250  0.0247  0.0248  0.0245  0.0245
niter,ni,del,rscale     1    3    5.0000    0.4000
parameters
   -0.2142    2.8439    8.1683   -5.0052  -16.9937   -2.1059
    9.2139    4.3990   -7.1460   15.0608   -3.2598  -21.2193
eta,q 0.97574  7.71197
  0.0246  0.0245  0.0244  0.0247  0.0246  0.0245  0.0246  0.0247  0.0245  0.0246  0.0244  0.0244
  0.0244  0.0244  0.0243  0.0245  0.0244  0.0244  0.0244  0.0245  0.0244  0.0244  0.0243  0.0243
  0.0243  0.0243  0.0243  0.0243  0.0243  0.0243  0.0243  0.0243  0.0243  0.0243  0.0243  0.0243
  0.0243  0.0243  0.0243  0.0243  0.0243  0.0243  0.0243  0.0243  0.0243  0.0243  0.0243  0.0243
  0.0243  0.0243  0.0243  0.0243  0.0243  0.0243  0.0243  0.0243  0.0243  0.0243  0.0243  0.0243
  0.0244  0.0244  0.0243  0.0244  0.0244  0.0243  0.0244  0.0245  0.0244  0.0244  0.0243  0.0243
  0.0246  0.0245  0.0244  0.0246  0.0245  0.0244  0.0246  0.0247  0.0245  0.0246  0.0244  0.0244
registration optimization eta report
parameter search radius
    0.8000    0.8000    0.8000    2.4000    2.4000    2.4000
    2.4000    2.4000    2.4000    2.4000    2.4000    2.4000
100000*second partial in parameter space
       55.       40.       23.        7.        5.        3.
        5.        8.        4.        5.        2.        2.
  0.0246  0.0245  0.0244  0.0247  0.0246  0.0245  0.0246  0.0247  0.0245  0.0246  0.0244  0.0244
  0.0244  0.0244  0.0243  0.0245  0.0244  0.0244  0.0244  0.0245  0.0244  0.0244  0.0243  0.0243
  0.0243  0.0243  0.0243  0.0243  0.0243  0.0243  0.0243  0.0243  0.0243  0.0243  0.0243  0.0243
  0.0243  0.0243  0.0243  0.0243  0.0243  0.0243  0.0243  0.0243  0.0243  0.0243  0.0243  0.0243
  0.0243  0.0243  0.0243  0.0243  0.0243  0.0243  0.0243  0.0243  0.0243  0.0243  0.0243  0.0243
  0.0244  0.0244  0.0243  0.0244  0.0244  0.0243  0.0244  0.0245  0.0244  0.0244  0.0243  0.0243
  0.0246  0.0245  0.0244  0.0246  0.0245  0.0244  0.0246  0.0247  0.0245  0.0246  0.0244  0.0244
   -0.2142    2.8439    8.1683   -5.0052  -16.9937   -2.1059
    9.2139    4.3990   -7.1460   15.0608   -3.2598  -21.2193
eta,q 0.97574  7.71197

---------------------------------------------------------------------
compute_vox2vox talsrcimg talsrcimg_to_711-2C_as_mni_average_305_t4 /opt/freesurfer/average/711-2C_as_mni_average_305
---------------------------------------------------------------------

freesurfer compute_vox2vox.c
Reading: talsrcimg.4dfp.ifh
Reading: talsrcimg_to_711-2C_as_mni_average_305_t4
Reading: /opt/freesurfer/average/711-2C_as_mni_average_305.4dfp.ifh
Writing: talsrcimg_to_711-2C_as_mni_average_305_t4_vox2vox.txt

start time Wed Mar 11 12:46:37 CET 2026
end		time Wed Mar 11 12:48:04 CET 2026

mpr2mni305 success

avi2talxfm orig_nu.mgz /opt/freesurfer/average/mni305.cor.mgz talsrcimg_to_711-2C_as_mni_average_305_t4_vox2vox.txt transforms/talairach.auto.xfm
avi2talxfm done
mv -f /out/sourcedata/freesurfer/sub-v2s17x50006_ses-1/mri/talsrcimg_to_711-2C_as_mni_average_305_t4_vox2vox.txt /out/sourcedata/freesurfer/sub-v2s17x50006_ses-1/mri/transforms/talsrcimg_to_711-2C_as_mni_average_305_t4_vox2vox.txt
lta_convert --src orig_nu.mgz --trg /opt/freesurfer/average/mni305.cor.mgz --inxfm transforms/talairach.auto.xfm --outlta transforms/talairach.auto.xfm.lta --subject fsaverage
7.3.2

--src: orig_nu.mgz src image (geometry).
--trg: /opt/freesurfer/average/mni305.cor.mgz trg image (geometry).
--inmni: transforms/talairach.auto.xfm input MNI/XFM transform.
--outlta: transforms/talairach.auto.xfm.lta output LTA.
--s: fsaverage subject name
 LTA read, type : 1
 1.04249  -0.02794  -0.12286  -2.38625;
 0.05212   0.98146   0.24511  -2.96194;
 0.08029  -0.18048   1.14968   30.04915;
 0.00000   0.00000   0.00000   1.00000;
setting subject to fsaverage
Writing  LTA to file transforms/talairach.auto.xfm.lta...
lta_convert successful.
 
 
Started at Wed Mar 11 12:46:36 CET 2026
Ended   at Wed Mar 11 12:48:04 CET 2026
talairach_avi done
